[5.048s] Invoking command in '/home/ubuntu/HumbleDave/ros2ws/build/ros2_gopigo3_node': CMAKE_PREFIX_PATH=/home/ubuntu/HumbleDave/ros2ws/install/ros2_gopigo3_msg:/home/ubuntu/HumbleDave/ros2ws/install/ydlidar_ros2_driver:/home/ubuntu/ros2ws/install/ydlidar_ros2_driver:/home/ubuntu/ros2ws/install/ros2_gopigo3_msg PYTHONPATH=/home/ubuntu/HumbleDave/ros2ws/build/ros2_gopigo3_node/prefix_override:/home/ubuntu/HumbleDave/ros2ws/install/ros2_gopigo3_node/lib/python3.10/site-packages:${PYTHONPATH} /usr/bin/python3 setup.py develop --editable --build-directory /home/ubuntu/HumbleDave/ros2ws/build/ros2_gopigo3_node/build --no-deps install_data
[6.366s] running develop
[7.068s] running egg_info
[7.069s] writing ros2_gopigo3_node.egg-info/PKG-INFO
[7.070s] writing dependency_links to ros2_gopigo3_node.egg-info/dependency_links.txt
[7.071s] writing entry points to ros2_gopigo3_node.egg-info/entry_points.txt
[7.071s] writing requirements to ros2_gopigo3_node.egg-info/requires.txt
[7.072s] writing top-level names to ros2_gopigo3_node.egg-info/top_level.txt
[7.080s] reading manifest file 'ros2_gopigo3_node.egg-info/SOURCES.txt'
[7.084s] writing manifest file 'ros2_gopigo3_node.egg-info/SOURCES.txt'
[7.091s] running build_ext
[7.092s] Creating /home/ubuntu/HumbleDave/ros2ws/install/ros2_gopigo3_node/lib/python3.10/site-packages/ros2-gopigo3-node.egg-link (link to .)
[7.095s] Installing distance_sensor script to /home/ubuntu/HumbleDave/ros2ws/install/ros2_gopigo3_node/lib/ros2_gopigo3_node
[7.096s] Installing distance_sensor_subscriber script to /home/ubuntu/HumbleDave/ros2ws/install/ros2_gopigo3_node/lib/ros2_gopigo3_node
[7.097s] Installing gopigo3_node script to /home/ubuntu/HumbleDave/ros2ws/install/ros2_gopigo3_node/lib/ros2_gopigo3_node
[7.098s] Installing imu_sensor script to /home/ubuntu/HumbleDave/ros2ws/install/ros2_gopigo3_node/lib/ros2_gopigo3_node
[7.099s] Installing odometer script to /home/ubuntu/HumbleDave/ros2ws/install/ros2_gopigo3_node/lib/ros2_gopigo3_node
[7.100s] Installing ultrasonic_ranger script to /home/ubuntu/HumbleDave/ros2ws/install/ros2_gopigo3_node/lib/ros2_gopigo3_node
[7.101s] 
[7.101s] Installed /home/ubuntu/HumbleDave/ros2ws/build/ros2_gopigo3_node
[7.102s] running install_data
[7.251s] Invoked command in '/home/ubuntu/HumbleDave/ros2ws/build/ros2_gopigo3_node' returned '0': CMAKE_PREFIX_PATH=/home/ubuntu/HumbleDave/ros2ws/install/ros2_gopigo3_msg:/home/ubuntu/HumbleDave/ros2ws/install/ydlidar_ros2_driver:/home/ubuntu/ros2ws/install/ydlidar_ros2_driver:/home/ubuntu/ros2ws/install/ros2_gopigo3_msg PYTHONPATH=/home/ubuntu/HumbleDave/ros2ws/build/ros2_gopigo3_node/prefix_override:/home/ubuntu/HumbleDave/ros2ws/install/ros2_gopigo3_node/lib/python3.10/site-packages:${PYTHONPATH} /usr/bin/python3 setup.py develop --editable --build-directory /home/ubuntu/HumbleDave/ros2ws/build/ros2_gopigo3_node/build --no-deps install_data
