[4.412s] DEBUG:colcon:Command line arguments: ['/usr/bin/colcon', 'build', '--allow-overriding', 'ros2_gopigo3_msg', '--symlink-install']
[4.413s] DEBUG:colcon:Parsed command line arguments: Namespace(log_base=None, log_level=None, verb_name='build', build_base='build', install_base='install', merge_install=False, symlink_install=True, test_result_base=None, continue_on_error=False, executor='parallel', parallel_workers=4, event_handlers=None, ignore_user_meta=False, metas=['./colcon.meta'], base_paths=['.'], packages_ignore=None, packages_ignore_regex=None, paths=None, packages_up_to=None, packages_up_to_regex=None, packages_above=None, packages_above_and_dependencies=None, packages_above_depth=None, packages_select_by_dep=None, packages_skip_by_dep=None, packages_skip_up_to=None, packages_select_build_failed=False, packages_skip_build_finished=False, packages_select_test_failures=False, packages_skip_test_passed=False, packages_select=None, packages_skip=None, packages_select_regex=None, packages_skip_regex=None, packages_start=None, packages_end=None, allow_overriding=['ros2_gopigo3_msg'], cmake_args=None, cmake_target=None, cmake_target_skip_unavailable=False, cmake_clean_cache=False, cmake_clean_first=False, cmake_force_configure=False, ament_cmake_args=None, catkin_cmake_args=None, catkin_skip_building_tests=False, verb_parser=<colcon_defaults.argument_parser.defaults.DefaultArgumentsDecorator object at 0xffffaf1e77c0>, verb_extension=<colcon_core.verb.build.BuildVerb object at 0xffffaf1e6050>, main=<bound method BuildVerb.main of <colcon_core.verb.build.BuildVerb object at 0xffffaf1e6050>>)
[4.621s] Level 1:colcon.colcon_core.package_discovery:discover_packages(colcon_meta) check parameters
[4.621s] Level 1:colcon.colcon_core.package_discovery:discover_packages(recursive) check parameters
[4.621s] Level 1:colcon.colcon_core.package_discovery:discover_packages(ignore) check parameters
[4.622s] Level 1:colcon.colcon_core.package_discovery:discover_packages(path) check parameters
[4.622s] Level 1:colcon.colcon_core.package_discovery:discover_packages(colcon_meta) discover
[4.622s] Level 1:colcon.colcon_core.package_discovery:discover_packages(recursive) discover
[4.622s] INFO:colcon.colcon_core.package_discovery:Crawling recursively for packages in '/home/ubuntu/HumbleDave/ros2ws'
[4.623s] Level 1:colcon.colcon_core.package_identification:_identify(.) by extensions ['ignore', 'ignore_ament_install']
[4.624s] Level 1:colcon.colcon_core.package_identification:_identify(.) by extension 'ignore'
[4.624s] Level 1:colcon.colcon_core.package_identification:_identify(.) by extension 'ignore_ament_install'
[4.624s] Level 1:colcon.colcon_core.package_identification:_identify(.) by extensions ['colcon_pkg']
[4.624s] Level 1:colcon.colcon_core.package_identification:_identify(.) by extension 'colcon_pkg'
[4.624s] Level 1:colcon.colcon_core.package_identification:_identify(.) by extensions ['colcon_meta']
[4.624s] Level 1:colcon.colcon_core.package_identification:_identify(.) by extension 'colcon_meta'
[4.625s] Level 1:colcon.colcon_core.package_identification:_identify(.) by extensions ['ros']
[4.625s] Level 1:colcon.colcon_core.package_identification:_identify(.) by extension 'ros'
[4.668s] Level 1:colcon.colcon_core.package_identification:_identify(.) by extensions ['cmake', 'python']
[4.669s] Level 1:colcon.colcon_core.package_identification:_identify(.) by extension 'cmake'
[4.669s] Level 1:colcon.colcon_core.package_identification:_identify(.) by extension 'python'
[4.669s] Level 1:colcon.colcon_core.package_identification:_identify(.) by extensions ['python_setup_py']
[4.669s] Level 1:colcon.colcon_core.package_identification:_identify(.) by extension 'python_setup_py'
[4.670s] Level 1:colcon.colcon_core.package_identification:_identify(build) by extensions ['ignore', 'ignore_ament_install']
[4.670s] Level 1:colcon.colcon_core.package_identification:_identify(build) by extension 'ignore'
[4.670s] Level 1:colcon.colcon_core.package_identification:_identify(build) ignored
[4.671s] Level 1:colcon.colcon_core.package_identification:_identify(install) by extensions ['ignore', 'ignore_ament_install']
[4.671s] Level 1:colcon.colcon_core.package_identification:_identify(install) by extension 'ignore'
[4.671s] Level 1:colcon.colcon_core.package_identification:_identify(install) ignored
[4.672s] Level 1:colcon.colcon_core.package_identification:_identify(log) by extensions ['ignore', 'ignore_ament_install']
[4.672s] Level 1:colcon.colcon_core.package_identification:_identify(log) by extension 'ignore'
[4.672s] Level 1:colcon.colcon_core.package_identification:_identify(log) ignored
[4.673s] Level 1:colcon.colcon_core.package_identification:_identify(roslogs) by extensions ['ignore', 'ignore_ament_install']
[4.674s] Level 1:colcon.colcon_core.package_identification:_identify(roslogs) by extension 'ignore'
[4.674s] Level 1:colcon.colcon_core.package_identification:_identify(roslogs) by extension 'ignore_ament_install'
[4.674s] Level 1:colcon.colcon_core.package_identification:_identify(roslogs) by extensions ['colcon_pkg']
[4.674s] Level 1:colcon.colcon_core.package_identification:_identify(roslogs) by extension 'colcon_pkg'
[4.674s] Level 1:colcon.colcon_core.package_identification:_identify(roslogs) by extensions ['colcon_meta']
[4.674s] Level 1:colcon.colcon_core.package_identification:_identify(roslogs) by extension 'colcon_meta'
[4.675s] Level 1:colcon.colcon_core.package_identification:_identify(roslogs) by extensions ['ros']
[4.675s] Level 1:colcon.colcon_core.package_identification:_identify(roslogs) by extension 'ros'
[4.675s] Level 1:colcon.colcon_core.package_identification:_identify(roslogs) by extensions ['cmake', 'python']
[4.675s] Level 1:colcon.colcon_core.package_identification:_identify(roslogs) by extension 'cmake'
[4.675s] Level 1:colcon.colcon_core.package_identification:_identify(roslogs) by extension 'python'
[4.675s] Level 1:colcon.colcon_core.package_identification:_identify(roslogs) by extensions ['python_setup_py']
[4.676s] Level 1:colcon.colcon_core.package_identification:_identify(roslogs) by extension 'python_setup_py'
[4.676s] Level 1:colcon.colcon_core.package_identification:_identify(roslogs/2023-11-09-11-48-41-312727-HumbleD-51949) by extensions ['ignore', 'ignore_ament_install']
[4.676s] Level 1:colcon.colcon_core.package_identification:_identify(roslogs/2023-11-09-11-48-41-312727-HumbleD-51949) by extension 'ignore'
[4.676s] Level 1:colcon.colcon_core.package_identification:_identify(roslogs/2023-11-09-11-48-41-312727-HumbleD-51949) by extension 'ignore_ament_install'
[4.677s] Level 1:colcon.colcon_core.package_identification:_identify(roslogs/2023-11-09-11-48-41-312727-HumbleD-51949) by extensions ['colcon_pkg']
[4.677s] Level 1:colcon.colcon_core.package_identification:_identify(roslogs/2023-11-09-11-48-41-312727-HumbleD-51949) by extension 'colcon_pkg'
[4.677s] Level 1:colcon.colcon_core.package_identification:_identify(roslogs/2023-11-09-11-48-41-312727-HumbleD-51949) by extensions ['colcon_meta']
[4.677s] Level 1:colcon.colcon_core.package_identification:_identify(roslogs/2023-11-09-11-48-41-312727-HumbleD-51949) by extension 'colcon_meta'
[4.677s] Level 1:colcon.colcon_core.package_identification:_identify(roslogs/2023-11-09-11-48-41-312727-HumbleD-51949) by extensions ['ros']
[4.677s] Level 1:colcon.colcon_core.package_identification:_identify(roslogs/2023-11-09-11-48-41-312727-HumbleD-51949) by extension 'ros'
[4.678s] Level 1:colcon.colcon_core.package_identification:_identify(roslogs/2023-11-09-11-48-41-312727-HumbleD-51949) by extensions ['cmake', 'python']
[4.678s] Level 1:colcon.colcon_core.package_identification:_identify(roslogs/2023-11-09-11-48-41-312727-HumbleD-51949) by extension 'cmake'
[4.678s] Level 1:colcon.colcon_core.package_identification:_identify(roslogs/2023-11-09-11-48-41-312727-HumbleD-51949) by extension 'python'
[4.678s] Level 1:colcon.colcon_core.package_identification:_identify(roslogs/2023-11-09-11-48-41-312727-HumbleD-51949) by extensions ['python_setup_py']
[4.678s] Level 1:colcon.colcon_core.package_identification:_identify(roslogs/2023-11-09-11-48-41-312727-HumbleD-51949) by extension 'python_setup_py'
[4.679s] Level 1:colcon.colcon_core.package_identification:_identify(roslogs/2023-11-09-11-51-54-921171-HumbleD-52365) by extensions ['ignore', 'ignore_ament_install']
[4.679s] Level 1:colcon.colcon_core.package_identification:_identify(roslogs/2023-11-09-11-51-54-921171-HumbleD-52365) by extension 'ignore'
[4.679s] Level 1:colcon.colcon_core.package_identification:_identify(roslogs/2023-11-09-11-51-54-921171-HumbleD-52365) by extension 'ignore_ament_install'
[4.679s] Level 1:colcon.colcon_core.package_identification:_identify(roslogs/2023-11-09-11-51-54-921171-HumbleD-52365) by extensions ['colcon_pkg']
[4.680s] Level 1:colcon.colcon_core.package_identification:_identify(roslogs/2023-11-09-11-51-54-921171-HumbleD-52365) by extension 'colcon_pkg'
[4.680s] Level 1:colcon.colcon_core.package_identification:_identify(roslogs/2023-11-09-11-51-54-921171-HumbleD-52365) by extensions ['colcon_meta']
[4.680s] Level 1:colcon.colcon_core.package_identification:_identify(roslogs/2023-11-09-11-51-54-921171-HumbleD-52365) by extension 'colcon_meta'
[4.680s] Level 1:colcon.colcon_core.package_identification:_identify(roslogs/2023-11-09-11-51-54-921171-HumbleD-52365) by extensions ['ros']
[4.680s] Level 1:colcon.colcon_core.package_identification:_identify(roslogs/2023-11-09-11-51-54-921171-HumbleD-52365) by extension 'ros'
[4.680s] Level 1:colcon.colcon_core.package_identification:_identify(roslogs/2023-11-09-11-51-54-921171-HumbleD-52365) by extensions ['cmake', 'python']
[4.681s] Level 1:colcon.colcon_core.package_identification:_identify(roslogs/2023-11-09-11-51-54-921171-HumbleD-52365) by extension 'cmake'
[4.681s] Level 1:colcon.colcon_core.package_identification:_identify(roslogs/2023-11-09-11-51-54-921171-HumbleD-52365) by extension 'python'
[4.681s] Level 1:colcon.colcon_core.package_identification:_identify(roslogs/2023-11-09-11-51-54-921171-HumbleD-52365) by extensions ['python_setup_py']
[4.681s] Level 1:colcon.colcon_core.package_identification:_identify(roslogs/2023-11-09-11-51-54-921171-HumbleD-52365) by extension 'python_setup_py'
[4.681s] Level 1:colcon.colcon_core.package_identification:_identify(roslogs/2023-11-09-11-51-55-033844-HumbleD-52362) by extensions ['ignore', 'ignore_ament_install']
[4.682s] Level 1:colcon.colcon_core.package_identification:_identify(roslogs/2023-11-09-11-51-55-033844-HumbleD-52362) by extension 'ignore'
[4.682s] Level 1:colcon.colcon_core.package_identification:_identify(roslogs/2023-11-09-11-51-55-033844-HumbleD-52362) by extension 'ignore_ament_install'
[4.682s] Level 1:colcon.colcon_core.package_identification:_identify(roslogs/2023-11-09-11-51-55-033844-HumbleD-52362) by extensions ['colcon_pkg']
[4.682s] Level 1:colcon.colcon_core.package_identification:_identify(roslogs/2023-11-09-11-51-55-033844-HumbleD-52362) by extension 'colcon_pkg'
[4.682s] Level 1:colcon.colcon_core.package_identification:_identify(roslogs/2023-11-09-11-51-55-033844-HumbleD-52362) by extensions ['colcon_meta']
[4.682s] Level 1:colcon.colcon_core.package_identification:_identify(roslogs/2023-11-09-11-51-55-033844-HumbleD-52362) by extension 'colcon_meta'
[4.683s] Level 1:colcon.colcon_core.package_identification:_identify(roslogs/2023-11-09-11-51-55-033844-HumbleD-52362) by extensions ['ros']
[4.683s] Level 1:colcon.colcon_core.package_identification:_identify(roslogs/2023-11-09-11-51-55-033844-HumbleD-52362) by extension 'ros'
[4.683s] Level 1:colcon.colcon_core.package_identification:_identify(roslogs/2023-11-09-11-51-55-033844-HumbleD-52362) by extensions ['cmake', 'python']
[4.683s] Level 1:colcon.colcon_core.package_identification:_identify(roslogs/2023-11-09-11-51-55-033844-HumbleD-52362) by extension 'cmake'
[4.683s] Level 1:colcon.colcon_core.package_identification:_identify(roslogs/2023-11-09-11-51-55-033844-HumbleD-52362) by extension 'python'
[4.684s] Level 1:colcon.colcon_core.package_identification:_identify(roslogs/2023-11-09-11-51-55-033844-HumbleD-52362) by extensions ['python_setup_py']
[4.684s] Level 1:colcon.colcon_core.package_identification:_identify(roslogs/2023-11-09-11-51-55-033844-HumbleD-52362) by extension 'python_setup_py'
[4.684s] Level 1:colcon.colcon_core.package_identification:_identify(roslogs/2023-11-09-11-52-59-021690-HumbleD-52560) by extensions ['ignore', 'ignore_ament_install']
[4.684s] Level 1:colcon.colcon_core.package_identification:_identify(roslogs/2023-11-09-11-52-59-021690-HumbleD-52560) by extension 'ignore'
[4.685s] Level 1:colcon.colcon_core.package_identification:_identify(roslogs/2023-11-09-11-52-59-021690-HumbleD-52560) by extension 'ignore_ament_install'
[4.685s] Level 1:colcon.colcon_core.package_identification:_identify(roslogs/2023-11-09-11-52-59-021690-HumbleD-52560) by extensions ['colcon_pkg']
[4.685s] Level 1:colcon.colcon_core.package_identification:_identify(roslogs/2023-11-09-11-52-59-021690-HumbleD-52560) by extension 'colcon_pkg'
[4.685s] Level 1:colcon.colcon_core.package_identification:_identify(roslogs/2023-11-09-11-52-59-021690-HumbleD-52560) by extensions ['colcon_meta']
[4.685s] Level 1:colcon.colcon_core.package_identification:_identify(roslogs/2023-11-09-11-52-59-021690-HumbleD-52560) by extension 'colcon_meta'
[4.685s] Level 1:colcon.colcon_core.package_identification:_identify(roslogs/2023-11-09-11-52-59-021690-HumbleD-52560) by extensions ['ros']
[4.686s] Level 1:colcon.colcon_core.package_identification:_identify(roslogs/2023-11-09-11-52-59-021690-HumbleD-52560) by extension 'ros'
[4.686s] Level 1:colcon.colcon_core.package_identification:_identify(roslogs/2023-11-09-11-52-59-021690-HumbleD-52560) by extensions ['cmake', 'python']
[4.686s] Level 1:colcon.colcon_core.package_identification:_identify(roslogs/2023-11-09-11-52-59-021690-HumbleD-52560) by extension 'cmake'
[4.686s] Level 1:colcon.colcon_core.package_identification:_identify(roslogs/2023-11-09-11-52-59-021690-HumbleD-52560) by extension 'python'
[4.686s] Level 1:colcon.colcon_core.package_identification:_identify(roslogs/2023-11-09-11-52-59-021690-HumbleD-52560) by extensions ['python_setup_py']
[4.686s] Level 1:colcon.colcon_core.package_identification:_identify(roslogs/2023-11-09-11-52-59-021690-HumbleD-52560) by extension 'python_setup_py'
[4.687s] Level 1:colcon.colcon_core.package_identification:_identify(roslogs/2023-11-09-11-52-59-161235-HumbleD-52563) by extensions ['ignore', 'ignore_ament_install']
[4.687s] Level 1:colcon.colcon_core.package_identification:_identify(roslogs/2023-11-09-11-52-59-161235-HumbleD-52563) by extension 'ignore'
[4.687s] Level 1:colcon.colcon_core.package_identification:_identify(roslogs/2023-11-09-11-52-59-161235-HumbleD-52563) by extension 'ignore_ament_install'
[4.688s] Level 1:colcon.colcon_core.package_identification:_identify(roslogs/2023-11-09-11-52-59-161235-HumbleD-52563) by extensions ['colcon_pkg']
[4.688s] Level 1:colcon.colcon_core.package_identification:_identify(roslogs/2023-11-09-11-52-59-161235-HumbleD-52563) by extension 'colcon_pkg'
[4.688s] Level 1:colcon.colcon_core.package_identification:_identify(roslogs/2023-11-09-11-52-59-161235-HumbleD-52563) by extensions ['colcon_meta']
[4.688s] Level 1:colcon.colcon_core.package_identification:_identify(roslogs/2023-11-09-11-52-59-161235-HumbleD-52563) by extension 'colcon_meta'
[4.688s] Level 1:colcon.colcon_core.package_identification:_identify(roslogs/2023-11-09-11-52-59-161235-HumbleD-52563) by extensions ['ros']
[4.688s] Level 1:colcon.colcon_core.package_identification:_identify(roslogs/2023-11-09-11-52-59-161235-HumbleD-52563) by extension 'ros'
[4.689s] Level 1:colcon.colcon_core.package_identification:_identify(roslogs/2023-11-09-11-52-59-161235-HumbleD-52563) by extensions ['cmake', 'python']
[4.689s] Level 1:colcon.colcon_core.package_identification:_identify(roslogs/2023-11-09-11-52-59-161235-HumbleD-52563) by extension 'cmake'
[4.689s] Level 1:colcon.colcon_core.package_identification:_identify(roslogs/2023-11-09-11-52-59-161235-HumbleD-52563) by extension 'python'
[4.689s] Level 1:colcon.colcon_core.package_identification:_identify(roslogs/2023-11-09-11-52-59-161235-HumbleD-52563) by extensions ['python_setup_py']
[4.689s] Level 1:colcon.colcon_core.package_identification:_identify(roslogs/2023-11-09-11-52-59-161235-HumbleD-52563) by extension 'python_setup_py'
[4.690s] Level 1:colcon.colcon_core.package_identification:_identify(roslogs/2023-11-09-11-53-05-947592-HumbleD-52666) by extensions ['ignore', 'ignore_ament_install']
[4.690s] Level 1:colcon.colcon_core.package_identification:_identify(roslogs/2023-11-09-11-53-05-947592-HumbleD-52666) by extension 'ignore'
[4.690s] Level 1:colcon.colcon_core.package_identification:_identify(roslogs/2023-11-09-11-53-05-947592-HumbleD-52666) by extension 'ignore_ament_install'
[4.691s] Level 1:colcon.colcon_core.package_identification:_identify(roslogs/2023-11-09-11-53-05-947592-HumbleD-52666) by extensions ['colcon_pkg']
[4.691s] Level 1:colcon.colcon_core.package_identification:_identify(roslogs/2023-11-09-11-53-05-947592-HumbleD-52666) by extension 'colcon_pkg'
[4.691s] Level 1:colcon.colcon_core.package_identification:_identify(roslogs/2023-11-09-11-53-05-947592-HumbleD-52666) by extensions ['colcon_meta']
[4.691s] Level 1:colcon.colcon_core.package_identification:_identify(roslogs/2023-11-09-11-53-05-947592-HumbleD-52666) by extension 'colcon_meta'
[4.691s] Level 1:colcon.colcon_core.package_identification:_identify(roslogs/2023-11-09-11-53-05-947592-HumbleD-52666) by extensions ['ros']
[4.691s] Level 1:colcon.colcon_core.package_identification:_identify(roslogs/2023-11-09-11-53-05-947592-HumbleD-52666) by extension 'ros'
[4.692s] Level 1:colcon.colcon_core.package_identification:_identify(roslogs/2023-11-09-11-53-05-947592-HumbleD-52666) by extensions ['cmake', 'python']
[4.692s] Level 1:colcon.colcon_core.package_identification:_identify(roslogs/2023-11-09-11-53-05-947592-HumbleD-52666) by extension 'cmake'
[4.692s] Level 1:colcon.colcon_core.package_identification:_identify(roslogs/2023-11-09-11-53-05-947592-HumbleD-52666) by extension 'python'
[4.692s] Level 1:colcon.colcon_core.package_identification:_identify(roslogs/2023-11-09-11-53-05-947592-HumbleD-52666) by extensions ['python_setup_py']
[4.692s] Level 1:colcon.colcon_core.package_identification:_identify(roslogs/2023-11-09-11-53-05-947592-HumbleD-52666) by extension 'python_setup_py'
[4.692s] Level 1:colcon.colcon_core.package_identification:_identify(roslogs/2023-11-09-11-53-06-441090-HumbleD-52670) by extensions ['ignore', 'ignore_ament_install']
[4.693s] Level 1:colcon.colcon_core.package_identification:_identify(roslogs/2023-11-09-11-53-06-441090-HumbleD-52670) by extension 'ignore'
[4.693s] Level 1:colcon.colcon_core.package_identification:_identify(roslogs/2023-11-09-11-53-06-441090-HumbleD-52670) by extension 'ignore_ament_install'
[4.693s] Level 1:colcon.colcon_core.package_identification:_identify(roslogs/2023-11-09-11-53-06-441090-HumbleD-52670) by extensions ['colcon_pkg']
[4.693s] Level 1:colcon.colcon_core.package_identification:_identify(roslogs/2023-11-09-11-53-06-441090-HumbleD-52670) by extension 'colcon_pkg'
[4.693s] Level 1:colcon.colcon_core.package_identification:_identify(roslogs/2023-11-09-11-53-06-441090-HumbleD-52670) by extensions ['colcon_meta']
[4.694s] Level 1:colcon.colcon_core.package_identification:_identify(roslogs/2023-11-09-11-53-06-441090-HumbleD-52670) by extension 'colcon_meta'
[4.694s] Level 1:colcon.colcon_core.package_identification:_identify(roslogs/2023-11-09-11-53-06-441090-HumbleD-52670) by extensions ['ros']
[4.694s] Level 1:colcon.colcon_core.package_identification:_identify(roslogs/2023-11-09-11-53-06-441090-HumbleD-52670) by extension 'ros'
[4.694s] Level 1:colcon.colcon_core.package_identification:_identify(roslogs/2023-11-09-11-53-06-441090-HumbleD-52670) by extensions ['cmake', 'python']
[4.694s] Level 1:colcon.colcon_core.package_identification:_identify(roslogs/2023-11-09-11-53-06-441090-HumbleD-52670) by extension 'cmake'
[4.695s] Level 1:colcon.colcon_core.package_identification:_identify(roslogs/2023-11-09-11-53-06-441090-HumbleD-52670) by extension 'python'
[4.695s] Level 1:colcon.colcon_core.package_identification:_identify(roslogs/2023-11-09-11-53-06-441090-HumbleD-52670) by extensions ['python_setup_py']
[4.695s] Level 1:colcon.colcon_core.package_identification:_identify(roslogs/2023-11-09-11-53-06-441090-HumbleD-52670) by extension 'python_setup_py'
[4.695s] Level 1:colcon.colcon_core.package_identification:_identify(roslogs/2023-11-09-12-46-02-089159-HumbleD-57929) by extensions ['ignore', 'ignore_ament_install']
[4.696s] Level 1:colcon.colcon_core.package_identification:_identify(roslogs/2023-11-09-12-46-02-089159-HumbleD-57929) by extension 'ignore'
[4.696s] Level 1:colcon.colcon_core.package_identification:_identify(roslogs/2023-11-09-12-46-02-089159-HumbleD-57929) by extension 'ignore_ament_install'
[4.696s] Level 1:colcon.colcon_core.package_identification:_identify(roslogs/2023-11-09-12-46-02-089159-HumbleD-57929) by extensions ['colcon_pkg']
[4.696s] Level 1:colcon.colcon_core.package_identification:_identify(roslogs/2023-11-09-12-46-02-089159-HumbleD-57929) by extension 'colcon_pkg'
[4.696s] Level 1:colcon.colcon_core.package_identification:_identify(roslogs/2023-11-09-12-46-02-089159-HumbleD-57929) by extensions ['colcon_meta']
[4.696s] Level 1:colcon.colcon_core.package_identification:_identify(roslogs/2023-11-09-12-46-02-089159-HumbleD-57929) by extension 'colcon_meta'
[4.697s] Level 1:colcon.colcon_core.package_identification:_identify(roslogs/2023-11-09-12-46-02-089159-HumbleD-57929) by extensions ['ros']
[4.697s] Level 1:colcon.colcon_core.package_identification:_identify(roslogs/2023-11-09-12-46-02-089159-HumbleD-57929) by extension 'ros'
[4.697s] Level 1:colcon.colcon_core.package_identification:_identify(roslogs/2023-11-09-12-46-02-089159-HumbleD-57929) by extensions ['cmake', 'python']
[4.697s] Level 1:colcon.colcon_core.package_identification:_identify(roslogs/2023-11-09-12-46-02-089159-HumbleD-57929) by extension 'cmake'
[4.697s] Level 1:colcon.colcon_core.package_identification:_identify(roslogs/2023-11-09-12-46-02-089159-HumbleD-57929) by extension 'python'
[4.697s] Level 1:colcon.colcon_core.package_identification:_identify(roslogs/2023-11-09-12-46-02-089159-HumbleD-57929) by extensions ['python_setup_py']
[4.698s] Level 1:colcon.colcon_core.package_identification:_identify(roslogs/2023-11-09-12-46-02-089159-HumbleD-57929) by extension 'python_setup_py'
[4.698s] Level 1:colcon.colcon_core.package_identification:_identify(src) by extensions ['ignore', 'ignore_ament_install']
[4.698s] Level 1:colcon.colcon_core.package_identification:_identify(src) by extension 'ignore'
[4.698s] Level 1:colcon.colcon_core.package_identification:_identify(src) by extension 'ignore_ament_install'
[4.699s] Level 1:colcon.colcon_core.package_identification:_identify(src) by extensions ['colcon_pkg']
[4.699s] Level 1:colcon.colcon_core.package_identification:_identify(src) by extension 'colcon_pkg'
[4.699s] Level 1:colcon.colcon_core.package_identification:_identify(src) by extensions ['colcon_meta']
[4.699s] Level 1:colcon.colcon_core.package_identification:_identify(src) by extension 'colcon_meta'
[4.699s] Level 1:colcon.colcon_core.package_identification:_identify(src) by extensions ['ros']
[4.699s] Level 1:colcon.colcon_core.package_identification:_identify(src) by extension 'ros'
[4.700s] Level 1:colcon.colcon_core.package_identification:_identify(src) by extensions ['cmake', 'python']
[4.700s] Level 1:colcon.colcon_core.package_identification:_identify(src) by extension 'cmake'
[4.700s] Level 1:colcon.colcon_core.package_identification:_identify(src) by extension 'python'
[4.700s] Level 1:colcon.colcon_core.package_identification:_identify(src) by extensions ['python_setup_py']
[4.700s] Level 1:colcon.colcon_core.package_identification:_identify(src) by extension 'python_setup_py'
[4.701s] Level 1:colcon.colcon_core.package_identification:_identify(src/gopigo3_ekf) by extensions ['ignore', 'ignore_ament_install']
[4.701s] Level 1:colcon.colcon_core.package_identification:_identify(src/gopigo3_ekf) by extension 'ignore'
[4.701s] Level 1:colcon.colcon_core.package_identification:_identify(src/gopigo3_ekf) by extension 'ignore_ament_install'
[4.701s] Level 1:colcon.colcon_core.package_identification:_identify(src/gopigo3_ekf) by extensions ['colcon_pkg']
[4.702s] Level 1:colcon.colcon_core.package_identification:_identify(src/gopigo3_ekf) by extension 'colcon_pkg'
[4.702s] Level 1:colcon.colcon_core.package_identification:_identify(src/gopigo3_ekf) by extensions ['colcon_meta']
[4.702s] Level 1:colcon.colcon_core.package_identification:_identify(src/gopigo3_ekf) by extension 'colcon_meta'
[4.702s] Level 1:colcon.colcon_core.package_identification:_identify(src/gopigo3_ekf) by extensions ['ros']
[4.702s] Level 1:colcon.colcon_core.package_identification:_identify(src/gopigo3_ekf) by extension 'ros'
[4.710s] DEBUG:colcon.colcon_core.package_identification:Package 'src/gopigo3_ekf' with type 'ros.ament_cmake' and name 'gopigo3_ekf'
[4.711s] Level 1:colcon.colcon_core.package_identification:_identify(src/ros2_gopigo3_msg) by extensions ['ignore', 'ignore_ament_install']
[4.711s] Level 1:colcon.colcon_core.package_identification:_identify(src/ros2_gopigo3_msg) by extension 'ignore'
[4.712s] Level 1:colcon.colcon_core.package_identification:_identify(src/ros2_gopigo3_msg) by extension 'ignore_ament_install'
[4.712s] Level 1:colcon.colcon_core.package_identification:_identify(src/ros2_gopigo3_msg) by extensions ['colcon_pkg']
[4.712s] Level 1:colcon.colcon_core.package_identification:_identify(src/ros2_gopigo3_msg) by extension 'colcon_pkg'
[4.712s] Level 1:colcon.colcon_core.package_identification:_identify(src/ros2_gopigo3_msg) by extensions ['colcon_meta']
[4.712s] Level 1:colcon.colcon_core.package_identification:_identify(src/ros2_gopigo3_msg) by extension 'colcon_meta'
[4.712s] Level 1:colcon.colcon_core.package_identification:_identify(src/ros2_gopigo3_msg) by extensions ['ros']
[4.713s] Level 1:colcon.colcon_core.package_identification:_identify(src/ros2_gopigo3_msg) by extension 'ros'
[4.715s] DEBUG:colcon.colcon_core.package_identification:Package 'src/ros2_gopigo3_msg' with type 'ros.ament_cmake' and name 'ros2_gopigo3_msg'
[4.715s] Level 1:colcon.colcon_core.package_identification:_identify(src/ros2_gopigo3_node) by extensions ['ignore', 'ignore_ament_install']
[4.716s] Level 1:colcon.colcon_core.package_identification:_identify(src/ros2_gopigo3_node) by extension 'ignore'
[4.716s] Level 1:colcon.colcon_core.package_identification:_identify(src/ros2_gopigo3_node) by extension 'ignore_ament_install'
[4.716s] Level 1:colcon.colcon_core.package_identification:_identify(src/ros2_gopigo3_node) by extensions ['colcon_pkg']
[4.716s] Level 1:colcon.colcon_core.package_identification:_identify(src/ros2_gopigo3_node) by extension 'colcon_pkg'
[4.716s] Level 1:colcon.colcon_core.package_identification:_identify(src/ros2_gopigo3_node) by extensions ['colcon_meta']
[4.716s] Level 1:colcon.colcon_core.package_identification:_identify(src/ros2_gopigo3_node) by extension 'colcon_meta'
[4.717s] Level 1:colcon.colcon_core.package_identification:_identify(src/ros2_gopigo3_node) by extensions ['ros']
[4.717s] Level 1:colcon.colcon_core.package_identification:_identify(src/ros2_gopigo3_node) by extension 'ros'
[4.719s] DEBUG:colcon.colcon_core.package_identification:Package 'src/ros2_gopigo3_node' with type 'ros.ament_python' and name 'ros2_gopigo3_node'
[4.720s] Level 1:colcon.colcon_core.package_identification:_identify(src/ros2_libcamera_pub) by extensions ['ignore', 'ignore_ament_install']
[4.720s] Level 1:colcon.colcon_core.package_identification:_identify(src/ros2_libcamera_pub) by extension 'ignore'
[4.720s] Level 1:colcon.colcon_core.package_identification:_identify(src/ros2_libcamera_pub) by extension 'ignore_ament_install'
[4.721s] Level 1:colcon.colcon_core.package_identification:_identify(src/ros2_libcamera_pub) by extensions ['colcon_pkg']
[4.721s] Level 1:colcon.colcon_core.package_identification:_identify(src/ros2_libcamera_pub) by extension 'colcon_pkg'
[4.721s] Level 1:colcon.colcon_core.package_identification:_identify(src/ros2_libcamera_pub) by extensions ['colcon_meta']
[4.721s] Level 1:colcon.colcon_core.package_identification:_identify(src/ros2_libcamera_pub) by extension 'colcon_meta'
[4.721s] Level 1:colcon.colcon_core.package_identification:_identify(src/ros2_libcamera_pub) by extensions ['ros']
[4.721s] Level 1:colcon.colcon_core.package_identification:_identify(src/ros2_libcamera_pub) by extension 'ros'
[4.723s] DEBUG:colcon.colcon_core.package_identification:Package 'src/ros2_libcamera_pub' with type 'ros.ament_python' and name 'ros2_libcamera_pub'
[4.724s] Level 1:colcon.colcon_core.package_identification:_identify(src/scan_client) by extensions ['ignore', 'ignore_ament_install']
[4.724s] Level 1:colcon.colcon_core.package_identification:_identify(src/scan_client) by extension 'ignore'
[4.724s] Level 1:colcon.colcon_core.package_identification:_identify(src/scan_client) by extension 'ignore_ament_install'
[4.725s] Level 1:colcon.colcon_core.package_identification:_identify(src/scan_client) by extensions ['colcon_pkg']
[4.725s] Level 1:colcon.colcon_core.package_identification:_identify(src/scan_client) by extension 'colcon_pkg'
[4.725s] Level 1:colcon.colcon_core.package_identification:_identify(src/scan_client) by extensions ['colcon_meta']
[4.725s] Level 1:colcon.colcon_core.package_identification:_identify(src/scan_client) by extension 'colcon_meta'
[4.725s] Level 1:colcon.colcon_core.package_identification:_identify(src/scan_client) by extensions ['ros']
[4.726s] Level 1:colcon.colcon_core.package_identification:_identify(src/scan_client) by extension 'ros'
[4.727s] DEBUG:colcon.colcon_core.package_identification:Package 'src/scan_client' with type 'ros.ament_python' and name 'scan_client'
[4.728s] Level 1:colcon.colcon_core.package_identification:_identify(src/teleop_gopigo3_keyboard) by extensions ['ignore', 'ignore_ament_install']
[4.729s] Level 1:colcon.colcon_core.package_identification:_identify(src/teleop_gopigo3_keyboard) by extension 'ignore'
[4.729s] Level 1:colcon.colcon_core.package_identification:_identify(src/teleop_gopigo3_keyboard) by extension 'ignore_ament_install'
[4.729s] Level 1:colcon.colcon_core.package_identification:_identify(src/teleop_gopigo3_keyboard) by extensions ['colcon_pkg']
[4.729s] Level 1:colcon.colcon_core.package_identification:_identify(src/teleop_gopigo3_keyboard) by extension 'colcon_pkg'
[4.730s] Level 1:colcon.colcon_core.package_identification:_identify(src/teleop_gopigo3_keyboard) by extensions ['colcon_meta']
[4.730s] Level 1:colcon.colcon_core.package_identification:_identify(src/teleop_gopigo3_keyboard) by extension 'colcon_meta'
[4.730s] Level 1:colcon.colcon_core.package_identification:_identify(src/teleop_gopigo3_keyboard) by extensions ['ros']
[4.730s] Level 1:colcon.colcon_core.package_identification:_identify(src/teleop_gopigo3_keyboard) by extension 'ros'
[4.732s] DEBUG:colcon.colcon_core.package_identification:Package 'src/teleop_gopigo3_keyboard' with type 'ros.ament_python' and name 'teleop_gopigo3_keyboard'
[4.733s] Level 1:colcon.colcon_core.package_identification:_identify(src/ydlidar_ros2_driver) by extensions ['ignore', 'ignore_ament_install']
[4.733s] Level 1:colcon.colcon_core.package_identification:_identify(src/ydlidar_ros2_driver) by extension 'ignore'
[4.733s] Level 1:colcon.colcon_core.package_identification:_identify(src/ydlidar_ros2_driver) by extension 'ignore_ament_install'
[4.733s] Level 1:colcon.colcon_core.package_identification:_identify(src/ydlidar_ros2_driver) by extensions ['colcon_pkg']
[4.734s] Level 1:colcon.colcon_core.package_identification:_identify(src/ydlidar_ros2_driver) by extension 'colcon_pkg'
[4.734s] Level 1:colcon.colcon_core.package_identification:_identify(src/ydlidar_ros2_driver) by extensions ['colcon_meta']
[4.734s] Level 1:colcon.colcon_core.package_identification:_identify(src/ydlidar_ros2_driver) by extension 'colcon_meta'
[4.734s] Level 1:colcon.colcon_core.package_identification:_identify(src/ydlidar_ros2_driver) by extensions ['ros']
[4.734s] Level 1:colcon.colcon_core.package_identification:_identify(src/ydlidar_ros2_driver) by extension 'ros'
[4.736s] DEBUG:colcon.colcon_core.package_identification:Package 'src/ydlidar_ros2_driver' with type 'ros.ament_cmake' and name 'ydlidar_ros2_driver'
[4.737s] Level 1:colcon.colcon_core.package_discovery:discover_packages(recursive) using defaults
[4.737s] Level 1:colcon.colcon_core.package_discovery:discover_packages(ignore) discover
[4.737s] Level 1:colcon.colcon_core.package_discovery:discover_packages(ignore) using defaults
[4.737s] Level 1:colcon.colcon_core.package_discovery:discover_packages(path) discover
[4.737s] Level 1:colcon.colcon_core.package_discovery:discover_packages(path) using defaults
[5.133s] Level 1:colcon.colcon_core.package_discovery:discover_packages(prefix_path) check parameters
[5.134s] Level 1:colcon.colcon_core.package_discovery:discover_packages(prefix_path) discover
[5.266s] DEBUG:colcon.colcon_installed_package_information.package_discovery:Found 7 installed packages in /home/ubuntu/HumbleDave/ros2ws/install
[5.329s] DEBUG:colcon.colcon_installed_package_information.package_discovery:Found 5 installed packages in /home/ubuntu/ros2ws/install
[5.399s] DEBUG:colcon.colcon_installed_package_information.package_discovery:Found 221 installed packages in /opt/ros/humble
[5.404s] Level 1:colcon.colcon_core.package_discovery:discover_packages(prefix_path) using defaults
[5.731s] Level 5:colcon.colcon_core.verb:set package 'gopigo3_ekf' build argument 'cmake_args' from command line to 'None'
[5.731s] Level 5:colcon.colcon_core.verb:set package 'gopigo3_ekf' build argument 'cmake_target' from command line to 'None'
[5.731s] Level 5:colcon.colcon_core.verb:set package 'gopigo3_ekf' build argument 'cmake_target_skip_unavailable' from command line to 'False'
[5.731s] Level 5:colcon.colcon_core.verb:set package 'gopigo3_ekf' build argument 'cmake_clean_cache' from command line to 'False'
[5.732s] Level 5:colcon.colcon_core.verb:set package 'gopigo3_ekf' build argument 'cmake_clean_first' from command line to 'False'
[5.732s] Level 5:colcon.colcon_core.verb:set package 'gopigo3_ekf' build argument 'cmake_force_configure' from command line to 'False'
[5.732s] Level 5:colcon.colcon_core.verb:set package 'gopigo3_ekf' build argument 'ament_cmake_args' from command line to 'None'
[5.732s] Level 5:colcon.colcon_core.verb:set package 'gopigo3_ekf' build argument 'catkin_cmake_args' from command line to 'None'
[5.732s] Level 5:colcon.colcon_core.verb:set package 'gopigo3_ekf' build argument 'catkin_skip_building_tests' from command line to 'False'
[5.732s] DEBUG:colcon.colcon_core.verb:Building package 'gopigo3_ekf' with the following arguments: {'ament_cmake_args': None, 'build_base': '/home/ubuntu/HumbleDave/ros2ws/build/gopigo3_ekf', 'catkin_cmake_args': None, 'catkin_skip_building_tests': False, 'cmake_args': None, 'cmake_clean_cache': False, 'cmake_clean_first': False, 'cmake_force_configure': False, 'cmake_target': None, 'cmake_target_skip_unavailable': False, 'install_base': '/home/ubuntu/HumbleDave/ros2ws/install/gopigo3_ekf', 'merge_install': False, 'path': '/home/ubuntu/HumbleDave/ros2ws/src/gopigo3_ekf', 'symlink_install': True, 'test_result_base': None}
[5.795s] Level 5:colcon.colcon_core.verb:set package 'ros2_gopigo3_msg' build argument 'cmake_args' from command line to 'None'
[5.795s] Level 5:colcon.colcon_core.verb:set package 'ros2_gopigo3_msg' build argument 'cmake_target' from command line to 'None'
[5.795s] Level 5:colcon.colcon_core.verb:set package 'ros2_gopigo3_msg' build argument 'cmake_target_skip_unavailable' from command line to 'False'
[5.795s] Level 5:colcon.colcon_core.verb:set package 'ros2_gopigo3_msg' build argument 'cmake_clean_cache' from command line to 'False'
[5.795s] Level 5:colcon.colcon_core.verb:set package 'ros2_gopigo3_msg' build argument 'cmake_clean_first' from command line to 'False'
[5.795s] Level 5:colcon.colcon_core.verb:set package 'ros2_gopigo3_msg' build argument 'cmake_force_configure' from command line to 'False'
[5.795s] Level 5:colcon.colcon_core.verb:set package 'ros2_gopigo3_msg' build argument 'ament_cmake_args' from command line to 'None'
[5.796s] Level 5:colcon.colcon_core.verb:set package 'ros2_gopigo3_msg' build argument 'catkin_cmake_args' from command line to 'None'
[5.796s] Level 5:colcon.colcon_core.verb:set package 'ros2_gopigo3_msg' build argument 'catkin_skip_building_tests' from command line to 'False'
[5.796s] DEBUG:colcon.colcon_core.verb:Building package 'ros2_gopigo3_msg' with the following arguments: {'ament_cmake_args': None, 'build_base': '/home/ubuntu/HumbleDave/ros2ws/build/ros2_gopigo3_msg', 'catkin_cmake_args': None, 'catkin_skip_building_tests': False, 'cmake_args': None, 'cmake_clean_cache': False, 'cmake_clean_first': False, 'cmake_force_configure': False, 'cmake_target': None, 'cmake_target_skip_unavailable': False, 'install_base': '/home/ubuntu/HumbleDave/ros2ws/install/ros2_gopigo3_msg', 'merge_install': False, 'path': '/home/ubuntu/HumbleDave/ros2ws/src/ros2_gopigo3_msg', 'symlink_install': True, 'test_result_base': None}
[5.858s] Level 5:colcon.colcon_core.verb:set package 'ros2_libcamera_pub' build argument 'cmake_args' from command line to 'None'
[5.858s] Level 5:colcon.colcon_core.verb:set package 'ros2_libcamera_pub' build argument 'cmake_target' from command line to 'None'
[5.859s] Level 5:colcon.colcon_core.verb:set package 'ros2_libcamera_pub' build argument 'cmake_target_skip_unavailable' from command line to 'False'
[5.859s] Level 5:colcon.colcon_core.verb:set package 'ros2_libcamera_pub' build argument 'cmake_clean_cache' from command line to 'False'
[5.859s] Level 5:colcon.colcon_core.verb:set package 'ros2_libcamera_pub' build argument 'cmake_clean_first' from command line to 'False'
[5.859s] Level 5:colcon.colcon_core.verb:set package 'ros2_libcamera_pub' build argument 'cmake_force_configure' from command line to 'False'
[5.859s] Level 5:colcon.colcon_core.verb:set package 'ros2_libcamera_pub' build argument 'ament_cmake_args' from command line to 'None'
[5.859s] Level 5:colcon.colcon_core.verb:set package 'ros2_libcamera_pub' build argument 'catkin_cmake_args' from command line to 'None'
[5.859s] Level 5:colcon.colcon_core.verb:set package 'ros2_libcamera_pub' build argument 'catkin_skip_building_tests' from command line to 'False'
[5.859s] DEBUG:colcon.colcon_core.verb:Building package 'ros2_libcamera_pub' with the following arguments: {'ament_cmake_args': None, 'build_base': '/home/ubuntu/HumbleDave/ros2ws/build/ros2_libcamera_pub', 'catkin_cmake_args': None, 'catkin_skip_building_tests': False, 'cmake_args': None, 'cmake_clean_cache': False, 'cmake_clean_first': False, 'cmake_force_configure': False, 'cmake_target': None, 'cmake_target_skip_unavailable': False, 'install_base': '/home/ubuntu/HumbleDave/ros2ws/install/ros2_libcamera_pub', 'merge_install': False, 'path': '/home/ubuntu/HumbleDave/ros2ws/src/ros2_libcamera_pub', 'symlink_install': True, 'test_result_base': None}
[5.922s] Level 5:colcon.colcon_core.verb:set package 'scan_client' build argument 'cmake_args' from command line to 'None'
[5.922s] Level 5:colcon.colcon_core.verb:set package 'scan_client' build argument 'cmake_target' from command line to 'None'
[5.922s] Level 5:colcon.colcon_core.verb:set package 'scan_client' build argument 'cmake_target_skip_unavailable' from command line to 'False'
[5.922s] Level 5:colcon.colcon_core.verb:set package 'scan_client' build argument 'cmake_clean_cache' from command line to 'False'
[5.923s] Level 5:colcon.colcon_core.verb:set package 'scan_client' build argument 'cmake_clean_first' from command line to 'False'
[5.923s] Level 5:colcon.colcon_core.verb:set package 'scan_client' build argument 'cmake_force_configure' from command line to 'False'
[5.923s] Level 5:colcon.colcon_core.verb:set package 'scan_client' build argument 'ament_cmake_args' from command line to 'None'
[5.923s] Level 5:colcon.colcon_core.verb:set package 'scan_client' build argument 'catkin_cmake_args' from command line to 'None'
[5.923s] Level 5:colcon.colcon_core.verb:set package 'scan_client' build argument 'catkin_skip_building_tests' from command line to 'False'
[5.923s] DEBUG:colcon.colcon_core.verb:Building package 'scan_client' with the following arguments: {'ament_cmake_args': None, 'build_base': '/home/ubuntu/HumbleDave/ros2ws/build/scan_client', 'catkin_cmake_args': None, 'catkin_skip_building_tests': False, 'cmake_args': None, 'cmake_clean_cache': False, 'cmake_clean_first': False, 'cmake_force_configure': False, 'cmake_target': None, 'cmake_target_skip_unavailable': False, 'install_base': '/home/ubuntu/HumbleDave/ros2ws/install/scan_client', 'merge_install': False, 'path': '/home/ubuntu/HumbleDave/ros2ws/src/scan_client', 'symlink_install': True, 'test_result_base': None}
[5.986s] Level 5:colcon.colcon_core.verb:set package 'teleop_gopigo3_keyboard' build argument 'cmake_args' from command line to 'None'
[5.986s] Level 5:colcon.colcon_core.verb:set package 'teleop_gopigo3_keyboard' build argument 'cmake_target' from command line to 'None'
[5.986s] Level 5:colcon.colcon_core.verb:set package 'teleop_gopigo3_keyboard' build argument 'cmake_target_skip_unavailable' from command line to 'False'
[5.986s] Level 5:colcon.colcon_core.verb:set package 'teleop_gopigo3_keyboard' build argument 'cmake_clean_cache' from command line to 'False'
[5.986s] Level 5:colcon.colcon_core.verb:set package 'teleop_gopigo3_keyboard' build argument 'cmake_clean_first' from command line to 'False'
[5.986s] Level 5:colcon.colcon_core.verb:set package 'teleop_gopigo3_keyboard' build argument 'cmake_force_configure' from command line to 'False'
[5.986s] Level 5:colcon.colcon_core.verb:set package 'teleop_gopigo3_keyboard' build argument 'ament_cmake_args' from command line to 'None'
[5.986s] Level 5:colcon.colcon_core.verb:set package 'teleop_gopigo3_keyboard' build argument 'catkin_cmake_args' from command line to 'None'
[5.987s] Level 5:colcon.colcon_core.verb:set package 'teleop_gopigo3_keyboard' build argument 'catkin_skip_building_tests' from command line to 'False'
[5.987s] DEBUG:colcon.colcon_core.verb:Building package 'teleop_gopigo3_keyboard' with the following arguments: {'ament_cmake_args': None, 'build_base': '/home/ubuntu/HumbleDave/ros2ws/build/teleop_gopigo3_keyboard', 'catkin_cmake_args': None, 'catkin_skip_building_tests': False, 'cmake_args': None, 'cmake_clean_cache': False, 'cmake_clean_first': False, 'cmake_force_configure': False, 'cmake_target': None, 'cmake_target_skip_unavailable': False, 'install_base': '/home/ubuntu/HumbleDave/ros2ws/install/teleop_gopigo3_keyboard', 'merge_install': False, 'path': '/home/ubuntu/HumbleDave/ros2ws/src/teleop_gopigo3_keyboard', 'symlink_install': True, 'test_result_base': None}
[6.049s] Level 5:colcon.colcon_core.verb:set package 'ydlidar_ros2_driver' build argument 'cmake_args' from command line to 'None'
[6.049s] Level 5:colcon.colcon_core.verb:set package 'ydlidar_ros2_driver' build argument 'cmake_target' from command line to 'None'
[6.050s] Level 5:colcon.colcon_core.verb:set package 'ydlidar_ros2_driver' build argument 'cmake_target_skip_unavailable' from command line to 'False'
[6.050s] Level 5:colcon.colcon_core.verb:set package 'ydlidar_ros2_driver' build argument 'cmake_clean_cache' from command line to 'False'
[6.050s] Level 5:colcon.colcon_core.verb:set package 'ydlidar_ros2_driver' build argument 'cmake_clean_first' from command line to 'False'
[6.050s] Level 5:colcon.colcon_core.verb:set package 'ydlidar_ros2_driver' build argument 'cmake_force_configure' from command line to 'False'
[6.050s] Level 5:colcon.colcon_core.verb:set package 'ydlidar_ros2_driver' build argument 'ament_cmake_args' from command line to 'None'
[6.050s] Level 5:colcon.colcon_core.verb:set package 'ydlidar_ros2_driver' build argument 'catkin_cmake_args' from command line to 'None'
[6.050s] Level 5:colcon.colcon_core.verb:set package 'ydlidar_ros2_driver' build argument 'catkin_skip_building_tests' from command line to 'False'
[6.050s] DEBUG:colcon.colcon_core.verb:Building package 'ydlidar_ros2_driver' with the following arguments: {'ament_cmake_args': None, 'build_base': '/home/ubuntu/HumbleDave/ros2ws/build/ydlidar_ros2_driver', 'catkin_cmake_args': None, 'catkin_skip_building_tests': False, 'cmake_args': None, 'cmake_clean_cache': False, 'cmake_clean_first': False, 'cmake_force_configure': False, 'cmake_target': None, 'cmake_target_skip_unavailable': False, 'install_base': '/home/ubuntu/HumbleDave/ros2ws/install/ydlidar_ros2_driver', 'merge_install': False, 'path': '/home/ubuntu/HumbleDave/ros2ws/src/ydlidar_ros2_driver', 'symlink_install': True, 'test_result_base': None}
[6.113s] Level 5:colcon.colcon_core.verb:set package 'ros2_gopigo3_node' build argument 'cmake_args' from command line to 'None'
[6.113s] Level 5:colcon.colcon_core.verb:set package 'ros2_gopigo3_node' build argument 'cmake_target' from command line to 'None'
[6.113s] Level 5:colcon.colcon_core.verb:set package 'ros2_gopigo3_node' build argument 'cmake_target_skip_unavailable' from command line to 'False'
[6.113s] Level 5:colcon.colcon_core.verb:set package 'ros2_gopigo3_node' build argument 'cmake_clean_cache' from command line to 'False'
[6.113s] Level 5:colcon.colcon_core.verb:set package 'ros2_gopigo3_node' build argument 'cmake_clean_first' from command line to 'False'
[6.113s] Level 5:colcon.colcon_core.verb:set package 'ros2_gopigo3_node' build argument 'cmake_force_configure' from command line to 'False'
[6.114s] Level 5:colcon.colcon_core.verb:set package 'ros2_gopigo3_node' build argument 'ament_cmake_args' from command line to 'None'
[6.114s] Level 5:colcon.colcon_core.verb:set package 'ros2_gopigo3_node' build argument 'catkin_cmake_args' from command line to 'None'
[6.114s] Level 5:colcon.colcon_core.verb:set package 'ros2_gopigo3_node' build argument 'catkin_skip_building_tests' from command line to 'False'
[6.114s] DEBUG:colcon.colcon_core.verb:Building package 'ros2_gopigo3_node' with the following arguments: {'ament_cmake_args': None, 'build_base': '/home/ubuntu/HumbleDave/ros2ws/build/ros2_gopigo3_node', 'catkin_cmake_args': None, 'catkin_skip_building_tests': False, 'cmake_args': None, 'cmake_clean_cache': False, 'cmake_clean_first': False, 'cmake_force_configure': False, 'cmake_target': None, 'cmake_target_skip_unavailable': False, 'install_base': '/home/ubuntu/HumbleDave/ros2ws/install/ros2_gopigo3_node', 'merge_install': False, 'path': '/home/ubuntu/HumbleDave/ros2ws/src/ros2_gopigo3_node', 'symlink_install': True, 'test_result_base': None}
[6.176s] INFO:colcon.colcon_core.executor:Executing jobs using 'parallel' executor
[6.240s] DEBUG:colcon.colcon_parallel_executor.executor.parallel:run_until_complete
[6.241s] INFO:colcon.colcon_ros.task.ament_cmake.build:Building ROS package in '/home/ubuntu/HumbleDave/ros2ws/src/ros2_gopigo3_msg' with build type 'ament_cmake'
[6.242s] INFO:colcon.colcon_cmake.task.cmake.build:Building CMake package in '/home/ubuntu/HumbleDave/ros2ws/src/ros2_gopigo3_msg'
[6.315s] INFO:colcon.colcon_core.plugin_system:Skipping extension 'colcon_core.shell.bat': Not used on non-Windows systems
[6.316s] INFO:colcon.colcon_core.shell:Skip shell extension 'powershell' for command environment: Not usable outside of PowerShell
[6.316s] DEBUG:colcon.colcon_core.shell:Skip shell extension 'dsv' for command environment
[6.588s] INFO:colcon.colcon_ros.task.ament_cmake.build:Building ROS package in '/home/ubuntu/HumbleDave/ros2ws/src/gopigo3_ekf' with build type 'ament_cmake'
[6.589s] INFO:colcon.colcon_cmake.task.cmake.build:Building CMake package in '/home/ubuntu/HumbleDave/ros2ws/src/gopigo3_ekf'
[6.656s] INFO:colcon.colcon_core.shell:Skip shell extension 'powershell' for command environment: Not usable outside of PowerShell
[6.656s] DEBUG:colcon.colcon_core.shell:Skip shell extension 'dsv' for command environment
[6.925s] INFO:colcon.colcon_ros.task.ament_python.build:Building ROS package in '/home/ubuntu/HumbleDave/ros2ws/src/ros2_libcamera_pub' with build type 'ament_python'
[6.925s] Level 1:colcon.colcon_core.shell:create_environment_hook('ros2_libcamera_pub', 'ament_prefix_path')
[6.992s] INFO:colcon.colcon_core.shell:Creating environment hook '/home/ubuntu/HumbleDave/ros2ws/install/ros2_libcamera_pub/share/ros2_libcamera_pub/hook/ament_prefix_path.ps1'
[6.995s] INFO:colcon.colcon_core.shell:Creating environment descriptor '/home/ubuntu/HumbleDave/ros2ws/install/ros2_libcamera_pub/share/ros2_libcamera_pub/hook/ament_prefix_path.dsv'
[6.996s] INFO:colcon.colcon_core.shell:Creating environment hook '/home/ubuntu/HumbleDave/ros2ws/install/ros2_libcamera_pub/share/ros2_libcamera_pub/hook/ament_prefix_path.sh'
[7.063s] INFO:colcon.colcon_core.shell:Skip shell extension 'powershell' for command environment: Not usable outside of PowerShell
[7.063s] DEBUG:colcon.colcon_core.shell:Skip shell extension 'dsv' for command environment
[7.332s] INFO:colcon.colcon_ros.task.ament_python.build:Building ROS package in '/home/ubuntu/HumbleDave/ros2ws/src/scan_client' with build type 'ament_python'
[7.333s] Level 1:colcon.colcon_core.shell:create_environment_hook('scan_client', 'ament_prefix_path')
[7.399s] INFO:colcon.colcon_core.shell:Creating environment hook '/home/ubuntu/HumbleDave/ros2ws/install/scan_client/share/scan_client/hook/ament_prefix_path.ps1'
[7.401s] INFO:colcon.colcon_core.shell:Creating environment descriptor '/home/ubuntu/HumbleDave/ros2ws/install/scan_client/share/scan_client/hook/ament_prefix_path.dsv'
[7.403s] INFO:colcon.colcon_core.shell:Creating environment hook '/home/ubuntu/HumbleDave/ros2ws/install/scan_client/share/scan_client/hook/ament_prefix_path.sh'
[7.468s] INFO:colcon.colcon_core.shell:Skip shell extension 'powershell' for command environment: Not usable outside of PowerShell
[7.469s] DEBUG:colcon.colcon_core.shell:Skip shell extension 'dsv' for command environment
[7.759s] DEBUG:colcon.colcon_core.event_handler.log_command:Invoking command in '/home/ubuntu/HumbleDave/ros2ws/build/ros2_gopigo3_msg': CMAKE_PREFIX_PATH=${CMAKE_PREFIX_PATH}:/home/ubuntu/HumbleDave/ros2ws/install/teleop_gopigo3_keyboard:/home/ubuntu/HumbleDave/ros2ws/install/scan_client:/home/ubuntu/HumbleDave/ros2ws/install/ros2_libcamera_pub:/home/ubuntu/HumbleDave/ros2ws/install/ros2_gopigo3_node:/home/ubuntu/ros2ws/install/teleop_gopigo3_keyboard:/home/ubuntu/ros2ws/install/ros2_libcamera_pub:/home/ubuntu/ros2ws/install/ros2_gopigo3_node:/opt/ros/humble /usr/bin/cmake --build /home/ubuntu/HumbleDave/ros2ws/build/ros2_gopigo3_msg -- -j4 -l4
[7.789s] DEBUG:colcon.colcon_core.event_handler.log_command:Invoking command in '/home/ubuntu/HumbleDave/ros2ws/build/gopigo3_ekf': CMAKE_PREFIX_PATH=${CMAKE_PREFIX_PATH}:/home/ubuntu/HumbleDave/ros2ws/install/teleop_gopigo3_keyboard:/home/ubuntu/HumbleDave/ros2ws/install/scan_client:/home/ubuntu/HumbleDave/ros2ws/install/ros2_libcamera_pub:/home/ubuntu/HumbleDave/ros2ws/install/ros2_gopigo3_node:/home/ubuntu/ros2ws/install/teleop_gopigo3_keyboard:/home/ubuntu/ros2ws/install/ros2_libcamera_pub:/home/ubuntu/ros2ws/install/ros2_gopigo3_node:/opt/ros/humble /usr/bin/cmake --build /home/ubuntu/HumbleDave/ros2ws/build/gopigo3_ekf -- -j4 -l4
[9.469s] INFO:colcon.colcon_core.task.python.build:Building Python package in '/home/ubuntu/HumbleDave/ros2ws/src/ros2_libcamera_pub'
[9.551s] INFO:colcon.colcon_core.shell:Skip shell extension 'powershell' for command environment: Not usable outside of PowerShell
[9.551s] DEBUG:colcon.colcon_core.shell:Skip shell extension 'dsv' for command environment
[10.057s] DEBUG:colcon.colcon_core.event_handler.log_command:Invoked command in '/home/ubuntu/HumbleDave/ros2ws/build/gopigo3_ekf' returned '0': CMAKE_PREFIX_PATH=${CMAKE_PREFIX_PATH}:/home/ubuntu/HumbleDave/ros2ws/install/teleop_gopigo3_keyboard:/home/ubuntu/HumbleDave/ros2ws/install/scan_client:/home/ubuntu/HumbleDave/ros2ws/install/ros2_libcamera_pub:/home/ubuntu/HumbleDave/ros2ws/install/ros2_gopigo3_node:/home/ubuntu/ros2ws/install/teleop_gopigo3_keyboard:/home/ubuntu/ros2ws/install/ros2_libcamera_pub:/home/ubuntu/ros2ws/install/ros2_gopigo3_node:/opt/ros/humble /usr/bin/cmake --build /home/ubuntu/HumbleDave/ros2ws/build/gopigo3_ekf -- -j4 -l4
[10.061s] DEBUG:colcon.colcon_core.event_handler.log_command:Invoked command in '/home/ubuntu/HumbleDave/ros2ws/build/ros2_gopigo3_msg' returned '0': CMAKE_PREFIX_PATH=${CMAKE_PREFIX_PATH}:/home/ubuntu/HumbleDave/ros2ws/install/teleop_gopigo3_keyboard:/home/ubuntu/HumbleDave/ros2ws/install/scan_client:/home/ubuntu/HumbleDave/ros2ws/install/ros2_libcamera_pub:/home/ubuntu/HumbleDave/ros2ws/install/ros2_gopigo3_node:/home/ubuntu/ros2ws/install/teleop_gopigo3_keyboard:/home/ubuntu/ros2ws/install/ros2_libcamera_pub:/home/ubuntu/ros2ws/install/ros2_gopigo3_node:/opt/ros/humble /usr/bin/cmake --build /home/ubuntu/HumbleDave/ros2ws/build/ros2_gopigo3_msg -- -j4 -l4
[11.321s] INFO:colcon.colcon_core.task.python.build:Building Python package in '/home/ubuntu/HumbleDave/ros2ws/src/scan_client'
[11.387s] INFO:colcon.colcon_core.shell:Skip shell extension 'powershell' for command environment: Not usable outside of PowerShell
[11.388s] DEBUG:colcon.colcon_core.shell:Skip shell extension 'dsv' for command environment
[11.718s] DEBUG:colcon.colcon_core.event_handler.log_command:Invoking command in '/home/ubuntu/HumbleDave/ros2ws/build/gopigo3_ekf': CMAKE_PREFIX_PATH=${CMAKE_PREFIX_PATH}:/home/ubuntu/HumbleDave/ros2ws/install/teleop_gopigo3_keyboard:/home/ubuntu/HumbleDave/ros2ws/install/scan_client:/home/ubuntu/HumbleDave/ros2ws/install/ros2_libcamera_pub:/home/ubuntu/HumbleDave/ros2ws/install/ros2_gopigo3_node:/home/ubuntu/ros2ws/install/teleop_gopigo3_keyboard:/home/ubuntu/ros2ws/install/ros2_libcamera_pub:/home/ubuntu/ros2ws/install/ros2_gopigo3_node:/opt/ros/humble /usr/bin/cmake --install /home/ubuntu/HumbleDave/ros2ws/build/gopigo3_ekf
[11.728s] DEBUG:colcon.colcon_core.event_handler.log_command:Invoking command in '/home/ubuntu/HumbleDave/ros2ws/build/ros2_gopigo3_msg': CMAKE_PREFIX_PATH=${CMAKE_PREFIX_PATH}:/home/ubuntu/HumbleDave/ros2ws/install/teleop_gopigo3_keyboard:/home/ubuntu/HumbleDave/ros2ws/install/scan_client:/home/ubuntu/HumbleDave/ros2ws/install/ros2_libcamera_pub:/home/ubuntu/HumbleDave/ros2ws/install/ros2_gopigo3_node:/home/ubuntu/ros2ws/install/teleop_gopigo3_keyboard:/home/ubuntu/ros2ws/install/ros2_libcamera_pub:/home/ubuntu/ros2ws/install/ros2_gopigo3_node:/opt/ros/humble /usr/bin/cmake --install /home/ubuntu/HumbleDave/ros2ws/build/ros2_gopigo3_msg
[11.834s] Level 1:colcon.colcon_core.environment:create_environment_scripts_only(gopigo3_ekf)
[11.839s] DEBUG:colcon.colcon_core.event_handler.log_command:Invoked command in '/home/ubuntu/HumbleDave/ros2ws/build/gopigo3_ekf' returned '0': CMAKE_PREFIX_PATH=${CMAKE_PREFIX_PATH}:/home/ubuntu/HumbleDave/ros2ws/install/teleop_gopigo3_keyboard:/home/ubuntu/HumbleDave/ros2ws/install/scan_client:/home/ubuntu/HumbleDave/ros2ws/install/ros2_libcamera_pub:/home/ubuntu/HumbleDave/ros2ws/install/ros2_gopigo3_node:/home/ubuntu/ros2ws/install/teleop_gopigo3_keyboard:/home/ubuntu/ros2ws/install/ros2_libcamera_pub:/home/ubuntu/ros2ws/install/ros2_gopigo3_node:/opt/ros/humble /usr/bin/cmake --install /home/ubuntu/HumbleDave/ros2ws/build/gopigo3_ekf
[12.086s] Level 1:colcon.colcon_core.environment:checking '/home/ubuntu/HumbleDave/ros2ws/install/gopigo3_ekf' for CMake module files
[12.089s] Level 1:colcon.colcon_core.environment:checking '/home/ubuntu/HumbleDave/ros2ws/install/gopigo3_ekf' for CMake config files
[12.093s] Level 1:colcon.colcon_core.shell:create_environment_hook('gopigo3_ekf', 'cmake_prefix_path')
[12.224s] INFO:colcon.colcon_core.shell:Creating environment hook '/home/ubuntu/HumbleDave/ros2ws/install/gopigo3_ekf/share/gopigo3_ekf/hook/cmake_prefix_path.ps1'
[12.227s] INFO:colcon.colcon_core.shell:Creating environment descriptor '/home/ubuntu/HumbleDave/ros2ws/install/gopigo3_ekf/share/gopigo3_ekf/hook/cmake_prefix_path.dsv'
[12.230s] INFO:colcon.colcon_core.shell:Creating environment hook '/home/ubuntu/HumbleDave/ros2ws/install/gopigo3_ekf/share/gopigo3_ekf/hook/cmake_prefix_path.sh'
[12.234s] Level 1:colcon.colcon_core.environment:checking '/home/ubuntu/HumbleDave/ros2ws/install/gopigo3_ekf/bin'
[12.234s] Level 1:colcon.colcon_core.environment:checking '/home/ubuntu/HumbleDave/ros2ws/install/gopigo3_ekf/lib/pkgconfig/gopigo3_ekf.pc'
[12.236s] Level 1:colcon.colcon_core.environment:checking '/home/ubuntu/HumbleDave/ros2ws/install/gopigo3_ekf/lib/python3.10/site-packages'
[12.237s] Level 1:colcon.colcon_core.environment:checking '/home/ubuntu/HumbleDave/ros2ws/install/gopigo3_ekf/bin'
[12.399s] INFO:colcon.colcon_core.shell:Creating package script '/home/ubuntu/HumbleDave/ros2ws/install/gopigo3_ekf/share/gopigo3_ekf/package.ps1'
[12.403s] INFO:colcon.colcon_core.shell:Creating package descriptor '/home/ubuntu/HumbleDave/ros2ws/install/gopigo3_ekf/share/gopigo3_ekf/package.dsv'
[12.406s] INFO:colcon.colcon_core.shell:Creating package script '/home/ubuntu/HumbleDave/ros2ws/install/gopigo3_ekf/share/gopigo3_ekf/package.sh'
[12.409s] INFO:colcon.colcon_core.shell:Creating package script '/home/ubuntu/HumbleDave/ros2ws/install/gopigo3_ekf/share/gopigo3_ekf/package.bash'
[12.413s] INFO:colcon.colcon_core.shell:Creating package script '/home/ubuntu/HumbleDave/ros2ws/install/gopigo3_ekf/share/gopigo3_ekf/package.zsh'
[12.416s] Level 1:colcon.colcon_core.environment:create_file_with_runtime_dependencies(/home/ubuntu/HumbleDave/ros2ws/install/gopigo3_ekf/share/colcon-core/packages/gopigo3_ekf)
[12.437s] Level 1:colcon.colcon_core.environment:create_environment_scripts_only(ros2_gopigo3_msg)
[12.439s] DEBUG:colcon.colcon_core.event_handler.log_command:Invoked command in '/home/ubuntu/HumbleDave/ros2ws/build/ros2_gopigo3_msg' returned '0': CMAKE_PREFIX_PATH=${CMAKE_PREFIX_PATH}:/home/ubuntu/HumbleDave/ros2ws/install/teleop_gopigo3_keyboard:/home/ubuntu/HumbleDave/ros2ws/install/scan_client:/home/ubuntu/HumbleDave/ros2ws/install/ros2_libcamera_pub:/home/ubuntu/HumbleDave/ros2ws/install/ros2_gopigo3_node:/home/ubuntu/ros2ws/install/teleop_gopigo3_keyboard:/home/ubuntu/ros2ws/install/ros2_libcamera_pub:/home/ubuntu/ros2ws/install/ros2_gopigo3_node:/opt/ros/humble /usr/bin/cmake --install /home/ubuntu/HumbleDave/ros2ws/build/ros2_gopigo3_msg
[12.556s] Level 1:colcon.colcon_core.environment:checking '/home/ubuntu/HumbleDave/ros2ws/install/ros2_gopigo3_msg' for CMake module files
[12.561s] Level 1:colcon.colcon_core.environment:checking '/home/ubuntu/HumbleDave/ros2ws/install/ros2_gopigo3_msg' for CMake config files
[12.567s] Level 1:colcon.colcon_core.shell:create_environment_hook('ros2_gopigo3_msg', 'cmake_prefix_path')
[12.657s] INFO:colcon.colcon_core.shell:Creating environment hook '/home/ubuntu/HumbleDave/ros2ws/install/ros2_gopigo3_msg/share/ros2_gopigo3_msg/hook/cmake_prefix_path.ps1'
[12.659s] INFO:colcon.colcon_core.shell:Creating environment descriptor '/home/ubuntu/HumbleDave/ros2ws/install/ros2_gopigo3_msg/share/ros2_gopigo3_msg/hook/cmake_prefix_path.dsv'
[12.661s] INFO:colcon.colcon_core.shell:Creating environment hook '/home/ubuntu/HumbleDave/ros2ws/install/ros2_gopigo3_msg/share/ros2_gopigo3_msg/hook/cmake_prefix_path.sh'
[12.666s] Level 1:colcon.colcon_core.environment:checking '/home/ubuntu/HumbleDave/ros2ws/install/ros2_gopigo3_msg/lib'
[12.667s] Level 1:colcon.colcon_core.shell:create_environment_hook('ros2_gopigo3_msg', 'ld_library_path_lib')
[12.762s] INFO:colcon.colcon_core.shell:Creating environment hook '/home/ubuntu/HumbleDave/ros2ws/install/ros2_gopigo3_msg/share/ros2_gopigo3_msg/hook/ld_library_path_lib.ps1'
[12.765s] INFO:colcon.colcon_core.shell:Creating environment descriptor '/home/ubuntu/HumbleDave/ros2ws/install/ros2_gopigo3_msg/share/ros2_gopigo3_msg/hook/ld_library_path_lib.dsv'
[12.767s] INFO:colcon.colcon_core.shell:Creating environment hook '/home/ubuntu/HumbleDave/ros2ws/install/ros2_gopigo3_msg/share/ros2_gopigo3_msg/hook/ld_library_path_lib.sh'
[12.770s] Level 1:colcon.colcon_core.environment:checking '/home/ubuntu/HumbleDave/ros2ws/install/ros2_gopigo3_msg/bin'
[12.770s] Level 1:colcon.colcon_core.environment:checking '/home/ubuntu/HumbleDave/ros2ws/install/ros2_gopigo3_msg/lib/pkgconfig/ros2_gopigo3_msg.pc'
[12.771s] Level 1:colcon.colcon_core.environment:checking '/home/ubuntu/HumbleDave/ros2ws/install/ros2_gopigo3_msg/lib/python3.10/site-packages'
[12.773s] Level 1:colcon.colcon_core.environment:checking '/home/ubuntu/HumbleDave/ros2ws/install/ros2_gopigo3_msg/bin'
[12.865s] INFO:colcon.colcon_core.shell:Creating package script '/home/ubuntu/HumbleDave/ros2ws/install/ros2_gopigo3_msg/share/ros2_gopigo3_msg/package.ps1'
[12.869s] INFO:colcon.colcon_core.shell:Creating package descriptor '/home/ubuntu/HumbleDave/ros2ws/install/ros2_gopigo3_msg/share/ros2_gopigo3_msg/package.dsv'
[12.871s] INFO:colcon.colcon_core.shell:Creating package script '/home/ubuntu/HumbleDave/ros2ws/install/ros2_gopigo3_msg/share/ros2_gopigo3_msg/package.sh'
[12.874s] INFO:colcon.colcon_core.shell:Creating package script '/home/ubuntu/HumbleDave/ros2ws/install/ros2_gopigo3_msg/share/ros2_gopigo3_msg/package.bash'
[12.876s] INFO:colcon.colcon_core.shell:Creating package script '/home/ubuntu/HumbleDave/ros2ws/install/ros2_gopigo3_msg/share/ros2_gopigo3_msg/package.zsh'
[12.878s] Level 1:colcon.colcon_core.environment:create_file_with_runtime_dependencies(/home/ubuntu/HumbleDave/ros2ws/install/ros2_gopigo3_msg/share/colcon-core/packages/ros2_gopigo3_msg)
[13.007s] Level 1:colcon.colcon_core.environment:create_environment_scripts_only(gopigo3_ekf)
[13.115s] Level 1:colcon.colcon_core.environment:checking '/home/ubuntu/HumbleDave/ros2ws/install/gopigo3_ekf' for CMake module files
[13.118s] Level 1:colcon.colcon_core.environment:checking '/home/ubuntu/HumbleDave/ros2ws/install/gopigo3_ekf' for CMake config files
[13.122s] Level 1:colcon.colcon_core.shell:create_environment_hook('gopigo3_ekf', 'cmake_prefix_path')
[13.248s] INFO:colcon.colcon_core.shell:Creating environment hook '/home/ubuntu/HumbleDave/ros2ws/install/gopigo3_ekf/share/gopigo3_ekf/hook/cmake_prefix_path.ps1'
[13.251s] INFO:colcon.colcon_core.shell:Creating environment descriptor '/home/ubuntu/HumbleDave/ros2ws/install/gopigo3_ekf/share/gopigo3_ekf/hook/cmake_prefix_path.dsv'
[13.253s] INFO:colcon.colcon_core.shell:Creating environment hook '/home/ubuntu/HumbleDave/ros2ws/install/gopigo3_ekf/share/gopigo3_ekf/hook/cmake_prefix_path.sh'
[13.258s] Level 1:colcon.colcon_core.environment:checking '/home/ubuntu/HumbleDave/ros2ws/install/gopigo3_ekf/bin'
[13.258s] Level 1:colcon.colcon_core.environment:checking '/home/ubuntu/HumbleDave/ros2ws/install/gopigo3_ekf/lib/pkgconfig/gopigo3_ekf.pc'
[13.260s] Level 1:colcon.colcon_core.environment:checking '/home/ubuntu/HumbleDave/ros2ws/install/gopigo3_ekf/lib/python3.10/site-packages'
[13.262s] Level 1:colcon.colcon_core.environment:checking '/home/ubuntu/HumbleDave/ros2ws/install/gopigo3_ekf/bin'
[13.385s] INFO:colcon.colcon_core.shell:Creating package script '/home/ubuntu/HumbleDave/ros2ws/install/gopigo3_ekf/share/gopigo3_ekf/package.ps1'
[13.388s] INFO:colcon.colcon_core.shell:Creating package descriptor '/home/ubuntu/HumbleDave/ros2ws/install/gopigo3_ekf/share/gopigo3_ekf/package.dsv'
[13.391s] INFO:colcon.colcon_core.shell:Creating package script '/home/ubuntu/HumbleDave/ros2ws/install/gopigo3_ekf/share/gopigo3_ekf/package.sh'
[13.394s] INFO:colcon.colcon_core.shell:Creating package script '/home/ubuntu/HumbleDave/ros2ws/install/gopigo3_ekf/share/gopigo3_ekf/package.bash'
[13.397s] INFO:colcon.colcon_core.shell:Creating package script '/home/ubuntu/HumbleDave/ros2ws/install/gopigo3_ekf/share/gopigo3_ekf/package.zsh'
[13.400s] Level 1:colcon.colcon_core.environment:create_file_with_runtime_dependencies(/home/ubuntu/HumbleDave/ros2ws/install/gopigo3_ekf/share/colcon-core/packages/gopigo3_ekf)
[13.405s] INFO:colcon.colcon_ros.task.ament_python.build:Building ROS package in '/home/ubuntu/HumbleDave/ros2ws/src/teleop_gopigo3_keyboard' with build type 'ament_python'
[13.407s] Level 1:colcon.colcon_core.shell:create_environment_hook('teleop_gopigo3_keyboard', 'ament_prefix_path')
[13.533s] INFO:colcon.colcon_core.shell:Creating environment hook '/home/ubuntu/HumbleDave/ros2ws/install/teleop_gopigo3_keyboard/share/teleop_gopigo3_keyboard/hook/ament_prefix_path.ps1'
[13.536s] INFO:colcon.colcon_core.shell:Creating environment descriptor '/home/ubuntu/HumbleDave/ros2ws/install/teleop_gopigo3_keyboard/share/teleop_gopigo3_keyboard/hook/ament_prefix_path.dsv'
[13.538s] INFO:colcon.colcon_core.shell:Creating environment hook '/home/ubuntu/HumbleDave/ros2ws/install/teleop_gopigo3_keyboard/share/teleop_gopigo3_keyboard/hook/ament_prefix_path.sh'
[13.655s] INFO:colcon.colcon_core.shell:Skip shell extension 'powershell' for command environment: Not usable outside of PowerShell
[13.655s] DEBUG:colcon.colcon_core.shell:Skip shell extension 'dsv' for command environment
[14.331s] Level 1:colcon.colcon_core.environment:create_environment_scripts_only(ros2_gopigo3_msg)
[14.395s] Level 1:colcon.colcon_core.environment:checking '/home/ubuntu/HumbleDave/ros2ws/install/ros2_gopigo3_msg' for CMake module files
[14.399s] Level 1:colcon.colcon_core.environment:checking '/home/ubuntu/HumbleDave/ros2ws/install/ros2_gopigo3_msg' for CMake config files
[14.403s] Level 1:colcon.colcon_core.shell:create_environment_hook('ros2_gopigo3_msg', 'cmake_prefix_path')
[14.466s] INFO:colcon.colcon_core.shell:Creating environment hook '/home/ubuntu/HumbleDave/ros2ws/install/ros2_gopigo3_msg/share/ros2_gopigo3_msg/hook/cmake_prefix_path.ps1'
[14.468s] INFO:colcon.colcon_core.shell:Creating environment descriptor '/home/ubuntu/HumbleDave/ros2ws/install/ros2_gopigo3_msg/share/ros2_gopigo3_msg/hook/cmake_prefix_path.dsv'
[14.470s] INFO:colcon.colcon_core.shell:Creating environment hook '/home/ubuntu/HumbleDave/ros2ws/install/ros2_gopigo3_msg/share/ros2_gopigo3_msg/hook/cmake_prefix_path.sh'
[14.484s] Level 1:colcon.colcon_core.environment:checking '/home/ubuntu/HumbleDave/ros2ws/install/ros2_gopigo3_msg/lib'
[14.484s] Level 1:colcon.colcon_core.shell:create_environment_hook('ros2_gopigo3_msg', 'ld_library_path_lib')
[14.553s] INFO:colcon.colcon_core.shell:Creating environment hook '/home/ubuntu/HumbleDave/ros2ws/install/ros2_gopigo3_msg/share/ros2_gopigo3_msg/hook/ld_library_path_lib.ps1'
[14.555s] INFO:colcon.colcon_core.shell:Creating environment descriptor '/home/ubuntu/HumbleDave/ros2ws/install/ros2_gopigo3_msg/share/ros2_gopigo3_msg/hook/ld_library_path_lib.dsv'
[14.556s] INFO:colcon.colcon_core.shell:Creating environment hook '/home/ubuntu/HumbleDave/ros2ws/install/ros2_gopigo3_msg/share/ros2_gopigo3_msg/hook/ld_library_path_lib.sh'
[14.558s] Level 1:colcon.colcon_core.environment:checking '/home/ubuntu/HumbleDave/ros2ws/install/ros2_gopigo3_msg/bin'
[14.558s] Level 1:colcon.colcon_core.environment:checking '/home/ubuntu/HumbleDave/ros2ws/install/ros2_gopigo3_msg/lib/pkgconfig/ros2_gopigo3_msg.pc'
[14.559s] Level 1:colcon.colcon_core.environment:checking '/home/ubuntu/HumbleDave/ros2ws/install/ros2_gopigo3_msg/lib/python3.10/site-packages'
[14.560s] Level 1:colcon.colcon_core.environment:checking '/home/ubuntu/HumbleDave/ros2ws/install/ros2_gopigo3_msg/bin'
[14.625s] INFO:colcon.colcon_core.shell:Creating package script '/home/ubuntu/HumbleDave/ros2ws/install/ros2_gopigo3_msg/share/ros2_gopigo3_msg/package.ps1'
[14.628s] INFO:colcon.colcon_core.shell:Creating package descriptor '/home/ubuntu/HumbleDave/ros2ws/install/ros2_gopigo3_msg/share/ros2_gopigo3_msg/package.dsv'
[14.630s] INFO:colcon.colcon_core.shell:Creating package script '/home/ubuntu/HumbleDave/ros2ws/install/ros2_gopigo3_msg/share/ros2_gopigo3_msg/package.sh'
[14.632s] INFO:colcon.colcon_core.shell:Creating package script '/home/ubuntu/HumbleDave/ros2ws/install/ros2_gopigo3_msg/share/ros2_gopigo3_msg/package.bash'
[14.634s] INFO:colcon.colcon_core.shell:Creating package script '/home/ubuntu/HumbleDave/ros2ws/install/ros2_gopigo3_msg/share/ros2_gopigo3_msg/package.zsh'
[14.636s] Level 1:colcon.colcon_core.environment:create_file_with_runtime_dependencies(/home/ubuntu/HumbleDave/ros2ws/install/ros2_gopigo3_msg/share/colcon-core/packages/ros2_gopigo3_msg)
[14.648s] INFO:colcon.colcon_ros.task.ament_cmake.build:Building ROS package in '/home/ubuntu/HumbleDave/ros2ws/src/ydlidar_ros2_driver' with build type 'ament_cmake'
[14.649s] INFO:colcon.colcon_cmake.task.cmake.build:Building CMake package in '/home/ubuntu/HumbleDave/ros2ws/src/ydlidar_ros2_driver'
[14.651s] DEBUG:colcon.colcon_core.event_handler.log_command:Invoking command in '/home/ubuntu/HumbleDave/ros2ws/build/ros2_libcamera_pub': PYTHONPATH=/home/ubuntu/HumbleDave/ros2ws/build/ros2_libcamera_pub/prefix_override:/home/ubuntu/HumbleDave/ros2ws/install/ros2_libcamera_pub/lib/python3.10/site-packages:${PYTHONPATH} /usr/bin/python3 setup.py develop --editable --build-directory /home/ubuntu/HumbleDave/ros2ws/build/ros2_libcamera_pub/build --no-deps install_data
[14.736s] INFO:colcon.colcon_core.shell:Skip shell extension 'powershell' for command environment: Not usable outside of PowerShell
[14.736s] DEBUG:colcon.colcon_core.shell:Skip shell extension 'dsv' for command environment
[15.092s] DEBUG:colcon.colcon_core.event_handler.log_command:Invoking command in '/home/ubuntu/HumbleDave/ros2ws/build/scan_client': PYTHONPATH=/home/ubuntu/HumbleDave/ros2ws/build/scan_client/prefix_override:/home/ubuntu/HumbleDave/ros2ws/install/scan_client/lib/python3.10/site-packages:${PYTHONPATH} /usr/bin/python3 setup.py develop --editable --build-directory /home/ubuntu/HumbleDave/ros2ws/build/scan_client/build --no-deps install_data
[16.724s] INFO:colcon.colcon_core.task.python.build:Building Python package in '/home/ubuntu/HumbleDave/ros2ws/src/teleop_gopigo3_keyboard'
[16.838s] INFO:colcon.colcon_core.shell:Skip shell extension 'powershell' for command environment: Not usable outside of PowerShell
[16.838s] DEBUG:colcon.colcon_core.shell:Skip shell extension 'dsv' for command environment
[17.400s] DEBUG:colcon.colcon_core.event_handler.log_command:Invoking command in '/home/ubuntu/HumbleDave/ros2ws/build/ydlidar_ros2_driver': CMAKE_PREFIX_PATH=${CMAKE_PREFIX_PATH}:/home/ubuntu/HumbleDave/ros2ws/install/teleop_gopigo3_keyboard:/home/ubuntu/HumbleDave/ros2ws/install/scan_client:/home/ubuntu/HumbleDave/ros2ws/install/ros2_libcamera_pub:/home/ubuntu/HumbleDave/ros2ws/install/ros2_gopigo3_node:/home/ubuntu/ros2ws/install/teleop_gopigo3_keyboard:/home/ubuntu/ros2ws/install/ros2_libcamera_pub:/home/ubuntu/ros2ws/install/ros2_gopigo3_node:/opt/ros/humble /usr/bin/cmake --build /home/ubuntu/HumbleDave/ros2ws/build/ydlidar_ros2_driver -- -j4 -l4
[17.505s] Level 1:colcon.colcon_core.shell:create_environment_hook('ros2_libcamera_pub', 'pythonpath_develop')
[17.507s] DEBUG:colcon.colcon_core.event_handler.log_command:Invoked command in '/home/ubuntu/HumbleDave/ros2ws/build/ros2_libcamera_pub' returned '0': PYTHONPATH=/home/ubuntu/HumbleDave/ros2ws/build/ros2_libcamera_pub/prefix_override:/home/ubuntu/HumbleDave/ros2ws/install/ros2_libcamera_pub/lib/python3.10/site-packages:${PYTHONPATH} /usr/bin/python3 setup.py develop --editable --build-directory /home/ubuntu/HumbleDave/ros2ws/build/ros2_libcamera_pub/build --no-deps install_data
[17.636s] INFO:colcon.colcon_core.shell:Creating environment hook '/home/ubuntu/HumbleDave/ros2ws/build/ros2_libcamera_pub/share/ros2_libcamera_pub/hook/pythonpath_develop.ps1'
[17.638s] INFO:colcon.colcon_core.shell:Creating environment descriptor '/home/ubuntu/HumbleDave/ros2ws/build/ros2_libcamera_pub/share/ros2_libcamera_pub/hook/pythonpath_develop.dsv'
[17.641s] INFO:colcon.colcon_core.shell:Creating environment hook '/home/ubuntu/HumbleDave/ros2ws/build/ros2_libcamera_pub/share/ros2_libcamera_pub/hook/pythonpath_develop.sh'
[17.771s] Level 1:colcon.colcon_core.environment:checking '/home/ubuntu/HumbleDave/ros2ws/install/ros2_libcamera_pub' for CMake module files
[17.774s] Level 1:colcon.colcon_core.environment:checking '/home/ubuntu/HumbleDave/ros2ws/install/ros2_libcamera_pub' for CMake config files
[17.777s] Level 1:colcon.colcon_core.environment:checking '/home/ubuntu/HumbleDave/ros2ws/install/ros2_libcamera_pub/lib'
[17.778s] Level 1:colcon.colcon_core.environment:checking '/home/ubuntu/HumbleDave/ros2ws/install/ros2_libcamera_pub/bin'
[17.778s] Level 1:colcon.colcon_core.environment:checking '/home/ubuntu/HumbleDave/ros2ws/install/ros2_libcamera_pub/lib/pkgconfig/ros2_libcamera_pub.pc'
[17.779s] Level 1:colcon.colcon_core.environment:checking '/home/ubuntu/HumbleDave/ros2ws/install/ros2_libcamera_pub/lib/python3.10/site-packages'
[17.780s] Level 1:colcon.colcon_core.shell:create_environment_hook('ros2_libcamera_pub', 'pythonpath')
[17.926s] INFO:colcon.colcon_core.shell:Creating environment hook '/home/ubuntu/HumbleDave/ros2ws/install/ros2_libcamera_pub/share/ros2_libcamera_pub/hook/pythonpath.ps1'
[17.929s] INFO:colcon.colcon_core.shell:Creating environment descriptor '/home/ubuntu/HumbleDave/ros2ws/install/ros2_libcamera_pub/share/ros2_libcamera_pub/hook/pythonpath.dsv'
[17.935s] INFO:colcon.colcon_core.shell:Creating environment hook '/home/ubuntu/HumbleDave/ros2ws/install/ros2_libcamera_pub/share/ros2_libcamera_pub/hook/pythonpath.sh'
[17.941s] Level 1:colcon.colcon_core.environment:checking '/home/ubuntu/HumbleDave/ros2ws/install/ros2_libcamera_pub/bin'
[17.943s] Level 1:colcon.colcon_core.environment:create_environment_scripts_only(ros2_libcamera_pub)
[18.145s] INFO:colcon.colcon_core.shell:Creating package script '/home/ubuntu/HumbleDave/ros2ws/install/ros2_libcamera_pub/share/ros2_libcamera_pub/package.ps1'
[18.148s] INFO:colcon.colcon_core.shell:Creating package descriptor '/home/ubuntu/HumbleDave/ros2ws/install/ros2_libcamera_pub/share/ros2_libcamera_pub/package.dsv'
[18.151s] INFO:colcon.colcon_core.shell:Creating package script '/home/ubuntu/HumbleDave/ros2ws/install/ros2_libcamera_pub/share/ros2_libcamera_pub/package.sh'
[18.154s] INFO:colcon.colcon_core.shell:Creating package script '/home/ubuntu/HumbleDave/ros2ws/install/ros2_libcamera_pub/share/ros2_libcamera_pub/package.bash'
[18.156s] INFO:colcon.colcon_core.shell:Creating package script '/home/ubuntu/HumbleDave/ros2ws/install/ros2_libcamera_pub/share/ros2_libcamera_pub/package.zsh'
[18.158s] Level 1:colcon.colcon_core.environment:create_file_with_runtime_dependencies(/home/ubuntu/HumbleDave/ros2ws/install/ros2_libcamera_pub/share/colcon-core/packages/ros2_libcamera_pub)
[18.161s] INFO:colcon.colcon_ros.task.ament_python.build:Building ROS package in '/home/ubuntu/HumbleDave/ros2ws/src/ros2_gopigo3_node' with build type 'ament_python'
[18.161s] Level 1:colcon.colcon_core.shell:create_environment_hook('ros2_gopigo3_node', 'ament_prefix_path')
[18.242s] INFO:colcon.colcon_core.shell:Creating environment hook '/home/ubuntu/HumbleDave/ros2ws/install/ros2_gopigo3_node/share/ros2_gopigo3_node/hook/ament_prefix_path.ps1'
[18.244s] INFO:colcon.colcon_core.shell:Creating environment descriptor '/home/ubuntu/HumbleDave/ros2ws/install/ros2_gopigo3_node/share/ros2_gopigo3_node/hook/ament_prefix_path.dsv'
[18.246s] INFO:colcon.colcon_core.shell:Creating environment hook '/home/ubuntu/HumbleDave/ros2ws/install/ros2_gopigo3_node/share/ros2_gopigo3_node/hook/ament_prefix_path.sh'
[18.323s] INFO:colcon.colcon_core.shell:Skip shell extension 'powershell' for command environment: Not usable outside of PowerShell
[18.323s] DEBUG:colcon.colcon_core.shell:Skip shell extension 'dsv' for command environment
[18.650s] DEBUG:colcon.colcon_core.event_handler.log_command:Invoked command in '/home/ubuntu/HumbleDave/ros2ws/build/ydlidar_ros2_driver' returned '0': CMAKE_PREFIX_PATH=${CMAKE_PREFIX_PATH}:/home/ubuntu/HumbleDave/ros2ws/install/teleop_gopigo3_keyboard:/home/ubuntu/HumbleDave/ros2ws/install/scan_client:/home/ubuntu/HumbleDave/ros2ws/install/ros2_libcamera_pub:/home/ubuntu/HumbleDave/ros2ws/install/ros2_gopigo3_node:/home/ubuntu/ros2ws/install/teleop_gopigo3_keyboard:/home/ubuntu/ros2ws/install/ros2_libcamera_pub:/home/ubuntu/ros2ws/install/ros2_gopigo3_node:/opt/ros/humble /usr/bin/cmake --build /home/ubuntu/HumbleDave/ros2ws/build/ydlidar_ros2_driver -- -j4 -l4
[18.656s] Level 1:colcon.colcon_core.shell:create_environment_hook('scan_client', 'pythonpath_develop')
[18.659s] DEBUG:colcon.colcon_core.event_handler.log_command:Invoked command in '/home/ubuntu/HumbleDave/ros2ws/build/scan_client' returned '0': PYTHONPATH=/home/ubuntu/HumbleDave/ros2ws/build/scan_client/prefix_override:/home/ubuntu/HumbleDave/ros2ws/install/scan_client/lib/python3.10/site-packages:${PYTHONPATH} /usr/bin/python3 setup.py develop --editable --build-directory /home/ubuntu/HumbleDave/ros2ws/build/scan_client/build --no-deps install_data
[18.761s] INFO:colcon.colcon_core.shell:Creating environment hook '/home/ubuntu/HumbleDave/ros2ws/build/scan_client/share/scan_client/hook/pythonpath_develop.ps1'
[18.763s] INFO:colcon.colcon_core.shell:Creating environment descriptor '/home/ubuntu/HumbleDave/ros2ws/build/scan_client/share/scan_client/hook/pythonpath_develop.dsv'
[18.765s] INFO:colcon.colcon_core.shell:Creating environment hook '/home/ubuntu/HumbleDave/ros2ws/build/scan_client/share/scan_client/hook/pythonpath_develop.sh'
[18.865s] Level 1:colcon.colcon_core.environment:checking '/home/ubuntu/HumbleDave/ros2ws/install/scan_client' for CMake module files
[18.867s] Level 1:colcon.colcon_core.environment:checking '/home/ubuntu/HumbleDave/ros2ws/install/scan_client' for CMake config files
[18.870s] Level 1:colcon.colcon_core.environment:checking '/home/ubuntu/HumbleDave/ros2ws/install/scan_client/lib'
[18.871s] Level 1:colcon.colcon_core.environment:checking '/home/ubuntu/HumbleDave/ros2ws/install/scan_client/bin'
[18.871s] Level 1:colcon.colcon_core.environment:checking '/home/ubuntu/HumbleDave/ros2ws/install/scan_client/lib/pkgconfig/scan_client.pc'
[18.872s] Level 1:colcon.colcon_core.environment:checking '/home/ubuntu/HumbleDave/ros2ws/install/scan_client/lib/python3.10/site-packages'
[18.873s] Level 1:colcon.colcon_core.shell:create_environment_hook('scan_client', 'pythonpath')
[18.958s] INFO:colcon.colcon_core.shell:Creating environment hook '/home/ubuntu/HumbleDave/ros2ws/install/scan_client/share/scan_client/hook/pythonpath.ps1'
[18.961s] INFO:colcon.colcon_core.shell:Creating environment descriptor '/home/ubuntu/HumbleDave/ros2ws/install/scan_client/share/scan_client/hook/pythonpath.dsv'
[18.963s] INFO:colcon.colcon_core.shell:Creating environment hook '/home/ubuntu/HumbleDave/ros2ws/install/scan_client/share/scan_client/hook/pythonpath.sh'
[18.966s] Level 1:colcon.colcon_core.environment:checking '/home/ubuntu/HumbleDave/ros2ws/install/scan_client/bin'
[18.966s] Level 1:colcon.colcon_core.environment:create_environment_scripts_only(scan_client)
[19.053s] INFO:colcon.colcon_core.shell:Creating package script '/home/ubuntu/HumbleDave/ros2ws/install/scan_client/share/scan_client/package.ps1'
[19.056s] INFO:colcon.colcon_core.shell:Creating package descriptor '/home/ubuntu/HumbleDave/ros2ws/install/scan_client/share/scan_client/package.dsv'
[19.059s] INFO:colcon.colcon_core.shell:Creating package script '/home/ubuntu/HumbleDave/ros2ws/install/scan_client/share/scan_client/package.sh'
[19.061s] INFO:colcon.colcon_core.shell:Creating package script '/home/ubuntu/HumbleDave/ros2ws/install/scan_client/share/scan_client/package.bash'
[19.064s] INFO:colcon.colcon_core.shell:Creating package script '/home/ubuntu/HumbleDave/ros2ws/install/scan_client/share/scan_client/package.zsh'
[19.066s] Level 1:colcon.colcon_core.environment:create_file_with_runtime_dependencies(/home/ubuntu/HumbleDave/ros2ws/install/scan_client/share/colcon-core/packages/scan_client)
[19.082s] DEBUG:colcon.colcon_core.event_handler.log_command:Invoking command in '/home/ubuntu/HumbleDave/ros2ws/build/ydlidar_ros2_driver': CMAKE_PREFIX_PATH=${CMAKE_PREFIX_PATH}:/home/ubuntu/HumbleDave/ros2ws/install/teleop_gopigo3_keyboard:/home/ubuntu/HumbleDave/ros2ws/install/scan_client:/home/ubuntu/HumbleDave/ros2ws/install/ros2_libcamera_pub:/home/ubuntu/HumbleDave/ros2ws/install/ros2_gopigo3_node:/home/ubuntu/ros2ws/install/teleop_gopigo3_keyboard:/home/ubuntu/ros2ws/install/ros2_libcamera_pub:/home/ubuntu/ros2ws/install/ros2_gopigo3_node:/opt/ros/humble /usr/bin/cmake --install /home/ubuntu/HumbleDave/ros2ws/build/ydlidar_ros2_driver
[20.426s] INFO:colcon.colcon_core.task.python.build:Building Python package in '/home/ubuntu/HumbleDave/ros2ws/src/ros2_gopigo3_node'
[20.491s] INFO:colcon.colcon_core.shell:Skip shell extension 'powershell' for command environment: Not usable outside of PowerShell
[20.492s] DEBUG:colcon.colcon_core.shell:Skip shell extension 'dsv' for command environment
[20.785s] Level 1:colcon.colcon_core.environment:create_environment_scripts_only(ydlidar_ros2_driver)
[20.812s] DEBUG:colcon.colcon_core.event_handler.log_command:Invoking command in '/home/ubuntu/HumbleDave/ros2ws/build/teleop_gopigo3_keyboard': PYTHONPATH=/home/ubuntu/HumbleDave/ros2ws/build/teleop_gopigo3_keyboard/prefix_override:/home/ubuntu/HumbleDave/ros2ws/install/teleop_gopigo3_keyboard/lib/python3.10/site-packages:${PYTHONPATH} /usr/bin/python3 setup.py develop --editable --build-directory /home/ubuntu/HumbleDave/ros2ws/build/teleop_gopigo3_keyboard/build --no-deps install_data
[20.815s] DEBUG:colcon.colcon_core.event_handler.log_command:Invoked command in '/home/ubuntu/HumbleDave/ros2ws/build/ydlidar_ros2_driver' returned '0': CMAKE_PREFIX_PATH=${CMAKE_PREFIX_PATH}:/home/ubuntu/HumbleDave/ros2ws/install/teleop_gopigo3_keyboard:/home/ubuntu/HumbleDave/ros2ws/install/scan_client:/home/ubuntu/HumbleDave/ros2ws/install/ros2_libcamera_pub:/home/ubuntu/HumbleDave/ros2ws/install/ros2_gopigo3_node:/home/ubuntu/ros2ws/install/teleop_gopigo3_keyboard:/home/ubuntu/ros2ws/install/ros2_libcamera_pub:/home/ubuntu/ros2ws/install/ros2_gopigo3_node:/opt/ros/humble /usr/bin/cmake --install /home/ubuntu/HumbleDave/ros2ws/build/ydlidar_ros2_driver
[20.887s] Level 1:colcon.colcon_core.environment:checking '/home/ubuntu/HumbleDave/ros2ws/install/ydlidar_ros2_driver' for CMake module files
[20.890s] Level 1:colcon.colcon_core.environment:checking '/home/ubuntu/HumbleDave/ros2ws/install/ydlidar_ros2_driver' for CMake config files
[20.895s] Level 1:colcon.colcon_core.shell:create_environment_hook('ydlidar_ros2_driver', 'cmake_prefix_path')
[20.978s] INFO:colcon.colcon_core.shell:Creating environment hook '/home/ubuntu/HumbleDave/ros2ws/install/ydlidar_ros2_driver/share/ydlidar_ros2_driver/hook/cmake_prefix_path.ps1'
[20.980s] INFO:colcon.colcon_core.shell:Creating environment descriptor '/home/ubuntu/HumbleDave/ros2ws/install/ydlidar_ros2_driver/share/ydlidar_ros2_driver/hook/cmake_prefix_path.dsv'
[20.982s] INFO:colcon.colcon_core.shell:Creating environment hook '/home/ubuntu/HumbleDave/ros2ws/install/ydlidar_ros2_driver/share/ydlidar_ros2_driver/hook/cmake_prefix_path.sh'
[20.985s] Level 1:colcon.colcon_core.environment:checking '/home/ubuntu/HumbleDave/ros2ws/install/ydlidar_ros2_driver/lib'
[20.986s] Level 1:colcon.colcon_core.environment:checking '/home/ubuntu/HumbleDave/ros2ws/install/ydlidar_ros2_driver/bin'
[20.986s] Level 1:colcon.colcon_core.environment:checking '/home/ubuntu/HumbleDave/ros2ws/install/ydlidar_ros2_driver/lib/pkgconfig/ydlidar_ros2_driver.pc'
[20.987s] Level 1:colcon.colcon_core.environment:checking '/home/ubuntu/HumbleDave/ros2ws/install/ydlidar_ros2_driver/lib/python3.10/site-packages'
[20.988s] Level 1:colcon.colcon_core.environment:checking '/home/ubuntu/HumbleDave/ros2ws/install/ydlidar_ros2_driver/bin'
[21.075s] INFO:colcon.colcon_core.shell:Creating package script '/home/ubuntu/HumbleDave/ros2ws/install/ydlidar_ros2_driver/share/ydlidar_ros2_driver/package.ps1'
[21.077s] INFO:colcon.colcon_core.shell:Creating package descriptor '/home/ubuntu/HumbleDave/ros2ws/install/ydlidar_ros2_driver/share/ydlidar_ros2_driver/package.dsv'
[21.080s] INFO:colcon.colcon_core.shell:Creating package script '/home/ubuntu/HumbleDave/ros2ws/install/ydlidar_ros2_driver/share/ydlidar_ros2_driver/package.sh'
[21.082s] INFO:colcon.colcon_core.shell:Creating package script '/home/ubuntu/HumbleDave/ros2ws/install/ydlidar_ros2_driver/share/ydlidar_ros2_driver/package.bash'
[21.084s] INFO:colcon.colcon_core.shell:Creating package script '/home/ubuntu/HumbleDave/ros2ws/install/ydlidar_ros2_driver/share/ydlidar_ros2_driver/package.zsh'
[21.086s] Level 1:colcon.colcon_core.environment:create_file_with_runtime_dependencies(/home/ubuntu/HumbleDave/ros2ws/install/ydlidar_ros2_driver/share/colcon-core/packages/ydlidar_ros2_driver)
[21.409s] Level 1:colcon.colcon_core.environment:create_environment_scripts_only(ydlidar_ros2_driver)
[21.515s] Level 1:colcon.colcon_core.environment:checking '/home/ubuntu/HumbleDave/ros2ws/install/ydlidar_ros2_driver' for CMake module files
[21.520s] Level 1:colcon.colcon_core.environment:checking '/home/ubuntu/HumbleDave/ros2ws/install/ydlidar_ros2_driver' for CMake config files
[21.525s] Level 1:colcon.colcon_core.shell:create_environment_hook('ydlidar_ros2_driver', 'cmake_prefix_path')
[21.625s] INFO:colcon.colcon_core.shell:Creating environment hook '/home/ubuntu/HumbleDave/ros2ws/install/ydlidar_ros2_driver/share/ydlidar_ros2_driver/hook/cmake_prefix_path.ps1'
[21.627s] INFO:colcon.colcon_core.shell:Creating environment descriptor '/home/ubuntu/HumbleDave/ros2ws/install/ydlidar_ros2_driver/share/ydlidar_ros2_driver/hook/cmake_prefix_path.dsv'
[21.629s] INFO:colcon.colcon_core.shell:Creating environment hook '/home/ubuntu/HumbleDave/ros2ws/install/ydlidar_ros2_driver/share/ydlidar_ros2_driver/hook/cmake_prefix_path.sh'
[21.632s] Level 1:colcon.colcon_core.environment:checking '/home/ubuntu/HumbleDave/ros2ws/install/ydlidar_ros2_driver/lib'
[21.633s] Level 1:colcon.colcon_core.environment:checking '/home/ubuntu/HumbleDave/ros2ws/install/ydlidar_ros2_driver/bin'
[21.633s] Level 1:colcon.colcon_core.environment:checking '/home/ubuntu/HumbleDave/ros2ws/install/ydlidar_ros2_driver/lib/pkgconfig/ydlidar_ros2_driver.pc'
[21.635s] Level 1:colcon.colcon_core.environment:checking '/home/ubuntu/HumbleDave/ros2ws/install/ydlidar_ros2_driver/lib/python3.10/site-packages'
[21.636s] Level 1:colcon.colcon_core.environment:checking '/home/ubuntu/HumbleDave/ros2ws/install/ydlidar_ros2_driver/bin'
[21.732s] INFO:colcon.colcon_core.shell:Creating package script '/home/ubuntu/HumbleDave/ros2ws/install/ydlidar_ros2_driver/share/ydlidar_ros2_driver/package.ps1'
[21.735s] INFO:colcon.colcon_core.shell:Creating package descriptor '/home/ubuntu/HumbleDave/ros2ws/install/ydlidar_ros2_driver/share/ydlidar_ros2_driver/package.dsv'
[21.738s] INFO:colcon.colcon_core.shell:Creating package script '/home/ubuntu/HumbleDave/ros2ws/install/ydlidar_ros2_driver/share/ydlidar_ros2_driver/package.sh'
[21.741s] INFO:colcon.colcon_core.shell:Creating package script '/home/ubuntu/HumbleDave/ros2ws/install/ydlidar_ros2_driver/share/ydlidar_ros2_driver/package.bash'
[21.744s] INFO:colcon.colcon_core.shell:Creating package script '/home/ubuntu/HumbleDave/ros2ws/install/ydlidar_ros2_driver/share/ydlidar_ros2_driver/package.zsh'
[21.747s] Level 1:colcon.colcon_core.environment:create_file_with_runtime_dependencies(/home/ubuntu/HumbleDave/ros2ws/install/ydlidar_ros2_driver/share/colcon-core/packages/ydlidar_ros2_driver)
[23.070s] DEBUG:colcon.colcon_core.event_handler.log_command:Invoking command in '/home/ubuntu/HumbleDave/ros2ws/build/ros2_gopigo3_node': CMAKE_PREFIX_PATH=/home/ubuntu/HumbleDave/ros2ws/install/ros2_gopigo3_msg:/home/ubuntu/HumbleDave/ros2ws/install/ydlidar_ros2_driver:/home/ubuntu/ros2ws/install/ydlidar_ros2_driver:/home/ubuntu/ros2ws/install/ros2_gopigo3_msg PYTHONPATH=/home/ubuntu/HumbleDave/ros2ws/build/ros2_gopigo3_node/prefix_override:/home/ubuntu/HumbleDave/ros2ws/install/ros2_gopigo3_node/lib/python3.10/site-packages:${PYTHONPATH} /usr/bin/python3 setup.py develop --editable --build-directory /home/ubuntu/HumbleDave/ros2ws/build/ros2_gopigo3_node/build --no-deps install_data
[23.426s] Level 1:colcon.colcon_core.shell:create_environment_hook('teleop_gopigo3_keyboard', 'pythonpath_develop')
[23.428s] DEBUG:colcon.colcon_core.event_handler.log_command:Invoked command in '/home/ubuntu/HumbleDave/ros2ws/build/teleop_gopigo3_keyboard' returned '0': PYTHONPATH=/home/ubuntu/HumbleDave/ros2ws/build/teleop_gopigo3_keyboard/prefix_override:/home/ubuntu/HumbleDave/ros2ws/install/teleop_gopigo3_keyboard/lib/python3.10/site-packages:${PYTHONPATH} /usr/bin/python3 setup.py develop --editable --build-directory /home/ubuntu/HumbleDave/ros2ws/build/teleop_gopigo3_keyboard/build --no-deps install_data
[23.511s] INFO:colcon.colcon_core.shell:Creating environment hook '/home/ubuntu/HumbleDave/ros2ws/build/teleop_gopigo3_keyboard/share/teleop_gopigo3_keyboard/hook/pythonpath_develop.ps1'
[23.514s] INFO:colcon.colcon_core.shell:Creating environment descriptor '/home/ubuntu/HumbleDave/ros2ws/build/teleop_gopigo3_keyboard/share/teleop_gopigo3_keyboard/hook/pythonpath_develop.dsv'
[23.516s] INFO:colcon.colcon_core.shell:Creating environment hook '/home/ubuntu/HumbleDave/ros2ws/build/teleop_gopigo3_keyboard/share/teleop_gopigo3_keyboard/hook/pythonpath_develop.sh'
[23.598s] Level 1:colcon.colcon_core.environment:checking '/home/ubuntu/HumbleDave/ros2ws/install/teleop_gopigo3_keyboard' for CMake module files
[23.601s] Level 1:colcon.colcon_core.environment:checking '/home/ubuntu/HumbleDave/ros2ws/install/teleop_gopigo3_keyboard' for CMake config files
[23.605s] Level 1:colcon.colcon_core.environment:checking '/home/ubuntu/HumbleDave/ros2ws/install/teleop_gopigo3_keyboard/lib'
[23.606s] Level 1:colcon.colcon_core.environment:checking '/home/ubuntu/HumbleDave/ros2ws/install/teleop_gopigo3_keyboard/bin'
[23.607s] Level 1:colcon.colcon_core.environment:checking '/home/ubuntu/HumbleDave/ros2ws/install/teleop_gopigo3_keyboard/lib/pkgconfig/teleop_gopigo3_keyboard.pc'
[23.608s] Level 1:colcon.colcon_core.environment:checking '/home/ubuntu/HumbleDave/ros2ws/install/teleop_gopigo3_keyboard/lib/python3.10/site-packages'
[23.608s] Level 1:colcon.colcon_core.shell:create_environment_hook('teleop_gopigo3_keyboard', 'pythonpath')
[23.684s] INFO:colcon.colcon_core.shell:Creating environment hook '/home/ubuntu/HumbleDave/ros2ws/install/teleop_gopigo3_keyboard/share/teleop_gopigo3_keyboard/hook/pythonpath.ps1'
[23.686s] INFO:colcon.colcon_core.shell:Creating environment descriptor '/home/ubuntu/HumbleDave/ros2ws/install/teleop_gopigo3_keyboard/share/teleop_gopigo3_keyboard/hook/pythonpath.dsv'
[23.687s] INFO:colcon.colcon_core.shell:Creating environment hook '/home/ubuntu/HumbleDave/ros2ws/install/teleop_gopigo3_keyboard/share/teleop_gopigo3_keyboard/hook/pythonpath.sh'
[23.690s] Level 1:colcon.colcon_core.environment:checking '/home/ubuntu/HumbleDave/ros2ws/install/teleop_gopigo3_keyboard/bin'
[23.691s] Level 1:colcon.colcon_core.environment:create_environment_scripts_only(teleop_gopigo3_keyboard)
[23.767s] INFO:colcon.colcon_core.shell:Creating package script '/home/ubuntu/HumbleDave/ros2ws/install/teleop_gopigo3_keyboard/share/teleop_gopigo3_keyboard/package.ps1'
[23.770s] INFO:colcon.colcon_core.shell:Creating package descriptor '/home/ubuntu/HumbleDave/ros2ws/install/teleop_gopigo3_keyboard/share/teleop_gopigo3_keyboard/package.dsv'
[23.772s] INFO:colcon.colcon_core.shell:Creating package script '/home/ubuntu/HumbleDave/ros2ws/install/teleop_gopigo3_keyboard/share/teleop_gopigo3_keyboard/package.sh'
[23.775s] INFO:colcon.colcon_core.shell:Creating package script '/home/ubuntu/HumbleDave/ros2ws/install/teleop_gopigo3_keyboard/share/teleop_gopigo3_keyboard/package.bash'
[23.777s] INFO:colcon.colcon_core.shell:Creating package script '/home/ubuntu/HumbleDave/ros2ws/install/teleop_gopigo3_keyboard/share/teleop_gopigo3_keyboard/package.zsh'
[23.779s] Level 1:colcon.colcon_core.environment:create_file_with_runtime_dependencies(/home/ubuntu/HumbleDave/ros2ws/install/teleop_gopigo3_keyboard/share/colcon-core/packages/teleop_gopigo3_keyboard)
[25.275s] Level 1:colcon.colcon_core.shell:create_environment_hook('ros2_gopigo3_node', 'pythonpath_develop')
[25.276s] DEBUG:colcon.colcon_core.event_handler.log_command:Invoked command in '/home/ubuntu/HumbleDave/ros2ws/build/ros2_gopigo3_node' returned '0': CMAKE_PREFIX_PATH=/home/ubuntu/HumbleDave/ros2ws/install/ros2_gopigo3_msg:/home/ubuntu/HumbleDave/ros2ws/install/ydlidar_ros2_driver:/home/ubuntu/ros2ws/install/ydlidar_ros2_driver:/home/ubuntu/ros2ws/install/ros2_gopigo3_msg PYTHONPATH=/home/ubuntu/HumbleDave/ros2ws/build/ros2_gopigo3_node/prefix_override:/home/ubuntu/HumbleDave/ros2ws/install/ros2_gopigo3_node/lib/python3.10/site-packages:${PYTHONPATH} /usr/bin/python3 setup.py develop --editable --build-directory /home/ubuntu/HumbleDave/ros2ws/build/ros2_gopigo3_node/build --no-deps install_data
[25.340s] INFO:colcon.colcon_core.shell:Creating environment hook '/home/ubuntu/HumbleDave/ros2ws/build/ros2_gopigo3_node/share/ros2_gopigo3_node/hook/pythonpath_develop.ps1'
[25.342s] INFO:colcon.colcon_core.shell:Creating environment descriptor '/home/ubuntu/HumbleDave/ros2ws/build/ros2_gopigo3_node/share/ros2_gopigo3_node/hook/pythonpath_develop.dsv'
[25.344s] INFO:colcon.colcon_core.shell:Creating environment hook '/home/ubuntu/HumbleDave/ros2ws/build/ros2_gopigo3_node/share/ros2_gopigo3_node/hook/pythonpath_develop.sh'
[25.409s] Level 1:colcon.colcon_core.environment:checking '/home/ubuntu/HumbleDave/ros2ws/install/ros2_gopigo3_node' for CMake module files
[25.412s] Level 1:colcon.colcon_core.environment:checking '/home/ubuntu/HumbleDave/ros2ws/install/ros2_gopigo3_node' for CMake config files
[25.415s] Level 1:colcon.colcon_core.environment:checking '/home/ubuntu/HumbleDave/ros2ws/install/ros2_gopigo3_node/lib'
[25.415s] Level 1:colcon.colcon_core.environment:checking '/home/ubuntu/HumbleDave/ros2ws/install/ros2_gopigo3_node/bin'
[25.416s] Level 1:colcon.colcon_core.environment:checking '/home/ubuntu/HumbleDave/ros2ws/install/ros2_gopigo3_node/lib/pkgconfig/ros2_gopigo3_node.pc'
[25.416s] Level 1:colcon.colcon_core.environment:checking '/home/ubuntu/HumbleDave/ros2ws/install/ros2_gopigo3_node/lib/python3.10/site-packages'
[25.417s] Level 1:colcon.colcon_core.shell:create_environment_hook('ros2_gopigo3_node', 'pythonpath')
[25.481s] INFO:colcon.colcon_core.shell:Creating environment hook '/home/ubuntu/HumbleDave/ros2ws/install/ros2_gopigo3_node/share/ros2_gopigo3_node/hook/pythonpath.ps1'
[25.483s] INFO:colcon.colcon_core.shell:Creating environment descriptor '/home/ubuntu/HumbleDave/ros2ws/install/ros2_gopigo3_node/share/ros2_gopigo3_node/hook/pythonpath.dsv'
[25.484s] INFO:colcon.colcon_core.shell:Creating environment hook '/home/ubuntu/HumbleDave/ros2ws/install/ros2_gopigo3_node/share/ros2_gopigo3_node/hook/pythonpath.sh'
[25.487s] Level 1:colcon.colcon_core.environment:checking '/home/ubuntu/HumbleDave/ros2ws/install/ros2_gopigo3_node/bin'
[25.487s] Level 1:colcon.colcon_core.environment:create_environment_scripts_only(ros2_gopigo3_node)
[25.551s] INFO:colcon.colcon_core.shell:Creating package script '/home/ubuntu/HumbleDave/ros2ws/install/ros2_gopigo3_node/share/ros2_gopigo3_node/package.ps1'
[25.554s] INFO:colcon.colcon_core.shell:Creating package descriptor '/home/ubuntu/HumbleDave/ros2ws/install/ros2_gopigo3_node/share/ros2_gopigo3_node/package.dsv'
[25.556s] INFO:colcon.colcon_core.shell:Creating package script '/home/ubuntu/HumbleDave/ros2ws/install/ros2_gopigo3_node/share/ros2_gopigo3_node/package.sh'
[25.558s] INFO:colcon.colcon_core.shell:Creating package script '/home/ubuntu/HumbleDave/ros2ws/install/ros2_gopigo3_node/share/ros2_gopigo3_node/package.bash'
[25.560s] INFO:colcon.colcon_core.shell:Creating package script '/home/ubuntu/HumbleDave/ros2ws/install/ros2_gopigo3_node/share/ros2_gopigo3_node/package.zsh'
[25.562s] Level 1:colcon.colcon_core.environment:create_file_with_runtime_dependencies(/home/ubuntu/HumbleDave/ros2ws/install/ros2_gopigo3_node/share/colcon-core/packages/ros2_gopigo3_node)
[25.563s] DEBUG:colcon.colcon_parallel_executor.executor.parallel:closing loop
[25.564s] DEBUG:colcon.colcon_parallel_executor.executor.parallel:loop closed
[25.565s] DEBUG:colcon.colcon_parallel_executor.executor.parallel:run_until_complete finished with '0'
[25.565s] DEBUG:colcon.colcon_core.event_reactor:joining thread
[25.652s] INFO:colcon.colcon_core.plugin_system:Skipping extension 'colcon_notification.desktop_notification.notify_send': Could not find 'notify-send'
[25.652s] INFO:colcon.colcon_core.plugin_system:Skipping extension 'colcon_notification.desktop_notification.terminal_notifier': Not used on non-Darwin systems
[25.653s] INFO:colcon.colcon_core.plugin_system:Skipping extension 'colcon_notification.desktop_notification.win32': Not used on non-Windows systems
[25.653s] INFO:colcon.colcon_notification.desktop_notification:Sending desktop notification using 'notify2'
[25.656s] DEBUG:colcon.colcon_notification.desktop_notification.notify2:Failed to initialize notify2: org.freedesktop.DBus.Error.ServiceUnknown: The name org.freedesktop.Notifications was not provided by any .service files
[25.656s] DEBUG:colcon.colcon_core.event_reactor:joined thread
[25.722s] INFO:colcon.colcon_core.shell:Creating prefix script '/home/ubuntu/HumbleDave/ros2ws/install/local_setup.ps1'
[25.726s] INFO:colcon.colcon_core.shell:Creating prefix util module '/home/ubuntu/HumbleDave/ros2ws/install/_local_setup_util_ps1.py'
[25.731s] INFO:colcon.colcon_core.shell:Creating prefix chain script '/home/ubuntu/HumbleDave/ros2ws/install/setup.ps1'
[25.800s] INFO:colcon.colcon_core.shell:Creating prefix script '/home/ubuntu/HumbleDave/ros2ws/install/local_setup.sh'
[25.802s] INFO:colcon.colcon_core.shell:Creating prefix util module '/home/ubuntu/HumbleDave/ros2ws/install/_local_setup_util_sh.py'
[25.805s] INFO:colcon.colcon_core.shell:Creating prefix chain script '/home/ubuntu/HumbleDave/ros2ws/install/setup.sh'
[25.874s] INFO:colcon.colcon_core.shell:Creating prefix script '/home/ubuntu/HumbleDave/ros2ws/install/local_setup.bash'
[25.876s] INFO:colcon.colcon_core.shell:Creating prefix chain script '/home/ubuntu/HumbleDave/ros2ws/install/setup.bash'
[25.945s] INFO:colcon.colcon_core.shell:Creating prefix script '/home/ubuntu/HumbleDave/ros2ws/install/local_setup.zsh'
[25.947s] INFO:colcon.colcon_core.shell:Creating prefix chain script '/home/ubuntu/HumbleDave/ros2ws/install/setup.zsh'
