-- The C compiler identification is GNU 11.4.0
-- The CXX compiler identification is GNU 11.4.0
-- Detecting C compiler ABI info
-- Detecting C compiler ABI info - done
-- Check for working C compiler: /usr/bin/cc - skipped
-- Detecting C compile features
-- Detecting C compile features - done
-- Detecting CXX compiler ABI info
-- Detecting CXX compiler ABI info - done
-- Check for working CXX compiler: /usr/bin/c++ - skipped
-- Detecting CXX compile features
-- Detecting CXX compile features - done
-- Found ament_cmake: 1.3.6 (/opt/ros/humble/share/ament_cmake/cmake)
-- Found Python3: /usr/bin/python3.10 (found version "3.10.12") found components: Interpreter 
-- Override CMake install command with custom implementation using symlinks instead of copying resources
-- Found ament_lint_auto: 0.12.9 (/opt/ros/humble/share/ament_lint_auto/cmake)
-- Added test 'copyright' to check source files copyright and LICENSE
-- Added test 'flake8' to check Python code syntax and style conventions
-- Added test 'lint_cmake' to check CMake code style
-- Added test 'pep257' to check Python code against some of the docstring style conventions in PEP 257
-- Added test 'xmllint' to check XML markup files
-- Configuring done
-- Generating done
-- Build files have been written to: /home/ubuntu/HumbleDave2/ros2ws/build/gopigo3_navigation
Built target ament_cmake_python_symlink_gopigo3_navigation
running egg_info
creating gopigo3_navigation.egg-info
writing gopigo3_navigation.egg-info/PKG-INFO
writing dependency_links to gopigo3_navigation.egg-info/dependency_links.txt
writing top-level names to gopigo3_navigation.egg-info/top_level.txt
writing manifest file 'gopigo3_navigation.egg-info/SOURCES.txt'
reading manifest file 'gopigo3_navigation.egg-info/SOURCES.txt'
writing manifest file 'gopigo3_navigation.egg-info/SOURCES.txt'
Built target ament_cmake_python_build_gopigo3_navigation_egg
-- Install configuration: ""
-- Execute custom install script
-- Symlinking: /home/ubuntu/HumbleDave2/ros2ws/install/gopigo3_navigation/share/gopigo3_navigation/config/localization.yaml
-- Symlinking: /home/ubuntu/HumbleDave2/ros2ws/install/gopigo3_navigation/share/gopigo3_navigation/config/nav2.yaml
-- Symlinking: /home/ubuntu/HumbleDave2/ros2ws/install/gopigo3_navigation/share/gopigo3_navigation/config/slam.tb4.yaml
-- Symlinking: /home/ubuntu/HumbleDave2/ros2ws/install/gopigo3_navigation/share/gopigo3_navigation/config/slam.yaml
-- Symlinking: /home/ubuntu/HumbleDave2/ros2ws/install/gopigo3_navigation/share/gopigo3_navigation/launch/localization.launch.py
-- Symlinking: /home/ubuntu/HumbleDave2/ros2ws/install/gopigo3_navigation/share/gopigo3_navigation/launch/nav2.launch.py
-- Symlinking: /home/ubuntu/HumbleDave2/ros2ws/install/gopigo3_navigation/share/gopigo3_navigation/launch/slam.launch.py
-- Symlinking: /home/ubuntu/HumbleDave2/ros2ws/install/gopigo3_navigation/share/gopigo3_navigation/maps/depot.pgm
-- Symlinking: /home/ubuntu/HumbleDave2/ros2ws/install/gopigo3_navigation/share/gopigo3_navigation/maps/depot.yaml
-- Symlinking: /home/ubuntu/HumbleDave2/ros2ws/install/gopigo3_navigation/share/gopigo3_navigation/maps/maze.pgm
-- Symlinking: /home/ubuntu/HumbleDave2/ros2ws/install/gopigo3_navigation/share/gopigo3_navigation/maps/maze.yaml
-- Symlinking: /home/ubuntu/HumbleDave2/ros2ws/install/gopigo3_navigation/share/gopigo3_navigation/maps/warehouse.pgm
-- Symlinking: /home/ubuntu/HumbleDave2/ros2ws/install/gopigo3_navigation/share/gopigo3_navigation/maps/warehouse.yaml
-- Symlinking: /home/ubuntu/HumbleDave2/ros2ws/install/gopigo3_navigation/share/gopigo3_navigation/environment/pythonpath.sh
-- Symlinking: /home/ubuntu/HumbleDave2/ros2ws/install/gopigo3_navigation/share/gopigo3_navigation/environment/pythonpath.dsv
-- Symlinking: /home/ubuntu/HumbleDave2/ros2ws/install/gopigo3_navigation/local/lib/python3.10/dist-packages/gopigo3_navigation-1.0.4-py3.10.egg-info/PKG-INFO
-- Symlinking: /home/ubuntu/HumbleDave2/ros2ws/install/gopigo3_navigation/local/lib/python3.10/dist-packages/gopigo3_navigation-1.0.4-py3.10.egg-info/SOURCES.txt
-- Symlinking: /home/ubuntu/HumbleDave2/ros2ws/install/gopigo3_navigation/local/lib/python3.10/dist-packages/gopigo3_navigation-1.0.4-py3.10.egg-info/dependency_links.txt
-- Symlinking: /home/ubuntu/HumbleDave2/ros2ws/install/gopigo3_navigation/local/lib/python3.10/dist-packages/gopigo3_navigation-1.0.4-py3.10.egg-info/top_level.txt
-- Symlinking: /home/ubuntu/HumbleDave2/ros2ws/install/gopigo3_navigation/local/lib/python3.10/dist-packages/gopigo3_navigation/__init__.py
-- Symlinking: /home/ubuntu/HumbleDave2/ros2ws/install/gopigo3_navigation/local/lib/python3.10/dist-packages/gopigo3_navigation/gopigo3_navigator.py
-- Symlinking: /home/ubuntu/HumbleDave2/ros2ws/install/gopigo3_navigation/local/lib/python3.10/dist-packages/gopigo3_navigator.py
-- Symlinking: /home/ubuntu/HumbleDave2/ros2ws/install/gopigo3_navigation/share/ament_index/resource_index/package_run_dependencies/gopigo3_navigation
-- Symlinking: /home/ubuntu/HumbleDave2/ros2ws/install/gopigo3_navigation/share/ament_index/resource_index/parent_prefix_path/gopigo3_navigation
-- Symlinking: /home/ubuntu/HumbleDave2/ros2ws/install/gopigo3_navigation/share/gopigo3_navigation/environment/ament_prefix_path.sh
-- Symlinking: /home/ubuntu/HumbleDave2/ros2ws/install/gopigo3_navigation/share/gopigo3_navigation/environment/ament_prefix_path.dsv
-- Symlinking: /home/ubuntu/HumbleDave2/ros2ws/install/gopigo3_navigation/share/gopigo3_navigation/environment/path.sh
-- Symlinking: /home/ubuntu/HumbleDave2/ros2ws/install/gopigo3_navigation/share/gopigo3_navigation/environment/path.dsv
-- Symlinking: /home/ubuntu/HumbleDave2/ros2ws/install/gopigo3_navigation/share/gopigo3_navigation/local_setup.bash
-- Symlinking: /home/ubuntu/HumbleDave2/ros2ws/install/gopigo3_navigation/share/gopigo3_navigation/local_setup.sh
-- Symlinking: /home/ubuntu/HumbleDave2/ros2ws/install/gopigo3_navigation/share/gopigo3_navigation/local_setup.zsh
-- Symlinking: /home/ubuntu/HumbleDave2/ros2ws/install/gopigo3_navigation/share/gopigo3_navigation/local_setup.dsv
-- Symlinking: /home/ubuntu/HumbleDave2/ros2ws/install/gopigo3_navigation/share/gopigo3_navigation/package.dsv
-- Symlinking: /home/ubuntu/HumbleDave2/ros2ws/install/gopigo3_navigation/share/ament_index/resource_index/packages/gopigo3_navigation
-- Symlinking: /home/ubuntu/HumbleDave2/ros2ws/install/gopigo3_navigation/share/gopigo3_navigation/cmake/gopigo3_navigationConfig.cmake
-- Symlinking: /home/ubuntu/HumbleDave2/ros2ws/install/gopigo3_navigation/share/gopigo3_navigation/cmake/gopigo3_navigationConfig-version.cmake
-- Symlinking: /home/ubuntu/HumbleDave2/ros2ws/install/gopigo3_navigation/share/gopigo3_navigation/package.xml
Listing '/home/ubuntu/HumbleDave2/ros2ws/install/gopigo3_navigation/local/lib/python3.10/dist-packages/gopigo3_navigation'...
Compiling '/home/ubuntu/HumbleDave2/ros2ws/install/gopigo3_navigation/local/lib/python3.10/dist-packages/gopigo3_navigation/__init__.py'...
Compiling '/home/ubuntu/HumbleDave2/ros2ws/install/gopigo3_navigation/local/lib/python3.10/dist-packages/gopigo3_navigation/gopigo3_navigator.py'...
Compiling '/home/ubuntu/HumbleDave2/ros2ws/install/gopigo3_navigation/local/lib/python3.10/dist-packages/gopigo3_navigator.py'...
