[8.381s] Invoking command in '/home/ubuntu/HumbleDave/ros2ws/build/teleop_gopigo3_keyboard': PYTHONPATH=/home/ubuntu/HumbleDave/ros2ws/build/teleop_gopigo3_keyboard/prefix_override:/home/ubuntu/HumbleDave/ros2ws/install/teleop_gopigo3_keyboard/lib/python3.10/site-packages:${PYTHONPATH} /usr/bin/python3 setup.py develop --editable --build-directory /home/ubuntu/HumbleDave/ros2ws/build/teleop_gopigo3_keyboard/build --no-deps install_data
[11.016s] running develop
[12.140s] running egg_info
[12.141s] creating teleop_gopigo3_keyboard.egg-info
[12.142s] writing teleop_gopigo3_keyboard.egg-info/PKG-INFO
[12.145s] writing dependency_links to teleop_gopigo3_keyboard.egg-info/dependency_links.txt
[12.147s] writing entry points to teleop_gopigo3_keyboard.egg-info/entry_points.txt
[12.149s] writing requirements to teleop_gopigo3_keyboard.egg-info/requires.txt
[12.152s] writing top-level names to teleop_gopigo3_keyboard.egg-info/top_level.txt
[12.154s] writing manifest file 'teleop_gopigo3_keyboard.egg-info/SOURCES.txt'
[12.160s] reading manifest file 'teleop_gopigo3_keyboard.egg-info/SOURCES.txt'
[12.164s] writing manifest file 'teleop_gopigo3_keyboard.egg-info/SOURCES.txt'
[12.176s] running build_ext
[12.177s] Creating /home/ubuntu/HumbleDave/ros2ws/install/teleop_gopigo3_keyboard/lib/python3.10/site-packages/teleop-gopigo3-keyboard.egg-link (link to .)
[12.181s] Installing teleop_gopigo3_keyboard script to /home/ubuntu/HumbleDave/ros2ws/install/teleop_gopigo3_keyboard/lib/teleop_gopigo3_keyboard
[12.182s] 
[12.183s] Installed /home/ubuntu/HumbleDave/ros2ws/build/teleop_gopigo3_keyboard
[12.184s] running install_data
[12.185s] creating /home/ubuntu/HumbleDave/ros2ws/install/teleop_gopigo3_keyboard/share/ament_index
[12.185s] creating /home/ubuntu/HumbleDave/ros2ws/install/teleop_gopigo3_keyboard/share/ament_index/resource_index
[12.186s] creating /home/ubuntu/HumbleDave/ros2ws/install/teleop_gopigo3_keyboard/share/ament_index/resource_index/packages
[12.187s] copying resource/teleop_gopigo3_keyboard -> /home/ubuntu/HumbleDave/ros2ws/install/teleop_gopigo3_keyboard/share/ament_index/resource_index/packages
[12.189s] copying package.xml -> /home/ubuntu/HumbleDave/ros2ws/install/teleop_gopigo3_keyboard/share/teleop_gopigo3_keyboard
[12.432s] Invoked command in '/home/ubuntu/HumbleDave/ros2ws/build/teleop_gopigo3_keyboard' returned '0': PYTHONPATH=/home/ubuntu/HumbleDave/ros2ws/build/teleop_gopigo3_keyboard/prefix_override:/home/ubuntu/HumbleDave/ros2ws/install/teleop_gopigo3_keyboard/lib/python3.10/site-packages:${PYTHONPATH} /usr/bin/python3 setup.py develop --editable --build-directory /home/ubuntu/HumbleDave/ros2ws/build/teleop_gopigo3_keyboard/build --no-deps install_data
