[9.538s] Invoking command in '/home/ubuntu/HumbleDave/ros2ws/build/HoROS8': PYTHONPATH=/home/ubuntu/HumbleDave/ros2ws/build/HoROS8/prefix_override:/home/ubuntu/HumbleDave/ros2ws/install/HoROS8/lib/python3.10/site-packages:${PYTHONPATH} /usr/bin/python3 setup.py develop --editable --build-directory /home/ubuntu/HumbleDave/ros2ws/build/HoROS8/build --no-deps install_data
[11.581s] running develop
[13.773s] running egg_info
[13.774s] creating HoROS8.egg-info
[13.778s] writing HoROS8.egg-info/PKG-INFO
[13.779s] writing dependency_links to HoROS8.egg-info/dependency_links.txt
[13.780s] writing entry points to HoROS8.egg-info/entry_points.txt
[13.781s] writing requirements to HoROS8.egg-info/requires.txt
[13.781s] writing top-level names to HoROS8.egg-info/top_level.txt
[13.782s] writing manifest file 'HoROS8.egg-info/SOURCES.txt'
[13.802s] reading manifest file 'HoROS8.egg-info/SOURCES.txt'
[13.803s] writing manifest file 'HoROS8.egg-info/SOURCES.txt'
[13.822s] running build_ext
[13.823s] Creating /home/ubuntu/HumbleDave/ros2ws/install/HoROS8/lib/python3.10/site-packages/HoROS8.egg-link (link to .)
[13.825s] Installing wanderAround script to /home/ubuntu/HumbleDave/ros2ws/install/HoROS8/lib/HoROS8
[13.829s] 
[13.830s] Installed /home/ubuntu/HumbleDave/ros2ws/build/HoROS8
[13.831s] running install_data
[13.831s] creating /home/ubuntu/HumbleDave/ros2ws/install/HoROS8/share/ament_index
[13.833s] creating /home/ubuntu/HumbleDave/ros2ws/install/HoROS8/share/ament_index/resource_index
[13.834s] creating /home/ubuntu/HumbleDave/ros2ws/install/HoROS8/share/ament_index/resource_index/packages
[13.836s] copying resource/HoROS8 -> /home/ubuntu/HumbleDave/ros2ws/install/HoROS8/share/ament_index/resource_index/packages
[13.837s] copying package.xml -> /home/ubuntu/HumbleDave/ros2ws/install/HoROS8/share/HoROS8
[15.928s] Invoked command in '/home/ubuntu/HumbleDave/ros2ws/build/HoROS8' returned '0': PYTHONPATH=/home/ubuntu/HumbleDave/ros2ws/build/HoROS8/prefix_override:/home/ubuntu/HumbleDave/ros2ws/install/HoROS8/lib/python3.10/site-packages:${PYTHONPATH} /usr/bin/python3 setup.py develop --editable --build-directory /home/ubuntu/HumbleDave/ros2ws/build/HoROS8/build --no-deps install_data
