[8.226s] Invoking command in '/home/ubuntu/HumbleDave/ros2ws/build/scan_client': PYTHONPATH=/home/ubuntu/HumbleDave/ros2ws/build/scan_client/prefix_override:/home/ubuntu/HumbleDave/ros2ws/install/scan_client/lib/python3.10/site-packages:${PYTHONPATH} /usr/bin/python3 setup.py develop --editable --build-directory /home/ubuntu/HumbleDave/ros2ws/build/scan_client/build --no-deps install_data
[10.076s] running develop
[11.334s] running egg_info
[11.335s] creating scan_client.egg-info
[11.337s] writing scan_client.egg-info/PKG-INFO
[11.338s] writing dependency_links to scan_client.egg-info/dependency_links.txt
[11.339s] writing entry points to scan_client.egg-info/entry_points.txt
[11.347s] writing requirements to scan_client.egg-info/requires.txt
[11.350s] writing top-level names to scan_client.egg-info/top_level.txt
[11.352s] writing manifest file 'scan_client.egg-info/SOURCES.txt'
[11.357s] reading manifest file 'scan_client.egg-info/SOURCES.txt'
[11.371s] writing manifest file 'scan_client.egg-info/SOURCES.txt'
[11.383s] running build_ext
[11.390s] Creating /home/ubuntu/HumbleDave/ros2ws/install/scan_client/lib/python3.10/site-packages/scan-client.egg-link (link to .)
[11.396s] Installing scan_client script to /home/ubuntu/HumbleDave/ros2ws/install/scan_client/lib/scan_client
[11.420s] 
[11.430s] Installed /home/ubuntu/HumbleDave/ros2ws/build/scan_client
[11.436s] running install_data
[11.460s] creating /home/ubuntu/HumbleDave/ros2ws/install/scan_client/share/ament_index
[11.469s] creating /home/ubuntu/HumbleDave/ros2ws/install/scan_client/share/ament_index/resource_index
[11.474s] creating /home/ubuntu/HumbleDave/ros2ws/install/scan_client/share/ament_index/resource_index/packages
[11.484s] copying resource/scan_client -> /home/ubuntu/HumbleDave/ros2ws/install/scan_client/share/ament_index/resource_index/packages
[11.488s] copying package.xml -> /home/ubuntu/HumbleDave/ros2ws/install/scan_client/share/scan_client
[12.096s] Invoked command in '/home/ubuntu/HumbleDave/ros2ws/build/scan_client' returned '0': PYTHONPATH=/home/ubuntu/HumbleDave/ros2ws/build/scan_client/prefix_override:/home/ubuntu/HumbleDave/ros2ws/install/scan_client/lib/python3.10/site-packages:${PYTHONPATH} /usr/bin/python3 setup.py develop --editable --build-directory /home/ubuntu/HumbleDave/ros2ws/build/scan_client/build --no-deps install_data
