[9.897s] Invoking command in '/home/ubuntu/HumbleDave/ros2ws/build/explorer_wanderer': PYTHONPATH=/home/ubuntu/HumbleDave/ros2ws/build/explorer_wanderer/prefix_override:/home/ubuntu/HumbleDave/ros2ws/install/explorer_wanderer/lib/python3.10/site-packages:${PYTHONPATH} /usr/bin/python3 setup.py develop --editable --build-directory /home/ubuntu/HumbleDave/ros2ws/build/explorer_wanderer/build --no-deps install_data
[11.254s] /home/ubuntu/.local/lib/python3.10/site-packages/setuptools/dist.py:717: UserWarning: Usage of dash-separated 'script-dir' will not be supported in future versions. Please use the underscore name 'script_dir' instead
[11.255s]   warnings.warn(
[11.545s] running develop
[12.701s] running egg_info
[12.702s] creating explorer_wanderer.egg-info
[12.705s] writing explorer_wanderer.egg-info/PKG-INFO
[12.707s] writing dependency_links to explorer_wanderer.egg-info/dependency_links.txt
[12.709s] writing entry points to explorer_wanderer.egg-info/entry_points.txt
[12.712s] writing requirements to explorer_wanderer.egg-info/requires.txt
[12.714s] writing top-level names to explorer_wanderer.egg-info/top_level.txt
[12.716s] writing manifest file 'explorer_wanderer.egg-info/SOURCES.txt'
[12.726s] reading manifest file 'explorer_wanderer.egg-info/SOURCES.txt'
[12.731s] writing manifest file 'explorer_wanderer.egg-info/SOURCES.txt'
[12.742s] running build_ext
[12.745s] Creating /home/ubuntu/HumbleDave/ros2ws/install/explorer_wanderer/lib/python3.10/site-packages/explorer-wanderer.egg-link (link to .)
[12.750s] Installing discoverer_server script to /home/ubuntu/HumbleDave/ros2ws/install/explorer_wanderer/lib/explorer_wanderer
[12.753s] Installing wanderer script to /home/ubuntu/HumbleDave/ros2ws/install/explorer_wanderer/lib/explorer_wanderer
[12.755s] Installing wanderer_server script to /home/ubuntu/HumbleDave/ros2ws/install/explorer_wanderer/lib/explorer_wanderer
[12.758s] 
[12.759s] Installed /home/ubuntu/HumbleDave/ros2ws/build/explorer_wanderer
[12.762s] running install_data
[12.770s] creating /home/ubuntu/HumbleDave/ros2ws/install/explorer_wanderer/share/ament_index
[12.772s] creating /home/ubuntu/HumbleDave/ros2ws/install/explorer_wanderer/share/ament_index/resource_index
[12.773s] creating /home/ubuntu/HumbleDave/ros2ws/install/explorer_wanderer/share/ament_index/resource_index/packages
[12.776s] copying resource/explorer_wanderer -> /home/ubuntu/HumbleDave/ros2ws/install/explorer_wanderer/share/ament_index/resource_index/packages
[12.779s] copying package.xml -> /home/ubuntu/HumbleDave/ros2ws/install/explorer_wanderer/share/explorer_wanderer
[14.018s] Invoked command in '/home/ubuntu/HumbleDave/ros2ws/build/explorer_wanderer' returned '0': PYTHONPATH=/home/ubuntu/HumbleDave/ros2ws/build/explorer_wanderer/prefix_override:/home/ubuntu/HumbleDave/ros2ws/install/explorer_wanderer/lib/python3.10/site-packages:${PYTHONPATH} /usr/bin/python3 setup.py develop --editable --build-directory /home/ubuntu/HumbleDave/ros2ws/build/explorer_wanderer/build --no-deps install_data
