[6.166s] Invoking command in '/home/ubuntu/HumbleDave/ros2ws/build/ros2_gopigo3_node': CMAKE_PREFIX_PATH=/home/ubuntu/HumbleDave/ros2ws/install/ros2_gopigo3_msg:/home/ubuntu/HumbleDave/ros2ws/install/gopigo3_navigation:/home/ubuntu/HumbleDave/ros2ws/install/mpu9250driver:/home/ubuntu/HumbleDave/ros2ws/install/ydlidar_ros2_driver:/home/ubuntu/HumbleDave/ros2ws/install/gopigo3_ekf PYTHONPATH=/home/ubuntu/HumbleDave/ros2ws/build/ros2_gopigo3_node/prefix_override:/home/ubuntu/HumbleDave/ros2ws/install/ros2_gopigo3_node/lib/python3.10/site-packages:${PYTHONPATH} /usr/bin/python3 setup.py develop --editable --build-directory /home/ubuntu/HumbleDave/ros2ws/build/ros2_gopigo3_node/build --no-deps install_data
[7.965s] running develop
[8.860s] running egg_info
[8.860s] writing ros2_gopigo3_node.egg-info/PKG-INFO
[8.861s] writing dependency_links to ros2_gopigo3_node.egg-info/dependency_links.txt
[8.862s] writing entry points to ros2_gopigo3_node.egg-info/entry_points.txt
[8.863s] writing requirements to ros2_gopigo3_node.egg-info/requires.txt
[8.864s] writing top-level names to ros2_gopigo3_node.egg-info/top_level.txt
[8.871s] reading manifest file 'ros2_gopigo3_node.egg-info/SOURCES.txt'
[8.875s] writing manifest file 'ros2_gopigo3_node.egg-info/SOURCES.txt'
[8.883s] running build_ext
[8.884s] Creating /home/ubuntu/HumbleDave/ros2ws/install/ros2_gopigo3_node/lib/python3.10/site-packages/ros2-gopigo3-node.egg-link (link to .)
[8.887s] Installing distance_sensor script to /home/ubuntu/HumbleDave/ros2ws/install/ros2_gopigo3_node/lib/ros2_gopigo3_node
[8.888s] Installing distance_sensor_subscriber script to /home/ubuntu/HumbleDave/ros2ws/install/ros2_gopigo3_node/lib/ros2_gopigo3_node
[8.889s] Installing gopigo3_node script to /home/ubuntu/HumbleDave/ros2ws/install/ros2_gopigo3_node/lib/ros2_gopigo3_node
[8.890s] Installing imu_sensor script to /home/ubuntu/HumbleDave/ros2ws/install/ros2_gopigo3_node/lib/ros2_gopigo3_node
[8.890s] Installing odometer script to /home/ubuntu/HumbleDave/ros2ws/install/ros2_gopigo3_node/lib/ros2_gopigo3_node
[8.891s] Installing ultrasonic_ranger script to /home/ubuntu/HumbleDave/ros2ws/install/ros2_gopigo3_node/lib/ros2_gopigo3_node
[8.893s] 
[8.893s] Installed /home/ubuntu/HumbleDave/ros2ws/build/ros2_gopigo3_node
[8.893s] running install_data
[9.043s] Invoked command in '/home/ubuntu/HumbleDave/ros2ws/build/ros2_gopigo3_node' returned '0': CMAKE_PREFIX_PATH=/home/ubuntu/HumbleDave/ros2ws/install/ros2_gopigo3_msg:/home/ubuntu/HumbleDave/ros2ws/install/gopigo3_navigation:/home/ubuntu/HumbleDave/ros2ws/install/mpu9250driver:/home/ubuntu/HumbleDave/ros2ws/install/ydlidar_ros2_driver:/home/ubuntu/HumbleDave/ros2ws/install/gopigo3_ekf PYTHONPATH=/home/ubuntu/HumbleDave/ros2ws/build/ros2_gopigo3_node/prefix_override:/home/ubuntu/HumbleDave/ros2ws/install/ros2_gopigo3_node/lib/python3.10/site-packages:${PYTHONPATH} /usr/bin/python3 setup.py develop --editable --build-directory /home/ubuntu/HumbleDave/ros2ws/build/ros2_gopigo3_node/build --no-deps install_data
