[4.687s] Invoking command in '/home/ubuntu/HumbleDave/ros2ws/build/ros2_gopigo3_node': CMAKE_PREFIX_PATH=/home/ubuntu/HumbleDave/ros2ws/install/ros2_gopigo3_msg:/home/ubuntu/HumbleDave/ros2ws/install/ydlidar_ros2_driver:/home/ubuntu/ros2ws/install/ydlidar_ros2_driver:/home/ubuntu/ros2ws/install/ros2_gopigo3_msg PYTHONPATH=/home/ubuntu/HumbleDave/ros2ws/build/ros2_gopigo3_node/prefix_override:/home/ubuntu/HumbleDave/ros2ws/install/ros2_gopigo3_node/lib/python3.10/site-packages:${PYTHONPATH} /usr/bin/python3 setup.py develop --editable --build-directory /home/ubuntu/HumbleDave/ros2ws/build/ros2_gopigo3_node/build --no-deps install_data
[5.875s] running develop
[6.568s] running egg_info
[6.569s] writing ros2_gopigo3_node.egg-info/PKG-INFO
[6.570s] writing dependency_links to ros2_gopigo3_node.egg-info/dependency_links.txt
[6.571s] writing entry points to ros2_gopigo3_node.egg-info/entry_points.txt
[6.572s] writing requirements to ros2_gopigo3_node.egg-info/requires.txt
[6.572s] writing top-level names to ros2_gopigo3_node.egg-info/top_level.txt
[6.580s] reading manifest file 'ros2_gopigo3_node.egg-info/SOURCES.txt'
[6.584s] writing manifest file 'ros2_gopigo3_node.egg-info/SOURCES.txt'
[6.591s] running build_ext
[6.592s] Creating /home/ubuntu/HumbleDave/ros2ws/install/ros2_gopigo3_node/lib/python3.10/site-packages/ros2-gopigo3-node.egg-link (link to .)
[6.595s] Installing distance_sensor script to /home/ubuntu/HumbleDave/ros2ws/install/ros2_gopigo3_node/lib/ros2_gopigo3_node
[6.596s] Installing distance_sensor_subscriber script to /home/ubuntu/HumbleDave/ros2ws/install/ros2_gopigo3_node/lib/ros2_gopigo3_node
[6.597s] Installing gopigo3_node script to /home/ubuntu/HumbleDave/ros2ws/install/ros2_gopigo3_node/lib/ros2_gopigo3_node
[6.598s] Installing imu_sensor script to /home/ubuntu/HumbleDave/ros2ws/install/ros2_gopigo3_node/lib/ros2_gopigo3_node
[6.598s] Installing odometer script to /home/ubuntu/HumbleDave/ros2ws/install/ros2_gopigo3_node/lib/ros2_gopigo3_node
[6.599s] Installing ultrasonic_ranger script to /home/ubuntu/HumbleDave/ros2ws/install/ros2_gopigo3_node/lib/ros2_gopigo3_node
[6.601s] 
[6.601s] Installed /home/ubuntu/HumbleDave/ros2ws/build/ros2_gopigo3_node
[6.601s] running install_data
[6.749s] Invoked command in '/home/ubuntu/HumbleDave/ros2ws/build/ros2_gopigo3_node' returned '0': CMAKE_PREFIX_PATH=/home/ubuntu/HumbleDave/ros2ws/install/ros2_gopigo3_msg:/home/ubuntu/HumbleDave/ros2ws/install/ydlidar_ros2_driver:/home/ubuntu/ros2ws/install/ydlidar_ros2_driver:/home/ubuntu/ros2ws/install/ros2_gopigo3_msg PYTHONPATH=/home/ubuntu/HumbleDave/ros2ws/build/ros2_gopigo3_node/prefix_override:/home/ubuntu/HumbleDave/ros2ws/install/ros2_gopigo3_node/lib/python3.10/site-packages:${PYTHONPATH} /usr/bin/python3 setup.py develop --editable --build-directory /home/ubuntu/HumbleDave/ros2ws/build/ros2_gopigo3_node/build --no-deps install_data
