[6.821s] Invoking command in '/home/ubuntu/HumbleDave/ros2ws/build/ros2_gopigo3_node': CMAKE_PREFIX_PATH=/home/ubuntu/HumbleDave/ros2ws/install/ros2_gopigo3_msg:/home/ubuntu/HumbleDave/ros2ws/install/ydlidar_ros2_driver:/home/ubuntu/HumbleDave/ros2ws/install/gopigo3_ekf PYTHONPATH=/home/ubuntu/HumbleDave/ros2ws/build/ros2_gopigo3_node/prefix_override:/home/ubuntu/HumbleDave/ros2ws/install/ros2_gopigo3_node/lib/python3.10/site-packages:${PYTHONPATH} /usr/bin/python3 setup.py develop --editable --build-directory /home/ubuntu/HumbleDave/ros2ws/build/ros2_gopigo3_node/build --no-deps install_data
[8.833s] running develop
[9.653s] running egg_info
[9.654s] writing ros2_gopigo3_node.egg-info/PKG-INFO
[9.655s] writing dependency_links to ros2_gopigo3_node.egg-info/dependency_links.txt
[9.656s] writing entry points to ros2_gopigo3_node.egg-info/entry_points.txt
[9.657s] writing requirements to ros2_gopigo3_node.egg-info/requires.txt
[9.658s] writing top-level names to ros2_gopigo3_node.egg-info/top_level.txt
[9.668s] reading manifest file 'ros2_gopigo3_node.egg-info/SOURCES.txt'
[9.672s] writing manifest file 'ros2_gopigo3_node.egg-info/SOURCES.txt'
[9.680s] running build_ext
[9.681s] Creating /home/ubuntu/HumbleDave/ros2ws/install/ros2_gopigo3_node/lib/python3.10/site-packages/ros2-gopigo3-node.egg-link (link to .)
[9.684s] Installing distance_sensor script to /home/ubuntu/HumbleDave/ros2ws/install/ros2_gopigo3_node/lib/ros2_gopigo3_node
[9.685s] Installing distance_sensor_subscriber script to /home/ubuntu/HumbleDave/ros2ws/install/ros2_gopigo3_node/lib/ros2_gopigo3_node
[9.686s] Installing gopigo3_node script to /home/ubuntu/HumbleDave/ros2ws/install/ros2_gopigo3_node/lib/ros2_gopigo3_node
[9.687s] Installing imu_sensor script to /home/ubuntu/HumbleDave/ros2ws/install/ros2_gopigo3_node/lib/ros2_gopigo3_node
[9.687s] Installing odometer script to /home/ubuntu/HumbleDave/ros2ws/install/ros2_gopigo3_node/lib/ros2_gopigo3_node
[9.688s] Installing ultrasonic_ranger script to /home/ubuntu/HumbleDave/ros2ws/install/ros2_gopigo3_node/lib/ros2_gopigo3_node
[9.690s] 
[9.690s] Installed /home/ubuntu/HumbleDave/ros2ws/build/ros2_gopigo3_node
[9.691s] running install_data
[9.853s] Invoked command in '/home/ubuntu/HumbleDave/ros2ws/build/ros2_gopigo3_node' returned '0': CMAKE_PREFIX_PATH=/home/ubuntu/HumbleDave/ros2ws/install/ros2_gopigo3_msg:/home/ubuntu/HumbleDave/ros2ws/install/ydlidar_ros2_driver:/home/ubuntu/HumbleDave/ros2ws/install/gopigo3_ekf PYTHONPATH=/home/ubuntu/HumbleDave/ros2ws/build/ros2_gopigo3_node/prefix_override:/home/ubuntu/HumbleDave/ros2ws/install/ros2_gopigo3_node/lib/python3.10/site-packages:${PYTHONPATH} /usr/bin/python3 setup.py develop --editable --build-directory /home/ubuntu/HumbleDave/ros2ws/build/ros2_gopigo3_node/build --no-deps install_data
