[0.790s] Invoking command in '/home/ubuntu/HumbleDave/ros2ws/build/ydlidar_ros2_driver': CMAKE_PREFIX_PATH=${CMAKE_PREFIX_PATH}:/home/ubuntu/HumbleDave/ros2ws/install/HoROS8:/home/ubuntu/HumbleDave/ros2ws/install/teleop_gopigo3_keyboard:/home/ubuntu/HumbleDave/ros2ws/install/scan_client:/home/ubuntu/HumbleDave/ros2ws/install/ros2_libcamera_pub:/home/ubuntu/HumbleDave/ros2ws/install/ros2_gopigo3_node:/home/ubuntu/HumbleDave/ros2ws/install/explorer_wanderer:/home/ubuntu/ros2ws/install/ydlidar_ros2_driver:/home/ubuntu/ros2ws/install/teleop_gopigo3_keyboard:/home/ubuntu/ros2ws/install/ros2_libcamera_pub:/home/ubuntu/ros2ws/install/ros2_gopigo3_node:/home/ubuntu/ros2ws/install/ros2_gopigo3_msg:/opt/ros/humble /usr/bin/cmake --build /home/ubuntu/HumbleDave/ros2ws/build/ydlidar_ros2_driver -- -j4 -l4
[1.198s] [ 50%] Built target ydlidar_ros2_driver_node
[1.218s] [100%] Built target ydlidar_ros2_driver_client
[1.281s] Invoked command in '/home/ubuntu/HumbleDave/ros2ws/build/ydlidar_ros2_driver' returned '0': CMAKE_PREFIX_PATH=${CMAKE_PREFIX_PATH}:/home/ubuntu/HumbleDave/ros2ws/install/HoROS8:/home/ubuntu/HumbleDave/ros2ws/install/teleop_gopigo3_keyboard:/home/ubuntu/HumbleDave/ros2ws/install/scan_client:/home/ubuntu/HumbleDave/ros2ws/install/ros2_libcamera_pub:/home/ubuntu/HumbleDave/ros2ws/install/ros2_gopigo3_node:/home/ubuntu/HumbleDave/ros2ws/install/explorer_wanderer:/home/ubuntu/ros2ws/install/ydlidar_ros2_driver:/home/ubuntu/ros2ws/install/teleop_gopigo3_keyboard:/home/ubuntu/ros2ws/install/ros2_libcamera_pub:/home/ubuntu/ros2ws/install/ros2_gopigo3_node:/home/ubuntu/ros2ws/install/ros2_gopigo3_msg:/opt/ros/humble /usr/bin/cmake --build /home/ubuntu/HumbleDave/ros2ws/build/ydlidar_ros2_driver -- -j4 -l4
[3.352s] Invoking command in '/home/ubuntu/HumbleDave/ros2ws/build/ydlidar_ros2_driver': CMAKE_PREFIX_PATH=${CMAKE_PREFIX_PATH}:/home/ubuntu/HumbleDave/ros2ws/install/HoROS8:/home/ubuntu/HumbleDave/ros2ws/install/teleop_gopigo3_keyboard:/home/ubuntu/HumbleDave/ros2ws/install/scan_client:/home/ubuntu/HumbleDave/ros2ws/install/ros2_libcamera_pub:/home/ubuntu/HumbleDave/ros2ws/install/ros2_gopigo3_node:/home/ubuntu/HumbleDave/ros2ws/install/explorer_wanderer:/home/ubuntu/ros2ws/install/ydlidar_ros2_driver:/home/ubuntu/ros2ws/install/teleop_gopigo3_keyboard:/home/ubuntu/ros2ws/install/ros2_libcamera_pub:/home/ubuntu/ros2ws/install/ros2_gopigo3_node:/home/ubuntu/ros2ws/install/ros2_gopigo3_msg:/opt/ros/humble /usr/bin/cmake --install /home/ubuntu/HumbleDave/ros2ws/build/ydlidar_ros2_driver
[3.383s] -- Install configuration: ""
[3.386s] -- Execute custom install script
[3.388s] -- Up-to-date symlink: /home/ubuntu/HumbleDave/ros2ws/install/ydlidar_ros2_driver/lib/ydlidar_ros2_driver/ydlidar_ros2_driver_node
[3.389s] -- Up-to-date symlink: /home/ubuntu/HumbleDave/ros2ws/install/ydlidar_ros2_driver/lib/ydlidar_ros2_driver/ydlidar_ros2_driver_client
[3.392s] -- Up-to-date symlink: /home/ubuntu/HumbleDave/ros2ws/install/ydlidar_ros2_driver/share/ydlidar_ros2_driver/launch/ydlidar.py
[3.393s] -- Up-to-date symlink: /home/ubuntu/HumbleDave/ros2ws/install/ydlidar_ros2_driver/share/ydlidar_ros2_driver/launch/ydlidar_launch.py
[3.394s] -- Up-to-date symlink: /home/ubuntu/HumbleDave/ros2ws/install/ydlidar_ros2_driver/share/ydlidar_ros2_driver/launch/ydlidar_launch.py.bak
[3.395s] -- Up-to-date symlink: /home/ubuntu/HumbleDave/ros2ws/install/ydlidar_ros2_driver/share/ydlidar_ros2_driver/launch/ydlidar_launch.py.lghrainbow
[3.396s] -- Up-to-date symlink: /home/ubuntu/HumbleDave/ros2ws/install/ydlidar_ros2_driver/share/ydlidar_ros2_driver/launch/ydlidar_launch.py.mine
[3.398s] -- Up-to-date symlink: /home/ubuntu/HumbleDave/ros2ws/install/ydlidar_ros2_driver/share/ydlidar_ros2_driver/launch/ydlidar_launch_view.py
[3.398s] -- Up-to-date symlink: /home/ubuntu/HumbleDave/ros2ws/install/ydlidar_ros2_driver/share/ydlidar_ros2_driver/launch/ydlidar_launch_view.py.bak
[3.400s] -- Up-to-date symlink: /home/ubuntu/HumbleDave/ros2ws/install/ydlidar_ros2_driver/share/ydlidar_ros2_driver/params/ydlidar.yaml
[3.401s] -- Up-to-date symlink: /home/ubuntu/HumbleDave/ros2ws/install/ydlidar_ros2_driver/share/ydlidar_ros2_driver/params/ydlidar.yaml.lghrainbow
[3.402s] -- Up-to-date symlink: /home/ubuntu/HumbleDave/ros2ws/install/ydlidar_ros2_driver/share/ydlidar_ros2_driver/params/ydlidar.yaml.mine
[3.404s] -- Up-to-date symlink: /home/ubuntu/HumbleDave/ros2ws/install/ydlidar_ros2_driver/share/ydlidar_ros2_driver/params/ydlidar.yaml.mystery
[3.405s] -- Up-to-date symlink: /home/ubuntu/HumbleDave/ros2ws/install/ydlidar_ros2_driver/share/ydlidar_ros2_driver/params/ydlidar.yaml.v4
[3.406s] -- Up-to-date symlink: /home/ubuntu/HumbleDave/ros2ws/install/ydlidar_ros2_driver/share/ydlidar_ros2_driver/startup/initenv.sh
[3.408s] -- Up-to-date symlink: /home/ubuntu/HumbleDave/ros2ws/install/ydlidar_ros2_driver/share/ydlidar_ros2_driver/config/ydlidar.rviz
[3.409s] -- Up-to-date symlink: /home/ubuntu/HumbleDave/ros2ws/install/ydlidar_ros2_driver/share/ament_index/resource_index/package_run_dependencies/ydlidar_ros2_driver
[3.411s] -- Up-to-date symlink: /home/ubuntu/HumbleDave/ros2ws/install/ydlidar_ros2_driver/share/ament_index/resource_index/parent_prefix_path/ydlidar_ros2_driver
[3.412s] -- Up-to-date symlink: /home/ubuntu/HumbleDave/ros2ws/install/ydlidar_ros2_driver/share/ydlidar_ros2_driver/environment/ament_prefix_path.sh
[3.414s] -- Up-to-date symlink: /home/ubuntu/HumbleDave/ros2ws/install/ydlidar_ros2_driver/share/ydlidar_ros2_driver/environment/ament_prefix_path.dsv
[3.415s] -- Up-to-date symlink: /home/ubuntu/HumbleDave/ros2ws/install/ydlidar_ros2_driver/share/ydlidar_ros2_driver/environment/path.sh
[3.417s] -- Up-to-date symlink: /home/ubuntu/HumbleDave/ros2ws/install/ydlidar_ros2_driver/share/ydlidar_ros2_driver/environment/path.dsv
[3.418s] -- Up-to-date symlink: /home/ubuntu/HumbleDave/ros2ws/install/ydlidar_ros2_driver/share/ydlidar_ros2_driver/local_setup.bash
[3.419s] -- Up-to-date symlink: /home/ubuntu/HumbleDave/ros2ws/install/ydlidar_ros2_driver/share/ydlidar_ros2_driver/local_setup.sh
[3.421s] -- Up-to-date symlink: /home/ubuntu/HumbleDave/ros2ws/install/ydlidar_ros2_driver/share/ydlidar_ros2_driver/local_setup.zsh
[3.422s] -- Up-to-date symlink: /home/ubuntu/HumbleDave/ros2ws/install/ydlidar_ros2_driver/share/ydlidar_ros2_driver/local_setup.dsv
[3.424s] -- Symlinking: /home/ubuntu/HumbleDave/ros2ws/install/ydlidar_ros2_driver/share/ydlidar_ros2_driver/package.dsv
[3.464s] -- Up-to-date symlink: /home/ubuntu/HumbleDave/ros2ws/install/ydlidar_ros2_driver/share/ament_index/resource_index/packages/ydlidar_ros2_driver
[3.465s] -- Up-to-date symlink: /home/ubuntu/HumbleDave/ros2ws/install/ydlidar_ros2_driver/share/ydlidar_ros2_driver/cmake/ydlidar_ros2_driverConfig.cmake
[3.466s] -- Up-to-date symlink: /home/ubuntu/HumbleDave/ros2ws/install/ydlidar_ros2_driver/share/ydlidar_ros2_driver/cmake/ydlidar_ros2_driverConfig-version.cmake
[3.468s] -- Up-to-date symlink: /home/ubuntu/HumbleDave/ros2ws/install/ydlidar_ros2_driver/share/ydlidar_ros2_driver/package.xml
[5.780s] Invoked command in '/home/ubuntu/HumbleDave/ros2ws/build/ydlidar_ros2_driver' returned '0': CMAKE_PREFIX_PATH=${CMAKE_PREFIX_PATH}:/home/ubuntu/HumbleDave/ros2ws/install/HoROS8:/home/ubuntu/HumbleDave/ros2ws/install/teleop_gopigo3_keyboard:/home/ubuntu/HumbleDave/ros2ws/install/scan_client:/home/ubuntu/HumbleDave/ros2ws/install/ros2_libcamera_pub:/home/ubuntu/HumbleDave/ros2ws/install/ros2_gopigo3_node:/home/ubuntu/HumbleDave/ros2ws/install/explorer_wanderer:/home/ubuntu/ros2ws/install/ydlidar_ros2_driver:/home/ubuntu/ros2ws/install/teleop_gopigo3_keyboard:/home/ubuntu/ros2ws/install/ros2_libcamera_pub:/home/ubuntu/ros2ws/install/ros2_gopigo3_node:/home/ubuntu/ros2ws/install/ros2_gopigo3_msg:/opt/ros/humble /usr/bin/cmake --install /home/ubuntu/HumbleDave/ros2ws/build/ydlidar_ros2_driver
