[0.788s] Invoking command in '/home/ubuntu/HumbleDave/ros2ws/build/mpu9250driver': CMAKE_PREFIX_PATH=${CMAKE_PREFIX_PATH}:/home/ubuntu/HumbleDave/ros2ws/install/teleop_gopigo3_keyboard:/home/ubuntu/HumbleDave/ros2ws/install/scan_client:/home/ubuntu/HumbleDave/ros2ws/install/ros2_libcamera_pub:/home/ubuntu/HumbleDave/ros2ws/install/ros2_gopigo3_node:/home/ubuntu/HumbleDave/ros2ws/install/explorer_wanderer:/home/ubuntu/HumbleDave/ros2ws/install/HoROS8:/home/ubuntu/ros2ws/install/ydlidar_ros2_driver:/home/ubuntu/ros2ws/install/teleop_gopigo3_keyboard:/home/ubuntu/ros2ws/install/ros2_libcamera_pub:/home/ubuntu/ros2ws/install/ros2_gopigo3_node:/home/ubuntu/ros2ws/install/ros2_gopigo3_msg:/opt/ros/humble /usr/bin/cmake --build /home/ubuntu/HumbleDave/ros2ws/build/mpu9250driver -- -j4 -l4
[1.252s] [ 33%] Built target linux_i2c_communicator
[1.262s] [ 66%] Built target mpu9250sensor
[1.507s] [100%] Built target mpu9250driver
[1.572s] Invoked command in '/home/ubuntu/HumbleDave/ros2ws/build/mpu9250driver' returned '0': CMAKE_PREFIX_PATH=${CMAKE_PREFIX_PATH}:/home/ubuntu/HumbleDave/ros2ws/install/teleop_gopigo3_keyboard:/home/ubuntu/HumbleDave/ros2ws/install/scan_client:/home/ubuntu/HumbleDave/ros2ws/install/ros2_libcamera_pub:/home/ubuntu/HumbleDave/ros2ws/install/ros2_gopigo3_node:/home/ubuntu/HumbleDave/ros2ws/install/explorer_wanderer:/home/ubuntu/HumbleDave/ros2ws/install/HoROS8:/home/ubuntu/ros2ws/install/ydlidar_ros2_driver:/home/ubuntu/ros2ws/install/teleop_gopigo3_keyboard:/home/ubuntu/ros2ws/install/ros2_libcamera_pub:/home/ubuntu/ros2ws/install/ros2_gopigo3_node:/home/ubuntu/ros2ws/install/ros2_gopigo3_msg:/opt/ros/humble /usr/bin/cmake --build /home/ubuntu/HumbleDave/ros2ws/build/mpu9250driver -- -j4 -l4
[1.904s] Invoking command in '/home/ubuntu/HumbleDave/ros2ws/build/mpu9250driver': CMAKE_PREFIX_PATH=${CMAKE_PREFIX_PATH}:/home/ubuntu/HumbleDave/ros2ws/install/teleop_gopigo3_keyboard:/home/ubuntu/HumbleDave/ros2ws/install/scan_client:/home/ubuntu/HumbleDave/ros2ws/install/ros2_libcamera_pub:/home/ubuntu/HumbleDave/ros2ws/install/ros2_gopigo3_node:/home/ubuntu/HumbleDave/ros2ws/install/explorer_wanderer:/home/ubuntu/HumbleDave/ros2ws/install/HoROS8:/home/ubuntu/ros2ws/install/ydlidar_ros2_driver:/home/ubuntu/ros2ws/install/teleop_gopigo3_keyboard:/home/ubuntu/ros2ws/install/ros2_libcamera_pub:/home/ubuntu/ros2ws/install/ros2_gopigo3_node:/home/ubuntu/ros2ws/install/ros2_gopigo3_msg:/opt/ros/humble /usr/bin/cmake --install /home/ubuntu/HumbleDave/ros2ws/build/mpu9250driver
[1.977s] -- Install configuration: ""
[1.980s] -- Execute custom install script
[1.982s] -- Up-to-date symlink: /home/ubuntu/HumbleDave/ros2ws/install/mpu9250driver/lib/mpu9250driver/mpu9250driver
[1.986s] -- Up-to-date symlink: /home/ubuntu/HumbleDave/ros2ws/install/mpu9250driver/share/mpu9250driver//launch/mpu9250driver_launch.py
[2.005s] -- Up-to-date symlink: /home/ubuntu/HumbleDave/ros2ws/install/mpu9250driver/share/mpu9250driver//params/mpu9250.yaml
[2.009s] -- Up-to-date symlink: /home/ubuntu/HumbleDave/ros2ws/install/mpu9250driver/share/mpu9250driver//params/mpu9250.yaml.orig
[2.017s] -- Up-to-date symlink: /home/ubuntu/HumbleDave/ros2ws/install/mpu9250driver/share/ament_index/resource_index/package_run_dependencies/mpu9250driver
[2.020s] -- Up-to-date symlink: /home/ubuntu/HumbleDave/ros2ws/install/mpu9250driver/share/ament_index/resource_index/parent_prefix_path/mpu9250driver
[2.033s] -- Up-to-date symlink: /home/ubuntu/HumbleDave/ros2ws/install/mpu9250driver/share/mpu9250driver/environment/ament_prefix_path.sh
[2.037s] -- Up-to-date symlink: /home/ubuntu/HumbleDave/ros2ws/install/mpu9250driver/share/mpu9250driver/environment/ament_prefix_path.dsv
[2.045s] -- Up-to-date symlink: /home/ubuntu/HumbleDave/ros2ws/install/mpu9250driver/share/mpu9250driver/environment/path.sh
[2.051s] -- Up-to-date symlink: /home/ubuntu/HumbleDave/ros2ws/install/mpu9250driver/share/mpu9250driver/environment/path.dsv
[2.061s] -- Up-to-date symlink: /home/ubuntu/HumbleDave/ros2ws/install/mpu9250driver/share/mpu9250driver/local_setup.bash
[2.069s] -- Up-to-date symlink: /home/ubuntu/HumbleDave/ros2ws/install/mpu9250driver/share/mpu9250driver/local_setup.sh
[2.077s] -- Up-to-date symlink: /home/ubuntu/HumbleDave/ros2ws/install/mpu9250driver/share/mpu9250driver/local_setup.zsh
[2.083s] -- Up-to-date symlink: /home/ubuntu/HumbleDave/ros2ws/install/mpu9250driver/share/mpu9250driver/local_setup.dsv
[2.087s] -- Symlinking: /home/ubuntu/HumbleDave/ros2ws/install/mpu9250driver/share/mpu9250driver/package.dsv
[2.158s] -- Up-to-date symlink: /home/ubuntu/HumbleDave/ros2ws/install/mpu9250driver/share/ament_index/resource_index/packages/mpu9250driver
[2.160s] -- Up-to-date symlink: /home/ubuntu/HumbleDave/ros2ws/install/mpu9250driver/share/mpu9250driver/cmake/mpu9250driverConfig.cmake
[2.161s] -- Up-to-date symlink: /home/ubuntu/HumbleDave/ros2ws/install/mpu9250driver/share/mpu9250driver/cmake/mpu9250driverConfig-version.cmake
[2.165s] -- Up-to-date symlink: /home/ubuntu/HumbleDave/ros2ws/install/mpu9250driver/share/mpu9250driver/package.xml
[2.178s] Invoked command in '/home/ubuntu/HumbleDave/ros2ws/build/mpu9250driver' returned '0': CMAKE_PREFIX_PATH=${CMAKE_PREFIX_PATH}:/home/ubuntu/HumbleDave/ros2ws/install/teleop_gopigo3_keyboard:/home/ubuntu/HumbleDave/ros2ws/install/scan_client:/home/ubuntu/HumbleDave/ros2ws/install/ros2_libcamera_pub:/home/ubuntu/HumbleDave/ros2ws/install/ros2_gopigo3_node:/home/ubuntu/HumbleDave/ros2ws/install/explorer_wanderer:/home/ubuntu/HumbleDave/ros2ws/install/HoROS8:/home/ubuntu/ros2ws/install/ydlidar_ros2_driver:/home/ubuntu/ros2ws/install/teleop_gopigo3_keyboard:/home/ubuntu/ros2ws/install/ros2_libcamera_pub:/home/ubuntu/ros2ws/install/ros2_gopigo3_node:/home/ubuntu/ros2ws/install/ros2_gopigo3_msg:/opt/ros/humble /usr/bin/cmake --install /home/ubuntu/HumbleDave/ros2ws/build/mpu9250driver
