[0.327s] Invoking command in '/home/ubuntu/HumbleDave2/ros2ws/build/dave_interfaces': CMAKE_PREFIX_PATH=${CMAKE_PREFIX_PATH}:/home/ubuntu/HumbleDave/ros2ws/install/teleop_gopigo3_keyboard:/home/ubuntu/HumbleDave/ros2ws/install/scan_client:/home/ubuntu/HumbleDave/ros2ws/install/ros2_libcamera_pub:/home/ubuntu/HumbleDave/ros2ws/install/ros2_gopigo3_node:/home/ubuntu/HumbleDave/ros2ws/install/explorer_wanderer:/home/ubuntu/HumbleDave/ros2ws/install/HoROS8:/home/ubuntu/ros2ws/install/ydlidar_ros2_driver:/home/ubuntu/ros2ws/install/teleop_gopigo3_keyboard:/home/ubuntu/ros2ws/install/ros2_libcamera_pub:/home/ubuntu/ros2ws/install/ros2_gopigo3_node:/home/ubuntu/ros2ws/install/ros2_gopigo3_msg:/opt/ros/humble /usr/bin/cmake /home/ubuntu/HumbleDave2/ros2ws/src/dave_interfaces -DCMAKE_INSTALL_PREFIX=/home/ubuntu/HumbleDave2/ros2ws/install/dave_interfaces
[0.607s] -- The C compiler identification is GNU 11.4.0
[0.863s] -- The CXX compiler identification is GNU 11.4.0
[0.897s] -- Detecting C compiler ABI info
[1.225s] -- Detecting C compiler ABI info - done
[1.250s] -- Check for working C compiler: /usr/bin/cc - skipped
[1.250s] -- Detecting C compile features
[1.252s] -- Detecting C compile features - done
[1.263s] -- Detecting CXX compiler ABI info
[1.621s] -- Detecting CXX compiler ABI info - done
[1.647s] -- Check for working CXX compiler: /usr/bin/c++ - skipped
[1.648s] -- Detecting CXX compile features
[1.650s] -- Detecting CXX compile features - done
[1.678s] -- Found ament_cmake: 1.3.6 (/opt/ros/humble/share/ament_cmake/cmake)
[2.692s] -- Found Python3: /usr/bin/python3.10 (found version "3.10.12") found components: Interpreter 
[3.362s] -- Found rosidl_default_generators: 1.2.0 (/opt/ros/humble/share/rosidl_default_generators/cmake)
[3.400s] -- Using all available rosidl_typesupport_c: rosidl_typesupport_fastrtps_c;rosidl_typesupport_introspection_c
[3.492s] -- Found rosidl_adapter: 3.1.5 (/opt/ros/humble/share/rosidl_adapter/cmake)
[3.861s] -- Using all available rosidl_typesupport_cpp: rosidl_typesupport_fastrtps_cpp;rosidl_typesupport_introspection_cpp
[4.131s] -- Found std_msgs: 4.2.3 (/opt/ros/humble/share/std_msgs/cmake)
[5.871s] -- Found ament_cmake_ros: 0.10.0 (/opt/ros/humble/share/ament_cmake_ros/cmake)
[7.052s] -- Using all available rosidl_typesupport_c: rosidl_typesupport_fastrtps_c;rosidl_typesupport_introspection_c
[8.530s] -- Using all available rosidl_typesupport_cpp: rosidl_typesupport_fastrtps_cpp;rosidl_typesupport_introspection_cpp
[8.655s] -- Found PythonInterp: /usr/bin/python3 (found suitable version "3.10.12", minimum required is "3.6") 
[8.679s] -- Found python_cmake_module: 0.10.0 (/opt/ros/humble/share/python_cmake_module/cmake)
[8.824s] -- Found PythonLibs: /usr/lib/aarch64-linux-gnu/libpython3.10.so (found suitable version "3.10.12", minimum required is "3.5") 
[8.824s] -- Using PYTHON_EXECUTABLE: /usr/bin/python3
[8.825s] -- Using PYTHON_INCLUDE_DIRS: /usr/include/python3.10
[8.825s] -- Using PYTHON_LIBRARIES: /usr/lib/aarch64-linux-gnu/libpython3.10.so
[8.945s] -- Found PythonExtra: .so  
[9.226s] -- Found ament_lint_auto: 0.12.9 (/opt/ros/humble/share/ament_lint_auto/cmake)
[9.440s] -- Added test 'lint_cmake' to check CMake code style
[9.452s] -- Added test 'xmllint' to check XML markup files
[9.473s] -- Configuring done
[9.677s] -- Generating done
[9.690s] -- Build files have been written to: /home/ubuntu/HumbleDave2/ros2ws/build/dave_interfaces
[9.712s] Invoked command in '/home/ubuntu/HumbleDave2/ros2ws/build/dave_interfaces' returned '0': CMAKE_PREFIX_PATH=${CMAKE_PREFIX_PATH}:/home/ubuntu/HumbleDave/ros2ws/install/teleop_gopigo3_keyboard:/home/ubuntu/HumbleDave/ros2ws/install/scan_client:/home/ubuntu/HumbleDave/ros2ws/install/ros2_libcamera_pub:/home/ubuntu/HumbleDave/ros2ws/install/ros2_gopigo3_node:/home/ubuntu/HumbleDave/ros2ws/install/explorer_wanderer:/home/ubuntu/HumbleDave/ros2ws/install/HoROS8:/home/ubuntu/ros2ws/install/ydlidar_ros2_driver:/home/ubuntu/ros2ws/install/teleop_gopigo3_keyboard:/home/ubuntu/ros2ws/install/ros2_libcamera_pub:/home/ubuntu/ros2ws/install/ros2_gopigo3_node:/home/ubuntu/ros2ws/install/ros2_gopigo3_msg:/opt/ros/humble /usr/bin/cmake /home/ubuntu/HumbleDave2/ros2ws/src/dave_interfaces -DCMAKE_INSTALL_PREFIX=/home/ubuntu/HumbleDave2/ros2ws/install/dave_interfaces
[9.721s] Invoking command in '/home/ubuntu/HumbleDave2/ros2ws/build/dave_interfaces': CMAKE_PREFIX_PATH=${CMAKE_PREFIX_PATH}:/home/ubuntu/HumbleDave/ros2ws/install/teleop_gopigo3_keyboard:/home/ubuntu/HumbleDave/ros2ws/install/scan_client:/home/ubuntu/HumbleDave/ros2ws/install/ros2_libcamera_pub:/home/ubuntu/HumbleDave/ros2ws/install/ros2_gopigo3_node:/home/ubuntu/HumbleDave/ros2ws/install/explorer_wanderer:/home/ubuntu/HumbleDave/ros2ws/install/HoROS8:/home/ubuntu/ros2ws/install/ydlidar_ros2_driver:/home/ubuntu/ros2ws/install/teleop_gopigo3_keyboard:/home/ubuntu/ros2ws/install/ros2_libcamera_pub:/home/ubuntu/ros2ws/install/ros2_gopigo3_node:/home/ubuntu/ros2ws/install/ros2_gopigo3_msg:/opt/ros/humble /usr/bin/cmake --build /home/ubuntu/HumbleDave2/ros2ws/build/dave_interfaces -- -j4 -l4
[9.901s] [  1%] [34m[1mGenerating C code for ROS interfaces[0m
[9.952s] [  3%] [34m[1mGenerating C++ code for ROS interfaces[0m
[9.984s] [  3%] Built target ament_cmake_python_copy_dave_interfaces
[11.469s] running egg_info
[11.472s] creating dave_interfaces.egg-info
[11.473s] writing dave_interfaces.egg-info/PKG-INFO
[11.474s] writing dependency_links to dave_interfaces.egg-info/dependency_links.txt
[11.475s] writing top-level names to dave_interfaces.egg-info/top_level.txt
[11.476s] writing manifest file 'dave_interfaces.egg-info/SOURCES.txt'
[11.486s] reading manifest file 'dave_interfaces.egg-info/SOURCES.txt'
[11.488s] writing manifest file 'dave_interfaces.egg-info/SOURCES.txt'
[11.641s] [  3%] Built target ament_cmake_python_build_dave_interfaces_egg
[12.761s] [  3%] Built target dave_interfaces__cpp
[12.837s] [  4%] [34m[1mGenerating C++ type support dispatch for ROS interfaces[0m
[12.844s] [  6%] [34m[1mGenerating C++ type support for eProsima Fast-RTPS[0m
[12.873s] [  7%] [34m[1mGenerating C++ introspection for ROS interfaces[0m
[13.232s] [  9%] [32mBuilding C object CMakeFiles/dave_interfaces__rosidl_generator_c.dir/rosidl_generator_c/dave_interfaces/srv/detail/say__functions.c.o[0m
[13.616s] [ 11%] [32mBuilding C object CMakeFiles/dave_interfaces__rosidl_generator_c.dir/rosidl_generator_c/dave_interfaces/srv/detail/dock__functions.c.o[0m
[13.951s] [ 12%] [32mBuilding C object CMakeFiles/dave_interfaces__rosidl_generator_c.dir/rosidl_generator_c/dave_interfaces/srv/detail/undock__functions.c.o[0m
[14.265s] [ 14%] [32mBuilding C object CMakeFiles/dave_interfaces__rosidl_generator_c.dir/rosidl_generator_c/dave_interfaces/msg/detail/battery_state__functions.c.o[0m
[14.537s] [ 15%] [32mBuilding C object CMakeFiles/dave_interfaces__rosidl_generator_c.dir/rosidl_generator_c/dave_interfaces/msg/detail/dock_status__functions.c.o[0m
[14.795s] [ 17%] [32m[1mLinking C shared library libdave_interfaces__rosidl_generator_c.so[0m
[14.997s] [ 17%] Built target dave_interfaces__rosidl_generator_c
[15.077s] [ 19%] [34m[1mGenerating C type support for eProsima Fast-RTPS[0m
[15.559s] [ 20%] [32mBuilding CXX object CMakeFiles/dave_interfaces__rosidl_typesupport_cpp.dir/rosidl_typesupport_cpp/dave_interfaces/srv/say__type_support.cpp.o[0m
[15.681s] [ 22%] [32mBuilding CXX object CMakeFiles/dave_interfaces__rosidl_typesupport_introspection_cpp.dir/rosidl_typesupport_introspection_cpp/dave_interfaces/srv/detail/say__type_support.cpp.o[0m
[16.054s] [ 23%] [32mBuilding CXX object CMakeFiles/dave_interfaces__rosidl_typesupport_fastrtps_cpp.dir/rosidl_typesupport_fastrtps_cpp/dave_interfaces/srv/detail/dds_fastrtps/say__type_support.cpp.o[0m
[17.264s] [ 25%] [32mBuilding CXX object CMakeFiles/dave_interfaces__rosidl_typesupport_cpp.dir/rosidl_typesupport_cpp/dave_interfaces/srv/dock__type_support.cpp.o[0m
[18.010s] [ 26%] [32mBuilding CXX object CMakeFiles/dave_interfaces__rosidl_typesupport_introspection_cpp.dir/rosidl_typesupport_introspection_cpp/dave_interfaces/srv/detail/dock__type_support.cpp.o[0m
[18.879s] [ 28%] [32mBuilding CXX object CMakeFiles/dave_interfaces__rosidl_typesupport_fastrtps_cpp.dir/rosidl_typesupport_fastrtps_cpp/dave_interfaces/srv/detail/dds_fastrtps/dock__type_support.cpp.o[0m
[18.911s] [ 30%] [32mBuilding CXX object CMakeFiles/dave_interfaces__rosidl_typesupport_fastrtps_c.dir/rosidl_typesupport_fastrtps_c/dave_interfaces/srv/detail/say__type_support_c.cpp.o[0m
[19.068s] [ 31%] [32mBuilding CXX object CMakeFiles/dave_interfaces__rosidl_typesupport_cpp.dir/rosidl_typesupport_cpp/dave_interfaces/srv/undock__type_support.cpp.o[0m
[20.449s] [ 33%] [32mBuilding CXX object CMakeFiles/dave_interfaces__rosidl_typesupport_introspection_cpp.dir/rosidl_typesupport_introspection_cpp/dave_interfaces/srv/detail/undock__type_support.cpp.o[0m
[20.815s] [ 34%] [32mBuilding CXX object CMakeFiles/dave_interfaces__rosidl_typesupport_cpp.dir/rosidl_typesupport_cpp/dave_interfaces/msg/battery_state__type_support.cpp.o[0m
[21.109s] [ 36%] [32mBuilding CXX object CMakeFiles/dave_interfaces__rosidl_typesupport_fastrtps_c.dir/rosidl_typesupport_fastrtps_c/dave_interfaces/srv/detail/dock__type_support_c.cpp.o[0m
[22.072s] [ 38%] [32mBuilding CXX object CMakeFiles/dave_interfaces__rosidl_typesupport_fastrtps_cpp.dir/rosidl_typesupport_fastrtps_cpp/dave_interfaces/srv/detail/dds_fastrtps/undock__type_support.cpp.o[0m
[22.558s] [ 39%] [32mBuilding CXX object CMakeFiles/dave_interfaces__rosidl_typesupport_cpp.dir/rosidl_typesupport_cpp/dave_interfaces/msg/dock_status__type_support.cpp.o[0m
[22.873s] [ 41%] [32mBuilding CXX object CMakeFiles/dave_interfaces__rosidl_typesupport_introspection_cpp.dir/rosidl_typesupport_introspection_cpp/dave_interfaces/msg/detail/battery_state__type_support.cpp.o[0m
[23.290s] [ 42%] [32mBuilding CXX object CMakeFiles/dave_interfaces__rosidl_typesupport_fastrtps_c.dir/rosidl_typesupport_fastrtps_c/dave_interfaces/srv/detail/undock__type_support_c.cpp.o[0m
[24.261s] [ 44%] [32m[1mLinking CXX shared library libdave_interfaces__rosidl_typesupport_cpp.so[0m
[24.514s] [ 44%] Built target dave_interfaces__rosidl_typesupport_cpp
[24.568s] [ 46%] [32mBuilding CXX object CMakeFiles/dave_interfaces__rosidl_typesupport_fastrtps_cpp.dir/rosidl_typesupport_fastrtps_cpp/dave_interfaces/msg/detail/dds_fastrtps/battery_state__type_support.cpp.o[0m
[24.878s] [ 47%] [34m[1mGenerating C introspection for ROS interfaces[0m
[25.516s] [ 49%] [32mBuilding CXX object CMakeFiles/dave_interfaces__rosidl_typesupport_introspection_cpp.dir/rosidl_typesupport_introspection_cpp/dave_interfaces/msg/detail/dock_status__type_support.cpp.o[0m
[25.982s] [ 50%] [32mBuilding CXX object CMakeFiles/dave_interfaces__rosidl_typesupport_fastrtps_c.dir/rosidl_typesupport_fastrtps_c/dave_interfaces/msg/detail/battery_state__type_support_c.cpp.o[0m
[27.196s] [ 52%] [32mBuilding CXX object CMakeFiles/dave_interfaces__rosidl_typesupport_fastrtps_cpp.dir/rosidl_typesupport_fastrtps_cpp/dave_interfaces/msg/detail/dds_fastrtps/dock_status__type_support.cpp.o[0m
[28.104s] [ 53%] [32m[1mLinking CXX shared library libdave_interfaces__rosidl_typesupport_introspection_cpp.so[0m
[28.181s] [ 55%] [32mBuilding CXX object CMakeFiles/dave_interfaces__rosidl_typesupport_fastrtps_c.dir/rosidl_typesupport_fastrtps_c/dave_interfaces/msg/detail/dock_status__type_support_c.cpp.o[0m
[28.386s] [ 57%] [32mBuilding C object CMakeFiles/dave_interfaces__rosidl_typesupport_introspection_c.dir/rosidl_typesupport_introspection_c/dave_interfaces/srv/detail/say__type_support.c.o[0m
[28.524s] [ 57%] Built target dave_interfaces__rosidl_typesupport_introspection_cpp
[28.592s] [ 58%] [34m[1mGenerating C type support dispatch for ROS interfaces[0m
[28.615s] [ 60%] [32mBuilding C object CMakeFiles/dave_interfaces__rosidl_typesupport_introspection_c.dir/rosidl_typesupport_introspection_c/dave_interfaces/srv/detail/dock__type_support.c.o[0m
[28.865s] [ 61%] [32mBuilding C object CMakeFiles/dave_interfaces__rosidl_typesupport_introspection_c.dir/rosidl_typesupport_introspection_c/dave_interfaces/srv/detail/undock__type_support.c.o[0m
[29.117s] [ 63%] [32mBuilding C object CMakeFiles/dave_interfaces__rosidl_typesupport_introspection_c.dir/rosidl_typesupport_introspection_c/dave_interfaces/msg/detail/battery_state__type_support.c.o[0m
[29.358s] [ 65%] [32mBuilding C object CMakeFiles/dave_interfaces__rosidl_typesupport_introspection_c.dir/rosidl_typesupport_introspection_c/dave_interfaces/msg/detail/dock_status__type_support.c.o[0m
[29.588s] [ 66%] [32m[1mLinking C shared library libdave_interfaces__rosidl_typesupport_introspection_c.so[0m
[29.784s] [ 66%] Built target dave_interfaces__rosidl_typesupport_introspection_c
[29.936s] [ 68%] [32m[1mLinking CXX shared library libdave_interfaces__rosidl_typesupport_fastrtps_cpp.so[0m
[30.306s] [ 68%] Built target dave_interfaces__rosidl_typesupport_fastrtps_cpp
[30.337s] [ 69%] [32m[1mLinking CXX shared library libdave_interfaces__rosidl_typesupport_fastrtps_c.so[0m
[30.661s] [ 69%] Built target dave_interfaces__rosidl_typesupport_fastrtps_c
[30.988s] [ 71%] [32mBuilding CXX object CMakeFiles/dave_interfaces__rosidl_typesupport_c.dir/rosidl_typesupport_c/dave_interfaces/srv/say__type_support.cpp.o[0m
[30.993s] [ 73%] [32mBuilding CXX object CMakeFiles/dave_interfaces__rosidl_typesupport_c.dir/rosidl_typesupport_c/dave_interfaces/srv/dock__type_support.cpp.o[0m
[30.995s] [ 74%] [32mBuilding CXX object CMakeFiles/dave_interfaces__rosidl_typesupport_c.dir/rosidl_typesupport_c/dave_interfaces/srv/undock__type_support.cpp.o[0m
[31.007s] [ 76%] [32mBuilding CXX object CMakeFiles/dave_interfaces__rosidl_typesupport_c.dir/rosidl_typesupport_c/dave_interfaces/msg/battery_state__type_support.cpp.o[0m
[31.166s] [ 77%] [32mBuilding CXX object CMakeFiles/dave_interfaces__rosidl_typesupport_c.dir/rosidl_typesupport_c/dave_interfaces/msg/dock_status__type_support.cpp.o[0m
[31.318s] [ 79%] [32m[1mLinking CXX shared library libdave_interfaces__rosidl_typesupport_c.so[0m
[31.490s] [ 79%] Built target dave_interfaces__rosidl_typesupport_c
[31.582s] [ 79%] Built target dave_interfaces
[31.678s] [ 80%] [34m[1mGenerating Python code for ROS interfaces[0m
[35.414s] [ 80%] Built target dave_interfaces__py
[35.512s] [ 82%] [32mBuilding C object CMakeFiles/dave_interfaces__rosidl_generator_py.dir/rosidl_generator_py/dave_interfaces/srv/_say_s.c.o[0m
[35.514s] [ 84%] [32mBuilding C object CMakeFiles/dave_interfaces__rosidl_generator_py.dir/rosidl_generator_py/dave_interfaces/srv/_dock_s.c.o[0m
[35.519s] [ 85%] [32mBuilding C object CMakeFiles/dave_interfaces__rosidl_generator_py.dir/rosidl_generator_py/dave_interfaces/srv/_undock_s.c.o[0m
[35.530s] [ 87%] [32mBuilding C object CMakeFiles/dave_interfaces__rosidl_generator_py.dir/rosidl_generator_py/dave_interfaces/msg/_battery_state_s.c.o[0m
[36.099s] [ 88%] [32mBuilding C object CMakeFiles/dave_interfaces__rosidl_generator_py.dir/rosidl_generator_py/dave_interfaces/msg/_dock_status_s.c.o[0m
[36.549s] [ 90%] [32m[1mLinking C shared library rosidl_generator_py/dave_interfaces/libdave_interfaces__rosidl_generator_py.so[0m
[36.752s] [ 90%] Built target dave_interfaces__rosidl_generator_py
[36.853s] [ 92%] [32mBuilding C object CMakeFiles/dave_interfaces__rosidl_typesupport_fastrtps_c__pyext.dir/rosidl_generator_py/dave_interfaces/_dave_interfaces_s.ep.rosidl_typesupport_fastrtps_c.c.o[0m
[36.856s] [ 93%] [32mBuilding C object CMakeFiles/dave_interfaces__rosidl_typesupport_introspection_c__pyext.dir/rosidl_generator_py/dave_interfaces/_dave_interfaces_s.ep.rosidl_typesupport_introspection_c.c.o[0m
[36.866s] [ 95%] [32mBuilding C object CMakeFiles/dave_interfaces__rosidl_typesupport_c__pyext.dir/rosidl_generator_py/dave_interfaces/_dave_interfaces_s.ep.rosidl_typesupport_c.c.o[0m
[37.511s] [ 96%] [32m[1mLinking C shared library rosidl_generator_py/dave_interfaces/dave_interfaces_s__rosidl_typesupport_fastrtps_c.cpython-310-aarch64-linux-gnu.so[0m
[37.517s] [ 98%] [32m[1mLinking C shared library rosidl_generator_py/dave_interfaces/dave_interfaces_s__rosidl_typesupport_introspection_c.cpython-310-aarch64-linux-gnu.so[0m
[37.552s] [100%] [32m[1mLinking C shared library rosidl_generator_py/dave_interfaces/dave_interfaces_s__rosidl_typesupport_c.cpython-310-aarch64-linux-gnu.so[0m
[37.779s] [100%] Built target dave_interfaces__rosidl_typesupport_fastrtps_c__pyext
[37.788s] [100%] Built target dave_interfaces__rosidl_typesupport_introspection_c__pyext
[37.831s] [100%] Built target dave_interfaces__rosidl_typesupport_c__pyext
[37.879s] Invoked command in '/home/ubuntu/HumbleDave2/ros2ws/build/dave_interfaces' returned '0': CMAKE_PREFIX_PATH=${CMAKE_PREFIX_PATH}:/home/ubuntu/HumbleDave/ros2ws/install/teleop_gopigo3_keyboard:/home/ubuntu/HumbleDave/ros2ws/install/scan_client:/home/ubuntu/HumbleDave/ros2ws/install/ros2_libcamera_pub:/home/ubuntu/HumbleDave/ros2ws/install/ros2_gopigo3_node:/home/ubuntu/HumbleDave/ros2ws/install/explorer_wanderer:/home/ubuntu/HumbleDave/ros2ws/install/HoROS8:/home/ubuntu/ros2ws/install/ydlidar_ros2_driver:/home/ubuntu/ros2ws/install/teleop_gopigo3_keyboard:/home/ubuntu/ros2ws/install/ros2_libcamera_pub:/home/ubuntu/ros2ws/install/ros2_gopigo3_node:/home/ubuntu/ros2ws/install/ros2_gopigo3_msg:/opt/ros/humble /usr/bin/cmake --build /home/ubuntu/HumbleDave2/ros2ws/build/dave_interfaces -- -j4 -l4
[38.970s] Invoking command in '/home/ubuntu/HumbleDave2/ros2ws/build/dave_interfaces': CMAKE_PREFIX_PATH=${CMAKE_PREFIX_PATH}:/home/ubuntu/HumbleDave/ros2ws/install/teleop_gopigo3_keyboard:/home/ubuntu/HumbleDave/ros2ws/install/scan_client:/home/ubuntu/HumbleDave/ros2ws/install/ros2_libcamera_pub:/home/ubuntu/HumbleDave/ros2ws/install/ros2_gopigo3_node:/home/ubuntu/HumbleDave/ros2ws/install/explorer_wanderer:/home/ubuntu/HumbleDave/ros2ws/install/HoROS8:/home/ubuntu/ros2ws/install/ydlidar_ros2_driver:/home/ubuntu/ros2ws/install/teleop_gopigo3_keyboard:/home/ubuntu/ros2ws/install/ros2_libcamera_pub:/home/ubuntu/ros2ws/install/ros2_gopigo3_node:/home/ubuntu/ros2ws/install/ros2_gopigo3_msg:/opt/ros/humble /usr/bin/cmake --install /home/ubuntu/HumbleDave2/ros2ws/build/dave_interfaces
[39.001s] -- Install configuration: ""
[39.001s] -- Installing: /home/ubuntu/HumbleDave2/ros2ws/install/dave_interfaces/share/ament_index/resource_index/rosidl_interfaces/dave_interfaces
[39.003s] -- Installing: /home/ubuntu/HumbleDave2/ros2ws/install/dave_interfaces/include/dave_interfaces/dave_interfaces
[39.004s] -- Installing: /home/ubuntu/HumbleDave2/ros2ws/install/dave_interfaces/include/dave_interfaces/dave_interfaces/srv
[39.004s] -- Installing: /home/ubuntu/HumbleDave2/ros2ws/install/dave_interfaces/include/dave_interfaces/dave_interfaces/srv/say.h
[39.005s] -- Installing: /home/ubuntu/HumbleDave2/ros2ws/install/dave_interfaces/include/dave_interfaces/dave_interfaces/srv/detail
[39.006s] -- Installing: /home/ubuntu/HumbleDave2/ros2ws/install/dave_interfaces/include/dave_interfaces/dave_interfaces/srv/detail/dock__functions.c
[39.007s] -- Installing: /home/ubuntu/HumbleDave2/ros2ws/install/dave_interfaces/include/dave_interfaces/dave_interfaces/srv/detail/undock__functions.h
[39.009s] -- Installing: /home/ubuntu/HumbleDave2/ros2ws/install/dave_interfaces/include/dave_interfaces/dave_interfaces/srv/detail/say__struct.h
[39.010s] -- Installing: /home/ubuntu/HumbleDave2/ros2ws/install/dave_interfaces/include/dave_interfaces/dave_interfaces/srv/detail/say__functions.c
[39.011s] -- Installing: /home/ubuntu/HumbleDave2/ros2ws/install/dave_interfaces/include/dave_interfaces/dave_interfaces/srv/detail/say__functions.h
[39.012s] -- Installing: /home/ubuntu/HumbleDave2/ros2ws/install/dave_interfaces/include/dave_interfaces/dave_interfaces/srv/detail/dock__functions.h
[39.013s] -- Installing: /home/ubuntu/HumbleDave2/ros2ws/install/dave_interfaces/include/dave_interfaces/dave_interfaces/srv/detail/say__type_support.h
[39.014s] -- Installing: /home/ubuntu/HumbleDave2/ros2ws/install/dave_interfaces/include/dave_interfaces/dave_interfaces/srv/detail/undock__type_support.h
[39.015s] -- Installing: /home/ubuntu/HumbleDave2/ros2ws/install/dave_interfaces/include/dave_interfaces/dave_interfaces/srv/detail/dock__type_support.h
[39.017s] -- Installing: /home/ubuntu/HumbleDave2/ros2ws/install/dave_interfaces/include/dave_interfaces/dave_interfaces/srv/detail/dock__struct.h
[39.018s] -- Installing: /home/ubuntu/HumbleDave2/ros2ws/install/dave_interfaces/include/dave_interfaces/dave_interfaces/srv/detail/undock__functions.c
[39.019s] -- Installing: /home/ubuntu/HumbleDave2/ros2ws/install/dave_interfaces/include/dave_interfaces/dave_interfaces/srv/detail/undock__struct.h
[39.020s] -- Installing: /home/ubuntu/HumbleDave2/ros2ws/install/dave_interfaces/include/dave_interfaces/dave_interfaces/srv/undock.h
[39.021s] -- Installing: /home/ubuntu/HumbleDave2/ros2ws/install/dave_interfaces/include/dave_interfaces/dave_interfaces/srv/dock.h
[39.022s] -- Installing: /home/ubuntu/HumbleDave2/ros2ws/install/dave_interfaces/include/dave_interfaces/dave_interfaces/msg
[39.023s] -- Installing: /home/ubuntu/HumbleDave2/ros2ws/install/dave_interfaces/include/dave_interfaces/dave_interfaces/msg/battery_state.h
[39.024s] -- Installing: /home/ubuntu/HumbleDave2/ros2ws/install/dave_interfaces/include/dave_interfaces/dave_interfaces/msg/rosidl_generator_c__visibility_control.h
[39.025s] -- Installing: /home/ubuntu/HumbleDave2/ros2ws/install/dave_interfaces/include/dave_interfaces/dave_interfaces/msg/detail
[39.026s] -- Installing: /home/ubuntu/HumbleDave2/ros2ws/install/dave_interfaces/include/dave_interfaces/dave_interfaces/msg/detail/dock_status__functions.h
[39.027s] -- Installing: /home/ubuntu/HumbleDave2/ros2ws/install/dave_interfaces/include/dave_interfaces/dave_interfaces/msg/detail/dock_status__type_support.h
[39.028s] -- Installing: /home/ubuntu/HumbleDave2/ros2ws/install/dave_interfaces/include/dave_interfaces/dave_interfaces/msg/detail/battery_state__functions.c
[39.030s] -- Installing: /home/ubuntu/HumbleDave2/ros2ws/install/dave_interfaces/include/dave_interfaces/dave_interfaces/msg/detail/dock_status__functions.c
[39.031s] -- Installing: /home/ubuntu/HumbleDave2/ros2ws/install/dave_interfaces/include/dave_interfaces/dave_interfaces/msg/detail/battery_state__type_support.h
[39.032s] -- Installing: /home/ubuntu/HumbleDave2/ros2ws/install/dave_interfaces/include/dave_interfaces/dave_interfaces/msg/detail/battery_state__functions.h
[39.033s] -- Installing: /home/ubuntu/HumbleDave2/ros2ws/install/dave_interfaces/include/dave_interfaces/dave_interfaces/msg/detail/dock_status__struct.h
[39.034s] -- Installing: /home/ubuntu/HumbleDave2/ros2ws/install/dave_interfaces/include/dave_interfaces/dave_interfaces/msg/detail/battery_state__struct.h
[39.035s] -- Installing: /home/ubuntu/HumbleDave2/ros2ws/install/dave_interfaces/include/dave_interfaces/dave_interfaces/msg/dock_status.h
[39.037s] -- Installing: /home/ubuntu/HumbleDave2/ros2ws/install/dave_interfaces/share/dave_interfaces/environment/library_path.sh
[39.038s] -- Installing: /home/ubuntu/HumbleDave2/ros2ws/install/dave_interfaces/share/dave_interfaces/environment/library_path.dsv
[39.040s] -- Installing: /home/ubuntu/HumbleDave2/ros2ws/install/dave_interfaces/lib/libdave_interfaces__rosidl_generator_c.so
[39.042s] -- Set runtime path of "/home/ubuntu/HumbleDave2/ros2ws/install/dave_interfaces/lib/libdave_interfaces__rosidl_generator_c.so" to ""
[39.043s] -- Up-to-date: /home/ubuntu/HumbleDave2/ros2ws/install/dave_interfaces/include/dave_interfaces/dave_interfaces
[39.043s] -- Up-to-date: /home/ubuntu/HumbleDave2/ros2ws/install/dave_interfaces/include/dave_interfaces/dave_interfaces/srv
[39.044s] -- Up-to-date: /home/ubuntu/HumbleDave2/ros2ws/install/dave_interfaces/include/dave_interfaces/dave_interfaces/srv/detail
[39.044s] -- Installing: /home/ubuntu/HumbleDave2/ros2ws/install/dave_interfaces/include/dave_interfaces/dave_interfaces/srv/detail/undock__rosidl_typesupport_fastrtps_c.h
[39.045s] -- Installing: /home/ubuntu/HumbleDave2/ros2ws/install/dave_interfaces/include/dave_interfaces/dave_interfaces/srv/detail/say__rosidl_typesupport_fastrtps_c.h
[39.046s] -- Installing: /home/ubuntu/HumbleDave2/ros2ws/install/dave_interfaces/include/dave_interfaces/dave_interfaces/srv/detail/dock__rosidl_typesupport_fastrtps_c.h
[39.047s] -- Up-to-date: /home/ubuntu/HumbleDave2/ros2ws/install/dave_interfaces/include/dave_interfaces/dave_interfaces/msg
[39.048s] -- Installing: /home/ubuntu/HumbleDave2/ros2ws/install/dave_interfaces/include/dave_interfaces/dave_interfaces/msg/rosidl_typesupport_fastrtps_c__visibility_control.h
[39.049s] -- Up-to-date: /home/ubuntu/HumbleDave2/ros2ws/install/dave_interfaces/include/dave_interfaces/dave_interfaces/msg/detail
[39.050s] -- Installing: /home/ubuntu/HumbleDave2/ros2ws/install/dave_interfaces/include/dave_interfaces/dave_interfaces/msg/detail/dock_status__rosidl_typesupport_fastrtps_c.h
[39.051s] -- Installing: /home/ubuntu/HumbleDave2/ros2ws/install/dave_interfaces/include/dave_interfaces/dave_interfaces/msg/detail/battery_state__rosidl_typesupport_fastrtps_c.h
[39.052s] -- Installing: /home/ubuntu/HumbleDave2/ros2ws/install/dave_interfaces/lib/libdave_interfaces__rosidl_typesupport_fastrtps_c.so
[39.055s] -- Set runtime path of "/home/ubuntu/HumbleDave2/ros2ws/install/dave_interfaces/lib/libdave_interfaces__rosidl_typesupport_fastrtps_c.so" to ""
[39.056s] -- Up-to-date: /home/ubuntu/HumbleDave2/ros2ws/install/dave_interfaces/include/dave_interfaces/dave_interfaces
[39.056s] -- Up-to-date: /home/ubuntu/HumbleDave2/ros2ws/install/dave_interfaces/include/dave_interfaces/dave_interfaces/srv
[39.057s] -- Up-to-date: /home/ubuntu/HumbleDave2/ros2ws/install/dave_interfaces/include/dave_interfaces/dave_interfaces/srv/detail
[39.057s] -- Installing: /home/ubuntu/HumbleDave2/ros2ws/install/dave_interfaces/include/dave_interfaces/dave_interfaces/srv/detail/dock__rosidl_typesupport_introspection_c.h
[39.058s] -- Installing: /home/ubuntu/HumbleDave2/ros2ws/install/dave_interfaces/include/dave_interfaces/dave_interfaces/srv/detail/undock__rosidl_typesupport_introspection_c.h
[39.059s] -- Installing: /home/ubuntu/HumbleDave2/ros2ws/install/dave_interfaces/include/dave_interfaces/dave_interfaces/srv/detail/say__rosidl_typesupport_introspection_c.h
[39.061s] -- Installing: /home/ubuntu/HumbleDave2/ros2ws/install/dave_interfaces/include/dave_interfaces/dave_interfaces/srv/detail/dock__type_support.c
[39.062s] -- Installing: /home/ubuntu/HumbleDave2/ros2ws/install/dave_interfaces/include/dave_interfaces/dave_interfaces/srv/detail/say__type_support.c
[39.063s] -- Installing: /home/ubuntu/HumbleDave2/ros2ws/install/dave_interfaces/include/dave_interfaces/dave_interfaces/srv/detail/undock__type_support.c
[39.064s] -- Up-to-date: /home/ubuntu/HumbleDave2/ros2ws/install/dave_interfaces/include/dave_interfaces/dave_interfaces/msg
[39.064s] -- Up-to-date: /home/ubuntu/HumbleDave2/ros2ws/install/dave_interfaces/include/dave_interfaces/dave_interfaces/msg/detail
[39.065s] -- Installing: /home/ubuntu/HumbleDave2/ros2ws/install/dave_interfaces/include/dave_interfaces/dave_interfaces/msg/detail/dock_status__type_support.c
[39.066s] -- Installing: /home/ubuntu/HumbleDave2/ros2ws/install/dave_interfaces/include/dave_interfaces/dave_interfaces/msg/detail/dock_status__rosidl_typesupport_introspection_c.h
[39.068s] -- Installing: /home/ubuntu/HumbleDave2/ros2ws/install/dave_interfaces/include/dave_interfaces/dave_interfaces/msg/detail/battery_state__type_support.c
[39.069s] -- Installing: /home/ubuntu/HumbleDave2/ros2ws/install/dave_interfaces/include/dave_interfaces/dave_interfaces/msg/detail/battery_state__rosidl_typesupport_introspection_c.h
[39.070s] -- Installing: /home/ubuntu/HumbleDave2/ros2ws/install/dave_interfaces/include/dave_interfaces/dave_interfaces/msg/rosidl_typesupport_introspection_c__visibility_control.h
[39.072s] -- Installing: /home/ubuntu/HumbleDave2/ros2ws/install/dave_interfaces/lib/libdave_interfaces__rosidl_typesupport_introspection_c.so
[39.074s] -- Set runtime path of "/home/ubuntu/HumbleDave2/ros2ws/install/dave_interfaces/lib/libdave_interfaces__rosidl_typesupport_introspection_c.so" to ""
[39.075s] -- Installing: /home/ubuntu/HumbleDave2/ros2ws/install/dave_interfaces/lib/libdave_interfaces__rosidl_typesupport_c.so
[39.077s] -- Set runtime path of "/home/ubuntu/HumbleDave2/ros2ws/install/dave_interfaces/lib/libdave_interfaces__rosidl_typesupport_c.so" to ""
[39.078s] -- Up-to-date: /home/ubuntu/HumbleDave2/ros2ws/install/dave_interfaces/include/dave_interfaces/dave_interfaces
[39.078s] -- Up-to-date: /home/ubuntu/HumbleDave2/ros2ws/install/dave_interfaces/include/dave_interfaces/dave_interfaces/srv
[39.078s] -- Installing: /home/ubuntu/HumbleDave2/ros2ws/install/dave_interfaces/include/dave_interfaces/dave_interfaces/srv/undock.hpp
[39.079s] -- Installing: /home/ubuntu/HumbleDave2/ros2ws/install/dave_interfaces/include/dave_interfaces/dave_interfaces/srv/dock.hpp
[39.080s] -- Up-to-date: /home/ubuntu/HumbleDave2/ros2ws/install/dave_interfaces/include/dave_interfaces/dave_interfaces/srv/detail
[39.081s] -- Installing: /home/ubuntu/HumbleDave2/ros2ws/install/dave_interfaces/include/dave_interfaces/dave_interfaces/srv/detail/say__struct.hpp
[39.082s] -- Installing: /home/ubuntu/HumbleDave2/ros2ws/install/dave_interfaces/include/dave_interfaces/dave_interfaces/srv/detail/dock__struct.hpp
[39.083s] -- Installing: /home/ubuntu/HumbleDave2/ros2ws/install/dave_interfaces/include/dave_interfaces/dave_interfaces/srv/detail/dock__builder.hpp
[39.084s] -- Installing: /home/ubuntu/HumbleDave2/ros2ws/install/dave_interfaces/include/dave_interfaces/dave_interfaces/srv/detail/undock__traits.hpp
[39.085s] -- Installing: /home/ubuntu/HumbleDave2/ros2ws/install/dave_interfaces/include/dave_interfaces/dave_interfaces/srv/detail/say__traits.hpp
[39.086s] -- Installing: /home/ubuntu/HumbleDave2/ros2ws/install/dave_interfaces/include/dave_interfaces/dave_interfaces/srv/detail/undock__struct.hpp
[39.088s] -- Installing: /home/ubuntu/HumbleDave2/ros2ws/install/dave_interfaces/include/dave_interfaces/dave_interfaces/srv/detail/dock__traits.hpp
[39.089s] -- Installing: /home/ubuntu/HumbleDave2/ros2ws/install/dave_interfaces/include/dave_interfaces/dave_interfaces/srv/detail/say__builder.hpp
[39.090s] -- Installing: /home/ubuntu/HumbleDave2/ros2ws/install/dave_interfaces/include/dave_interfaces/dave_interfaces/srv/detail/undock__builder.hpp
[39.091s] -- Installing: /home/ubuntu/HumbleDave2/ros2ws/install/dave_interfaces/include/dave_interfaces/dave_interfaces/srv/say.hpp
[39.092s] -- Up-to-date: /home/ubuntu/HumbleDave2/ros2ws/install/dave_interfaces/include/dave_interfaces/dave_interfaces/msg
[39.092s] -- Up-to-date: /home/ubuntu/HumbleDave2/ros2ws/install/dave_interfaces/include/dave_interfaces/dave_interfaces/msg/detail
[39.093s] -- Installing: /home/ubuntu/HumbleDave2/ros2ws/install/dave_interfaces/include/dave_interfaces/dave_interfaces/msg/detail/battery_state__struct.hpp
[39.094s] -- Installing: /home/ubuntu/HumbleDave2/ros2ws/install/dave_interfaces/include/dave_interfaces/dave_interfaces/msg/detail/battery_state__builder.hpp
[39.095s] -- Installing: /home/ubuntu/HumbleDave2/ros2ws/install/dave_interfaces/include/dave_interfaces/dave_interfaces/msg/detail/battery_state__traits.hpp
[39.096s] -- Installing: /home/ubuntu/HumbleDave2/ros2ws/install/dave_interfaces/include/dave_interfaces/dave_interfaces/msg/detail/dock_status__traits.hpp
[39.097s] -- Installing: /home/ubuntu/HumbleDave2/ros2ws/install/dave_interfaces/include/dave_interfaces/dave_interfaces/msg/detail/dock_status__builder.hpp
[39.098s] -- Installing: /home/ubuntu/HumbleDave2/ros2ws/install/dave_interfaces/include/dave_interfaces/dave_interfaces/msg/detail/dock_status__struct.hpp
[39.099s] -- Installing: /home/ubuntu/HumbleDave2/ros2ws/install/dave_interfaces/include/dave_interfaces/dave_interfaces/msg/battery_state.hpp
[39.101s] -- Installing: /home/ubuntu/HumbleDave2/ros2ws/install/dave_interfaces/include/dave_interfaces/dave_interfaces/msg/dock_status.hpp
[39.102s] -- Up-to-date: /home/ubuntu/HumbleDave2/ros2ws/install/dave_interfaces/include/dave_interfaces/dave_interfaces
[39.102s] -- Up-to-date: /home/ubuntu/HumbleDave2/ros2ws/install/dave_interfaces/include/dave_interfaces/dave_interfaces/srv
[39.103s] -- Up-to-date: /home/ubuntu/HumbleDave2/ros2ws/install/dave_interfaces/include/dave_interfaces/dave_interfaces/srv/detail
[39.103s] -- Installing: /home/ubuntu/HumbleDave2/ros2ws/install/dave_interfaces/include/dave_interfaces/dave_interfaces/srv/detail/say__rosidl_typesupport_fastrtps_cpp.hpp
[39.105s] -- Installing: /home/ubuntu/HumbleDave2/ros2ws/install/dave_interfaces/include/dave_interfaces/dave_interfaces/srv/detail/undock__rosidl_typesupport_fastrtps_cpp.hpp
[39.106s] -- Installing: /home/ubuntu/HumbleDave2/ros2ws/install/dave_interfaces/include/dave_interfaces/dave_interfaces/srv/detail/dds_fastrtps
[39.107s] -- Installing: /home/ubuntu/HumbleDave2/ros2ws/install/dave_interfaces/include/dave_interfaces/dave_interfaces/srv/detail/dock__rosidl_typesupport_fastrtps_cpp.hpp
[39.108s] -- Up-to-date: /home/ubuntu/HumbleDave2/ros2ws/install/dave_interfaces/include/dave_interfaces/dave_interfaces/msg
[39.108s] -- Installing: /home/ubuntu/HumbleDave2/ros2ws/install/dave_interfaces/include/dave_interfaces/dave_interfaces/msg/rosidl_typesupport_fastrtps_cpp__visibility_control.h
[39.110s] -- Up-to-date: /home/ubuntu/HumbleDave2/ros2ws/install/dave_interfaces/include/dave_interfaces/dave_interfaces/msg/detail
[39.110s] -- Installing: /home/ubuntu/HumbleDave2/ros2ws/install/dave_interfaces/include/dave_interfaces/dave_interfaces/msg/detail/dock_status__rosidl_typesupport_fastrtps_cpp.hpp
[39.111s] -- Installing: /home/ubuntu/HumbleDave2/ros2ws/install/dave_interfaces/include/dave_interfaces/dave_interfaces/msg/detail/dds_fastrtps
[39.112s] -- Installing: /home/ubuntu/HumbleDave2/ros2ws/install/dave_interfaces/include/dave_interfaces/dave_interfaces/msg/detail/battery_state__rosidl_typesupport_fastrtps_cpp.hpp
[39.114s] -- Installing: /home/ubuntu/HumbleDave2/ros2ws/install/dave_interfaces/lib/libdave_interfaces__rosidl_typesupport_fastrtps_cpp.so
[39.117s] -- Set runtime path of "/home/ubuntu/HumbleDave2/ros2ws/install/dave_interfaces/lib/libdave_interfaces__rosidl_typesupport_fastrtps_cpp.so" to ""
[39.117s] -- Up-to-date: /home/ubuntu/HumbleDave2/ros2ws/install/dave_interfaces/include/dave_interfaces/dave_interfaces
[39.117s] -- Up-to-date: /home/ubuntu/HumbleDave2/ros2ws/install/dave_interfaces/include/dave_interfaces/dave_interfaces/srv
[39.118s] -- Up-to-date: /home/ubuntu/HumbleDave2/ros2ws/install/dave_interfaces/include/dave_interfaces/dave_interfaces/srv/detail
[39.118s] -- Installing: /home/ubuntu/HumbleDave2/ros2ws/install/dave_interfaces/include/dave_interfaces/dave_interfaces/srv/detail/say__rosidl_typesupport_introspection_cpp.hpp
[39.119s] -- Installing: /home/ubuntu/HumbleDave2/ros2ws/install/dave_interfaces/include/dave_interfaces/dave_interfaces/srv/detail/undock__rosidl_typesupport_introspection_cpp.hpp
[39.121s] -- Installing: /home/ubuntu/HumbleDave2/ros2ws/install/dave_interfaces/include/dave_interfaces/dave_interfaces/srv/detail/dock__type_support.cpp
[39.122s] -- Installing: /home/ubuntu/HumbleDave2/ros2ws/install/dave_interfaces/include/dave_interfaces/dave_interfaces/srv/detail/say__type_support.cpp
[39.123s] -- Installing: /home/ubuntu/HumbleDave2/ros2ws/install/dave_interfaces/include/dave_interfaces/dave_interfaces/srv/detail/undock__type_support.cpp
[39.124s] -- Installing: /home/ubuntu/HumbleDave2/ros2ws/install/dave_interfaces/include/dave_interfaces/dave_interfaces/srv/detail/dock__rosidl_typesupport_introspection_cpp.hpp
[39.126s] -- Up-to-date: /home/ubuntu/HumbleDave2/ros2ws/install/dave_interfaces/include/dave_interfaces/dave_interfaces/msg
[39.126s] -- Up-to-date: /home/ubuntu/HumbleDave2/ros2ws/install/dave_interfaces/include/dave_interfaces/dave_interfaces/msg/detail
[39.126s] -- Installing: /home/ubuntu/HumbleDave2/ros2ws/install/dave_interfaces/include/dave_interfaces/dave_interfaces/msg/detail/battery_state__type_support.cpp
[39.128s] -- Installing: /home/ubuntu/HumbleDave2/ros2ws/install/dave_interfaces/include/dave_interfaces/dave_interfaces/msg/detail/dock_status__rosidl_typesupport_introspection_cpp.hpp
[39.129s] -- Installing: /home/ubuntu/HumbleDave2/ros2ws/install/dave_interfaces/include/dave_interfaces/dave_interfaces/msg/detail/battery_state__rosidl_typesupport_introspection_cpp.hpp
[39.130s] -- Installing: /home/ubuntu/HumbleDave2/ros2ws/install/dave_interfaces/include/dave_interfaces/dave_interfaces/msg/detail/dock_status__type_support.cpp
[39.132s] -- Installing: /home/ubuntu/HumbleDave2/ros2ws/install/dave_interfaces/lib/libdave_interfaces__rosidl_typesupport_introspection_cpp.so
[39.135s] -- Set runtime path of "/home/ubuntu/HumbleDave2/ros2ws/install/dave_interfaces/lib/libdave_interfaces__rosidl_typesupport_introspection_cpp.so" to ""
[39.135s] -- Installing: /home/ubuntu/HumbleDave2/ros2ws/install/dave_interfaces/lib/libdave_interfaces__rosidl_typesupport_cpp.so
[39.138s] -- Set runtime path of "/home/ubuntu/HumbleDave2/ros2ws/install/dave_interfaces/lib/libdave_interfaces__rosidl_typesupport_cpp.so" to ""
[39.138s] -- Installing: /home/ubuntu/HumbleDave2/ros2ws/install/dave_interfaces/share/dave_interfaces/environment/pythonpath.sh
[39.139s] -- Installing: /home/ubuntu/HumbleDave2/ros2ws/install/dave_interfaces/share/dave_interfaces/environment/pythonpath.dsv
[39.141s] -- Installing: /home/ubuntu/HumbleDave2/ros2ws/install/dave_interfaces/local/lib/python3.10/dist-packages/dave_interfaces-0.0.1-py3.10.egg-info
[39.142s] -- Installing: /home/ubuntu/HumbleDave2/ros2ws/install/dave_interfaces/local/lib/python3.10/dist-packages/dave_interfaces-0.0.1-py3.10.egg-info/top_level.txt
[39.143s] -- Installing: /home/ubuntu/HumbleDave2/ros2ws/install/dave_interfaces/local/lib/python3.10/dist-packages/dave_interfaces-0.0.1-py3.10.egg-info/dependency_links.txt
[39.144s] -- Installing: /home/ubuntu/HumbleDave2/ros2ws/install/dave_interfaces/local/lib/python3.10/dist-packages/dave_interfaces-0.0.1-py3.10.egg-info/PKG-INFO
[39.145s] -- Installing: /home/ubuntu/HumbleDave2/ros2ws/install/dave_interfaces/local/lib/python3.10/dist-packages/dave_interfaces-0.0.1-py3.10.egg-info/SOURCES.txt
[39.146s] -- Installing: /home/ubuntu/HumbleDave2/ros2ws/install/dave_interfaces/local/lib/python3.10/dist-packages/dave_interfaces
[39.147s] -- Installing: /home/ubuntu/HumbleDave2/ros2ws/install/dave_interfaces/local/lib/python3.10/dist-packages/dave_interfaces/_dave_interfaces_s.ep.rosidl_typesupport_introspection_c.c
[39.149s] -- Installing: /home/ubuntu/HumbleDave2/ros2ws/install/dave_interfaces/local/lib/python3.10/dist-packages/dave_interfaces/_dave_interfaces_s.ep.rosidl_typesupport_fastrtps_c.c
[39.150s] -- Installing: /home/ubuntu/HumbleDave2/ros2ws/install/dave_interfaces/local/lib/python3.10/dist-packages/dave_interfaces/srv
[39.151s] -- Installing: /home/ubuntu/HumbleDave2/ros2ws/install/dave_interfaces/local/lib/python3.10/dist-packages/dave_interfaces/srv/_say_s.c
[39.152s] -- Installing: /home/ubuntu/HumbleDave2/ros2ws/install/dave_interfaces/local/lib/python3.10/dist-packages/dave_interfaces/srv/_dock.py
[39.153s] -- Installing: /home/ubuntu/HumbleDave2/ros2ws/install/dave_interfaces/local/lib/python3.10/dist-packages/dave_interfaces/srv/_undock.py
[39.154s] -- Installing: /home/ubuntu/HumbleDave2/ros2ws/install/dave_interfaces/local/lib/python3.10/dist-packages/dave_interfaces/srv/_undock_s.c
[39.155s] -- Installing: /home/ubuntu/HumbleDave2/ros2ws/install/dave_interfaces/local/lib/python3.10/dist-packages/dave_interfaces/srv/_dock_s.c
[39.157s] -- Installing: /home/ubuntu/HumbleDave2/ros2ws/install/dave_interfaces/local/lib/python3.10/dist-packages/dave_interfaces/srv/__init__.py
[39.158s] -- Installing: /home/ubuntu/HumbleDave2/ros2ws/install/dave_interfaces/local/lib/python3.10/dist-packages/dave_interfaces/srv/_say.py
[39.159s] -- Installing: /home/ubuntu/HumbleDave2/ros2ws/install/dave_interfaces/local/lib/python3.10/dist-packages/dave_interfaces/msg
[39.160s] -- Installing: /home/ubuntu/HumbleDave2/ros2ws/install/dave_interfaces/local/lib/python3.10/dist-packages/dave_interfaces/msg/__init__.py
[39.161s] -- Installing: /home/ubuntu/HumbleDave2/ros2ws/install/dave_interfaces/local/lib/python3.10/dist-packages/dave_interfaces/msg/_battery_state.py
[39.162s] -- Installing: /home/ubuntu/HumbleDave2/ros2ws/install/dave_interfaces/local/lib/python3.10/dist-packages/dave_interfaces/msg/_battery_state_s.c
[39.163s] -- Installing: /home/ubuntu/HumbleDave2/ros2ws/install/dave_interfaces/local/lib/python3.10/dist-packages/dave_interfaces/msg/_dock_status_s.c
[39.164s] -- Installing: /home/ubuntu/HumbleDave2/ros2ws/install/dave_interfaces/local/lib/python3.10/dist-packages/dave_interfaces/msg/_dock_status.py
[39.165s] -- Installing: /home/ubuntu/HumbleDave2/ros2ws/install/dave_interfaces/local/lib/python3.10/dist-packages/dave_interfaces/dave_interfaces_s__rosidl_typesupport_introspection_c.cpython-310-aarch64-linux-gnu.so
[39.167s] -- Installing: /home/ubuntu/HumbleDave2/ros2ws/install/dave_interfaces/local/lib/python3.10/dist-packages/dave_interfaces/libdave_interfaces__rosidl_generator_py.so
[39.169s] -- Installing: /home/ubuntu/HumbleDave2/ros2ws/install/dave_interfaces/local/lib/python3.10/dist-packages/dave_interfaces/dave_interfaces_s__rosidl_typesupport_fastrtps_c.cpython-310-aarch64-linux-gnu.so
[39.170s] -- Installing: /home/ubuntu/HumbleDave2/ros2ws/install/dave_interfaces/local/lib/python3.10/dist-packages/dave_interfaces/dave_interfaces_s__rosidl_typesupport_c.cpython-310-aarch64-linux-gnu.so
[39.172s] -- Installing: /home/ubuntu/HumbleDave2/ros2ws/install/dave_interfaces/local/lib/python3.10/dist-packages/dave_interfaces/__init__.py
[39.173s] -- Installing: /home/ubuntu/HumbleDave2/ros2ws/install/dave_interfaces/local/lib/python3.10/dist-packages/dave_interfaces/_dave_interfaces_s.ep.rosidl_typesupport_c.c
[39.379s] Listing '/home/ubuntu/HumbleDave2/ros2ws/install/dave_interfaces/local/lib/python3.10/dist-packages/dave_interfaces'...
[39.380s] Compiling '/home/ubuntu/HumbleDave2/ros2ws/install/dave_interfaces/local/lib/python3.10/dist-packages/dave_interfaces/__init__.py'...
[39.381s] Listing '/home/ubuntu/HumbleDave2/ros2ws/install/dave_interfaces/local/lib/python3.10/dist-packages/dave_interfaces/msg'...
[39.382s] Compiling '/home/ubuntu/HumbleDave2/ros2ws/install/dave_interfaces/local/lib/python3.10/dist-packages/dave_interfaces/msg/__init__.py'...
[39.383s] Compiling '/home/ubuntu/HumbleDave2/ros2ws/install/dave_interfaces/local/lib/python3.10/dist-packages/dave_interfaces/msg/_battery_state.py'...
[39.384s] Compiling '/home/ubuntu/HumbleDave2/ros2ws/install/dave_interfaces/local/lib/python3.10/dist-packages/dave_interfaces/msg/_dock_status.py'...
[39.385s] Listing '/home/ubuntu/HumbleDave2/ros2ws/install/dave_interfaces/local/lib/python3.10/dist-packages/dave_interfaces/srv'...
[39.386s] Compiling '/home/ubuntu/HumbleDave2/ros2ws/install/dave_interfaces/local/lib/python3.10/dist-packages/dave_interfaces/srv/__init__.py'...
[39.387s] Compiling '/home/ubuntu/HumbleDave2/ros2ws/install/dave_interfaces/local/lib/python3.10/dist-packages/dave_interfaces/srv/_dock.py'...
[39.388s] Compiling '/home/ubuntu/HumbleDave2/ros2ws/install/dave_interfaces/local/lib/python3.10/dist-packages/dave_interfaces/srv/_say.py'...
[39.389s] Compiling '/home/ubuntu/HumbleDave2/ros2ws/install/dave_interfaces/local/lib/python3.10/dist-packages/dave_interfaces/srv/_undock.py'...
[39.405s] -- Installing: /home/ubuntu/HumbleDave2/ros2ws/install/dave_interfaces/local/lib/python3.10/dist-packages/dave_interfaces/dave_interfaces_s__rosidl_typesupport_fastrtps_c.cpython-310-aarch64-linux-gnu.so
[39.408s] -- Set runtime path of "/home/ubuntu/HumbleDave2/ros2ws/install/dave_interfaces/local/lib/python3.10/dist-packages/dave_interfaces/dave_interfaces_s__rosidl_typesupport_fastrtps_c.cpython-310-aarch64-linux-gnu.so" to ""
[39.410s] -- Installing: /home/ubuntu/HumbleDave2/ros2ws/install/dave_interfaces/local/lib/python3.10/dist-packages/dave_interfaces/dave_interfaces_s__rosidl_typesupport_introspection_c.cpython-310-aarch64-linux-gnu.so
[39.414s] -- Set runtime path of "/home/ubuntu/HumbleDave2/ros2ws/install/dave_interfaces/local/lib/python3.10/dist-packages/dave_interfaces/dave_interfaces_s__rosidl_typesupport_introspection_c.cpython-310-aarch64-linux-gnu.so" to ""
[39.415s] -- Installing: /home/ubuntu/HumbleDave2/ros2ws/install/dave_interfaces/local/lib/python3.10/dist-packages/dave_interfaces/dave_interfaces_s__rosidl_typesupport_c.cpython-310-aarch64-linux-gnu.so
[39.419s] -- Set runtime path of "/home/ubuntu/HumbleDave2/ros2ws/install/dave_interfaces/local/lib/python3.10/dist-packages/dave_interfaces/dave_interfaces_s__rosidl_typesupport_c.cpython-310-aarch64-linux-gnu.so" to ""
[39.420s] -- Installing: /home/ubuntu/HumbleDave2/ros2ws/install/dave_interfaces/lib/libdave_interfaces__rosidl_generator_py.so
[39.423s] -- Set runtime path of "/home/ubuntu/HumbleDave2/ros2ws/install/dave_interfaces/lib/libdave_interfaces__rosidl_generator_py.so" to ""
[39.424s] -- Installing: /home/ubuntu/HumbleDave2/ros2ws/install/dave_interfaces/share/dave_interfaces/srv/Say.idl
[39.425s] -- Installing: /home/ubuntu/HumbleDave2/ros2ws/install/dave_interfaces/share/dave_interfaces/srv/Dock.idl
[39.426s] -- Installing: /home/ubuntu/HumbleDave2/ros2ws/install/dave_interfaces/share/dave_interfaces/srv/Undock.idl
[39.427s] -- Installing: /home/ubuntu/HumbleDave2/ros2ws/install/dave_interfaces/share/dave_interfaces/msg/BatteryState.idl
[39.429s] -- Installing: /home/ubuntu/HumbleDave2/ros2ws/install/dave_interfaces/share/dave_interfaces/msg/DockStatus.idl
[39.430s] -- Installing: /home/ubuntu/HumbleDave2/ros2ws/install/dave_interfaces/share/dave_interfaces/srv/Say.srv
[39.431s] -- Installing: /home/ubuntu/HumbleDave2/ros2ws/install/dave_interfaces/share/dave_interfaces/srv/Say_Request.msg
[39.432s] -- Installing: /home/ubuntu/HumbleDave2/ros2ws/install/dave_interfaces/share/dave_interfaces/srv/Say_Response.msg
[39.433s] -- Installing: /home/ubuntu/HumbleDave2/ros2ws/install/dave_interfaces/share/dave_interfaces/srv/Dock.srv
[39.435s] -- Installing: /home/ubuntu/HumbleDave2/ros2ws/install/dave_interfaces/share/dave_interfaces/srv/Dock_Request.msg
[39.436s] -- Installing: /home/ubuntu/HumbleDave2/ros2ws/install/dave_interfaces/share/dave_interfaces/srv/Dock_Response.msg
[39.437s] -- Installing: /home/ubuntu/HumbleDave2/ros2ws/install/dave_interfaces/share/dave_interfaces/srv/Undock.srv
[39.438s] -- Installing: /home/ubuntu/HumbleDave2/ros2ws/install/dave_interfaces/share/dave_interfaces/srv/Undock_Request.msg
[39.439s] -- Installing: /home/ubuntu/HumbleDave2/ros2ws/install/dave_interfaces/share/dave_interfaces/srv/Undock_Response.msg
[39.440s] -- Installing: /home/ubuntu/HumbleDave2/ros2ws/install/dave_interfaces/share/dave_interfaces/msg/BatteryState.msg
[39.441s] -- Installing: /home/ubuntu/HumbleDave2/ros2ws/install/dave_interfaces/share/dave_interfaces/msg/DockStatus.msg
[39.443s] -- Installing: /home/ubuntu/HumbleDave2/ros2ws/install/dave_interfaces/share/ament_index/resource_index/package_run_dependencies/dave_interfaces
[39.445s] -- Installing: /home/ubuntu/HumbleDave2/ros2ws/install/dave_interfaces/share/ament_index/resource_index/parent_prefix_path/dave_interfaces
[39.446s] -- Installing: /home/ubuntu/HumbleDave2/ros2ws/install/dave_interfaces/share/dave_interfaces/environment/ament_prefix_path.sh
[39.447s] -- Installing: /home/ubuntu/HumbleDave2/ros2ws/install/dave_interfaces/share/dave_interfaces/environment/ament_prefix_path.dsv
[39.449s] -- Installing: /home/ubuntu/HumbleDave2/ros2ws/install/dave_interfaces/share/dave_interfaces/environment/path.sh
[39.450s] -- Installing: /home/ubuntu/HumbleDave2/ros2ws/install/dave_interfaces/share/dave_interfaces/environment/path.dsv
[39.451s] -- Installing: /home/ubuntu/HumbleDave2/ros2ws/install/dave_interfaces/share/dave_interfaces/local_setup.bash
[39.452s] -- Installing: /home/ubuntu/HumbleDave2/ros2ws/install/dave_interfaces/share/dave_interfaces/local_setup.sh
[39.453s] -- Installing: /home/ubuntu/HumbleDave2/ros2ws/install/dave_interfaces/share/dave_interfaces/local_setup.zsh
[39.454s] -- Installing: /home/ubuntu/HumbleDave2/ros2ws/install/dave_interfaces/share/dave_interfaces/local_setup.dsv
[39.456s] -- Installing: /home/ubuntu/HumbleDave2/ros2ws/install/dave_interfaces/share/dave_interfaces/package.dsv
[39.457s] -- Installing: /home/ubuntu/HumbleDave2/ros2ws/install/dave_interfaces/share/ament_index/resource_index/packages/dave_interfaces
[39.459s] -- Installing: /home/ubuntu/HumbleDave2/ros2ws/install/dave_interfaces/share/dave_interfaces/cmake/export_dave_interfaces__rosidl_generator_cExport.cmake
[39.460s] -- Installing: /home/ubuntu/HumbleDave2/ros2ws/install/dave_interfaces/share/dave_interfaces/cmake/export_dave_interfaces__rosidl_generator_cExport-noconfig.cmake
[39.462s] -- Installing: /home/ubuntu/HumbleDave2/ros2ws/install/dave_interfaces/share/dave_interfaces/cmake/export_dave_interfaces__rosidl_typesupport_fastrtps_cExport.cmake
[39.464s] -- Installing: /home/ubuntu/HumbleDave2/ros2ws/install/dave_interfaces/share/dave_interfaces/cmake/export_dave_interfaces__rosidl_typesupport_fastrtps_cExport-noconfig.cmake
[39.465s] -- Installing: /home/ubuntu/HumbleDave2/ros2ws/install/dave_interfaces/share/dave_interfaces/cmake/dave_interfaces__rosidl_typesupport_introspection_cExport.cmake
[39.467s] -- Installing: /home/ubuntu/HumbleDave2/ros2ws/install/dave_interfaces/share/dave_interfaces/cmake/dave_interfaces__rosidl_typesupport_introspection_cExport-noconfig.cmake
[39.468s] -- Installing: /home/ubuntu/HumbleDave2/ros2ws/install/dave_interfaces/share/dave_interfaces/cmake/dave_interfaces__rosidl_typesupport_cExport.cmake
[39.470s] -- Installing: /home/ubuntu/HumbleDave2/ros2ws/install/dave_interfaces/share/dave_interfaces/cmake/dave_interfaces__rosidl_typesupport_cExport-noconfig.cmake
[39.471s] -- Installing: /home/ubuntu/HumbleDave2/ros2ws/install/dave_interfaces/share/dave_interfaces/cmake/export_dave_interfaces__rosidl_generator_cppExport.cmake
[39.473s] -- Installing: /home/ubuntu/HumbleDave2/ros2ws/install/dave_interfaces/share/dave_interfaces/cmake/export_dave_interfaces__rosidl_typesupport_fastrtps_cppExport.cmake
[39.474s] -- Installing: /home/ubuntu/HumbleDave2/ros2ws/install/dave_interfaces/share/dave_interfaces/cmake/export_dave_interfaces__rosidl_typesupport_fastrtps_cppExport-noconfig.cmake
[39.476s] -- Installing: /home/ubuntu/HumbleDave2/ros2ws/install/dave_interfaces/share/dave_interfaces/cmake/dave_interfaces__rosidl_typesupport_introspection_cppExport.cmake
[39.477s] -- Installing: /home/ubuntu/HumbleDave2/ros2ws/install/dave_interfaces/share/dave_interfaces/cmake/dave_interfaces__rosidl_typesupport_introspection_cppExport-noconfig.cmake
[39.479s] -- Installing: /home/ubuntu/HumbleDave2/ros2ws/install/dave_interfaces/share/dave_interfaces/cmake/dave_interfaces__rosidl_typesupport_cppExport.cmake
[39.480s] -- Installing: /home/ubuntu/HumbleDave2/ros2ws/install/dave_interfaces/share/dave_interfaces/cmake/dave_interfaces__rosidl_typesupport_cppExport-noconfig.cmake
[39.482s] -- Installing: /home/ubuntu/HumbleDave2/ros2ws/install/dave_interfaces/share/dave_interfaces/cmake/export_dave_interfaces__rosidl_generator_pyExport.cmake
[39.483s] -- Installing: /home/ubuntu/HumbleDave2/ros2ws/install/dave_interfaces/share/dave_interfaces/cmake/export_dave_interfaces__rosidl_generator_pyExport-noconfig.cmake
[39.485s] -- Installing: /home/ubuntu/HumbleDave2/ros2ws/install/dave_interfaces/share/dave_interfaces/cmake/rosidl_cmake-extras.cmake
[39.486s] -- Installing: /home/ubuntu/HumbleDave2/ros2ws/install/dave_interfaces/share/dave_interfaces/cmake/ament_cmake_export_dependencies-extras.cmake
[39.488s] -- Installing: /home/ubuntu/HumbleDave2/ros2ws/install/dave_interfaces/share/dave_interfaces/cmake/ament_cmake_export_include_directories-extras.cmake
[39.489s] -- Installing: /home/ubuntu/HumbleDave2/ros2ws/install/dave_interfaces/share/dave_interfaces/cmake/ament_cmake_export_libraries-extras.cmake
[39.490s] -- Installing: /home/ubuntu/HumbleDave2/ros2ws/install/dave_interfaces/share/dave_interfaces/cmake/ament_cmake_export_targets-extras.cmake
[39.491s] -- Installing: /home/ubuntu/HumbleDave2/ros2ws/install/dave_interfaces/share/dave_interfaces/cmake/rosidl_cmake_export_typesupport_targets-extras.cmake
[39.493s] -- Installing: /home/ubuntu/HumbleDave2/ros2ws/install/dave_interfaces/share/dave_interfaces/cmake/rosidl_cmake_export_typesupport_libraries-extras.cmake
[39.494s] -- Installing: /home/ubuntu/HumbleDave2/ros2ws/install/dave_interfaces/share/dave_interfaces/cmake/dave_interfacesConfig.cmake
[39.495s] -- Installing: /home/ubuntu/HumbleDave2/ros2ws/install/dave_interfaces/share/dave_interfaces/cmake/dave_interfacesConfig-version.cmake
[39.496s] -- Installing: /home/ubuntu/HumbleDave2/ros2ws/install/dave_interfaces/share/dave_interfaces/package.xml
[39.504s] Invoked command in '/home/ubuntu/HumbleDave2/ros2ws/build/dave_interfaces' returned '0': CMAKE_PREFIX_PATH=${CMAKE_PREFIX_PATH}:/home/ubuntu/HumbleDave/ros2ws/install/teleop_gopigo3_keyboard:/home/ubuntu/HumbleDave/ros2ws/install/scan_client:/home/ubuntu/HumbleDave/ros2ws/install/ros2_libcamera_pub:/home/ubuntu/HumbleDave/ros2ws/install/ros2_gopigo3_node:/home/ubuntu/HumbleDave/ros2ws/install/explorer_wanderer:/home/ubuntu/HumbleDave/ros2ws/install/HoROS8:/home/ubuntu/ros2ws/install/ydlidar_ros2_driver:/home/ubuntu/ros2ws/install/teleop_gopigo3_keyboard:/home/ubuntu/ros2ws/install/ros2_libcamera_pub:/home/ubuntu/ros2ws/install/ros2_gopigo3_node:/home/ubuntu/ros2ws/install/ros2_gopigo3_msg:/opt/ros/humble /usr/bin/cmake --install /home/ubuntu/HumbleDave2/ros2ws/build/dave_interfaces
