[1.279s] Invoking command in '/home/ubuntu/HumbleDave/ros2ws/build/gopigo3_ekf': CMAKE_PREFIX_PATH=${CMAKE_PREFIX_PATH}:/home/ubuntu/HumbleDave/ros2ws/install/teleop_gopigo3_keyboard:/home/ubuntu/HumbleDave/ros2ws/install/scan_client:/home/ubuntu/HumbleDave/ros2ws/install/ros2_libcamera_pub:/home/ubuntu/HumbleDave/ros2ws/install/ros2_gopigo3_node:/home/ubuntu/ros2ws/install/teleop_gopigo3_keyboard:/home/ubuntu/ros2ws/install/ros2_libcamera_pub:/home/ubuntu/ros2ws/install/ros2_gopigo3_node:/opt/ros/humble /usr/bin/cmake --build /home/ubuntu/HumbleDave/ros2ws/build/gopigo3_ekf -- -j4 -l4
[3.666s] Invoked command in '/home/ubuntu/HumbleDave/ros2ws/build/gopigo3_ekf' returned '0': CMAKE_PREFIX_PATH=${CMAKE_PREFIX_PATH}:/home/ubuntu/HumbleDave/ros2ws/install/teleop_gopigo3_keyboard:/home/ubuntu/HumbleDave/ros2ws/install/scan_client:/home/ubuntu/HumbleDave/ros2ws/install/ros2_libcamera_pub:/home/ubuntu/HumbleDave/ros2ws/install/ros2_gopigo3_node:/home/ubuntu/ros2ws/install/teleop_gopigo3_keyboard:/home/ubuntu/ros2ws/install/ros2_libcamera_pub:/home/ubuntu/ros2ws/install/ros2_gopigo3_node:/opt/ros/humble /usr/bin/cmake --build /home/ubuntu/HumbleDave/ros2ws/build/gopigo3_ekf -- -j4 -l4
[5.378s] Invoking command in '/home/ubuntu/HumbleDave/ros2ws/build/gopigo3_ekf': CMAKE_PREFIX_PATH=${CMAKE_PREFIX_PATH}:/home/ubuntu/HumbleDave/ros2ws/install/teleop_gopigo3_keyboard:/home/ubuntu/HumbleDave/ros2ws/install/scan_client:/home/ubuntu/HumbleDave/ros2ws/install/ros2_libcamera_pub:/home/ubuntu/HumbleDave/ros2ws/install/ros2_gopigo3_node:/home/ubuntu/ros2ws/install/teleop_gopigo3_keyboard:/home/ubuntu/ros2ws/install/ros2_libcamera_pub:/home/ubuntu/ros2ws/install/ros2_gopigo3_node:/opt/ros/humble /usr/bin/cmake --install /home/ubuntu/HumbleDave/ros2ws/build/gopigo3_ekf
[5.420s] -- Install configuration: ""
[5.423s] -- Execute custom install script
[5.426s] -- Up-to-date symlink: /home/ubuntu/HumbleDave/ros2ws/install/gopigo3_ekf/share/gopigo3_ekf/config/ekf.yaml
[5.428s] -- Up-to-date symlink: /home/ubuntu/HumbleDave/ros2ws/install/gopigo3_ekf/share/gopigo3_ekf/launch/ekf_v3.launch.py
[5.430s] -- Up-to-date symlink: /home/ubuntu/HumbleDave/ros2ws/install/gopigo3_ekf/share/ament_index/resource_index/package_run_dependencies/gopigo3_ekf
[5.431s] -- Up-to-date symlink: /home/ubuntu/HumbleDave/ros2ws/install/gopigo3_ekf/share/ament_index/resource_index/parent_prefix_path/gopigo3_ekf
[5.433s] -- Up-to-date symlink: /home/ubuntu/HumbleDave/ros2ws/install/gopigo3_ekf/share/gopigo3_ekf/environment/ament_prefix_path.sh
[5.434s] -- Up-to-date symlink: /home/ubuntu/HumbleDave/ros2ws/install/gopigo3_ekf/share/gopigo3_ekf/environment/ament_prefix_path.dsv
[5.435s] -- Up-to-date symlink: /home/ubuntu/HumbleDave/ros2ws/install/gopigo3_ekf/share/gopigo3_ekf/environment/path.sh
[5.437s] -- Up-to-date symlink: /home/ubuntu/HumbleDave/ros2ws/install/gopigo3_ekf/share/gopigo3_ekf/environment/path.dsv
[5.437s] -- Up-to-date symlink: /home/ubuntu/HumbleDave/ros2ws/install/gopigo3_ekf/share/gopigo3_ekf/local_setup.bash
[5.439s] -- Up-to-date symlink: /home/ubuntu/HumbleDave/ros2ws/install/gopigo3_ekf/share/gopigo3_ekf/local_setup.sh
[5.440s] -- Up-to-date symlink: /home/ubuntu/HumbleDave/ros2ws/install/gopigo3_ekf/share/gopigo3_ekf/local_setup.zsh
[5.441s] -- Up-to-date symlink: /home/ubuntu/HumbleDave/ros2ws/install/gopigo3_ekf/share/gopigo3_ekf/local_setup.dsv
[5.442s] -- Symlinking: /home/ubuntu/HumbleDave/ros2ws/install/gopigo3_ekf/share/gopigo3_ekf/package.dsv
[5.489s] -- Up-to-date symlink: /home/ubuntu/HumbleDave/ros2ws/install/gopigo3_ekf/share/ament_index/resource_index/packages/gopigo3_ekf
[5.492s] -- Up-to-date symlink: /home/ubuntu/HumbleDave/ros2ws/install/gopigo3_ekf/share/gopigo3_ekf/cmake/gopigo3_ekfConfig.cmake
[5.494s] -- Up-to-date symlink: /home/ubuntu/HumbleDave/ros2ws/install/gopigo3_ekf/share/gopigo3_ekf/cmake/gopigo3_ekfConfig-version.cmake
[5.497s] -- Up-to-date symlink: /home/ubuntu/HumbleDave/ros2ws/install/gopigo3_ekf/share/gopigo3_ekf/package.xml
[5.518s] Invoked command in '/home/ubuntu/HumbleDave/ros2ws/build/gopigo3_ekf' returned '0': CMAKE_PREFIX_PATH=${CMAKE_PREFIX_PATH}:/home/ubuntu/HumbleDave/ros2ws/install/teleop_gopigo3_keyboard:/home/ubuntu/HumbleDave/ros2ws/install/scan_client:/home/ubuntu/HumbleDave/ros2ws/install/ros2_libcamera_pub:/home/ubuntu/HumbleDave/ros2ws/install/ros2_gopigo3_node:/home/ubuntu/ros2ws/install/teleop_gopigo3_keyboard:/home/ubuntu/ros2ws/install/ros2_libcamera_pub:/home/ubuntu/ros2ws/install/ros2_gopigo3_node:/opt/ros/humble /usr/bin/cmake --install /home/ubuntu/HumbleDave/ros2ws/build/gopigo3_ekf
