[0.718s] Invoking command in '/home/ubuntu/HumbleDave/ros2ws/build/mpu9250driver': CMAKE_PREFIX_PATH=${CMAKE_PREFIX_PATH}:/home/ubuntu/HumbleDave/ros2ws/install/HoROS8:/home/ubuntu/HumbleDave/ros2ws/install/teleop_gopigo3_keyboard:/home/ubuntu/HumbleDave/ros2ws/install/scan_client:/home/ubuntu/HumbleDave/ros2ws/install/ros2_libcamera_pub:/home/ubuntu/HumbleDave/ros2ws/install/ros2_gopigo3_node:/home/ubuntu/HumbleDave/ros2ws/install/explorer_wanderer:/home/ubuntu/ros2ws/install/ydlidar_ros2_driver:/home/ubuntu/ros2ws/install/teleop_gopigo3_keyboard:/home/ubuntu/ros2ws/install/ros2_libcamera_pub:/home/ubuntu/ros2ws/install/ros2_gopigo3_node:/home/ubuntu/ros2ws/install/ros2_gopigo3_msg:/opt/ros/humble /usr/bin/cmake --build /home/ubuntu/HumbleDave/ros2ws/build/mpu9250driver -- -j4 -l4
[1.120s] [ 33%] Built target mpu9250sensor
[1.128s] [ 66%] Built target linux_i2c_communicator
[1.199s] [35m[1mConsolidate compiler generated dependencies of target mpu9250driver[0m
[1.310s] [ 83%] [32mBuilding CXX object CMakeFiles/mpu9250driver.dir/src/mpu9250driver.cpp.o[0m
[27.257s] [100%] [32m[1mLinking CXX executable mpu9250driver[0m
[28.405s] [100%] Built target mpu9250driver
[28.449s] Invoked command in '/home/ubuntu/HumbleDave/ros2ws/build/mpu9250driver' returned '0': CMAKE_PREFIX_PATH=${CMAKE_PREFIX_PATH}:/home/ubuntu/HumbleDave/ros2ws/install/HoROS8:/home/ubuntu/HumbleDave/ros2ws/install/teleop_gopigo3_keyboard:/home/ubuntu/HumbleDave/ros2ws/install/scan_client:/home/ubuntu/HumbleDave/ros2ws/install/ros2_libcamera_pub:/home/ubuntu/HumbleDave/ros2ws/install/ros2_gopigo3_node:/home/ubuntu/HumbleDave/ros2ws/install/explorer_wanderer:/home/ubuntu/ros2ws/install/ydlidar_ros2_driver:/home/ubuntu/ros2ws/install/teleop_gopigo3_keyboard:/home/ubuntu/ros2ws/install/ros2_libcamera_pub:/home/ubuntu/ros2ws/install/ros2_gopigo3_node:/home/ubuntu/ros2ws/install/ros2_gopigo3_msg:/opt/ros/humble /usr/bin/cmake --build /home/ubuntu/HumbleDave/ros2ws/build/mpu9250driver -- -j4 -l4
[28.612s] Invoking command in '/home/ubuntu/HumbleDave/ros2ws/build/mpu9250driver': CMAKE_PREFIX_PATH=${CMAKE_PREFIX_PATH}:/home/ubuntu/HumbleDave/ros2ws/install/HoROS8:/home/ubuntu/HumbleDave/ros2ws/install/teleop_gopigo3_keyboard:/home/ubuntu/HumbleDave/ros2ws/install/scan_client:/home/ubuntu/HumbleDave/ros2ws/install/ros2_libcamera_pub:/home/ubuntu/HumbleDave/ros2ws/install/ros2_gopigo3_node:/home/ubuntu/HumbleDave/ros2ws/install/explorer_wanderer:/home/ubuntu/ros2ws/install/ydlidar_ros2_driver:/home/ubuntu/ros2ws/install/teleop_gopigo3_keyboard:/home/ubuntu/ros2ws/install/ros2_libcamera_pub:/home/ubuntu/ros2ws/install/ros2_gopigo3_node:/home/ubuntu/ros2ws/install/ros2_gopigo3_msg:/opt/ros/humble /usr/bin/cmake --install /home/ubuntu/HumbleDave/ros2ws/build/mpu9250driver
[28.642s] -- Install configuration: ""
[28.647s] -- Execute custom install script
[28.649s] -- Up-to-date symlink: /home/ubuntu/HumbleDave/ros2ws/install/mpu9250driver/lib/mpu9250driver/mpu9250driver
[28.651s] -- Up-to-date symlink: /home/ubuntu/HumbleDave/ros2ws/install/mpu9250driver/share/mpu9250driver//launch/mpu9250driver_launch.py
[28.652s] -- Up-to-date symlink: /home/ubuntu/HumbleDave/ros2ws/install/mpu9250driver/share/mpu9250driver//params/mpu9250.yaml
[28.653s] -- Up-to-date symlink: /home/ubuntu/HumbleDave/ros2ws/install/mpu9250driver/share/mpu9250driver//params/mpu9250.yaml.orig
[28.655s] -- Up-to-date symlink: /home/ubuntu/HumbleDave/ros2ws/install/mpu9250driver/share/ament_index/resource_index/package_run_dependencies/mpu9250driver
[28.656s] -- Up-to-date symlink: /home/ubuntu/HumbleDave/ros2ws/install/mpu9250driver/share/ament_index/resource_index/parent_prefix_path/mpu9250driver
[28.657s] -- Up-to-date symlink: /home/ubuntu/HumbleDave/ros2ws/install/mpu9250driver/share/mpu9250driver/environment/ament_prefix_path.sh
[28.658s] -- Up-to-date symlink: /home/ubuntu/HumbleDave/ros2ws/install/mpu9250driver/share/mpu9250driver/environment/ament_prefix_path.dsv
[28.659s] -- Up-to-date symlink: /home/ubuntu/HumbleDave/ros2ws/install/mpu9250driver/share/mpu9250driver/environment/path.sh
[28.661s] -- Up-to-date symlink: /home/ubuntu/HumbleDave/ros2ws/install/mpu9250driver/share/mpu9250driver/environment/path.dsv
[28.662s] -- Up-to-date symlink: /home/ubuntu/HumbleDave/ros2ws/install/mpu9250driver/share/mpu9250driver/local_setup.bash
[28.663s] -- Up-to-date symlink: /home/ubuntu/HumbleDave/ros2ws/install/mpu9250driver/share/mpu9250driver/local_setup.sh
[28.665s] -- Up-to-date symlink: /home/ubuntu/HumbleDave/ros2ws/install/mpu9250driver/share/mpu9250driver/local_setup.zsh
[28.666s] -- Up-to-date symlink: /home/ubuntu/HumbleDave/ros2ws/install/mpu9250driver/share/mpu9250driver/local_setup.dsv
[28.667s] -- Symlinking: /home/ubuntu/HumbleDave/ros2ws/install/mpu9250driver/share/mpu9250driver/package.dsv
[28.703s] -- Up-to-date symlink: /home/ubuntu/HumbleDave/ros2ws/install/mpu9250driver/share/ament_index/resource_index/packages/mpu9250driver
[28.704s] -- Up-to-date symlink: /home/ubuntu/HumbleDave/ros2ws/install/mpu9250driver/share/mpu9250driver/cmake/mpu9250driverConfig.cmake
[28.705s] -- Up-to-date symlink: /home/ubuntu/HumbleDave/ros2ws/install/mpu9250driver/share/mpu9250driver/cmake/mpu9250driverConfig-version.cmake
[28.706s] -- Up-to-date symlink: /home/ubuntu/HumbleDave/ros2ws/install/mpu9250driver/share/mpu9250driver/package.xml
[28.714s] Invoked command in '/home/ubuntu/HumbleDave/ros2ws/build/mpu9250driver' returned '0': CMAKE_PREFIX_PATH=${CMAKE_PREFIX_PATH}:/home/ubuntu/HumbleDave/ros2ws/install/HoROS8:/home/ubuntu/HumbleDave/ros2ws/install/teleop_gopigo3_keyboard:/home/ubuntu/HumbleDave/ros2ws/install/scan_client:/home/ubuntu/HumbleDave/ros2ws/install/ros2_libcamera_pub:/home/ubuntu/HumbleDave/ros2ws/install/ros2_gopigo3_node:/home/ubuntu/HumbleDave/ros2ws/install/explorer_wanderer:/home/ubuntu/ros2ws/install/ydlidar_ros2_driver:/home/ubuntu/ros2ws/install/teleop_gopigo3_keyboard:/home/ubuntu/ros2ws/install/ros2_libcamera_pub:/home/ubuntu/ros2ws/install/ros2_gopigo3_node:/home/ubuntu/ros2ws/install/ros2_gopigo3_msg:/opt/ros/humble /usr/bin/cmake --install /home/ubuntu/HumbleDave/ros2ws/build/mpu9250driver
