[4.462s] DEBUG:colcon:Command line arguments: ['/usr/bin/colcon', 'build', '--allow-overriding', 'ros2_gopigo3_msg', '--symlink-install']
[4.462s] DEBUG:colcon:Parsed command line arguments: Namespace(log_base=None, log_level=None, verb_name='build', build_base='build', install_base='install', merge_install=False, symlink_install=True, test_result_base=None, continue_on_error=False, executor='parallel', parallel_workers=4, event_handlers=None, ignore_user_meta=False, metas=['./colcon.meta'], base_paths=['.'], packages_ignore=None, packages_ignore_regex=None, paths=None, packages_up_to=None, packages_up_to_regex=None, packages_above=None, packages_above_and_dependencies=None, packages_above_depth=None, packages_select_by_dep=None, packages_skip_by_dep=None, packages_skip_up_to=None, packages_select_build_failed=False, packages_skip_build_finished=False, packages_select_test_failures=False, packages_skip_test_passed=False, packages_select=None, packages_skip=None, packages_select_regex=None, packages_skip_regex=None, packages_start=None, packages_end=None, allow_overriding=['ros2_gopigo3_msg'], cmake_args=None, cmake_target=None, cmake_target_skip_unavailable=False, cmake_clean_cache=False, cmake_clean_first=False, cmake_force_configure=False, ament_cmake_args=None, catkin_cmake_args=None, catkin_skip_building_tests=False, verb_parser=<colcon_defaults.argument_parser.defaults.DefaultArgumentsDecorator object at 0xffff8cc17910>, verb_extension=<colcon_core.verb.build.BuildVerb object at 0xffff8cc16ce0>, main=<bound method BuildVerb.main of <colcon_core.verb.build.BuildVerb object at 0xffff8cc16ce0>>)
[4.669s] Level 1:colcon.colcon_core.package_discovery:discover_packages(colcon_meta) check parameters
[4.670s] Level 1:colcon.colcon_core.package_discovery:discover_packages(recursive) check parameters
[4.670s] Level 1:colcon.colcon_core.package_discovery:discover_packages(ignore) check parameters
[4.670s] Level 1:colcon.colcon_core.package_discovery:discover_packages(path) check parameters
[4.670s] Level 1:colcon.colcon_core.package_discovery:discover_packages(colcon_meta) discover
[4.670s] Level 1:colcon.colcon_core.package_discovery:discover_packages(recursive) discover
[4.671s] INFO:colcon.colcon_core.package_discovery:Crawling recursively for packages in '/home/ubuntu/HumbleDave/ros2ws'
[4.672s] Level 1:colcon.colcon_core.package_identification:_identify(.) by extensions ['ignore', 'ignore_ament_install']
[4.672s] Level 1:colcon.colcon_core.package_identification:_identify(.) by extension 'ignore'
[4.672s] Level 1:colcon.colcon_core.package_identification:_identify(.) by extension 'ignore_ament_install'
[4.673s] Level 1:colcon.colcon_core.package_identification:_identify(.) by extensions ['colcon_pkg']
[4.673s] Level 1:colcon.colcon_core.package_identification:_identify(.) by extension 'colcon_pkg'
[4.673s] Level 1:colcon.colcon_core.package_identification:_identify(.) by extensions ['colcon_meta']
[4.673s] Level 1:colcon.colcon_core.package_identification:_identify(.) by extension 'colcon_meta'
[4.673s] Level 1:colcon.colcon_core.package_identification:_identify(.) by extensions ['ros']
[4.673s] Level 1:colcon.colcon_core.package_identification:_identify(.) by extension 'ros'
[4.718s] Level 1:colcon.colcon_core.package_identification:_identify(.) by extensions ['cmake', 'python']
[4.718s] Level 1:colcon.colcon_core.package_identification:_identify(.) by extension 'cmake'
[4.718s] Level 1:colcon.colcon_core.package_identification:_identify(.) by extension 'python'
[4.718s] Level 1:colcon.colcon_core.package_identification:_identify(.) by extensions ['python_setup_py']
[4.719s] Level 1:colcon.colcon_core.package_identification:_identify(.) by extension 'python_setup_py'
[4.719s] Level 1:colcon.colcon_core.package_identification:_identify(build) by extensions ['ignore', 'ignore_ament_install']
[4.720s] Level 1:colcon.colcon_core.package_identification:_identify(build) by extension 'ignore'
[4.720s] Level 1:colcon.colcon_core.package_identification:_identify(build) ignored
[4.720s] Level 1:colcon.colcon_core.package_identification:_identify(install) by extensions ['ignore', 'ignore_ament_install']
[4.721s] Level 1:colcon.colcon_core.package_identification:_identify(install) by extension 'ignore'
[4.721s] Level 1:colcon.colcon_core.package_identification:_identify(install) ignored
[4.721s] Level 1:colcon.colcon_core.package_identification:_identify(log) by extensions ['ignore', 'ignore_ament_install']
[4.722s] Level 1:colcon.colcon_core.package_identification:_identify(log) by extension 'ignore'
[4.722s] Level 1:colcon.colcon_core.package_identification:_identify(log) ignored
[4.723s] Level 1:colcon.colcon_core.package_identification:_identify(roslogs) by extensions ['ignore', 'ignore_ament_install']
[4.723s] Level 1:colcon.colcon_core.package_identification:_identify(roslogs) by extension 'ignore'
[4.723s] Level 1:colcon.colcon_core.package_identification:_identify(roslogs) by extension 'ignore_ament_install'
[4.723s] Level 1:colcon.colcon_core.package_identification:_identify(roslogs) by extensions ['colcon_pkg']
[4.723s] Level 1:colcon.colcon_core.package_identification:_identify(roslogs) by extension 'colcon_pkg'
[4.724s] Level 1:colcon.colcon_core.package_identification:_identify(roslogs) by extensions ['colcon_meta']
[4.724s] Level 1:colcon.colcon_core.package_identification:_identify(roslogs) by extension 'colcon_meta'
[4.724s] Level 1:colcon.colcon_core.package_identification:_identify(roslogs) by extensions ['ros']
[4.724s] Level 1:colcon.colcon_core.package_identification:_identify(roslogs) by extension 'ros'
[4.724s] Level 1:colcon.colcon_core.package_identification:_identify(roslogs) by extensions ['cmake', 'python']
[4.725s] Level 1:colcon.colcon_core.package_identification:_identify(roslogs) by extension 'cmake'
[4.725s] Level 1:colcon.colcon_core.package_identification:_identify(roslogs) by extension 'python'
[4.725s] Level 1:colcon.colcon_core.package_identification:_identify(roslogs) by extensions ['python_setup_py']
[4.725s] Level 1:colcon.colcon_core.package_identification:_identify(roslogs) by extension 'python_setup_py'
[4.725s] Level 1:colcon.colcon_core.package_identification:_identify(roslogs/2023-11-09-11-48-41-312727-HumbleD-51949) by extensions ['ignore', 'ignore_ament_install']
[4.726s] Level 1:colcon.colcon_core.package_identification:_identify(roslogs/2023-11-09-11-48-41-312727-HumbleD-51949) by extension 'ignore'
[4.726s] Level 1:colcon.colcon_core.package_identification:_identify(roslogs/2023-11-09-11-48-41-312727-HumbleD-51949) by extension 'ignore_ament_install'
[4.726s] Level 1:colcon.colcon_core.package_identification:_identify(roslogs/2023-11-09-11-48-41-312727-HumbleD-51949) by extensions ['colcon_pkg']
[4.726s] Level 1:colcon.colcon_core.package_identification:_identify(roslogs/2023-11-09-11-48-41-312727-HumbleD-51949) by extension 'colcon_pkg'
[4.726s] Level 1:colcon.colcon_core.package_identification:_identify(roslogs/2023-11-09-11-48-41-312727-HumbleD-51949) by extensions ['colcon_meta']
[4.726s] Level 1:colcon.colcon_core.package_identification:_identify(roslogs/2023-11-09-11-48-41-312727-HumbleD-51949) by extension 'colcon_meta'
[4.727s] Level 1:colcon.colcon_core.package_identification:_identify(roslogs/2023-11-09-11-48-41-312727-HumbleD-51949) by extensions ['ros']
[4.727s] Level 1:colcon.colcon_core.package_identification:_identify(roslogs/2023-11-09-11-48-41-312727-HumbleD-51949) by extension 'ros'
[4.727s] Level 1:colcon.colcon_core.package_identification:_identify(roslogs/2023-11-09-11-48-41-312727-HumbleD-51949) by extensions ['cmake', 'python']
[4.727s] Level 1:colcon.colcon_core.package_identification:_identify(roslogs/2023-11-09-11-48-41-312727-HumbleD-51949) by extension 'cmake'
[4.727s] Level 1:colcon.colcon_core.package_identification:_identify(roslogs/2023-11-09-11-48-41-312727-HumbleD-51949) by extension 'python'
[4.728s] Level 1:colcon.colcon_core.package_identification:_identify(roslogs/2023-11-09-11-48-41-312727-HumbleD-51949) by extensions ['python_setup_py']
[4.728s] Level 1:colcon.colcon_core.package_identification:_identify(roslogs/2023-11-09-11-48-41-312727-HumbleD-51949) by extension 'python_setup_py'
[4.728s] Level 1:colcon.colcon_core.package_identification:_identify(roslogs/2023-11-09-11-51-54-921171-HumbleD-52365) by extensions ['ignore', 'ignore_ament_install']
[4.728s] Level 1:colcon.colcon_core.package_identification:_identify(roslogs/2023-11-09-11-51-54-921171-HumbleD-52365) by extension 'ignore'
[4.729s] Level 1:colcon.colcon_core.package_identification:_identify(roslogs/2023-11-09-11-51-54-921171-HumbleD-52365) by extension 'ignore_ament_install'
[4.729s] Level 1:colcon.colcon_core.package_identification:_identify(roslogs/2023-11-09-11-51-54-921171-HumbleD-52365) by extensions ['colcon_pkg']
[4.729s] Level 1:colcon.colcon_core.package_identification:_identify(roslogs/2023-11-09-11-51-54-921171-HumbleD-52365) by extension 'colcon_pkg'
[4.729s] Level 1:colcon.colcon_core.package_identification:_identify(roslogs/2023-11-09-11-51-54-921171-HumbleD-52365) by extensions ['colcon_meta']
[4.729s] Level 1:colcon.colcon_core.package_identification:_identify(roslogs/2023-11-09-11-51-54-921171-HumbleD-52365) by extension 'colcon_meta'
[4.730s] Level 1:colcon.colcon_core.package_identification:_identify(roslogs/2023-11-09-11-51-54-921171-HumbleD-52365) by extensions ['ros']
[4.730s] Level 1:colcon.colcon_core.package_identification:_identify(roslogs/2023-11-09-11-51-54-921171-HumbleD-52365) by extension 'ros'
[4.730s] Level 1:colcon.colcon_core.package_identification:_identify(roslogs/2023-11-09-11-51-54-921171-HumbleD-52365) by extensions ['cmake', 'python']
[4.730s] Level 1:colcon.colcon_core.package_identification:_identify(roslogs/2023-11-09-11-51-54-921171-HumbleD-52365) by extension 'cmake'
[4.730s] Level 1:colcon.colcon_core.package_identification:_identify(roslogs/2023-11-09-11-51-54-921171-HumbleD-52365) by extension 'python'
[4.730s] Level 1:colcon.colcon_core.package_identification:_identify(roslogs/2023-11-09-11-51-54-921171-HumbleD-52365) by extensions ['python_setup_py']
[4.730s] Level 1:colcon.colcon_core.package_identification:_identify(roslogs/2023-11-09-11-51-54-921171-HumbleD-52365) by extension 'python_setup_py'
[4.731s] Level 1:colcon.colcon_core.package_identification:_identify(roslogs/2023-11-09-11-51-55-033844-HumbleD-52362) by extensions ['ignore', 'ignore_ament_install']
[4.731s] Level 1:colcon.colcon_core.package_identification:_identify(roslogs/2023-11-09-11-51-55-033844-HumbleD-52362) by extension 'ignore'
[4.731s] Level 1:colcon.colcon_core.package_identification:_identify(roslogs/2023-11-09-11-51-55-033844-HumbleD-52362) by extension 'ignore_ament_install'
[4.732s] Level 1:colcon.colcon_core.package_identification:_identify(roslogs/2023-11-09-11-51-55-033844-HumbleD-52362) by extensions ['colcon_pkg']
[4.732s] Level 1:colcon.colcon_core.package_identification:_identify(roslogs/2023-11-09-11-51-55-033844-HumbleD-52362) by extension 'colcon_pkg'
[4.732s] Level 1:colcon.colcon_core.package_identification:_identify(roslogs/2023-11-09-11-51-55-033844-HumbleD-52362) by extensions ['colcon_meta']
[4.732s] Level 1:colcon.colcon_core.package_identification:_identify(roslogs/2023-11-09-11-51-55-033844-HumbleD-52362) by extension 'colcon_meta'
[4.732s] Level 1:colcon.colcon_core.package_identification:_identify(roslogs/2023-11-09-11-51-55-033844-HumbleD-52362) by extensions ['ros']
[4.732s] Level 1:colcon.colcon_core.package_identification:_identify(roslogs/2023-11-09-11-51-55-033844-HumbleD-52362) by extension 'ros'
[4.733s] Level 1:colcon.colcon_core.package_identification:_identify(roslogs/2023-11-09-11-51-55-033844-HumbleD-52362) by extensions ['cmake', 'python']
[4.733s] Level 1:colcon.colcon_core.package_identification:_identify(roslogs/2023-11-09-11-51-55-033844-HumbleD-52362) by extension 'cmake'
[4.733s] Level 1:colcon.colcon_core.package_identification:_identify(roslogs/2023-11-09-11-51-55-033844-HumbleD-52362) by extension 'python'
[4.733s] Level 1:colcon.colcon_core.package_identification:_identify(roslogs/2023-11-09-11-51-55-033844-HumbleD-52362) by extensions ['python_setup_py']
[4.733s] Level 1:colcon.colcon_core.package_identification:_identify(roslogs/2023-11-09-11-51-55-033844-HumbleD-52362) by extension 'python_setup_py'
[4.734s] Level 1:colcon.colcon_core.package_identification:_identify(roslogs/2023-11-09-11-52-59-021690-HumbleD-52560) by extensions ['ignore', 'ignore_ament_install']
[4.734s] Level 1:colcon.colcon_core.package_identification:_identify(roslogs/2023-11-09-11-52-59-021690-HumbleD-52560) by extension 'ignore'
[4.734s] Level 1:colcon.colcon_core.package_identification:_identify(roslogs/2023-11-09-11-52-59-021690-HumbleD-52560) by extension 'ignore_ament_install'
[4.734s] Level 1:colcon.colcon_core.package_identification:_identify(roslogs/2023-11-09-11-52-59-021690-HumbleD-52560) by extensions ['colcon_pkg']
[4.735s] Level 1:colcon.colcon_core.package_identification:_identify(roslogs/2023-11-09-11-52-59-021690-HumbleD-52560) by extension 'colcon_pkg'
[4.735s] Level 1:colcon.colcon_core.package_identification:_identify(roslogs/2023-11-09-11-52-59-021690-HumbleD-52560) by extensions ['colcon_meta']
[4.735s] Level 1:colcon.colcon_core.package_identification:_identify(roslogs/2023-11-09-11-52-59-021690-HumbleD-52560) by extension 'colcon_meta'
[4.735s] Level 1:colcon.colcon_core.package_identification:_identify(roslogs/2023-11-09-11-52-59-021690-HumbleD-52560) by extensions ['ros']
[4.735s] Level 1:colcon.colcon_core.package_identification:_identify(roslogs/2023-11-09-11-52-59-021690-HumbleD-52560) by extension 'ros'
[4.735s] Level 1:colcon.colcon_core.package_identification:_identify(roslogs/2023-11-09-11-52-59-021690-HumbleD-52560) by extensions ['cmake', 'python']
[4.736s] Level 1:colcon.colcon_core.package_identification:_identify(roslogs/2023-11-09-11-52-59-021690-HumbleD-52560) by extension 'cmake'
[4.736s] Level 1:colcon.colcon_core.package_identification:_identify(roslogs/2023-11-09-11-52-59-021690-HumbleD-52560) by extension 'python'
[4.736s] Level 1:colcon.colcon_core.package_identification:_identify(roslogs/2023-11-09-11-52-59-021690-HumbleD-52560) by extensions ['python_setup_py']
[4.736s] Level 1:colcon.colcon_core.package_identification:_identify(roslogs/2023-11-09-11-52-59-021690-HumbleD-52560) by extension 'python_setup_py'
[4.736s] Level 1:colcon.colcon_core.package_identification:_identify(roslogs/2023-11-09-11-52-59-161235-HumbleD-52563) by extensions ['ignore', 'ignore_ament_install']
[4.737s] Level 1:colcon.colcon_core.package_identification:_identify(roslogs/2023-11-09-11-52-59-161235-HumbleD-52563) by extension 'ignore'
[4.737s] Level 1:colcon.colcon_core.package_identification:_identify(roslogs/2023-11-09-11-52-59-161235-HumbleD-52563) by extension 'ignore_ament_install'
[4.737s] Level 1:colcon.colcon_core.package_identification:_identify(roslogs/2023-11-09-11-52-59-161235-HumbleD-52563) by extensions ['colcon_pkg']
[4.737s] Level 1:colcon.colcon_core.package_identification:_identify(roslogs/2023-11-09-11-52-59-161235-HumbleD-52563) by extension 'colcon_pkg'
[4.737s] Level 1:colcon.colcon_core.package_identification:_identify(roslogs/2023-11-09-11-52-59-161235-HumbleD-52563) by extensions ['colcon_meta']
[4.738s] Level 1:colcon.colcon_core.package_identification:_identify(roslogs/2023-11-09-11-52-59-161235-HumbleD-52563) by extension 'colcon_meta'
[4.738s] Level 1:colcon.colcon_core.package_identification:_identify(roslogs/2023-11-09-11-52-59-161235-HumbleD-52563) by extensions ['ros']
[4.738s] Level 1:colcon.colcon_core.package_identification:_identify(roslogs/2023-11-09-11-52-59-161235-HumbleD-52563) by extension 'ros'
[4.738s] Level 1:colcon.colcon_core.package_identification:_identify(roslogs/2023-11-09-11-52-59-161235-HumbleD-52563) by extensions ['cmake', 'python']
[4.738s] Level 1:colcon.colcon_core.package_identification:_identify(roslogs/2023-11-09-11-52-59-161235-HumbleD-52563) by extension 'cmake'
[4.738s] Level 1:colcon.colcon_core.package_identification:_identify(roslogs/2023-11-09-11-52-59-161235-HumbleD-52563) by extension 'python'
[4.739s] Level 1:colcon.colcon_core.package_identification:_identify(roslogs/2023-11-09-11-52-59-161235-HumbleD-52563) by extensions ['python_setup_py']
[4.739s] Level 1:colcon.colcon_core.package_identification:_identify(roslogs/2023-11-09-11-52-59-161235-HumbleD-52563) by extension 'python_setup_py'
[4.739s] Level 1:colcon.colcon_core.package_identification:_identify(roslogs/2023-11-09-11-53-05-947592-HumbleD-52666) by extensions ['ignore', 'ignore_ament_install']
[4.740s] Level 1:colcon.colcon_core.package_identification:_identify(roslogs/2023-11-09-11-53-05-947592-HumbleD-52666) by extension 'ignore'
[4.740s] Level 1:colcon.colcon_core.package_identification:_identify(roslogs/2023-11-09-11-53-05-947592-HumbleD-52666) by extension 'ignore_ament_install'
[4.740s] Level 1:colcon.colcon_core.package_identification:_identify(roslogs/2023-11-09-11-53-05-947592-HumbleD-52666) by extensions ['colcon_pkg']
[4.740s] Level 1:colcon.colcon_core.package_identification:_identify(roslogs/2023-11-09-11-53-05-947592-HumbleD-52666) by extension 'colcon_pkg'
[4.740s] Level 1:colcon.colcon_core.package_identification:_identify(roslogs/2023-11-09-11-53-05-947592-HumbleD-52666) by extensions ['colcon_meta']
[4.740s] Level 1:colcon.colcon_core.package_identification:_identify(roslogs/2023-11-09-11-53-05-947592-HumbleD-52666) by extension 'colcon_meta'
[4.741s] Level 1:colcon.colcon_core.package_identification:_identify(roslogs/2023-11-09-11-53-05-947592-HumbleD-52666) by extensions ['ros']
[4.741s] Level 1:colcon.colcon_core.package_identification:_identify(roslogs/2023-11-09-11-53-05-947592-HumbleD-52666) by extension 'ros'
[4.741s] Level 1:colcon.colcon_core.package_identification:_identify(roslogs/2023-11-09-11-53-05-947592-HumbleD-52666) by extensions ['cmake', 'python']
[4.741s] Level 1:colcon.colcon_core.package_identification:_identify(roslogs/2023-11-09-11-53-05-947592-HumbleD-52666) by extension 'cmake'
[4.741s] Level 1:colcon.colcon_core.package_identification:_identify(roslogs/2023-11-09-11-53-05-947592-HumbleD-52666) by extension 'python'
[4.741s] Level 1:colcon.colcon_core.package_identification:_identify(roslogs/2023-11-09-11-53-05-947592-HumbleD-52666) by extensions ['python_setup_py']
[4.742s] Level 1:colcon.colcon_core.package_identification:_identify(roslogs/2023-11-09-11-53-05-947592-HumbleD-52666) by extension 'python_setup_py'
[4.742s] Level 1:colcon.colcon_core.package_identification:_identify(roslogs/2023-11-09-11-53-06-441090-HumbleD-52670) by extensions ['ignore', 'ignore_ament_install']
[4.742s] Level 1:colcon.colcon_core.package_identification:_identify(roslogs/2023-11-09-11-53-06-441090-HumbleD-52670) by extension 'ignore'
[4.742s] Level 1:colcon.colcon_core.package_identification:_identify(roslogs/2023-11-09-11-53-06-441090-HumbleD-52670) by extension 'ignore_ament_install'
[4.743s] Level 1:colcon.colcon_core.package_identification:_identify(roslogs/2023-11-09-11-53-06-441090-HumbleD-52670) by extensions ['colcon_pkg']
[4.743s] Level 1:colcon.colcon_core.package_identification:_identify(roslogs/2023-11-09-11-53-06-441090-HumbleD-52670) by extension 'colcon_pkg'
[4.743s] Level 1:colcon.colcon_core.package_identification:_identify(roslogs/2023-11-09-11-53-06-441090-HumbleD-52670) by extensions ['colcon_meta']
[4.743s] Level 1:colcon.colcon_core.package_identification:_identify(roslogs/2023-11-09-11-53-06-441090-HumbleD-52670) by extension 'colcon_meta'
[4.743s] Level 1:colcon.colcon_core.package_identification:_identify(roslogs/2023-11-09-11-53-06-441090-HumbleD-52670) by extensions ['ros']
[4.743s] Level 1:colcon.colcon_core.package_identification:_identify(roslogs/2023-11-09-11-53-06-441090-HumbleD-52670) by extension 'ros'
[4.744s] Level 1:colcon.colcon_core.package_identification:_identify(roslogs/2023-11-09-11-53-06-441090-HumbleD-52670) by extensions ['cmake', 'python']
[4.744s] Level 1:colcon.colcon_core.package_identification:_identify(roslogs/2023-11-09-11-53-06-441090-HumbleD-52670) by extension 'cmake'
[4.744s] Level 1:colcon.colcon_core.package_identification:_identify(roslogs/2023-11-09-11-53-06-441090-HumbleD-52670) by extension 'python'
[4.744s] Level 1:colcon.colcon_core.package_identification:_identify(roslogs/2023-11-09-11-53-06-441090-HumbleD-52670) by extensions ['python_setup_py']
[4.744s] Level 1:colcon.colcon_core.package_identification:_identify(roslogs/2023-11-09-11-53-06-441090-HumbleD-52670) by extension 'python_setup_py'
[4.745s] Level 1:colcon.colcon_core.package_identification:_identify(roslogs/2023-11-09-12-46-02-089159-HumbleD-57929) by extensions ['ignore', 'ignore_ament_install']
[4.745s] Level 1:colcon.colcon_core.package_identification:_identify(roslogs/2023-11-09-12-46-02-089159-HumbleD-57929) by extension 'ignore'
[4.745s] Level 1:colcon.colcon_core.package_identification:_identify(roslogs/2023-11-09-12-46-02-089159-HumbleD-57929) by extension 'ignore_ament_install'
[4.745s] Level 1:colcon.colcon_core.package_identification:_identify(roslogs/2023-11-09-12-46-02-089159-HumbleD-57929) by extensions ['colcon_pkg']
[4.746s] Level 1:colcon.colcon_core.package_identification:_identify(roslogs/2023-11-09-12-46-02-089159-HumbleD-57929) by extension 'colcon_pkg'
[4.746s] Level 1:colcon.colcon_core.package_identification:_identify(roslogs/2023-11-09-12-46-02-089159-HumbleD-57929) by extensions ['colcon_meta']
[4.746s] Level 1:colcon.colcon_core.package_identification:_identify(roslogs/2023-11-09-12-46-02-089159-HumbleD-57929) by extension 'colcon_meta'
[4.746s] Level 1:colcon.colcon_core.package_identification:_identify(roslogs/2023-11-09-12-46-02-089159-HumbleD-57929) by extensions ['ros']
[4.746s] Level 1:colcon.colcon_core.package_identification:_identify(roslogs/2023-11-09-12-46-02-089159-HumbleD-57929) by extension 'ros'
[4.746s] Level 1:colcon.colcon_core.package_identification:_identify(roslogs/2023-11-09-12-46-02-089159-HumbleD-57929) by extensions ['cmake', 'python']
[4.747s] Level 1:colcon.colcon_core.package_identification:_identify(roslogs/2023-11-09-12-46-02-089159-HumbleD-57929) by extension 'cmake'
[4.747s] Level 1:colcon.colcon_core.package_identification:_identify(roslogs/2023-11-09-12-46-02-089159-HumbleD-57929) by extension 'python'
[4.747s] Level 1:colcon.colcon_core.package_identification:_identify(roslogs/2023-11-09-12-46-02-089159-HumbleD-57929) by extensions ['python_setup_py']
[4.747s] Level 1:colcon.colcon_core.package_identification:_identify(roslogs/2023-11-09-12-46-02-089159-HumbleD-57929) by extension 'python_setup_py'
[4.748s] Level 1:colcon.colcon_core.package_identification:_identify(src) by extensions ['ignore', 'ignore_ament_install']
[4.748s] Level 1:colcon.colcon_core.package_identification:_identify(src) by extension 'ignore'
[4.748s] Level 1:colcon.colcon_core.package_identification:_identify(src) by extension 'ignore_ament_install'
[4.748s] Level 1:colcon.colcon_core.package_identification:_identify(src) by extensions ['colcon_pkg']
[4.748s] Level 1:colcon.colcon_core.package_identification:_identify(src) by extension 'colcon_pkg'
[4.749s] Level 1:colcon.colcon_core.package_identification:_identify(src) by extensions ['colcon_meta']
[4.749s] Level 1:colcon.colcon_core.package_identification:_identify(src) by extension 'colcon_meta'
[4.749s] Level 1:colcon.colcon_core.package_identification:_identify(src) by extensions ['ros']
[4.749s] Level 1:colcon.colcon_core.package_identification:_identify(src) by extension 'ros'
[4.749s] Level 1:colcon.colcon_core.package_identification:_identify(src) by extensions ['cmake', 'python']
[4.749s] Level 1:colcon.colcon_core.package_identification:_identify(src) by extension 'cmake'
[4.749s] Level 1:colcon.colcon_core.package_identification:_identify(src) by extension 'python'
[4.750s] Level 1:colcon.colcon_core.package_identification:_identify(src) by extensions ['python_setup_py']
[4.750s] Level 1:colcon.colcon_core.package_identification:_identify(src) by extension 'python_setup_py'
[4.750s] Level 1:colcon.colcon_core.package_identification:_identify(src/gopigo3_ekf) by extensions ['ignore', 'ignore_ament_install']
[4.750s] Level 1:colcon.colcon_core.package_identification:_identify(src/gopigo3_ekf) by extension 'ignore'
[4.751s] Level 1:colcon.colcon_core.package_identification:_identify(src/gopigo3_ekf) by extension 'ignore_ament_install'
[4.751s] Level 1:colcon.colcon_core.package_identification:_identify(src/gopigo3_ekf) by extensions ['colcon_pkg']
[4.751s] Level 1:colcon.colcon_core.package_identification:_identify(src/gopigo3_ekf) by extension 'colcon_pkg'
[4.751s] Level 1:colcon.colcon_core.package_identification:_identify(src/gopigo3_ekf) by extensions ['colcon_meta']
[4.751s] Level 1:colcon.colcon_core.package_identification:_identify(src/gopigo3_ekf) by extension 'colcon_meta'
[4.752s] Level 1:colcon.colcon_core.package_identification:_identify(src/gopigo3_ekf) by extensions ['ros']
[4.752s] Level 1:colcon.colcon_core.package_identification:_identify(src/gopigo3_ekf) by extension 'ros'
[4.760s] DEBUG:colcon.colcon_core.package_identification:Package 'src/gopigo3_ekf' with type 'ros.ament_cmake' and name 'gopigo3_ekf'
[4.761s] Level 1:colcon.colcon_core.package_identification:_identify(src/ros2_gopigo3_msg) by extensions ['ignore', 'ignore_ament_install']
[4.761s] Level 1:colcon.colcon_core.package_identification:_identify(src/ros2_gopigo3_msg) by extension 'ignore'
[4.761s] Level 1:colcon.colcon_core.package_identification:_identify(src/ros2_gopigo3_msg) by extension 'ignore_ament_install'
[4.762s] Level 1:colcon.colcon_core.package_identification:_identify(src/ros2_gopigo3_msg) by extensions ['colcon_pkg']
[4.762s] Level 1:colcon.colcon_core.package_identification:_identify(src/ros2_gopigo3_msg) by extension 'colcon_pkg'
[4.762s] Level 1:colcon.colcon_core.package_identification:_identify(src/ros2_gopigo3_msg) by extensions ['colcon_meta']
[4.762s] Level 1:colcon.colcon_core.package_identification:_identify(src/ros2_gopigo3_msg) by extension 'colcon_meta'
[4.762s] Level 1:colcon.colcon_core.package_identification:_identify(src/ros2_gopigo3_msg) by extensions ['ros']
[4.762s] Level 1:colcon.colcon_core.package_identification:_identify(src/ros2_gopigo3_msg) by extension 'ros'
[4.764s] DEBUG:colcon.colcon_core.package_identification:Package 'src/ros2_gopigo3_msg' with type 'ros.ament_cmake' and name 'ros2_gopigo3_msg'
[4.765s] Level 1:colcon.colcon_core.package_identification:_identify(src/ros2_gopigo3_node) by extensions ['ignore', 'ignore_ament_install']
[4.765s] Level 1:colcon.colcon_core.package_identification:_identify(src/ros2_gopigo3_node) by extension 'ignore'
[4.766s] Level 1:colcon.colcon_core.package_identification:_identify(src/ros2_gopigo3_node) by extension 'ignore_ament_install'
[4.766s] Level 1:colcon.colcon_core.package_identification:_identify(src/ros2_gopigo3_node) by extensions ['colcon_pkg']
[4.766s] Level 1:colcon.colcon_core.package_identification:_identify(src/ros2_gopigo3_node) by extension 'colcon_pkg'
[4.766s] Level 1:colcon.colcon_core.package_identification:_identify(src/ros2_gopigo3_node) by extensions ['colcon_meta']
[4.766s] Level 1:colcon.colcon_core.package_identification:_identify(src/ros2_gopigo3_node) by extension 'colcon_meta'
[4.766s] Level 1:colcon.colcon_core.package_identification:_identify(src/ros2_gopigo3_node) by extensions ['ros']
[4.767s] Level 1:colcon.colcon_core.package_identification:_identify(src/ros2_gopigo3_node) by extension 'ros'
[4.769s] DEBUG:colcon.colcon_core.package_identification:Package 'src/ros2_gopigo3_node' with type 'ros.ament_python' and name 'ros2_gopigo3_node'
[4.770s] Level 1:colcon.colcon_core.package_identification:_identify(src/ros2_libcamera_pub) by extensions ['ignore', 'ignore_ament_install']
[4.770s] Level 1:colcon.colcon_core.package_identification:_identify(src/ros2_libcamera_pub) by extension 'ignore'
[4.770s] Level 1:colcon.colcon_core.package_identification:_identify(src/ros2_libcamera_pub) by extension 'ignore_ament_install'
[4.770s] Level 1:colcon.colcon_core.package_identification:_identify(src/ros2_libcamera_pub) by extensions ['colcon_pkg']
[4.770s] Level 1:colcon.colcon_core.package_identification:_identify(src/ros2_libcamera_pub) by extension 'colcon_pkg'
[4.771s] Level 1:colcon.colcon_core.package_identification:_identify(src/ros2_libcamera_pub) by extensions ['colcon_meta']
[4.771s] Level 1:colcon.colcon_core.package_identification:_identify(src/ros2_libcamera_pub) by extension 'colcon_meta'
[4.771s] Level 1:colcon.colcon_core.package_identification:_identify(src/ros2_libcamera_pub) by extensions ['ros']
[4.771s] Level 1:colcon.colcon_core.package_identification:_identify(src/ros2_libcamera_pub) by extension 'ros'
[4.773s] DEBUG:colcon.colcon_core.package_identification:Package 'src/ros2_libcamera_pub' with type 'ros.ament_python' and name 'ros2_libcamera_pub'
[4.774s] Level 1:colcon.colcon_core.package_identification:_identify(src/scan_client) by extensions ['ignore', 'ignore_ament_install']
[4.774s] Level 1:colcon.colcon_core.package_identification:_identify(src/scan_client) by extension 'ignore'
[4.774s] Level 1:colcon.colcon_core.package_identification:_identify(src/scan_client) by extension 'ignore_ament_install'
[4.775s] Level 1:colcon.colcon_core.package_identification:_identify(src/scan_client) by extensions ['colcon_pkg']
[4.775s] Level 1:colcon.colcon_core.package_identification:_identify(src/scan_client) by extension 'colcon_pkg'
[4.775s] Level 1:colcon.colcon_core.package_identification:_identify(src/scan_client) by extensions ['colcon_meta']
[4.775s] Level 1:colcon.colcon_core.package_identification:_identify(src/scan_client) by extension 'colcon_meta'
[4.775s] Level 1:colcon.colcon_core.package_identification:_identify(src/scan_client) by extensions ['ros']
[4.775s] Level 1:colcon.colcon_core.package_identification:_identify(src/scan_client) by extension 'ros'
[4.777s] DEBUG:colcon.colcon_core.package_identification:Package 'src/scan_client' with type 'ros.ament_python' and name 'scan_client'
[4.778s] Level 1:colcon.colcon_core.package_identification:_identify(src/teleop_gopigo3_keyboard) by extensions ['ignore', 'ignore_ament_install']
[4.778s] Level 1:colcon.colcon_core.package_identification:_identify(src/teleop_gopigo3_keyboard) by extension 'ignore'
[4.779s] Level 1:colcon.colcon_core.package_identification:_identify(src/teleop_gopigo3_keyboard) by extension 'ignore_ament_install'
[4.779s] Level 1:colcon.colcon_core.package_identification:_identify(src/teleop_gopigo3_keyboard) by extensions ['colcon_pkg']
[4.779s] Level 1:colcon.colcon_core.package_identification:_identify(src/teleop_gopigo3_keyboard) by extension 'colcon_pkg'
[4.779s] Level 1:colcon.colcon_core.package_identification:_identify(src/teleop_gopigo3_keyboard) by extensions ['colcon_meta']
[4.779s] Level 1:colcon.colcon_core.package_identification:_identify(src/teleop_gopigo3_keyboard) by extension 'colcon_meta'
[4.780s] Level 1:colcon.colcon_core.package_identification:_identify(src/teleop_gopigo3_keyboard) by extensions ['ros']
[4.780s] Level 1:colcon.colcon_core.package_identification:_identify(src/teleop_gopigo3_keyboard) by extension 'ros'
[4.782s] DEBUG:colcon.colcon_core.package_identification:Package 'src/teleop_gopigo3_keyboard' with type 'ros.ament_python' and name 'teleop_gopigo3_keyboard'
[4.782s] Level 1:colcon.colcon_core.package_identification:_identify(src/ydlidar_ros2_driver) by extensions ['ignore', 'ignore_ament_install']
[4.783s] Level 1:colcon.colcon_core.package_identification:_identify(src/ydlidar_ros2_driver) by extension 'ignore'
[4.783s] Level 1:colcon.colcon_core.package_identification:_identify(src/ydlidar_ros2_driver) by extension 'ignore_ament_install'
[4.783s] Level 1:colcon.colcon_core.package_identification:_identify(src/ydlidar_ros2_driver) by extensions ['colcon_pkg']
[4.783s] Level 1:colcon.colcon_core.package_identification:_identify(src/ydlidar_ros2_driver) by extension 'colcon_pkg'
[4.784s] Level 1:colcon.colcon_core.package_identification:_identify(src/ydlidar_ros2_driver) by extensions ['colcon_meta']
[4.784s] Level 1:colcon.colcon_core.package_identification:_identify(src/ydlidar_ros2_driver) by extension 'colcon_meta'
[4.784s] Level 1:colcon.colcon_core.package_identification:_identify(src/ydlidar_ros2_driver) by extensions ['ros']
[4.784s] Level 1:colcon.colcon_core.package_identification:_identify(src/ydlidar_ros2_driver) by extension 'ros'
[4.786s] DEBUG:colcon.colcon_core.package_identification:Package 'src/ydlidar_ros2_driver' with type 'ros.ament_cmake' and name 'ydlidar_ros2_driver'
[4.786s] Level 1:colcon.colcon_core.package_discovery:discover_packages(recursive) using defaults
[4.787s] Level 1:colcon.colcon_core.package_discovery:discover_packages(ignore) discover
[4.787s] Level 1:colcon.colcon_core.package_discovery:discover_packages(ignore) using defaults
[4.787s] Level 1:colcon.colcon_core.package_discovery:discover_packages(path) discover
[4.787s] Level 1:colcon.colcon_core.package_discovery:discover_packages(path) using defaults
[5.189s] Level 1:colcon.colcon_core.package_discovery:discover_packages(prefix_path) check parameters
[5.189s] Level 1:colcon.colcon_core.package_discovery:discover_packages(prefix_path) discover
[5.324s] DEBUG:colcon.colcon_installed_package_information.package_discovery:Found 7 installed packages in /home/ubuntu/HumbleDave/ros2ws/install
[5.388s] DEBUG:colcon.colcon_installed_package_information.package_discovery:Found 5 installed packages in /home/ubuntu/ros2ws/install
[5.459s] DEBUG:colcon.colcon_installed_package_information.package_discovery:Found 221 installed packages in /opt/ros/humble
[5.464s] Level 1:colcon.colcon_core.package_discovery:discover_packages(prefix_path) using defaults
[5.793s] Level 5:colcon.colcon_core.verb:set package 'gopigo3_ekf' build argument 'cmake_args' from command line to 'None'
[5.794s] Level 5:colcon.colcon_core.verb:set package 'gopigo3_ekf' build argument 'cmake_target' from command line to 'None'
[5.794s] Level 5:colcon.colcon_core.verb:set package 'gopigo3_ekf' build argument 'cmake_target_skip_unavailable' from command line to 'False'
[5.794s] Level 5:colcon.colcon_core.verb:set package 'gopigo3_ekf' build argument 'cmake_clean_cache' from command line to 'False'
[5.794s] Level 5:colcon.colcon_core.verb:set package 'gopigo3_ekf' build argument 'cmake_clean_first' from command line to 'False'
[5.794s] Level 5:colcon.colcon_core.verb:set package 'gopigo3_ekf' build argument 'cmake_force_configure' from command line to 'False'
[5.794s] Level 5:colcon.colcon_core.verb:set package 'gopigo3_ekf' build argument 'ament_cmake_args' from command line to 'None'
[5.794s] Level 5:colcon.colcon_core.verb:set package 'gopigo3_ekf' build argument 'catkin_cmake_args' from command line to 'None'
[5.794s] Level 5:colcon.colcon_core.verb:set package 'gopigo3_ekf' build argument 'catkin_skip_building_tests' from command line to 'False'
[5.794s] DEBUG:colcon.colcon_core.verb:Building package 'gopigo3_ekf' with the following arguments: {'ament_cmake_args': None, 'build_base': '/home/ubuntu/HumbleDave/ros2ws/build/gopigo3_ekf', 'catkin_cmake_args': None, 'catkin_skip_building_tests': False, 'cmake_args': None, 'cmake_clean_cache': False, 'cmake_clean_first': False, 'cmake_force_configure': False, 'cmake_target': None, 'cmake_target_skip_unavailable': False, 'install_base': '/home/ubuntu/HumbleDave/ros2ws/install/gopigo3_ekf', 'merge_install': False, 'path': '/home/ubuntu/HumbleDave/ros2ws/src/gopigo3_ekf', 'symlink_install': True, 'test_result_base': None}
[5.858s] Level 5:colcon.colcon_core.verb:set package 'ros2_gopigo3_msg' build argument 'cmake_args' from command line to 'None'
[5.858s] Level 5:colcon.colcon_core.verb:set package 'ros2_gopigo3_msg' build argument 'cmake_target' from command line to 'None'
[5.858s] Level 5:colcon.colcon_core.verb:set package 'ros2_gopigo3_msg' build argument 'cmake_target_skip_unavailable' from command line to 'False'
[5.858s] Level 5:colcon.colcon_core.verb:set package 'ros2_gopigo3_msg' build argument 'cmake_clean_cache' from command line to 'False'
[5.858s] Level 5:colcon.colcon_core.verb:set package 'ros2_gopigo3_msg' build argument 'cmake_clean_first' from command line to 'False'
[5.858s] Level 5:colcon.colcon_core.verb:set package 'ros2_gopigo3_msg' build argument 'cmake_force_configure' from command line to 'False'
[5.859s] Level 5:colcon.colcon_core.verb:set package 'ros2_gopigo3_msg' build argument 'ament_cmake_args' from command line to 'None'
[5.859s] Level 5:colcon.colcon_core.verb:set package 'ros2_gopigo3_msg' build argument 'catkin_cmake_args' from command line to 'None'
[5.859s] Level 5:colcon.colcon_core.verb:set package 'ros2_gopigo3_msg' build argument 'catkin_skip_building_tests' from command line to 'False'
[5.859s] DEBUG:colcon.colcon_core.verb:Building package 'ros2_gopigo3_msg' with the following arguments: {'ament_cmake_args': None, 'build_base': '/home/ubuntu/HumbleDave/ros2ws/build/ros2_gopigo3_msg', 'catkin_cmake_args': None, 'catkin_skip_building_tests': False, 'cmake_args': None, 'cmake_clean_cache': False, 'cmake_clean_first': False, 'cmake_force_configure': False, 'cmake_target': None, 'cmake_target_skip_unavailable': False, 'install_base': '/home/ubuntu/HumbleDave/ros2ws/install/ros2_gopigo3_msg', 'merge_install': False, 'path': '/home/ubuntu/HumbleDave/ros2ws/src/ros2_gopigo3_msg', 'symlink_install': True, 'test_result_base': None}
[5.922s] Level 5:colcon.colcon_core.verb:set package 'ros2_libcamera_pub' build argument 'cmake_args' from command line to 'None'
[5.922s] Level 5:colcon.colcon_core.verb:set package 'ros2_libcamera_pub' build argument 'cmake_target' from command line to 'None'
[5.922s] Level 5:colcon.colcon_core.verb:set package 'ros2_libcamera_pub' build argument 'cmake_target_skip_unavailable' from command line to 'False'
[5.923s] Level 5:colcon.colcon_core.verb:set package 'ros2_libcamera_pub' build argument 'cmake_clean_cache' from command line to 'False'
[5.923s] Level 5:colcon.colcon_core.verb:set package 'ros2_libcamera_pub' build argument 'cmake_clean_first' from command line to 'False'
[5.923s] Level 5:colcon.colcon_core.verb:set package 'ros2_libcamera_pub' build argument 'cmake_force_configure' from command line to 'False'
[5.923s] Level 5:colcon.colcon_core.verb:set package 'ros2_libcamera_pub' build argument 'ament_cmake_args' from command line to 'None'
[5.923s] Level 5:colcon.colcon_core.verb:set package 'ros2_libcamera_pub' build argument 'catkin_cmake_args' from command line to 'None'
[5.923s] Level 5:colcon.colcon_core.verb:set package 'ros2_libcamera_pub' build argument 'catkin_skip_building_tests' from command line to 'False'
[5.923s] DEBUG:colcon.colcon_core.verb:Building package 'ros2_libcamera_pub' with the following arguments: {'ament_cmake_args': None, 'build_base': '/home/ubuntu/HumbleDave/ros2ws/build/ros2_libcamera_pub', 'catkin_cmake_args': None, 'catkin_skip_building_tests': False, 'cmake_args': None, 'cmake_clean_cache': False, 'cmake_clean_first': False, 'cmake_force_configure': False, 'cmake_target': None, 'cmake_target_skip_unavailable': False, 'install_base': '/home/ubuntu/HumbleDave/ros2ws/install/ros2_libcamera_pub', 'merge_install': False, 'path': '/home/ubuntu/HumbleDave/ros2ws/src/ros2_libcamera_pub', 'symlink_install': True, 'test_result_base': None}
[5.987s] Level 5:colcon.colcon_core.verb:set package 'scan_client' build argument 'cmake_args' from command line to 'None'
[5.987s] Level 5:colcon.colcon_core.verb:set package 'scan_client' build argument 'cmake_target' from command line to 'None'
[5.987s] Level 5:colcon.colcon_core.verb:set package 'scan_client' build argument 'cmake_target_skip_unavailable' from command line to 'False'
[5.987s] Level 5:colcon.colcon_core.verb:set package 'scan_client' build argument 'cmake_clean_cache' from command line to 'False'
[5.987s] Level 5:colcon.colcon_core.verb:set package 'scan_client' build argument 'cmake_clean_first' from command line to 'False'
[5.987s] Level 5:colcon.colcon_core.verb:set package 'scan_client' build argument 'cmake_force_configure' from command line to 'False'
[5.988s] Level 5:colcon.colcon_core.verb:set package 'scan_client' build argument 'ament_cmake_args' from command line to 'None'
[5.988s] Level 5:colcon.colcon_core.verb:set package 'scan_client' build argument 'catkin_cmake_args' from command line to 'None'
[5.988s] Level 5:colcon.colcon_core.verb:set package 'scan_client' build argument 'catkin_skip_building_tests' from command line to 'False'
[5.988s] DEBUG:colcon.colcon_core.verb:Building package 'scan_client' with the following arguments: {'ament_cmake_args': None, 'build_base': '/home/ubuntu/HumbleDave/ros2ws/build/scan_client', 'catkin_cmake_args': None, 'catkin_skip_building_tests': False, 'cmake_args': None, 'cmake_clean_cache': False, 'cmake_clean_first': False, 'cmake_force_configure': False, 'cmake_target': None, 'cmake_target_skip_unavailable': False, 'install_base': '/home/ubuntu/HumbleDave/ros2ws/install/scan_client', 'merge_install': False, 'path': '/home/ubuntu/HumbleDave/ros2ws/src/scan_client', 'symlink_install': True, 'test_result_base': None}
[6.051s] Level 5:colcon.colcon_core.verb:set package 'teleop_gopigo3_keyboard' build argument 'cmake_args' from command line to 'None'
[6.051s] Level 5:colcon.colcon_core.verb:set package 'teleop_gopigo3_keyboard' build argument 'cmake_target' from command line to 'None'
[6.052s] Level 5:colcon.colcon_core.verb:set package 'teleop_gopigo3_keyboard' build argument 'cmake_target_skip_unavailable' from command line to 'False'
[6.052s] Level 5:colcon.colcon_core.verb:set package 'teleop_gopigo3_keyboard' build argument 'cmake_clean_cache' from command line to 'False'
[6.052s] Level 5:colcon.colcon_core.verb:set package 'teleop_gopigo3_keyboard' build argument 'cmake_clean_first' from command line to 'False'
[6.052s] Level 5:colcon.colcon_core.verb:set package 'teleop_gopigo3_keyboard' build argument 'cmake_force_configure' from command line to 'False'
[6.052s] Level 5:colcon.colcon_core.verb:set package 'teleop_gopigo3_keyboard' build argument 'ament_cmake_args' from command line to 'None'
[6.052s] Level 5:colcon.colcon_core.verb:set package 'teleop_gopigo3_keyboard' build argument 'catkin_cmake_args' from command line to 'None'
[6.052s] Level 5:colcon.colcon_core.verb:set package 'teleop_gopigo3_keyboard' build argument 'catkin_skip_building_tests' from command line to 'False'
[6.052s] DEBUG:colcon.colcon_core.verb:Building package 'teleop_gopigo3_keyboard' with the following arguments: {'ament_cmake_args': None, 'build_base': '/home/ubuntu/HumbleDave/ros2ws/build/teleop_gopigo3_keyboard', 'catkin_cmake_args': None, 'catkin_skip_building_tests': False, 'cmake_args': None, 'cmake_clean_cache': False, 'cmake_clean_first': False, 'cmake_force_configure': False, 'cmake_target': None, 'cmake_target_skip_unavailable': False, 'install_base': '/home/ubuntu/HumbleDave/ros2ws/install/teleop_gopigo3_keyboard', 'merge_install': False, 'path': '/home/ubuntu/HumbleDave/ros2ws/src/teleop_gopigo3_keyboard', 'symlink_install': True, 'test_result_base': None}
[6.116s] Level 5:colcon.colcon_core.verb:set package 'ydlidar_ros2_driver' build argument 'cmake_args' from command line to 'None'
[6.116s] Level 5:colcon.colcon_core.verb:set package 'ydlidar_ros2_driver' build argument 'cmake_target' from command line to 'None'
[6.116s] Level 5:colcon.colcon_core.verb:set package 'ydlidar_ros2_driver' build argument 'cmake_target_skip_unavailable' from command line to 'False'
[6.116s] Level 5:colcon.colcon_core.verb:set package 'ydlidar_ros2_driver' build argument 'cmake_clean_cache' from command line to 'False'
[6.116s] Level 5:colcon.colcon_core.verb:set package 'ydlidar_ros2_driver' build argument 'cmake_clean_first' from command line to 'False'
[6.116s] Level 5:colcon.colcon_core.verb:set package 'ydlidar_ros2_driver' build argument 'cmake_force_configure' from command line to 'False'
[6.116s] Level 5:colcon.colcon_core.verb:set package 'ydlidar_ros2_driver' build argument 'ament_cmake_args' from command line to 'None'
[6.116s] Level 5:colcon.colcon_core.verb:set package 'ydlidar_ros2_driver' build argument 'catkin_cmake_args' from command line to 'None'
[6.117s] Level 5:colcon.colcon_core.verb:set package 'ydlidar_ros2_driver' build argument 'catkin_skip_building_tests' from command line to 'False'
[6.117s] DEBUG:colcon.colcon_core.verb:Building package 'ydlidar_ros2_driver' with the following arguments: {'ament_cmake_args': None, 'build_base': '/home/ubuntu/HumbleDave/ros2ws/build/ydlidar_ros2_driver', 'catkin_cmake_args': None, 'catkin_skip_building_tests': False, 'cmake_args': None, 'cmake_clean_cache': False, 'cmake_clean_first': False, 'cmake_force_configure': False, 'cmake_target': None, 'cmake_target_skip_unavailable': False, 'install_base': '/home/ubuntu/HumbleDave/ros2ws/install/ydlidar_ros2_driver', 'merge_install': False, 'path': '/home/ubuntu/HumbleDave/ros2ws/src/ydlidar_ros2_driver', 'symlink_install': True, 'test_result_base': None}
[6.180s] Level 5:colcon.colcon_core.verb:set package 'ros2_gopigo3_node' build argument 'cmake_args' from command line to 'None'
[6.180s] Level 5:colcon.colcon_core.verb:set package 'ros2_gopigo3_node' build argument 'cmake_target' from command line to 'None'
[6.180s] Level 5:colcon.colcon_core.verb:set package 'ros2_gopigo3_node' build argument 'cmake_target_skip_unavailable' from command line to 'False'
[6.180s] Level 5:colcon.colcon_core.verb:set package 'ros2_gopigo3_node' build argument 'cmake_clean_cache' from command line to 'False'
[6.180s] Level 5:colcon.colcon_core.verb:set package 'ros2_gopigo3_node' build argument 'cmake_clean_first' from command line to 'False'
[6.181s] Level 5:colcon.colcon_core.verb:set package 'ros2_gopigo3_node' build argument 'cmake_force_configure' from command line to 'False'
[6.181s] Level 5:colcon.colcon_core.verb:set package 'ros2_gopigo3_node' build argument 'ament_cmake_args' from command line to 'None'
[6.181s] Level 5:colcon.colcon_core.verb:set package 'ros2_gopigo3_node' build argument 'catkin_cmake_args' from command line to 'None'
[6.181s] Level 5:colcon.colcon_core.verb:set package 'ros2_gopigo3_node' build argument 'catkin_skip_building_tests' from command line to 'False'
[6.181s] DEBUG:colcon.colcon_core.verb:Building package 'ros2_gopigo3_node' with the following arguments: {'ament_cmake_args': None, 'build_base': '/home/ubuntu/HumbleDave/ros2ws/build/ros2_gopigo3_node', 'catkin_cmake_args': None, 'catkin_skip_building_tests': False, 'cmake_args': None, 'cmake_clean_cache': False, 'cmake_clean_first': False, 'cmake_force_configure': False, 'cmake_target': None, 'cmake_target_skip_unavailable': False, 'install_base': '/home/ubuntu/HumbleDave/ros2ws/install/ros2_gopigo3_node', 'merge_install': False, 'path': '/home/ubuntu/HumbleDave/ros2ws/src/ros2_gopigo3_node', 'symlink_install': True, 'test_result_base': None}
[6.244s] INFO:colcon.colcon_core.executor:Executing jobs using 'parallel' executor
[6.309s] DEBUG:colcon.colcon_parallel_executor.executor.parallel:run_until_complete
[6.310s] INFO:colcon.colcon_ros.task.ament_cmake.build:Building ROS package in '/home/ubuntu/HumbleDave/ros2ws/src/ros2_gopigo3_msg' with build type 'ament_cmake'
[6.311s] INFO:colcon.colcon_cmake.task.cmake.build:Building CMake package in '/home/ubuntu/HumbleDave/ros2ws/src/ros2_gopigo3_msg'
[6.385s] INFO:colcon.colcon_core.plugin_system:Skipping extension 'colcon_core.shell.bat': Not used on non-Windows systems
[6.386s] INFO:colcon.colcon_core.shell:Skip shell extension 'powershell' for command environment: Not usable outside of PowerShell
[6.386s] DEBUG:colcon.colcon_core.shell:Skip shell extension 'dsv' for command environment
[6.662s] INFO:colcon.colcon_ros.task.ament_cmake.build:Building ROS package in '/home/ubuntu/HumbleDave/ros2ws/src/gopigo3_ekf' with build type 'ament_cmake'
[6.662s] INFO:colcon.colcon_cmake.task.cmake.build:Building CMake package in '/home/ubuntu/HumbleDave/ros2ws/src/gopigo3_ekf'
[6.729s] INFO:colcon.colcon_core.shell:Skip shell extension 'powershell' for command environment: Not usable outside of PowerShell
[6.730s] DEBUG:colcon.colcon_core.shell:Skip shell extension 'dsv' for command environment
[7.001s] INFO:colcon.colcon_ros.task.ament_python.build:Building ROS package in '/home/ubuntu/HumbleDave/ros2ws/src/ros2_libcamera_pub' with build type 'ament_python'
[7.002s] Level 1:colcon.colcon_core.shell:create_environment_hook('ros2_libcamera_pub', 'ament_prefix_path')
[7.070s] INFO:colcon.colcon_core.shell:Creating environment hook '/home/ubuntu/HumbleDave/ros2ws/install/ros2_libcamera_pub/share/ros2_libcamera_pub/hook/ament_prefix_path.ps1'
[7.072s] INFO:colcon.colcon_core.shell:Creating environment descriptor '/home/ubuntu/HumbleDave/ros2ws/install/ros2_libcamera_pub/share/ros2_libcamera_pub/hook/ament_prefix_path.dsv'
[7.074s] INFO:colcon.colcon_core.shell:Creating environment hook '/home/ubuntu/HumbleDave/ros2ws/install/ros2_libcamera_pub/share/ros2_libcamera_pub/hook/ament_prefix_path.sh'
[7.140s] INFO:colcon.colcon_core.shell:Skip shell extension 'powershell' for command environment: Not usable outside of PowerShell
[7.141s] DEBUG:colcon.colcon_core.shell:Skip shell extension 'dsv' for command environment
[7.413s] INFO:colcon.colcon_ros.task.ament_python.build:Building ROS package in '/home/ubuntu/HumbleDave/ros2ws/src/scan_client' with build type 'ament_python'
[7.413s] Level 1:colcon.colcon_core.shell:create_environment_hook('scan_client', 'ament_prefix_path')
[7.481s] INFO:colcon.colcon_core.shell:Creating environment hook '/home/ubuntu/HumbleDave/ros2ws/install/scan_client/share/scan_client/hook/ament_prefix_path.ps1'
[7.483s] INFO:colcon.colcon_core.shell:Creating environment descriptor '/home/ubuntu/HumbleDave/ros2ws/install/scan_client/share/scan_client/hook/ament_prefix_path.dsv'
[7.484s] INFO:colcon.colcon_core.shell:Creating environment hook '/home/ubuntu/HumbleDave/ros2ws/install/scan_client/share/scan_client/hook/ament_prefix_path.sh'
[7.550s] INFO:colcon.colcon_core.shell:Skip shell extension 'powershell' for command environment: Not usable outside of PowerShell
[7.551s] DEBUG:colcon.colcon_core.shell:Skip shell extension 'dsv' for command environment
[7.844s] DEBUG:colcon.colcon_core.event_handler.log_command:Invoking command in '/home/ubuntu/HumbleDave/ros2ws/build/ros2_gopigo3_msg': CMAKE_PREFIX_PATH=${CMAKE_PREFIX_PATH}:/home/ubuntu/HumbleDave/ros2ws/install/teleop_gopigo3_keyboard:/home/ubuntu/HumbleDave/ros2ws/install/scan_client:/home/ubuntu/HumbleDave/ros2ws/install/ros2_libcamera_pub:/home/ubuntu/HumbleDave/ros2ws/install/ros2_gopigo3_node:/home/ubuntu/ros2ws/install/teleop_gopigo3_keyboard:/home/ubuntu/ros2ws/install/ros2_libcamera_pub:/home/ubuntu/ros2ws/install/ros2_gopigo3_node:/opt/ros/humble /usr/bin/cmake --build /home/ubuntu/HumbleDave/ros2ws/build/ros2_gopigo3_msg -- -j4 -l4
[7.869s] DEBUG:colcon.colcon_core.event_handler.log_command:Invoking command in '/home/ubuntu/HumbleDave/ros2ws/build/gopigo3_ekf': CMAKE_PREFIX_PATH=${CMAKE_PREFIX_PATH}:/home/ubuntu/HumbleDave/ros2ws/install/teleop_gopigo3_keyboard:/home/ubuntu/HumbleDave/ros2ws/install/scan_client:/home/ubuntu/HumbleDave/ros2ws/install/ros2_libcamera_pub:/home/ubuntu/HumbleDave/ros2ws/install/ros2_gopigo3_node:/home/ubuntu/ros2ws/install/teleop_gopigo3_keyboard:/home/ubuntu/ros2ws/install/ros2_libcamera_pub:/home/ubuntu/ros2ws/install/ros2_gopigo3_node:/opt/ros/humble /usr/bin/cmake --build /home/ubuntu/HumbleDave/ros2ws/build/gopigo3_ekf -- -j4 -l4
[9.553s] INFO:colcon.colcon_core.task.python.build:Building Python package in '/home/ubuntu/HumbleDave/ros2ws/src/ros2_libcamera_pub'
[9.639s] INFO:colcon.colcon_core.shell:Skip shell extension 'powershell' for command environment: Not usable outside of PowerShell
[9.640s] DEBUG:colcon.colcon_core.shell:Skip shell extension 'dsv' for command environment
[10.125s] DEBUG:colcon.colcon_core.event_handler.log_command:Invoked command in '/home/ubuntu/HumbleDave/ros2ws/build/ros2_gopigo3_msg' returned '0': CMAKE_PREFIX_PATH=${CMAKE_PREFIX_PATH}:/home/ubuntu/HumbleDave/ros2ws/install/teleop_gopigo3_keyboard:/home/ubuntu/HumbleDave/ros2ws/install/scan_client:/home/ubuntu/HumbleDave/ros2ws/install/ros2_libcamera_pub:/home/ubuntu/HumbleDave/ros2ws/install/ros2_gopigo3_node:/home/ubuntu/ros2ws/install/teleop_gopigo3_keyboard:/home/ubuntu/ros2ws/install/ros2_libcamera_pub:/home/ubuntu/ros2ws/install/ros2_gopigo3_node:/opt/ros/humble /usr/bin/cmake --build /home/ubuntu/HumbleDave/ros2ws/build/ros2_gopigo3_msg -- -j4 -l4
[10.128s] DEBUG:colcon.colcon_core.event_handler.log_command:Invoked command in '/home/ubuntu/HumbleDave/ros2ws/build/gopigo3_ekf' returned '0': CMAKE_PREFIX_PATH=${CMAKE_PREFIX_PATH}:/home/ubuntu/HumbleDave/ros2ws/install/teleop_gopigo3_keyboard:/home/ubuntu/HumbleDave/ros2ws/install/scan_client:/home/ubuntu/HumbleDave/ros2ws/install/ros2_libcamera_pub:/home/ubuntu/HumbleDave/ros2ws/install/ros2_gopigo3_node:/home/ubuntu/ros2ws/install/teleop_gopigo3_keyboard:/home/ubuntu/ros2ws/install/ros2_libcamera_pub:/home/ubuntu/ros2ws/install/ros2_gopigo3_node:/opt/ros/humble /usr/bin/cmake --build /home/ubuntu/HumbleDave/ros2ws/build/gopigo3_ekf -- -j4 -l4
[11.380s] INFO:colcon.colcon_core.task.python.build:Building Python package in '/home/ubuntu/HumbleDave/ros2ws/src/scan_client'
[11.447s] INFO:colcon.colcon_core.shell:Skip shell extension 'powershell' for command environment: Not usable outside of PowerShell
[11.448s] DEBUG:colcon.colcon_core.shell:Skip shell extension 'dsv' for command environment
[11.778s] DEBUG:colcon.colcon_core.event_handler.log_command:Invoking command in '/home/ubuntu/HumbleDave/ros2ws/build/ros2_gopigo3_msg': CMAKE_PREFIX_PATH=${CMAKE_PREFIX_PATH}:/home/ubuntu/HumbleDave/ros2ws/install/teleop_gopigo3_keyboard:/home/ubuntu/HumbleDave/ros2ws/install/scan_client:/home/ubuntu/HumbleDave/ros2ws/install/ros2_libcamera_pub:/home/ubuntu/HumbleDave/ros2ws/install/ros2_gopigo3_node:/home/ubuntu/ros2ws/install/teleop_gopigo3_keyboard:/home/ubuntu/ros2ws/install/ros2_libcamera_pub:/home/ubuntu/ros2ws/install/ros2_gopigo3_node:/opt/ros/humble /usr/bin/cmake --install /home/ubuntu/HumbleDave/ros2ws/build/ros2_gopigo3_msg
[11.790s] DEBUG:colcon.colcon_core.event_handler.log_command:Invoking command in '/home/ubuntu/HumbleDave/ros2ws/build/gopigo3_ekf': CMAKE_PREFIX_PATH=${CMAKE_PREFIX_PATH}:/home/ubuntu/HumbleDave/ros2ws/install/teleop_gopigo3_keyboard:/home/ubuntu/HumbleDave/ros2ws/install/scan_client:/home/ubuntu/HumbleDave/ros2ws/install/ros2_libcamera_pub:/home/ubuntu/HumbleDave/ros2ws/install/ros2_gopigo3_node:/home/ubuntu/ros2ws/install/teleop_gopigo3_keyboard:/home/ubuntu/ros2ws/install/ros2_libcamera_pub:/home/ubuntu/ros2ws/install/ros2_gopigo3_node:/opt/ros/humble /usr/bin/cmake --install /home/ubuntu/HumbleDave/ros2ws/build/gopigo3_ekf
[11.947s] Level 1:colcon.colcon_core.environment:create_environment_scripts_only(gopigo3_ekf)
[11.950s] DEBUG:colcon.colcon_core.event_handler.log_command:Invoked command in '/home/ubuntu/HumbleDave/ros2ws/build/gopigo3_ekf' returned '0': CMAKE_PREFIX_PATH=${CMAKE_PREFIX_PATH}:/home/ubuntu/HumbleDave/ros2ws/install/teleop_gopigo3_keyboard:/home/ubuntu/HumbleDave/ros2ws/install/scan_client:/home/ubuntu/HumbleDave/ros2ws/install/ros2_libcamera_pub:/home/ubuntu/HumbleDave/ros2ws/install/ros2_gopigo3_node:/home/ubuntu/ros2ws/install/teleop_gopigo3_keyboard:/home/ubuntu/ros2ws/install/ros2_libcamera_pub:/home/ubuntu/ros2ws/install/ros2_gopigo3_node:/opt/ros/humble /usr/bin/cmake --install /home/ubuntu/HumbleDave/ros2ws/build/gopigo3_ekf
[12.214s] Level 1:colcon.colcon_core.environment:checking '/home/ubuntu/HumbleDave/ros2ws/install/gopigo3_ekf' for CMake module files
[12.218s] Level 1:colcon.colcon_core.environment:checking '/home/ubuntu/HumbleDave/ros2ws/install/gopigo3_ekf' for CMake config files
[12.223s] Level 1:colcon.colcon_core.shell:create_environment_hook('gopigo3_ekf', 'cmake_prefix_path')
[12.430s] INFO:colcon.colcon_core.shell:Creating environment hook '/home/ubuntu/HumbleDave/ros2ws/install/gopigo3_ekf/share/gopigo3_ekf/hook/cmake_prefix_path.ps1'
[12.433s] INFO:colcon.colcon_core.shell:Creating environment descriptor '/home/ubuntu/HumbleDave/ros2ws/install/gopigo3_ekf/share/gopigo3_ekf/hook/cmake_prefix_path.dsv'
[12.435s] INFO:colcon.colcon_core.shell:Creating environment hook '/home/ubuntu/HumbleDave/ros2ws/install/gopigo3_ekf/share/gopigo3_ekf/hook/cmake_prefix_path.sh'
[12.439s] Level 1:colcon.colcon_core.environment:checking '/home/ubuntu/HumbleDave/ros2ws/install/gopigo3_ekf/bin'
[12.439s] Level 1:colcon.colcon_core.environment:checking '/home/ubuntu/HumbleDave/ros2ws/install/gopigo3_ekf/lib/pkgconfig/gopigo3_ekf.pc'
[12.441s] Level 1:colcon.colcon_core.environment:checking '/home/ubuntu/HumbleDave/ros2ws/install/gopigo3_ekf/lib/python3.10/site-packages'
[12.442s] Level 1:colcon.colcon_core.environment:checking '/home/ubuntu/HumbleDave/ros2ws/install/gopigo3_ekf/bin'
[12.552s] INFO:colcon.colcon_core.shell:Creating package script '/home/ubuntu/HumbleDave/ros2ws/install/gopigo3_ekf/share/gopigo3_ekf/package.ps1'
[12.556s] INFO:colcon.colcon_core.shell:Creating package descriptor '/home/ubuntu/HumbleDave/ros2ws/install/gopigo3_ekf/share/gopigo3_ekf/package.dsv'
[12.559s] INFO:colcon.colcon_core.shell:Creating package script '/home/ubuntu/HumbleDave/ros2ws/install/gopigo3_ekf/share/gopigo3_ekf/package.sh'
[12.564s] INFO:colcon.colcon_core.shell:Creating package script '/home/ubuntu/HumbleDave/ros2ws/install/gopigo3_ekf/share/gopigo3_ekf/package.bash'
[12.568s] INFO:colcon.colcon_core.shell:Creating package script '/home/ubuntu/HumbleDave/ros2ws/install/gopigo3_ekf/share/gopigo3_ekf/package.zsh'
[12.572s] Level 1:colcon.colcon_core.environment:create_file_with_runtime_dependencies(/home/ubuntu/HumbleDave/ros2ws/install/gopigo3_ekf/share/colcon-core/packages/gopigo3_ekf)
[12.594s] Level 1:colcon.colcon_core.environment:create_environment_scripts_only(ros2_gopigo3_msg)
[12.596s] DEBUG:colcon.colcon_core.event_handler.log_command:Invoked command in '/home/ubuntu/HumbleDave/ros2ws/build/ros2_gopigo3_msg' returned '0': CMAKE_PREFIX_PATH=${CMAKE_PREFIX_PATH}:/home/ubuntu/HumbleDave/ros2ws/install/teleop_gopigo3_keyboard:/home/ubuntu/HumbleDave/ros2ws/install/scan_client:/home/ubuntu/HumbleDave/ros2ws/install/ros2_libcamera_pub:/home/ubuntu/HumbleDave/ros2ws/install/ros2_gopigo3_node:/home/ubuntu/ros2ws/install/teleop_gopigo3_keyboard:/home/ubuntu/ros2ws/install/ros2_libcamera_pub:/home/ubuntu/ros2ws/install/ros2_gopigo3_node:/opt/ros/humble /usr/bin/cmake --install /home/ubuntu/HumbleDave/ros2ws/build/ros2_gopigo3_msg
[12.734s] Level 1:colcon.colcon_core.environment:checking '/home/ubuntu/HumbleDave/ros2ws/install/ros2_gopigo3_msg' for CMake module files
[12.739s] Level 1:colcon.colcon_core.environment:checking '/home/ubuntu/HumbleDave/ros2ws/install/ros2_gopigo3_msg' for CMake config files
[12.745s] Level 1:colcon.colcon_core.shell:create_environment_hook('ros2_gopigo3_msg', 'cmake_prefix_path')
[12.864s] INFO:colcon.colcon_core.shell:Creating environment hook '/home/ubuntu/HumbleDave/ros2ws/install/ros2_gopigo3_msg/share/ros2_gopigo3_msg/hook/cmake_prefix_path.ps1'
[12.867s] INFO:colcon.colcon_core.shell:Creating environment descriptor '/home/ubuntu/HumbleDave/ros2ws/install/ros2_gopigo3_msg/share/ros2_gopigo3_msg/hook/cmake_prefix_path.dsv'
[12.869s] INFO:colcon.colcon_core.shell:Creating environment hook '/home/ubuntu/HumbleDave/ros2ws/install/ros2_gopigo3_msg/share/ros2_gopigo3_msg/hook/cmake_prefix_path.sh'
[12.873s] Level 1:colcon.colcon_core.environment:checking '/home/ubuntu/HumbleDave/ros2ws/install/ros2_gopigo3_msg/lib'
[12.874s] Level 1:colcon.colcon_core.shell:create_environment_hook('ros2_gopigo3_msg', 'ld_library_path_lib')
[12.987s] INFO:colcon.colcon_core.shell:Creating environment hook '/home/ubuntu/HumbleDave/ros2ws/install/ros2_gopigo3_msg/share/ros2_gopigo3_msg/hook/ld_library_path_lib.ps1'
[12.990s] INFO:colcon.colcon_core.shell:Creating environment descriptor '/home/ubuntu/HumbleDave/ros2ws/install/ros2_gopigo3_msg/share/ros2_gopigo3_msg/hook/ld_library_path_lib.dsv'
[12.993s] INFO:colcon.colcon_core.shell:Creating environment hook '/home/ubuntu/HumbleDave/ros2ws/install/ros2_gopigo3_msg/share/ros2_gopigo3_msg/hook/ld_library_path_lib.sh'
[12.996s] Level 1:colcon.colcon_core.environment:checking '/home/ubuntu/HumbleDave/ros2ws/install/ros2_gopigo3_msg/bin'
[12.997s] Level 1:colcon.colcon_core.environment:checking '/home/ubuntu/HumbleDave/ros2ws/install/ros2_gopigo3_msg/lib/pkgconfig/ros2_gopigo3_msg.pc'
[12.998s] Level 1:colcon.colcon_core.environment:checking '/home/ubuntu/HumbleDave/ros2ws/install/ros2_gopigo3_msg/lib/python3.10/site-packages'
[13.000s] Level 1:colcon.colcon_core.environment:checking '/home/ubuntu/HumbleDave/ros2ws/install/ros2_gopigo3_msg/bin'
[13.114s] INFO:colcon.colcon_core.shell:Creating package script '/home/ubuntu/HumbleDave/ros2ws/install/ros2_gopigo3_msg/share/ros2_gopigo3_msg/package.ps1'
[13.117s] INFO:colcon.colcon_core.shell:Creating package descriptor '/home/ubuntu/HumbleDave/ros2ws/install/ros2_gopigo3_msg/share/ros2_gopigo3_msg/package.dsv'
[13.120s] INFO:colcon.colcon_core.shell:Creating package script '/home/ubuntu/HumbleDave/ros2ws/install/ros2_gopigo3_msg/share/ros2_gopigo3_msg/package.sh'
[13.122s] INFO:colcon.colcon_core.shell:Creating package script '/home/ubuntu/HumbleDave/ros2ws/install/ros2_gopigo3_msg/share/ros2_gopigo3_msg/package.bash'
[13.125s] INFO:colcon.colcon_core.shell:Creating package script '/home/ubuntu/HumbleDave/ros2ws/install/ros2_gopigo3_msg/share/ros2_gopigo3_msg/package.zsh'
[13.127s] Level 1:colcon.colcon_core.environment:create_file_with_runtime_dependencies(/home/ubuntu/HumbleDave/ros2ws/install/ros2_gopigo3_msg/share/colcon-core/packages/ros2_gopigo3_msg)
[13.300s] Level 1:colcon.colcon_core.environment:create_environment_scripts_only(gopigo3_ekf)
[13.471s] Level 1:colcon.colcon_core.environment:checking '/home/ubuntu/HumbleDave/ros2ws/install/gopigo3_ekf' for CMake module files
[13.475s] Level 1:colcon.colcon_core.environment:checking '/home/ubuntu/HumbleDave/ros2ws/install/gopigo3_ekf' for CMake config files
[13.481s] Level 1:colcon.colcon_core.shell:create_environment_hook('gopigo3_ekf', 'cmake_prefix_path')
[13.639s] INFO:colcon.colcon_core.shell:Creating environment hook '/home/ubuntu/HumbleDave/ros2ws/install/gopigo3_ekf/share/gopigo3_ekf/hook/cmake_prefix_path.ps1'
[13.642s] INFO:colcon.colcon_core.shell:Creating environment descriptor '/home/ubuntu/HumbleDave/ros2ws/install/gopigo3_ekf/share/gopigo3_ekf/hook/cmake_prefix_path.dsv'
[13.644s] INFO:colcon.colcon_core.shell:Creating environment hook '/home/ubuntu/HumbleDave/ros2ws/install/gopigo3_ekf/share/gopigo3_ekf/hook/cmake_prefix_path.sh'
[13.648s] Level 1:colcon.colcon_core.environment:checking '/home/ubuntu/HumbleDave/ros2ws/install/gopigo3_ekf/bin'
[13.649s] Level 1:colcon.colcon_core.environment:checking '/home/ubuntu/HumbleDave/ros2ws/install/gopigo3_ekf/lib/pkgconfig/gopigo3_ekf.pc'
[13.650s] Level 1:colcon.colcon_core.environment:checking '/home/ubuntu/HumbleDave/ros2ws/install/gopigo3_ekf/lib/python3.10/site-packages'
[13.651s] Level 1:colcon.colcon_core.environment:checking '/home/ubuntu/HumbleDave/ros2ws/install/gopigo3_ekf/bin'
[13.800s] INFO:colcon.colcon_core.shell:Creating package script '/home/ubuntu/HumbleDave/ros2ws/install/gopigo3_ekf/share/gopigo3_ekf/package.ps1'
[13.804s] INFO:colcon.colcon_core.shell:Creating package descriptor '/home/ubuntu/HumbleDave/ros2ws/install/gopigo3_ekf/share/gopigo3_ekf/package.dsv'
[13.807s] INFO:colcon.colcon_core.shell:Creating package script '/home/ubuntu/HumbleDave/ros2ws/install/gopigo3_ekf/share/gopigo3_ekf/package.sh'
[13.812s] INFO:colcon.colcon_core.shell:Creating package script '/home/ubuntu/HumbleDave/ros2ws/install/gopigo3_ekf/share/gopigo3_ekf/package.bash'
[13.815s] INFO:colcon.colcon_core.shell:Creating package script '/home/ubuntu/HumbleDave/ros2ws/install/gopigo3_ekf/share/gopigo3_ekf/package.zsh'
[13.821s] Level 1:colcon.colcon_core.environment:create_file_with_runtime_dependencies(/home/ubuntu/HumbleDave/ros2ws/install/gopigo3_ekf/share/colcon-core/packages/gopigo3_ekf)
[13.828s] INFO:colcon.colcon_ros.task.ament_python.build:Building ROS package in '/home/ubuntu/HumbleDave/ros2ws/src/teleop_gopigo3_keyboard' with build type 'ament_python'
[13.829s] Level 1:colcon.colcon_core.shell:create_environment_hook('teleop_gopigo3_keyboard', 'ament_prefix_path')
[14.143s] INFO:colcon.colcon_core.shell:Creating environment hook '/home/ubuntu/HumbleDave/ros2ws/install/teleop_gopigo3_keyboard/share/teleop_gopigo3_keyboard/hook/ament_prefix_path.ps1'
[14.146s] INFO:colcon.colcon_core.shell:Creating environment descriptor '/home/ubuntu/HumbleDave/ros2ws/install/teleop_gopigo3_keyboard/share/teleop_gopigo3_keyboard/hook/ament_prefix_path.dsv'
[14.149s] INFO:colcon.colcon_core.shell:Creating environment hook '/home/ubuntu/HumbleDave/ros2ws/install/teleop_gopigo3_keyboard/share/teleop_gopigo3_keyboard/hook/ament_prefix_path.sh'
[14.221s] INFO:colcon.colcon_core.shell:Skip shell extension 'powershell' for command environment: Not usable outside of PowerShell
[14.222s] DEBUG:colcon.colcon_core.shell:Skip shell extension 'dsv' for command environment
[14.563s] Level 1:colcon.colcon_core.environment:create_environment_scripts_only(ros2_gopigo3_msg)
[14.627s] Level 1:colcon.colcon_core.environment:checking '/home/ubuntu/HumbleDave/ros2ws/install/ros2_gopigo3_msg' for CMake module files
[14.632s] Level 1:colcon.colcon_core.environment:checking '/home/ubuntu/HumbleDave/ros2ws/install/ros2_gopigo3_msg' for CMake config files
[14.637s] Level 1:colcon.colcon_core.shell:create_environment_hook('ros2_gopigo3_msg', 'cmake_prefix_path')
[14.701s] INFO:colcon.colcon_core.shell:Creating environment hook '/home/ubuntu/HumbleDave/ros2ws/install/ros2_gopigo3_msg/share/ros2_gopigo3_msg/hook/cmake_prefix_path.ps1'
[14.702s] INFO:colcon.colcon_core.shell:Creating environment descriptor '/home/ubuntu/HumbleDave/ros2ws/install/ros2_gopigo3_msg/share/ros2_gopigo3_msg/hook/cmake_prefix_path.dsv'
[14.704s] INFO:colcon.colcon_core.shell:Creating environment hook '/home/ubuntu/HumbleDave/ros2ws/install/ros2_gopigo3_msg/share/ros2_gopigo3_msg/hook/cmake_prefix_path.sh'
[14.707s] Level 1:colcon.colcon_core.environment:checking '/home/ubuntu/HumbleDave/ros2ws/install/ros2_gopigo3_msg/lib'
[14.707s] Level 1:colcon.colcon_core.shell:create_environment_hook('ros2_gopigo3_msg', 'ld_library_path_lib')
[14.771s] INFO:colcon.colcon_core.shell:Creating environment hook '/home/ubuntu/HumbleDave/ros2ws/install/ros2_gopigo3_msg/share/ros2_gopigo3_msg/hook/ld_library_path_lib.ps1'
[14.773s] INFO:colcon.colcon_core.shell:Creating environment descriptor '/home/ubuntu/HumbleDave/ros2ws/install/ros2_gopigo3_msg/share/ros2_gopigo3_msg/hook/ld_library_path_lib.dsv'
[14.775s] INFO:colcon.colcon_core.shell:Creating environment hook '/home/ubuntu/HumbleDave/ros2ws/install/ros2_gopigo3_msg/share/ros2_gopigo3_msg/hook/ld_library_path_lib.sh'
[14.776s] Level 1:colcon.colcon_core.environment:checking '/home/ubuntu/HumbleDave/ros2ws/install/ros2_gopigo3_msg/bin'
[14.777s] Level 1:colcon.colcon_core.environment:checking '/home/ubuntu/HumbleDave/ros2ws/install/ros2_gopigo3_msg/lib/pkgconfig/ros2_gopigo3_msg.pc'
[14.778s] Level 1:colcon.colcon_core.environment:checking '/home/ubuntu/HumbleDave/ros2ws/install/ros2_gopigo3_msg/lib/python3.10/site-packages'
[14.779s] Level 1:colcon.colcon_core.environment:checking '/home/ubuntu/HumbleDave/ros2ws/install/ros2_gopigo3_msg/bin'
[14.843s] INFO:colcon.colcon_core.shell:Creating package script '/home/ubuntu/HumbleDave/ros2ws/install/ros2_gopigo3_msg/share/ros2_gopigo3_msg/package.ps1'
[14.846s] INFO:colcon.colcon_core.shell:Creating package descriptor '/home/ubuntu/HumbleDave/ros2ws/install/ros2_gopigo3_msg/share/ros2_gopigo3_msg/package.dsv'
[14.848s] INFO:colcon.colcon_core.shell:Creating package script '/home/ubuntu/HumbleDave/ros2ws/install/ros2_gopigo3_msg/share/ros2_gopigo3_msg/package.sh'
[14.850s] INFO:colcon.colcon_core.shell:Creating package script '/home/ubuntu/HumbleDave/ros2ws/install/ros2_gopigo3_msg/share/ros2_gopigo3_msg/package.bash'
[14.853s] INFO:colcon.colcon_core.shell:Creating package script '/home/ubuntu/HumbleDave/ros2ws/install/ros2_gopigo3_msg/share/ros2_gopigo3_msg/package.zsh'
[14.854s] Level 1:colcon.colcon_core.environment:create_file_with_runtime_dependencies(/home/ubuntu/HumbleDave/ros2ws/install/ros2_gopigo3_msg/share/colcon-core/packages/ros2_gopigo3_msg)
[14.858s] INFO:colcon.colcon_ros.task.ament_cmake.build:Building ROS package in '/home/ubuntu/HumbleDave/ros2ws/src/ydlidar_ros2_driver' with build type 'ament_cmake'
[14.858s] INFO:colcon.colcon_cmake.task.cmake.build:Building CMake package in '/home/ubuntu/HumbleDave/ros2ws/src/ydlidar_ros2_driver'
[14.923s] INFO:colcon.colcon_core.shell:Skip shell extension 'powershell' for command environment: Not usable outside of PowerShell
[14.923s] DEBUG:colcon.colcon_core.shell:Skip shell extension 'dsv' for command environment
[15.205s] DEBUG:colcon.colcon_core.event_handler.log_command:Invoking command in '/home/ubuntu/HumbleDave/ros2ws/build/ros2_libcamera_pub': PYTHONPATH=/home/ubuntu/HumbleDave/ros2ws/build/ros2_libcamera_pub/prefix_override:/home/ubuntu/HumbleDave/ros2ws/install/ros2_libcamera_pub/lib/python3.10/site-packages:${PYTHONPATH} /usr/bin/python3 setup.py develop --editable --build-directory /home/ubuntu/HumbleDave/ros2ws/build/ros2_libcamera_pub/build --no-deps install_data
[15.222s] DEBUG:colcon.colcon_core.event_handler.log_command:Invoking command in '/home/ubuntu/HumbleDave/ros2ws/build/scan_client': PYTHONPATH=/home/ubuntu/HumbleDave/ros2ws/build/scan_client/prefix_override:/home/ubuntu/HumbleDave/ros2ws/install/scan_client/lib/python3.10/site-packages:${PYTHONPATH} /usr/bin/python3 setup.py develop --editable --build-directory /home/ubuntu/HumbleDave/ros2ws/build/scan_client/build --no-deps install_data
[16.837s] INFO:colcon.colcon_core.task.python.build:Building Python package in '/home/ubuntu/HumbleDave/ros2ws/src/teleop_gopigo3_keyboard'
[16.952s] INFO:colcon.colcon_core.shell:Skip shell extension 'powershell' for command environment: Not usable outside of PowerShell
[16.952s] DEBUG:colcon.colcon_core.shell:Skip shell extension 'dsv' for command environment
[17.444s] DEBUG:colcon.colcon_core.event_handler.log_command:Invoking command in '/home/ubuntu/HumbleDave/ros2ws/build/ydlidar_ros2_driver': CMAKE_PREFIX_PATH=${CMAKE_PREFIX_PATH}:/home/ubuntu/HumbleDave/ros2ws/install/teleop_gopigo3_keyboard:/home/ubuntu/HumbleDave/ros2ws/install/scan_client:/home/ubuntu/HumbleDave/ros2ws/install/ros2_libcamera_pub:/home/ubuntu/HumbleDave/ros2ws/install/ros2_gopigo3_node:/home/ubuntu/ros2ws/install/teleop_gopigo3_keyboard:/home/ubuntu/ros2ws/install/ros2_libcamera_pub:/home/ubuntu/ros2ws/install/ros2_gopigo3_node:/opt/ros/humble /usr/bin/cmake --build /home/ubuntu/HumbleDave/ros2ws/build/ydlidar_ros2_driver -- -j4 -l4
[18.141s] DEBUG:colcon.colcon_core.event_handler.log_command:Invoked command in '/home/ubuntu/HumbleDave/ros2ws/build/ydlidar_ros2_driver' returned '0': CMAKE_PREFIX_PATH=${CMAKE_PREFIX_PATH}:/home/ubuntu/HumbleDave/ros2ws/install/teleop_gopigo3_keyboard:/home/ubuntu/HumbleDave/ros2ws/install/scan_client:/home/ubuntu/HumbleDave/ros2ws/install/ros2_libcamera_pub:/home/ubuntu/HumbleDave/ros2ws/install/ros2_gopigo3_node:/home/ubuntu/ros2ws/install/teleop_gopigo3_keyboard:/home/ubuntu/ros2ws/install/ros2_libcamera_pub:/home/ubuntu/ros2ws/install/ros2_gopigo3_node:/opt/ros/humble /usr/bin/cmake --build /home/ubuntu/HumbleDave/ros2ws/build/ydlidar_ros2_driver -- -j4 -l4
[18.238s] Level 1:colcon.colcon_core.shell:create_environment_hook('ros2_libcamera_pub', 'pythonpath_develop')
[18.245s] DEBUG:colcon.colcon_core.event_handler.log_command:Invoked command in '/home/ubuntu/HumbleDave/ros2ws/build/ros2_libcamera_pub' returned '0': PYTHONPATH=/home/ubuntu/HumbleDave/ros2ws/build/ros2_libcamera_pub/prefix_override:/home/ubuntu/HumbleDave/ros2ws/install/ros2_libcamera_pub/lib/python3.10/site-packages:${PYTHONPATH} /usr/bin/python3 setup.py develop --editable --build-directory /home/ubuntu/HumbleDave/ros2ws/build/ros2_libcamera_pub/build --no-deps install_data
[18.338s] INFO:colcon.colcon_core.shell:Creating environment hook '/home/ubuntu/HumbleDave/ros2ws/build/ros2_libcamera_pub/share/ros2_libcamera_pub/hook/pythonpath_develop.ps1'
[18.340s] INFO:colcon.colcon_core.shell:Creating environment descriptor '/home/ubuntu/HumbleDave/ros2ws/build/ros2_libcamera_pub/share/ros2_libcamera_pub/hook/pythonpath_develop.dsv'
[18.342s] INFO:colcon.colcon_core.shell:Creating environment hook '/home/ubuntu/HumbleDave/ros2ws/build/ros2_libcamera_pub/share/ros2_libcamera_pub/hook/pythonpath_develop.sh'
[18.421s] Level 1:colcon.colcon_core.environment:checking '/home/ubuntu/HumbleDave/ros2ws/install/ros2_libcamera_pub' for CMake module files
[18.423s] Level 1:colcon.colcon_core.environment:checking '/home/ubuntu/HumbleDave/ros2ws/install/ros2_libcamera_pub' for CMake config files
[18.426s] Level 1:colcon.colcon_core.environment:checking '/home/ubuntu/HumbleDave/ros2ws/install/ros2_libcamera_pub/lib'
[18.427s] Level 1:colcon.colcon_core.environment:checking '/home/ubuntu/HumbleDave/ros2ws/install/ros2_libcamera_pub/bin'
[18.427s] Level 1:colcon.colcon_core.environment:checking '/home/ubuntu/HumbleDave/ros2ws/install/ros2_libcamera_pub/lib/pkgconfig/ros2_libcamera_pub.pc'
[18.428s] Level 1:colcon.colcon_core.environment:checking '/home/ubuntu/HumbleDave/ros2ws/install/ros2_libcamera_pub/lib/python3.10/site-packages'
[18.429s] Level 1:colcon.colcon_core.shell:create_environment_hook('ros2_libcamera_pub', 'pythonpath')
[18.508s] INFO:colcon.colcon_core.shell:Creating environment hook '/home/ubuntu/HumbleDave/ros2ws/install/ros2_libcamera_pub/share/ros2_libcamera_pub/hook/pythonpath.ps1'
[18.510s] INFO:colcon.colcon_core.shell:Creating environment descriptor '/home/ubuntu/HumbleDave/ros2ws/install/ros2_libcamera_pub/share/ros2_libcamera_pub/hook/pythonpath.dsv'
[18.512s] INFO:colcon.colcon_core.shell:Creating environment hook '/home/ubuntu/HumbleDave/ros2ws/install/ros2_libcamera_pub/share/ros2_libcamera_pub/hook/pythonpath.sh'
[18.515s] Level 1:colcon.colcon_core.environment:checking '/home/ubuntu/HumbleDave/ros2ws/install/ros2_libcamera_pub/bin'
[18.516s] Level 1:colcon.colcon_core.environment:create_environment_scripts_only(ros2_libcamera_pub)
[18.591s] INFO:colcon.colcon_core.shell:Creating package script '/home/ubuntu/HumbleDave/ros2ws/install/ros2_libcamera_pub/share/ros2_libcamera_pub/package.ps1'
[18.593s] INFO:colcon.colcon_core.shell:Creating package descriptor '/home/ubuntu/HumbleDave/ros2ws/install/ros2_libcamera_pub/share/ros2_libcamera_pub/package.dsv'
[18.596s] INFO:colcon.colcon_core.shell:Creating package script '/home/ubuntu/HumbleDave/ros2ws/install/ros2_libcamera_pub/share/ros2_libcamera_pub/package.sh'
[18.598s] INFO:colcon.colcon_core.shell:Creating package script '/home/ubuntu/HumbleDave/ros2ws/install/ros2_libcamera_pub/share/ros2_libcamera_pub/package.bash'
[18.600s] INFO:colcon.colcon_core.shell:Creating package script '/home/ubuntu/HumbleDave/ros2ws/install/ros2_libcamera_pub/share/ros2_libcamera_pub/package.zsh'
[18.602s] Level 1:colcon.colcon_core.environment:create_file_with_runtime_dependencies(/home/ubuntu/HumbleDave/ros2ws/install/ros2_libcamera_pub/share/colcon-core/packages/ros2_libcamera_pub)
[18.605s] INFO:colcon.colcon_ros.task.ament_python.build:Building ROS package in '/home/ubuntu/HumbleDave/ros2ws/src/ros2_gopigo3_node' with build type 'ament_python'
[18.606s] Level 1:colcon.colcon_core.shell:create_environment_hook('ros2_gopigo3_node', 'ament_prefix_path')
[18.682s] INFO:colcon.colcon_core.shell:Creating environment hook '/home/ubuntu/HumbleDave/ros2ws/install/ros2_gopigo3_node/share/ros2_gopigo3_node/hook/ament_prefix_path.ps1'
[18.685s] INFO:colcon.colcon_core.shell:Creating environment descriptor '/home/ubuntu/HumbleDave/ros2ws/install/ros2_gopigo3_node/share/ros2_gopigo3_node/hook/ament_prefix_path.dsv'
[18.687s] INFO:colcon.colcon_core.shell:Creating environment hook '/home/ubuntu/HumbleDave/ros2ws/install/ros2_gopigo3_node/share/ros2_gopigo3_node/hook/ament_prefix_path.sh'
[18.765s] INFO:colcon.colcon_core.shell:Skip shell extension 'powershell' for command environment: Not usable outside of PowerShell
[18.765s] DEBUG:colcon.colcon_core.shell:Skip shell extension 'dsv' for command environment
[19.115s] Level 1:colcon.colcon_core.shell:create_environment_hook('scan_client', 'pythonpath_develop')
[19.117s] DEBUG:colcon.colcon_core.event_handler.log_command:Invoked command in '/home/ubuntu/HumbleDave/ros2ws/build/scan_client' returned '0': PYTHONPATH=/home/ubuntu/HumbleDave/ros2ws/build/scan_client/prefix_override:/home/ubuntu/HumbleDave/ros2ws/install/scan_client/lib/python3.10/site-packages:${PYTHONPATH} /usr/bin/python3 setup.py develop --editable --build-directory /home/ubuntu/HumbleDave/ros2ws/build/scan_client/build --no-deps install_data
[19.208s] INFO:colcon.colcon_core.shell:Creating environment hook '/home/ubuntu/HumbleDave/ros2ws/build/scan_client/share/scan_client/hook/pythonpath_develop.ps1'
[19.210s] INFO:colcon.colcon_core.shell:Creating environment descriptor '/home/ubuntu/HumbleDave/ros2ws/build/scan_client/share/scan_client/hook/pythonpath_develop.dsv'
[19.213s] INFO:colcon.colcon_core.shell:Creating environment hook '/home/ubuntu/HumbleDave/ros2ws/build/scan_client/share/scan_client/hook/pythonpath_develop.sh'
[19.296s] Level 1:colcon.colcon_core.environment:checking '/home/ubuntu/HumbleDave/ros2ws/install/scan_client' for CMake module files
[19.299s] Level 1:colcon.colcon_core.environment:checking '/home/ubuntu/HumbleDave/ros2ws/install/scan_client' for CMake config files
[19.301s] Level 1:colcon.colcon_core.environment:checking '/home/ubuntu/HumbleDave/ros2ws/install/scan_client/lib'
[19.302s] Level 1:colcon.colcon_core.environment:checking '/home/ubuntu/HumbleDave/ros2ws/install/scan_client/bin'
[19.302s] Level 1:colcon.colcon_core.environment:checking '/home/ubuntu/HumbleDave/ros2ws/install/scan_client/lib/pkgconfig/scan_client.pc'
[19.303s] Level 1:colcon.colcon_core.environment:checking '/home/ubuntu/HumbleDave/ros2ws/install/scan_client/lib/python3.10/site-packages'
[19.303s] Level 1:colcon.colcon_core.shell:create_environment_hook('scan_client', 'pythonpath')
[19.375s] INFO:colcon.colcon_core.shell:Creating environment hook '/home/ubuntu/HumbleDave/ros2ws/install/scan_client/share/scan_client/hook/pythonpath.ps1'
[19.378s] INFO:colcon.colcon_core.shell:Creating environment descriptor '/home/ubuntu/HumbleDave/ros2ws/install/scan_client/share/scan_client/hook/pythonpath.dsv'
[19.380s] INFO:colcon.colcon_core.shell:Creating environment hook '/home/ubuntu/HumbleDave/ros2ws/install/scan_client/share/scan_client/hook/pythonpath.sh'
[19.382s] Level 1:colcon.colcon_core.environment:checking '/home/ubuntu/HumbleDave/ros2ws/install/scan_client/bin'
[19.383s] Level 1:colcon.colcon_core.environment:create_environment_scripts_only(scan_client)
[19.472s] INFO:colcon.colcon_core.shell:Creating package script '/home/ubuntu/HumbleDave/ros2ws/install/scan_client/share/scan_client/package.ps1'
[19.475s] INFO:colcon.colcon_core.shell:Creating package descriptor '/home/ubuntu/HumbleDave/ros2ws/install/scan_client/share/scan_client/package.dsv'
[19.477s] INFO:colcon.colcon_core.shell:Creating package script '/home/ubuntu/HumbleDave/ros2ws/install/scan_client/share/scan_client/package.sh'
[19.480s] INFO:colcon.colcon_core.shell:Creating package script '/home/ubuntu/HumbleDave/ros2ws/install/scan_client/share/scan_client/package.bash'
[19.482s] INFO:colcon.colcon_core.shell:Creating package script '/home/ubuntu/HumbleDave/ros2ws/install/scan_client/share/scan_client/package.zsh'
[19.484s] Level 1:colcon.colcon_core.environment:create_file_with_runtime_dependencies(/home/ubuntu/HumbleDave/ros2ws/install/scan_client/share/colcon-core/packages/scan_client)
[19.496s] DEBUG:colcon.colcon_core.event_handler.log_command:Invoking command in '/home/ubuntu/HumbleDave/ros2ws/build/ydlidar_ros2_driver': CMAKE_PREFIX_PATH=${CMAKE_PREFIX_PATH}:/home/ubuntu/HumbleDave/ros2ws/install/teleop_gopigo3_keyboard:/home/ubuntu/HumbleDave/ros2ws/install/scan_client:/home/ubuntu/HumbleDave/ros2ws/install/ros2_libcamera_pub:/home/ubuntu/HumbleDave/ros2ws/install/ros2_gopigo3_node:/home/ubuntu/ros2ws/install/teleop_gopigo3_keyboard:/home/ubuntu/ros2ws/install/ros2_libcamera_pub:/home/ubuntu/ros2ws/install/ros2_gopigo3_node:/opt/ros/humble /usr/bin/cmake --install /home/ubuntu/HumbleDave/ros2ws/build/ydlidar_ros2_driver
[20.823s] INFO:colcon.colcon_core.task.python.build:Building Python package in '/home/ubuntu/HumbleDave/ros2ws/src/ros2_gopigo3_node'
[20.890s] INFO:colcon.colcon_core.shell:Skip shell extension 'powershell' for command environment: Not usable outside of PowerShell
[20.890s] DEBUG:colcon.colcon_core.shell:Skip shell extension 'dsv' for command environment
[21.177s] Level 1:colcon.colcon_core.environment:create_environment_scripts_only(ydlidar_ros2_driver)
[21.184s] DEBUG:colcon.colcon_core.event_handler.log_command:Invoking command in '/home/ubuntu/HumbleDave/ros2ws/build/teleop_gopigo3_keyboard': PYTHONPATH=/home/ubuntu/HumbleDave/ros2ws/build/teleop_gopigo3_keyboard/prefix_override:/home/ubuntu/HumbleDave/ros2ws/install/teleop_gopigo3_keyboard/lib/python3.10/site-packages:${PYTHONPATH} /usr/bin/python3 setup.py develop --editable --build-directory /home/ubuntu/HumbleDave/ros2ws/build/teleop_gopigo3_keyboard/build --no-deps install_data
[21.187s] DEBUG:colcon.colcon_core.event_handler.log_command:Invoked command in '/home/ubuntu/HumbleDave/ros2ws/build/ydlidar_ros2_driver' returned '0': CMAKE_PREFIX_PATH=${CMAKE_PREFIX_PATH}:/home/ubuntu/HumbleDave/ros2ws/install/teleop_gopigo3_keyboard:/home/ubuntu/HumbleDave/ros2ws/install/scan_client:/home/ubuntu/HumbleDave/ros2ws/install/ros2_libcamera_pub:/home/ubuntu/HumbleDave/ros2ws/install/ros2_gopigo3_node:/home/ubuntu/ros2ws/install/teleop_gopigo3_keyboard:/home/ubuntu/ros2ws/install/ros2_libcamera_pub:/home/ubuntu/ros2ws/install/ros2_gopigo3_node:/opt/ros/humble /usr/bin/cmake --install /home/ubuntu/HumbleDave/ros2ws/build/ydlidar_ros2_driver
[21.267s] Level 1:colcon.colcon_core.environment:checking '/home/ubuntu/HumbleDave/ros2ws/install/ydlidar_ros2_driver' for CMake module files
[21.271s] Level 1:colcon.colcon_core.environment:checking '/home/ubuntu/HumbleDave/ros2ws/install/ydlidar_ros2_driver' for CMake config files
[21.275s] Level 1:colcon.colcon_core.shell:create_environment_hook('ydlidar_ros2_driver', 'cmake_prefix_path')
[21.356s] INFO:colcon.colcon_core.shell:Creating environment hook '/home/ubuntu/HumbleDave/ros2ws/install/ydlidar_ros2_driver/share/ydlidar_ros2_driver/hook/cmake_prefix_path.ps1'
[21.358s] INFO:colcon.colcon_core.shell:Creating environment descriptor '/home/ubuntu/HumbleDave/ros2ws/install/ydlidar_ros2_driver/share/ydlidar_ros2_driver/hook/cmake_prefix_path.dsv'
[21.360s] INFO:colcon.colcon_core.shell:Creating environment hook '/home/ubuntu/HumbleDave/ros2ws/install/ydlidar_ros2_driver/share/ydlidar_ros2_driver/hook/cmake_prefix_path.sh'
[21.363s] Level 1:colcon.colcon_core.environment:checking '/home/ubuntu/HumbleDave/ros2ws/install/ydlidar_ros2_driver/lib'
[21.364s] Level 1:colcon.colcon_core.environment:checking '/home/ubuntu/HumbleDave/ros2ws/install/ydlidar_ros2_driver/bin'
[21.364s] Level 1:colcon.colcon_core.environment:checking '/home/ubuntu/HumbleDave/ros2ws/install/ydlidar_ros2_driver/lib/pkgconfig/ydlidar_ros2_driver.pc'
[21.365s] Level 1:colcon.colcon_core.environment:checking '/home/ubuntu/HumbleDave/ros2ws/install/ydlidar_ros2_driver/lib/python3.10/site-packages'
[21.366s] Level 1:colcon.colcon_core.environment:checking '/home/ubuntu/HumbleDave/ros2ws/install/ydlidar_ros2_driver/bin'
[21.450s] INFO:colcon.colcon_core.shell:Creating package script '/home/ubuntu/HumbleDave/ros2ws/install/ydlidar_ros2_driver/share/ydlidar_ros2_driver/package.ps1'
[21.453s] INFO:colcon.colcon_core.shell:Creating package descriptor '/home/ubuntu/HumbleDave/ros2ws/install/ydlidar_ros2_driver/share/ydlidar_ros2_driver/package.dsv'
[21.455s] INFO:colcon.colcon_core.shell:Creating package script '/home/ubuntu/HumbleDave/ros2ws/install/ydlidar_ros2_driver/share/ydlidar_ros2_driver/package.sh'
[21.457s] INFO:colcon.colcon_core.shell:Creating package script '/home/ubuntu/HumbleDave/ros2ws/install/ydlidar_ros2_driver/share/ydlidar_ros2_driver/package.bash'
[21.459s] INFO:colcon.colcon_core.shell:Creating package script '/home/ubuntu/HumbleDave/ros2ws/install/ydlidar_ros2_driver/share/ydlidar_ros2_driver/package.zsh'
[21.462s] Level 1:colcon.colcon_core.environment:create_file_with_runtime_dependencies(/home/ubuntu/HumbleDave/ros2ws/install/ydlidar_ros2_driver/share/colcon-core/packages/ydlidar_ros2_driver)
[21.760s] Level 1:colcon.colcon_core.environment:create_environment_scripts_only(ydlidar_ros2_driver)
[21.862s] Level 1:colcon.colcon_core.environment:checking '/home/ubuntu/HumbleDave/ros2ws/install/ydlidar_ros2_driver' for CMake module files
[21.865s] Level 1:colcon.colcon_core.environment:checking '/home/ubuntu/HumbleDave/ros2ws/install/ydlidar_ros2_driver' for CMake config files
[21.870s] Level 1:colcon.colcon_core.shell:create_environment_hook('ydlidar_ros2_driver', 'cmake_prefix_path')
[21.972s] INFO:colcon.colcon_core.shell:Creating environment hook '/home/ubuntu/HumbleDave/ros2ws/install/ydlidar_ros2_driver/share/ydlidar_ros2_driver/hook/cmake_prefix_path.ps1'
[21.974s] INFO:colcon.colcon_core.shell:Creating environment descriptor '/home/ubuntu/HumbleDave/ros2ws/install/ydlidar_ros2_driver/share/ydlidar_ros2_driver/hook/cmake_prefix_path.dsv'
[21.976s] INFO:colcon.colcon_core.shell:Creating environment hook '/home/ubuntu/HumbleDave/ros2ws/install/ydlidar_ros2_driver/share/ydlidar_ros2_driver/hook/cmake_prefix_path.sh'
[21.980s] Level 1:colcon.colcon_core.environment:checking '/home/ubuntu/HumbleDave/ros2ws/install/ydlidar_ros2_driver/lib'
[21.980s] Level 1:colcon.colcon_core.environment:checking '/home/ubuntu/HumbleDave/ros2ws/install/ydlidar_ros2_driver/bin'
[21.981s] Level 1:colcon.colcon_core.environment:checking '/home/ubuntu/HumbleDave/ros2ws/install/ydlidar_ros2_driver/lib/pkgconfig/ydlidar_ros2_driver.pc'
[21.982s] Level 1:colcon.colcon_core.environment:checking '/home/ubuntu/HumbleDave/ros2ws/install/ydlidar_ros2_driver/lib/python3.10/site-packages'
[21.984s] Level 1:colcon.colcon_core.environment:checking '/home/ubuntu/HumbleDave/ros2ws/install/ydlidar_ros2_driver/bin'
[22.077s] INFO:colcon.colcon_core.shell:Creating package script '/home/ubuntu/HumbleDave/ros2ws/install/ydlidar_ros2_driver/share/ydlidar_ros2_driver/package.ps1'
[22.079s] INFO:colcon.colcon_core.shell:Creating package descriptor '/home/ubuntu/HumbleDave/ros2ws/install/ydlidar_ros2_driver/share/ydlidar_ros2_driver/package.dsv'
[22.082s] INFO:colcon.colcon_core.shell:Creating package script '/home/ubuntu/HumbleDave/ros2ws/install/ydlidar_ros2_driver/share/ydlidar_ros2_driver/package.sh'
[22.085s] INFO:colcon.colcon_core.shell:Creating package script '/home/ubuntu/HumbleDave/ros2ws/install/ydlidar_ros2_driver/share/ydlidar_ros2_driver/package.bash'
[22.087s] INFO:colcon.colcon_core.shell:Creating package script '/home/ubuntu/HumbleDave/ros2ws/install/ydlidar_ros2_driver/share/ydlidar_ros2_driver/package.zsh'
[22.089s] Level 1:colcon.colcon_core.environment:create_file_with_runtime_dependencies(/home/ubuntu/HumbleDave/ros2ws/install/ydlidar_ros2_driver/share/colcon-core/packages/ydlidar_ros2_driver)
[23.439s] DEBUG:colcon.colcon_core.event_handler.log_command:Invoking command in '/home/ubuntu/HumbleDave/ros2ws/build/ros2_gopigo3_node': CMAKE_PREFIX_PATH=/home/ubuntu/HumbleDave/ros2ws/install/ros2_gopigo3_msg:/home/ubuntu/HumbleDave/ros2ws/install/ydlidar_ros2_driver:/home/ubuntu/ros2ws/install/ydlidar_ros2_driver:/home/ubuntu/ros2ws/install/ros2_gopigo3_msg PYTHONPATH=/home/ubuntu/HumbleDave/ros2ws/build/ros2_gopigo3_node/prefix_override:/home/ubuntu/HumbleDave/ros2ws/install/ros2_gopigo3_node/lib/python3.10/site-packages:${PYTHONPATH} /usr/bin/python3 setup.py develop --editable --build-directory /home/ubuntu/HumbleDave/ros2ws/build/ros2_gopigo3_node/build --no-deps install_data
[23.823s] Level 1:colcon.colcon_core.shell:create_environment_hook('teleop_gopigo3_keyboard', 'pythonpath_develop')
[23.825s] DEBUG:colcon.colcon_core.event_handler.log_command:Invoked command in '/home/ubuntu/HumbleDave/ros2ws/build/teleop_gopigo3_keyboard' returned '0': PYTHONPATH=/home/ubuntu/HumbleDave/ros2ws/build/teleop_gopigo3_keyboard/prefix_override:/home/ubuntu/HumbleDave/ros2ws/install/teleop_gopigo3_keyboard/lib/python3.10/site-packages:${PYTHONPATH} /usr/bin/python3 setup.py develop --editable --build-directory /home/ubuntu/HumbleDave/ros2ws/build/teleop_gopigo3_keyboard/build --no-deps install_data
[23.907s] INFO:colcon.colcon_core.shell:Creating environment hook '/home/ubuntu/HumbleDave/ros2ws/build/teleop_gopigo3_keyboard/share/teleop_gopigo3_keyboard/hook/pythonpath_develop.ps1'
[23.909s] INFO:colcon.colcon_core.shell:Creating environment descriptor '/home/ubuntu/HumbleDave/ros2ws/build/teleop_gopigo3_keyboard/share/teleop_gopigo3_keyboard/hook/pythonpath_develop.dsv'
[23.911s] INFO:colcon.colcon_core.shell:Creating environment hook '/home/ubuntu/HumbleDave/ros2ws/build/teleop_gopigo3_keyboard/share/teleop_gopigo3_keyboard/hook/pythonpath_develop.sh'
[23.994s] Level 1:colcon.colcon_core.environment:checking '/home/ubuntu/HumbleDave/ros2ws/install/teleop_gopigo3_keyboard' for CMake module files
[23.996s] Level 1:colcon.colcon_core.environment:checking '/home/ubuntu/HumbleDave/ros2ws/install/teleop_gopigo3_keyboard' for CMake config files
[23.999s] Level 1:colcon.colcon_core.environment:checking '/home/ubuntu/HumbleDave/ros2ws/install/teleop_gopigo3_keyboard/lib'
[24.000s] Level 1:colcon.colcon_core.environment:checking '/home/ubuntu/HumbleDave/ros2ws/install/teleop_gopigo3_keyboard/bin'
[24.000s] Level 1:colcon.colcon_core.environment:checking '/home/ubuntu/HumbleDave/ros2ws/install/teleop_gopigo3_keyboard/lib/pkgconfig/teleop_gopigo3_keyboard.pc'
[24.001s] Level 1:colcon.colcon_core.environment:checking '/home/ubuntu/HumbleDave/ros2ws/install/teleop_gopigo3_keyboard/lib/python3.10/site-packages'
[24.001s] Level 1:colcon.colcon_core.shell:create_environment_hook('teleop_gopigo3_keyboard', 'pythonpath')
[24.076s] INFO:colcon.colcon_core.shell:Creating environment hook '/home/ubuntu/HumbleDave/ros2ws/install/teleop_gopigo3_keyboard/share/teleop_gopigo3_keyboard/hook/pythonpath.ps1'
[24.078s] INFO:colcon.colcon_core.shell:Creating environment descriptor '/home/ubuntu/HumbleDave/ros2ws/install/teleop_gopigo3_keyboard/share/teleop_gopigo3_keyboard/hook/pythonpath.dsv'
[24.080s] INFO:colcon.colcon_core.shell:Creating environment hook '/home/ubuntu/HumbleDave/ros2ws/install/teleop_gopigo3_keyboard/share/teleop_gopigo3_keyboard/hook/pythonpath.sh'
[24.083s] Level 1:colcon.colcon_core.environment:checking '/home/ubuntu/HumbleDave/ros2ws/install/teleop_gopigo3_keyboard/bin'
[24.083s] Level 1:colcon.colcon_core.environment:create_environment_scripts_only(teleop_gopigo3_keyboard)
[24.161s] INFO:colcon.colcon_core.shell:Creating package script '/home/ubuntu/HumbleDave/ros2ws/install/teleop_gopigo3_keyboard/share/teleop_gopigo3_keyboard/package.ps1'
[24.163s] INFO:colcon.colcon_core.shell:Creating package descriptor '/home/ubuntu/HumbleDave/ros2ws/install/teleop_gopigo3_keyboard/share/teleop_gopigo3_keyboard/package.dsv'
[24.166s] INFO:colcon.colcon_core.shell:Creating package script '/home/ubuntu/HumbleDave/ros2ws/install/teleop_gopigo3_keyboard/share/teleop_gopigo3_keyboard/package.sh'
[24.168s] INFO:colcon.colcon_core.shell:Creating package script '/home/ubuntu/HumbleDave/ros2ws/install/teleop_gopigo3_keyboard/share/teleop_gopigo3_keyboard/package.bash'
[24.170s] INFO:colcon.colcon_core.shell:Creating package script '/home/ubuntu/HumbleDave/ros2ws/install/teleop_gopigo3_keyboard/share/teleop_gopigo3_keyboard/package.zsh'
[24.172s] Level 1:colcon.colcon_core.environment:create_file_with_runtime_dependencies(/home/ubuntu/HumbleDave/ros2ws/install/teleop_gopigo3_keyboard/share/colcon-core/packages/teleop_gopigo3_keyboard)
[25.638s] Level 1:colcon.colcon_core.shell:create_environment_hook('ros2_gopigo3_node', 'pythonpath_develop')
[25.639s] DEBUG:colcon.colcon_core.event_handler.log_command:Invoked command in '/home/ubuntu/HumbleDave/ros2ws/build/ros2_gopigo3_node' returned '0': CMAKE_PREFIX_PATH=/home/ubuntu/HumbleDave/ros2ws/install/ros2_gopigo3_msg:/home/ubuntu/HumbleDave/ros2ws/install/ydlidar_ros2_driver:/home/ubuntu/ros2ws/install/ydlidar_ros2_driver:/home/ubuntu/ros2ws/install/ros2_gopigo3_msg PYTHONPATH=/home/ubuntu/HumbleDave/ros2ws/build/ros2_gopigo3_node/prefix_override:/home/ubuntu/HumbleDave/ros2ws/install/ros2_gopigo3_node/lib/python3.10/site-packages:${PYTHONPATH} /usr/bin/python3 setup.py develop --editable --build-directory /home/ubuntu/HumbleDave/ros2ws/build/ros2_gopigo3_node/build --no-deps install_data
[25.707s] INFO:colcon.colcon_core.shell:Creating environment hook '/home/ubuntu/HumbleDave/ros2ws/build/ros2_gopigo3_node/share/ros2_gopigo3_node/hook/pythonpath_develop.ps1'
[25.709s] INFO:colcon.colcon_core.shell:Creating environment descriptor '/home/ubuntu/HumbleDave/ros2ws/build/ros2_gopigo3_node/share/ros2_gopigo3_node/hook/pythonpath_develop.dsv'
[25.710s] INFO:colcon.colcon_core.shell:Creating environment hook '/home/ubuntu/HumbleDave/ros2ws/build/ros2_gopigo3_node/share/ros2_gopigo3_node/hook/pythonpath_develop.sh'
[25.779s] Level 1:colcon.colcon_core.environment:checking '/home/ubuntu/HumbleDave/ros2ws/install/ros2_gopigo3_node' for CMake module files
[25.782s] Level 1:colcon.colcon_core.environment:checking '/home/ubuntu/HumbleDave/ros2ws/install/ros2_gopigo3_node' for CMake config files
[25.785s] Level 1:colcon.colcon_core.environment:checking '/home/ubuntu/HumbleDave/ros2ws/install/ros2_gopigo3_node/lib'
[25.786s] Level 1:colcon.colcon_core.environment:checking '/home/ubuntu/HumbleDave/ros2ws/install/ros2_gopigo3_node/bin'
[25.786s] Level 1:colcon.colcon_core.environment:checking '/home/ubuntu/HumbleDave/ros2ws/install/ros2_gopigo3_node/lib/pkgconfig/ros2_gopigo3_node.pc'
[25.787s] Level 1:colcon.colcon_core.environment:checking '/home/ubuntu/HumbleDave/ros2ws/install/ros2_gopigo3_node/lib/python3.10/site-packages'
[25.787s] Level 1:colcon.colcon_core.shell:create_environment_hook('ros2_gopigo3_node', 'pythonpath')
[25.850s] INFO:colcon.colcon_core.shell:Creating environment hook '/home/ubuntu/HumbleDave/ros2ws/install/ros2_gopigo3_node/share/ros2_gopigo3_node/hook/pythonpath.ps1'
[25.852s] INFO:colcon.colcon_core.shell:Creating environment descriptor '/home/ubuntu/HumbleDave/ros2ws/install/ros2_gopigo3_node/share/ros2_gopigo3_node/hook/pythonpath.dsv'
[25.854s] INFO:colcon.colcon_core.shell:Creating environment hook '/home/ubuntu/HumbleDave/ros2ws/install/ros2_gopigo3_node/share/ros2_gopigo3_node/hook/pythonpath.sh'
[25.857s] Level 1:colcon.colcon_core.environment:checking '/home/ubuntu/HumbleDave/ros2ws/install/ros2_gopigo3_node/bin'
[25.858s] Level 1:colcon.colcon_core.environment:create_environment_scripts_only(ros2_gopigo3_node)
[25.922s] INFO:colcon.colcon_core.shell:Creating package script '/home/ubuntu/HumbleDave/ros2ws/install/ros2_gopigo3_node/share/ros2_gopigo3_node/package.ps1'
[25.925s] INFO:colcon.colcon_core.shell:Creating package descriptor '/home/ubuntu/HumbleDave/ros2ws/install/ros2_gopigo3_node/share/ros2_gopigo3_node/package.dsv'
[25.927s] INFO:colcon.colcon_core.shell:Creating package script '/home/ubuntu/HumbleDave/ros2ws/install/ros2_gopigo3_node/share/ros2_gopigo3_node/package.sh'
[25.929s] INFO:colcon.colcon_core.shell:Creating package script '/home/ubuntu/HumbleDave/ros2ws/install/ros2_gopigo3_node/share/ros2_gopigo3_node/package.bash'
[25.931s] INFO:colcon.colcon_core.shell:Creating package script '/home/ubuntu/HumbleDave/ros2ws/install/ros2_gopigo3_node/share/ros2_gopigo3_node/package.zsh'
[25.933s] Level 1:colcon.colcon_core.environment:create_file_with_runtime_dependencies(/home/ubuntu/HumbleDave/ros2ws/install/ros2_gopigo3_node/share/colcon-core/packages/ros2_gopigo3_node)
[25.934s] DEBUG:colcon.colcon_parallel_executor.executor.parallel:closing loop
[25.935s] DEBUG:colcon.colcon_parallel_executor.executor.parallel:loop closed
[25.936s] DEBUG:colcon.colcon_parallel_executor.executor.parallel:run_until_complete finished with '0'
[25.936s] DEBUG:colcon.colcon_core.event_reactor:joining thread
[26.022s] INFO:colcon.colcon_core.plugin_system:Skipping extension 'colcon_notification.desktop_notification.notify_send': Could not find 'notify-send'
[26.023s] INFO:colcon.colcon_core.plugin_system:Skipping extension 'colcon_notification.desktop_notification.terminal_notifier': Not used on non-Darwin systems
[26.023s] INFO:colcon.colcon_core.plugin_system:Skipping extension 'colcon_notification.desktop_notification.win32': Not used on non-Windows systems
[26.023s] INFO:colcon.colcon_notification.desktop_notification:Sending desktop notification using 'notify2'
[26.026s] DEBUG:colcon.colcon_notification.desktop_notification.notify2:Failed to initialize notify2: org.freedesktop.DBus.Error.ServiceUnknown: The name org.freedesktop.Notifications was not provided by any .service files
[26.026s] DEBUG:colcon.colcon_core.event_reactor:joined thread
[26.093s] INFO:colcon.colcon_core.shell:Creating prefix script '/home/ubuntu/HumbleDave/ros2ws/install/local_setup.ps1'
[26.096s] INFO:colcon.colcon_core.shell:Creating prefix util module '/home/ubuntu/HumbleDave/ros2ws/install/_local_setup_util_ps1.py'
[26.102s] INFO:colcon.colcon_core.shell:Creating prefix chain script '/home/ubuntu/HumbleDave/ros2ws/install/setup.ps1'
[26.171s] INFO:colcon.colcon_core.shell:Creating prefix script '/home/ubuntu/HumbleDave/ros2ws/install/local_setup.sh'
[26.174s] INFO:colcon.colcon_core.shell:Creating prefix util module '/home/ubuntu/HumbleDave/ros2ws/install/_local_setup_util_sh.py'
[26.176s] INFO:colcon.colcon_core.shell:Creating prefix chain script '/home/ubuntu/HumbleDave/ros2ws/install/setup.sh'
[26.245s] INFO:colcon.colcon_core.shell:Creating prefix script '/home/ubuntu/HumbleDave/ros2ws/install/local_setup.bash'
[26.248s] INFO:colcon.colcon_core.shell:Creating prefix chain script '/home/ubuntu/HumbleDave/ros2ws/install/setup.bash'
[26.317s] INFO:colcon.colcon_core.shell:Creating prefix script '/home/ubuntu/HumbleDave/ros2ws/install/local_setup.zsh'
[26.319s] INFO:colcon.colcon_core.shell:Creating prefix chain script '/home/ubuntu/HumbleDave/ros2ws/install/setup.zsh'
