[1.217s] Invoking command in '/home/ubuntu/HumbleDave/ros2ws/build/gopigo3_ekf': CMAKE_PREFIX_PATH=${CMAKE_PREFIX_PATH}:/home/ubuntu/HumbleDave/ros2ws/install/teleop_gopigo3_keyboard:/home/ubuntu/HumbleDave/ros2ws/install/scan_client:/home/ubuntu/HumbleDave/ros2ws/install/ros2_libcamera_pub:/home/ubuntu/HumbleDave/ros2ws/install/ros2_gopigo3_node:/home/ubuntu/ros2ws/install/teleop_gopigo3_keyboard:/home/ubuntu/ros2ws/install/ros2_libcamera_pub:/home/ubuntu/ros2ws/install/ros2_gopigo3_node:/opt/ros/humble /usr/bin/cmake --build /home/ubuntu/HumbleDave/ros2ws/build/gopigo3_ekf -- -j4 -l4
[3.460s] Invoked command in '/home/ubuntu/HumbleDave/ros2ws/build/gopigo3_ekf' returned '0': CMAKE_PREFIX_PATH=${CMAKE_PREFIX_PATH}:/home/ubuntu/HumbleDave/ros2ws/install/teleop_gopigo3_keyboard:/home/ubuntu/HumbleDave/ros2ws/install/scan_client:/home/ubuntu/HumbleDave/ros2ws/install/ros2_libcamera_pub:/home/ubuntu/HumbleDave/ros2ws/install/ros2_gopigo3_node:/home/ubuntu/ros2ws/install/teleop_gopigo3_keyboard:/home/ubuntu/ros2ws/install/ros2_libcamera_pub:/home/ubuntu/ros2ws/install/ros2_gopigo3_node:/opt/ros/humble /usr/bin/cmake --build /home/ubuntu/HumbleDave/ros2ws/build/gopigo3_ekf -- -j4 -l4
[5.129s] Invoking command in '/home/ubuntu/HumbleDave/ros2ws/build/gopigo3_ekf': CMAKE_PREFIX_PATH=${CMAKE_PREFIX_PATH}:/home/ubuntu/HumbleDave/ros2ws/install/teleop_gopigo3_keyboard:/home/ubuntu/HumbleDave/ros2ws/install/scan_client:/home/ubuntu/HumbleDave/ros2ws/install/ros2_libcamera_pub:/home/ubuntu/HumbleDave/ros2ws/install/ros2_gopigo3_node:/home/ubuntu/ros2ws/install/teleop_gopigo3_keyboard:/home/ubuntu/ros2ws/install/ros2_libcamera_pub:/home/ubuntu/ros2ws/install/ros2_gopigo3_node:/opt/ros/humble /usr/bin/cmake --install /home/ubuntu/HumbleDave/ros2ws/build/gopigo3_ekf
[5.166s] -- Install configuration: ""
[5.170s] -- Execute custom install script
[5.176s] -- Up-to-date symlink: /home/ubuntu/HumbleDave/ros2ws/install/gopigo3_ekf/share/gopigo3_ekf/config/ekf.yaml
[5.180s] -- Up-to-date symlink: /home/ubuntu/HumbleDave/ros2ws/install/gopigo3_ekf/share/gopigo3_ekf/launch/ekf_v3.launch.py
[5.183s] -- Up-to-date symlink: /home/ubuntu/HumbleDave/ros2ws/install/gopigo3_ekf/share/ament_index/resource_index/package_run_dependencies/gopigo3_ekf
[5.187s] -- Up-to-date symlink: /home/ubuntu/HumbleDave/ros2ws/install/gopigo3_ekf/share/ament_index/resource_index/parent_prefix_path/gopigo3_ekf
[5.188s] -- Up-to-date symlink: /home/ubuntu/HumbleDave/ros2ws/install/gopigo3_ekf/share/gopigo3_ekf/environment/ament_prefix_path.sh
[5.190s] -- Up-to-date symlink: /home/ubuntu/HumbleDave/ros2ws/install/gopigo3_ekf/share/gopigo3_ekf/environment/ament_prefix_path.dsv
[5.191s] -- Up-to-date symlink: /home/ubuntu/HumbleDave/ros2ws/install/gopigo3_ekf/share/gopigo3_ekf/environment/path.sh
[5.192s] -- Up-to-date symlink: /home/ubuntu/HumbleDave/ros2ws/install/gopigo3_ekf/share/gopigo3_ekf/environment/path.dsv
[5.193s] -- Up-to-date symlink: /home/ubuntu/HumbleDave/ros2ws/install/gopigo3_ekf/share/gopigo3_ekf/local_setup.bash
[5.194s] -- Up-to-date symlink: /home/ubuntu/HumbleDave/ros2ws/install/gopigo3_ekf/share/gopigo3_ekf/local_setup.sh
[5.195s] -- Up-to-date symlink: /home/ubuntu/HumbleDave/ros2ws/install/gopigo3_ekf/share/gopigo3_ekf/local_setup.zsh
[5.197s] -- Up-to-date symlink: /home/ubuntu/HumbleDave/ros2ws/install/gopigo3_ekf/share/gopigo3_ekf/local_setup.dsv
[5.198s] -- Symlinking: /home/ubuntu/HumbleDave/ros2ws/install/gopigo3_ekf/share/gopigo3_ekf/package.dsv
[5.242s] -- Up-to-date symlink: /home/ubuntu/HumbleDave/ros2ws/install/gopigo3_ekf/share/ament_index/resource_index/packages/gopigo3_ekf
[5.243s] -- Up-to-date symlink: /home/ubuntu/HumbleDave/ros2ws/install/gopigo3_ekf/share/gopigo3_ekf/cmake/gopigo3_ekfConfig.cmake
[5.245s] -- Up-to-date symlink: /home/ubuntu/HumbleDave/ros2ws/install/gopigo3_ekf/share/gopigo3_ekf/cmake/gopigo3_ekfConfig-version.cmake
[5.247s] -- Up-to-date symlink: /home/ubuntu/HumbleDave/ros2ws/install/gopigo3_ekf/share/gopigo3_ekf/package.xml
[5.268s] Invoked command in '/home/ubuntu/HumbleDave/ros2ws/build/gopigo3_ekf' returned '0': CMAKE_PREFIX_PATH=${CMAKE_PREFIX_PATH}:/home/ubuntu/HumbleDave/ros2ws/install/teleop_gopigo3_keyboard:/home/ubuntu/HumbleDave/ros2ws/install/scan_client:/home/ubuntu/HumbleDave/ros2ws/install/ros2_libcamera_pub:/home/ubuntu/HumbleDave/ros2ws/install/ros2_gopigo3_node:/home/ubuntu/ros2ws/install/teleop_gopigo3_keyboard:/home/ubuntu/ros2ws/install/ros2_libcamera_pub:/home/ubuntu/ros2ws/install/ros2_gopigo3_node:/opt/ros/humble /usr/bin/cmake --install /home/ubuntu/HumbleDave/ros2ws/build/gopigo3_ekf
