[4.487s] DEBUG:colcon:Command line arguments: ['/usr/bin/colcon', 'build', '--allow-overriding', 'ros2_gopigo3_msg', '--symlink-install']
[4.487s] DEBUG:colcon:Parsed command line arguments: Namespace(log_base=None, log_level=None, verb_name='build', build_base='build', install_base='install', merge_install=False, symlink_install=True, test_result_base=None, continue_on_error=False, executor='parallel', parallel_workers=4, event_handlers=None, ignore_user_meta=False, metas=['./colcon.meta'], base_paths=['.'], packages_ignore=None, packages_ignore_regex=None, paths=None, packages_up_to=None, packages_up_to_regex=None, packages_above=None, packages_above_and_dependencies=None, packages_above_depth=None, packages_select_by_dep=None, packages_skip_by_dep=None, packages_skip_up_to=None, packages_select_build_failed=False, packages_skip_build_finished=False, packages_select_test_failures=False, packages_skip_test_passed=False, packages_select=None, packages_skip=None, packages_select_regex=None, packages_skip_regex=None, packages_start=None, packages_end=None, allow_overriding=['ros2_gopigo3_msg'], cmake_args=None, cmake_target=None, cmake_target_skip_unavailable=False, cmake_clean_cache=False, cmake_clean_first=False, cmake_force_configure=False, ament_cmake_args=None, catkin_cmake_args=None, catkin_skip_building_tests=False, verb_parser=<colcon_defaults.argument_parser.defaults.DefaultArgumentsDecorator object at 0xffff96bd5f30>, verb_extension=<colcon_core.verb.build.BuildVerb object at 0xffff96bd7850>, main=<bound method BuildVerb.main of <colcon_core.verb.build.BuildVerb object at 0xffff96bd7850>>)
[4.698s] Level 1:colcon.colcon_core.package_discovery:discover_packages(colcon_meta) check parameters
[4.698s] Level 1:colcon.colcon_core.package_discovery:discover_packages(recursive) check parameters
[4.698s] Level 1:colcon.colcon_core.package_discovery:discover_packages(ignore) check parameters
[4.698s] Level 1:colcon.colcon_core.package_discovery:discover_packages(path) check parameters
[4.699s] Level 1:colcon.colcon_core.package_discovery:discover_packages(colcon_meta) discover
[4.699s] Level 1:colcon.colcon_core.package_discovery:discover_packages(recursive) discover
[4.699s] INFO:colcon.colcon_core.package_discovery:Crawling recursively for packages in '/home/ubuntu/HumbleDave/ros2ws'
[4.700s] Level 1:colcon.colcon_core.package_identification:_identify(.) by extensions ['ignore', 'ignore_ament_install']
[4.701s] Level 1:colcon.colcon_core.package_identification:_identify(.) by extension 'ignore'
[4.701s] Level 1:colcon.colcon_core.package_identification:_identify(.) by extension 'ignore_ament_install'
[4.701s] Level 1:colcon.colcon_core.package_identification:_identify(.) by extensions ['colcon_pkg']
[4.701s] Level 1:colcon.colcon_core.package_identification:_identify(.) by extension 'colcon_pkg'
[4.701s] Level 1:colcon.colcon_core.package_identification:_identify(.) by extensions ['colcon_meta']
[4.702s] Level 1:colcon.colcon_core.package_identification:_identify(.) by extension 'colcon_meta'
[4.702s] Level 1:colcon.colcon_core.package_identification:_identify(.) by extensions ['ros']
[4.702s] Level 1:colcon.colcon_core.package_identification:_identify(.) by extension 'ros'
[4.747s] Level 1:colcon.colcon_core.package_identification:_identify(.) by extensions ['cmake', 'python']
[4.747s] Level 1:colcon.colcon_core.package_identification:_identify(.) by extension 'cmake'
[4.747s] Level 1:colcon.colcon_core.package_identification:_identify(.) by extension 'python'
[4.748s] Level 1:colcon.colcon_core.package_identification:_identify(.) by extensions ['python_setup_py']
[4.748s] Level 1:colcon.colcon_core.package_identification:_identify(.) by extension 'python_setup_py'
[4.748s] Level 1:colcon.colcon_core.package_identification:_identify(build) by extensions ['ignore', 'ignore_ament_install']
[4.749s] Level 1:colcon.colcon_core.package_identification:_identify(build) by extension 'ignore'
[4.749s] Level 1:colcon.colcon_core.package_identification:_identify(build) ignored
[4.749s] Level 1:colcon.colcon_core.package_identification:_identify(install) by extensions ['ignore', 'ignore_ament_install']
[4.750s] Level 1:colcon.colcon_core.package_identification:_identify(install) by extension 'ignore'
[4.750s] Level 1:colcon.colcon_core.package_identification:_identify(install) ignored
[4.751s] Level 1:colcon.colcon_core.package_identification:_identify(log) by extensions ['ignore', 'ignore_ament_install']
[4.751s] Level 1:colcon.colcon_core.package_identification:_identify(log) by extension 'ignore'
[4.751s] Level 1:colcon.colcon_core.package_identification:_identify(log) ignored
[4.752s] Level 1:colcon.colcon_core.package_identification:_identify(roslogs) by extensions ['ignore', 'ignore_ament_install']
[4.752s] Level 1:colcon.colcon_core.package_identification:_identify(roslogs) by extension 'ignore'
[4.752s] Level 1:colcon.colcon_core.package_identification:_identify(roslogs) by extension 'ignore_ament_install'
[4.753s] Level 1:colcon.colcon_core.package_identification:_identify(roslogs) by extensions ['colcon_pkg']
[4.753s] Level 1:colcon.colcon_core.package_identification:_identify(roslogs) by extension 'colcon_pkg'
[4.753s] Level 1:colcon.colcon_core.package_identification:_identify(roslogs) by extensions ['colcon_meta']
[4.753s] Level 1:colcon.colcon_core.package_identification:_identify(roslogs) by extension 'colcon_meta'
[4.753s] Level 1:colcon.colcon_core.package_identification:_identify(roslogs) by extensions ['ros']
[4.753s] Level 1:colcon.colcon_core.package_identification:_identify(roslogs) by extension 'ros'
[4.754s] Level 1:colcon.colcon_core.package_identification:_identify(roslogs) by extensions ['cmake', 'python']
[4.754s] Level 1:colcon.colcon_core.package_identification:_identify(roslogs) by extension 'cmake'
[4.754s] Level 1:colcon.colcon_core.package_identification:_identify(roslogs) by extension 'python'
[4.754s] Level 1:colcon.colcon_core.package_identification:_identify(roslogs) by extensions ['python_setup_py']
[4.754s] Level 1:colcon.colcon_core.package_identification:_identify(roslogs) by extension 'python_setup_py'
[4.755s] Level 1:colcon.colcon_core.package_identification:_identify(roslogs/2023-11-09-11-48-41-312727-HumbleD-51949) by extensions ['ignore', 'ignore_ament_install']
[4.755s] Level 1:colcon.colcon_core.package_identification:_identify(roslogs/2023-11-09-11-48-41-312727-HumbleD-51949) by extension 'ignore'
[4.755s] Level 1:colcon.colcon_core.package_identification:_identify(roslogs/2023-11-09-11-48-41-312727-HumbleD-51949) by extension 'ignore_ament_install'
[4.756s] Level 1:colcon.colcon_core.package_identification:_identify(roslogs/2023-11-09-11-48-41-312727-HumbleD-51949) by extensions ['colcon_pkg']
[4.756s] Level 1:colcon.colcon_core.package_identification:_identify(roslogs/2023-11-09-11-48-41-312727-HumbleD-51949) by extension 'colcon_pkg'
[4.756s] Level 1:colcon.colcon_core.package_identification:_identify(roslogs/2023-11-09-11-48-41-312727-HumbleD-51949) by extensions ['colcon_meta']
[4.756s] Level 1:colcon.colcon_core.package_identification:_identify(roslogs/2023-11-09-11-48-41-312727-HumbleD-51949) by extension 'colcon_meta'
[4.756s] Level 1:colcon.colcon_core.package_identification:_identify(roslogs/2023-11-09-11-48-41-312727-HumbleD-51949) by extensions ['ros']
[4.756s] Level 1:colcon.colcon_core.package_identification:_identify(roslogs/2023-11-09-11-48-41-312727-HumbleD-51949) by extension 'ros'
[4.757s] Level 1:colcon.colcon_core.package_identification:_identify(roslogs/2023-11-09-11-48-41-312727-HumbleD-51949) by extensions ['cmake', 'python']
[4.757s] Level 1:colcon.colcon_core.package_identification:_identify(roslogs/2023-11-09-11-48-41-312727-HumbleD-51949) by extension 'cmake'
[4.757s] Level 1:colcon.colcon_core.package_identification:_identify(roslogs/2023-11-09-11-48-41-312727-HumbleD-51949) by extension 'python'
[4.757s] Level 1:colcon.colcon_core.package_identification:_identify(roslogs/2023-11-09-11-48-41-312727-HumbleD-51949) by extensions ['python_setup_py']
[4.757s] Level 1:colcon.colcon_core.package_identification:_identify(roslogs/2023-11-09-11-48-41-312727-HumbleD-51949) by extension 'python_setup_py'
[4.758s] Level 1:colcon.colcon_core.package_identification:_identify(roslogs/2023-11-09-11-51-54-921171-HumbleD-52365) by extensions ['ignore', 'ignore_ament_install']
[4.758s] Level 1:colcon.colcon_core.package_identification:_identify(roslogs/2023-11-09-11-51-54-921171-HumbleD-52365) by extension 'ignore'
[4.758s] Level 1:colcon.colcon_core.package_identification:_identify(roslogs/2023-11-09-11-51-54-921171-HumbleD-52365) by extension 'ignore_ament_install'
[4.759s] Level 1:colcon.colcon_core.package_identification:_identify(roslogs/2023-11-09-11-51-54-921171-HumbleD-52365) by extensions ['colcon_pkg']
[4.759s] Level 1:colcon.colcon_core.package_identification:_identify(roslogs/2023-11-09-11-51-54-921171-HumbleD-52365) by extension 'colcon_pkg'
[4.759s] Level 1:colcon.colcon_core.package_identification:_identify(roslogs/2023-11-09-11-51-54-921171-HumbleD-52365) by extensions ['colcon_meta']
[4.759s] Level 1:colcon.colcon_core.package_identification:_identify(roslogs/2023-11-09-11-51-54-921171-HumbleD-52365) by extension 'colcon_meta'
[4.759s] Level 1:colcon.colcon_core.package_identification:_identify(roslogs/2023-11-09-11-51-54-921171-HumbleD-52365) by extensions ['ros']
[4.759s] Level 1:colcon.colcon_core.package_identification:_identify(roslogs/2023-11-09-11-51-54-921171-HumbleD-52365) by extension 'ros'
[4.760s] Level 1:colcon.colcon_core.package_identification:_identify(roslogs/2023-11-09-11-51-54-921171-HumbleD-52365) by extensions ['cmake', 'python']
[4.760s] Level 1:colcon.colcon_core.package_identification:_identify(roslogs/2023-11-09-11-51-54-921171-HumbleD-52365) by extension 'cmake'
[4.760s] Level 1:colcon.colcon_core.package_identification:_identify(roslogs/2023-11-09-11-51-54-921171-HumbleD-52365) by extension 'python'
[4.760s] Level 1:colcon.colcon_core.package_identification:_identify(roslogs/2023-11-09-11-51-54-921171-HumbleD-52365) by extensions ['python_setup_py']
[4.760s] Level 1:colcon.colcon_core.package_identification:_identify(roslogs/2023-11-09-11-51-54-921171-HumbleD-52365) by extension 'python_setup_py'
[4.761s] Level 1:colcon.colcon_core.package_identification:_identify(roslogs/2023-11-09-11-51-55-033844-HumbleD-52362) by extensions ['ignore', 'ignore_ament_install']
[4.761s] Level 1:colcon.colcon_core.package_identification:_identify(roslogs/2023-11-09-11-51-55-033844-HumbleD-52362) by extension 'ignore'
[4.761s] Level 1:colcon.colcon_core.package_identification:_identify(roslogs/2023-11-09-11-51-55-033844-HumbleD-52362) by extension 'ignore_ament_install'
[4.761s] Level 1:colcon.colcon_core.package_identification:_identify(roslogs/2023-11-09-11-51-55-033844-HumbleD-52362) by extensions ['colcon_pkg']
[4.762s] Level 1:colcon.colcon_core.package_identification:_identify(roslogs/2023-11-09-11-51-55-033844-HumbleD-52362) by extension 'colcon_pkg'
[4.762s] Level 1:colcon.colcon_core.package_identification:_identify(roslogs/2023-11-09-11-51-55-033844-HumbleD-52362) by extensions ['colcon_meta']
[4.762s] Level 1:colcon.colcon_core.package_identification:_identify(roslogs/2023-11-09-11-51-55-033844-HumbleD-52362) by extension 'colcon_meta'
[4.762s] Level 1:colcon.colcon_core.package_identification:_identify(roslogs/2023-11-09-11-51-55-033844-HumbleD-52362) by extensions ['ros']
[4.762s] Level 1:colcon.colcon_core.package_identification:_identify(roslogs/2023-11-09-11-51-55-033844-HumbleD-52362) by extension 'ros'
[4.763s] Level 1:colcon.colcon_core.package_identification:_identify(roslogs/2023-11-09-11-51-55-033844-HumbleD-52362) by extensions ['cmake', 'python']
[4.763s] Level 1:colcon.colcon_core.package_identification:_identify(roslogs/2023-11-09-11-51-55-033844-HumbleD-52362) by extension 'cmake'
[4.763s] Level 1:colcon.colcon_core.package_identification:_identify(roslogs/2023-11-09-11-51-55-033844-HumbleD-52362) by extension 'python'
[4.763s] Level 1:colcon.colcon_core.package_identification:_identify(roslogs/2023-11-09-11-51-55-033844-HumbleD-52362) by extensions ['python_setup_py']
[4.763s] Level 1:colcon.colcon_core.package_identification:_identify(roslogs/2023-11-09-11-51-55-033844-HumbleD-52362) by extension 'python_setup_py'
[4.764s] Level 1:colcon.colcon_core.package_identification:_identify(roslogs/2023-11-09-11-52-59-021690-HumbleD-52560) by extensions ['ignore', 'ignore_ament_install']
[4.764s] Level 1:colcon.colcon_core.package_identification:_identify(roslogs/2023-11-09-11-52-59-021690-HumbleD-52560) by extension 'ignore'
[4.764s] Level 1:colcon.colcon_core.package_identification:_identify(roslogs/2023-11-09-11-52-59-021690-HumbleD-52560) by extension 'ignore_ament_install'
[4.764s] Level 1:colcon.colcon_core.package_identification:_identify(roslogs/2023-11-09-11-52-59-021690-HumbleD-52560) by extensions ['colcon_pkg']
[4.764s] Level 1:colcon.colcon_core.package_identification:_identify(roslogs/2023-11-09-11-52-59-021690-HumbleD-52560) by extension 'colcon_pkg'
[4.765s] Level 1:colcon.colcon_core.package_identification:_identify(roslogs/2023-11-09-11-52-59-021690-HumbleD-52560) by extensions ['colcon_meta']
[4.765s] Level 1:colcon.colcon_core.package_identification:_identify(roslogs/2023-11-09-11-52-59-021690-HumbleD-52560) by extension 'colcon_meta'
[4.765s] Level 1:colcon.colcon_core.package_identification:_identify(roslogs/2023-11-09-11-52-59-021690-HumbleD-52560) by extensions ['ros']
[4.765s] Level 1:colcon.colcon_core.package_identification:_identify(roslogs/2023-11-09-11-52-59-021690-HumbleD-52560) by extension 'ros'
[4.765s] Level 1:colcon.colcon_core.package_identification:_identify(roslogs/2023-11-09-11-52-59-021690-HumbleD-52560) by extensions ['cmake', 'python']
[4.766s] Level 1:colcon.colcon_core.package_identification:_identify(roslogs/2023-11-09-11-52-59-021690-HumbleD-52560) by extension 'cmake'
[4.766s] Level 1:colcon.colcon_core.package_identification:_identify(roslogs/2023-11-09-11-52-59-021690-HumbleD-52560) by extension 'python'
[4.766s] Level 1:colcon.colcon_core.package_identification:_identify(roslogs/2023-11-09-11-52-59-021690-HumbleD-52560) by extensions ['python_setup_py']
[4.766s] Level 1:colcon.colcon_core.package_identification:_identify(roslogs/2023-11-09-11-52-59-021690-HumbleD-52560) by extension 'python_setup_py'
[4.766s] Level 1:colcon.colcon_core.package_identification:_identify(roslogs/2023-11-09-11-52-59-161235-HumbleD-52563) by extensions ['ignore', 'ignore_ament_install']
[4.767s] Level 1:colcon.colcon_core.package_identification:_identify(roslogs/2023-11-09-11-52-59-161235-HumbleD-52563) by extension 'ignore'
[4.767s] Level 1:colcon.colcon_core.package_identification:_identify(roslogs/2023-11-09-11-52-59-161235-HumbleD-52563) by extension 'ignore_ament_install'
[4.767s] Level 1:colcon.colcon_core.package_identification:_identify(roslogs/2023-11-09-11-52-59-161235-HumbleD-52563) by extensions ['colcon_pkg']
[4.767s] Level 1:colcon.colcon_core.package_identification:_identify(roslogs/2023-11-09-11-52-59-161235-HumbleD-52563) by extension 'colcon_pkg'
[4.767s] Level 1:colcon.colcon_core.package_identification:_identify(roslogs/2023-11-09-11-52-59-161235-HumbleD-52563) by extensions ['colcon_meta']
[4.768s] Level 1:colcon.colcon_core.package_identification:_identify(roslogs/2023-11-09-11-52-59-161235-HumbleD-52563) by extension 'colcon_meta'
[4.768s] Level 1:colcon.colcon_core.package_identification:_identify(roslogs/2023-11-09-11-52-59-161235-HumbleD-52563) by extensions ['ros']
[4.768s] Level 1:colcon.colcon_core.package_identification:_identify(roslogs/2023-11-09-11-52-59-161235-HumbleD-52563) by extension 'ros'
[4.768s] Level 1:colcon.colcon_core.package_identification:_identify(roslogs/2023-11-09-11-52-59-161235-HumbleD-52563) by extensions ['cmake', 'python']
[4.768s] Level 1:colcon.colcon_core.package_identification:_identify(roslogs/2023-11-09-11-52-59-161235-HumbleD-52563) by extension 'cmake'
[4.769s] Level 1:colcon.colcon_core.package_identification:_identify(roslogs/2023-11-09-11-52-59-161235-HumbleD-52563) by extension 'python'
[4.769s] Level 1:colcon.colcon_core.package_identification:_identify(roslogs/2023-11-09-11-52-59-161235-HumbleD-52563) by extensions ['python_setup_py']
[4.769s] Level 1:colcon.colcon_core.package_identification:_identify(roslogs/2023-11-09-11-52-59-161235-HumbleD-52563) by extension 'python_setup_py'
[4.769s] Level 1:colcon.colcon_core.package_identification:_identify(roslogs/2023-11-09-11-53-05-947592-HumbleD-52666) by extensions ['ignore', 'ignore_ament_install']
[4.770s] Level 1:colcon.colcon_core.package_identification:_identify(roslogs/2023-11-09-11-53-05-947592-HumbleD-52666) by extension 'ignore'
[4.770s] Level 1:colcon.colcon_core.package_identification:_identify(roslogs/2023-11-09-11-53-05-947592-HumbleD-52666) by extension 'ignore_ament_install'
[4.770s] Level 1:colcon.colcon_core.package_identification:_identify(roslogs/2023-11-09-11-53-05-947592-HumbleD-52666) by extensions ['colcon_pkg']
[4.770s] Level 1:colcon.colcon_core.package_identification:_identify(roslogs/2023-11-09-11-53-05-947592-HumbleD-52666) by extension 'colcon_pkg'
[4.770s] Level 1:colcon.colcon_core.package_identification:_identify(roslogs/2023-11-09-11-53-05-947592-HumbleD-52666) by extensions ['colcon_meta']
[4.770s] Level 1:colcon.colcon_core.package_identification:_identify(roslogs/2023-11-09-11-53-05-947592-HumbleD-52666) by extension 'colcon_meta'
[4.771s] Level 1:colcon.colcon_core.package_identification:_identify(roslogs/2023-11-09-11-53-05-947592-HumbleD-52666) by extensions ['ros']
[4.771s] Level 1:colcon.colcon_core.package_identification:_identify(roslogs/2023-11-09-11-53-05-947592-HumbleD-52666) by extension 'ros'
[4.771s] Level 1:colcon.colcon_core.package_identification:_identify(roslogs/2023-11-09-11-53-05-947592-HumbleD-52666) by extensions ['cmake', 'python']
[4.771s] Level 1:colcon.colcon_core.package_identification:_identify(roslogs/2023-11-09-11-53-05-947592-HumbleD-52666) by extension 'cmake'
[4.771s] Level 1:colcon.colcon_core.package_identification:_identify(roslogs/2023-11-09-11-53-05-947592-HumbleD-52666) by extension 'python'
[4.772s] Level 1:colcon.colcon_core.package_identification:_identify(roslogs/2023-11-09-11-53-05-947592-HumbleD-52666) by extensions ['python_setup_py']
[4.772s] Level 1:colcon.colcon_core.package_identification:_identify(roslogs/2023-11-09-11-53-05-947592-HumbleD-52666) by extension 'python_setup_py'
[4.772s] Level 1:colcon.colcon_core.package_identification:_identify(roslogs/2023-11-09-11-53-06-441090-HumbleD-52670) by extensions ['ignore', 'ignore_ament_install']
[4.772s] Level 1:colcon.colcon_core.package_identification:_identify(roslogs/2023-11-09-11-53-06-441090-HumbleD-52670) by extension 'ignore'
[4.773s] Level 1:colcon.colcon_core.package_identification:_identify(roslogs/2023-11-09-11-53-06-441090-HumbleD-52670) by extension 'ignore_ament_install'
[4.773s] Level 1:colcon.colcon_core.package_identification:_identify(roslogs/2023-11-09-11-53-06-441090-HumbleD-52670) by extensions ['colcon_pkg']
[4.773s] Level 1:colcon.colcon_core.package_identification:_identify(roslogs/2023-11-09-11-53-06-441090-HumbleD-52670) by extension 'colcon_pkg'
[4.773s] Level 1:colcon.colcon_core.package_identification:_identify(roslogs/2023-11-09-11-53-06-441090-HumbleD-52670) by extensions ['colcon_meta']
[4.773s] Level 1:colcon.colcon_core.package_identification:_identify(roslogs/2023-11-09-11-53-06-441090-HumbleD-52670) by extension 'colcon_meta'
[4.773s] Level 1:colcon.colcon_core.package_identification:_identify(roslogs/2023-11-09-11-53-06-441090-HumbleD-52670) by extensions ['ros']
[4.774s] Level 1:colcon.colcon_core.package_identification:_identify(roslogs/2023-11-09-11-53-06-441090-HumbleD-52670) by extension 'ros'
[4.774s] Level 1:colcon.colcon_core.package_identification:_identify(roslogs/2023-11-09-11-53-06-441090-HumbleD-52670) by extensions ['cmake', 'python']
[4.774s] Level 1:colcon.colcon_core.package_identification:_identify(roslogs/2023-11-09-11-53-06-441090-HumbleD-52670) by extension 'cmake'
[4.774s] Level 1:colcon.colcon_core.package_identification:_identify(roslogs/2023-11-09-11-53-06-441090-HumbleD-52670) by extension 'python'
[4.774s] Level 1:colcon.colcon_core.package_identification:_identify(roslogs/2023-11-09-11-53-06-441090-HumbleD-52670) by extensions ['python_setup_py']
[4.774s] Level 1:colcon.colcon_core.package_identification:_identify(roslogs/2023-11-09-11-53-06-441090-HumbleD-52670) by extension 'python_setup_py'
[4.775s] Level 1:colcon.colcon_core.package_identification:_identify(roslogs/2023-11-09-12-46-02-089159-HumbleD-57929) by extensions ['ignore', 'ignore_ament_install']
[4.775s] Level 1:colcon.colcon_core.package_identification:_identify(roslogs/2023-11-09-12-46-02-089159-HumbleD-57929) by extension 'ignore'
[4.776s] Level 1:colcon.colcon_core.package_identification:_identify(roslogs/2023-11-09-12-46-02-089159-HumbleD-57929) by extension 'ignore_ament_install'
[4.776s] Level 1:colcon.colcon_core.package_identification:_identify(roslogs/2023-11-09-12-46-02-089159-HumbleD-57929) by extensions ['colcon_pkg']
[4.776s] Level 1:colcon.colcon_core.package_identification:_identify(roslogs/2023-11-09-12-46-02-089159-HumbleD-57929) by extension 'colcon_pkg'
[4.776s] Level 1:colcon.colcon_core.package_identification:_identify(roslogs/2023-11-09-12-46-02-089159-HumbleD-57929) by extensions ['colcon_meta']
[4.776s] Level 1:colcon.colcon_core.package_identification:_identify(roslogs/2023-11-09-12-46-02-089159-HumbleD-57929) by extension 'colcon_meta'
[4.776s] Level 1:colcon.colcon_core.package_identification:_identify(roslogs/2023-11-09-12-46-02-089159-HumbleD-57929) by extensions ['ros']
[4.776s] Level 1:colcon.colcon_core.package_identification:_identify(roslogs/2023-11-09-12-46-02-089159-HumbleD-57929) by extension 'ros'
[4.777s] Level 1:colcon.colcon_core.package_identification:_identify(roslogs/2023-11-09-12-46-02-089159-HumbleD-57929) by extensions ['cmake', 'python']
[4.777s] Level 1:colcon.colcon_core.package_identification:_identify(roslogs/2023-11-09-12-46-02-089159-HumbleD-57929) by extension 'cmake'
[4.777s] Level 1:colcon.colcon_core.package_identification:_identify(roslogs/2023-11-09-12-46-02-089159-HumbleD-57929) by extension 'python'
[4.777s] Level 1:colcon.colcon_core.package_identification:_identify(roslogs/2023-11-09-12-46-02-089159-HumbleD-57929) by extensions ['python_setup_py']
[4.777s] Level 1:colcon.colcon_core.package_identification:_identify(roslogs/2023-11-09-12-46-02-089159-HumbleD-57929) by extension 'python_setup_py'
[4.778s] Level 1:colcon.colcon_core.package_identification:_identify(src) by extensions ['ignore', 'ignore_ament_install']
[4.778s] Level 1:colcon.colcon_core.package_identification:_identify(src) by extension 'ignore'
[4.778s] Level 1:colcon.colcon_core.package_identification:_identify(src) by extension 'ignore_ament_install'
[4.779s] Level 1:colcon.colcon_core.package_identification:_identify(src) by extensions ['colcon_pkg']
[4.779s] Level 1:colcon.colcon_core.package_identification:_identify(src) by extension 'colcon_pkg'
[4.779s] Level 1:colcon.colcon_core.package_identification:_identify(src) by extensions ['colcon_meta']
[4.779s] Level 1:colcon.colcon_core.package_identification:_identify(src) by extension 'colcon_meta'
[4.779s] Level 1:colcon.colcon_core.package_identification:_identify(src) by extensions ['ros']
[4.779s] Level 1:colcon.colcon_core.package_identification:_identify(src) by extension 'ros'
[4.780s] Level 1:colcon.colcon_core.package_identification:_identify(src) by extensions ['cmake', 'python']
[4.780s] Level 1:colcon.colcon_core.package_identification:_identify(src) by extension 'cmake'
[4.780s] Level 1:colcon.colcon_core.package_identification:_identify(src) by extension 'python'
[4.780s] Level 1:colcon.colcon_core.package_identification:_identify(src) by extensions ['python_setup_py']
[4.780s] Level 1:colcon.colcon_core.package_identification:_identify(src) by extension 'python_setup_py'
[4.781s] Level 1:colcon.colcon_core.package_identification:_identify(src/gopigo3_ekf) by extensions ['ignore', 'ignore_ament_install']
[4.781s] Level 1:colcon.colcon_core.package_identification:_identify(src/gopigo3_ekf) by extension 'ignore'
[4.781s] Level 1:colcon.colcon_core.package_identification:_identify(src/gopigo3_ekf) by extension 'ignore_ament_install'
[4.781s] Level 1:colcon.colcon_core.package_identification:_identify(src/gopigo3_ekf) by extensions ['colcon_pkg']
[4.781s] Level 1:colcon.colcon_core.package_identification:_identify(src/gopigo3_ekf) by extension 'colcon_pkg'
[4.782s] Level 1:colcon.colcon_core.package_identification:_identify(src/gopigo3_ekf) by extensions ['colcon_meta']
[4.782s] Level 1:colcon.colcon_core.package_identification:_identify(src/gopigo3_ekf) by extension 'colcon_meta'
[4.782s] Level 1:colcon.colcon_core.package_identification:_identify(src/gopigo3_ekf) by extensions ['ros']
[4.782s] Level 1:colcon.colcon_core.package_identification:_identify(src/gopigo3_ekf) by extension 'ros'
[4.791s] DEBUG:colcon.colcon_core.package_identification:Package 'src/gopigo3_ekf' with type 'ros.ament_cmake' and name 'gopigo3_ekf'
[4.791s] Level 1:colcon.colcon_core.package_identification:_identify(src/ros2_gopigo3_msg) by extensions ['ignore', 'ignore_ament_install']
[4.792s] Level 1:colcon.colcon_core.package_identification:_identify(src/ros2_gopigo3_msg) by extension 'ignore'
[4.792s] Level 1:colcon.colcon_core.package_identification:_identify(src/ros2_gopigo3_msg) by extension 'ignore_ament_install'
[4.792s] Level 1:colcon.colcon_core.package_identification:_identify(src/ros2_gopigo3_msg) by extensions ['colcon_pkg']
[4.792s] Level 1:colcon.colcon_core.package_identification:_identify(src/ros2_gopigo3_msg) by extension 'colcon_pkg'
[4.792s] Level 1:colcon.colcon_core.package_identification:_identify(src/ros2_gopigo3_msg) by extensions ['colcon_meta']
[4.793s] Level 1:colcon.colcon_core.package_identification:_identify(src/ros2_gopigo3_msg) by extension 'colcon_meta'
[4.793s] Level 1:colcon.colcon_core.package_identification:_identify(src/ros2_gopigo3_msg) by extensions ['ros']
[4.793s] Level 1:colcon.colcon_core.package_identification:_identify(src/ros2_gopigo3_msg) by extension 'ros'
[4.795s] DEBUG:colcon.colcon_core.package_identification:Package 'src/ros2_gopigo3_msg' with type 'ros.ament_cmake' and name 'ros2_gopigo3_msg'
[4.796s] Level 1:colcon.colcon_core.package_identification:_identify(src/ros2_gopigo3_node) by extensions ['ignore', 'ignore_ament_install']
[4.796s] Level 1:colcon.colcon_core.package_identification:_identify(src/ros2_gopigo3_node) by extension 'ignore'
[4.796s] Level 1:colcon.colcon_core.package_identification:_identify(src/ros2_gopigo3_node) by extension 'ignore_ament_install'
[4.796s] Level 1:colcon.colcon_core.package_identification:_identify(src/ros2_gopigo3_node) by extensions ['colcon_pkg']
[4.796s] Level 1:colcon.colcon_core.package_identification:_identify(src/ros2_gopigo3_node) by extension 'colcon_pkg'
[4.797s] Level 1:colcon.colcon_core.package_identification:_identify(src/ros2_gopigo3_node) by extensions ['colcon_meta']
[4.797s] Level 1:colcon.colcon_core.package_identification:_identify(src/ros2_gopigo3_node) by extension 'colcon_meta'
[4.797s] Level 1:colcon.colcon_core.package_identification:_identify(src/ros2_gopigo3_node) by extensions ['ros']
[4.797s] Level 1:colcon.colcon_core.package_identification:_identify(src/ros2_gopigo3_node) by extension 'ros'
[4.800s] DEBUG:colcon.colcon_core.package_identification:Package 'src/ros2_gopigo3_node' with type 'ros.ament_python' and name 'ros2_gopigo3_node'
[4.800s] Level 1:colcon.colcon_core.package_identification:_identify(src/ros2_libcamera_pub) by extensions ['ignore', 'ignore_ament_install']
[4.801s] Level 1:colcon.colcon_core.package_identification:_identify(src/ros2_libcamera_pub) by extension 'ignore'
[4.801s] Level 1:colcon.colcon_core.package_identification:_identify(src/ros2_libcamera_pub) by extension 'ignore_ament_install'
[4.801s] Level 1:colcon.colcon_core.package_identification:_identify(src/ros2_libcamera_pub) by extensions ['colcon_pkg']
[4.801s] Level 1:colcon.colcon_core.package_identification:_identify(src/ros2_libcamera_pub) by extension 'colcon_pkg'
[4.801s] Level 1:colcon.colcon_core.package_identification:_identify(src/ros2_libcamera_pub) by extensions ['colcon_meta']
[4.801s] Level 1:colcon.colcon_core.package_identification:_identify(src/ros2_libcamera_pub) by extension 'colcon_meta'
[4.802s] Level 1:colcon.colcon_core.package_identification:_identify(src/ros2_libcamera_pub) by extensions ['ros']
[4.802s] Level 1:colcon.colcon_core.package_identification:_identify(src/ros2_libcamera_pub) by extension 'ros'
[4.804s] DEBUG:colcon.colcon_core.package_identification:Package 'src/ros2_libcamera_pub' with type 'ros.ament_python' and name 'ros2_libcamera_pub'
[4.804s] Level 1:colcon.colcon_core.package_identification:_identify(src/scan_client) by extensions ['ignore', 'ignore_ament_install']
[4.805s] Level 1:colcon.colcon_core.package_identification:_identify(src/scan_client) by extension 'ignore'
[4.805s] Level 1:colcon.colcon_core.package_identification:_identify(src/scan_client) by extension 'ignore_ament_install'
[4.805s] Level 1:colcon.colcon_core.package_identification:_identify(src/scan_client) by extensions ['colcon_pkg']
[4.805s] Level 1:colcon.colcon_core.package_identification:_identify(src/scan_client) by extension 'colcon_pkg'
[4.806s] Level 1:colcon.colcon_core.package_identification:_identify(src/scan_client) by extensions ['colcon_meta']
[4.806s] Level 1:colcon.colcon_core.package_identification:_identify(src/scan_client) by extension 'colcon_meta'
[4.806s] Level 1:colcon.colcon_core.package_identification:_identify(src/scan_client) by extensions ['ros']
[4.806s] Level 1:colcon.colcon_core.package_identification:_identify(src/scan_client) by extension 'ros'
[4.808s] DEBUG:colcon.colcon_core.package_identification:Package 'src/scan_client' with type 'ros.ament_python' and name 'scan_client'
[4.809s] Level 1:colcon.colcon_core.package_identification:_identify(src/teleop_gopigo3_keyboard) by extensions ['ignore', 'ignore_ament_install']
[4.809s] Level 1:colcon.colcon_core.package_identification:_identify(src/teleop_gopigo3_keyboard) by extension 'ignore'
[4.810s] Level 1:colcon.colcon_core.package_identification:_identify(src/teleop_gopigo3_keyboard) by extension 'ignore_ament_install'
[4.810s] Level 1:colcon.colcon_core.package_identification:_identify(src/teleop_gopigo3_keyboard) by extensions ['colcon_pkg']
[4.810s] Level 1:colcon.colcon_core.package_identification:_identify(src/teleop_gopigo3_keyboard) by extension 'colcon_pkg'
[4.810s] Level 1:colcon.colcon_core.package_identification:_identify(src/teleop_gopigo3_keyboard) by extensions ['colcon_meta']
[4.810s] Level 1:colcon.colcon_core.package_identification:_identify(src/teleop_gopigo3_keyboard) by extension 'colcon_meta'
[4.811s] Level 1:colcon.colcon_core.package_identification:_identify(src/teleop_gopigo3_keyboard) by extensions ['ros']
[4.811s] Level 1:colcon.colcon_core.package_identification:_identify(src/teleop_gopigo3_keyboard) by extension 'ros'
[4.813s] DEBUG:colcon.colcon_core.package_identification:Package 'src/teleop_gopigo3_keyboard' with type 'ros.ament_python' and name 'teleop_gopigo3_keyboard'
[4.813s] Level 1:colcon.colcon_core.package_identification:_identify(src/ydlidar_ros2_driver) by extensions ['ignore', 'ignore_ament_install']
[4.814s] Level 1:colcon.colcon_core.package_identification:_identify(src/ydlidar_ros2_driver) by extension 'ignore'
[4.814s] Level 1:colcon.colcon_core.package_identification:_identify(src/ydlidar_ros2_driver) by extension 'ignore_ament_install'
[4.814s] Level 1:colcon.colcon_core.package_identification:_identify(src/ydlidar_ros2_driver) by extensions ['colcon_pkg']
[4.814s] Level 1:colcon.colcon_core.package_identification:_identify(src/ydlidar_ros2_driver) by extension 'colcon_pkg'
[4.815s] Level 1:colcon.colcon_core.package_identification:_identify(src/ydlidar_ros2_driver) by extensions ['colcon_meta']
[4.815s] Level 1:colcon.colcon_core.package_identification:_identify(src/ydlidar_ros2_driver) by extension 'colcon_meta'
[4.815s] Level 1:colcon.colcon_core.package_identification:_identify(src/ydlidar_ros2_driver) by extensions ['ros']
[4.815s] Level 1:colcon.colcon_core.package_identification:_identify(src/ydlidar_ros2_driver) by extension 'ros'
[4.817s] DEBUG:colcon.colcon_core.package_identification:Package 'src/ydlidar_ros2_driver' with type 'ros.ament_cmake' and name 'ydlidar_ros2_driver'
[4.818s] Level 1:colcon.colcon_core.package_discovery:discover_packages(recursive) using defaults
[4.818s] Level 1:colcon.colcon_core.package_discovery:discover_packages(ignore) discover
[4.818s] Level 1:colcon.colcon_core.package_discovery:discover_packages(ignore) using defaults
[4.818s] Level 1:colcon.colcon_core.package_discovery:discover_packages(path) discover
[4.818s] Level 1:colcon.colcon_core.package_discovery:discover_packages(path) using defaults
[5.225s] Level 1:colcon.colcon_core.package_discovery:discover_packages(prefix_path) check parameters
[5.226s] Level 1:colcon.colcon_core.package_discovery:discover_packages(prefix_path) discover
[5.361s] DEBUG:colcon.colcon_installed_package_information.package_discovery:Found 7 installed packages in /home/ubuntu/HumbleDave/ros2ws/install
[5.425s] DEBUG:colcon.colcon_installed_package_information.package_discovery:Found 5 installed packages in /home/ubuntu/ros2ws/install
[5.496s] DEBUG:colcon.colcon_installed_package_information.package_discovery:Found 221 installed packages in /opt/ros/humble
[5.500s] Level 1:colcon.colcon_core.package_discovery:discover_packages(prefix_path) using defaults
[5.833s] Level 5:colcon.colcon_core.verb:set package 'gopigo3_ekf' build argument 'cmake_args' from command line to 'None'
[5.834s] Level 5:colcon.colcon_core.verb:set package 'gopigo3_ekf' build argument 'cmake_target' from command line to 'None'
[5.834s] Level 5:colcon.colcon_core.verb:set package 'gopigo3_ekf' build argument 'cmake_target_skip_unavailable' from command line to 'False'
[5.834s] Level 5:colcon.colcon_core.verb:set package 'gopigo3_ekf' build argument 'cmake_clean_cache' from command line to 'False'
[5.834s] Level 5:colcon.colcon_core.verb:set package 'gopigo3_ekf' build argument 'cmake_clean_first' from command line to 'False'
[5.834s] Level 5:colcon.colcon_core.verb:set package 'gopigo3_ekf' build argument 'cmake_force_configure' from command line to 'False'
[5.834s] Level 5:colcon.colcon_core.verb:set package 'gopigo3_ekf' build argument 'ament_cmake_args' from command line to 'None'
[5.834s] Level 5:colcon.colcon_core.verb:set package 'gopigo3_ekf' build argument 'catkin_cmake_args' from command line to 'None'
[5.834s] Level 5:colcon.colcon_core.verb:set package 'gopigo3_ekf' build argument 'catkin_skip_building_tests' from command line to 'False'
[5.834s] DEBUG:colcon.colcon_core.verb:Building package 'gopigo3_ekf' with the following arguments: {'ament_cmake_args': None, 'build_base': '/home/ubuntu/HumbleDave/ros2ws/build/gopigo3_ekf', 'catkin_cmake_args': None, 'catkin_skip_building_tests': False, 'cmake_args': None, 'cmake_clean_cache': False, 'cmake_clean_first': False, 'cmake_force_configure': False, 'cmake_target': None, 'cmake_target_skip_unavailable': False, 'install_base': '/home/ubuntu/HumbleDave/ros2ws/install/gopigo3_ekf', 'merge_install': False, 'path': '/home/ubuntu/HumbleDave/ros2ws/src/gopigo3_ekf', 'symlink_install': True, 'test_result_base': None}
[5.898s] Level 5:colcon.colcon_core.verb:set package 'ros2_gopigo3_msg' build argument 'cmake_args' from command line to 'None'
[5.899s] Level 5:colcon.colcon_core.verb:set package 'ros2_gopigo3_msg' build argument 'cmake_target' from command line to 'None'
[5.899s] Level 5:colcon.colcon_core.verb:set package 'ros2_gopigo3_msg' build argument 'cmake_target_skip_unavailable' from command line to 'False'
[5.899s] Level 5:colcon.colcon_core.verb:set package 'ros2_gopigo3_msg' build argument 'cmake_clean_cache' from command line to 'False'
[5.899s] Level 5:colcon.colcon_core.verb:set package 'ros2_gopigo3_msg' build argument 'cmake_clean_first' from command line to 'False'
[5.899s] Level 5:colcon.colcon_core.verb:set package 'ros2_gopigo3_msg' build argument 'cmake_force_configure' from command line to 'False'
[5.899s] Level 5:colcon.colcon_core.verb:set package 'ros2_gopigo3_msg' build argument 'ament_cmake_args' from command line to 'None'
[5.899s] Level 5:colcon.colcon_core.verb:set package 'ros2_gopigo3_msg' build argument 'catkin_cmake_args' from command line to 'None'
[5.899s] Level 5:colcon.colcon_core.verb:set package 'ros2_gopigo3_msg' build argument 'catkin_skip_building_tests' from command line to 'False'
[5.900s] DEBUG:colcon.colcon_core.verb:Building package 'ros2_gopigo3_msg' with the following arguments: {'ament_cmake_args': None, 'build_base': '/home/ubuntu/HumbleDave/ros2ws/build/ros2_gopigo3_msg', 'catkin_cmake_args': None, 'catkin_skip_building_tests': False, 'cmake_args': None, 'cmake_clean_cache': False, 'cmake_clean_first': False, 'cmake_force_configure': False, 'cmake_target': None, 'cmake_target_skip_unavailable': False, 'install_base': '/home/ubuntu/HumbleDave/ros2ws/install/ros2_gopigo3_msg', 'merge_install': False, 'path': '/home/ubuntu/HumbleDave/ros2ws/src/ros2_gopigo3_msg', 'symlink_install': True, 'test_result_base': None}
[5.963s] Level 5:colcon.colcon_core.verb:set package 'ros2_libcamera_pub' build argument 'cmake_args' from command line to 'None'
[5.963s] Level 5:colcon.colcon_core.verb:set package 'ros2_libcamera_pub' build argument 'cmake_target' from command line to 'None'
[5.964s] Level 5:colcon.colcon_core.verb:set package 'ros2_libcamera_pub' build argument 'cmake_target_skip_unavailable' from command line to 'False'
[5.964s] Level 5:colcon.colcon_core.verb:set package 'ros2_libcamera_pub' build argument 'cmake_clean_cache' from command line to 'False'
[5.964s] Level 5:colcon.colcon_core.verb:set package 'ros2_libcamera_pub' build argument 'cmake_clean_first' from command line to 'False'
[5.964s] Level 5:colcon.colcon_core.verb:set package 'ros2_libcamera_pub' build argument 'cmake_force_configure' from command line to 'False'
[5.964s] Level 5:colcon.colcon_core.verb:set package 'ros2_libcamera_pub' build argument 'ament_cmake_args' from command line to 'None'
[5.964s] Level 5:colcon.colcon_core.verb:set package 'ros2_libcamera_pub' build argument 'catkin_cmake_args' from command line to 'None'
[5.964s] Level 5:colcon.colcon_core.verb:set package 'ros2_libcamera_pub' build argument 'catkin_skip_building_tests' from command line to 'False'
[5.964s] DEBUG:colcon.colcon_core.verb:Building package 'ros2_libcamera_pub' with the following arguments: {'ament_cmake_args': None, 'build_base': '/home/ubuntu/HumbleDave/ros2ws/build/ros2_libcamera_pub', 'catkin_cmake_args': None, 'catkin_skip_building_tests': False, 'cmake_args': None, 'cmake_clean_cache': False, 'cmake_clean_first': False, 'cmake_force_configure': False, 'cmake_target': None, 'cmake_target_skip_unavailable': False, 'install_base': '/home/ubuntu/HumbleDave/ros2ws/install/ros2_libcamera_pub', 'merge_install': False, 'path': '/home/ubuntu/HumbleDave/ros2ws/src/ros2_libcamera_pub', 'symlink_install': True, 'test_result_base': None}
[6.028s] Level 5:colcon.colcon_core.verb:set package 'scan_client' build argument 'cmake_args' from command line to 'None'
[6.028s] Level 5:colcon.colcon_core.verb:set package 'scan_client' build argument 'cmake_target' from command line to 'None'
[6.029s] Level 5:colcon.colcon_core.verb:set package 'scan_client' build argument 'cmake_target_skip_unavailable' from command line to 'False'
[6.029s] Level 5:colcon.colcon_core.verb:set package 'scan_client' build argument 'cmake_clean_cache' from command line to 'False'
[6.029s] Level 5:colcon.colcon_core.verb:set package 'scan_client' build argument 'cmake_clean_first' from command line to 'False'
[6.029s] Level 5:colcon.colcon_core.verb:set package 'scan_client' build argument 'cmake_force_configure' from command line to 'False'
[6.029s] Level 5:colcon.colcon_core.verb:set package 'scan_client' build argument 'ament_cmake_args' from command line to 'None'
[6.029s] Level 5:colcon.colcon_core.verb:set package 'scan_client' build argument 'catkin_cmake_args' from command line to 'None'
[6.029s] Level 5:colcon.colcon_core.verb:set package 'scan_client' build argument 'catkin_skip_building_tests' from command line to 'False'
[6.029s] DEBUG:colcon.colcon_core.verb:Building package 'scan_client' with the following arguments: {'ament_cmake_args': None, 'build_base': '/home/ubuntu/HumbleDave/ros2ws/build/scan_client', 'catkin_cmake_args': None, 'catkin_skip_building_tests': False, 'cmake_args': None, 'cmake_clean_cache': False, 'cmake_clean_first': False, 'cmake_force_configure': False, 'cmake_target': None, 'cmake_target_skip_unavailable': False, 'install_base': '/home/ubuntu/HumbleDave/ros2ws/install/scan_client', 'merge_install': False, 'path': '/home/ubuntu/HumbleDave/ros2ws/src/scan_client', 'symlink_install': True, 'test_result_base': None}
[6.094s] Level 5:colcon.colcon_core.verb:set package 'teleop_gopigo3_keyboard' build argument 'cmake_args' from command line to 'None'
[6.094s] Level 5:colcon.colcon_core.verb:set package 'teleop_gopigo3_keyboard' build argument 'cmake_target' from command line to 'None'
[6.094s] Level 5:colcon.colcon_core.verb:set package 'teleop_gopigo3_keyboard' build argument 'cmake_target_skip_unavailable' from command line to 'False'
[6.094s] Level 5:colcon.colcon_core.verb:set package 'teleop_gopigo3_keyboard' build argument 'cmake_clean_cache' from command line to 'False'
[6.094s] Level 5:colcon.colcon_core.verb:set package 'teleop_gopigo3_keyboard' build argument 'cmake_clean_first' from command line to 'False'
[6.094s] Level 5:colcon.colcon_core.verb:set package 'teleop_gopigo3_keyboard' build argument 'cmake_force_configure' from command line to 'False'
[6.094s] Level 5:colcon.colcon_core.verb:set package 'teleop_gopigo3_keyboard' build argument 'ament_cmake_args' from command line to 'None'
[6.094s] Level 5:colcon.colcon_core.verb:set package 'teleop_gopigo3_keyboard' build argument 'catkin_cmake_args' from command line to 'None'
[6.095s] Level 5:colcon.colcon_core.verb:set package 'teleop_gopigo3_keyboard' build argument 'catkin_skip_building_tests' from command line to 'False'
[6.095s] DEBUG:colcon.colcon_core.verb:Building package 'teleop_gopigo3_keyboard' with the following arguments: {'ament_cmake_args': None, 'build_base': '/home/ubuntu/HumbleDave/ros2ws/build/teleop_gopigo3_keyboard', 'catkin_cmake_args': None, 'catkin_skip_building_tests': False, 'cmake_args': None, 'cmake_clean_cache': False, 'cmake_clean_first': False, 'cmake_force_configure': False, 'cmake_target': None, 'cmake_target_skip_unavailable': False, 'install_base': '/home/ubuntu/HumbleDave/ros2ws/install/teleop_gopigo3_keyboard', 'merge_install': False, 'path': '/home/ubuntu/HumbleDave/ros2ws/src/teleop_gopigo3_keyboard', 'symlink_install': True, 'test_result_base': None}
[6.159s] Level 5:colcon.colcon_core.verb:set package 'ydlidar_ros2_driver' build argument 'cmake_args' from command line to 'None'
[6.159s] Level 5:colcon.colcon_core.verb:set package 'ydlidar_ros2_driver' build argument 'cmake_target' from command line to 'None'
[6.159s] Level 5:colcon.colcon_core.verb:set package 'ydlidar_ros2_driver' build argument 'cmake_target_skip_unavailable' from command line to 'False'
[6.159s] Level 5:colcon.colcon_core.verb:set package 'ydlidar_ros2_driver' build argument 'cmake_clean_cache' from command line to 'False'
[6.159s] Level 5:colcon.colcon_core.verb:set package 'ydlidar_ros2_driver' build argument 'cmake_clean_first' from command line to 'False'
[6.159s] Level 5:colcon.colcon_core.verb:set package 'ydlidar_ros2_driver' build argument 'cmake_force_configure' from command line to 'False'
[6.159s] Level 5:colcon.colcon_core.verb:set package 'ydlidar_ros2_driver' build argument 'ament_cmake_args' from command line to 'None'
[6.159s] Level 5:colcon.colcon_core.verb:set package 'ydlidar_ros2_driver' build argument 'catkin_cmake_args' from command line to 'None'
[6.160s] Level 5:colcon.colcon_core.verb:set package 'ydlidar_ros2_driver' build argument 'catkin_skip_building_tests' from command line to 'False'
[6.160s] DEBUG:colcon.colcon_core.verb:Building package 'ydlidar_ros2_driver' with the following arguments: {'ament_cmake_args': None, 'build_base': '/home/ubuntu/HumbleDave/ros2ws/build/ydlidar_ros2_driver', 'catkin_cmake_args': None, 'catkin_skip_building_tests': False, 'cmake_args': None, 'cmake_clean_cache': False, 'cmake_clean_first': False, 'cmake_force_configure': False, 'cmake_target': None, 'cmake_target_skip_unavailable': False, 'install_base': '/home/ubuntu/HumbleDave/ros2ws/install/ydlidar_ros2_driver', 'merge_install': False, 'path': '/home/ubuntu/HumbleDave/ros2ws/src/ydlidar_ros2_driver', 'symlink_install': True, 'test_result_base': None}
[6.224s] Level 5:colcon.colcon_core.verb:set package 'ros2_gopigo3_node' build argument 'cmake_args' from command line to 'None'
[6.224s] Level 5:colcon.colcon_core.verb:set package 'ros2_gopigo3_node' build argument 'cmake_target' from command line to 'None'
[6.224s] Level 5:colcon.colcon_core.verb:set package 'ros2_gopigo3_node' build argument 'cmake_target_skip_unavailable' from command line to 'False'
[6.224s] Level 5:colcon.colcon_core.verb:set package 'ros2_gopigo3_node' build argument 'cmake_clean_cache' from command line to 'False'
[6.224s] Level 5:colcon.colcon_core.verb:set package 'ros2_gopigo3_node' build argument 'cmake_clean_first' from command line to 'False'
[6.224s] Level 5:colcon.colcon_core.verb:set package 'ros2_gopigo3_node' build argument 'cmake_force_configure' from command line to 'False'
[6.224s] Level 5:colcon.colcon_core.verb:set package 'ros2_gopigo3_node' build argument 'ament_cmake_args' from command line to 'None'
[6.225s] Level 5:colcon.colcon_core.verb:set package 'ros2_gopigo3_node' build argument 'catkin_cmake_args' from command line to 'None'
[6.225s] Level 5:colcon.colcon_core.verb:set package 'ros2_gopigo3_node' build argument 'catkin_skip_building_tests' from command line to 'False'
[6.225s] DEBUG:colcon.colcon_core.verb:Building package 'ros2_gopigo3_node' with the following arguments: {'ament_cmake_args': None, 'build_base': '/home/ubuntu/HumbleDave/ros2ws/build/ros2_gopigo3_node', 'catkin_cmake_args': None, 'catkin_skip_building_tests': False, 'cmake_args': None, 'cmake_clean_cache': False, 'cmake_clean_first': False, 'cmake_force_configure': False, 'cmake_target': None, 'cmake_target_skip_unavailable': False, 'install_base': '/home/ubuntu/HumbleDave/ros2ws/install/ros2_gopigo3_node', 'merge_install': False, 'path': '/home/ubuntu/HumbleDave/ros2ws/src/ros2_gopigo3_node', 'symlink_install': True, 'test_result_base': None}
[6.287s] INFO:colcon.colcon_core.executor:Executing jobs using 'parallel' executor
[6.353s] DEBUG:colcon.colcon_parallel_executor.executor.parallel:run_until_complete
[6.354s] INFO:colcon.colcon_ros.task.ament_cmake.build:Building ROS package in '/home/ubuntu/HumbleDave/ros2ws/src/ros2_gopigo3_msg' with build type 'ament_cmake'
[6.355s] INFO:colcon.colcon_cmake.task.cmake.build:Building CMake package in '/home/ubuntu/HumbleDave/ros2ws/src/ros2_gopigo3_msg'
[6.430s] INFO:colcon.colcon_core.plugin_system:Skipping extension 'colcon_core.shell.bat': Not used on non-Windows systems
[6.431s] INFO:colcon.colcon_core.shell:Skip shell extension 'powershell' for command environment: Not usable outside of PowerShell
[6.431s] DEBUG:colcon.colcon_core.shell:Skip shell extension 'dsv' for command environment
[6.703s] INFO:colcon.colcon_ros.task.ament_cmake.build:Building ROS package in '/home/ubuntu/HumbleDave/ros2ws/src/gopigo3_ekf' with build type 'ament_cmake'
[6.704s] INFO:colcon.colcon_cmake.task.cmake.build:Building CMake package in '/home/ubuntu/HumbleDave/ros2ws/src/gopigo3_ekf'
[6.772s] INFO:colcon.colcon_core.shell:Skip shell extension 'powershell' for command environment: Not usable outside of PowerShell
[6.772s] DEBUG:colcon.colcon_core.shell:Skip shell extension 'dsv' for command environment
[7.052s] INFO:colcon.colcon_ros.task.ament_python.build:Building ROS package in '/home/ubuntu/HumbleDave/ros2ws/src/ros2_libcamera_pub' with build type 'ament_python'
[7.053s] Level 1:colcon.colcon_core.shell:create_environment_hook('ros2_libcamera_pub', 'ament_prefix_path')
[7.121s] INFO:colcon.colcon_core.shell:Creating environment hook '/home/ubuntu/HumbleDave/ros2ws/install/ros2_libcamera_pub/share/ros2_libcamera_pub/hook/ament_prefix_path.ps1'
[7.123s] INFO:colcon.colcon_core.shell:Creating environment descriptor '/home/ubuntu/HumbleDave/ros2ws/install/ros2_libcamera_pub/share/ros2_libcamera_pub/hook/ament_prefix_path.dsv'
[7.125s] INFO:colcon.colcon_core.shell:Creating environment hook '/home/ubuntu/HumbleDave/ros2ws/install/ros2_libcamera_pub/share/ros2_libcamera_pub/hook/ament_prefix_path.sh'
[7.192s] INFO:colcon.colcon_core.shell:Skip shell extension 'powershell' for command environment: Not usable outside of PowerShell
[7.192s] DEBUG:colcon.colcon_core.shell:Skip shell extension 'dsv' for command environment
[7.465s] INFO:colcon.colcon_ros.task.ament_python.build:Building ROS package in '/home/ubuntu/HumbleDave/ros2ws/src/scan_client' with build type 'ament_python'
[7.466s] Level 1:colcon.colcon_core.shell:create_environment_hook('scan_client', 'ament_prefix_path')
[7.533s] INFO:colcon.colcon_core.shell:Creating environment hook '/home/ubuntu/HumbleDave/ros2ws/install/scan_client/share/scan_client/hook/ament_prefix_path.ps1'
[7.535s] INFO:colcon.colcon_core.shell:Creating environment descriptor '/home/ubuntu/HumbleDave/ros2ws/install/scan_client/share/scan_client/hook/ament_prefix_path.dsv'
[7.537s] INFO:colcon.colcon_core.shell:Creating environment hook '/home/ubuntu/HumbleDave/ros2ws/install/scan_client/share/scan_client/hook/ament_prefix_path.sh'
[7.602s] INFO:colcon.colcon_core.shell:Skip shell extension 'powershell' for command environment: Not usable outside of PowerShell
[7.602s] DEBUG:colcon.colcon_core.shell:Skip shell extension 'dsv' for command environment
[7.896s] DEBUG:colcon.colcon_core.event_handler.log_command:Invoking command in '/home/ubuntu/HumbleDave/ros2ws/build/ros2_gopigo3_msg': CMAKE_PREFIX_PATH=${CMAKE_PREFIX_PATH}:/home/ubuntu/HumbleDave/ros2ws/install/teleop_gopigo3_keyboard:/home/ubuntu/HumbleDave/ros2ws/install/scan_client:/home/ubuntu/HumbleDave/ros2ws/install/ros2_libcamera_pub:/home/ubuntu/HumbleDave/ros2ws/install/ros2_gopigo3_node:/home/ubuntu/ros2ws/install/teleop_gopigo3_keyboard:/home/ubuntu/ros2ws/install/ros2_libcamera_pub:/home/ubuntu/ros2ws/install/ros2_gopigo3_node:/opt/ros/humble /usr/bin/cmake --build /home/ubuntu/HumbleDave/ros2ws/build/ros2_gopigo3_msg -- -j4 -l4
[7.921s] DEBUG:colcon.colcon_core.event_handler.log_command:Invoking command in '/home/ubuntu/HumbleDave/ros2ws/build/gopigo3_ekf': CMAKE_PREFIX_PATH=${CMAKE_PREFIX_PATH}:/home/ubuntu/HumbleDave/ros2ws/install/teleop_gopigo3_keyboard:/home/ubuntu/HumbleDave/ros2ws/install/scan_client:/home/ubuntu/HumbleDave/ros2ws/install/ros2_libcamera_pub:/home/ubuntu/HumbleDave/ros2ws/install/ros2_gopigo3_node:/home/ubuntu/ros2ws/install/teleop_gopigo3_keyboard:/home/ubuntu/ros2ws/install/ros2_libcamera_pub:/home/ubuntu/ros2ws/install/ros2_gopigo3_node:/opt/ros/humble /usr/bin/cmake --build /home/ubuntu/HumbleDave/ros2ws/build/gopigo3_ekf -- -j4 -l4
[9.590s] INFO:colcon.colcon_core.task.python.build:Building Python package in '/home/ubuntu/HumbleDave/ros2ws/src/ros2_libcamera_pub'
[9.675s] INFO:colcon.colcon_core.shell:Skip shell extension 'powershell' for command environment: Not usable outside of PowerShell
[9.675s] DEBUG:colcon.colcon_core.shell:Skip shell extension 'dsv' for command environment
[10.165s] DEBUG:colcon.colcon_core.event_handler.log_command:Invoked command in '/home/ubuntu/HumbleDave/ros2ws/build/gopigo3_ekf' returned '0': CMAKE_PREFIX_PATH=${CMAKE_PREFIX_PATH}:/home/ubuntu/HumbleDave/ros2ws/install/teleop_gopigo3_keyboard:/home/ubuntu/HumbleDave/ros2ws/install/scan_client:/home/ubuntu/HumbleDave/ros2ws/install/ros2_libcamera_pub:/home/ubuntu/HumbleDave/ros2ws/install/ros2_gopigo3_node:/home/ubuntu/ros2ws/install/teleop_gopigo3_keyboard:/home/ubuntu/ros2ws/install/ros2_libcamera_pub:/home/ubuntu/ros2ws/install/ros2_gopigo3_node:/opt/ros/humble /usr/bin/cmake --build /home/ubuntu/HumbleDave/ros2ws/build/gopigo3_ekf -- -j4 -l4
[10.168s] DEBUG:colcon.colcon_core.event_handler.log_command:Invoked command in '/home/ubuntu/HumbleDave/ros2ws/build/ros2_gopigo3_msg' returned '0': CMAKE_PREFIX_PATH=${CMAKE_PREFIX_PATH}:/home/ubuntu/HumbleDave/ros2ws/install/teleop_gopigo3_keyboard:/home/ubuntu/HumbleDave/ros2ws/install/scan_client:/home/ubuntu/HumbleDave/ros2ws/install/ros2_libcamera_pub:/home/ubuntu/HumbleDave/ros2ws/install/ros2_gopigo3_node:/home/ubuntu/ros2ws/install/teleop_gopigo3_keyboard:/home/ubuntu/ros2ws/install/ros2_libcamera_pub:/home/ubuntu/ros2ws/install/ros2_gopigo3_node:/opt/ros/humble /usr/bin/cmake --build /home/ubuntu/HumbleDave/ros2ws/build/ros2_gopigo3_msg -- -j4 -l4
[11.434s] INFO:colcon.colcon_core.task.python.build:Building Python package in '/home/ubuntu/HumbleDave/ros2ws/src/scan_client'
[11.501s] INFO:colcon.colcon_core.shell:Skip shell extension 'powershell' for command environment: Not usable outside of PowerShell
[11.501s] DEBUG:colcon.colcon_core.shell:Skip shell extension 'dsv' for command environment
[11.833s] DEBUG:colcon.colcon_core.event_handler.log_command:Invoking command in '/home/ubuntu/HumbleDave/ros2ws/build/gopigo3_ekf': CMAKE_PREFIX_PATH=${CMAKE_PREFIX_PATH}:/home/ubuntu/HumbleDave/ros2ws/install/teleop_gopigo3_keyboard:/home/ubuntu/HumbleDave/ros2ws/install/scan_client:/home/ubuntu/HumbleDave/ros2ws/install/ros2_libcamera_pub:/home/ubuntu/HumbleDave/ros2ws/install/ros2_gopigo3_node:/home/ubuntu/ros2ws/install/teleop_gopigo3_keyboard:/home/ubuntu/ros2ws/install/ros2_libcamera_pub:/home/ubuntu/ros2ws/install/ros2_gopigo3_node:/opt/ros/humble /usr/bin/cmake --install /home/ubuntu/HumbleDave/ros2ws/build/gopigo3_ekf
[11.843s] DEBUG:colcon.colcon_core.event_handler.log_command:Invoking command in '/home/ubuntu/HumbleDave/ros2ws/build/ros2_gopigo3_msg': CMAKE_PREFIX_PATH=${CMAKE_PREFIX_PATH}:/home/ubuntu/HumbleDave/ros2ws/install/teleop_gopigo3_keyboard:/home/ubuntu/HumbleDave/ros2ws/install/scan_client:/home/ubuntu/HumbleDave/ros2ws/install/ros2_libcamera_pub:/home/ubuntu/HumbleDave/ros2ws/install/ros2_gopigo3_node:/home/ubuntu/ros2ws/install/teleop_gopigo3_keyboard:/home/ubuntu/ros2ws/install/ros2_libcamera_pub:/home/ubuntu/ros2ws/install/ros2_gopigo3_node:/opt/ros/humble /usr/bin/cmake --install /home/ubuntu/HumbleDave/ros2ws/build/ros2_gopigo3_msg
[11.958s] Level 1:colcon.colcon_core.environment:create_environment_scripts_only(gopigo3_ekf)
[11.973s] DEBUG:colcon.colcon_core.event_handler.log_command:Invoked command in '/home/ubuntu/HumbleDave/ros2ws/build/gopigo3_ekf' returned '0': CMAKE_PREFIX_PATH=${CMAKE_PREFIX_PATH}:/home/ubuntu/HumbleDave/ros2ws/install/teleop_gopigo3_keyboard:/home/ubuntu/HumbleDave/ros2ws/install/scan_client:/home/ubuntu/HumbleDave/ros2ws/install/ros2_libcamera_pub:/home/ubuntu/HumbleDave/ros2ws/install/ros2_gopigo3_node:/home/ubuntu/ros2ws/install/teleop_gopigo3_keyboard:/home/ubuntu/ros2ws/install/ros2_libcamera_pub:/home/ubuntu/ros2ws/install/ros2_gopigo3_node:/opt/ros/humble /usr/bin/cmake --install /home/ubuntu/HumbleDave/ros2ws/build/gopigo3_ekf
[12.210s] Level 1:colcon.colcon_core.environment:checking '/home/ubuntu/HumbleDave/ros2ws/install/gopigo3_ekf' for CMake module files
[12.213s] Level 1:colcon.colcon_core.environment:checking '/home/ubuntu/HumbleDave/ros2ws/install/gopigo3_ekf' for CMake config files
[12.219s] Level 1:colcon.colcon_core.shell:create_environment_hook('gopigo3_ekf', 'cmake_prefix_path')
[12.357s] INFO:colcon.colcon_core.shell:Creating environment hook '/home/ubuntu/HumbleDave/ros2ws/install/gopigo3_ekf/share/gopigo3_ekf/hook/cmake_prefix_path.ps1'
[12.361s] INFO:colcon.colcon_core.shell:Creating environment descriptor '/home/ubuntu/HumbleDave/ros2ws/install/gopigo3_ekf/share/gopigo3_ekf/hook/cmake_prefix_path.dsv'
[12.363s] INFO:colcon.colcon_core.shell:Creating environment hook '/home/ubuntu/HumbleDave/ros2ws/install/gopigo3_ekf/share/gopigo3_ekf/hook/cmake_prefix_path.sh'
[12.368s] Level 1:colcon.colcon_core.environment:checking '/home/ubuntu/HumbleDave/ros2ws/install/gopigo3_ekf/bin'
[12.368s] Level 1:colcon.colcon_core.environment:checking '/home/ubuntu/HumbleDave/ros2ws/install/gopigo3_ekf/lib/pkgconfig/gopigo3_ekf.pc'
[12.370s] Level 1:colcon.colcon_core.environment:checking '/home/ubuntu/HumbleDave/ros2ws/install/gopigo3_ekf/lib/python3.10/site-packages'
[12.371s] Level 1:colcon.colcon_core.environment:checking '/home/ubuntu/HumbleDave/ros2ws/install/gopigo3_ekf/bin'
[12.541s] INFO:colcon.colcon_core.shell:Creating package script '/home/ubuntu/HumbleDave/ros2ws/install/gopigo3_ekf/share/gopigo3_ekf/package.ps1'
[12.545s] INFO:colcon.colcon_core.shell:Creating package descriptor '/home/ubuntu/HumbleDave/ros2ws/install/gopigo3_ekf/share/gopigo3_ekf/package.dsv'
[12.548s] INFO:colcon.colcon_core.shell:Creating package script '/home/ubuntu/HumbleDave/ros2ws/install/gopigo3_ekf/share/gopigo3_ekf/package.sh'
[12.553s] INFO:colcon.colcon_core.shell:Creating package script '/home/ubuntu/HumbleDave/ros2ws/install/gopigo3_ekf/share/gopigo3_ekf/package.bash'
[12.557s] INFO:colcon.colcon_core.shell:Creating package script '/home/ubuntu/HumbleDave/ros2ws/install/gopigo3_ekf/share/gopigo3_ekf/package.zsh'
[12.560s] Level 1:colcon.colcon_core.environment:create_file_with_runtime_dependencies(/home/ubuntu/HumbleDave/ros2ws/install/gopigo3_ekf/share/colcon-core/packages/gopigo3_ekf)
[12.569s] Level 1:colcon.colcon_core.environment:create_environment_scripts_only(ros2_gopigo3_msg)
[12.573s] DEBUG:colcon.colcon_core.event_handler.log_command:Invoked command in '/home/ubuntu/HumbleDave/ros2ws/build/ros2_gopigo3_msg' returned '0': CMAKE_PREFIX_PATH=${CMAKE_PREFIX_PATH}:/home/ubuntu/HumbleDave/ros2ws/install/teleop_gopigo3_keyboard:/home/ubuntu/HumbleDave/ros2ws/install/scan_client:/home/ubuntu/HumbleDave/ros2ws/install/ros2_libcamera_pub:/home/ubuntu/HumbleDave/ros2ws/install/ros2_gopigo3_node:/home/ubuntu/ros2ws/install/teleop_gopigo3_keyboard:/home/ubuntu/ros2ws/install/ros2_libcamera_pub:/home/ubuntu/ros2ws/install/ros2_gopigo3_node:/opt/ros/humble /usr/bin/cmake --install /home/ubuntu/HumbleDave/ros2ws/build/ros2_gopigo3_msg
[12.692s] Level 1:colcon.colcon_core.environment:checking '/home/ubuntu/HumbleDave/ros2ws/install/ros2_gopigo3_msg' for CMake module files
[12.697s] Level 1:colcon.colcon_core.environment:checking '/home/ubuntu/HumbleDave/ros2ws/install/ros2_gopigo3_msg' for CMake config files
[12.702s] Level 1:colcon.colcon_core.shell:create_environment_hook('ros2_gopigo3_msg', 'cmake_prefix_path')
[12.815s] INFO:colcon.colcon_core.shell:Creating environment hook '/home/ubuntu/HumbleDave/ros2ws/install/ros2_gopigo3_msg/share/ros2_gopigo3_msg/hook/cmake_prefix_path.ps1'
[12.818s] INFO:colcon.colcon_core.shell:Creating environment descriptor '/home/ubuntu/HumbleDave/ros2ws/install/ros2_gopigo3_msg/share/ros2_gopigo3_msg/hook/cmake_prefix_path.dsv'
[12.820s] INFO:colcon.colcon_core.shell:Creating environment hook '/home/ubuntu/HumbleDave/ros2ws/install/ros2_gopigo3_msg/share/ros2_gopigo3_msg/hook/cmake_prefix_path.sh'
[12.824s] Level 1:colcon.colcon_core.environment:checking '/home/ubuntu/HumbleDave/ros2ws/install/ros2_gopigo3_msg/lib'
[12.825s] Level 1:colcon.colcon_core.shell:create_environment_hook('ros2_gopigo3_msg', 'ld_library_path_lib')
[12.915s] INFO:colcon.colcon_core.shell:Creating environment hook '/home/ubuntu/HumbleDave/ros2ws/install/ros2_gopigo3_msg/share/ros2_gopigo3_msg/hook/ld_library_path_lib.ps1'
[12.917s] INFO:colcon.colcon_core.shell:Creating environment descriptor '/home/ubuntu/HumbleDave/ros2ws/install/ros2_gopigo3_msg/share/ros2_gopigo3_msg/hook/ld_library_path_lib.dsv'
[12.919s] INFO:colcon.colcon_core.shell:Creating environment hook '/home/ubuntu/HumbleDave/ros2ws/install/ros2_gopigo3_msg/share/ros2_gopigo3_msg/hook/ld_library_path_lib.sh'
[12.922s] Level 1:colcon.colcon_core.environment:checking '/home/ubuntu/HumbleDave/ros2ws/install/ros2_gopigo3_msg/bin'
[12.923s] Level 1:colcon.colcon_core.environment:checking '/home/ubuntu/HumbleDave/ros2ws/install/ros2_gopigo3_msg/lib/pkgconfig/ros2_gopigo3_msg.pc'
[12.924s] Level 1:colcon.colcon_core.environment:checking '/home/ubuntu/HumbleDave/ros2ws/install/ros2_gopigo3_msg/lib/python3.10/site-packages'
[12.926s] Level 1:colcon.colcon_core.environment:checking '/home/ubuntu/HumbleDave/ros2ws/install/ros2_gopigo3_msg/bin'
[13.021s] INFO:colcon.colcon_core.shell:Creating package script '/home/ubuntu/HumbleDave/ros2ws/install/ros2_gopigo3_msg/share/ros2_gopigo3_msg/package.ps1'
[13.023s] INFO:colcon.colcon_core.shell:Creating package descriptor '/home/ubuntu/HumbleDave/ros2ws/install/ros2_gopigo3_msg/share/ros2_gopigo3_msg/package.dsv'
[13.028s] INFO:colcon.colcon_core.shell:Creating package script '/home/ubuntu/HumbleDave/ros2ws/install/ros2_gopigo3_msg/share/ros2_gopigo3_msg/package.sh'
[13.030s] INFO:colcon.colcon_core.shell:Creating package script '/home/ubuntu/HumbleDave/ros2ws/install/ros2_gopigo3_msg/share/ros2_gopigo3_msg/package.bash'
[13.033s] INFO:colcon.colcon_core.shell:Creating package script '/home/ubuntu/HumbleDave/ros2ws/install/ros2_gopigo3_msg/share/ros2_gopigo3_msg/package.zsh'
[13.035s] Level 1:colcon.colcon_core.environment:create_file_with_runtime_dependencies(/home/ubuntu/HumbleDave/ros2ws/install/ros2_gopigo3_msg/share/colcon-core/packages/ros2_gopigo3_msg)
[13.171s] Level 1:colcon.colcon_core.environment:create_environment_scripts_only(gopigo3_ekf)
[13.293s] Level 1:colcon.colcon_core.environment:checking '/home/ubuntu/HumbleDave/ros2ws/install/gopigo3_ekf' for CMake module files
[13.296s] Level 1:colcon.colcon_core.environment:checking '/home/ubuntu/HumbleDave/ros2ws/install/gopigo3_ekf' for CMake config files
[13.300s] Level 1:colcon.colcon_core.shell:create_environment_hook('gopigo3_ekf', 'cmake_prefix_path')
[13.425s] INFO:colcon.colcon_core.shell:Creating environment hook '/home/ubuntu/HumbleDave/ros2ws/install/gopigo3_ekf/share/gopigo3_ekf/hook/cmake_prefix_path.ps1'
[13.428s] INFO:colcon.colcon_core.shell:Creating environment descriptor '/home/ubuntu/HumbleDave/ros2ws/install/gopigo3_ekf/share/gopigo3_ekf/hook/cmake_prefix_path.dsv'
[13.432s] INFO:colcon.colcon_core.shell:Creating environment hook '/home/ubuntu/HumbleDave/ros2ws/install/gopigo3_ekf/share/gopigo3_ekf/hook/cmake_prefix_path.sh'
[13.436s] Level 1:colcon.colcon_core.environment:checking '/home/ubuntu/HumbleDave/ros2ws/install/gopigo3_ekf/bin'
[13.437s] Level 1:colcon.colcon_core.environment:checking '/home/ubuntu/HumbleDave/ros2ws/install/gopigo3_ekf/lib/pkgconfig/gopigo3_ekf.pc'
[13.438s] Level 1:colcon.colcon_core.environment:checking '/home/ubuntu/HumbleDave/ros2ws/install/gopigo3_ekf/lib/python3.10/site-packages'
[13.440s] Level 1:colcon.colcon_core.environment:checking '/home/ubuntu/HumbleDave/ros2ws/install/gopigo3_ekf/bin'
[13.574s] INFO:colcon.colcon_core.shell:Creating package script '/home/ubuntu/HumbleDave/ros2ws/install/gopigo3_ekf/share/gopigo3_ekf/package.ps1'
[13.577s] INFO:colcon.colcon_core.shell:Creating package descriptor '/home/ubuntu/HumbleDave/ros2ws/install/gopigo3_ekf/share/gopigo3_ekf/package.dsv'
[13.580s] INFO:colcon.colcon_core.shell:Creating package script '/home/ubuntu/HumbleDave/ros2ws/install/gopigo3_ekf/share/gopigo3_ekf/package.sh'
[13.583s] INFO:colcon.colcon_core.shell:Creating package script '/home/ubuntu/HumbleDave/ros2ws/install/gopigo3_ekf/share/gopigo3_ekf/package.bash'
[13.587s] INFO:colcon.colcon_core.shell:Creating package script '/home/ubuntu/HumbleDave/ros2ws/install/gopigo3_ekf/share/gopigo3_ekf/package.zsh'
[13.590s] Level 1:colcon.colcon_core.environment:create_file_with_runtime_dependencies(/home/ubuntu/HumbleDave/ros2ws/install/gopigo3_ekf/share/colcon-core/packages/gopigo3_ekf)
[13.595s] INFO:colcon.colcon_ros.task.ament_python.build:Building ROS package in '/home/ubuntu/HumbleDave/ros2ws/src/teleop_gopigo3_keyboard' with build type 'ament_python'
[13.596s] Level 1:colcon.colcon_core.shell:create_environment_hook('teleop_gopigo3_keyboard', 'ament_prefix_path')
[13.712s] INFO:colcon.colcon_core.shell:Creating environment hook '/home/ubuntu/HumbleDave/ros2ws/install/teleop_gopigo3_keyboard/share/teleop_gopigo3_keyboard/hook/ament_prefix_path.ps1'
[13.714s] INFO:colcon.colcon_core.shell:Creating environment descriptor '/home/ubuntu/HumbleDave/ros2ws/install/teleop_gopigo3_keyboard/share/teleop_gopigo3_keyboard/hook/ament_prefix_path.dsv'
[13.717s] INFO:colcon.colcon_core.shell:Creating environment hook '/home/ubuntu/HumbleDave/ros2ws/install/teleop_gopigo3_keyboard/share/teleop_gopigo3_keyboard/hook/ament_prefix_path.sh'
[13.827s] INFO:colcon.colcon_core.shell:Skip shell extension 'powershell' for command environment: Not usable outside of PowerShell
[13.827s] DEBUG:colcon.colcon_core.shell:Skip shell extension 'dsv' for command environment
[14.479s] Level 1:colcon.colcon_core.environment:create_environment_scripts_only(ros2_gopigo3_msg)
[14.543s] Level 1:colcon.colcon_core.environment:checking '/home/ubuntu/HumbleDave/ros2ws/install/ros2_gopigo3_msg' for CMake module files
[14.547s] Level 1:colcon.colcon_core.environment:checking '/home/ubuntu/HumbleDave/ros2ws/install/ros2_gopigo3_msg' for CMake config files
[14.552s] Level 1:colcon.colcon_core.shell:create_environment_hook('ros2_gopigo3_msg', 'cmake_prefix_path')
[14.617s] INFO:colcon.colcon_core.shell:Creating environment hook '/home/ubuntu/HumbleDave/ros2ws/install/ros2_gopigo3_msg/share/ros2_gopigo3_msg/hook/cmake_prefix_path.ps1'
[14.629s] INFO:colcon.colcon_core.shell:Creating environment descriptor '/home/ubuntu/HumbleDave/ros2ws/install/ros2_gopigo3_msg/share/ros2_gopigo3_msg/hook/cmake_prefix_path.dsv'
[14.630s] INFO:colcon.colcon_core.shell:Creating environment hook '/home/ubuntu/HumbleDave/ros2ws/install/ros2_gopigo3_msg/share/ros2_gopigo3_msg/hook/cmake_prefix_path.sh'
[14.636s] Level 1:colcon.colcon_core.environment:checking '/home/ubuntu/HumbleDave/ros2ws/install/ros2_gopigo3_msg/lib'
[14.637s] Level 1:colcon.colcon_core.shell:create_environment_hook('ros2_gopigo3_msg', 'ld_library_path_lib')
[14.705s] INFO:colcon.colcon_core.shell:Creating environment hook '/home/ubuntu/HumbleDave/ros2ws/install/ros2_gopigo3_msg/share/ros2_gopigo3_msg/hook/ld_library_path_lib.ps1'
[14.706s] INFO:colcon.colcon_core.shell:Creating environment descriptor '/home/ubuntu/HumbleDave/ros2ws/install/ros2_gopigo3_msg/share/ros2_gopigo3_msg/hook/ld_library_path_lib.dsv'
[14.708s] INFO:colcon.colcon_core.shell:Creating environment hook '/home/ubuntu/HumbleDave/ros2ws/install/ros2_gopigo3_msg/share/ros2_gopigo3_msg/hook/ld_library_path_lib.sh'
[14.709s] Level 1:colcon.colcon_core.environment:checking '/home/ubuntu/HumbleDave/ros2ws/install/ros2_gopigo3_msg/bin'
[14.710s] Level 1:colcon.colcon_core.environment:checking '/home/ubuntu/HumbleDave/ros2ws/install/ros2_gopigo3_msg/lib/pkgconfig/ros2_gopigo3_msg.pc'
[14.711s] Level 1:colcon.colcon_core.environment:checking '/home/ubuntu/HumbleDave/ros2ws/install/ros2_gopigo3_msg/lib/python3.10/site-packages'
[14.712s] Level 1:colcon.colcon_core.environment:checking '/home/ubuntu/HumbleDave/ros2ws/install/ros2_gopigo3_msg/bin'
[14.778s] INFO:colcon.colcon_core.shell:Creating package script '/home/ubuntu/HumbleDave/ros2ws/install/ros2_gopigo3_msg/share/ros2_gopigo3_msg/package.ps1'
[14.780s] INFO:colcon.colcon_core.shell:Creating package descriptor '/home/ubuntu/HumbleDave/ros2ws/install/ros2_gopigo3_msg/share/ros2_gopigo3_msg/package.dsv'
[14.782s] INFO:colcon.colcon_core.shell:Creating package script '/home/ubuntu/HumbleDave/ros2ws/install/ros2_gopigo3_msg/share/ros2_gopigo3_msg/package.sh'
[14.785s] INFO:colcon.colcon_core.shell:Creating package script '/home/ubuntu/HumbleDave/ros2ws/install/ros2_gopigo3_msg/share/ros2_gopigo3_msg/package.bash'
[14.787s] INFO:colcon.colcon_core.shell:Creating package script '/home/ubuntu/HumbleDave/ros2ws/install/ros2_gopigo3_msg/share/ros2_gopigo3_msg/package.zsh'
[14.788s] Level 1:colcon.colcon_core.environment:create_file_with_runtime_dependencies(/home/ubuntu/HumbleDave/ros2ws/install/ros2_gopigo3_msg/share/colcon-core/packages/ros2_gopigo3_msg)
[14.800s] DEBUG:colcon.colcon_core.event_handler.log_command:Invoking command in '/home/ubuntu/HumbleDave/ros2ws/build/ros2_libcamera_pub': PYTHONPATH=/home/ubuntu/HumbleDave/ros2ws/build/ros2_libcamera_pub/prefix_override:/home/ubuntu/HumbleDave/ros2ws/install/ros2_libcamera_pub/lib/python3.10/site-packages:${PYTHONPATH} /usr/bin/python3 setup.py develop --editable --build-directory /home/ubuntu/HumbleDave/ros2ws/build/ros2_libcamera_pub/build --no-deps install_data
[14.812s] INFO:colcon.colcon_ros.task.ament_cmake.build:Building ROS package in '/home/ubuntu/HumbleDave/ros2ws/src/ydlidar_ros2_driver' with build type 'ament_cmake'
[14.813s] INFO:colcon.colcon_cmake.task.cmake.build:Building CMake package in '/home/ubuntu/HumbleDave/ros2ws/src/ydlidar_ros2_driver'
[14.815s] DEBUG:colcon.colcon_core.event_handler.log_command:Invoking command in '/home/ubuntu/HumbleDave/ros2ws/build/scan_client': PYTHONPATH=/home/ubuntu/HumbleDave/ros2ws/build/scan_client/prefix_override:/home/ubuntu/HumbleDave/ros2ws/install/scan_client/lib/python3.10/site-packages:${PYTHONPATH} /usr/bin/python3 setup.py develop --editable --build-directory /home/ubuntu/HumbleDave/ros2ws/build/scan_client/build --no-deps install_data
[14.926s] INFO:colcon.colcon_core.shell:Skip shell extension 'powershell' for command environment: Not usable outside of PowerShell
[14.927s] DEBUG:colcon.colcon_core.shell:Skip shell extension 'dsv' for command environment
[17.040s] INFO:colcon.colcon_core.task.python.build:Building Python package in '/home/ubuntu/HumbleDave/ros2ws/src/teleop_gopigo3_keyboard'
[17.142s] INFO:colcon.colcon_core.shell:Skip shell extension 'powershell' for command environment: Not usable outside of PowerShell
[17.142s] DEBUG:colcon.colcon_core.shell:Skip shell extension 'dsv' for command environment
[17.789s] Level 1:colcon.colcon_core.shell:create_environment_hook('ros2_libcamera_pub', 'pythonpath_develop')
[17.793s] DEBUG:colcon.colcon_core.event_handler.log_command:Invoking command in '/home/ubuntu/HumbleDave/ros2ws/build/ydlidar_ros2_driver': CMAKE_PREFIX_PATH=${CMAKE_PREFIX_PATH}:/home/ubuntu/HumbleDave/ros2ws/install/teleop_gopigo3_keyboard:/home/ubuntu/HumbleDave/ros2ws/install/scan_client:/home/ubuntu/HumbleDave/ros2ws/install/ros2_libcamera_pub:/home/ubuntu/HumbleDave/ros2ws/install/ros2_gopigo3_node:/home/ubuntu/ros2ws/install/teleop_gopigo3_keyboard:/home/ubuntu/ros2ws/install/ros2_libcamera_pub:/home/ubuntu/ros2ws/install/ros2_gopigo3_node:/opt/ros/humble /usr/bin/cmake --build /home/ubuntu/HumbleDave/ros2ws/build/ydlidar_ros2_driver -- -j4 -l4
[17.795s] DEBUG:colcon.colcon_core.event_handler.log_command:Invoked command in '/home/ubuntu/HumbleDave/ros2ws/build/ros2_libcamera_pub' returned '0': PYTHONPATH=/home/ubuntu/HumbleDave/ros2ws/build/ros2_libcamera_pub/prefix_override:/home/ubuntu/HumbleDave/ros2ws/install/ros2_libcamera_pub/lib/python3.10/site-packages:${PYTHONPATH} /usr/bin/python3 setup.py develop --editable --build-directory /home/ubuntu/HumbleDave/ros2ws/build/ros2_libcamera_pub/build --no-deps install_data
[17.879s] INFO:colcon.colcon_core.shell:Creating environment hook '/home/ubuntu/HumbleDave/ros2ws/build/ros2_libcamera_pub/share/ros2_libcamera_pub/hook/pythonpath_develop.ps1'
[17.881s] INFO:colcon.colcon_core.shell:Creating environment descriptor '/home/ubuntu/HumbleDave/ros2ws/build/ros2_libcamera_pub/share/ros2_libcamera_pub/hook/pythonpath_develop.dsv'
[17.883s] INFO:colcon.colcon_core.shell:Creating environment hook '/home/ubuntu/HumbleDave/ros2ws/build/ros2_libcamera_pub/share/ros2_libcamera_pub/hook/pythonpath_develop.sh'
[17.982s] Level 1:colcon.colcon_core.environment:checking '/home/ubuntu/HumbleDave/ros2ws/install/ros2_libcamera_pub' for CMake module files
[17.985s] Level 1:colcon.colcon_core.environment:checking '/home/ubuntu/HumbleDave/ros2ws/install/ros2_libcamera_pub' for CMake config files
[17.988s] Level 1:colcon.colcon_core.environment:checking '/home/ubuntu/HumbleDave/ros2ws/install/ros2_libcamera_pub/lib'
[17.989s] Level 1:colcon.colcon_core.environment:checking '/home/ubuntu/HumbleDave/ros2ws/install/ros2_libcamera_pub/bin'
[17.989s] Level 1:colcon.colcon_core.environment:checking '/home/ubuntu/HumbleDave/ros2ws/install/ros2_libcamera_pub/lib/pkgconfig/ros2_libcamera_pub.pc'
[17.991s] Level 1:colcon.colcon_core.environment:checking '/home/ubuntu/HumbleDave/ros2ws/install/ros2_libcamera_pub/lib/python3.10/site-packages'
[17.991s] Level 1:colcon.colcon_core.shell:create_environment_hook('ros2_libcamera_pub', 'pythonpath')
[18.088s] INFO:colcon.colcon_core.shell:Creating environment hook '/home/ubuntu/HumbleDave/ros2ws/install/ros2_libcamera_pub/share/ros2_libcamera_pub/hook/pythonpath.ps1'
[18.091s] INFO:colcon.colcon_core.shell:Creating environment descriptor '/home/ubuntu/HumbleDave/ros2ws/install/ros2_libcamera_pub/share/ros2_libcamera_pub/hook/pythonpath.dsv'
[18.093s] INFO:colcon.colcon_core.shell:Creating environment hook '/home/ubuntu/HumbleDave/ros2ws/install/ros2_libcamera_pub/share/ros2_libcamera_pub/hook/pythonpath.sh'
[18.096s] Level 1:colcon.colcon_core.environment:checking '/home/ubuntu/HumbleDave/ros2ws/install/ros2_libcamera_pub/bin'
[18.097s] Level 1:colcon.colcon_core.environment:create_environment_scripts_only(ros2_libcamera_pub)
[18.162s] INFO:colcon.colcon_core.shell:Creating package script '/home/ubuntu/HumbleDave/ros2ws/install/ros2_libcamera_pub/share/ros2_libcamera_pub/package.ps1'
[18.165s] INFO:colcon.colcon_core.shell:Creating package descriptor '/home/ubuntu/HumbleDave/ros2ws/install/ros2_libcamera_pub/share/ros2_libcamera_pub/package.dsv'
[18.167s] INFO:colcon.colcon_core.shell:Creating package script '/home/ubuntu/HumbleDave/ros2ws/install/ros2_libcamera_pub/share/ros2_libcamera_pub/package.sh'
[18.169s] INFO:colcon.colcon_core.shell:Creating package script '/home/ubuntu/HumbleDave/ros2ws/install/ros2_libcamera_pub/share/ros2_libcamera_pub/package.bash'
[18.171s] INFO:colcon.colcon_core.shell:Creating package script '/home/ubuntu/HumbleDave/ros2ws/install/ros2_libcamera_pub/share/ros2_libcamera_pub/package.zsh'
[18.173s] Level 1:colcon.colcon_core.environment:create_file_with_runtime_dependencies(/home/ubuntu/HumbleDave/ros2ws/install/ros2_libcamera_pub/share/colcon-core/packages/ros2_libcamera_pub)
[18.174s] Level 1:colcon.colcon_core.shell:create_environment_hook('scan_client', 'pythonpath_develop')
[18.178s] DEBUG:colcon.colcon_core.event_handler.log_command:Invoked command in '/home/ubuntu/HumbleDave/ros2ws/build/scan_client' returned '0': PYTHONPATH=/home/ubuntu/HumbleDave/ros2ws/build/scan_client/prefix_override:/home/ubuntu/HumbleDave/ros2ws/install/scan_client/lib/python3.10/site-packages:${PYTHONPATH} /usr/bin/python3 setup.py develop --editable --build-directory /home/ubuntu/HumbleDave/ros2ws/build/scan_client/build --no-deps install_data
[18.243s] INFO:colcon.colcon_core.shell:Creating environment hook '/home/ubuntu/HumbleDave/ros2ws/build/scan_client/share/scan_client/hook/pythonpath_develop.ps1'
[18.245s] INFO:colcon.colcon_core.shell:Creating environment descriptor '/home/ubuntu/HumbleDave/ros2ws/build/scan_client/share/scan_client/hook/pythonpath_develop.dsv'
[18.247s] INFO:colcon.colcon_core.shell:Creating environment hook '/home/ubuntu/HumbleDave/ros2ws/build/scan_client/share/scan_client/hook/pythonpath_develop.sh'
[18.312s] Level 1:colcon.colcon_core.environment:checking '/home/ubuntu/HumbleDave/ros2ws/install/scan_client' for CMake module files
[18.315s] Level 1:colcon.colcon_core.environment:checking '/home/ubuntu/HumbleDave/ros2ws/install/scan_client' for CMake config files
[18.317s] Level 1:colcon.colcon_core.environment:checking '/home/ubuntu/HumbleDave/ros2ws/install/scan_client/lib'
[18.318s] Level 1:colcon.colcon_core.environment:checking '/home/ubuntu/HumbleDave/ros2ws/install/scan_client/bin'
[18.318s] Level 1:colcon.colcon_core.environment:checking '/home/ubuntu/HumbleDave/ros2ws/install/scan_client/lib/pkgconfig/scan_client.pc'
[18.319s] Level 1:colcon.colcon_core.environment:checking '/home/ubuntu/HumbleDave/ros2ws/install/scan_client/lib/python3.10/site-packages'
[18.319s] Level 1:colcon.colcon_core.shell:create_environment_hook('scan_client', 'pythonpath')
[18.384s] INFO:colcon.colcon_core.shell:Creating environment hook '/home/ubuntu/HumbleDave/ros2ws/install/scan_client/share/scan_client/hook/pythonpath.ps1'
[18.386s] INFO:colcon.colcon_core.shell:Creating environment descriptor '/home/ubuntu/HumbleDave/ros2ws/install/scan_client/share/scan_client/hook/pythonpath.dsv'
[18.387s] INFO:colcon.colcon_core.shell:Creating environment hook '/home/ubuntu/HumbleDave/ros2ws/install/scan_client/share/scan_client/hook/pythonpath.sh'
[18.390s] Level 1:colcon.colcon_core.environment:checking '/home/ubuntu/HumbleDave/ros2ws/install/scan_client/bin'
[18.390s] Level 1:colcon.colcon_core.environment:create_environment_scripts_only(scan_client)
[18.456s] INFO:colcon.colcon_core.shell:Creating package script '/home/ubuntu/HumbleDave/ros2ws/install/scan_client/share/scan_client/package.ps1'
[18.458s] INFO:colcon.colcon_core.shell:Creating package descriptor '/home/ubuntu/HumbleDave/ros2ws/install/scan_client/share/scan_client/package.dsv'
[18.460s] INFO:colcon.colcon_core.shell:Creating package script '/home/ubuntu/HumbleDave/ros2ws/install/scan_client/share/scan_client/package.sh'
[18.463s] INFO:colcon.colcon_core.shell:Creating package script '/home/ubuntu/HumbleDave/ros2ws/install/scan_client/share/scan_client/package.bash'
[18.464s] INFO:colcon.colcon_core.shell:Creating package script '/home/ubuntu/HumbleDave/ros2ws/install/scan_client/share/scan_client/package.zsh'
[18.466s] Level 1:colcon.colcon_core.environment:create_file_with_runtime_dependencies(/home/ubuntu/HumbleDave/ros2ws/install/scan_client/share/colcon-core/packages/scan_client)
[18.468s] INFO:colcon.colcon_ros.task.ament_python.build:Building ROS package in '/home/ubuntu/HumbleDave/ros2ws/src/ros2_gopigo3_node' with build type 'ament_python'
[18.469s] Level 1:colcon.colcon_core.shell:create_environment_hook('ros2_gopigo3_node', 'ament_prefix_path')
[18.537s] INFO:colcon.colcon_core.shell:Creating environment hook '/home/ubuntu/HumbleDave/ros2ws/install/ros2_gopigo3_node/share/ros2_gopigo3_node/hook/ament_prefix_path.ps1'
[18.539s] INFO:colcon.colcon_core.shell:Creating environment descriptor '/home/ubuntu/HumbleDave/ros2ws/install/ros2_gopigo3_node/share/ros2_gopigo3_node/hook/ament_prefix_path.dsv'
[18.541s] INFO:colcon.colcon_core.shell:Creating environment hook '/home/ubuntu/HumbleDave/ros2ws/install/ros2_gopigo3_node/share/ros2_gopigo3_node/hook/ament_prefix_path.sh'
[18.606s] INFO:colcon.colcon_core.shell:Skip shell extension 'powershell' for command environment: Not usable outside of PowerShell
[18.607s] DEBUG:colcon.colcon_core.shell:Skip shell extension 'dsv' for command environment
[18.894s] DEBUG:colcon.colcon_core.event_handler.log_command:Invoked command in '/home/ubuntu/HumbleDave/ros2ws/build/ydlidar_ros2_driver' returned '0': CMAKE_PREFIX_PATH=${CMAKE_PREFIX_PATH}:/home/ubuntu/HumbleDave/ros2ws/install/teleop_gopigo3_keyboard:/home/ubuntu/HumbleDave/ros2ws/install/scan_client:/home/ubuntu/HumbleDave/ros2ws/install/ros2_libcamera_pub:/home/ubuntu/HumbleDave/ros2ws/install/ros2_gopigo3_node:/home/ubuntu/ros2ws/install/teleop_gopigo3_keyboard:/home/ubuntu/ros2ws/install/ros2_libcamera_pub:/home/ubuntu/ros2ws/install/ros2_gopigo3_node:/opt/ros/humble /usr/bin/cmake --build /home/ubuntu/HumbleDave/ros2ws/build/ydlidar_ros2_driver -- -j4 -l4
[20.300s] INFO:colcon.colcon_core.task.python.build:Building Python package in '/home/ubuntu/HumbleDave/ros2ws/src/ros2_gopigo3_node'
[20.387s] INFO:colcon.colcon_core.shell:Skip shell extension 'powershell' for command environment: Not usable outside of PowerShell
[20.388s] DEBUG:colcon.colcon_core.shell:Skip shell extension 'dsv' for command environment
[20.837s] DEBUG:colcon.colcon_core.event_handler.log_command:Invoking command in '/home/ubuntu/HumbleDave/ros2ws/build/ydlidar_ros2_driver': CMAKE_PREFIX_PATH=${CMAKE_PREFIX_PATH}:/home/ubuntu/HumbleDave/ros2ws/install/teleop_gopigo3_keyboard:/home/ubuntu/HumbleDave/ros2ws/install/scan_client:/home/ubuntu/HumbleDave/ros2ws/install/ros2_libcamera_pub:/home/ubuntu/HumbleDave/ros2ws/install/ros2_gopigo3_node:/home/ubuntu/ros2ws/install/teleop_gopigo3_keyboard:/home/ubuntu/ros2ws/install/ros2_libcamera_pub:/home/ubuntu/ros2ws/install/ros2_gopigo3_node:/opt/ros/humble /usr/bin/cmake --install /home/ubuntu/HumbleDave/ros2ws/build/ydlidar_ros2_driver
[20.859s] DEBUG:colcon.colcon_core.event_handler.log_command:Invoking command in '/home/ubuntu/HumbleDave/ros2ws/build/teleop_gopigo3_keyboard': PYTHONPATH=/home/ubuntu/HumbleDave/ros2ws/build/teleop_gopigo3_keyboard/prefix_override:/home/ubuntu/HumbleDave/ros2ws/install/teleop_gopigo3_keyboard/lib/python3.10/site-packages:${PYTHONPATH} /usr/bin/python3 setup.py develop --editable --build-directory /home/ubuntu/HumbleDave/ros2ws/build/teleop_gopigo3_keyboard/build --no-deps install_data
[20.957s] Level 1:colcon.colcon_core.environment:create_environment_scripts_only(ydlidar_ros2_driver)
[20.958s] DEBUG:colcon.colcon_core.event_handler.log_command:Invoked command in '/home/ubuntu/HumbleDave/ros2ws/build/ydlidar_ros2_driver' returned '0': CMAKE_PREFIX_PATH=${CMAKE_PREFIX_PATH}:/home/ubuntu/HumbleDave/ros2ws/install/teleop_gopigo3_keyboard:/home/ubuntu/HumbleDave/ros2ws/install/scan_client:/home/ubuntu/HumbleDave/ros2ws/install/ros2_libcamera_pub:/home/ubuntu/HumbleDave/ros2ws/install/ros2_gopigo3_node:/home/ubuntu/ros2ws/install/teleop_gopigo3_keyboard:/home/ubuntu/ros2ws/install/ros2_libcamera_pub:/home/ubuntu/ros2ws/install/ros2_gopigo3_node:/opt/ros/humble /usr/bin/cmake --install /home/ubuntu/HumbleDave/ros2ws/build/ydlidar_ros2_driver
[21.065s] Level 1:colcon.colcon_core.environment:checking '/home/ubuntu/HumbleDave/ros2ws/install/ydlidar_ros2_driver' for CMake module files
[21.069s] Level 1:colcon.colcon_core.environment:checking '/home/ubuntu/HumbleDave/ros2ws/install/ydlidar_ros2_driver' for CMake config files
[21.074s] Level 1:colcon.colcon_core.shell:create_environment_hook('ydlidar_ros2_driver', 'cmake_prefix_path')
[21.187s] INFO:colcon.colcon_core.shell:Creating environment hook '/home/ubuntu/HumbleDave/ros2ws/install/ydlidar_ros2_driver/share/ydlidar_ros2_driver/hook/cmake_prefix_path.ps1'
[21.190s] INFO:colcon.colcon_core.shell:Creating environment descriptor '/home/ubuntu/HumbleDave/ros2ws/install/ydlidar_ros2_driver/share/ydlidar_ros2_driver/hook/cmake_prefix_path.dsv'
[21.193s] INFO:colcon.colcon_core.shell:Creating environment hook '/home/ubuntu/HumbleDave/ros2ws/install/ydlidar_ros2_driver/share/ydlidar_ros2_driver/hook/cmake_prefix_path.sh'
[21.196s] Level 1:colcon.colcon_core.environment:checking '/home/ubuntu/HumbleDave/ros2ws/install/ydlidar_ros2_driver/lib'
[21.197s] Level 1:colcon.colcon_core.environment:checking '/home/ubuntu/HumbleDave/ros2ws/install/ydlidar_ros2_driver/bin'
[21.197s] Level 1:colcon.colcon_core.environment:checking '/home/ubuntu/HumbleDave/ros2ws/install/ydlidar_ros2_driver/lib/pkgconfig/ydlidar_ros2_driver.pc'
[21.198s] Level 1:colcon.colcon_core.environment:checking '/home/ubuntu/HumbleDave/ros2ws/install/ydlidar_ros2_driver/lib/python3.10/site-packages'
[21.200s] Level 1:colcon.colcon_core.environment:checking '/home/ubuntu/HumbleDave/ros2ws/install/ydlidar_ros2_driver/bin'
[21.315s] INFO:colcon.colcon_core.shell:Creating package script '/home/ubuntu/HumbleDave/ros2ws/install/ydlidar_ros2_driver/share/ydlidar_ros2_driver/package.ps1'
[21.318s] INFO:colcon.colcon_core.shell:Creating package descriptor '/home/ubuntu/HumbleDave/ros2ws/install/ydlidar_ros2_driver/share/ydlidar_ros2_driver/package.dsv'
[21.320s] INFO:colcon.colcon_core.shell:Creating package script '/home/ubuntu/HumbleDave/ros2ws/install/ydlidar_ros2_driver/share/ydlidar_ros2_driver/package.sh'
[21.323s] INFO:colcon.colcon_core.shell:Creating package script '/home/ubuntu/HumbleDave/ros2ws/install/ydlidar_ros2_driver/share/ydlidar_ros2_driver/package.bash'
[21.325s] INFO:colcon.colcon_core.shell:Creating package script '/home/ubuntu/HumbleDave/ros2ws/install/ydlidar_ros2_driver/share/ydlidar_ros2_driver/package.zsh'
[21.327s] Level 1:colcon.colcon_core.environment:create_file_with_runtime_dependencies(/home/ubuntu/HumbleDave/ros2ws/install/ydlidar_ros2_driver/share/colcon-core/packages/ydlidar_ros2_driver)
[21.619s] Level 1:colcon.colcon_core.environment:create_environment_scripts_only(ydlidar_ros2_driver)
[21.719s] Level 1:colcon.colcon_core.environment:checking '/home/ubuntu/HumbleDave/ros2ws/install/ydlidar_ros2_driver' for CMake module files
[21.723s] Level 1:colcon.colcon_core.environment:checking '/home/ubuntu/HumbleDave/ros2ws/install/ydlidar_ros2_driver' for CMake config files
[21.727s] Level 1:colcon.colcon_core.shell:create_environment_hook('ydlidar_ros2_driver', 'cmake_prefix_path')
[21.822s] INFO:colcon.colcon_core.shell:Creating environment hook '/home/ubuntu/HumbleDave/ros2ws/install/ydlidar_ros2_driver/share/ydlidar_ros2_driver/hook/cmake_prefix_path.ps1'
[21.824s] INFO:colcon.colcon_core.shell:Creating environment descriptor '/home/ubuntu/HumbleDave/ros2ws/install/ydlidar_ros2_driver/share/ydlidar_ros2_driver/hook/cmake_prefix_path.dsv'
[21.826s] INFO:colcon.colcon_core.shell:Creating environment hook '/home/ubuntu/HumbleDave/ros2ws/install/ydlidar_ros2_driver/share/ydlidar_ros2_driver/hook/cmake_prefix_path.sh'
[21.829s] Level 1:colcon.colcon_core.environment:checking '/home/ubuntu/HumbleDave/ros2ws/install/ydlidar_ros2_driver/lib'
[21.830s] Level 1:colcon.colcon_core.environment:checking '/home/ubuntu/HumbleDave/ros2ws/install/ydlidar_ros2_driver/bin'
[21.830s] Level 1:colcon.colcon_core.environment:checking '/home/ubuntu/HumbleDave/ros2ws/install/ydlidar_ros2_driver/lib/pkgconfig/ydlidar_ros2_driver.pc'
[21.831s] Level 1:colcon.colcon_core.environment:checking '/home/ubuntu/HumbleDave/ros2ws/install/ydlidar_ros2_driver/lib/python3.10/site-packages'
[21.833s] Level 1:colcon.colcon_core.environment:checking '/home/ubuntu/HumbleDave/ros2ws/install/ydlidar_ros2_driver/bin'
[21.926s] INFO:colcon.colcon_core.shell:Creating package script '/home/ubuntu/HumbleDave/ros2ws/install/ydlidar_ros2_driver/share/ydlidar_ros2_driver/package.ps1'
[21.928s] INFO:colcon.colcon_core.shell:Creating package descriptor '/home/ubuntu/HumbleDave/ros2ws/install/ydlidar_ros2_driver/share/ydlidar_ros2_driver/package.dsv'
[21.931s] INFO:colcon.colcon_core.shell:Creating package script '/home/ubuntu/HumbleDave/ros2ws/install/ydlidar_ros2_driver/share/ydlidar_ros2_driver/package.sh'
[21.934s] INFO:colcon.colcon_core.shell:Creating package script '/home/ubuntu/HumbleDave/ros2ws/install/ydlidar_ros2_driver/share/ydlidar_ros2_driver/package.bash'
[21.937s] INFO:colcon.colcon_core.shell:Creating package script '/home/ubuntu/HumbleDave/ros2ws/install/ydlidar_ros2_driver/share/ydlidar_ros2_driver/package.zsh'
[21.940s] Level 1:colcon.colcon_core.environment:create_file_with_runtime_dependencies(/home/ubuntu/HumbleDave/ros2ws/install/ydlidar_ros2_driver/share/colcon-core/packages/ydlidar_ros2_driver)
[22.919s] DEBUG:colcon.colcon_core.event_handler.log_command:Invoking command in '/home/ubuntu/HumbleDave/ros2ws/build/ros2_gopigo3_node': CMAKE_PREFIX_PATH=/home/ubuntu/HumbleDave/ros2ws/install/ros2_gopigo3_msg:/home/ubuntu/HumbleDave/ros2ws/install/ydlidar_ros2_driver:/home/ubuntu/ros2ws/install/ydlidar_ros2_driver:/home/ubuntu/ros2ws/install/ros2_gopigo3_msg PYTHONPATH=/home/ubuntu/HumbleDave/ros2ws/build/ros2_gopigo3_node/prefix_override:/home/ubuntu/HumbleDave/ros2ws/install/ros2_gopigo3_node/lib/python3.10/site-packages:${PYTHONPATH} /usr/bin/python3 setup.py develop --editable --build-directory /home/ubuntu/HumbleDave/ros2ws/build/ros2_gopigo3_node/build --no-deps install_data
[23.525s] Level 1:colcon.colcon_core.shell:create_environment_hook('teleop_gopigo3_keyboard', 'pythonpath_develop')
[23.526s] DEBUG:colcon.colcon_core.event_handler.log_command:Invoked command in '/home/ubuntu/HumbleDave/ros2ws/build/teleop_gopigo3_keyboard' returned '0': PYTHONPATH=/home/ubuntu/HumbleDave/ros2ws/build/teleop_gopigo3_keyboard/prefix_override:/home/ubuntu/HumbleDave/ros2ws/install/teleop_gopigo3_keyboard/lib/python3.10/site-packages:${PYTHONPATH} /usr/bin/python3 setup.py develop --editable --build-directory /home/ubuntu/HumbleDave/ros2ws/build/teleop_gopigo3_keyboard/build --no-deps install_data
[23.601s] INFO:colcon.colcon_core.shell:Creating environment hook '/home/ubuntu/HumbleDave/ros2ws/build/teleop_gopigo3_keyboard/share/teleop_gopigo3_keyboard/hook/pythonpath_develop.ps1'
[23.603s] INFO:colcon.colcon_core.shell:Creating environment descriptor '/home/ubuntu/HumbleDave/ros2ws/build/teleop_gopigo3_keyboard/share/teleop_gopigo3_keyboard/hook/pythonpath_develop.dsv'
[23.606s] INFO:colcon.colcon_core.shell:Creating environment hook '/home/ubuntu/HumbleDave/ros2ws/build/teleop_gopigo3_keyboard/share/teleop_gopigo3_keyboard/hook/pythonpath_develop.sh'
[23.687s] Level 1:colcon.colcon_core.environment:checking '/home/ubuntu/HumbleDave/ros2ws/install/teleop_gopigo3_keyboard' for CMake module files
[23.689s] Level 1:colcon.colcon_core.environment:checking '/home/ubuntu/HumbleDave/ros2ws/install/teleop_gopigo3_keyboard' for CMake config files
[23.692s] Level 1:colcon.colcon_core.environment:checking '/home/ubuntu/HumbleDave/ros2ws/install/teleop_gopigo3_keyboard/lib'
[23.693s] Level 1:colcon.colcon_core.environment:checking '/home/ubuntu/HumbleDave/ros2ws/install/teleop_gopigo3_keyboard/bin'
[23.693s] Level 1:colcon.colcon_core.environment:checking '/home/ubuntu/HumbleDave/ros2ws/install/teleop_gopigo3_keyboard/lib/pkgconfig/teleop_gopigo3_keyboard.pc'
[23.694s] Level 1:colcon.colcon_core.environment:checking '/home/ubuntu/HumbleDave/ros2ws/install/teleop_gopigo3_keyboard/lib/python3.10/site-packages'
[23.695s] Level 1:colcon.colcon_core.shell:create_environment_hook('teleop_gopigo3_keyboard', 'pythonpath')
[23.770s] INFO:colcon.colcon_core.shell:Creating environment hook '/home/ubuntu/HumbleDave/ros2ws/install/teleop_gopigo3_keyboard/share/teleop_gopigo3_keyboard/hook/pythonpath.ps1'
[23.772s] INFO:colcon.colcon_core.shell:Creating environment descriptor '/home/ubuntu/HumbleDave/ros2ws/install/teleop_gopigo3_keyboard/share/teleop_gopigo3_keyboard/hook/pythonpath.dsv'
[23.774s] INFO:colcon.colcon_core.shell:Creating environment hook '/home/ubuntu/HumbleDave/ros2ws/install/teleop_gopigo3_keyboard/share/teleop_gopigo3_keyboard/hook/pythonpath.sh'
[23.777s] Level 1:colcon.colcon_core.environment:checking '/home/ubuntu/HumbleDave/ros2ws/install/teleop_gopigo3_keyboard/bin'
[23.777s] Level 1:colcon.colcon_core.environment:create_environment_scripts_only(teleop_gopigo3_keyboard)
[23.854s] INFO:colcon.colcon_core.shell:Creating package script '/home/ubuntu/HumbleDave/ros2ws/install/teleop_gopigo3_keyboard/share/teleop_gopigo3_keyboard/package.ps1'
[23.857s] INFO:colcon.colcon_core.shell:Creating package descriptor '/home/ubuntu/HumbleDave/ros2ws/install/teleop_gopigo3_keyboard/share/teleop_gopigo3_keyboard/package.dsv'
[23.859s] INFO:colcon.colcon_core.shell:Creating package script '/home/ubuntu/HumbleDave/ros2ws/install/teleop_gopigo3_keyboard/share/teleop_gopigo3_keyboard/package.sh'
[23.861s] INFO:colcon.colcon_core.shell:Creating package script '/home/ubuntu/HumbleDave/ros2ws/install/teleop_gopigo3_keyboard/share/teleop_gopigo3_keyboard/package.bash'
[23.863s] INFO:colcon.colcon_core.shell:Creating package script '/home/ubuntu/HumbleDave/ros2ws/install/teleop_gopigo3_keyboard/share/teleop_gopigo3_keyboard/package.zsh'
[23.865s] Level 1:colcon.colcon_core.environment:create_file_with_runtime_dependencies(/home/ubuntu/HumbleDave/ros2ws/install/teleop_gopigo3_keyboard/share/colcon-core/packages/teleop_gopigo3_keyboard)
[25.177s] Level 1:colcon.colcon_core.shell:create_environment_hook('ros2_gopigo3_node', 'pythonpath_develop')
[25.178s] DEBUG:colcon.colcon_core.event_handler.log_command:Invoked command in '/home/ubuntu/HumbleDave/ros2ws/build/ros2_gopigo3_node' returned '0': CMAKE_PREFIX_PATH=/home/ubuntu/HumbleDave/ros2ws/install/ros2_gopigo3_msg:/home/ubuntu/HumbleDave/ros2ws/install/ydlidar_ros2_driver:/home/ubuntu/ros2ws/install/ydlidar_ros2_driver:/home/ubuntu/ros2ws/install/ros2_gopigo3_msg PYTHONPATH=/home/ubuntu/HumbleDave/ros2ws/build/ros2_gopigo3_node/prefix_override:/home/ubuntu/HumbleDave/ros2ws/install/ros2_gopigo3_node/lib/python3.10/site-packages:${PYTHONPATH} /usr/bin/python3 setup.py develop --editable --build-directory /home/ubuntu/HumbleDave/ros2ws/build/ros2_gopigo3_node/build --no-deps install_data
[25.244s] INFO:colcon.colcon_core.shell:Creating environment hook '/home/ubuntu/HumbleDave/ros2ws/build/ros2_gopigo3_node/share/ros2_gopigo3_node/hook/pythonpath_develop.ps1'
[25.246s] INFO:colcon.colcon_core.shell:Creating environment descriptor '/home/ubuntu/HumbleDave/ros2ws/build/ros2_gopigo3_node/share/ros2_gopigo3_node/hook/pythonpath_develop.dsv'
[25.248s] INFO:colcon.colcon_core.shell:Creating environment hook '/home/ubuntu/HumbleDave/ros2ws/build/ros2_gopigo3_node/share/ros2_gopigo3_node/hook/pythonpath_develop.sh'
[25.313s] Level 1:colcon.colcon_core.environment:checking '/home/ubuntu/HumbleDave/ros2ws/install/ros2_gopigo3_node' for CMake module files
[25.317s] Level 1:colcon.colcon_core.environment:checking '/home/ubuntu/HumbleDave/ros2ws/install/ros2_gopigo3_node' for CMake config files
[25.320s] Level 1:colcon.colcon_core.environment:checking '/home/ubuntu/HumbleDave/ros2ws/install/ros2_gopigo3_node/lib'
[25.320s] Level 1:colcon.colcon_core.environment:checking '/home/ubuntu/HumbleDave/ros2ws/install/ros2_gopigo3_node/bin'
[25.321s] Level 1:colcon.colcon_core.environment:checking '/home/ubuntu/HumbleDave/ros2ws/install/ros2_gopigo3_node/lib/pkgconfig/ros2_gopigo3_node.pc'
[25.321s] Level 1:colcon.colcon_core.environment:checking '/home/ubuntu/HumbleDave/ros2ws/install/ros2_gopigo3_node/lib/python3.10/site-packages'
[25.322s] Level 1:colcon.colcon_core.shell:create_environment_hook('ros2_gopigo3_node', 'pythonpath')
[25.385s] INFO:colcon.colcon_core.shell:Creating environment hook '/home/ubuntu/HumbleDave/ros2ws/install/ros2_gopigo3_node/share/ros2_gopigo3_node/hook/pythonpath.ps1'
[25.387s] INFO:colcon.colcon_core.shell:Creating environment descriptor '/home/ubuntu/HumbleDave/ros2ws/install/ros2_gopigo3_node/share/ros2_gopigo3_node/hook/pythonpath.dsv'
[25.389s] INFO:colcon.colcon_core.shell:Creating environment hook '/home/ubuntu/HumbleDave/ros2ws/install/ros2_gopigo3_node/share/ros2_gopigo3_node/hook/pythonpath.sh'
[25.392s] Level 1:colcon.colcon_core.environment:checking '/home/ubuntu/HumbleDave/ros2ws/install/ros2_gopigo3_node/bin'
[25.392s] Level 1:colcon.colcon_core.environment:create_environment_scripts_only(ros2_gopigo3_node)
[25.457s] INFO:colcon.colcon_core.shell:Creating package script '/home/ubuntu/HumbleDave/ros2ws/install/ros2_gopigo3_node/share/ros2_gopigo3_node/package.ps1'
[25.460s] INFO:colcon.colcon_core.shell:Creating package descriptor '/home/ubuntu/HumbleDave/ros2ws/install/ros2_gopigo3_node/share/ros2_gopigo3_node/package.dsv'
[25.462s] INFO:colcon.colcon_core.shell:Creating package script '/home/ubuntu/HumbleDave/ros2ws/install/ros2_gopigo3_node/share/ros2_gopigo3_node/package.sh'
[25.464s] INFO:colcon.colcon_core.shell:Creating package script '/home/ubuntu/HumbleDave/ros2ws/install/ros2_gopigo3_node/share/ros2_gopigo3_node/package.bash'
[25.466s] INFO:colcon.colcon_core.shell:Creating package script '/home/ubuntu/HumbleDave/ros2ws/install/ros2_gopigo3_node/share/ros2_gopigo3_node/package.zsh'
[25.468s] Level 1:colcon.colcon_core.environment:create_file_with_runtime_dependencies(/home/ubuntu/HumbleDave/ros2ws/install/ros2_gopigo3_node/share/colcon-core/packages/ros2_gopigo3_node)
[25.469s] DEBUG:colcon.colcon_parallel_executor.executor.parallel:closing loop
[25.470s] DEBUG:colcon.colcon_parallel_executor.executor.parallel:loop closed
[25.471s] DEBUG:colcon.colcon_parallel_executor.executor.parallel:run_until_complete finished with '0'
[25.471s] DEBUG:colcon.colcon_core.event_reactor:joining thread
[25.558s] INFO:colcon.colcon_core.plugin_system:Skipping extension 'colcon_notification.desktop_notification.notify_send': Could not find 'notify-send'
[25.559s] INFO:colcon.colcon_core.plugin_system:Skipping extension 'colcon_notification.desktop_notification.terminal_notifier': Not used on non-Darwin systems
[25.559s] INFO:colcon.colcon_core.plugin_system:Skipping extension 'colcon_notification.desktop_notification.win32': Not used on non-Windows systems
[25.559s] INFO:colcon.colcon_notification.desktop_notification:Sending desktop notification using 'notify2'
[25.562s] DEBUG:colcon.colcon_notification.desktop_notification.notify2:Failed to initialize notify2: org.freedesktop.DBus.Error.ServiceUnknown: The name org.freedesktop.Notifications was not provided by any .service files
[25.563s] DEBUG:colcon.colcon_core.event_reactor:joined thread
[25.631s] INFO:colcon.colcon_core.shell:Creating prefix script '/home/ubuntu/HumbleDave/ros2ws/install/local_setup.ps1'
[25.635s] INFO:colcon.colcon_core.shell:Creating prefix util module '/home/ubuntu/HumbleDave/ros2ws/install/_local_setup_util_ps1.py'
[25.640s] INFO:colcon.colcon_core.shell:Creating prefix chain script '/home/ubuntu/HumbleDave/ros2ws/install/setup.ps1'
[25.711s] INFO:colcon.colcon_core.shell:Creating prefix script '/home/ubuntu/HumbleDave/ros2ws/install/local_setup.sh'
[25.713s] INFO:colcon.colcon_core.shell:Creating prefix util module '/home/ubuntu/HumbleDave/ros2ws/install/_local_setup_util_sh.py'
[25.715s] INFO:colcon.colcon_core.shell:Creating prefix chain script '/home/ubuntu/HumbleDave/ros2ws/install/setup.sh'
[25.786s] INFO:colcon.colcon_core.shell:Creating prefix script '/home/ubuntu/HumbleDave/ros2ws/install/local_setup.bash'
[25.788s] INFO:colcon.colcon_core.shell:Creating prefix chain script '/home/ubuntu/HumbleDave/ros2ws/install/setup.bash'
[25.858s] INFO:colcon.colcon_core.shell:Creating prefix script '/home/ubuntu/HumbleDave/ros2ws/install/local_setup.zsh'
[25.860s] INFO:colcon.colcon_core.shell:Creating prefix chain script '/home/ubuntu/HumbleDave/ros2ws/install/setup.zsh'
