[1.699s] Invoking command in '/home/ubuntu/HumbleDave2/ros2ws/build/ros2_gopigo3_msg': CMAKE_PREFIX_PATH=${CMAKE_PREFIX_PATH}:/home/ubuntu/HumbleDave/ros2ws/install/teleop_gopigo3_keyboard:/home/ubuntu/HumbleDave/ros2ws/install/scan_client:/home/ubuntu/HumbleDave/ros2ws/install/ros2_libcamera_pub:/home/ubuntu/HumbleDave/ros2ws/install/ros2_gopigo3_node:/home/ubuntu/HumbleDave/ros2ws/install/explorer_wanderer:/home/ubuntu/HumbleDave/ros2ws/install/HoROS8:/home/ubuntu/ros2ws/install/ydlidar_ros2_driver:/home/ubuntu/ros2ws/install/teleop_gopigo3_keyboard:/home/ubuntu/ros2ws/install/ros2_libcamera_pub:/home/ubuntu/ros2ws/install/ros2_gopigo3_node:/home/ubuntu/ros2ws/install/ros2_gopigo3_msg:/opt/ros/humble /usr/bin/cmake /home/ubuntu/HumbleDave2/ros2ws/src/ros2_gopigo3_msg -DAMENT_CMAKE_SYMLINK_INSTALL=1 -DCMAKE_INSTALL_PREFIX=/home/ubuntu/HumbleDave2/ros2ws/install/ros2_gopigo3_msg
[5.663s] -- The C compiler identification is GNU 11.4.0
[5.664s] -- The CXX compiler identification is GNU 11.4.0
[5.665s] -- Detecting C compiler ABI info
[5.667s] -- Detecting C compiler ABI info - done
[5.668s] -- Check for working C compiler: /usr/bin/cc - skipped
[5.670s] -- Detecting C compile features
[5.671s] -- Detecting C compile features - done
[5.674s] -- Detecting CXX compiler ABI info
[5.674s] -- Detecting CXX compiler ABI info - done
[5.675s] -- Check for working CXX compiler: /usr/bin/c++ - skipped
[5.676s] -- Detecting CXX compile features
[5.679s] -- Detecting CXX compile features - done
[5.688s] -- Found ament_cmake: 1.3.6 (/opt/ros/humble/share/ament_cmake/cmake)
[5.688s] -- Found Python3: /usr/bin/python3.10 (found version "3.10.12") found components: Interpreter 
[6.340s] -- Override CMake install command with custom implementation using symlinks instead of copying resources
[7.029s] -- Found rosidl_default_generators: 1.2.0 (/opt/ros/humble/share/rosidl_default_generators/cmake)
[7.105s] -- Using all available rosidl_typesupport_c: rosidl_typesupport_fastrtps_c;rosidl_typesupport_introspection_c
[7.297s] -- Found rosidl_adapter: 3.1.5 (/opt/ros/humble/share/rosidl_adapter/cmake)
[8.070s] -- Using all available rosidl_typesupport_cpp: rosidl_typesupport_fastrtps_cpp;rosidl_typesupport_introspection_cpp
[8.580s] -- Found std_msgs: 4.2.3 (/opt/ros/humble/share/std_msgs/cmake)
[11.401s] -- Found ament_cmake_ros: 0.10.0 (/opt/ros/humble/share/ament_cmake_ros/cmake)
[13.407s] -- Using all available rosidl_typesupport_c: rosidl_typesupport_fastrtps_c;rosidl_typesupport_introspection_c
[15.281s] -- Using all available rosidl_typesupport_cpp: rosidl_typesupport_fastrtps_cpp;rosidl_typesupport_introspection_cpp
[15.478s] -- Found PythonInterp: /usr/bin/python3 (found suitable version "3.10.12", minimum required is "3.6") 
[15.517s] -- Found python_cmake_module: 0.10.0 (/opt/ros/humble/share/python_cmake_module/cmake)
[15.722s] -- Found PythonLibs: /usr/lib/aarch64-linux-gnu/libpython3.10.so (found suitable version "3.10.12", minimum required is "3.5") 
[15.723s] -- Using PYTHON_EXECUTABLE: /usr/bin/python3
[15.726s] -- Using PYTHON_INCLUDE_DIRS: /usr/include/python3.10
[15.727s] -- Using PYTHON_LIBRARIES: /usr/lib/aarch64-linux-gnu/libpython3.10.so
[15.901s] -- Found PythonExtra: .so  
[16.309s] -- Found ament_lint_auto: 0.12.9 (/opt/ros/humble/share/ament_lint_auto/cmake)
[16.767s] -- Added test 'copyright' to check source files copyright and LICENSE
[16.791s] -- Added test 'lint_cmake' to check CMake code style
[16.806s] -- Added test 'xmllint' to check XML markup files
[16.853s] -- Configuring done
[17.143s] -- Generating done
[17.165s] -- Build files have been written to: /home/ubuntu/HumbleDave2/ros2ws/build/ros2_gopigo3_msg
[18.791s] Invoked command in '/home/ubuntu/HumbleDave2/ros2ws/build/ros2_gopigo3_msg' returned '0': CMAKE_PREFIX_PATH=${CMAKE_PREFIX_PATH}:/home/ubuntu/HumbleDave/ros2ws/install/teleop_gopigo3_keyboard:/home/ubuntu/HumbleDave/ros2ws/install/scan_client:/home/ubuntu/HumbleDave/ros2ws/install/ros2_libcamera_pub:/home/ubuntu/HumbleDave/ros2ws/install/ros2_gopigo3_node:/home/ubuntu/HumbleDave/ros2ws/install/explorer_wanderer:/home/ubuntu/HumbleDave/ros2ws/install/HoROS8:/home/ubuntu/ros2ws/install/ydlidar_ros2_driver:/home/ubuntu/ros2ws/install/teleop_gopigo3_keyboard:/home/ubuntu/ros2ws/install/ros2_libcamera_pub:/home/ubuntu/ros2ws/install/ros2_gopigo3_node:/home/ubuntu/ros2ws/install/ros2_gopigo3_msg:/opt/ros/humble /usr/bin/cmake /home/ubuntu/HumbleDave2/ros2ws/src/ros2_gopigo3_msg -DAMENT_CMAKE_SYMLINK_INSTALL=1 -DCMAKE_INSTALL_PREFIX=/home/ubuntu/HumbleDave2/ros2ws/install/ros2_gopigo3_msg
[18.802s] Invoking command in '/home/ubuntu/HumbleDave2/ros2ws/build/ros2_gopigo3_msg': CMAKE_PREFIX_PATH=${CMAKE_PREFIX_PATH}:/home/ubuntu/HumbleDave/ros2ws/install/teleop_gopigo3_keyboard:/home/ubuntu/HumbleDave/ros2ws/install/scan_client:/home/ubuntu/HumbleDave/ros2ws/install/ros2_libcamera_pub:/home/ubuntu/HumbleDave/ros2ws/install/ros2_gopigo3_node:/home/ubuntu/HumbleDave/ros2ws/install/explorer_wanderer:/home/ubuntu/HumbleDave/ros2ws/install/HoROS8:/home/ubuntu/ros2ws/install/ydlidar_ros2_driver:/home/ubuntu/ros2ws/install/teleop_gopigo3_keyboard:/home/ubuntu/ros2ws/install/ros2_libcamera_pub:/home/ubuntu/ros2ws/install/ros2_gopigo3_node:/home/ubuntu/ros2ws/install/ros2_gopigo3_msg:/opt/ros/humble /usr/bin/cmake --build /home/ubuntu/HumbleDave2/ros2ws/build/ros2_gopigo3_msg -- -j4 -l4
[19.087s] [  2%] [34m[1mGenerating C code for ROS interfaces[0m
[19.149s] [  2%] Built target ament_cmake_python_symlink_ros2_gopigo3_msg
[19.174s] [  4%] [34m[1mGenerating C++ code for ROS interfaces[0m
[21.222s] running egg_info
[21.225s] creating ros2_gopigo3_msg.egg-info
[21.226s] writing ros2_gopigo3_msg.egg-info/PKG-INFO
[21.226s] writing dependency_links to ros2_gopigo3_msg.egg-info/dependency_links.txt
[21.227s] writing top-level names to ros2_gopigo3_msg.egg-info/top_level.txt
[21.229s] writing manifest file 'ros2_gopigo3_msg.egg-info/SOURCES.txt'
[21.238s] reading manifest file 'ros2_gopigo3_msg.egg-info/SOURCES.txt'
[21.243s] writing manifest file 'ros2_gopigo3_msg.egg-info/SOURCES.txt'
[21.433s] [  4%] Built target ament_cmake_python_build_ros2_gopigo3_msg_egg
[22.955s] [  4%] Built target ros2_gopigo3_msg__cpp
[23.086s] [  6%] [34m[1mGenerating C++ type support dispatch for ROS interfaces[0m
[23.111s] [  8%] [34m[1mGenerating C++ introspection for ROS interfaces[0m
[23.157s] [ 10%] [34m[1mGenerating C++ type support for eProsima Fast-RTPS[0m
[24.780s] [ 12%] [32mBuilding C object CMakeFiles/ros2_gopigo3_msg__rosidl_generator_c.dir/rosidl_generator_c/ros2_gopigo3_msg/msg/detail/motor_status__functions.c.o[0m
[25.537s] [ 14%] [32mBuilding C object CMakeFiles/ros2_gopigo3_msg__rosidl_generator_c.dir/rosidl_generator_c/ros2_gopigo3_msg/msg/detail/motor_status_lr__functions.c.o[0m
[26.251s] [ 17%] [32mBuilding C object CMakeFiles/ros2_gopigo3_msg__rosidl_generator_c.dir/rosidl_generator_c/ros2_gopigo3_msg/srv/detail/spi__functions.c.o[0m
[26.625s] [ 19%] [32mBuilding CXX object CMakeFiles/ros2_gopigo3_msg__rosidl_typesupport_cpp.dir/rosidl_typesupport_cpp/ros2_gopigo3_msg/msg/motor_status__type_support.cpp.o[0m
[26.817s] [ 21%] [32m[1mLinking C shared library libros2_gopigo3_msg__rosidl_generator_c.so[0m
[27.079s] [ 23%] [32mBuilding CXX object CMakeFiles/ros2_gopigo3_msg__rosidl_typesupport_fastrtps_cpp.dir/rosidl_typesupport_fastrtps_cpp/ros2_gopigo3_msg/msg/detail/dds_fastrtps/motor_status__type_support.cpp.o[0m
[27.137s] [ 25%] [32mBuilding CXX object CMakeFiles/ros2_gopigo3_msg__rosidl_typesupport_introspection_cpp.dir/rosidl_typesupport_introspection_cpp/ros2_gopigo3_msg/msg/detail/motor_status__type_support.cpp.o[0m
[27.269s] [ 25%] Built target ros2_gopigo3_msg__rosidl_generator_c
[27.385s] [ 27%] [34m[1mGenerating C type support for eProsima Fast-RTPS[0m
[30.433s] [ 29%] [32mBuilding CXX object CMakeFiles/ros2_gopigo3_msg__rosidl_typesupport_cpp.dir/rosidl_typesupport_cpp/ros2_gopigo3_msg/msg/motor_status_lr__type_support.cpp.o[0m
[31.413s] [ 31%] [32mBuilding CXX object CMakeFiles/ros2_gopigo3_msg__rosidl_typesupport_fastrtps_c.dir/rosidl_typesupport_fastrtps_c/ros2_gopigo3_msg/msg/detail/motor_status__type_support_c.cpp.o[0m
[31.759s] [ 34%] [32mBuilding CXX object CMakeFiles/ros2_gopigo3_msg__rosidl_typesupport_introspection_cpp.dir/rosidl_typesupport_introspection_cpp/ros2_gopigo3_msg/msg/detail/motor_status_lr__type_support.cpp.o[0m
[32.612s] [ 36%] [32mBuilding CXX object CMakeFiles/ros2_gopigo3_msg__rosidl_typesupport_fastrtps_cpp.dir/rosidl_typesupport_fastrtps_cpp/ros2_gopigo3_msg/msg/detail/dds_fastrtps/motor_status_lr__type_support.cpp.o[0m
[33.354s] [ 38%] [32mBuilding CXX object CMakeFiles/ros2_gopigo3_msg__rosidl_typesupport_cpp.dir/rosidl_typesupport_cpp/ros2_gopigo3_msg/srv/spi__type_support.cpp.o[0m
[34.781s] [ 40%] [32mBuilding CXX object CMakeFiles/ros2_gopigo3_msg__rosidl_typesupport_introspection_cpp.dir/rosidl_typesupport_introspection_cpp/ros2_gopigo3_msg/srv/detail/spi__type_support.cpp.o[0m
[34.958s] [ 42%] [32mBuilding CXX object CMakeFiles/ros2_gopigo3_msg__rosidl_typesupport_fastrtps_c.dir/rosidl_typesupport_fastrtps_c/ros2_gopigo3_msg/msg/detail/motor_status_lr__type_support_c.cpp.o[0m
[36.199s] [ 44%] [32mBuilding CXX object CMakeFiles/ros2_gopigo3_msg__rosidl_typesupport_fastrtps_cpp.dir/rosidl_typesupport_fastrtps_cpp/ros2_gopigo3_msg/srv/detail/dds_fastrtps/spi__type_support.cpp.o[0m
[36.630s] [ 46%] [32m[1mLinking CXX shared library libros2_gopigo3_msg__rosidl_typesupport_cpp.so[0m
[37.046s] [ 46%] Built target ros2_gopigo3_msg__rosidl_typesupport_cpp
[37.136s] [ 48%] [34m[1mGenerating C introspection for ROS interfaces[0m
[38.067s] [ 51%] [32mBuilding CXX object CMakeFiles/ros2_gopigo3_msg__rosidl_typesupport_fastrtps_c.dir/rosidl_typesupport_fastrtps_c/ros2_gopigo3_msg/srv/detail/spi__type_support_c.cpp.o[0m
[38.468s] [ 53%] [32m[1mLinking CXX shared library libros2_gopigo3_msg__rosidl_typesupport_introspection_cpp.so[0m
[39.080s] [ 53%] Built target ros2_gopigo3_msg__rosidl_typesupport_introspection_cpp
[39.151s] [ 55%] [34m[1mGenerating C type support dispatch for ROS interfaces[0m
[40.472s] [ 57%] [32mBuilding C object CMakeFiles/ros2_gopigo3_msg__rosidl_typesupport_introspection_c.dir/rosidl_typesupport_introspection_c/ros2_gopigo3_msg/msg/detail/motor_status__type_support.c.o[0m
[40.746s] [ 59%] [32m[1mLinking CXX shared library libros2_gopigo3_msg__rosidl_typesupport_fastrtps_cpp.so[0m
[40.760s] [ 61%] [32mBuilding C object CMakeFiles/ros2_gopigo3_msg__rosidl_typesupport_introspection_c.dir/rosidl_typesupport_introspection_c/ros2_gopigo3_msg/msg/detail/motor_status_lr__type_support.c.o[0m
[40.810s] [ 63%] [32m[1mLinking CXX shared library libros2_gopigo3_msg__rosidl_typesupport_fastrtps_c.so[0m
[41.584s] [ 65%] [32mBuilding C object CMakeFiles/ros2_gopigo3_msg__rosidl_typesupport_introspection_c.dir/rosidl_typesupport_introspection_c/ros2_gopigo3_msg/srv/detail/spi__type_support.c.o[0m
[42.058s] [ 68%] [32m[1mLinking C shared library libros2_gopigo3_msg__rosidl_typesupport_introspection_c.so[0m
[42.401s] [ 68%] Built target ros2_gopigo3_msg__rosidl_typesupport_fastrtps_cpp
[42.435s] [ 68%] Built target ros2_gopigo3_msg__rosidl_typesupport_fastrtps_c
[42.476s] [ 70%] [32mBuilding CXX object CMakeFiles/ros2_gopigo3_msg__rosidl_typesupport_c.dir/rosidl_typesupport_c/ros2_gopigo3_msg/msg/motor_status__type_support.cpp.o[0m
[42.514s] [ 70%] Built target ros2_gopigo3_msg__rosidl_typesupport_introspection_c
[42.561s] [ 72%] [32mBuilding CXX object CMakeFiles/ros2_gopigo3_msg__rosidl_typesupport_c.dir/rosidl_typesupport_c/ros2_gopigo3_msg/msg/motor_status_lr__type_support.cpp.o[0m
[42.563s] [ 74%] [32mBuilding CXX object CMakeFiles/ros2_gopigo3_msg__rosidl_typesupport_c.dir/rosidl_typesupport_c/ros2_gopigo3_msg/srv/spi__type_support.cpp.o[0m
[42.897s] [ 76%] [32m[1mLinking CXX shared library libros2_gopigo3_msg__rosidl_typesupport_c.so[0m
[43.354s] [ 76%] Built target ros2_gopigo3_msg__rosidl_typesupport_c
[43.602s] [ 76%] Built target ros2_gopigo3_msg
[43.830s] [ 78%] [34m[1mGenerating Python code for ROS interfaces[0m
[47.774s] [ 78%] Built target ros2_gopigo3_msg__py
[47.895s] [ 80%] [32mBuilding C object CMakeFiles/ros2_gopigo3_msg__rosidl_generator_py.dir/rosidl_generator_py/ros2_gopigo3_msg/msg/_motor_status_s.c.o[0m
[47.924s] [ 82%] [32mBuilding C object CMakeFiles/ros2_gopigo3_msg__rosidl_generator_py.dir/rosidl_generator_py/ros2_gopigo3_msg/msg/_motor_status_lr_s.c.o[0m
[47.953s] [ 85%] [32mBuilding C object CMakeFiles/ros2_gopigo3_msg__rosidl_generator_py.dir/rosidl_generator_py/ros2_gopigo3_msg/srv/_spi_s.c.o[0m
[49.148s] [ 87%] [32m[1mLinking C shared library rosidl_generator_py/ros2_gopigo3_msg/libros2_gopigo3_msg__rosidl_generator_py.so[0m
[49.449s] [ 87%] Built target ros2_gopigo3_msg__rosidl_generator_py
[49.639s] [ 89%] [32mBuilding C object CMakeFiles/ros2_gopigo3_msg__rosidl_typesupport_fastrtps_c__pyext.dir/rosidl_generator_py/ros2_gopigo3_msg/_ros2_gopigo3_msg_s.ep.rosidl_typesupport_fastrtps_c.c.o[0m
[49.660s] [ 91%] [32mBuilding C object CMakeFiles/ros2_gopigo3_msg__rosidl_typesupport_introspection_c__pyext.dir/rosidl_generator_py/ros2_gopigo3_msg/_ros2_gopigo3_msg_s.ep.rosidl_typesupport_introspection_c.c.o[0m
[49.686s] [ 93%] [32mBuilding C object CMakeFiles/ros2_gopigo3_msg__rosidl_typesupport_c__pyext.dir/rosidl_generator_py/ros2_gopigo3_msg/_ros2_gopigo3_msg_s.ep.rosidl_typesupport_c.c.o[0m
[50.756s] [ 95%] [32m[1mLinking C shared library rosidl_generator_py/ros2_gopigo3_msg/ros2_gopigo3_msg_s__rosidl_typesupport_fastrtps_c.cpython-310-aarch64-linux-gnu.so[0m
[50.984s] [ 97%] [32m[1mLinking C shared library rosidl_generator_py/ros2_gopigo3_msg/ros2_gopigo3_msg_s__rosidl_typesupport_c.cpython-310-aarch64-linux-gnu.so[0m
[51.056s] [100%] [32m[1mLinking C shared library rosidl_generator_py/ros2_gopigo3_msg/ros2_gopigo3_msg_s__rosidl_typesupport_introspection_c.cpython-310-aarch64-linux-gnu.so[0m
[51.201s] [100%] Built target ros2_gopigo3_msg__rosidl_typesupport_fastrtps_c__pyext
[51.449s] [100%] Built target ros2_gopigo3_msg__rosidl_typesupport_c__pyext
[51.519s] [100%] Built target ros2_gopigo3_msg__rosidl_typesupport_introspection_c__pyext
[51.591s] Invoked command in '/home/ubuntu/HumbleDave2/ros2ws/build/ros2_gopigo3_msg' returned '0': CMAKE_PREFIX_PATH=${CMAKE_PREFIX_PATH}:/home/ubuntu/HumbleDave/ros2ws/install/teleop_gopigo3_keyboard:/home/ubuntu/HumbleDave/ros2ws/install/scan_client:/home/ubuntu/HumbleDave/ros2ws/install/ros2_libcamera_pub:/home/ubuntu/HumbleDave/ros2ws/install/ros2_gopigo3_node:/home/ubuntu/HumbleDave/ros2ws/install/explorer_wanderer:/home/ubuntu/HumbleDave/ros2ws/install/HoROS8:/home/ubuntu/ros2ws/install/ydlidar_ros2_driver:/home/ubuntu/ros2ws/install/teleop_gopigo3_keyboard:/home/ubuntu/ros2ws/install/ros2_libcamera_pub:/home/ubuntu/ros2ws/install/ros2_gopigo3_node:/home/ubuntu/ros2ws/install/ros2_gopigo3_msg:/opt/ros/humble /usr/bin/cmake --build /home/ubuntu/HumbleDave2/ros2ws/build/ros2_gopigo3_msg -- -j4 -l4
[52.540s] Invoking command in '/home/ubuntu/HumbleDave2/ros2ws/build/ros2_gopigo3_msg': CMAKE_PREFIX_PATH=${CMAKE_PREFIX_PATH}:/home/ubuntu/HumbleDave/ros2ws/install/teleop_gopigo3_keyboard:/home/ubuntu/HumbleDave/ros2ws/install/scan_client:/home/ubuntu/HumbleDave/ros2ws/install/ros2_libcamera_pub:/home/ubuntu/HumbleDave/ros2ws/install/ros2_gopigo3_node:/home/ubuntu/HumbleDave/ros2ws/install/explorer_wanderer:/home/ubuntu/HumbleDave/ros2ws/install/HoROS8:/home/ubuntu/ros2ws/install/ydlidar_ros2_driver:/home/ubuntu/ros2ws/install/teleop_gopigo3_keyboard:/home/ubuntu/ros2ws/install/ros2_libcamera_pub:/home/ubuntu/ros2ws/install/ros2_gopigo3_node:/home/ubuntu/ros2ws/install/ros2_gopigo3_msg:/opt/ros/humble /usr/bin/cmake --install /home/ubuntu/HumbleDave2/ros2ws/build/ros2_gopigo3_msg
[52.598s] -- Install configuration: ""
[52.602s] -- Execute custom install script
[52.605s] -- Symlinking: /home/ubuntu/HumbleDave2/ros2ws/install/ros2_gopigo3_msg/share/ament_index/resource_index/rosidl_interfaces/ros2_gopigo3_msg
[52.683s] -- Symlinking: /home/ubuntu/HumbleDave2/ros2ws/install/ros2_gopigo3_msg/include/ros2_gopigo3_msg/ros2_gopigo3_msg/msg/detail/motor_status__functions.h
[52.741s] -- Symlinking: /home/ubuntu/HumbleDave2/ros2ws/install/ros2_gopigo3_msg/include/ros2_gopigo3_msg/ros2_gopigo3_msg/msg/detail/motor_status__struct.h
[52.793s] -- Symlinking: /home/ubuntu/HumbleDave2/ros2ws/install/ros2_gopigo3_msg/include/ros2_gopigo3_msg/ros2_gopigo3_msg/msg/detail/motor_status__type_support.h
[52.841s] -- Symlinking: /home/ubuntu/HumbleDave2/ros2ws/install/ros2_gopigo3_msg/include/ros2_gopigo3_msg/ros2_gopigo3_msg/msg/detail/motor_status_lr__functions.h
[52.897s] -- Symlinking: /home/ubuntu/HumbleDave2/ros2ws/install/ros2_gopigo3_msg/include/ros2_gopigo3_msg/ros2_gopigo3_msg/msg/detail/motor_status_lr__struct.h
[52.953s] -- Symlinking: /home/ubuntu/HumbleDave2/ros2ws/install/ros2_gopigo3_msg/include/ros2_gopigo3_msg/ros2_gopigo3_msg/msg/detail/motor_status_lr__type_support.h
[53.019s] -- Symlinking: /home/ubuntu/HumbleDave2/ros2ws/install/ros2_gopigo3_msg/include/ros2_gopigo3_msg/ros2_gopigo3_msg/msg/motor_status.h
[53.076s] -- Symlinking: /home/ubuntu/HumbleDave2/ros2ws/install/ros2_gopigo3_msg/include/ros2_gopigo3_msg/ros2_gopigo3_msg/msg/motor_status_lr.h
[53.134s] -- Symlinking: /home/ubuntu/HumbleDave2/ros2ws/install/ros2_gopigo3_msg/include/ros2_gopigo3_msg/ros2_gopigo3_msg/msg/rosidl_generator_c__visibility_control.h
[53.189s] -- Symlinking: /home/ubuntu/HumbleDave2/ros2ws/install/ros2_gopigo3_msg/include/ros2_gopigo3_msg/ros2_gopigo3_msg/srv/detail/spi__functions.h
[53.235s] -- Symlinking: /home/ubuntu/HumbleDave2/ros2ws/install/ros2_gopigo3_msg/include/ros2_gopigo3_msg/ros2_gopigo3_msg/srv/detail/spi__struct.h
[53.289s] -- Symlinking: /home/ubuntu/HumbleDave2/ros2ws/install/ros2_gopigo3_msg/include/ros2_gopigo3_msg/ros2_gopigo3_msg/srv/detail/spi__type_support.h
[53.341s] -- Symlinking: /home/ubuntu/HumbleDave2/ros2ws/install/ros2_gopigo3_msg/include/ros2_gopigo3_msg/ros2_gopigo3_msg/srv/spi.h
[53.391s] -- Symlinking: /home/ubuntu/HumbleDave2/ros2ws/install/ros2_gopigo3_msg/share/ros2_gopigo3_msg/environment/library_path.sh
[53.432s] -- Symlinking: /home/ubuntu/HumbleDave2/ros2ws/install/ros2_gopigo3_msg/share/ros2_gopigo3_msg/environment/library_path.dsv
[53.478s] -- Symlinking: /home/ubuntu/HumbleDave2/ros2ws/install/ros2_gopigo3_msg/include/ros2_gopigo3_msg/ros2_gopigo3_msg/msg/detail/motor_status__rosidl_typesupport_fastrtps_c.h
[53.521s] -- Symlinking: /home/ubuntu/HumbleDave2/ros2ws/install/ros2_gopigo3_msg/include/ros2_gopigo3_msg/ros2_gopigo3_msg/msg/detail/motor_status_lr__rosidl_typesupport_fastrtps_c.h
[53.579s] -- Symlinking: /home/ubuntu/HumbleDave2/ros2ws/install/ros2_gopigo3_msg/include/ros2_gopigo3_msg/ros2_gopigo3_msg/msg/rosidl_typesupport_fastrtps_c__visibility_control.h
[53.631s] -- Symlinking: /home/ubuntu/HumbleDave2/ros2ws/install/ros2_gopigo3_msg/include/ros2_gopigo3_msg/ros2_gopigo3_msg/srv/detail/spi__rosidl_typesupport_fastrtps_c.h
[53.683s] -- Symlinking: /home/ubuntu/HumbleDave2/ros2ws/install/ros2_gopigo3_msg/include/ros2_gopigo3_msg/ros2_gopigo3_msg/msg/detail/motor_status__rosidl_typesupport_introspection_c.h
[53.733s] -- Symlinking: /home/ubuntu/HumbleDave2/ros2ws/install/ros2_gopigo3_msg/include/ros2_gopigo3_msg/ros2_gopigo3_msg/msg/detail/motor_status_lr__rosidl_typesupport_introspection_c.h
[53.782s] -- Symlinking: /home/ubuntu/HumbleDave2/ros2ws/install/ros2_gopigo3_msg/include/ros2_gopigo3_msg/ros2_gopigo3_msg/msg/rosidl_typesupport_introspection_c__visibility_control.h
[53.845s] -- Symlinking: /home/ubuntu/HumbleDave2/ros2ws/install/ros2_gopigo3_msg/include/ros2_gopigo3_msg/ros2_gopigo3_msg/srv/detail/spi__rosidl_typesupport_introspection_c.h
[53.893s] -- Symlinking: /home/ubuntu/HumbleDave2/ros2ws/install/ros2_gopigo3_msg/include/ros2_gopigo3_msg/ros2_gopigo3_msg/msg/detail/motor_status__builder.hpp
[53.943s] -- Symlinking: /home/ubuntu/HumbleDave2/ros2ws/install/ros2_gopigo3_msg/include/ros2_gopigo3_msg/ros2_gopigo3_msg/msg/detail/motor_status__struct.hpp
[54.023s] -- Symlinking: /home/ubuntu/HumbleDave2/ros2ws/install/ros2_gopigo3_msg/include/ros2_gopigo3_msg/ros2_gopigo3_msg/msg/detail/motor_status__traits.hpp
[54.074s] -- Symlinking: /home/ubuntu/HumbleDave2/ros2ws/install/ros2_gopigo3_msg/include/ros2_gopigo3_msg/ros2_gopigo3_msg/msg/detail/motor_status_lr__builder.hpp
[54.127s] -- Symlinking: /home/ubuntu/HumbleDave2/ros2ws/install/ros2_gopigo3_msg/include/ros2_gopigo3_msg/ros2_gopigo3_msg/msg/detail/motor_status_lr__struct.hpp
[54.170s] -- Symlinking: /home/ubuntu/HumbleDave2/ros2ws/install/ros2_gopigo3_msg/include/ros2_gopigo3_msg/ros2_gopigo3_msg/msg/detail/motor_status_lr__traits.hpp
[54.215s] -- Symlinking: /home/ubuntu/HumbleDave2/ros2ws/install/ros2_gopigo3_msg/include/ros2_gopigo3_msg/ros2_gopigo3_msg/msg/motor_status.hpp
[54.257s] -- Symlinking: /home/ubuntu/HumbleDave2/ros2ws/install/ros2_gopigo3_msg/include/ros2_gopigo3_msg/ros2_gopigo3_msg/msg/motor_status_lr.hpp
[54.302s] -- Symlinking: /home/ubuntu/HumbleDave2/ros2ws/install/ros2_gopigo3_msg/include/ros2_gopigo3_msg/ros2_gopigo3_msg/srv/detail/spi__builder.hpp
[54.341s] -- Symlinking: /home/ubuntu/HumbleDave2/ros2ws/install/ros2_gopigo3_msg/include/ros2_gopigo3_msg/ros2_gopigo3_msg/srv/detail/spi__struct.hpp
[54.382s] -- Symlinking: /home/ubuntu/HumbleDave2/ros2ws/install/ros2_gopigo3_msg/include/ros2_gopigo3_msg/ros2_gopigo3_msg/srv/detail/spi__traits.hpp
[54.424s] -- Symlinking: /home/ubuntu/HumbleDave2/ros2ws/install/ros2_gopigo3_msg/include/ros2_gopigo3_msg/ros2_gopigo3_msg/srv/spi.hpp
[54.478s] -- Symlinking: /home/ubuntu/HumbleDave2/ros2ws/install/ros2_gopigo3_msg/include/ros2_gopigo3_msg/ros2_gopigo3_msg/msg/detail/motor_status__rosidl_typesupport_fastrtps_cpp.hpp
[54.517s] -- Symlinking: /home/ubuntu/HumbleDave2/ros2ws/install/ros2_gopigo3_msg/include/ros2_gopigo3_msg/ros2_gopigo3_msg/msg/detail/motor_status_lr__rosidl_typesupport_fastrtps_cpp.hpp
[54.565s] -- Symlinking: /home/ubuntu/HumbleDave2/ros2ws/install/ros2_gopigo3_msg/include/ros2_gopigo3_msg/ros2_gopigo3_msg/msg/rosidl_typesupport_fastrtps_cpp__visibility_control.h
[54.606s] -- Symlinking: /home/ubuntu/HumbleDave2/ros2ws/install/ros2_gopigo3_msg/include/ros2_gopigo3_msg/ros2_gopigo3_msg/srv/detail/spi__rosidl_typesupport_fastrtps_cpp.hpp
[54.658s] -- Symlinking: /home/ubuntu/HumbleDave2/ros2ws/install/ros2_gopigo3_msg/include/ros2_gopigo3_msg/ros2_gopigo3_msg/msg/detail/motor_status__rosidl_typesupport_introspection_cpp.hpp
[54.702s] -- Symlinking: /home/ubuntu/HumbleDave2/ros2ws/install/ros2_gopigo3_msg/include/ros2_gopigo3_msg/ros2_gopigo3_msg/msg/detail/motor_status_lr__rosidl_typesupport_introspection_cpp.hpp
[54.745s] -- Symlinking: /home/ubuntu/HumbleDave2/ros2ws/install/ros2_gopigo3_msg/include/ros2_gopigo3_msg/ros2_gopigo3_msg/srv/detail/spi__rosidl_typesupport_introspection_cpp.hpp
[54.790s] -- Symlinking: /home/ubuntu/HumbleDave2/ros2ws/install/ros2_gopigo3_msg/share/ros2_gopigo3_msg/environment/pythonpath.sh
[54.833s] -- Symlinking: /home/ubuntu/HumbleDave2/ros2ws/install/ros2_gopigo3_msg/share/ros2_gopigo3_msg/environment/pythonpath.dsv
[54.892s] -- Symlinking: /home/ubuntu/HumbleDave2/ros2ws/install/ros2_gopigo3_msg/local/lib/python3.10/dist-packages/ros2_gopigo3_msg-0.0.0-py3.10.egg-info/PKG-INFO
[54.933s] -- Symlinking: /home/ubuntu/HumbleDave2/ros2ws/install/ros2_gopigo3_msg/local/lib/python3.10/dist-packages/ros2_gopigo3_msg-0.0.0-py3.10.egg-info/SOURCES.txt
[54.975s] -- Symlinking: /home/ubuntu/HumbleDave2/ros2ws/install/ros2_gopigo3_msg/local/lib/python3.10/dist-packages/ros2_gopigo3_msg-0.0.0-py3.10.egg-info/dependency_links.txt
[55.018s] -- Symlinking: /home/ubuntu/HumbleDave2/ros2ws/install/ros2_gopigo3_msg/local/lib/python3.10/dist-packages/ros2_gopigo3_msg-0.0.0-py3.10.egg-info/top_level.txt
[55.064s] -- Symlinking: /home/ubuntu/HumbleDave2/ros2ws/install/ros2_gopigo3_msg/local/lib/python3.10/dist-packages/ros2_gopigo3_msg/__init__.py
[55.117s] -- Symlinking: /home/ubuntu/HumbleDave2/ros2ws/install/ros2_gopigo3_msg/local/lib/python3.10/dist-packages/ros2_gopigo3_msg/_ros2_gopigo3_msg_s.ep.rosidl_typesupport_c.c
[55.161s] -- Symlinking: /home/ubuntu/HumbleDave2/ros2ws/install/ros2_gopigo3_msg/local/lib/python3.10/dist-packages/ros2_gopigo3_msg/_ros2_gopigo3_msg_s.ep.rosidl_typesupport_fastrtps_c.c
[55.201s] -- Symlinking: /home/ubuntu/HumbleDave2/ros2ws/install/ros2_gopigo3_msg/local/lib/python3.10/dist-packages/ros2_gopigo3_msg/_ros2_gopigo3_msg_s.ep.rosidl_typesupport_introspection_c.c
[55.244s] -- Symlinking: /home/ubuntu/HumbleDave2/ros2ws/install/ros2_gopigo3_msg/local/lib/python3.10/dist-packages/ros2_gopigo3_msg/libros2_gopigo3_msg__rosidl_generator_py.so
[55.292s] -- Symlinking: /home/ubuntu/HumbleDave2/ros2ws/install/ros2_gopigo3_msg/local/lib/python3.10/dist-packages/ros2_gopigo3_msg/msg/__init__.py
[55.333s] -- Symlinking: /home/ubuntu/HumbleDave2/ros2ws/install/ros2_gopigo3_msg/local/lib/python3.10/dist-packages/ros2_gopigo3_msg/msg/_motor_status.py
[55.381s] -- Symlinking: /home/ubuntu/HumbleDave2/ros2ws/install/ros2_gopigo3_msg/local/lib/python3.10/dist-packages/ros2_gopigo3_msg/msg/_motor_status_lr.py
[55.422s] -- Symlinking: /home/ubuntu/HumbleDave2/ros2ws/install/ros2_gopigo3_msg/local/lib/python3.10/dist-packages/ros2_gopigo3_msg/msg/_motor_status_lr_s.c
[55.465s] -- Symlinking: /home/ubuntu/HumbleDave2/ros2ws/install/ros2_gopigo3_msg/local/lib/python3.10/dist-packages/ros2_gopigo3_msg/msg/_motor_status_s.c
[55.506s] -- Symlinking: /home/ubuntu/HumbleDave2/ros2ws/install/ros2_gopigo3_msg/local/lib/python3.10/dist-packages/ros2_gopigo3_msg/ros2_gopigo3_msg_s__rosidl_typesupport_c.cpython-310-aarch64-linux-gnu.so
[55.547s] -- Symlinking: /home/ubuntu/HumbleDave2/ros2ws/install/ros2_gopigo3_msg/local/lib/python3.10/dist-packages/ros2_gopigo3_msg/ros2_gopigo3_msg_s__rosidl_typesupport_fastrtps_c.cpython-310-aarch64-linux-gnu.so
[55.606s] -- Symlinking: /home/ubuntu/HumbleDave2/ros2ws/install/ros2_gopigo3_msg/local/lib/python3.10/dist-packages/ros2_gopigo3_msg/ros2_gopigo3_msg_s__rosidl_typesupport_introspection_c.cpython-310-aarch64-linux-gnu.so
[55.646s] -- Symlinking: /home/ubuntu/HumbleDave2/ros2ws/install/ros2_gopigo3_msg/local/lib/python3.10/dist-packages/ros2_gopigo3_msg/srv/__init__.py
[55.682s] -- Symlinking: /home/ubuntu/HumbleDave2/ros2ws/install/ros2_gopigo3_msg/local/lib/python3.10/dist-packages/ros2_gopigo3_msg/srv/_spi.py
[55.725s] -- Symlinking: /home/ubuntu/HumbleDave2/ros2ws/install/ros2_gopigo3_msg/local/lib/python3.10/dist-packages/ros2_gopigo3_msg/srv/_spi_s.c
[55.762s] -- Up-to-date symlink: /home/ubuntu/HumbleDave2/ros2ws/install/ros2_gopigo3_msg/local/lib/python3.10/dist-packages/ros2_gopigo3_msg/ros2_gopigo3_msg_s__rosidl_typesupport_fastrtps_c.cpython-310-aarch64-linux-gnu.so
[55.765s] -- Up-to-date symlink: /home/ubuntu/HumbleDave2/ros2ws/install/ros2_gopigo3_msg/local/lib/python3.10/dist-packages/ros2_gopigo3_msg/ros2_gopigo3_msg_s__rosidl_typesupport_introspection_c.cpython-310-aarch64-linux-gnu.so
[55.767s] -- Up-to-date symlink: /home/ubuntu/HumbleDave2/ros2ws/install/ros2_gopigo3_msg/local/lib/python3.10/dist-packages/ros2_gopigo3_msg/ros2_gopigo3_msg_s__rosidl_typesupport_c.cpython-310-aarch64-linux-gnu.so
[55.768s] -- Symlinking: /home/ubuntu/HumbleDave2/ros2ws/install/ros2_gopigo3_msg/share/ros2_gopigo3_msg/msg/MotorStatus.idl
[55.809s] -- Symlinking: /home/ubuntu/HumbleDave2/ros2ws/install/ros2_gopigo3_msg/share/ros2_gopigo3_msg/msg/MotorStatusLR.idl
[55.847s] -- Symlinking: /home/ubuntu/HumbleDave2/ros2ws/install/ros2_gopigo3_msg/share/ros2_gopigo3_msg/srv/SPI.idl
[55.885s] -- Symlinking: /home/ubuntu/HumbleDave2/ros2ws/install/ros2_gopigo3_msg/share/ros2_gopigo3_msg/msg/MotorStatus.msg
[55.922s] -- Symlinking: /home/ubuntu/HumbleDave2/ros2ws/install/ros2_gopigo3_msg/share/ros2_gopigo3_msg/msg/MotorStatusLR.msg
[55.959s] -- Symlinking: /home/ubuntu/HumbleDave2/ros2ws/install/ros2_gopigo3_msg/share/ros2_gopigo3_msg/srv/SPI.srv
[55.997s] -- Symlinking: /home/ubuntu/HumbleDave2/ros2ws/install/ros2_gopigo3_msg/share/ros2_gopigo3_msg/srv/SPI_Request.msg
[56.039s] -- Symlinking: /home/ubuntu/HumbleDave2/ros2ws/install/ros2_gopigo3_msg/share/ros2_gopigo3_msg/srv/SPI_Response.msg
[56.076s] -- Symlinking: /home/ubuntu/HumbleDave2/ros2ws/install/ros2_gopigo3_msg/share/ament_index/resource_index/package_run_dependencies/ros2_gopigo3_msg
[56.114s] -- Symlinking: /home/ubuntu/HumbleDave2/ros2ws/install/ros2_gopigo3_msg/share/ament_index/resource_index/parent_prefix_path/ros2_gopigo3_msg
[56.152s] -- Symlinking: /home/ubuntu/HumbleDave2/ros2ws/install/ros2_gopigo3_msg/share/ros2_gopigo3_msg/environment/ament_prefix_path.sh
[56.190s] -- Symlinking: /home/ubuntu/HumbleDave2/ros2ws/install/ros2_gopigo3_msg/share/ros2_gopigo3_msg/environment/ament_prefix_path.dsv
[56.229s] -- Symlinking: /home/ubuntu/HumbleDave2/ros2ws/install/ros2_gopigo3_msg/share/ros2_gopigo3_msg/environment/path.sh
[56.275s] -- Symlinking: /home/ubuntu/HumbleDave2/ros2ws/install/ros2_gopigo3_msg/share/ros2_gopigo3_msg/environment/path.dsv
[56.317s] -- Symlinking: /home/ubuntu/HumbleDave2/ros2ws/install/ros2_gopigo3_msg/share/ros2_gopigo3_msg/local_setup.bash
[56.359s] -- Symlinking: /home/ubuntu/HumbleDave2/ros2ws/install/ros2_gopigo3_msg/share/ros2_gopigo3_msg/local_setup.sh
[56.404s] -- Symlinking: /home/ubuntu/HumbleDave2/ros2ws/install/ros2_gopigo3_msg/share/ros2_gopigo3_msg/local_setup.zsh
[56.447s] -- Symlinking: /home/ubuntu/HumbleDave2/ros2ws/install/ros2_gopigo3_msg/share/ros2_gopigo3_msg/local_setup.dsv
[56.490s] -- Symlinking: /home/ubuntu/HumbleDave2/ros2ws/install/ros2_gopigo3_msg/share/ros2_gopigo3_msg/package.dsv
[56.533s] -- Symlinking: /home/ubuntu/HumbleDave2/ros2ws/install/ros2_gopigo3_msg/share/ament_index/resource_index/packages/ros2_gopigo3_msg
[56.577s] -- Symlinking: /home/ubuntu/HumbleDave2/ros2ws/install/ros2_gopigo3_msg/share/ros2_gopigo3_msg/cmake/rosidl_cmake-extras.cmake
[56.614s] -- Symlinking: /home/ubuntu/HumbleDave2/ros2ws/install/ros2_gopigo3_msg/share/ros2_gopigo3_msg/cmake/ament_cmake_export_dependencies-extras.cmake
[56.652s] -- Symlinking: /home/ubuntu/HumbleDave2/ros2ws/install/ros2_gopigo3_msg/share/ros2_gopigo3_msg/cmake/ament_cmake_export_include_directories-extras.cmake
[56.689s] -- Symlinking: /home/ubuntu/HumbleDave2/ros2ws/install/ros2_gopigo3_msg/share/ros2_gopigo3_msg/cmake/ament_cmake_export_libraries-extras.cmake
[56.728s] -- Symlinking: /home/ubuntu/HumbleDave2/ros2ws/install/ros2_gopigo3_msg/share/ros2_gopigo3_msg/cmake/ament_cmake_export_targets-extras.cmake
[56.765s] -- Symlinking: /home/ubuntu/HumbleDave2/ros2ws/install/ros2_gopigo3_msg/share/ros2_gopigo3_msg/cmake/rosidl_cmake_export_typesupport_targets-extras.cmake
[56.804s] -- Symlinking: /home/ubuntu/HumbleDave2/ros2ws/install/ros2_gopigo3_msg/share/ros2_gopigo3_msg/cmake/rosidl_cmake_export_typesupport_libraries-extras.cmake
[56.843s] -- Symlinking: /home/ubuntu/HumbleDave2/ros2ws/install/ros2_gopigo3_msg/share/ros2_gopigo3_msg/cmake/ros2_gopigo3_msgConfig.cmake
[56.883s] -- Symlinking: /home/ubuntu/HumbleDave2/ros2ws/install/ros2_gopigo3_msg/share/ros2_gopigo3_msg/cmake/ros2_gopigo3_msgConfig-version.cmake
[56.926s] -- Symlinking: /home/ubuntu/HumbleDave2/ros2ws/install/ros2_gopigo3_msg/share/ros2_gopigo3_msg/package.xml
[56.970s] -- Installing: /home/ubuntu/HumbleDave2/ros2ws/install/ros2_gopigo3_msg/lib/libros2_gopigo3_msg__rosidl_generator_c.so
[56.975s] -- Set runtime path of "/home/ubuntu/HumbleDave2/ros2ws/install/ros2_gopigo3_msg/lib/libros2_gopigo3_msg__rosidl_generator_c.so" to ""
[56.977s] -- Installing: /home/ubuntu/HumbleDave2/ros2ws/install/ros2_gopigo3_msg/lib/libros2_gopigo3_msg__rosidl_typesupport_fastrtps_c.so
[56.981s] -- Set runtime path of "/home/ubuntu/HumbleDave2/ros2ws/install/ros2_gopigo3_msg/lib/libros2_gopigo3_msg__rosidl_typesupport_fastrtps_c.so" to ""
[56.983s] -- Installing: /home/ubuntu/HumbleDave2/ros2ws/install/ros2_gopigo3_msg/lib/libros2_gopigo3_msg__rosidl_typesupport_introspection_c.so
[56.987s] -- Set runtime path of "/home/ubuntu/HumbleDave2/ros2ws/install/ros2_gopigo3_msg/lib/libros2_gopigo3_msg__rosidl_typesupport_introspection_c.so" to ""
[56.989s] -- Installing: /home/ubuntu/HumbleDave2/ros2ws/install/ros2_gopigo3_msg/lib/libros2_gopigo3_msg__rosidl_typesupport_c.so
[56.993s] -- Set runtime path of "/home/ubuntu/HumbleDave2/ros2ws/install/ros2_gopigo3_msg/lib/libros2_gopigo3_msg__rosidl_typesupport_c.so" to ""
[56.995s] -- Installing: /home/ubuntu/HumbleDave2/ros2ws/install/ros2_gopigo3_msg/lib/libros2_gopigo3_msg__rosidl_typesupport_fastrtps_cpp.so
[56.999s] -- Set runtime path of "/home/ubuntu/HumbleDave2/ros2ws/install/ros2_gopigo3_msg/lib/libros2_gopigo3_msg__rosidl_typesupport_fastrtps_cpp.so" to ""
[57.001s] -- Installing: /home/ubuntu/HumbleDave2/ros2ws/install/ros2_gopigo3_msg/lib/libros2_gopigo3_msg__rosidl_typesupport_introspection_cpp.so
[57.006s] -- Set runtime path of "/home/ubuntu/HumbleDave2/ros2ws/install/ros2_gopigo3_msg/lib/libros2_gopigo3_msg__rosidl_typesupport_introspection_cpp.so" to ""
[57.008s] -- Installing: /home/ubuntu/HumbleDave2/ros2ws/install/ros2_gopigo3_msg/lib/libros2_gopigo3_msg__rosidl_typesupport_cpp.so
[57.013s] -- Set runtime path of "/home/ubuntu/HumbleDave2/ros2ws/install/ros2_gopigo3_msg/lib/libros2_gopigo3_msg__rosidl_typesupport_cpp.so" to ""
[57.301s] Listing '/home/ubuntu/HumbleDave2/ros2ws/install/ros2_gopigo3_msg/local/lib/python3.10/dist-packages/ros2_gopigo3_msg'...
[57.304s] Compiling '/home/ubuntu/HumbleDave2/ros2ws/install/ros2_gopigo3_msg/local/lib/python3.10/dist-packages/ros2_gopigo3_msg/__init__.py'...
[57.309s] Listing '/home/ubuntu/HumbleDave2/ros2ws/install/ros2_gopigo3_msg/local/lib/python3.10/dist-packages/ros2_gopigo3_msg/msg'...
[57.312s] Compiling '/home/ubuntu/HumbleDave2/ros2ws/install/ros2_gopigo3_msg/local/lib/python3.10/dist-packages/ros2_gopigo3_msg/msg/__init__.py'...
[57.314s] Compiling '/home/ubuntu/HumbleDave2/ros2ws/install/ros2_gopigo3_msg/local/lib/python3.10/dist-packages/ros2_gopigo3_msg/msg/_motor_status.py'...
[57.315s] Compiling '/home/ubuntu/HumbleDave2/ros2ws/install/ros2_gopigo3_msg/local/lib/python3.10/dist-packages/ros2_gopigo3_msg/msg/_motor_status_lr.py'...
[57.317s] Listing '/home/ubuntu/HumbleDave2/ros2ws/install/ros2_gopigo3_msg/local/lib/python3.10/dist-packages/ros2_gopigo3_msg/srv'...
[57.318s] Compiling '/home/ubuntu/HumbleDave2/ros2ws/install/ros2_gopigo3_msg/local/lib/python3.10/dist-packages/ros2_gopigo3_msg/srv/__init__.py'...
[57.320s] Compiling '/home/ubuntu/HumbleDave2/ros2ws/install/ros2_gopigo3_msg/local/lib/python3.10/dist-packages/ros2_gopigo3_msg/srv/_spi.py'...
[57.343s] -- Installing: /home/ubuntu/HumbleDave2/ros2ws/install/ros2_gopigo3_msg/lib/libros2_gopigo3_msg__rosidl_generator_py.so
[57.344s] -- Set runtime path of "/home/ubuntu/HumbleDave2/ros2ws/install/ros2_gopigo3_msg/lib/libros2_gopigo3_msg__rosidl_generator_py.so" to ""
[57.348s] -- Installing: /home/ubuntu/HumbleDave2/ros2ws/install/ros2_gopigo3_msg/share/ros2_gopigo3_msg/cmake/export_ros2_gopigo3_msg__rosidl_generator_cExport.cmake
[57.350s] -- Installing: /home/ubuntu/HumbleDave2/ros2ws/install/ros2_gopigo3_msg/share/ros2_gopigo3_msg/cmake/export_ros2_gopigo3_msg__rosidl_generator_cExport-noconfig.cmake
[57.351s] -- Installing: /home/ubuntu/HumbleDave2/ros2ws/install/ros2_gopigo3_msg/share/ros2_gopigo3_msg/cmake/export_ros2_gopigo3_msg__rosidl_typesupport_fastrtps_cExport.cmake
[57.354s] -- Installing: /home/ubuntu/HumbleDave2/ros2ws/install/ros2_gopigo3_msg/share/ros2_gopigo3_msg/cmake/export_ros2_gopigo3_msg__rosidl_typesupport_fastrtps_cExport-noconfig.cmake
[57.356s] -- Installing: /home/ubuntu/HumbleDave2/ros2ws/install/ros2_gopigo3_msg/share/ros2_gopigo3_msg/cmake/ros2_gopigo3_msg__rosidl_typesupport_introspection_cExport.cmake
[57.358s] -- Installing: /home/ubuntu/HumbleDave2/ros2ws/install/ros2_gopigo3_msg/share/ros2_gopigo3_msg/cmake/ros2_gopigo3_msg__rosidl_typesupport_introspection_cExport-noconfig.cmake
[57.362s] -- Installing: /home/ubuntu/HumbleDave2/ros2ws/install/ros2_gopigo3_msg/share/ros2_gopigo3_msg/cmake/ros2_gopigo3_msg__rosidl_typesupport_cExport.cmake
[57.364s] -- Installing: /home/ubuntu/HumbleDave2/ros2ws/install/ros2_gopigo3_msg/share/ros2_gopigo3_msg/cmake/ros2_gopigo3_msg__rosidl_typesupport_cExport-noconfig.cmake
[57.366s] -- Installing: /home/ubuntu/HumbleDave2/ros2ws/install/ros2_gopigo3_msg/share/ros2_gopigo3_msg/cmake/export_ros2_gopigo3_msg__rosidl_generator_cppExport.cmake
[57.367s] -- Installing: /home/ubuntu/HumbleDave2/ros2ws/install/ros2_gopigo3_msg/share/ros2_gopigo3_msg/cmake/export_ros2_gopigo3_msg__rosidl_typesupport_fastrtps_cppExport.cmake
[57.369s] -- Installing: /home/ubuntu/HumbleDave2/ros2ws/install/ros2_gopigo3_msg/share/ros2_gopigo3_msg/cmake/export_ros2_gopigo3_msg__rosidl_typesupport_fastrtps_cppExport-noconfig.cmake
[57.372s] -- Installing: /home/ubuntu/HumbleDave2/ros2ws/install/ros2_gopigo3_msg/share/ros2_gopigo3_msg/cmake/ros2_gopigo3_msg__rosidl_typesupport_introspection_cppExport.cmake
[57.373s] -- Installing: /home/ubuntu/HumbleDave2/ros2ws/install/ros2_gopigo3_msg/share/ros2_gopigo3_msg/cmake/ros2_gopigo3_msg__rosidl_typesupport_introspection_cppExport-noconfig.cmake
[57.376s] -- Installing: /home/ubuntu/HumbleDave2/ros2ws/install/ros2_gopigo3_msg/share/ros2_gopigo3_msg/cmake/ros2_gopigo3_msg__rosidl_typesupport_cppExport.cmake
[57.378s] -- Installing: /home/ubuntu/HumbleDave2/ros2ws/install/ros2_gopigo3_msg/share/ros2_gopigo3_msg/cmake/ros2_gopigo3_msg__rosidl_typesupport_cppExport-noconfig.cmake
[57.379s] -- Installing: /home/ubuntu/HumbleDave2/ros2ws/install/ros2_gopigo3_msg/share/ros2_gopigo3_msg/cmake/export_ros2_gopigo3_msg__rosidl_generator_pyExport.cmake
[57.381s] -- Installing: /home/ubuntu/HumbleDave2/ros2ws/install/ros2_gopigo3_msg/share/ros2_gopigo3_msg/cmake/export_ros2_gopigo3_msg__rosidl_generator_pyExport-noconfig.cmake
[57.391s] Invoked command in '/home/ubuntu/HumbleDave2/ros2ws/build/ros2_gopigo3_msg' returned '0': CMAKE_PREFIX_PATH=${CMAKE_PREFIX_PATH}:/home/ubuntu/HumbleDave/ros2ws/install/teleop_gopigo3_keyboard:/home/ubuntu/HumbleDave/ros2ws/install/scan_client:/home/ubuntu/HumbleDave/ros2ws/install/ros2_libcamera_pub:/home/ubuntu/HumbleDave/ros2ws/install/ros2_gopigo3_node:/home/ubuntu/HumbleDave/ros2ws/install/explorer_wanderer:/home/ubuntu/HumbleDave/ros2ws/install/HoROS8:/home/ubuntu/ros2ws/install/ydlidar_ros2_driver:/home/ubuntu/ros2ws/install/teleop_gopigo3_keyboard:/home/ubuntu/ros2ws/install/ros2_libcamera_pub:/home/ubuntu/ros2ws/install/ros2_gopigo3_node:/home/ubuntu/ros2ws/install/ros2_gopigo3_msg:/opt/ros/humble /usr/bin/cmake --install /home/ubuntu/HumbleDave2/ros2ws/build/ros2_gopigo3_msg
