[3.023s] Invoking command in '/home/ubuntu/HumbleDave/ros2ws/build/ydlidar_ros2_driver': CMAKE_PREFIX_PATH=${CMAKE_PREFIX_PATH}:/home/ubuntu/HumbleDave/ros2ws/install/explorer_wanderer:/home/ubuntu/HumbleDave/ros2ws/install/teleop_gopigo3_keyboard:/home/ubuntu/HumbleDave/ros2ws/install/scan_client:/home/ubuntu/HumbleDave/ros2ws/install/ros2_libcamera_pub:/home/ubuntu/HumbleDave/ros2ws/install/ros2_gopigo3_node:/home/ubuntu/ros2ws/install/ydlidar_ros2_driver:/home/ubuntu/ros2ws/install/teleop_gopigo3_keyboard:/home/ubuntu/ros2ws/install/ros2_libcamera_pub:/home/ubuntu/ros2ws/install/ros2_gopigo3_node:/home/ubuntu/ros2ws/install/ros2_gopigo3_msg:/opt/ros/humble /usr/bin/cmake --build /home/ubuntu/HumbleDave/ros2ws/build/ydlidar_ros2_driver -- -j4 -l4
[3.599s] [ 50%] Built target ydlidar_ros2_driver_client
[3.600s] [100%] Built target ydlidar_ros2_driver_node
[4.197s] Invoked command in '/home/ubuntu/HumbleDave/ros2ws/build/ydlidar_ros2_driver' returned '0': CMAKE_PREFIX_PATH=${CMAKE_PREFIX_PATH}:/home/ubuntu/HumbleDave/ros2ws/install/explorer_wanderer:/home/ubuntu/HumbleDave/ros2ws/install/teleop_gopigo3_keyboard:/home/ubuntu/HumbleDave/ros2ws/install/scan_client:/home/ubuntu/HumbleDave/ros2ws/install/ros2_libcamera_pub:/home/ubuntu/HumbleDave/ros2ws/install/ros2_gopigo3_node:/home/ubuntu/ros2ws/install/ydlidar_ros2_driver:/home/ubuntu/ros2ws/install/teleop_gopigo3_keyboard:/home/ubuntu/ros2ws/install/ros2_libcamera_pub:/home/ubuntu/ros2ws/install/ros2_gopigo3_node:/home/ubuntu/ros2ws/install/ros2_gopigo3_msg:/opt/ros/humble /usr/bin/cmake --build /home/ubuntu/HumbleDave/ros2ws/build/ydlidar_ros2_driver -- -j4 -l4
[7.420s] Invoking command in '/home/ubuntu/HumbleDave/ros2ws/build/ydlidar_ros2_driver': CMAKE_PREFIX_PATH=${CMAKE_PREFIX_PATH}:/home/ubuntu/HumbleDave/ros2ws/install/explorer_wanderer:/home/ubuntu/HumbleDave/ros2ws/install/teleop_gopigo3_keyboard:/home/ubuntu/HumbleDave/ros2ws/install/scan_client:/home/ubuntu/HumbleDave/ros2ws/install/ros2_libcamera_pub:/home/ubuntu/HumbleDave/ros2ws/install/ros2_gopigo3_node:/home/ubuntu/ros2ws/install/ydlidar_ros2_driver:/home/ubuntu/ros2ws/install/teleop_gopigo3_keyboard:/home/ubuntu/ros2ws/install/ros2_libcamera_pub:/home/ubuntu/ros2ws/install/ros2_gopigo3_node:/home/ubuntu/ros2ws/install/ros2_gopigo3_msg:/opt/ros/humble /usr/bin/cmake --install /home/ubuntu/HumbleDave/ros2ws/build/ydlidar_ros2_driver
[7.453s] -- Install configuration: ""
[7.459s] -- Execute custom install script
[7.461s] -- Up-to-date symlink: /home/ubuntu/HumbleDave/ros2ws/install/ydlidar_ros2_driver/lib/ydlidar_ros2_driver/ydlidar_ros2_driver_node
[7.463s] -- Up-to-date symlink: /home/ubuntu/HumbleDave/ros2ws/install/ydlidar_ros2_driver/lib/ydlidar_ros2_driver/ydlidar_ros2_driver_client
[7.464s] -- Up-to-date symlink: /home/ubuntu/HumbleDave/ros2ws/install/ydlidar_ros2_driver/share/ydlidar_ros2_driver/launch/ydlidar.py
[7.466s] -- Up-to-date symlink: /home/ubuntu/HumbleDave/ros2ws/install/ydlidar_ros2_driver/share/ydlidar_ros2_driver/launch/ydlidar_launch.py
[7.467s] -- Up-to-date symlink: /home/ubuntu/HumbleDave/ros2ws/install/ydlidar_ros2_driver/share/ydlidar_ros2_driver/launch/ydlidar_launch.py.bak
[7.468s] -- Up-to-date symlink: /home/ubuntu/HumbleDave/ros2ws/install/ydlidar_ros2_driver/share/ydlidar_ros2_driver/launch/ydlidar_launch.py.lghrainbow
[7.469s] -- Up-to-date symlink: /home/ubuntu/HumbleDave/ros2ws/install/ydlidar_ros2_driver/share/ydlidar_ros2_driver/launch/ydlidar_launch.py.mine
[7.470s] -- Up-to-date symlink: /home/ubuntu/HumbleDave/ros2ws/install/ydlidar_ros2_driver/share/ydlidar_ros2_driver/launch/ydlidar_launch_view.py
[7.471s] -- Up-to-date symlink: /home/ubuntu/HumbleDave/ros2ws/install/ydlidar_ros2_driver/share/ydlidar_ros2_driver/launch/ydlidar_launch_view.py.bak
[7.472s] -- Up-to-date symlink: /home/ubuntu/HumbleDave/ros2ws/install/ydlidar_ros2_driver/share/ydlidar_ros2_driver/params/ydlidar.yaml
[7.473s] -- Up-to-date symlink: /home/ubuntu/HumbleDave/ros2ws/install/ydlidar_ros2_driver/share/ydlidar_ros2_driver/params/ydlidar.yaml.lghrainbow
[7.473s] -- Up-to-date symlink: /home/ubuntu/HumbleDave/ros2ws/install/ydlidar_ros2_driver/share/ydlidar_ros2_driver/params/ydlidar.yaml.mine
[7.474s] -- Up-to-date symlink: /home/ubuntu/HumbleDave/ros2ws/install/ydlidar_ros2_driver/share/ydlidar_ros2_driver/params/ydlidar.yaml.mystery
[7.477s] -- Up-to-date symlink: /home/ubuntu/HumbleDave/ros2ws/install/ydlidar_ros2_driver/share/ydlidar_ros2_driver/params/ydlidar.yaml.v4
[7.478s] -- Up-to-date symlink: /home/ubuntu/HumbleDave/ros2ws/install/ydlidar_ros2_driver/share/ydlidar_ros2_driver/startup/initenv.sh
[7.479s] -- Up-to-date symlink: /home/ubuntu/HumbleDave/ros2ws/install/ydlidar_ros2_driver/share/ydlidar_ros2_driver/config/ydlidar.rviz
[7.496s] -- Up-to-date symlink: /home/ubuntu/HumbleDave/ros2ws/install/ydlidar_ros2_driver/share/ament_index/resource_index/package_run_dependencies/ydlidar_ros2_driver
[7.497s] -- Up-to-date symlink: /home/ubuntu/HumbleDave/ros2ws/install/ydlidar_ros2_driver/share/ament_index/resource_index/parent_prefix_path/ydlidar_ros2_driver
[7.497s] -- Up-to-date symlink: /home/ubuntu/HumbleDave/ros2ws/install/ydlidar_ros2_driver/share/ydlidar_ros2_driver/environment/ament_prefix_path.sh
[7.498s] -- Up-to-date symlink: /home/ubuntu/HumbleDave/ros2ws/install/ydlidar_ros2_driver/share/ydlidar_ros2_driver/environment/ament_prefix_path.dsv
[7.499s] -- Up-to-date symlink: /home/ubuntu/HumbleDave/ros2ws/install/ydlidar_ros2_driver/share/ydlidar_ros2_driver/environment/path.sh
[7.499s] -- Up-to-date symlink: /home/ubuntu/HumbleDave/ros2ws/install/ydlidar_ros2_driver/share/ydlidar_ros2_driver/environment/path.dsv
[7.501s] -- Up-to-date symlink: /home/ubuntu/HumbleDave/ros2ws/install/ydlidar_ros2_driver/share/ydlidar_ros2_driver/local_setup.bash
[7.502s] -- Up-to-date symlink: /home/ubuntu/HumbleDave/ros2ws/install/ydlidar_ros2_driver/share/ydlidar_ros2_driver/local_setup.sh
[7.502s] -- Up-to-date symlink: /home/ubuntu/HumbleDave/ros2ws/install/ydlidar_ros2_driver/share/ydlidar_ros2_driver/local_setup.zsh
[7.503s] -- Up-to-date symlink: /home/ubuntu/HumbleDave/ros2ws/install/ydlidar_ros2_driver/share/ydlidar_ros2_driver/local_setup.dsv
[7.503s] -- Symlinking: /home/ubuntu/HumbleDave/ros2ws/install/ydlidar_ros2_driver/share/ydlidar_ros2_driver/package.dsv
[7.546s] -- Up-to-date symlink: /home/ubuntu/HumbleDave/ros2ws/install/ydlidar_ros2_driver/share/ament_index/resource_index/packages/ydlidar_ros2_driver
[7.548s] -- Up-to-date symlink: /home/ubuntu/HumbleDave/ros2ws/install/ydlidar_ros2_driver/share/ydlidar_ros2_driver/cmake/ydlidar_ros2_driverConfig.cmake
[7.549s] -- Up-to-date symlink: /home/ubuntu/HumbleDave/ros2ws/install/ydlidar_ros2_driver/share/ydlidar_ros2_driver/cmake/ydlidar_ros2_driverConfig-version.cmake
[7.552s] -- Up-to-date symlink: /home/ubuntu/HumbleDave/ros2ws/install/ydlidar_ros2_driver/share/ydlidar_ros2_driver/package.xml
[7.566s] Invoked command in '/home/ubuntu/HumbleDave/ros2ws/build/ydlidar_ros2_driver' returned '0': CMAKE_PREFIX_PATH=${CMAKE_PREFIX_PATH}:/home/ubuntu/HumbleDave/ros2ws/install/explorer_wanderer:/home/ubuntu/HumbleDave/ros2ws/install/teleop_gopigo3_keyboard:/home/ubuntu/HumbleDave/ros2ws/install/scan_client:/home/ubuntu/HumbleDave/ros2ws/install/ros2_libcamera_pub:/home/ubuntu/HumbleDave/ros2ws/install/ros2_gopigo3_node:/home/ubuntu/ros2ws/install/ydlidar_ros2_driver:/home/ubuntu/ros2ws/install/teleop_gopigo3_keyboard:/home/ubuntu/ros2ws/install/ros2_libcamera_pub:/home/ubuntu/ros2ws/install/ros2_gopigo3_node:/home/ubuntu/ros2ws/install/ros2_gopigo3_msg:/opt/ros/humble /usr/bin/cmake --install /home/ubuntu/HumbleDave/ros2ws/build/ydlidar_ros2_driver
