[1.863s] Invoking command in '/home/ubuntu/HumbleDave2/ros2ws/build/mpu9250driver': CMAKE_PREFIX_PATH=${CMAKE_PREFIX_PATH}:/home/ubuntu/HumbleDave/ros2ws/install/teleop_gopigo3_keyboard:/home/ubuntu/HumbleDave/ros2ws/install/scan_client:/home/ubuntu/HumbleDave/ros2ws/install/ros2_libcamera_pub:/home/ubuntu/HumbleDave/ros2ws/install/ros2_gopigo3_node:/home/ubuntu/HumbleDave/ros2ws/install/explorer_wanderer:/home/ubuntu/HumbleDave/ros2ws/install/HoROS8:/home/ubuntu/ros2ws/install/ydlidar_ros2_driver:/home/ubuntu/ros2ws/install/teleop_gopigo3_keyboard:/home/ubuntu/ros2ws/install/ros2_libcamera_pub:/home/ubuntu/ros2ws/install/ros2_gopigo3_node:/home/ubuntu/ros2ws/install/ros2_gopigo3_msg:/opt/ros/humble /usr/bin/cmake /home/ubuntu/HumbleDave2/ros2ws/src/ros2_mpu9250_driver -DAMENT_CMAKE_SYMLINK_INSTALL=1 -DCMAKE_INSTALL_PREFIX=/home/ubuntu/HumbleDave2/ros2ws/install/mpu9250driver
[2.205s] -- The C compiler identification is GNU 11.4.0
[2.531s] -- The CXX compiler identification is GNU 11.4.0
[2.563s] -- Detecting C compiler ABI info
[2.974s] -- Detecting C compiler ABI info - done
[3.003s] -- Check for working C compiler: /usr/bin/cc - skipped
[3.005s] -- Detecting C compile features
[3.006s] -- Detecting C compile features - done
[3.019s] -- Detecting CXX compiler ABI info
[3.458s] -- Detecting CXX compiler ABI info - done
[3.491s] -- Check for working CXX compiler: /usr/bin/c++ - skipped
[3.494s] -- Detecting CXX compile features
[3.498s] -- Detecting CXX compile features - done
[3.550s] -- Found ament_cmake: 1.3.6 (/opt/ros/humble/share/ament_cmake/cmake)
[5.335s] -- Found Python3: /usr/bin/python3.10 (found version "3.10.12") found components: Interpreter 
[6.252s] -- Override CMake install command with custom implementation using symlinks instead of copying resources
[7.362s] -- Found rclcpp: 16.0.7 (/opt/ros/humble/share/rclcpp/cmake)
[8.431s] -- Found rosidl_generator_c: 3.1.5 (/opt/ros/humble/share/rosidl_generator_c/cmake)
[8.595s] -- Found rosidl_adapter: 3.1.5 (/opt/ros/humble/share/rosidl_adapter/cmake)
[8.792s] -- Found rosidl_generator_cpp: 3.1.5 (/opt/ros/humble/share/rosidl_generator_cpp/cmake)
[9.103s] -- Using all available rosidl_typesupport_c: rosidl_typesupport_fastrtps_c;rosidl_typesupport_introspection_c
[9.535s] -- Using all available rosidl_typesupport_cpp: rosidl_typesupport_fastrtps_cpp;rosidl_typesupport_introspection_cpp
[11.239s] -- Found rmw_implementation_cmake: 6.1.1 (/opt/ros/humble/share/rmw_implementation_cmake/cmake)
[11.352s] -- Found rmw_fastrtps_cpp: 6.2.5 (/opt/ros/humble/share/rmw_fastrtps_cpp/cmake)
[13.048s] -- Found OpenSSL: /usr/lib/aarch64-linux-gnu/libcrypto.so (found version "3.0.2")  
[13.714s] -- Found FastRTPS: /opt/ros/humble/include  
[14.697s] -- Using RMW implementation 'rmw_fastrtps_cpp' as default
[15.148s] -- Looking for pthread.h
[16.183s] -- Looking for pthread.h - found
[16.186s] -- Performing Test CMAKE_HAVE_LIBC_PTHREAD
[16.925s] -- Performing Test CMAKE_HAVE_LIBC_PTHREAD - Success
[16.926s] -- Found Threads: TRUE  
[18.934s] -- Found sensor_msgs: 4.2.3 (/opt/ros/humble/share/sensor_msgs/cmake)
[21.367s] -- Configuring done
[21.609s] -- Generating done
[21.654s] -- Build files have been written to: /home/ubuntu/HumbleDave2/ros2ws/build/mpu9250driver
[26.701s] Invoked command in '/home/ubuntu/HumbleDave2/ros2ws/build/mpu9250driver' returned '0': CMAKE_PREFIX_PATH=${CMAKE_PREFIX_PATH}:/home/ubuntu/HumbleDave/ros2ws/install/teleop_gopigo3_keyboard:/home/ubuntu/HumbleDave/ros2ws/install/scan_client:/home/ubuntu/HumbleDave/ros2ws/install/ros2_libcamera_pub:/home/ubuntu/HumbleDave/ros2ws/install/ros2_gopigo3_node:/home/ubuntu/HumbleDave/ros2ws/install/explorer_wanderer:/home/ubuntu/HumbleDave/ros2ws/install/HoROS8:/home/ubuntu/ros2ws/install/ydlidar_ros2_driver:/home/ubuntu/ros2ws/install/teleop_gopigo3_keyboard:/home/ubuntu/ros2ws/install/ros2_libcamera_pub:/home/ubuntu/ros2ws/install/ros2_gopigo3_node:/home/ubuntu/ros2ws/install/ros2_gopigo3_msg:/opt/ros/humble /usr/bin/cmake /home/ubuntu/HumbleDave2/ros2ws/src/ros2_mpu9250_driver -DAMENT_CMAKE_SYMLINK_INSTALL=1 -DCMAKE_INSTALL_PREFIX=/home/ubuntu/HumbleDave2/ros2ws/install/mpu9250driver
[26.705s] Invoking command in '/home/ubuntu/HumbleDave2/ros2ws/build/mpu9250driver': CMAKE_PREFIX_PATH=${CMAKE_PREFIX_PATH}:/home/ubuntu/HumbleDave/ros2ws/install/teleop_gopigo3_keyboard:/home/ubuntu/HumbleDave/ros2ws/install/scan_client:/home/ubuntu/HumbleDave/ros2ws/install/ros2_libcamera_pub:/home/ubuntu/HumbleDave/ros2ws/install/ros2_gopigo3_node:/home/ubuntu/HumbleDave/ros2ws/install/explorer_wanderer:/home/ubuntu/HumbleDave/ros2ws/install/HoROS8:/home/ubuntu/ros2ws/install/ydlidar_ros2_driver:/home/ubuntu/ros2ws/install/teleop_gopigo3_keyboard:/home/ubuntu/ros2ws/install/ros2_libcamera_pub:/home/ubuntu/ros2ws/install/ros2_gopigo3_node:/home/ubuntu/ros2ws/install/ros2_gopigo3_msg:/opt/ros/humble /usr/bin/cmake --build /home/ubuntu/HumbleDave2/ros2ws/build/mpu9250driver -- -j4 -l4
[27.070s] [ 16%] [32mBuilding CXX object lib/mpu9250sensor/CMakeFiles/mpu9250sensor.dir/src/mpu9250sensor.cpp.o[0m
[27.093s] [ 33%] [32mBuilding CXX object lib/i2c/CMakeFiles/linux_i2c_communicator.dir/src/LinuxI2cCommunicator.cpp.o[0m
[29.669s] [ 50%] [32m[1mLinking CXX static library liblinux_i2c_communicator.a[0m
[30.073s] [ 50%] Built target linux_i2c_communicator
[32.180s] [ 66%] [32m[1mLinking CXX static library libmpu9250sensor.a[0m
[32.372s] [ 66%] Built target mpu9250sensor
[32.485s] [ 83%] [32mBuilding CXX object CMakeFiles/mpu9250driver.dir/src/mpu9250driver.cpp.o[0m
[61.739s] [100%] [32m[1mLinking CXX executable mpu9250driver[0m
[63.198s] [100%] Built target mpu9250driver
[63.254s] Invoked command in '/home/ubuntu/HumbleDave2/ros2ws/build/mpu9250driver' returned '0': CMAKE_PREFIX_PATH=${CMAKE_PREFIX_PATH}:/home/ubuntu/HumbleDave/ros2ws/install/teleop_gopigo3_keyboard:/home/ubuntu/HumbleDave/ros2ws/install/scan_client:/home/ubuntu/HumbleDave/ros2ws/install/ros2_libcamera_pub:/home/ubuntu/HumbleDave/ros2ws/install/ros2_gopigo3_node:/home/ubuntu/HumbleDave/ros2ws/install/explorer_wanderer:/home/ubuntu/HumbleDave/ros2ws/install/HoROS8:/home/ubuntu/ros2ws/install/ydlidar_ros2_driver:/home/ubuntu/ros2ws/install/teleop_gopigo3_keyboard:/home/ubuntu/ros2ws/install/ros2_libcamera_pub:/home/ubuntu/ros2ws/install/ros2_gopigo3_node:/home/ubuntu/ros2ws/install/ros2_gopigo3_msg:/opt/ros/humble /usr/bin/cmake --build /home/ubuntu/HumbleDave2/ros2ws/build/mpu9250driver -- -j4 -l4
[63.465s] Invoking command in '/home/ubuntu/HumbleDave2/ros2ws/build/mpu9250driver': CMAKE_PREFIX_PATH=${CMAKE_PREFIX_PATH}:/home/ubuntu/HumbleDave/ros2ws/install/teleop_gopigo3_keyboard:/home/ubuntu/HumbleDave/ros2ws/install/scan_client:/home/ubuntu/HumbleDave/ros2ws/install/ros2_libcamera_pub:/home/ubuntu/HumbleDave/ros2ws/install/ros2_gopigo3_node:/home/ubuntu/HumbleDave/ros2ws/install/explorer_wanderer:/home/ubuntu/HumbleDave/ros2ws/install/HoROS8:/home/ubuntu/ros2ws/install/ydlidar_ros2_driver:/home/ubuntu/ros2ws/install/teleop_gopigo3_keyboard:/home/ubuntu/ros2ws/install/ros2_libcamera_pub:/home/ubuntu/ros2ws/install/ros2_gopigo3_node:/home/ubuntu/ros2ws/install/ros2_gopigo3_msg:/opt/ros/humble /usr/bin/cmake --install /home/ubuntu/HumbleDave2/ros2ws/build/mpu9250driver
[63.499s] -- Install configuration: ""
[63.502s] -- Execute custom install script
[63.505s] -- Symlinking: /home/ubuntu/HumbleDave2/ros2ws/install/mpu9250driver/lib/mpu9250driver/mpu9250driver
[63.557s] -- Symlinking: /home/ubuntu/HumbleDave2/ros2ws/install/mpu9250driver/share/mpu9250driver//launch/mpu9250driver_launch.py
[63.599s] -- Symlinking: /home/ubuntu/HumbleDave2/ros2ws/install/mpu9250driver/share/mpu9250driver//params/mpu9250.yaml
[63.646s] -- Symlinking: /home/ubuntu/HumbleDave2/ros2ws/install/mpu9250driver/share/mpu9250driver//params/mpu9250.yaml.orig
[63.688s] -- Symlinking: /home/ubuntu/HumbleDave2/ros2ws/install/mpu9250driver/share/ament_index/resource_index/package_run_dependencies/mpu9250driver
[63.739s] -- Symlinking: /home/ubuntu/HumbleDave2/ros2ws/install/mpu9250driver/share/ament_index/resource_index/parent_prefix_path/mpu9250driver
[63.781s] -- Symlinking: /home/ubuntu/HumbleDave2/ros2ws/install/mpu9250driver/share/mpu9250driver/environment/ament_prefix_path.sh
[63.836s] -- Symlinking: /home/ubuntu/HumbleDave2/ros2ws/install/mpu9250driver/share/mpu9250driver/environment/ament_prefix_path.dsv
[63.882s] -- Symlinking: /home/ubuntu/HumbleDave2/ros2ws/install/mpu9250driver/share/mpu9250driver/environment/path.sh
[63.927s] -- Symlinking: /home/ubuntu/HumbleDave2/ros2ws/install/mpu9250driver/share/mpu9250driver/environment/path.dsv
[63.972s] -- Symlinking: /home/ubuntu/HumbleDave2/ros2ws/install/mpu9250driver/share/mpu9250driver/local_setup.bash
[64.017s] -- Symlinking: /home/ubuntu/HumbleDave2/ros2ws/install/mpu9250driver/share/mpu9250driver/local_setup.sh
[64.063s] -- Symlinking: /home/ubuntu/HumbleDave2/ros2ws/install/mpu9250driver/share/mpu9250driver/local_setup.zsh
[64.108s] -- Symlinking: /home/ubuntu/HumbleDave2/ros2ws/install/mpu9250driver/share/mpu9250driver/local_setup.dsv
[64.155s] -- Symlinking: /home/ubuntu/HumbleDave2/ros2ws/install/mpu9250driver/share/mpu9250driver/package.dsv
[64.200s] -- Symlinking: /home/ubuntu/HumbleDave2/ros2ws/install/mpu9250driver/share/ament_index/resource_index/packages/mpu9250driver
[64.248s] -- Symlinking: /home/ubuntu/HumbleDave2/ros2ws/install/mpu9250driver/share/mpu9250driver/cmake/mpu9250driverConfig.cmake
[64.298s] -- Symlinking: /home/ubuntu/HumbleDave2/ros2ws/install/mpu9250driver/share/mpu9250driver/cmake/mpu9250driverConfig-version.cmake
[64.349s] -- Symlinking: /home/ubuntu/HumbleDave2/ros2ws/install/mpu9250driver/share/mpu9250driver/package.xml
[64.429s] Invoked command in '/home/ubuntu/HumbleDave2/ros2ws/build/mpu9250driver' returned '0': CMAKE_PREFIX_PATH=${CMAKE_PREFIX_PATH}:/home/ubuntu/HumbleDave/ros2ws/install/teleop_gopigo3_keyboard:/home/ubuntu/HumbleDave/ros2ws/install/scan_client:/home/ubuntu/HumbleDave/ros2ws/install/ros2_libcamera_pub:/home/ubuntu/HumbleDave/ros2ws/install/ros2_gopigo3_node:/home/ubuntu/HumbleDave/ros2ws/install/explorer_wanderer:/home/ubuntu/HumbleDave/ros2ws/install/HoROS8:/home/ubuntu/ros2ws/install/ydlidar_ros2_driver:/home/ubuntu/ros2ws/install/teleop_gopigo3_keyboard:/home/ubuntu/ros2ws/install/ros2_libcamera_pub:/home/ubuntu/ros2ws/install/ros2_gopigo3_node:/home/ubuntu/ros2ws/install/ros2_gopigo3_msg:/opt/ros/humble /usr/bin/cmake --install /home/ubuntu/HumbleDave2/ros2ws/build/mpu9250driver
