[1.679s] Invoking command in '/home/ubuntu/HumbleDave/ros2ws/build/ros2_gopigo3_msg': CMAKE_PREFIX_PATH=${CMAKE_PREFIX_PATH}:/home/ubuntu/HumbleDave/ros2ws/install/teleop_gopigo3_keyboard:/home/ubuntu/HumbleDave/ros2ws/install/scan_client:/home/ubuntu/HumbleDave/ros2ws/install/ros2_libcamera_pub:/home/ubuntu/HumbleDave/ros2ws/install/ros2_gopigo3_node:/home/ubuntu/HumbleDave/ros2ws/install/explorer_wanderer:/home/ubuntu/HumbleDave/ros2ws/install/HoROS8:/home/ubuntu/ros2ws/install/ydlidar_ros2_driver:/home/ubuntu/ros2ws/install/teleop_gopigo3_keyboard:/home/ubuntu/ros2ws/install/ros2_libcamera_pub:/home/ubuntu/ros2ws/install/ros2_gopigo3_node:/home/ubuntu/ros2ws/install/ros2_gopigo3_msg:/opt/ros/humble /usr/bin/cmake --build /home/ubuntu/HumbleDave/ros2ws/build/ros2_gopigo3_msg -- -j4 -l4
[5.594s] [  2%] Built target ros2_gopigo3_msg__cpp
[5.595s] [ 12%] Built target ros2_gopigo3_msg__rosidl_generator_c
[5.596s] [ 12%] Built target ament_cmake_python_symlink_ros2_gopigo3_msg
[5.599s] [ 23%] Built target ros2_gopigo3_msg__rosidl_typesupport_cpp
[5.601s] [ 34%] Built target ros2_gopigo3_msg__rosidl_typesupport_introspection_cpp
[5.603s] [ 44%] Built target ros2_gopigo3_msg__rosidl_typesupport_fastrtps_cpp
[5.603s] [ 55%] Built target ros2_gopigo3_msg__rosidl_typesupport_fastrtps_c
[5.604s] [ 65%] Built target ros2_gopigo3_msg__rosidl_typesupport_introspection_c
[5.605s] [ 76%] Built target ros2_gopigo3_msg__rosidl_typesupport_c
[5.605s] [ 76%] Built target ros2_gopigo3_msg
[5.607s] [ 78%] Built target ros2_gopigo3_msg__py
[5.607s] [ 87%] Built target ros2_gopigo3_msg__rosidl_generator_py
[5.608s] [ 91%] Built target ros2_gopigo3_msg__rosidl_typesupport_fastrtps_c__pyext
[5.609s] [ 95%] Built target ros2_gopigo3_msg__rosidl_typesupport_introspection_c__pyext
[5.609s] [100%] Built target ros2_gopigo3_msg__rosidl_typesupport_c__pyext
[5.610s] running egg_info
[5.610s] writing ros2_gopigo3_msg.egg-info/PKG-INFO
[5.611s] writing dependency_links to ros2_gopigo3_msg.egg-info/dependency_links.txt
[5.615s] writing top-level names to ros2_gopigo3_msg.egg-info/top_level.txt
[5.620s] reading manifest file 'ros2_gopigo3_msg.egg-info/SOURCES.txt'
[5.621s] writing manifest file 'ros2_gopigo3_msg.egg-info/SOURCES.txt'
[5.622s] [100%] Built target ament_cmake_python_build_ros2_gopigo3_msg_egg
[5.635s] Invoked command in '/home/ubuntu/HumbleDave/ros2ws/build/ros2_gopigo3_msg' returned '0': CMAKE_PREFIX_PATH=${CMAKE_PREFIX_PATH}:/home/ubuntu/HumbleDave/ros2ws/install/teleop_gopigo3_keyboard:/home/ubuntu/HumbleDave/ros2ws/install/scan_client:/home/ubuntu/HumbleDave/ros2ws/install/ros2_libcamera_pub:/home/ubuntu/HumbleDave/ros2ws/install/ros2_gopigo3_node:/home/ubuntu/HumbleDave/ros2ws/install/explorer_wanderer:/home/ubuntu/HumbleDave/ros2ws/install/HoROS8:/home/ubuntu/ros2ws/install/ydlidar_ros2_driver:/home/ubuntu/ros2ws/install/teleop_gopigo3_keyboard:/home/ubuntu/ros2ws/install/ros2_libcamera_pub:/home/ubuntu/ros2ws/install/ros2_gopigo3_node:/home/ubuntu/ros2ws/install/ros2_gopigo3_msg:/opt/ros/humble /usr/bin/cmake --build /home/ubuntu/HumbleDave/ros2ws/build/ros2_gopigo3_msg -- -j4 -l4
[6.613s] Invoking command in '/home/ubuntu/HumbleDave/ros2ws/build/ros2_gopigo3_msg': CMAKE_PREFIX_PATH=${CMAKE_PREFIX_PATH}:/home/ubuntu/HumbleDave/ros2ws/install/teleop_gopigo3_keyboard:/home/ubuntu/HumbleDave/ros2ws/install/scan_client:/home/ubuntu/HumbleDave/ros2ws/install/ros2_libcamera_pub:/home/ubuntu/HumbleDave/ros2ws/install/ros2_gopigo3_node:/home/ubuntu/HumbleDave/ros2ws/install/explorer_wanderer:/home/ubuntu/HumbleDave/ros2ws/install/HoROS8:/home/ubuntu/ros2ws/install/ydlidar_ros2_driver:/home/ubuntu/ros2ws/install/teleop_gopigo3_keyboard:/home/ubuntu/ros2ws/install/ros2_libcamera_pub:/home/ubuntu/ros2ws/install/ros2_gopigo3_node:/home/ubuntu/ros2ws/install/ros2_gopigo3_msg:/opt/ros/humble /usr/bin/cmake --install /home/ubuntu/HumbleDave/ros2ws/build/ros2_gopigo3_msg
[6.667s] -- Install configuration: ""
[6.672s] -- Execute custom install script
[6.676s] -- Up-to-date symlink: /home/ubuntu/HumbleDave/ros2ws/install/ros2_gopigo3_msg/share/ament_index/resource_index/rosidl_interfaces/ros2_gopigo3_msg
[6.683s] -- Up-to-date symlink: /home/ubuntu/HumbleDave/ros2ws/install/ros2_gopigo3_msg/include/ros2_gopigo3_msg/ros2_gopigo3_msg/msg/detail/motor_status__functions.h
[6.686s] -- Up-to-date symlink: /home/ubuntu/HumbleDave/ros2ws/install/ros2_gopigo3_msg/include/ros2_gopigo3_msg/ros2_gopigo3_msg/msg/detail/motor_status__struct.h
[6.689s] -- Up-to-date symlink: /home/ubuntu/HumbleDave/ros2ws/install/ros2_gopigo3_msg/include/ros2_gopigo3_msg/ros2_gopigo3_msg/msg/detail/motor_status__type_support.h
[6.692s] -- Up-to-date symlink: /home/ubuntu/HumbleDave/ros2ws/install/ros2_gopigo3_msg/include/ros2_gopigo3_msg/ros2_gopigo3_msg/msg/detail/motor_status_lr__functions.h
[6.696s] -- Up-to-date symlink: /home/ubuntu/HumbleDave/ros2ws/install/ros2_gopigo3_msg/include/ros2_gopigo3_msg/ros2_gopigo3_msg/msg/detail/motor_status_lr__struct.h
[6.698s] -- Up-to-date symlink: /home/ubuntu/HumbleDave/ros2ws/install/ros2_gopigo3_msg/include/ros2_gopigo3_msg/ros2_gopigo3_msg/msg/detail/motor_status_lr__type_support.h
[6.701s] -- Up-to-date symlink: /home/ubuntu/HumbleDave/ros2ws/install/ros2_gopigo3_msg/include/ros2_gopigo3_msg/ros2_gopigo3_msg/msg/motor_status.h
[6.704s] -- Up-to-date symlink: /home/ubuntu/HumbleDave/ros2ws/install/ros2_gopigo3_msg/include/ros2_gopigo3_msg/ros2_gopigo3_msg/msg/motor_status_lr.h
[6.707s] -- Up-to-date symlink: /home/ubuntu/HumbleDave/ros2ws/install/ros2_gopigo3_msg/include/ros2_gopigo3_msg/ros2_gopigo3_msg/msg/rosidl_generator_c__visibility_control.h
[6.710s] -- Up-to-date symlink: /home/ubuntu/HumbleDave/ros2ws/install/ros2_gopigo3_msg/include/ros2_gopigo3_msg/ros2_gopigo3_msg/srv/detail/spi__functions.h
[6.712s] -- Up-to-date symlink: /home/ubuntu/HumbleDave/ros2ws/install/ros2_gopigo3_msg/include/ros2_gopigo3_msg/ros2_gopigo3_msg/srv/detail/spi__struct.h
[6.716s] -- Up-to-date symlink: /home/ubuntu/HumbleDave/ros2ws/install/ros2_gopigo3_msg/include/ros2_gopigo3_msg/ros2_gopigo3_msg/srv/detail/spi__type_support.h
[6.719s] -- Up-to-date symlink: /home/ubuntu/HumbleDave/ros2ws/install/ros2_gopigo3_msg/include/ros2_gopigo3_msg/ros2_gopigo3_msg/srv/spi.h
[6.731s] -- Up-to-date symlink: /home/ubuntu/HumbleDave/ros2ws/install/ros2_gopigo3_msg/share/ros2_gopigo3_msg/environment/library_path.sh
[6.732s] -- Up-to-date symlink: /home/ubuntu/HumbleDave/ros2ws/install/ros2_gopigo3_msg/share/ros2_gopigo3_msg/environment/library_path.dsv
[6.732s] -- Up-to-date symlink: /home/ubuntu/HumbleDave/ros2ws/install/ros2_gopigo3_msg/include/ros2_gopigo3_msg/ros2_gopigo3_msg/msg/detail/motor_status__rosidl_typesupport_fastrtps_c.h
[6.733s] -- Up-to-date symlink: /home/ubuntu/HumbleDave/ros2ws/install/ros2_gopigo3_msg/include/ros2_gopigo3_msg/ros2_gopigo3_msg/msg/detail/motor_status_lr__rosidl_typesupport_fastrtps_c.h
[6.734s] -- Up-to-date symlink: /home/ubuntu/HumbleDave/ros2ws/install/ros2_gopigo3_msg/include/ros2_gopigo3_msg/ros2_gopigo3_msg/msg/rosidl_typesupport_fastrtps_c__visibility_control.h
[6.735s] -- Up-to-date symlink: /home/ubuntu/HumbleDave/ros2ws/install/ros2_gopigo3_msg/include/ros2_gopigo3_msg/ros2_gopigo3_msg/srv/detail/spi__rosidl_typesupport_fastrtps_c.h
[6.739s] -- Up-to-date symlink: /home/ubuntu/HumbleDave/ros2ws/install/ros2_gopigo3_msg/include/ros2_gopigo3_msg/ros2_gopigo3_msg/msg/detail/motor_status__rosidl_typesupport_introspection_c.h
[6.740s] -- Up-to-date symlink: /home/ubuntu/HumbleDave/ros2ws/install/ros2_gopigo3_msg/include/ros2_gopigo3_msg/ros2_gopigo3_msg/msg/detail/motor_status_lr__rosidl_typesupport_introspection_c.h
[6.742s] -- Up-to-date symlink: /home/ubuntu/HumbleDave/ros2ws/install/ros2_gopigo3_msg/include/ros2_gopigo3_msg/ros2_gopigo3_msg/msg/rosidl_typesupport_introspection_c__visibility_control.h
[6.744s] -- Up-to-date symlink: /home/ubuntu/HumbleDave/ros2ws/install/ros2_gopigo3_msg/include/ros2_gopigo3_msg/ros2_gopigo3_msg/srv/detail/spi__rosidl_typesupport_introspection_c.h
[6.749s] -- Up-to-date symlink: /home/ubuntu/HumbleDave/ros2ws/install/ros2_gopigo3_msg/include/ros2_gopigo3_msg/ros2_gopigo3_msg/msg/detail/motor_status__builder.hpp
[6.750s] -- Up-to-date symlink: /home/ubuntu/HumbleDave/ros2ws/install/ros2_gopigo3_msg/include/ros2_gopigo3_msg/ros2_gopigo3_msg/msg/detail/motor_status__struct.hpp
[6.752s] -- Up-to-date symlink: /home/ubuntu/HumbleDave/ros2ws/install/ros2_gopigo3_msg/include/ros2_gopigo3_msg/ros2_gopigo3_msg/msg/detail/motor_status__traits.hpp
[6.753s] -- Up-to-date symlink: /home/ubuntu/HumbleDave/ros2ws/install/ros2_gopigo3_msg/include/ros2_gopigo3_msg/ros2_gopigo3_msg/msg/detail/motor_status_lr__builder.hpp
[6.755s] -- Up-to-date symlink: /home/ubuntu/HumbleDave/ros2ws/install/ros2_gopigo3_msg/include/ros2_gopigo3_msg/ros2_gopigo3_msg/msg/detail/motor_status_lr__struct.hpp
[6.757s] -- Up-to-date symlink: /home/ubuntu/HumbleDave/ros2ws/install/ros2_gopigo3_msg/include/ros2_gopigo3_msg/ros2_gopigo3_msg/msg/detail/motor_status_lr__traits.hpp
[6.758s] -- Up-to-date symlink: /home/ubuntu/HumbleDave/ros2ws/install/ros2_gopigo3_msg/include/ros2_gopigo3_msg/ros2_gopigo3_msg/msg/motor_status.hpp
[6.759s] -- Up-to-date symlink: /home/ubuntu/HumbleDave/ros2ws/install/ros2_gopigo3_msg/include/ros2_gopigo3_msg/ros2_gopigo3_msg/msg/motor_status_lr.hpp
[6.761s] -- Up-to-date symlink: /home/ubuntu/HumbleDave/ros2ws/install/ros2_gopigo3_msg/include/ros2_gopigo3_msg/ros2_gopigo3_msg/srv/detail/spi__builder.hpp
[6.763s] -- Up-to-date symlink: /home/ubuntu/HumbleDave/ros2ws/install/ros2_gopigo3_msg/include/ros2_gopigo3_msg/ros2_gopigo3_msg/srv/detail/spi__struct.hpp
[6.766s] -- Up-to-date symlink: /home/ubuntu/HumbleDave/ros2ws/install/ros2_gopigo3_msg/include/ros2_gopigo3_msg/ros2_gopigo3_msg/srv/detail/spi__traits.hpp
[6.767s] -- Up-to-date symlink: /home/ubuntu/HumbleDave/ros2ws/install/ros2_gopigo3_msg/include/ros2_gopigo3_msg/ros2_gopigo3_msg/srv/spi.hpp
[6.773s] -- Up-to-date symlink: /home/ubuntu/HumbleDave/ros2ws/install/ros2_gopigo3_msg/include/ros2_gopigo3_msg/ros2_gopigo3_msg/msg/detail/motor_status__rosidl_typesupport_fastrtps_cpp.hpp
[6.775s] -- Up-to-date symlink: /home/ubuntu/HumbleDave/ros2ws/install/ros2_gopigo3_msg/include/ros2_gopigo3_msg/ros2_gopigo3_msg/msg/detail/motor_status_lr__rosidl_typesupport_fastrtps_cpp.hpp
[6.777s] -- Up-to-date symlink: /home/ubuntu/HumbleDave/ros2ws/install/ros2_gopigo3_msg/include/ros2_gopigo3_msg/ros2_gopigo3_msg/msg/rosidl_typesupport_fastrtps_cpp__visibility_control.h
[6.778s] -- Up-to-date symlink: /home/ubuntu/HumbleDave/ros2ws/install/ros2_gopigo3_msg/include/ros2_gopigo3_msg/ros2_gopigo3_msg/srv/detail/spi__rosidl_typesupport_fastrtps_cpp.hpp
[6.782s] -- Up-to-date symlink: /home/ubuntu/HumbleDave/ros2ws/install/ros2_gopigo3_msg/include/ros2_gopigo3_msg/ros2_gopigo3_msg/msg/detail/motor_status__rosidl_typesupport_introspection_cpp.hpp
[6.784s] -- Up-to-date symlink: /home/ubuntu/HumbleDave/ros2ws/install/ros2_gopigo3_msg/include/ros2_gopigo3_msg/ros2_gopigo3_msg/msg/detail/motor_status_lr__rosidl_typesupport_introspection_cpp.hpp
[6.786s] -- Up-to-date symlink: /home/ubuntu/HumbleDave/ros2ws/install/ros2_gopigo3_msg/include/ros2_gopigo3_msg/ros2_gopigo3_msg/srv/detail/spi__rosidl_typesupport_introspection_cpp.hpp
[6.788s] -- Up-to-date symlink: /home/ubuntu/HumbleDave/ros2ws/install/ros2_gopigo3_msg/share/ros2_gopigo3_msg/environment/pythonpath.sh
[6.789s] -- Up-to-date symlink: /home/ubuntu/HumbleDave/ros2ws/install/ros2_gopigo3_msg/share/ros2_gopigo3_msg/environment/pythonpath.dsv
[6.792s] -- Up-to-date symlink: /home/ubuntu/HumbleDave/ros2ws/install/ros2_gopigo3_msg/local/lib/python3.10/dist-packages/ros2_gopigo3_msg-0.0.0-py3.10.egg-info/PKG-INFO
[6.794s] -- Up-to-date symlink: /home/ubuntu/HumbleDave/ros2ws/install/ros2_gopigo3_msg/local/lib/python3.10/dist-packages/ros2_gopigo3_msg-0.0.0-py3.10.egg-info/SOURCES.txt
[6.795s] -- Up-to-date symlink: /home/ubuntu/HumbleDave/ros2ws/install/ros2_gopigo3_msg/local/lib/python3.10/dist-packages/ros2_gopigo3_msg-0.0.0-py3.10.egg-info/dependency_links.txt
[6.797s] -- Up-to-date symlink: /home/ubuntu/HumbleDave/ros2ws/install/ros2_gopigo3_msg/local/lib/python3.10/dist-packages/ros2_gopigo3_msg-0.0.0-py3.10.egg-info/top_level.txt
[6.805s] -- Up-to-date symlink: /home/ubuntu/HumbleDave/ros2ws/install/ros2_gopigo3_msg/local/lib/python3.10/dist-packages/ros2_gopigo3_msg/__init__.py
[6.806s] -- Up-to-date symlink: /home/ubuntu/HumbleDave/ros2ws/install/ros2_gopigo3_msg/local/lib/python3.10/dist-packages/ros2_gopigo3_msg/_ros2_gopigo3_msg_s.ep.rosidl_typesupport_c.c
[6.808s] -- Up-to-date symlink: /home/ubuntu/HumbleDave/ros2ws/install/ros2_gopigo3_msg/local/lib/python3.10/dist-packages/ros2_gopigo3_msg/_ros2_gopigo3_msg_s.ep.rosidl_typesupport_fastrtps_c.c
[6.809s] -- Up-to-date symlink: /home/ubuntu/HumbleDave/ros2ws/install/ros2_gopigo3_msg/local/lib/python3.10/dist-packages/ros2_gopigo3_msg/_ros2_gopigo3_msg_s.ep.rosidl_typesupport_introspection_c.c
[6.811s] -- Up-to-date symlink: /home/ubuntu/HumbleDave/ros2ws/install/ros2_gopigo3_msg/local/lib/python3.10/dist-packages/ros2_gopigo3_msg/libros2_gopigo3_msg__rosidl_generator_py.so
[6.813s] -- Up-to-date symlink: /home/ubuntu/HumbleDave/ros2ws/install/ros2_gopigo3_msg/local/lib/python3.10/dist-packages/ros2_gopigo3_msg/msg/__init__.py
[6.814s] -- Up-to-date symlink: /home/ubuntu/HumbleDave/ros2ws/install/ros2_gopigo3_msg/local/lib/python3.10/dist-packages/ros2_gopigo3_msg/msg/_motor_status.py
[6.816s] -- Up-to-date symlink: /home/ubuntu/HumbleDave/ros2ws/install/ros2_gopigo3_msg/local/lib/python3.10/dist-packages/ros2_gopigo3_msg/msg/_motor_status_lr.py
[6.817s] -- Up-to-date symlink: /home/ubuntu/HumbleDave/ros2ws/install/ros2_gopigo3_msg/local/lib/python3.10/dist-packages/ros2_gopigo3_msg/msg/_motor_status_lr_s.c
[6.819s] -- Up-to-date symlink: /home/ubuntu/HumbleDave/ros2ws/install/ros2_gopigo3_msg/local/lib/python3.10/dist-packages/ros2_gopigo3_msg/msg/_motor_status_s.c
[6.820s] -- Up-to-date symlink: /home/ubuntu/HumbleDave/ros2ws/install/ros2_gopigo3_msg/local/lib/python3.10/dist-packages/ros2_gopigo3_msg/ros2_gopigo3_msg_s__rosidl_typesupport_c.cpython-310-aarch64-linux-gnu.so
[6.822s] -- Up-to-date symlink: /home/ubuntu/HumbleDave/ros2ws/install/ros2_gopigo3_msg/local/lib/python3.10/dist-packages/ros2_gopigo3_msg/ros2_gopigo3_msg_s__rosidl_typesupport_fastrtps_c.cpython-310-aarch64-linux-gnu.so
[6.824s] -- Up-to-date symlink: /home/ubuntu/HumbleDave/ros2ws/install/ros2_gopigo3_msg/local/lib/python3.10/dist-packages/ros2_gopigo3_msg/ros2_gopigo3_msg_s__rosidl_typesupport_introspection_c.cpython-310-aarch64-linux-gnu.so
[6.825s] -- Up-to-date symlink: /home/ubuntu/HumbleDave/ros2ws/install/ros2_gopigo3_msg/local/lib/python3.10/dist-packages/ros2_gopigo3_msg/srv/__init__.py
[6.826s] -- Up-to-date symlink: /home/ubuntu/HumbleDave/ros2ws/install/ros2_gopigo3_msg/local/lib/python3.10/dist-packages/ros2_gopigo3_msg/srv/_spi.py
[6.828s] -- Up-to-date symlink: /home/ubuntu/HumbleDave/ros2ws/install/ros2_gopigo3_msg/local/lib/python3.10/dist-packages/ros2_gopigo3_msg/srv/_spi_s.c
[6.830s] -- Up-to-date symlink: /home/ubuntu/HumbleDave/ros2ws/install/ros2_gopigo3_msg/local/lib/python3.10/dist-packages/ros2_gopigo3_msg/ros2_gopigo3_msg_s__rosidl_typesupport_fastrtps_c.cpython-310-aarch64-linux-gnu.so
[6.833s] -- Up-to-date symlink: /home/ubuntu/HumbleDave/ros2ws/install/ros2_gopigo3_msg/local/lib/python3.10/dist-packages/ros2_gopigo3_msg/ros2_gopigo3_msg_s__rosidl_typesupport_introspection_c.cpython-310-aarch64-linux-gnu.so
[6.835s] -- Up-to-date symlink: /home/ubuntu/HumbleDave/ros2ws/install/ros2_gopigo3_msg/local/lib/python3.10/dist-packages/ros2_gopigo3_msg/ros2_gopigo3_msg_s__rosidl_typesupport_c.cpython-310-aarch64-linux-gnu.so
[6.836s] -- Up-to-date symlink: /home/ubuntu/HumbleDave/ros2ws/install/ros2_gopigo3_msg/share/ros2_gopigo3_msg/msg/MotorStatus.idl
[6.838s] -- Up-to-date symlink: /home/ubuntu/HumbleDave/ros2ws/install/ros2_gopigo3_msg/share/ros2_gopigo3_msg/msg/MotorStatusLR.idl
[6.840s] -- Up-to-date symlink: /home/ubuntu/HumbleDave/ros2ws/install/ros2_gopigo3_msg/share/ros2_gopigo3_msg/srv/SPI.idl
[6.841s] -- Up-to-date symlink: /home/ubuntu/HumbleDave/ros2ws/install/ros2_gopigo3_msg/share/ros2_gopigo3_msg/msg/MotorStatus.msg
[6.843s] -- Up-to-date symlink: /home/ubuntu/HumbleDave/ros2ws/install/ros2_gopigo3_msg/share/ros2_gopigo3_msg/msg/MotorStatusLR.msg
[6.845s] -- Up-to-date symlink: /home/ubuntu/HumbleDave/ros2ws/install/ros2_gopigo3_msg/share/ros2_gopigo3_msg/srv/SPI.srv
[6.846s] -- Up-to-date symlink: /home/ubuntu/HumbleDave/ros2ws/install/ros2_gopigo3_msg/share/ros2_gopigo3_msg/srv/SPI_Request.msg
[6.848s] -- Up-to-date symlink: /home/ubuntu/HumbleDave/ros2ws/install/ros2_gopigo3_msg/share/ros2_gopigo3_msg/srv/SPI_Response.msg
[6.849s] -- Up-to-date symlink: /home/ubuntu/HumbleDave/ros2ws/install/ros2_gopigo3_msg/share/ament_index/resource_index/package_run_dependencies/ros2_gopigo3_msg
[6.851s] -- Up-to-date symlink: /home/ubuntu/HumbleDave/ros2ws/install/ros2_gopigo3_msg/share/ament_index/resource_index/parent_prefix_path/ros2_gopigo3_msg
[6.853s] -- Up-to-date symlink: /home/ubuntu/HumbleDave/ros2ws/install/ros2_gopigo3_msg/share/ros2_gopigo3_msg/environment/ament_prefix_path.sh
[6.855s] -- Up-to-date symlink: /home/ubuntu/HumbleDave/ros2ws/install/ros2_gopigo3_msg/share/ros2_gopigo3_msg/environment/ament_prefix_path.dsv
[6.856s] -- Up-to-date symlink: /home/ubuntu/HumbleDave/ros2ws/install/ros2_gopigo3_msg/share/ros2_gopigo3_msg/environment/path.sh
[6.857s] -- Up-to-date symlink: /home/ubuntu/HumbleDave/ros2ws/install/ros2_gopigo3_msg/share/ros2_gopigo3_msg/environment/path.dsv
[6.860s] -- Up-to-date symlink: /home/ubuntu/HumbleDave/ros2ws/install/ros2_gopigo3_msg/share/ros2_gopigo3_msg/local_setup.bash
[6.861s] -- Up-to-date symlink: /home/ubuntu/HumbleDave/ros2ws/install/ros2_gopigo3_msg/share/ros2_gopigo3_msg/local_setup.sh
[6.862s] -- Up-to-date symlink: /home/ubuntu/HumbleDave/ros2ws/install/ros2_gopigo3_msg/share/ros2_gopigo3_msg/local_setup.zsh
[6.863s] -- Up-to-date symlink: /home/ubuntu/HumbleDave/ros2ws/install/ros2_gopigo3_msg/share/ros2_gopigo3_msg/local_setup.dsv
[6.864s] -- Symlinking: /home/ubuntu/HumbleDave/ros2ws/install/ros2_gopigo3_msg/share/ros2_gopigo3_msg/package.dsv
[6.923s] -- Up-to-date symlink: /home/ubuntu/HumbleDave/ros2ws/install/ros2_gopigo3_msg/share/ament_index/resource_index/packages/ros2_gopigo3_msg
[6.924s] -- Up-to-date symlink: /home/ubuntu/HumbleDave/ros2ws/install/ros2_gopigo3_msg/share/ros2_gopigo3_msg/cmake/rosidl_cmake-extras.cmake
[6.925s] -- Up-to-date symlink: /home/ubuntu/HumbleDave/ros2ws/install/ros2_gopigo3_msg/share/ros2_gopigo3_msg/cmake/ament_cmake_export_dependencies-extras.cmake
[6.926s] -- Up-to-date symlink: /home/ubuntu/HumbleDave/ros2ws/install/ros2_gopigo3_msg/share/ros2_gopigo3_msg/cmake/ament_cmake_export_include_directories-extras.cmake
[6.926s] -- Up-to-date symlink: /home/ubuntu/HumbleDave/ros2ws/install/ros2_gopigo3_msg/share/ros2_gopigo3_msg/cmake/ament_cmake_export_libraries-extras.cmake
[6.927s] -- Up-to-date symlink: /home/ubuntu/HumbleDave/ros2ws/install/ros2_gopigo3_msg/share/ros2_gopigo3_msg/cmake/ament_cmake_export_targets-extras.cmake
[6.929s] -- Up-to-date symlink: /home/ubuntu/HumbleDave/ros2ws/install/ros2_gopigo3_msg/share/ros2_gopigo3_msg/cmake/rosidl_cmake_export_typesupport_targets-extras.cmake
[6.931s] -- Up-to-date symlink: /home/ubuntu/HumbleDave/ros2ws/install/ros2_gopigo3_msg/share/ros2_gopigo3_msg/cmake/rosidl_cmake_export_typesupport_libraries-extras.cmake
[6.933s] -- Up-to-date symlink: /home/ubuntu/HumbleDave/ros2ws/install/ros2_gopigo3_msg/share/ros2_gopigo3_msg/cmake/ros2_gopigo3_msgConfig.cmake
[6.934s] -- Up-to-date symlink: /home/ubuntu/HumbleDave/ros2ws/install/ros2_gopigo3_msg/share/ros2_gopigo3_msg/cmake/ros2_gopigo3_msgConfig-version.cmake
[6.936s] -- Up-to-date symlink: /home/ubuntu/HumbleDave/ros2ws/install/ros2_gopigo3_msg/share/ros2_gopigo3_msg/package.xml
[6.938s] -- Up-to-date: /home/ubuntu/HumbleDave/ros2ws/install/ros2_gopigo3_msg/lib/libros2_gopigo3_msg__rosidl_generator_c.so
[6.941s] -- Up-to-date: /home/ubuntu/HumbleDave/ros2ws/install/ros2_gopigo3_msg/lib/libros2_gopigo3_msg__rosidl_typesupport_fastrtps_c.so
[6.944s] -- Up-to-date: /home/ubuntu/HumbleDave/ros2ws/install/ros2_gopigo3_msg/lib/libros2_gopigo3_msg__rosidl_typesupport_introspection_c.so
[6.947s] -- Up-to-date: /home/ubuntu/HumbleDave/ros2ws/install/ros2_gopigo3_msg/lib/libros2_gopigo3_msg__rosidl_typesupport_c.so
[6.950s] -- Up-to-date: /home/ubuntu/HumbleDave/ros2ws/install/ros2_gopigo3_msg/lib/libros2_gopigo3_msg__rosidl_typesupport_fastrtps_cpp.so
[6.953s] -- Up-to-date: /home/ubuntu/HumbleDave/ros2ws/install/ros2_gopigo3_msg/lib/libros2_gopigo3_msg__rosidl_typesupport_introspection_cpp.so
[6.957s] -- Up-to-date: /home/ubuntu/HumbleDave/ros2ws/install/ros2_gopigo3_msg/lib/libros2_gopigo3_msg__rosidl_typesupport_cpp.so
[7.280s] Listing '/home/ubuntu/HumbleDave/ros2ws/install/ros2_gopigo3_msg/local/lib/python3.10/dist-packages/ros2_gopigo3_msg'...
[7.283s] Listing '/home/ubuntu/HumbleDave/ros2ws/install/ros2_gopigo3_msg/local/lib/python3.10/dist-packages/ros2_gopigo3_msg/msg'...
[7.284s] Listing '/home/ubuntu/HumbleDave/ros2ws/install/ros2_gopigo3_msg/local/lib/python3.10/dist-packages/ros2_gopigo3_msg/srv'...
[7.319s] -- Up-to-date: /home/ubuntu/HumbleDave/ros2ws/install/ros2_gopigo3_msg/lib/libros2_gopigo3_msg__rosidl_generator_py.so
[7.322s] -- Up-to-date: /home/ubuntu/HumbleDave/ros2ws/install/ros2_gopigo3_msg/share/ros2_gopigo3_msg/cmake/export_ros2_gopigo3_msg__rosidl_generator_cExport.cmake
[7.323s] -- Up-to-date: /home/ubuntu/HumbleDave/ros2ws/install/ros2_gopigo3_msg/share/ros2_gopigo3_msg/cmake/export_ros2_gopigo3_msg__rosidl_generator_cExport-noconfig.cmake
[7.324s] -- Up-to-date: /home/ubuntu/HumbleDave/ros2ws/install/ros2_gopigo3_msg/share/ros2_gopigo3_msg/cmake/export_ros2_gopigo3_msg__rosidl_typesupport_fastrtps_cExport.cmake
[7.325s] -- Up-to-date: /home/ubuntu/HumbleDave/ros2ws/install/ros2_gopigo3_msg/share/ros2_gopigo3_msg/cmake/export_ros2_gopigo3_msg__rosidl_typesupport_fastrtps_cExport-noconfig.cmake
[7.326s] -- Up-to-date: /home/ubuntu/HumbleDave/ros2ws/install/ros2_gopigo3_msg/share/ros2_gopigo3_msg/cmake/ros2_gopigo3_msg__rosidl_typesupport_introspection_cExport.cmake
[7.327s] -- Up-to-date: /home/ubuntu/HumbleDave/ros2ws/install/ros2_gopigo3_msg/share/ros2_gopigo3_msg/cmake/ros2_gopigo3_msg__rosidl_typesupport_introspection_cExport-noconfig.cmake
[7.328s] -- Up-to-date: /home/ubuntu/HumbleDave/ros2ws/install/ros2_gopigo3_msg/share/ros2_gopigo3_msg/cmake/ros2_gopigo3_msg__rosidl_typesupport_cExport.cmake
[7.329s] -- Up-to-date: /home/ubuntu/HumbleDave/ros2ws/install/ros2_gopigo3_msg/share/ros2_gopigo3_msg/cmake/ros2_gopigo3_msg__rosidl_typesupport_cExport-noconfig.cmake
[7.330s] -- Up-to-date: /home/ubuntu/HumbleDave/ros2ws/install/ros2_gopigo3_msg/share/ros2_gopigo3_msg/cmake/export_ros2_gopigo3_msg__rosidl_generator_cppExport.cmake
[7.331s] -- Up-to-date: /home/ubuntu/HumbleDave/ros2ws/install/ros2_gopigo3_msg/share/ros2_gopigo3_msg/cmake/export_ros2_gopigo3_msg__rosidl_typesupport_fastrtps_cppExport.cmake
[7.332s] -- Up-to-date: /home/ubuntu/HumbleDave/ros2ws/install/ros2_gopigo3_msg/share/ros2_gopigo3_msg/cmake/export_ros2_gopigo3_msg__rosidl_typesupport_fastrtps_cppExport-noconfig.cmake
[7.333s] -- Up-to-date: /home/ubuntu/HumbleDave/ros2ws/install/ros2_gopigo3_msg/share/ros2_gopigo3_msg/cmake/ros2_gopigo3_msg__rosidl_typesupport_introspection_cppExport.cmake
[7.336s] -- Up-to-date: /home/ubuntu/HumbleDave/ros2ws/install/ros2_gopigo3_msg/share/ros2_gopigo3_msg/cmake/ros2_gopigo3_msg__rosidl_typesupport_introspection_cppExport-noconfig.cmake
[7.337s] -- Up-to-date: /home/ubuntu/HumbleDave/ros2ws/install/ros2_gopigo3_msg/share/ros2_gopigo3_msg/cmake/ros2_gopigo3_msg__rosidl_typesupport_cppExport.cmake
[7.337s] -- Up-to-date: /home/ubuntu/HumbleDave/ros2ws/install/ros2_gopigo3_msg/share/ros2_gopigo3_msg/cmake/ros2_gopigo3_msg__rosidl_typesupport_cppExport-noconfig.cmake
[7.338s] -- Up-to-date: /home/ubuntu/HumbleDave/ros2ws/install/ros2_gopigo3_msg/share/ros2_gopigo3_msg/cmake/export_ros2_gopigo3_msg__rosidl_generator_pyExport.cmake
[7.339s] -- Up-to-date: /home/ubuntu/HumbleDave/ros2ws/install/ros2_gopigo3_msg/share/ros2_gopigo3_msg/cmake/export_ros2_gopigo3_msg__rosidl_generator_pyExport-noconfig.cmake
[8.309s] Invoked command in '/home/ubuntu/HumbleDave/ros2ws/build/ros2_gopigo3_msg' returned '0': CMAKE_PREFIX_PATH=${CMAKE_PREFIX_PATH}:/home/ubuntu/HumbleDave/ros2ws/install/teleop_gopigo3_keyboard:/home/ubuntu/HumbleDave/ros2ws/install/scan_client:/home/ubuntu/HumbleDave/ros2ws/install/ros2_libcamera_pub:/home/ubuntu/HumbleDave/ros2ws/install/ros2_gopigo3_node:/home/ubuntu/HumbleDave/ros2ws/install/explorer_wanderer:/home/ubuntu/HumbleDave/ros2ws/install/HoROS8:/home/ubuntu/ros2ws/install/ydlidar_ros2_driver:/home/ubuntu/ros2ws/install/teleop_gopigo3_keyboard:/home/ubuntu/ros2ws/install/ros2_libcamera_pub:/home/ubuntu/ros2ws/install/ros2_gopigo3_node:/home/ubuntu/ros2ws/install/ros2_gopigo3_msg:/opt/ros/humble /usr/bin/cmake --install /home/ubuntu/HumbleDave/ros2ws/build/ros2_gopigo3_msg
