[4.737s] DEBUG:colcon:Command line arguments: ['/usr/bin/colcon', 'build', '--symlink-install', '--packages-select', 'dave']
[4.738s] DEBUG:colcon:Parsed command line arguments: Namespace(log_base=None, log_level=None, verb_name='build', build_base='build', install_base='install', merge_install=False, symlink_install=True, test_result_base=None, continue_on_error=False, executor='parallel', parallel_workers=4, event_handlers=None, ignore_user_meta=False, metas=['./colcon.meta'], base_paths=['.'], packages_ignore=None, packages_ignore_regex=None, paths=None, packages_up_to=None, packages_up_to_regex=None, packages_above=None, packages_above_and_dependencies=None, packages_above_depth=None, packages_select_by_dep=None, packages_skip_by_dep=None, packages_skip_up_to=None, packages_select_build_failed=False, packages_skip_build_finished=False, packages_select_test_failures=False, packages_skip_test_passed=False, packages_select=['dave'], packages_skip=None, packages_select_regex=None, packages_skip_regex=None, packages_start=None, packages_end=None, allow_overriding=[], cmake_args=None, cmake_target=None, cmake_target_skip_unavailable=False, cmake_clean_cache=False, cmake_clean_first=False, cmake_force_configure=False, ament_cmake_args=None, catkin_cmake_args=None, catkin_skip_building_tests=False, verb_parser=<colcon_defaults.argument_parser.defaults.DefaultArgumentsDecorator object at 0xffff91461ae0>, verb_extension=<colcon_core.verb.build.BuildVerb object at 0xffff91462c50>, main=<bound method BuildVerb.main of <colcon_core.verb.build.BuildVerb object at 0xffff91462c50>>)
[4.952s] Level 1:colcon.colcon_core.package_discovery:discover_packages(colcon_meta) check parameters
[4.953s] Level 1:colcon.colcon_core.package_discovery:discover_packages(recursive) check parameters
[4.953s] Level 1:colcon.colcon_core.package_discovery:discover_packages(ignore) check parameters
[4.953s] Level 1:colcon.colcon_core.package_discovery:discover_packages(path) check parameters
[4.953s] Level 1:colcon.colcon_core.package_discovery:discover_packages(colcon_meta) discover
[4.954s] Level 1:colcon.colcon_core.package_discovery:discover_packages(recursive) discover
[4.954s] INFO:colcon.colcon_core.package_discovery:Crawling recursively for packages in '/home/ubuntu/HumbleDave2/ros2ws'
[4.954s] Level 1:colcon.colcon_core.package_identification:_identify(.) by extensions ['ignore', 'ignore_ament_install']
[4.955s] Level 1:colcon.colcon_core.package_identification:_identify(.) by extension 'ignore'
[4.955s] Level 1:colcon.colcon_core.package_identification:_identify(.) by extension 'ignore_ament_install'
[4.955s] Level 1:colcon.colcon_core.package_identification:_identify(.) by extensions ['colcon_pkg']
[4.955s] Level 1:colcon.colcon_core.package_identification:_identify(.) by extension 'colcon_pkg'
[4.955s] Level 1:colcon.colcon_core.package_identification:_identify(.) by extensions ['colcon_meta']
[4.956s] Level 1:colcon.colcon_core.package_identification:_identify(.) by extension 'colcon_meta'
[4.956s] Level 1:colcon.colcon_core.package_identification:_identify(.) by extensions ['ros']
[4.956s] Level 1:colcon.colcon_core.package_identification:_identify(.) by extension 'ros'
[5.003s] Level 1:colcon.colcon_core.package_identification:_identify(.) by extensions ['cmake', 'python']
[5.004s] Level 1:colcon.colcon_core.package_identification:_identify(.) by extension 'cmake'
[5.004s] Level 1:colcon.colcon_core.package_identification:_identify(.) by extension 'python'
[5.004s] Level 1:colcon.colcon_core.package_identification:_identify(.) by extensions ['python_setup_py']
[5.004s] Level 1:colcon.colcon_core.package_identification:_identify(.) by extension 'python_setup_py'
[5.005s] Level 1:colcon.colcon_core.package_identification:_identify(build) by extensions ['ignore', 'ignore_ament_install']
[5.005s] Level 1:colcon.colcon_core.package_identification:_identify(build) by extension 'ignore'
[5.005s] Level 1:colcon.colcon_core.package_identification:_identify(build) ignored
[5.007s] Level 1:colcon.colcon_core.package_identification:_identify(cmds) by extensions ['ignore', 'ignore_ament_install']
[5.007s] Level 1:colcon.colcon_core.package_identification:_identify(cmds) by extension 'ignore'
[5.007s] Level 1:colcon.colcon_core.package_identification:_identify(cmds) by extension 'ignore_ament_install'
[5.007s] Level 1:colcon.colcon_core.package_identification:_identify(cmds) by extensions ['colcon_pkg']
[5.008s] Level 1:colcon.colcon_core.package_identification:_identify(cmds) by extension 'colcon_pkg'
[5.008s] Level 1:colcon.colcon_core.package_identification:_identify(cmds) by extensions ['colcon_meta']
[5.008s] Level 1:colcon.colcon_core.package_identification:_identify(cmds) by extension 'colcon_meta'
[5.008s] Level 1:colcon.colcon_core.package_identification:_identify(cmds) by extensions ['ros']
[5.008s] Level 1:colcon.colcon_core.package_identification:_identify(cmds) by extension 'ros'
[5.009s] Level 1:colcon.colcon_core.package_identification:_identify(cmds) by extensions ['cmake', 'python']
[5.009s] Level 1:colcon.colcon_core.package_identification:_identify(cmds) by extension 'cmake'
[5.009s] Level 1:colcon.colcon_core.package_identification:_identify(cmds) by extension 'python'
[5.009s] Level 1:colcon.colcon_core.package_identification:_identify(cmds) by extensions ['python_setup_py']
[5.009s] Level 1:colcon.colcon_core.package_identification:_identify(cmds) by extension 'python_setup_py'
[5.010s] Level 1:colcon.colcon_core.package_identification:_identify(cmds/old) by extensions ['ignore', 'ignore_ament_install']
[5.010s] Level 1:colcon.colcon_core.package_identification:_identify(cmds/old) by extension 'ignore'
[5.010s] Level 1:colcon.colcon_core.package_identification:_identify(cmds/old) by extension 'ignore_ament_install'
[5.010s] Level 1:colcon.colcon_core.package_identification:_identify(cmds/old) by extensions ['colcon_pkg']
[5.011s] Level 1:colcon.colcon_core.package_identification:_identify(cmds/old) by extension 'colcon_pkg'
[5.011s] Level 1:colcon.colcon_core.package_identification:_identify(cmds/old) by extensions ['colcon_meta']
[5.011s] Level 1:colcon.colcon_core.package_identification:_identify(cmds/old) by extension 'colcon_meta'
[5.011s] Level 1:colcon.colcon_core.package_identification:_identify(cmds/old) by extensions ['ros']
[5.011s] Level 1:colcon.colcon_core.package_identification:_identify(cmds/old) by extension 'ros'
[5.011s] Level 1:colcon.colcon_core.package_identification:_identify(cmds/old) by extensions ['cmake', 'python']
[5.011s] Level 1:colcon.colcon_core.package_identification:_identify(cmds/old) by extension 'cmake'
[5.012s] Level 1:colcon.colcon_core.package_identification:_identify(cmds/old) by extension 'python'
[5.012s] Level 1:colcon.colcon_core.package_identification:_identify(cmds/old) by extensions ['python_setup_py']
[5.012s] Level 1:colcon.colcon_core.package_identification:_identify(cmds/old) by extension 'python_setup_py'
[5.012s] Level 1:colcon.colcon_core.package_identification:_identify(install) by extensions ['ignore', 'ignore_ament_install']
[5.013s] Level 1:colcon.colcon_core.package_identification:_identify(install) by extension 'ignore'
[5.013s] Level 1:colcon.colcon_core.package_identification:_identify(install) ignored
[5.013s] Level 1:colcon.colcon_core.package_identification:_identify(log) by extensions ['ignore', 'ignore_ament_install']
[5.014s] Level 1:colcon.colcon_core.package_identification:_identify(log) by extension 'ignore'
[5.014s] Level 1:colcon.colcon_core.package_identification:_identify(log) ignored
[5.014s] Level 1:colcon.colcon_core.package_identification:_identify(maps) by extensions ['ignore', 'ignore_ament_install']
[5.015s] Level 1:colcon.colcon_core.package_identification:_identify(maps) by extension 'ignore'
[5.015s] Level 1:colcon.colcon_core.package_identification:_identify(maps) by extension 'ignore_ament_install'
[5.015s] Level 1:colcon.colcon_core.package_identification:_identify(maps) by extensions ['colcon_pkg']
[5.015s] Level 1:colcon.colcon_core.package_identification:_identify(maps) by extension 'colcon_pkg'
[5.015s] Level 1:colcon.colcon_core.package_identification:_identify(maps) by extensions ['colcon_meta']
[5.015s] Level 1:colcon.colcon_core.package_identification:_identify(maps) by extension 'colcon_meta'
[5.016s] Level 1:colcon.colcon_core.package_identification:_identify(maps) by extensions ['ros']
[5.016s] Level 1:colcon.colcon_core.package_identification:_identify(maps) by extension 'ros'
[5.016s] Level 1:colcon.colcon_core.package_identification:_identify(maps) by extensions ['cmake', 'python']
[5.016s] Level 1:colcon.colcon_core.package_identification:_identify(maps) by extension 'cmake'
[5.016s] Level 1:colcon.colcon_core.package_identification:_identify(maps) by extension 'python'
[5.016s] Level 1:colcon.colcon_core.package_identification:_identify(maps) by extensions ['python_setup_py']
[5.017s] Level 1:colcon.colcon_core.package_identification:_identify(maps) by extension 'python_setup_py'
[5.017s] Level 1:colcon.colcon_core.package_identification:_identify(obsolete) by extensions ['ignore', 'ignore_ament_install']
[5.017s] Level 1:colcon.colcon_core.package_identification:_identify(obsolete) by extension 'ignore'
[5.017s] Level 1:colcon.colcon_core.package_identification:_identify(obsolete) by extension 'ignore_ament_install'
[5.018s] Level 1:colcon.colcon_core.package_identification:_identify(obsolete) by extensions ['colcon_pkg']
[5.018s] Level 1:colcon.colcon_core.package_identification:_identify(obsolete) by extension 'colcon_pkg'
[5.018s] Level 1:colcon.colcon_core.package_identification:_identify(obsolete) by extensions ['colcon_meta']
[5.018s] Level 1:colcon.colcon_core.package_identification:_identify(obsolete) by extension 'colcon_meta'
[5.018s] Level 1:colcon.colcon_core.package_identification:_identify(obsolete) by extensions ['ros']
[5.018s] Level 1:colcon.colcon_core.package_identification:_identify(obsolete) by extension 'ros'
[5.019s] Level 1:colcon.colcon_core.package_identification:_identify(obsolete) by extensions ['cmake', 'python']
[5.019s] Level 1:colcon.colcon_core.package_identification:_identify(obsolete) by extension 'cmake'
[5.019s] Level 1:colcon.colcon_core.package_identification:_identify(obsolete) by extension 'python'
[5.019s] Level 1:colcon.colcon_core.package_identification:_identify(obsolete) by extensions ['python_setup_py']
[5.019s] Level 1:colcon.colcon_core.package_identification:_identify(obsolete) by extension 'python_setup_py'
[5.020s] Level 1:colcon.colcon_core.package_identification:_identify(old) by extensions ['ignore', 'ignore_ament_install']
[5.020s] Level 1:colcon.colcon_core.package_identification:_identify(old) by extension 'ignore'
[5.020s] Level 1:colcon.colcon_core.package_identification:_identify(old) by extension 'ignore_ament_install'
[5.020s] Level 1:colcon.colcon_core.package_identification:_identify(old) by extensions ['colcon_pkg']
[5.020s] Level 1:colcon.colcon_core.package_identification:_identify(old) by extension 'colcon_pkg'
[5.020s] Level 1:colcon.colcon_core.package_identification:_identify(old) by extensions ['colcon_meta']
[5.021s] Level 1:colcon.colcon_core.package_identification:_identify(old) by extension 'colcon_meta'
[5.021s] Level 1:colcon.colcon_core.package_identification:_identify(old) by extensions ['ros']
[5.021s] Level 1:colcon.colcon_core.package_identification:_identify(old) by extension 'ros'
[5.021s] Level 1:colcon.colcon_core.package_identification:_identify(old) by extensions ['cmake', 'python']
[5.021s] Level 1:colcon.colcon_core.package_identification:_identify(old) by extension 'cmake'
[5.021s] Level 1:colcon.colcon_core.package_identification:_identify(old) by extension 'python'
[5.022s] Level 1:colcon.colcon_core.package_identification:_identify(old) by extensions ['python_setup_py']
[5.022s] Level 1:colcon.colcon_core.package_identification:_identify(old) by extension 'python_setup_py'
[5.022s] Level 1:colcon.colcon_core.package_identification:_identify(params) by extensions ['ignore', 'ignore_ament_install']
[5.022s] Level 1:colcon.colcon_core.package_identification:_identify(params) by extension 'ignore'
[5.023s] Level 1:colcon.colcon_core.package_identification:_identify(params) by extension 'ignore_ament_install'
[5.023s] Level 1:colcon.colcon_core.package_identification:_identify(params) by extensions ['colcon_pkg']
[5.023s] Level 1:colcon.colcon_core.package_identification:_identify(params) by extension 'colcon_pkg'
[5.023s] Level 1:colcon.colcon_core.package_identification:_identify(params) by extensions ['colcon_meta']
[5.023s] Level 1:colcon.colcon_core.package_identification:_identify(params) by extension 'colcon_meta'
[5.023s] Level 1:colcon.colcon_core.package_identification:_identify(params) by extensions ['ros']
[5.024s] Level 1:colcon.colcon_core.package_identification:_identify(params) by extension 'ros'
[5.024s] Level 1:colcon.colcon_core.package_identification:_identify(params) by extensions ['cmake', 'python']
[5.024s] Level 1:colcon.colcon_core.package_identification:_identify(params) by extension 'cmake'
[5.024s] Level 1:colcon.colcon_core.package_identification:_identify(params) by extension 'python'
[5.024s] Level 1:colcon.colcon_core.package_identification:_identify(params) by extensions ['python_setup_py']
[5.024s] Level 1:colcon.colcon_core.package_identification:_identify(params) by extension 'python_setup_py'
[5.025s] Level 1:colcon.colcon_core.package_identification:_identify(src) by extensions ['ignore', 'ignore_ament_install']
[5.025s] Level 1:colcon.colcon_core.package_identification:_identify(src) by extension 'ignore'
[5.025s] Level 1:colcon.colcon_core.package_identification:_identify(src) by extension 'ignore_ament_install'
[5.026s] Level 1:colcon.colcon_core.package_identification:_identify(src) by extensions ['colcon_pkg']
[5.026s] Level 1:colcon.colcon_core.package_identification:_identify(src) by extension 'colcon_pkg'
[5.026s] Level 1:colcon.colcon_core.package_identification:_identify(src) by extensions ['colcon_meta']
[5.026s] Level 1:colcon.colcon_core.package_identification:_identify(src) by extension 'colcon_meta'
[5.026s] Level 1:colcon.colcon_core.package_identification:_identify(src) by extensions ['ros']
[5.026s] Level 1:colcon.colcon_core.package_identification:_identify(src) by extension 'ros'
[5.027s] Level 1:colcon.colcon_core.package_identification:_identify(src) by extensions ['cmake', 'python']
[5.027s] Level 1:colcon.colcon_core.package_identification:_identify(src) by extension 'cmake'
[5.027s] Level 1:colcon.colcon_core.package_identification:_identify(src) by extension 'python'
[5.027s] Level 1:colcon.colcon_core.package_identification:_identify(src) by extensions ['python_setup_py']
[5.027s] Level 1:colcon.colcon_core.package_identification:_identify(src) by extension 'python_setup_py'
[5.028s] Level 1:colcon.colcon_core.package_identification:_identify(src/apriltag_msgs) by extensions ['ignore', 'ignore_ament_install']
[5.028s] Level 1:colcon.colcon_core.package_identification:_identify(src/apriltag_msgs) by extension 'ignore'
[5.028s] Level 1:colcon.colcon_core.package_identification:_identify(src/apriltag_msgs) by extension 'ignore_ament_install'
[5.028s] Level 1:colcon.colcon_core.package_identification:_identify(src/apriltag_msgs) by extensions ['colcon_pkg']
[5.028s] Level 1:colcon.colcon_core.package_identification:_identify(src/apriltag_msgs) by extension 'colcon_pkg'
[5.029s] Level 1:colcon.colcon_core.package_identification:_identify(src/apriltag_msgs) by extensions ['colcon_meta']
[5.029s] Level 1:colcon.colcon_core.package_identification:_identify(src/apriltag_msgs) by extension 'colcon_meta'
[5.029s] Level 1:colcon.colcon_core.package_identification:_identify(src/apriltag_msgs) by extensions ['ros']
[5.029s] Level 1:colcon.colcon_core.package_identification:_identify(src/apriltag_msgs) by extension 'ros'
[5.037s] DEBUG:colcon.colcon_core.package_identification:Package 'src/apriltag_msgs' with type 'ros.ament_cmake' and name 'apriltag_msgs'
[5.038s] Level 1:colcon.colcon_core.package_identification:_identify(src/apriltag_ros) by extensions ['ignore', 'ignore_ament_install']
[5.039s] Level 1:colcon.colcon_core.package_identification:_identify(src/apriltag_ros) by extension 'ignore'
[5.039s] Level 1:colcon.colcon_core.package_identification:_identify(src/apriltag_ros) by extension 'ignore_ament_install'
[5.039s] Level 1:colcon.colcon_core.package_identification:_identify(src/apriltag_ros) by extensions ['colcon_pkg']
[5.039s] Level 1:colcon.colcon_core.package_identification:_identify(src/apriltag_ros) by extension 'colcon_pkg'
[5.039s] Level 1:colcon.colcon_core.package_identification:_identify(src/apriltag_ros) by extensions ['colcon_meta']
[5.040s] Level 1:colcon.colcon_core.package_identification:_identify(src/apriltag_ros) by extension 'colcon_meta'
[5.040s] Level 1:colcon.colcon_core.package_identification:_identify(src/apriltag_ros) by extensions ['ros']
[5.040s] Level 1:colcon.colcon_core.package_identification:_identify(src/apriltag_ros) by extension 'ros'
[5.044s] DEBUG:colcon.colcon_core.package_identification:Package 'src/apriltag_ros' with type 'ros.ament_cmake' and name 'apriltag_ros'
[5.045s] Level 1:colcon.colcon_core.package_identification:_identify(src/dave) by extensions ['ignore', 'ignore_ament_install']
[5.045s] Level 1:colcon.colcon_core.package_identification:_identify(src/dave) by extension 'ignore'
[5.045s] Level 1:colcon.colcon_core.package_identification:_identify(src/dave) by extension 'ignore_ament_install'
[5.046s] Level 1:colcon.colcon_core.package_identification:_identify(src/dave) by extensions ['colcon_pkg']
[5.046s] Level 1:colcon.colcon_core.package_identification:_identify(src/dave) by extension 'colcon_pkg'
[5.046s] Level 1:colcon.colcon_core.package_identification:_identify(src/dave) by extensions ['colcon_meta']
[5.046s] Level 1:colcon.colcon_core.package_identification:_identify(src/dave) by extension 'colcon_meta'
[5.046s] Level 1:colcon.colcon_core.package_identification:_identify(src/dave) by extensions ['ros']
[5.046s] Level 1:colcon.colcon_core.package_identification:_identify(src/dave) by extension 'ros'
[5.048s] DEBUG:colcon.colcon_core.package_identification:Package 'src/dave' with type 'ros.ament_python' and name 'dave'
[5.049s] Level 1:colcon.colcon_core.package_identification:_identify(src/dave_interfaces) by extensions ['ignore', 'ignore_ament_install']
[5.049s] Level 1:colcon.colcon_core.package_identification:_identify(src/dave_interfaces) by extension 'ignore'
[5.049s] Level 1:colcon.colcon_core.package_identification:_identify(src/dave_interfaces) by extension 'ignore_ament_install'
[5.050s] Level 1:colcon.colcon_core.package_identification:_identify(src/dave_interfaces) by extensions ['colcon_pkg']
[5.050s] Level 1:colcon.colcon_core.package_identification:_identify(src/dave_interfaces) by extension 'colcon_pkg'
[5.050s] Level 1:colcon.colcon_core.package_identification:_identify(src/dave_interfaces) by extensions ['colcon_meta']
[5.050s] Level 1:colcon.colcon_core.package_identification:_identify(src/dave_interfaces) by extension 'colcon_meta'
[5.050s] Level 1:colcon.colcon_core.package_identification:_identify(src/dave_interfaces) by extensions ['ros']
[5.050s] Level 1:colcon.colcon_core.package_identification:_identify(src/dave_interfaces) by extension 'ros'
[5.052s] DEBUG:colcon.colcon_core.package_identification:Package 'src/dave_interfaces' with type 'ros.ament_cmake' and name 'dave_interfaces'
[5.053s] Level 1:colcon.colcon_core.package_identification:_identify(src/explorer_wanderer) by extensions ['ignore', 'ignore_ament_install']
[5.053s] Level 1:colcon.colcon_core.package_identification:_identify(src/explorer_wanderer) by extension 'ignore'
[5.053s] Level 1:colcon.colcon_core.package_identification:_identify(src/explorer_wanderer) by extension 'ignore_ament_install'
[5.053s] Level 1:colcon.colcon_core.package_identification:_identify(src/explorer_wanderer) by extensions ['colcon_pkg']
[5.054s] Level 1:colcon.colcon_core.package_identification:_identify(src/explorer_wanderer) by extension 'colcon_pkg'
[5.054s] Level 1:colcon.colcon_core.package_identification:_identify(src/explorer_wanderer) by extensions ['colcon_meta']
[5.054s] Level 1:colcon.colcon_core.package_identification:_identify(src/explorer_wanderer) by extension 'colcon_meta'
[5.054s] Level 1:colcon.colcon_core.package_identification:_identify(src/explorer_wanderer) by extensions ['ros']
[5.054s] Level 1:colcon.colcon_core.package_identification:_identify(src/explorer_wanderer) by extension 'ros'
[5.056s] DEBUG:colcon.colcon_core.package_identification:Package 'src/explorer_wanderer' with type 'ros.ament_python' and name 'explorer_wanderer'
[5.057s] Level 1:colcon.colcon_core.package_identification:_identify(src/gpg3_cartographer) by extensions ['ignore', 'ignore_ament_install']
[5.057s] Level 1:colcon.colcon_core.package_identification:_identify(src/gpg3_cartographer) by extension 'ignore'
[5.058s] Level 1:colcon.colcon_core.package_identification:_identify(src/gpg3_cartographer) by extension 'ignore_ament_install'
[5.058s] Level 1:colcon.colcon_core.package_identification:_identify(src/gpg3_cartographer) by extensions ['colcon_pkg']
[5.058s] Level 1:colcon.colcon_core.package_identification:_identify(src/gpg3_cartographer) by extension 'colcon_pkg'
[5.058s] Level 1:colcon.colcon_core.package_identification:_identify(src/gpg3_cartographer) by extensions ['colcon_meta']
[5.058s] Level 1:colcon.colcon_core.package_identification:_identify(src/gpg3_cartographer) by extension 'colcon_meta'
[5.058s] Level 1:colcon.colcon_core.package_identification:_identify(src/gpg3_cartographer) by extensions ['ros']
[5.059s] Level 1:colcon.colcon_core.package_identification:_identify(src/gpg3_cartographer) by extension 'ros'
[5.060s] DEBUG:colcon.colcon_core.package_identification:Package 'src/gpg3_cartographer' with type 'ros.ament_cmake' and name 'gpg3_cartographer'
[5.061s] Level 1:colcon.colcon_core.package_identification:_identify(src/gpg3_navigation2) by extensions ['ignore', 'ignore_ament_install']
[5.061s] Level 1:colcon.colcon_core.package_identification:_identify(src/gpg3_navigation2) by extension 'ignore'
[5.061s] Level 1:colcon.colcon_core.package_identification:_identify(src/gpg3_navigation2) by extension 'ignore_ament_install'
[5.062s] Level 1:colcon.colcon_core.package_identification:_identify(src/gpg3_navigation2) by extensions ['colcon_pkg']
[5.062s] Level 1:colcon.colcon_core.package_identification:_identify(src/gpg3_navigation2) by extension 'colcon_pkg'
[5.062s] Level 1:colcon.colcon_core.package_identification:_identify(src/gpg3_navigation2) by extensions ['colcon_meta']
[5.062s] Level 1:colcon.colcon_core.package_identification:_identify(src/gpg3_navigation2) by extension 'colcon_meta'
[5.062s] Level 1:colcon.colcon_core.package_identification:_identify(src/gpg3_navigation2) by extensions ['ros']
[5.062s] Level 1:colcon.colcon_core.package_identification:_identify(src/gpg3_navigation2) by extension 'ros'
[5.064s] DEBUG:colcon.colcon_core.package_identification:Package 'src/gpg3_navigation2' with type 'ros.ament_cmake' and name 'gpg3_navigation2'
[5.065s] Level 1:colcon.colcon_core.package_identification:_identify(src/nav2_gopigo3) by extensions ['ignore', 'ignore_ament_install']
[5.065s] Level 1:colcon.colcon_core.package_identification:_identify(src/nav2_gopigo3) by extension 'ignore'
[5.065s] Level 1:colcon.colcon_core.package_identification:_identify(src/nav2_gopigo3) by extension 'ignore_ament_install'
[5.065s] Level 1:colcon.colcon_core.package_identification:_identify(src/nav2_gopigo3) by extensions ['colcon_pkg']
[5.066s] Level 1:colcon.colcon_core.package_identification:_identify(src/nav2_gopigo3) by extension 'colcon_pkg'
[5.066s] Level 1:colcon.colcon_core.package_identification:_identify(src/nav2_gopigo3) by extensions ['colcon_meta']
[5.066s] Level 1:colcon.colcon_core.package_identification:_identify(src/nav2_gopigo3) by extension 'colcon_meta'
[5.066s] Level 1:colcon.colcon_core.package_identification:_identify(src/nav2_gopigo3) by extensions ['ros']
[5.066s] Level 1:colcon.colcon_core.package_identification:_identify(src/nav2_gopigo3) by extension 'ros'
[5.069s] DEBUG:colcon.colcon_core.package_identification:Package 'src/nav2_gopigo3' with type 'ros.ament_cmake' and name 'nav2_gopigo3'
[5.069s] Level 1:colcon.colcon_core.package_identification:_identify(src/ros2_gopigo3_msg) by extensions ['ignore', 'ignore_ament_install']
[5.070s] Level 1:colcon.colcon_core.package_identification:_identify(src/ros2_gopigo3_msg) by extension 'ignore'
[5.070s] Level 1:colcon.colcon_core.package_identification:_identify(src/ros2_gopigo3_msg) by extension 'ignore_ament_install'
[5.070s] Level 1:colcon.colcon_core.package_identification:_identify(src/ros2_gopigo3_msg) by extensions ['colcon_pkg']
[5.070s] Level 1:colcon.colcon_core.package_identification:_identify(src/ros2_gopigo3_msg) by extension 'colcon_pkg'
[5.070s] Level 1:colcon.colcon_core.package_identification:_identify(src/ros2_gopigo3_msg) by extensions ['colcon_meta']
[5.070s] Level 1:colcon.colcon_core.package_identification:_identify(src/ros2_gopigo3_msg) by extension 'colcon_meta'
[5.071s] Level 1:colcon.colcon_core.package_identification:_identify(src/ros2_gopigo3_msg) by extensions ['ros']
[5.071s] Level 1:colcon.colcon_core.package_identification:_identify(src/ros2_gopigo3_msg) by extension 'ros'
[5.073s] DEBUG:colcon.colcon_core.package_identification:Package 'src/ros2_gopigo3_msg' with type 'ros.ament_cmake' and name 'ros2_gopigo3_msg'
[5.073s] Level 1:colcon.colcon_core.package_identification:_identify(src/ros2_gopigo3_node) by extensions ['ignore', 'ignore_ament_install']
[5.074s] Level 1:colcon.colcon_core.package_identification:_identify(src/ros2_gopigo3_node) by extension 'ignore'
[5.074s] Level 1:colcon.colcon_core.package_identification:_identify(src/ros2_gopigo3_node) by extension 'ignore_ament_install'
[5.074s] Level 1:colcon.colcon_core.package_identification:_identify(src/ros2_gopigo3_node) by extensions ['colcon_pkg']
[5.074s] Level 1:colcon.colcon_core.package_identification:_identify(src/ros2_gopigo3_node) by extension 'colcon_pkg'
[5.074s] Level 1:colcon.colcon_core.package_identification:_identify(src/ros2_gopigo3_node) by extensions ['colcon_meta']
[5.074s] Level 1:colcon.colcon_core.package_identification:_identify(src/ros2_gopigo3_node) by extension 'colcon_meta'
[5.075s] Level 1:colcon.colcon_core.package_identification:_identify(src/ros2_gopigo3_node) by extensions ['ros']
[5.075s] Level 1:colcon.colcon_core.package_identification:_identify(src/ros2_gopigo3_node) by extension 'ros'
[5.077s] DEBUG:colcon.colcon_core.package_identification:Package 'src/ros2_gopigo3_node' with type 'ros.ament_python' and name 'ros2_gopigo3_node'
[5.078s] Level 1:colcon.colcon_core.package_identification:_identify(src/ros2_libcamera_pub) by extensions ['ignore', 'ignore_ament_install']
[5.078s] Level 1:colcon.colcon_core.package_identification:_identify(src/ros2_libcamera_pub) by extension 'ignore'
[5.078s] Level 1:colcon.colcon_core.package_identification:_identify(src/ros2_libcamera_pub) by extension 'ignore_ament_install'
[5.079s] Level 1:colcon.colcon_core.package_identification:_identify(src/ros2_libcamera_pub) by extensions ['colcon_pkg']
[5.079s] Level 1:colcon.colcon_core.package_identification:_identify(src/ros2_libcamera_pub) by extension 'colcon_pkg'
[5.079s] Level 1:colcon.colcon_core.package_identification:_identify(src/ros2_libcamera_pub) by extensions ['colcon_meta']
[5.079s] Level 1:colcon.colcon_core.package_identification:_identify(src/ros2_libcamera_pub) by extension 'colcon_meta'
[5.079s] Level 1:colcon.colcon_core.package_identification:_identify(src/ros2_libcamera_pub) by extensions ['ros']
[5.079s] Level 1:colcon.colcon_core.package_identification:_identify(src/ros2_libcamera_pub) by extension 'ros'
[5.081s] DEBUG:colcon.colcon_core.package_identification:Package 'src/ros2_libcamera_pub' with type 'ros.ament_python' and name 'ros2_libcamera_pub'
[5.082s] Level 1:colcon.colcon_core.package_identification:_identify(src/scan_client) by extensions ['ignore', 'ignore_ament_install']
[5.083s] Level 1:colcon.colcon_core.package_identification:_identify(src/scan_client) by extension 'ignore'
[5.083s] Level 1:colcon.colcon_core.package_identification:_identify(src/scan_client) by extension 'ignore_ament_install'
[5.083s] Level 1:colcon.colcon_core.package_identification:_identify(src/scan_client) by extensions ['colcon_pkg']
[5.083s] Level 1:colcon.colcon_core.package_identification:_identify(src/scan_client) by extension 'colcon_pkg'
[5.083s] Level 1:colcon.colcon_core.package_identification:_identify(src/scan_client) by extensions ['colcon_meta']
[5.084s] Level 1:colcon.colcon_core.package_identification:_identify(src/scan_client) by extension 'colcon_meta'
[5.084s] Level 1:colcon.colcon_core.package_identification:_identify(src/scan_client) by extensions ['ros']
[5.084s] Level 1:colcon.colcon_core.package_identification:_identify(src/scan_client) by extension 'ros'
[5.086s] DEBUG:colcon.colcon_core.package_identification:Package 'src/scan_client' with type 'ros.ament_python' and name 'scan_client'
[5.086s] Level 1:colcon.colcon_core.package_identification:_identify(src/teleop_gopigo3_keyboard) by extensions ['ignore', 'ignore_ament_install']
[5.087s] Level 1:colcon.colcon_core.package_identification:_identify(src/teleop_gopigo3_keyboard) by extension 'ignore'
[5.087s] Level 1:colcon.colcon_core.package_identification:_identify(src/teleop_gopigo3_keyboard) by extension 'ignore_ament_install'
[5.087s] Level 1:colcon.colcon_core.package_identification:_identify(src/teleop_gopigo3_keyboard) by extensions ['colcon_pkg']
[5.087s] Level 1:colcon.colcon_core.package_identification:_identify(src/teleop_gopigo3_keyboard) by extension 'colcon_pkg'
[5.088s] Level 1:colcon.colcon_core.package_identification:_identify(src/teleop_gopigo3_keyboard) by extensions ['colcon_meta']
[5.088s] Level 1:colcon.colcon_core.package_identification:_identify(src/teleop_gopigo3_keyboard) by extension 'colcon_meta'
[5.088s] Level 1:colcon.colcon_core.package_identification:_identify(src/teleop_gopigo3_keyboard) by extensions ['ros']
[5.088s] Level 1:colcon.colcon_core.package_identification:_identify(src/teleop_gopigo3_keyboard) by extension 'ros'
[5.090s] DEBUG:colcon.colcon_core.package_identification:Package 'src/teleop_gopigo3_keyboard' with type 'ros.ament_python' and name 'teleop_gopigo3_keyboard'
[5.091s] Level 1:colcon.colcon_core.package_identification:_identify(src/ydlidar_ros2_driver) by extensions ['ignore', 'ignore_ament_install']
[5.091s] Level 1:colcon.colcon_core.package_identification:_identify(src/ydlidar_ros2_driver) by extension 'ignore'
[5.091s] Level 1:colcon.colcon_core.package_identification:_identify(src/ydlidar_ros2_driver) by extension 'ignore_ament_install'
[5.091s] Level 1:colcon.colcon_core.package_identification:_identify(src/ydlidar_ros2_driver) by extensions ['colcon_pkg']
[5.092s] Level 1:colcon.colcon_core.package_identification:_identify(src/ydlidar_ros2_driver) by extension 'colcon_pkg'
[5.092s] Level 1:colcon.colcon_core.package_identification:_identify(src/ydlidar_ros2_driver) by extensions ['colcon_meta']
[5.092s] Level 1:colcon.colcon_core.package_identification:_identify(src/ydlidar_ros2_driver) by extension 'colcon_meta'
[5.092s] Level 1:colcon.colcon_core.package_identification:_identify(src/ydlidar_ros2_driver) by extensions ['ros']
[5.092s] Level 1:colcon.colcon_core.package_identification:_identify(src/ydlidar_ros2_driver) by extension 'ros'
[5.094s] DEBUG:colcon.colcon_core.package_identification:Package 'src/ydlidar_ros2_driver' with type 'ros.ament_cmake' and name 'ydlidar_ros2_driver'
[5.095s] Level 1:colcon.colcon_core.package_identification:_identify(tests) by extensions ['ignore', 'ignore_ament_install']
[5.095s] Level 1:colcon.colcon_core.package_identification:_identify(tests) by extension 'ignore'
[5.095s] Level 1:colcon.colcon_core.package_identification:_identify(tests) by extension 'ignore_ament_install'
[5.096s] Level 1:colcon.colcon_core.package_identification:_identify(tests) by extensions ['colcon_pkg']
[5.096s] Level 1:colcon.colcon_core.package_identification:_identify(tests) by extension 'colcon_pkg'
[5.096s] Level 1:colcon.colcon_core.package_identification:_identify(tests) by extensions ['colcon_meta']
[5.096s] Level 1:colcon.colcon_core.package_identification:_identify(tests) by extension 'colcon_meta'
[5.096s] Level 1:colcon.colcon_core.package_identification:_identify(tests) by extensions ['ros']
[5.096s] Level 1:colcon.colcon_core.package_identification:_identify(tests) by extension 'ros'
[5.097s] Level 1:colcon.colcon_core.package_identification:_identify(tests) by extensions ['cmake', 'python']
[5.097s] Level 1:colcon.colcon_core.package_identification:_identify(tests) by extension 'cmake'
[5.097s] Level 1:colcon.colcon_core.package_identification:_identify(tests) by extension 'python'
[5.097s] Level 1:colcon.colcon_core.package_identification:_identify(tests) by extensions ['python_setup_py']
[5.097s] Level 1:colcon.colcon_core.package_identification:_identify(tests) by extension 'python_setup_py'
[5.097s] Level 1:colcon.colcon_core.package_discovery:discover_packages(recursive) using defaults
[5.098s] Level 1:colcon.colcon_core.package_discovery:discover_packages(ignore) discover
[5.098s] Level 1:colcon.colcon_core.package_discovery:discover_packages(ignore) using defaults
[5.098s] Level 1:colcon.colcon_core.package_discovery:discover_packages(path) discover
[5.098s] Level 1:colcon.colcon_core.package_discovery:discover_packages(path) using defaults
[5.387s] INFO:colcon.colcon_core.package_selection:Skipping not selected package 'apriltag_msgs' in 'src/apriltag_msgs'
[5.387s] INFO:colcon.colcon_core.package_selection:Skipping not selected package 'dave_interfaces' in 'src/dave_interfaces'
[5.387s] INFO:colcon.colcon_core.package_selection:Skipping not selected package 'explorer_wanderer' in 'src/explorer_wanderer'
[5.387s] INFO:colcon.colcon_core.package_selection:Skipping not selected package 'gpg3_cartographer' in 'src/gpg3_cartographer'
[5.387s] INFO:colcon.colcon_core.package_selection:Skipping not selected package 'gpg3_navigation2' in 'src/gpg3_navigation2'
[5.388s] INFO:colcon.colcon_core.package_selection:Skipping not selected package 'nav2_gopigo3' in 'src/nav2_gopigo3'
[5.388s] INFO:colcon.colcon_core.package_selection:Skipping not selected package 'ros2_gopigo3_msg' in 'src/ros2_gopigo3_msg'
[5.388s] INFO:colcon.colcon_core.package_selection:Skipping not selected package 'ros2_libcamera_pub' in 'src/ros2_libcamera_pub'
[5.388s] INFO:colcon.colcon_core.package_selection:Skipping not selected package 'scan_client' in 'src/scan_client'
[5.388s] INFO:colcon.colcon_core.package_selection:Skipping not selected package 'teleop_gopigo3_keyboard' in 'src/teleop_gopigo3_keyboard'
[5.388s] INFO:colcon.colcon_core.package_selection:Skipping not selected package 'ydlidar_ros2_driver' in 'src/ydlidar_ros2_driver'
[5.388s] INFO:colcon.colcon_core.package_selection:Skipping not selected package 'apriltag_ros' in 'src/apriltag_ros'
[5.388s] INFO:colcon.colcon_core.package_selection:Skipping not selected package 'ros2_gopigo3_node' in 'src/ros2_gopigo3_node'
[5.522s] Level 1:colcon.colcon_core.package_discovery:discover_packages(prefix_path) check parameters
[5.522s] Level 1:colcon.colcon_core.package_discovery:discover_packages(prefix_path) discover
[5.595s] WARNING:colcon.colcon_core.prefix_path.colcon:The path '/home/ubuntu/HumbleDave/ros2ws/install' in the environment variable COLCON_PREFIX_PATH doesn't exist
[5.595s] WARNING:colcon.colcon_ros.prefix_path.ament:The path '/home/ubuntu/HumbleDave/ros2ws/install/ydlidar_ros2_driver' in the environment variable AMENT_PREFIX_PATH doesn't exist
[5.596s] WARNING:colcon.colcon_ros.prefix_path.ament:The path '/home/ubuntu/HumbleDave/ros2ws/install/teleop_gopigo3_keyboard' in the environment variable AMENT_PREFIX_PATH doesn't exist
[5.596s] WARNING:colcon.colcon_ros.prefix_path.ament:The path '/home/ubuntu/HumbleDave/ros2ws/install/scan_client' in the environment variable AMENT_PREFIX_PATH doesn't exist
[5.596s] WARNING:colcon.colcon_ros.prefix_path.ament:The path '/home/ubuntu/HumbleDave/ros2ws/install/ros2_libcamera_pub' in the environment variable AMENT_PREFIX_PATH doesn't exist
[5.596s] WARNING:colcon.colcon_ros.prefix_path.ament:The path '/home/ubuntu/HumbleDave/ros2ws/install/ros2_gopigo3_node' in the environment variable AMENT_PREFIX_PATH doesn't exist
[5.597s] WARNING:colcon.colcon_ros.prefix_path.ament:The path '/home/ubuntu/HumbleDave/ros2ws/install/ros2_gopigo3_msg' in the environment variable AMENT_PREFIX_PATH doesn't exist
[5.597s] WARNING:colcon.colcon_ros.prefix_path.ament:The path '/home/ubuntu/HumbleDave/ros2ws/install/mpu9250driver' in the environment variable AMENT_PREFIX_PATH doesn't exist
[5.597s] WARNING:colcon.colcon_ros.prefix_path.ament:The path '/home/ubuntu/HumbleDave/ros2ws/install/gopigo3_navigation' in the environment variable AMENT_PREFIX_PATH doesn't exist
[5.597s] WARNING:colcon.colcon_ros.prefix_path.ament:The path '/home/ubuntu/HumbleDave/ros2ws/install/gopigo3_ekf' in the environment variable AMENT_PREFIX_PATH doesn't exist
[5.597s] WARNING:colcon.colcon_ros.prefix_path.ament:The path '/home/ubuntu/HumbleDave/ros2ws/install/explorer_wanderer' in the environment variable AMENT_PREFIX_PATH doesn't exist
[5.597s] WARNING:colcon.colcon_ros.prefix_path.ament:The path '/home/ubuntu/HumbleDave/ros2ws/install/HoROS8' in the environment variable AMENT_PREFIX_PATH doesn't exist
[5.599s] WARNING:colcon.colcon_ros.prefix_path.catkin:The path '/home/ubuntu/HumbleDave/ros2ws/install/ydlidar_ros2_driver' in the environment variable CMAKE_PREFIX_PATH doesn't exist
[5.600s] WARNING:colcon.colcon_ros.prefix_path.catkin:The path '/home/ubuntu/HumbleDave/ros2ws/install/ros2_gopigo3_msg' in the environment variable CMAKE_PREFIX_PATH doesn't exist
[5.600s] WARNING:colcon.colcon_ros.prefix_path.catkin:The path '/home/ubuntu/HumbleDave/ros2ws/install/mpu9250driver' in the environment variable CMAKE_PREFIX_PATH doesn't exist
[5.600s] WARNING:colcon.colcon_ros.prefix_path.catkin:The path '/home/ubuntu/HumbleDave/ros2ws/install/gopigo3_navigation' in the environment variable CMAKE_PREFIX_PATH doesn't exist
[5.600s] WARNING:colcon.colcon_ros.prefix_path.catkin:The path '/home/ubuntu/HumbleDave/ros2ws/install/gopigo3_ekf' in the environment variable CMAKE_PREFIX_PATH doesn't exist
[5.670s] DEBUG:colcon.colcon_installed_package_information.package_discovery:Found 5 installed packages in /home/ubuntu/ros2ws/install
[5.746s] DEBUG:colcon.colcon_installed_package_information.package_discovery:Found 263 installed packages in /opt/ros/humble
[5.751s] Level 1:colcon.colcon_core.package_discovery:discover_packages(prefix_path) using defaults
[6.120s] Level 5:colcon.colcon_core.verb:set package 'dave' build argument 'cmake_args' from command line to 'None'
[6.121s] Level 5:colcon.colcon_core.verb:set package 'dave' build argument 'cmake_target' from command line to 'None'
[6.121s] Level 5:colcon.colcon_core.verb:set package 'dave' build argument 'cmake_target_skip_unavailable' from command line to 'False'
[6.121s] Level 5:colcon.colcon_core.verb:set package 'dave' build argument 'cmake_clean_cache' from command line to 'False'
[6.121s] Level 5:colcon.colcon_core.verb:set package 'dave' build argument 'cmake_clean_first' from command line to 'False'
[6.121s] Level 5:colcon.colcon_core.verb:set package 'dave' build argument 'cmake_force_configure' from command line to 'False'
[6.121s] Level 5:colcon.colcon_core.verb:set package 'dave' build argument 'ament_cmake_args' from command line to 'None'
[6.121s] Level 5:colcon.colcon_core.verb:set package 'dave' build argument 'catkin_cmake_args' from command line to 'None'
[6.121s] Level 5:colcon.colcon_core.verb:set package 'dave' build argument 'catkin_skip_building_tests' from command line to 'False'
[6.121s] DEBUG:colcon.colcon_core.verb:Building package 'dave' with the following arguments: {'ament_cmake_args': None, 'build_base': '/home/ubuntu/HumbleDave2/ros2ws/build/dave', 'catkin_cmake_args': None, 'catkin_skip_building_tests': False, 'cmake_args': None, 'cmake_clean_cache': False, 'cmake_clean_first': False, 'cmake_force_configure': False, 'cmake_target': None, 'cmake_target_skip_unavailable': False, 'install_base': '/home/ubuntu/HumbleDave2/ros2ws/install/dave', 'merge_install': False, 'path': '/home/ubuntu/HumbleDave2/ros2ws/src/dave', 'symlink_install': True, 'test_result_base': None}
[6.188s] INFO:colcon.colcon_core.executor:Executing jobs using 'parallel' executor
[6.258s] DEBUG:colcon.colcon_parallel_executor.executor.parallel:run_until_complete
[6.259s] INFO:colcon.colcon_ros.task.ament_python.build:Building ROS package in '/home/ubuntu/HumbleDave2/ros2ws/src/dave' with build type 'ament_python'
[6.260s] Level 1:colcon.colcon_core.shell:create_environment_hook('dave', 'ament_prefix_path')
[6.340s] INFO:colcon.colcon_core.plugin_system:Skipping extension 'colcon_core.shell.bat': Not used on non-Windows systems
[6.341s] INFO:colcon.colcon_core.shell:Creating environment hook '/home/ubuntu/HumbleDave2/ros2ws/install/dave/share/dave/hook/ament_prefix_path.ps1'
[6.343s] INFO:colcon.colcon_core.shell:Creating environment descriptor '/home/ubuntu/HumbleDave2/ros2ws/install/dave/share/dave/hook/ament_prefix_path.dsv'
[6.345s] INFO:colcon.colcon_core.shell:Creating environment hook '/home/ubuntu/HumbleDave2/ros2ws/install/dave/share/dave/hook/ament_prefix_path.sh'
[6.416s] INFO:colcon.colcon_core.shell:Skip shell extension 'powershell' for command environment: Not usable outside of PowerShell
[6.416s] DEBUG:colcon.colcon_core.shell:Skip shell extension 'dsv' for command environment
[7.850s] INFO:colcon.colcon_core.task.python.build:Building Python package in '/home/ubuntu/HumbleDave2/ros2ws/src/dave'
[7.923s] INFO:colcon.colcon_core.shell:Skip shell extension 'powershell' for command environment: Not usable outside of PowerShell
[7.923s] DEBUG:colcon.colcon_core.shell:Skip shell extension 'dsv' for command environment
[9.811s] DEBUG:colcon.colcon_core.event_handler.log_command:Invoking command in '/home/ubuntu/HumbleDave2/ros2ws/build/dave': PYTHONPATH=/home/ubuntu/HumbleDave2/ros2ws/build/dave/prefix_override:/home/ubuntu/HumbleDave2/ros2ws/install/dave/lib/python3.10/site-packages:${PYTHONPATH} /usr/bin/python3 setup.py develop --editable --build-directory /home/ubuntu/HumbleDave2/ros2ws/build/dave/build --no-deps install_data
[11.906s] Level 1:colcon.colcon_core.shell:create_environment_hook('dave', 'pythonpath_develop')
[11.907s] DEBUG:colcon.colcon_core.event_handler.log_command:Invoked command in '/home/ubuntu/HumbleDave2/ros2ws/build/dave' returned '0': PYTHONPATH=/home/ubuntu/HumbleDave2/ros2ws/build/dave/prefix_override:/home/ubuntu/HumbleDave2/ros2ws/install/dave/lib/python3.10/site-packages:${PYTHONPATH} /usr/bin/python3 setup.py develop --editable --build-directory /home/ubuntu/HumbleDave2/ros2ws/build/dave/build --no-deps install_data
[11.978s] INFO:colcon.colcon_core.shell:Creating environment hook '/home/ubuntu/HumbleDave2/ros2ws/build/dave/share/dave/hook/pythonpath_develop.ps1'
[11.980s] INFO:colcon.colcon_core.shell:Creating environment descriptor '/home/ubuntu/HumbleDave2/ros2ws/build/dave/share/dave/hook/pythonpath_develop.dsv'
[11.982s] INFO:colcon.colcon_core.shell:Creating environment hook '/home/ubuntu/HumbleDave2/ros2ws/build/dave/share/dave/hook/pythonpath_develop.sh'
[12.062s] Level 1:colcon.colcon_core.environment:checking '/home/ubuntu/HumbleDave2/ros2ws/install/dave' for CMake module files
[12.064s] Level 1:colcon.colcon_core.environment:checking '/home/ubuntu/HumbleDave2/ros2ws/install/dave' for CMake config files
[12.067s] Level 1:colcon.colcon_core.environment:checking '/home/ubuntu/HumbleDave2/ros2ws/install/dave/lib'
[12.068s] Level 1:colcon.colcon_core.environment:checking '/home/ubuntu/HumbleDave2/ros2ws/install/dave/bin'
[12.068s] Level 1:colcon.colcon_core.environment:checking '/home/ubuntu/HumbleDave2/ros2ws/install/dave/lib/pkgconfig/dave.pc'
[12.069s] Level 1:colcon.colcon_core.environment:checking '/home/ubuntu/HumbleDave2/ros2ws/install/dave/lib/python3.10/site-packages'
[12.069s] Level 1:colcon.colcon_core.shell:create_environment_hook('dave', 'pythonpath')
[12.138s] INFO:colcon.colcon_core.shell:Creating environment hook '/home/ubuntu/HumbleDave2/ros2ws/install/dave/share/dave/hook/pythonpath.ps1'
[12.140s] INFO:colcon.colcon_core.shell:Creating environment descriptor '/home/ubuntu/HumbleDave2/ros2ws/install/dave/share/dave/hook/pythonpath.dsv'
[12.141s] INFO:colcon.colcon_core.shell:Creating environment hook '/home/ubuntu/HumbleDave2/ros2ws/install/dave/share/dave/hook/pythonpath.sh'
[12.143s] Level 1:colcon.colcon_core.environment:checking '/home/ubuntu/HumbleDave2/ros2ws/install/dave/bin'
[12.144s] Level 1:colcon.colcon_core.environment:create_environment_scripts_only(dave)
[12.213s] INFO:colcon.colcon_core.shell:Creating package script '/home/ubuntu/HumbleDave2/ros2ws/install/dave/share/dave/package.ps1'
[12.216s] INFO:colcon.colcon_core.shell:Creating package descriptor '/home/ubuntu/HumbleDave2/ros2ws/install/dave/share/dave/package.dsv'
[12.219s] INFO:colcon.colcon_core.shell:Creating package script '/home/ubuntu/HumbleDave2/ros2ws/install/dave/share/dave/package.sh'
[12.222s] INFO:colcon.colcon_core.shell:Creating package script '/home/ubuntu/HumbleDave2/ros2ws/install/dave/share/dave/package.bash'
[12.224s] INFO:colcon.colcon_core.shell:Creating package script '/home/ubuntu/HumbleDave2/ros2ws/install/dave/share/dave/package.zsh'
[12.227s] Level 1:colcon.colcon_core.environment:create_file_with_runtime_dependencies(/home/ubuntu/HumbleDave2/ros2ws/install/dave/share/colcon-core/packages/dave)
[12.228s] DEBUG:colcon.colcon_parallel_executor.executor.parallel:closing loop
[12.229s] DEBUG:colcon.colcon_parallel_executor.executor.parallel:loop closed
[12.230s] DEBUG:colcon.colcon_parallel_executor.executor.parallel:run_until_complete finished with '0'
[12.230s] DEBUG:colcon.colcon_core.event_reactor:joining thread
[12.364s] INFO:colcon.colcon_core.plugin_system:Skipping extension 'colcon_notification.desktop_notification.notify_send': Could not find 'notify-send'
[12.364s] INFO:colcon.colcon_core.plugin_system:Skipping extension 'colcon_notification.desktop_notification.terminal_notifier': Not used on non-Darwin systems
[12.364s] INFO:colcon.colcon_core.plugin_system:Skipping extension 'colcon_notification.desktop_notification.win32': Not used on non-Windows systems
[12.365s] INFO:colcon.colcon_notification.desktop_notification:Sending desktop notification using 'notify2'
[12.367s] DEBUG:colcon.colcon_notification.desktop_notification.notify2:Failed to initialize notify2: org.freedesktop.DBus.Error.ServiceUnknown: The name org.freedesktop.Notifications was not provided by any .service files
[12.368s] DEBUG:colcon.colcon_core.event_reactor:joined thread
[12.438s] INFO:colcon.colcon_core.shell:Creating prefix script '/home/ubuntu/HumbleDave2/ros2ws/install/local_setup.ps1'
[12.441s] INFO:colcon.colcon_core.shell:Creating prefix util module '/home/ubuntu/HumbleDave2/ros2ws/install/_local_setup_util_ps1.py'
[12.446s] INFO:colcon.colcon_core.shell:Creating prefix chain script '/home/ubuntu/HumbleDave2/ros2ws/install/setup.ps1'
[12.520s] INFO:colcon.colcon_core.shell:Creating prefix script '/home/ubuntu/HumbleDave2/ros2ws/install/local_setup.sh'
[12.523s] INFO:colcon.colcon_core.shell:Creating prefix util module '/home/ubuntu/HumbleDave2/ros2ws/install/_local_setup_util_sh.py'
[12.525s] INFO:colcon.colcon_core.shell:Creating prefix chain script '/home/ubuntu/HumbleDave2/ros2ws/install/setup.sh'
[12.598s] INFO:colcon.colcon_core.shell:Creating prefix script '/home/ubuntu/HumbleDave2/ros2ws/install/local_setup.bash'
[12.600s] INFO:colcon.colcon_core.shell:Creating prefix chain script '/home/ubuntu/HumbleDave2/ros2ws/install/setup.bash'
[12.673s] INFO:colcon.colcon_core.shell:Creating prefix script '/home/ubuntu/HumbleDave2/ros2ws/install/local_setup.zsh'
[12.676s] INFO:colcon.colcon_core.shell:Creating prefix chain script '/home/ubuntu/HumbleDave2/ros2ws/install/setup.zsh'
