[8.056s] Invoking command in '/home/ubuntu/HumbleDave/ros2ws/build/ros2_gopigo3_node': CMAKE_PREFIX_PATH=/home/ubuntu/HumbleDave/ros2ws/install/ros2_gopigo3_msg:/home/ubuntu/HumbleDave/ros2ws/install/ydlidar_ros2_driver:/home/ubuntu/HumbleDave/ros2ws/install/gopigo3_ekf PYTHONPATH=/home/ubuntu/HumbleDave/ros2ws/build/ros2_gopigo3_node/prefix_override:/home/ubuntu/HumbleDave/ros2ws/install/ros2_gopigo3_node/lib/python3.10/site-packages:${PYTHONPATH} /usr/bin/python3 setup.py develop --editable --build-directory /home/ubuntu/HumbleDave/ros2ws/build/ros2_gopigo3_node/build --no-deps install_data
[9.989s] running develop
[11.116s] running egg_info
[11.118s] writing ros2_gopigo3_node.egg-info/PKG-INFO
[11.119s] writing dependency_links to ros2_gopigo3_node.egg-info/dependency_links.txt
[11.120s] writing entry points to ros2_gopigo3_node.egg-info/entry_points.txt
[11.121s] writing requirements to ros2_gopigo3_node.egg-info/requires.txt
[11.121s] writing top-level names to ros2_gopigo3_node.egg-info/top_level.txt
[11.129s] reading manifest file 'ros2_gopigo3_node.egg-info/SOURCES.txt'
[11.133s] writing manifest file 'ros2_gopigo3_node.egg-info/SOURCES.txt'
[11.146s] running build_ext
[11.147s] Creating /home/ubuntu/HumbleDave/ros2ws/install/ros2_gopigo3_node/lib/python3.10/site-packages/ros2-gopigo3-node.egg-link (link to .)
[11.151s] Installing distance_sensor script to /home/ubuntu/HumbleDave/ros2ws/install/ros2_gopigo3_node/lib/ros2_gopigo3_node
[11.153s] Installing distance_sensor_subscriber script to /home/ubuntu/HumbleDave/ros2ws/install/ros2_gopigo3_node/lib/ros2_gopigo3_node
[11.155s] Installing gopigo3_node script to /home/ubuntu/HumbleDave/ros2ws/install/ros2_gopigo3_node/lib/ros2_gopigo3_node
[11.157s] Installing imu_sensor script to /home/ubuntu/HumbleDave/ros2ws/install/ros2_gopigo3_node/lib/ros2_gopigo3_node
[11.160s] Installing odometer script to /home/ubuntu/HumbleDave/ros2ws/install/ros2_gopigo3_node/lib/ros2_gopigo3_node
[11.163s] Installing ultrasonic_ranger script to /home/ubuntu/HumbleDave/ros2ws/install/ros2_gopigo3_node/lib/ros2_gopigo3_node
[11.166s] 
[11.168s] Installed /home/ubuntu/HumbleDave/ros2ws/build/ros2_gopigo3_node
[11.174s] running install_data
[11.586s] Invoked command in '/home/ubuntu/HumbleDave/ros2ws/build/ros2_gopigo3_node' returned '0': CMAKE_PREFIX_PATH=/home/ubuntu/HumbleDave/ros2ws/install/ros2_gopigo3_msg:/home/ubuntu/HumbleDave/ros2ws/install/ydlidar_ros2_driver:/home/ubuntu/HumbleDave/ros2ws/install/gopigo3_ekf PYTHONPATH=/home/ubuntu/HumbleDave/ros2ws/build/ros2_gopigo3_node/prefix_override:/home/ubuntu/HumbleDave/ros2ws/install/ros2_gopigo3_node/lib/python3.10/site-packages:${PYTHONPATH} /usr/bin/python3 setup.py develop --editable --build-directory /home/ubuntu/HumbleDave/ros2ws/build/ros2_gopigo3_node/build --no-deps install_data
