[1.563s] Invoking command in '/home/ubuntu/HumbleDave/ros2ws/build/ros2_gopigo3_msg': CMAKE_PREFIX_PATH=${CMAKE_PREFIX_PATH}:/home/ubuntu/HumbleDave/ros2ws/install/teleop_gopigo3_keyboard:/home/ubuntu/HumbleDave/ros2ws/install/scan_client:/home/ubuntu/HumbleDave/ros2ws/install/ros2_libcamera_pub:/home/ubuntu/HumbleDave/ros2ws/install/ros2_gopigo3_node:/home/ubuntu/ros2ws/install/ydlidar_ros2_driver:/home/ubuntu/ros2ws/install/teleop_gopigo3_keyboard:/home/ubuntu/ros2ws/install/ros2_libcamera_pub:/home/ubuntu/ros2ws/install/ros2_gopigo3_node:/home/ubuntu/ros2ws/install/ros2_gopigo3_msg:/opt/ros/humble /usr/bin/cmake --build /home/ubuntu/HumbleDave/ros2ws/build/ros2_gopigo3_msg -- -j4 -l4
[3.989s] [  2%] Built target ros2_gopigo3_msg__cpp
[3.989s] [  2%] Built target ament_cmake_python_symlink_ros2_gopigo3_msg
[3.990s] [ 12%] Built target ros2_gopigo3_msg__rosidl_generator_c
[3.991s] [ 23%] Built target ros2_gopigo3_msg__rosidl_typesupport_cpp
[3.991s] [ 34%] Built target ros2_gopigo3_msg__rosidl_typesupport_fastrtps_cpp
[3.992s] [ 44%] Built target ros2_gopigo3_msg__rosidl_typesupport_introspection_cpp
[3.992s] [ 55%] Built target ros2_gopigo3_msg__rosidl_typesupport_introspection_c
[3.993s] [ 65%] Built target ros2_gopigo3_msg__rosidl_typesupport_c
[3.994s] [ 76%] Built target ros2_gopigo3_msg__rosidl_typesupport_fastrtps_c
[3.994s] [ 76%] Built target ros2_gopigo3_msg
[3.995s] [ 78%] Built target ros2_gopigo3_msg__py
[3.996s] [ 87%] Built target ros2_gopigo3_msg__rosidl_generator_py
[3.997s] [ 91%] Built target ros2_gopigo3_msg__rosidl_typesupport_fastrtps_c__pyext
[3.999s] [ 95%] Built target ros2_gopigo3_msg__rosidl_typesupport_introspection_c__pyext
[4.000s] [100%] Built target ros2_gopigo3_msg__rosidl_typesupport_c__pyext
[4.045s] running egg_info
[4.049s] writing ros2_gopigo3_msg.egg-info/PKG-INFO
[4.051s] writing dependency_links to ros2_gopigo3_msg.egg-info/dependency_links.txt
[4.052s] writing top-level names to ros2_gopigo3_msg.egg-info/top_level.txt
[4.067s] reading manifest file 'ros2_gopigo3_msg.egg-info/SOURCES.txt'
[4.072s] writing manifest file 'ros2_gopigo3_msg.egg-info/SOURCES.txt'
[4.231s] [100%] Built target ament_cmake_python_build_ros2_gopigo3_msg_egg
[5.693s] Invoked command in '/home/ubuntu/HumbleDave/ros2ws/build/ros2_gopigo3_msg' returned '0': CMAKE_PREFIX_PATH=${CMAKE_PREFIX_PATH}:/home/ubuntu/HumbleDave/ros2ws/install/teleop_gopigo3_keyboard:/home/ubuntu/HumbleDave/ros2ws/install/scan_client:/home/ubuntu/HumbleDave/ros2ws/install/ros2_libcamera_pub:/home/ubuntu/HumbleDave/ros2ws/install/ros2_gopigo3_node:/home/ubuntu/ros2ws/install/ydlidar_ros2_driver:/home/ubuntu/ros2ws/install/teleop_gopigo3_keyboard:/home/ubuntu/ros2ws/install/ros2_libcamera_pub:/home/ubuntu/ros2ws/install/ros2_gopigo3_node:/home/ubuntu/ros2ws/install/ros2_gopigo3_msg:/opt/ros/humble /usr/bin/cmake --build /home/ubuntu/HumbleDave/ros2ws/build/ros2_gopigo3_msg -- -j4 -l4
[6.545s] Invoking command in '/home/ubuntu/HumbleDave/ros2ws/build/ros2_gopigo3_msg': CMAKE_PREFIX_PATH=${CMAKE_PREFIX_PATH}:/home/ubuntu/HumbleDave/ros2ws/install/teleop_gopigo3_keyboard:/home/ubuntu/HumbleDave/ros2ws/install/scan_client:/home/ubuntu/HumbleDave/ros2ws/install/ros2_libcamera_pub:/home/ubuntu/HumbleDave/ros2ws/install/ros2_gopigo3_node:/home/ubuntu/ros2ws/install/ydlidar_ros2_driver:/home/ubuntu/ros2ws/install/teleop_gopigo3_keyboard:/home/ubuntu/ros2ws/install/ros2_libcamera_pub:/home/ubuntu/ros2ws/install/ros2_gopigo3_node:/home/ubuntu/ros2ws/install/ros2_gopigo3_msg:/opt/ros/humble /usr/bin/cmake --install /home/ubuntu/HumbleDave/ros2ws/build/ros2_gopigo3_msg
[6.595s] -- Install configuration: ""
[6.600s] -- Execute custom install script
[6.605s] -- Up-to-date symlink: /home/ubuntu/HumbleDave/ros2ws/install/ros2_gopigo3_msg/share/ament_index/resource_index/rosidl_interfaces/ros2_gopigo3_msg
[6.615s] -- Up-to-date symlink: /home/ubuntu/HumbleDave/ros2ws/install/ros2_gopigo3_msg/include/ros2_gopigo3_msg/ros2_gopigo3_msg/msg/detail/motor_status__functions.h
[6.618s] -- Up-to-date symlink: /home/ubuntu/HumbleDave/ros2ws/install/ros2_gopigo3_msg/include/ros2_gopigo3_msg/ros2_gopigo3_msg/msg/detail/motor_status__struct.h
[6.622s] -- Up-to-date symlink: /home/ubuntu/HumbleDave/ros2ws/install/ros2_gopigo3_msg/include/ros2_gopigo3_msg/ros2_gopigo3_msg/msg/detail/motor_status__type_support.h
[6.626s] -- Up-to-date symlink: /home/ubuntu/HumbleDave/ros2ws/install/ros2_gopigo3_msg/include/ros2_gopigo3_msg/ros2_gopigo3_msg/msg/detail/motor_status_lr__functions.h
[6.629s] -- Up-to-date symlink: /home/ubuntu/HumbleDave/ros2ws/install/ros2_gopigo3_msg/include/ros2_gopigo3_msg/ros2_gopigo3_msg/msg/detail/motor_status_lr__struct.h
[6.632s] -- Up-to-date symlink: /home/ubuntu/HumbleDave/ros2ws/install/ros2_gopigo3_msg/include/ros2_gopigo3_msg/ros2_gopigo3_msg/msg/detail/motor_status_lr__type_support.h
[6.635s] -- Up-to-date symlink: /home/ubuntu/HumbleDave/ros2ws/install/ros2_gopigo3_msg/include/ros2_gopigo3_msg/ros2_gopigo3_msg/msg/motor_status.h
[6.638s] -- Up-to-date symlink: /home/ubuntu/HumbleDave/ros2ws/install/ros2_gopigo3_msg/include/ros2_gopigo3_msg/ros2_gopigo3_msg/msg/motor_status_lr.h
[6.642s] -- Up-to-date symlink: /home/ubuntu/HumbleDave/ros2ws/install/ros2_gopigo3_msg/include/ros2_gopigo3_msg/ros2_gopigo3_msg/msg/rosidl_generator_c__visibility_control.h
[6.646s] -- Up-to-date symlink: /home/ubuntu/HumbleDave/ros2ws/install/ros2_gopigo3_msg/include/ros2_gopigo3_msg/ros2_gopigo3_msg/srv/detail/spi__functions.h
[6.649s] -- Up-to-date symlink: /home/ubuntu/HumbleDave/ros2ws/install/ros2_gopigo3_msg/include/ros2_gopigo3_msg/ros2_gopigo3_msg/srv/detail/spi__struct.h
[6.652s] -- Up-to-date symlink: /home/ubuntu/HumbleDave/ros2ws/install/ros2_gopigo3_msg/include/ros2_gopigo3_msg/ros2_gopigo3_msg/srv/detail/spi__type_support.h
[6.655s] -- Up-to-date symlink: /home/ubuntu/HumbleDave/ros2ws/install/ros2_gopigo3_msg/include/ros2_gopigo3_msg/ros2_gopigo3_msg/srv/spi.h
[6.659s] -- Up-to-date symlink: /home/ubuntu/HumbleDave/ros2ws/install/ros2_gopigo3_msg/share/ros2_gopigo3_msg/environment/library_path.sh
[6.663s] -- Up-to-date symlink: /home/ubuntu/HumbleDave/ros2ws/install/ros2_gopigo3_msg/share/ros2_gopigo3_msg/environment/library_path.dsv
[6.673s] -- Up-to-date symlink: /home/ubuntu/HumbleDave/ros2ws/install/ros2_gopigo3_msg/include/ros2_gopigo3_msg/ros2_gopigo3_msg/msg/detail/motor_status__rosidl_typesupport_fastrtps_c.h
[6.676s] -- Up-to-date symlink: /home/ubuntu/HumbleDave/ros2ws/install/ros2_gopigo3_msg/include/ros2_gopigo3_msg/ros2_gopigo3_msg/msg/detail/motor_status_lr__rosidl_typesupport_fastrtps_c.h
[6.679s] -- Up-to-date symlink: /home/ubuntu/HumbleDave/ros2ws/install/ros2_gopigo3_msg/include/ros2_gopigo3_msg/ros2_gopigo3_msg/msg/rosidl_typesupport_fastrtps_c__visibility_control.h
[6.682s] -- Up-to-date symlink: /home/ubuntu/HumbleDave/ros2ws/install/ros2_gopigo3_msg/include/ros2_gopigo3_msg/ros2_gopigo3_msg/srv/detail/spi__rosidl_typesupport_fastrtps_c.h
[6.688s] -- Up-to-date symlink: /home/ubuntu/HumbleDave/ros2ws/install/ros2_gopigo3_msg/include/ros2_gopigo3_msg/ros2_gopigo3_msg/msg/detail/motor_status__rosidl_typesupport_introspection_c.h
[6.691s] -- Up-to-date symlink: /home/ubuntu/HumbleDave/ros2ws/install/ros2_gopigo3_msg/include/ros2_gopigo3_msg/ros2_gopigo3_msg/msg/detail/motor_status_lr__rosidl_typesupport_introspection_c.h
[6.693s] -- Up-to-date symlink: /home/ubuntu/HumbleDave/ros2ws/install/ros2_gopigo3_msg/include/ros2_gopigo3_msg/ros2_gopigo3_msg/msg/rosidl_typesupport_introspection_c__visibility_control.h
[6.695s] -- Up-to-date symlink: /home/ubuntu/HumbleDave/ros2ws/install/ros2_gopigo3_msg/include/ros2_gopigo3_msg/ros2_gopigo3_msg/srv/detail/spi__rosidl_typesupport_introspection_c.h
[6.700s] -- Up-to-date symlink: /home/ubuntu/HumbleDave/ros2ws/install/ros2_gopigo3_msg/include/ros2_gopigo3_msg/ros2_gopigo3_msg/msg/detail/motor_status__builder.hpp
[6.703s] -- Up-to-date symlink: /home/ubuntu/HumbleDave/ros2ws/install/ros2_gopigo3_msg/include/ros2_gopigo3_msg/ros2_gopigo3_msg/msg/detail/motor_status__struct.hpp
[6.704s] -- Up-to-date symlink: /home/ubuntu/HumbleDave/ros2ws/install/ros2_gopigo3_msg/include/ros2_gopigo3_msg/ros2_gopigo3_msg/msg/detail/motor_status__traits.hpp
[6.706s] -- Up-to-date symlink: /home/ubuntu/HumbleDave/ros2ws/install/ros2_gopigo3_msg/include/ros2_gopigo3_msg/ros2_gopigo3_msg/msg/detail/motor_status_lr__builder.hpp
[6.709s] -- Up-to-date symlink: /home/ubuntu/HumbleDave/ros2ws/install/ros2_gopigo3_msg/include/ros2_gopigo3_msg/ros2_gopigo3_msg/msg/detail/motor_status_lr__struct.hpp
[6.711s] -- Up-to-date symlink: /home/ubuntu/HumbleDave/ros2ws/install/ros2_gopigo3_msg/include/ros2_gopigo3_msg/ros2_gopigo3_msg/msg/detail/motor_status_lr__traits.hpp
[6.713s] -- Up-to-date symlink: /home/ubuntu/HumbleDave/ros2ws/install/ros2_gopigo3_msg/include/ros2_gopigo3_msg/ros2_gopigo3_msg/msg/motor_status.hpp
[6.715s] -- Up-to-date symlink: /home/ubuntu/HumbleDave/ros2ws/install/ros2_gopigo3_msg/include/ros2_gopigo3_msg/ros2_gopigo3_msg/msg/motor_status_lr.hpp
[6.717s] -- Up-to-date symlink: /home/ubuntu/HumbleDave/ros2ws/install/ros2_gopigo3_msg/include/ros2_gopigo3_msg/ros2_gopigo3_msg/srv/detail/spi__builder.hpp
[6.719s] -- Up-to-date symlink: /home/ubuntu/HumbleDave/ros2ws/install/ros2_gopigo3_msg/include/ros2_gopigo3_msg/ros2_gopigo3_msg/srv/detail/spi__struct.hpp
[6.721s] -- Up-to-date symlink: /home/ubuntu/HumbleDave/ros2ws/install/ros2_gopigo3_msg/include/ros2_gopigo3_msg/ros2_gopigo3_msg/srv/detail/spi__traits.hpp
[6.723s] -- Up-to-date symlink: /home/ubuntu/HumbleDave/ros2ws/install/ros2_gopigo3_msg/include/ros2_gopigo3_msg/ros2_gopigo3_msg/srv/spi.hpp
[6.730s] -- Up-to-date symlink: /home/ubuntu/HumbleDave/ros2ws/install/ros2_gopigo3_msg/include/ros2_gopigo3_msg/ros2_gopigo3_msg/msg/detail/motor_status__rosidl_typesupport_fastrtps_cpp.hpp
[6.731s] -- Up-to-date symlink: /home/ubuntu/HumbleDave/ros2ws/install/ros2_gopigo3_msg/include/ros2_gopigo3_msg/ros2_gopigo3_msg/msg/detail/motor_status_lr__rosidl_typesupport_fastrtps_cpp.hpp
[6.734s] -- Up-to-date symlink: /home/ubuntu/HumbleDave/ros2ws/install/ros2_gopigo3_msg/include/ros2_gopigo3_msg/ros2_gopigo3_msg/msg/rosidl_typesupport_fastrtps_cpp__visibility_control.h
[6.736s] -- Up-to-date symlink: /home/ubuntu/HumbleDave/ros2ws/install/ros2_gopigo3_msg/include/ros2_gopigo3_msg/ros2_gopigo3_msg/srv/detail/spi__rosidl_typesupport_fastrtps_cpp.hpp
[6.740s] -- Up-to-date symlink: /home/ubuntu/HumbleDave/ros2ws/install/ros2_gopigo3_msg/include/ros2_gopigo3_msg/ros2_gopigo3_msg/msg/detail/motor_status__rosidl_typesupport_introspection_cpp.hpp
[6.742s] -- Up-to-date symlink: /home/ubuntu/HumbleDave/ros2ws/install/ros2_gopigo3_msg/include/ros2_gopigo3_msg/ros2_gopigo3_msg/msg/detail/motor_status_lr__rosidl_typesupport_introspection_cpp.hpp
[6.744s] -- Up-to-date symlink: /home/ubuntu/HumbleDave/ros2ws/install/ros2_gopigo3_msg/include/ros2_gopigo3_msg/ros2_gopigo3_msg/srv/detail/spi__rosidl_typesupport_introspection_cpp.hpp
[6.747s] -- Up-to-date symlink: /home/ubuntu/HumbleDave/ros2ws/install/ros2_gopigo3_msg/share/ros2_gopigo3_msg/environment/pythonpath.sh
[6.748s] -- Up-to-date symlink: /home/ubuntu/HumbleDave/ros2ws/install/ros2_gopigo3_msg/share/ros2_gopigo3_msg/environment/pythonpath.dsv
[6.750s] -- Up-to-date symlink: /home/ubuntu/HumbleDave/ros2ws/install/ros2_gopigo3_msg/local/lib/python3.10/dist-packages/ros2_gopigo3_msg-0.0.0-py3.10.egg-info/PKG-INFO
[6.753s] -- Up-to-date symlink: /home/ubuntu/HumbleDave/ros2ws/install/ros2_gopigo3_msg/local/lib/python3.10/dist-packages/ros2_gopigo3_msg-0.0.0-py3.10.egg-info/SOURCES.txt
[6.754s] -- Up-to-date symlink: /home/ubuntu/HumbleDave/ros2ws/install/ros2_gopigo3_msg/local/lib/python3.10/dist-packages/ros2_gopigo3_msg-0.0.0-py3.10.egg-info/dependency_links.txt
[6.757s] -- Up-to-date symlink: /home/ubuntu/HumbleDave/ros2ws/install/ros2_gopigo3_msg/local/lib/python3.10/dist-packages/ros2_gopigo3_msg-0.0.0-py3.10.egg-info/top_level.txt
[6.764s] -- Up-to-date symlink: /home/ubuntu/HumbleDave/ros2ws/install/ros2_gopigo3_msg/local/lib/python3.10/dist-packages/ros2_gopigo3_msg/__init__.py
[6.768s] -- Up-to-date symlink: /home/ubuntu/HumbleDave/ros2ws/install/ros2_gopigo3_msg/local/lib/python3.10/dist-packages/ros2_gopigo3_msg/_ros2_gopigo3_msg_s.ep.rosidl_typesupport_c.c
[6.770s] -- Up-to-date symlink: /home/ubuntu/HumbleDave/ros2ws/install/ros2_gopigo3_msg/local/lib/python3.10/dist-packages/ros2_gopigo3_msg/_ros2_gopigo3_msg_s.ep.rosidl_typesupport_fastrtps_c.c
[6.772s] -- Up-to-date symlink: /home/ubuntu/HumbleDave/ros2ws/install/ros2_gopigo3_msg/local/lib/python3.10/dist-packages/ros2_gopigo3_msg/_ros2_gopigo3_msg_s.ep.rosidl_typesupport_introspection_c.c
[6.774s] -- Up-to-date symlink: /home/ubuntu/HumbleDave/ros2ws/install/ros2_gopigo3_msg/local/lib/python3.10/dist-packages/ros2_gopigo3_msg/libros2_gopigo3_msg__rosidl_generator_py.so
[6.775s] -- Up-to-date symlink: /home/ubuntu/HumbleDave/ros2ws/install/ros2_gopigo3_msg/local/lib/python3.10/dist-packages/ros2_gopigo3_msg/msg/__init__.py
[6.776s] -- Up-to-date symlink: /home/ubuntu/HumbleDave/ros2ws/install/ros2_gopigo3_msg/local/lib/python3.10/dist-packages/ros2_gopigo3_msg/msg/_motor_status.py
[6.778s] -- Up-to-date symlink: /home/ubuntu/HumbleDave/ros2ws/install/ros2_gopigo3_msg/local/lib/python3.10/dist-packages/ros2_gopigo3_msg/msg/_motor_status_lr.py
[6.780s] -- Up-to-date symlink: /home/ubuntu/HumbleDave/ros2ws/install/ros2_gopigo3_msg/local/lib/python3.10/dist-packages/ros2_gopigo3_msg/msg/_motor_status_lr_s.c
[6.782s] -- Up-to-date symlink: /home/ubuntu/HumbleDave/ros2ws/install/ros2_gopigo3_msg/local/lib/python3.10/dist-packages/ros2_gopigo3_msg/msg/_motor_status_s.c
[6.784s] -- Up-to-date symlink: /home/ubuntu/HumbleDave/ros2ws/install/ros2_gopigo3_msg/local/lib/python3.10/dist-packages/ros2_gopigo3_msg/ros2_gopigo3_msg_s__rosidl_typesupport_c.cpython-310-aarch64-linux-gnu.so
[6.785s] -- Up-to-date symlink: /home/ubuntu/HumbleDave/ros2ws/install/ros2_gopigo3_msg/local/lib/python3.10/dist-packages/ros2_gopigo3_msg/ros2_gopigo3_msg_s__rosidl_typesupport_fastrtps_c.cpython-310-aarch64-linux-gnu.so
[6.787s] -- Up-to-date symlink: /home/ubuntu/HumbleDave/ros2ws/install/ros2_gopigo3_msg/local/lib/python3.10/dist-packages/ros2_gopigo3_msg/ros2_gopigo3_msg_s__rosidl_typesupport_introspection_c.cpython-310-aarch64-linux-gnu.so
[6.789s] -- Up-to-date symlink: /home/ubuntu/HumbleDave/ros2ws/install/ros2_gopigo3_msg/local/lib/python3.10/dist-packages/ros2_gopigo3_msg/srv/__init__.py
[6.790s] -- Up-to-date symlink: /home/ubuntu/HumbleDave/ros2ws/install/ros2_gopigo3_msg/local/lib/python3.10/dist-packages/ros2_gopigo3_msg/srv/_spi.py
[6.792s] -- Up-to-date symlink: /home/ubuntu/HumbleDave/ros2ws/install/ros2_gopigo3_msg/local/lib/python3.10/dist-packages/ros2_gopigo3_msg/srv/_spi_s.c
[6.795s] -- Up-to-date symlink: /home/ubuntu/HumbleDave/ros2ws/install/ros2_gopigo3_msg/local/lib/python3.10/dist-packages/ros2_gopigo3_msg/ros2_gopigo3_msg_s__rosidl_typesupport_fastrtps_c.cpython-310-aarch64-linux-gnu.so
[6.798s] -- Up-to-date symlink: /home/ubuntu/HumbleDave/ros2ws/install/ros2_gopigo3_msg/local/lib/python3.10/dist-packages/ros2_gopigo3_msg/ros2_gopigo3_msg_s__rosidl_typesupport_introspection_c.cpython-310-aarch64-linux-gnu.so
[6.801s] -- Up-to-date symlink: /home/ubuntu/HumbleDave/ros2ws/install/ros2_gopigo3_msg/local/lib/python3.10/dist-packages/ros2_gopigo3_msg/ros2_gopigo3_msg_s__rosidl_typesupport_c.cpython-310-aarch64-linux-gnu.so
[6.804s] -- Up-to-date symlink: /home/ubuntu/HumbleDave/ros2ws/install/ros2_gopigo3_msg/share/ros2_gopigo3_msg/msg/MotorStatus.idl
[6.806s] -- Up-to-date symlink: /home/ubuntu/HumbleDave/ros2ws/install/ros2_gopigo3_msg/share/ros2_gopigo3_msg/msg/MotorStatusLR.idl
[6.809s] -- Up-to-date symlink: /home/ubuntu/HumbleDave/ros2ws/install/ros2_gopigo3_msg/share/ros2_gopigo3_msg/srv/SPI.idl
[6.811s] -- Up-to-date symlink: /home/ubuntu/HumbleDave/ros2ws/install/ros2_gopigo3_msg/share/ros2_gopigo3_msg/msg/MotorStatus.msg
[6.813s] -- Up-to-date symlink: /home/ubuntu/HumbleDave/ros2ws/install/ros2_gopigo3_msg/share/ros2_gopigo3_msg/msg/MotorStatusLR.msg
[6.816s] -- Up-to-date symlink: /home/ubuntu/HumbleDave/ros2ws/install/ros2_gopigo3_msg/share/ros2_gopigo3_msg/srv/SPI.srv
[6.818s] -- Up-to-date symlink: /home/ubuntu/HumbleDave/ros2ws/install/ros2_gopigo3_msg/share/ros2_gopigo3_msg/srv/SPI_Request.msg
[6.820s] -- Up-to-date symlink: /home/ubuntu/HumbleDave/ros2ws/install/ros2_gopigo3_msg/share/ros2_gopigo3_msg/srv/SPI_Response.msg
[6.822s] -- Up-to-date symlink: /home/ubuntu/HumbleDave/ros2ws/install/ros2_gopigo3_msg/share/ament_index/resource_index/package_run_dependencies/ros2_gopigo3_msg
[6.825s] -- Up-to-date symlink: /home/ubuntu/HumbleDave/ros2ws/install/ros2_gopigo3_msg/share/ament_index/resource_index/parent_prefix_path/ros2_gopigo3_msg
[6.827s] -- Up-to-date symlink: /home/ubuntu/HumbleDave/ros2ws/install/ros2_gopigo3_msg/share/ros2_gopigo3_msg/environment/ament_prefix_path.sh
[6.828s] -- Up-to-date symlink: /home/ubuntu/HumbleDave/ros2ws/install/ros2_gopigo3_msg/share/ros2_gopigo3_msg/environment/ament_prefix_path.dsv
[6.830s] -- Up-to-date symlink: /home/ubuntu/HumbleDave/ros2ws/install/ros2_gopigo3_msg/share/ros2_gopigo3_msg/environment/path.sh
[6.832s] -- Up-to-date symlink: /home/ubuntu/HumbleDave/ros2ws/install/ros2_gopigo3_msg/share/ros2_gopigo3_msg/environment/path.dsv
[6.834s] -- Up-to-date symlink: /home/ubuntu/HumbleDave/ros2ws/install/ros2_gopigo3_msg/share/ros2_gopigo3_msg/local_setup.bash
[6.836s] -- Up-to-date symlink: /home/ubuntu/HumbleDave/ros2ws/install/ros2_gopigo3_msg/share/ros2_gopigo3_msg/local_setup.sh
[6.838s] -- Up-to-date symlink: /home/ubuntu/HumbleDave/ros2ws/install/ros2_gopigo3_msg/share/ros2_gopigo3_msg/local_setup.zsh
[6.840s] -- Up-to-date symlink: /home/ubuntu/HumbleDave/ros2ws/install/ros2_gopigo3_msg/share/ros2_gopigo3_msg/local_setup.dsv
[6.840s] -- Symlinking: /home/ubuntu/HumbleDave/ros2ws/install/ros2_gopigo3_msg/share/ros2_gopigo3_msg/package.dsv
[6.883s] -- Up-to-date symlink: /home/ubuntu/HumbleDave/ros2ws/install/ros2_gopigo3_msg/share/ament_index/resource_index/packages/ros2_gopigo3_msg
[6.888s] -- Up-to-date symlink: /home/ubuntu/HumbleDave/ros2ws/install/ros2_gopigo3_msg/share/ros2_gopigo3_msg/cmake/rosidl_cmake-extras.cmake
[6.891s] -- Up-to-date symlink: /home/ubuntu/HumbleDave/ros2ws/install/ros2_gopigo3_msg/share/ros2_gopigo3_msg/cmake/ament_cmake_export_dependencies-extras.cmake
[6.894s] -- Up-to-date symlink: /home/ubuntu/HumbleDave/ros2ws/install/ros2_gopigo3_msg/share/ros2_gopigo3_msg/cmake/ament_cmake_export_include_directories-extras.cmake
[6.898s] -- Up-to-date symlink: /home/ubuntu/HumbleDave/ros2ws/install/ros2_gopigo3_msg/share/ros2_gopigo3_msg/cmake/ament_cmake_export_libraries-extras.cmake
[6.901s] -- Up-to-date symlink: /home/ubuntu/HumbleDave/ros2ws/install/ros2_gopigo3_msg/share/ros2_gopigo3_msg/cmake/ament_cmake_export_targets-extras.cmake
[6.905s] -- Up-to-date symlink: /home/ubuntu/HumbleDave/ros2ws/install/ros2_gopigo3_msg/share/ros2_gopigo3_msg/cmake/rosidl_cmake_export_typesupport_targets-extras.cmake
[6.909s] -- Up-to-date symlink: /home/ubuntu/HumbleDave/ros2ws/install/ros2_gopigo3_msg/share/ros2_gopigo3_msg/cmake/rosidl_cmake_export_typesupport_libraries-extras.cmake
[6.913s] -- Up-to-date symlink: /home/ubuntu/HumbleDave/ros2ws/install/ros2_gopigo3_msg/share/ros2_gopigo3_msg/cmake/ros2_gopigo3_msgConfig.cmake
[6.916s] -- Up-to-date symlink: /home/ubuntu/HumbleDave/ros2ws/install/ros2_gopigo3_msg/share/ros2_gopigo3_msg/cmake/ros2_gopigo3_msgConfig-version.cmake
[6.920s] -- Up-to-date symlink: /home/ubuntu/HumbleDave/ros2ws/install/ros2_gopigo3_msg/share/ros2_gopigo3_msg/package.xml
[6.923s] -- Up-to-date: /home/ubuntu/HumbleDave/ros2ws/install/ros2_gopigo3_msg/lib/libros2_gopigo3_msg__rosidl_generator_c.so
[6.928s] -- Up-to-date: /home/ubuntu/HumbleDave/ros2ws/install/ros2_gopigo3_msg/lib/libros2_gopigo3_msg__rosidl_typesupport_fastrtps_c.so
[6.932s] -- Up-to-date: /home/ubuntu/HumbleDave/ros2ws/install/ros2_gopigo3_msg/lib/libros2_gopigo3_msg__rosidl_typesupport_introspection_c.so
[6.936s] -- Up-to-date: /home/ubuntu/HumbleDave/ros2ws/install/ros2_gopigo3_msg/lib/libros2_gopigo3_msg__rosidl_typesupport_c.so
[6.942s] -- Up-to-date: /home/ubuntu/HumbleDave/ros2ws/install/ros2_gopigo3_msg/lib/libros2_gopigo3_msg__rosidl_typesupport_fastrtps_cpp.so
[6.947s] -- Up-to-date: /home/ubuntu/HumbleDave/ros2ws/install/ros2_gopigo3_msg/lib/libros2_gopigo3_msg__rosidl_typesupport_introspection_cpp.so
[6.952s] -- Up-to-date: /home/ubuntu/HumbleDave/ros2ws/install/ros2_gopigo3_msg/lib/libros2_gopigo3_msg__rosidl_typesupport_cpp.so
[7.216s] Listing '/home/ubuntu/HumbleDave/ros2ws/install/ros2_gopigo3_msg/local/lib/python3.10/dist-packages/ros2_gopigo3_msg'...
[7.219s] Listing '/home/ubuntu/HumbleDave/ros2ws/install/ros2_gopigo3_msg/local/lib/python3.10/dist-packages/ros2_gopigo3_msg/msg'...
[7.221s] Listing '/home/ubuntu/HumbleDave/ros2ws/install/ros2_gopigo3_msg/local/lib/python3.10/dist-packages/ros2_gopigo3_msg/srv'...
[7.260s] -- Up-to-date: /home/ubuntu/HumbleDave/ros2ws/install/ros2_gopigo3_msg/lib/libros2_gopigo3_msg__rosidl_generator_py.so
[7.270s] -- Up-to-date: /home/ubuntu/HumbleDave/ros2ws/install/ros2_gopigo3_msg/share/ros2_gopigo3_msg/cmake/export_ros2_gopigo3_msg__rosidl_generator_cExport.cmake
[7.271s] -- Up-to-date: /home/ubuntu/HumbleDave/ros2ws/install/ros2_gopigo3_msg/share/ros2_gopigo3_msg/cmake/export_ros2_gopigo3_msg__rosidl_generator_cExport-noconfig.cmake
[7.276s] -- Up-to-date: /home/ubuntu/HumbleDave/ros2ws/install/ros2_gopigo3_msg/share/ros2_gopigo3_msg/cmake/export_ros2_gopigo3_msg__rosidl_typesupport_fastrtps_cExport.cmake
[7.279s] -- Up-to-date: /home/ubuntu/HumbleDave/ros2ws/install/ros2_gopigo3_msg/share/ros2_gopigo3_msg/cmake/export_ros2_gopigo3_msg__rosidl_typesupport_fastrtps_cExport-noconfig.cmake
[7.286s] -- Up-to-date: /home/ubuntu/HumbleDave/ros2ws/install/ros2_gopigo3_msg/share/ros2_gopigo3_msg/cmake/ros2_gopigo3_msg__rosidl_typesupport_introspection_cExport.cmake
[7.288s] -- Up-to-date: /home/ubuntu/HumbleDave/ros2ws/install/ros2_gopigo3_msg/share/ros2_gopigo3_msg/cmake/ros2_gopigo3_msg__rosidl_typesupport_introspection_cExport-noconfig.cmake
[7.292s] -- Up-to-date: /home/ubuntu/HumbleDave/ros2ws/install/ros2_gopigo3_msg/share/ros2_gopigo3_msg/cmake/ros2_gopigo3_msg__rosidl_typesupport_cExport.cmake
[7.294s] -- Up-to-date: /home/ubuntu/HumbleDave/ros2ws/install/ros2_gopigo3_msg/share/ros2_gopigo3_msg/cmake/ros2_gopigo3_msg__rosidl_typesupport_cExport-noconfig.cmake
[7.298s] -- Up-to-date: /home/ubuntu/HumbleDave/ros2ws/install/ros2_gopigo3_msg/share/ros2_gopigo3_msg/cmake/export_ros2_gopigo3_msg__rosidl_generator_cppExport.cmake
[7.301s] -- Up-to-date: /home/ubuntu/HumbleDave/ros2ws/install/ros2_gopigo3_msg/share/ros2_gopigo3_msg/cmake/export_ros2_gopigo3_msg__rosidl_typesupport_fastrtps_cppExport.cmake
[7.302s] -- Up-to-date: /home/ubuntu/HumbleDave/ros2ws/install/ros2_gopigo3_msg/share/ros2_gopigo3_msg/cmake/export_ros2_gopigo3_msg__rosidl_typesupport_fastrtps_cppExport-noconfig.cmake
[7.306s] -- Up-to-date: /home/ubuntu/HumbleDave/ros2ws/install/ros2_gopigo3_msg/share/ros2_gopigo3_msg/cmake/ros2_gopigo3_msg__rosidl_typesupport_introspection_cppExport.cmake
[7.306s] -- Up-to-date: /home/ubuntu/HumbleDave/ros2ws/install/ros2_gopigo3_msg/share/ros2_gopigo3_msg/cmake/ros2_gopigo3_msg__rosidl_typesupport_introspection_cppExport-noconfig.cmake
[7.309s] -- Up-to-date: /home/ubuntu/HumbleDave/ros2ws/install/ros2_gopigo3_msg/share/ros2_gopigo3_msg/cmake/ros2_gopigo3_msg__rosidl_typesupport_cppExport.cmake
[7.310s] -- Up-to-date: /home/ubuntu/HumbleDave/ros2ws/install/ros2_gopigo3_msg/share/ros2_gopigo3_msg/cmake/ros2_gopigo3_msg__rosidl_typesupport_cppExport-noconfig.cmake
[7.312s] -- Up-to-date: /home/ubuntu/HumbleDave/ros2ws/install/ros2_gopigo3_msg/share/ros2_gopigo3_msg/cmake/export_ros2_gopigo3_msg__rosidl_generator_pyExport.cmake
[7.313s] -- Up-to-date: /home/ubuntu/HumbleDave/ros2ws/install/ros2_gopigo3_msg/share/ros2_gopigo3_msg/cmake/export_ros2_gopigo3_msg__rosidl_generator_pyExport-noconfig.cmake
[7.987s] Invoked command in '/home/ubuntu/HumbleDave/ros2ws/build/ros2_gopigo3_msg' returned '0': CMAKE_PREFIX_PATH=${CMAKE_PREFIX_PATH}:/home/ubuntu/HumbleDave/ros2ws/install/teleop_gopigo3_keyboard:/home/ubuntu/HumbleDave/ros2ws/install/scan_client:/home/ubuntu/HumbleDave/ros2ws/install/ros2_libcamera_pub:/home/ubuntu/HumbleDave/ros2ws/install/ros2_gopigo3_node:/home/ubuntu/ros2ws/install/ydlidar_ros2_driver:/home/ubuntu/ros2ws/install/teleop_gopigo3_keyboard:/home/ubuntu/ros2ws/install/ros2_libcamera_pub:/home/ubuntu/ros2ws/install/ros2_gopigo3_node:/home/ubuntu/ros2ws/install/ros2_gopigo3_msg:/opt/ros/humble /usr/bin/cmake --install /home/ubuntu/HumbleDave/ros2ws/build/ros2_gopigo3_msg
