[1.179s] Invoking command in '/home/ubuntu/HumbleDave/ros2ws/build/mpu9250driver': CMAKE_PREFIX_PATH=${CMAKE_PREFIX_PATH}:/home/ubuntu/HumbleDave/ros2ws/install/teleop_gopigo3_keyboard:/home/ubuntu/HumbleDave/ros2ws/install/scan_client:/home/ubuntu/HumbleDave/ros2ws/install/ros2_libcamera_pub:/home/ubuntu/HumbleDave/ros2ws/install/ros2_gopigo3_node:/home/ubuntu/HumbleDave/ros2ws/install/explorer_wanderer:/home/ubuntu/ros2ws/install/ydlidar_ros2_driver:/home/ubuntu/ros2ws/install/teleop_gopigo3_keyboard:/home/ubuntu/ros2ws/install/ros2_libcamera_pub:/home/ubuntu/ros2ws/install/ros2_gopigo3_node:/home/ubuntu/ros2ws/install/ros2_gopigo3_msg:/opt/ros/humble /usr/bin/cmake --build /home/ubuntu/HumbleDave/ros2ws/build/mpu9250driver -- -j4 -l4
[1.412s] [35m[1mConsolidate compiler generated dependencies of target linux_i2c_communicator[0m
[1.472s] [ 33%] Built target mpu9250sensor
[1.517s] [ 66%] Built target linux_i2c_communicator
[1.583s] [35m[1mConsolidate compiler generated dependencies of target mpu9250driver[0m
[1.704s] [100%] Built target mpu9250driver
[1.770s] Invoked command in '/home/ubuntu/HumbleDave/ros2ws/build/mpu9250driver' returned '0': CMAKE_PREFIX_PATH=${CMAKE_PREFIX_PATH}:/home/ubuntu/HumbleDave/ros2ws/install/teleop_gopigo3_keyboard:/home/ubuntu/HumbleDave/ros2ws/install/scan_client:/home/ubuntu/HumbleDave/ros2ws/install/ros2_libcamera_pub:/home/ubuntu/HumbleDave/ros2ws/install/ros2_gopigo3_node:/home/ubuntu/HumbleDave/ros2ws/install/explorer_wanderer:/home/ubuntu/ros2ws/install/ydlidar_ros2_driver:/home/ubuntu/ros2ws/install/teleop_gopigo3_keyboard:/home/ubuntu/ros2ws/install/ros2_libcamera_pub:/home/ubuntu/ros2ws/install/ros2_gopigo3_node:/home/ubuntu/ros2ws/install/ros2_gopigo3_msg:/opt/ros/humble /usr/bin/cmake --build /home/ubuntu/HumbleDave/ros2ws/build/mpu9250driver -- -j4 -l4
[1.956s] Invoking command in '/home/ubuntu/HumbleDave/ros2ws/build/mpu9250driver': CMAKE_PREFIX_PATH=${CMAKE_PREFIX_PATH}:/home/ubuntu/HumbleDave/ros2ws/install/teleop_gopigo3_keyboard:/home/ubuntu/HumbleDave/ros2ws/install/scan_client:/home/ubuntu/HumbleDave/ros2ws/install/ros2_libcamera_pub:/home/ubuntu/HumbleDave/ros2ws/install/ros2_gopigo3_node:/home/ubuntu/HumbleDave/ros2ws/install/explorer_wanderer:/home/ubuntu/ros2ws/install/ydlidar_ros2_driver:/home/ubuntu/ros2ws/install/teleop_gopigo3_keyboard:/home/ubuntu/ros2ws/install/ros2_libcamera_pub:/home/ubuntu/ros2ws/install/ros2_gopigo3_node:/home/ubuntu/ros2ws/install/ros2_gopigo3_msg:/opt/ros/humble /usr/bin/cmake --install /home/ubuntu/HumbleDave/ros2ws/build/mpu9250driver
[1.996s] -- Install configuration: ""
[1.998s] -- Execute custom install script
[2.001s] -- Up-to-date symlink: /home/ubuntu/HumbleDave/ros2ws/install/mpu9250driver/lib/mpu9250driver/mpu9250driver
[2.002s] -- Up-to-date symlink: /home/ubuntu/HumbleDave/ros2ws/install/mpu9250driver/share/mpu9250driver//launch/mpu9250driver_launch.py
[2.004s] -- Up-to-date symlink: /home/ubuntu/HumbleDave/ros2ws/install/mpu9250driver/share/mpu9250driver//params/mpu9250.yaml
[2.006s] -- Up-to-date symlink: /home/ubuntu/HumbleDave/ros2ws/install/mpu9250driver/share/ament_index/resource_index/package_run_dependencies/mpu9250driver
[2.008s] -- Up-to-date symlink: /home/ubuntu/HumbleDave/ros2ws/install/mpu9250driver/share/ament_index/resource_index/parent_prefix_path/mpu9250driver
[2.009s] -- Up-to-date symlink: /home/ubuntu/HumbleDave/ros2ws/install/mpu9250driver/share/mpu9250driver/environment/ament_prefix_path.sh
[2.010s] -- Up-to-date symlink: /home/ubuntu/HumbleDave/ros2ws/install/mpu9250driver/share/mpu9250driver/environment/ament_prefix_path.dsv
[2.012s] -- Up-to-date symlink: /home/ubuntu/HumbleDave/ros2ws/install/mpu9250driver/share/mpu9250driver/environment/path.sh
[2.014s] -- Up-to-date symlink: /home/ubuntu/HumbleDave/ros2ws/install/mpu9250driver/share/mpu9250driver/environment/path.dsv
[2.015s] -- Up-to-date symlink: /home/ubuntu/HumbleDave/ros2ws/install/mpu9250driver/share/mpu9250driver/local_setup.bash
[2.017s] -- Up-to-date symlink: /home/ubuntu/HumbleDave/ros2ws/install/mpu9250driver/share/mpu9250driver/local_setup.sh
[2.018s] -- Up-to-date symlink: /home/ubuntu/HumbleDave/ros2ws/install/mpu9250driver/share/mpu9250driver/local_setup.zsh
[2.019s] -- Up-to-date symlink: /home/ubuntu/HumbleDave/ros2ws/install/mpu9250driver/share/mpu9250driver/local_setup.dsv
[2.020s] -- Symlinking: /home/ubuntu/HumbleDave/ros2ws/install/mpu9250driver/share/mpu9250driver/package.dsv
[2.066s] -- Up-to-date symlink: /home/ubuntu/HumbleDave/ros2ws/install/mpu9250driver/share/ament_index/resource_index/packages/mpu9250driver
[2.067s] -- Up-to-date symlink: /home/ubuntu/HumbleDave/ros2ws/install/mpu9250driver/share/mpu9250driver/cmake/mpu9250driverConfig.cmake
[2.068s] -- Up-to-date symlink: /home/ubuntu/HumbleDave/ros2ws/install/mpu9250driver/share/mpu9250driver/cmake/mpu9250driverConfig-version.cmake
[2.071s] -- Up-to-date symlink: /home/ubuntu/HumbleDave/ros2ws/install/mpu9250driver/share/mpu9250driver/package.xml
[3.372s] Invoked command in '/home/ubuntu/HumbleDave/ros2ws/build/mpu9250driver' returned '0': CMAKE_PREFIX_PATH=${CMAKE_PREFIX_PATH}:/home/ubuntu/HumbleDave/ros2ws/install/teleop_gopigo3_keyboard:/home/ubuntu/HumbleDave/ros2ws/install/scan_client:/home/ubuntu/HumbleDave/ros2ws/install/ros2_libcamera_pub:/home/ubuntu/HumbleDave/ros2ws/install/ros2_gopigo3_node:/home/ubuntu/HumbleDave/ros2ws/install/explorer_wanderer:/home/ubuntu/ros2ws/install/ydlidar_ros2_driver:/home/ubuntu/ros2ws/install/teleop_gopigo3_keyboard:/home/ubuntu/ros2ws/install/ros2_libcamera_pub:/home/ubuntu/ros2ws/install/ros2_gopigo3_node:/home/ubuntu/ros2ws/install/ros2_gopigo3_msg:/opt/ros/humble /usr/bin/cmake --install /home/ubuntu/HumbleDave/ros2ws/build/mpu9250driver
