[6.760s] Invoking command in '/home/ubuntu/HumbleDave/ros2ws/build/ros2_gopigo3_node': CMAKE_PREFIX_PATH=/home/ubuntu/HumbleDave/ros2ws/install/ros2_gopigo3_msg:/home/ubuntu/HumbleDave/ros2ws/install/gopigo3_navigation:/home/ubuntu/HumbleDave/ros2ws/install/mpu9250driver:/home/ubuntu/HumbleDave/ros2ws/install/ydlidar_ros2_driver:/home/ubuntu/HumbleDave/ros2ws/install/gopigo3_ekf PYTHONPATH=/home/ubuntu/HumbleDave/ros2ws/build/ros2_gopigo3_node/prefix_override:/home/ubuntu/HumbleDave/ros2ws/install/ros2_gopigo3_node/lib/python3.10/site-packages:${PYTHONPATH} /usr/bin/python3 setup.py develop --editable --build-directory /home/ubuntu/HumbleDave/ros2ws/build/ros2_gopigo3_node/build --no-deps install_data
[8.381s] running develop
[9.177s] running egg_info
[9.177s] writing ros2_gopigo3_node.egg-info/PKG-INFO
[9.178s] writing dependency_links to ros2_gopigo3_node.egg-info/dependency_links.txt
[9.179s] writing entry points to ros2_gopigo3_node.egg-info/entry_points.txt
[9.180s] writing requirements to ros2_gopigo3_node.egg-info/requires.txt
[9.181s] writing top-level names to ros2_gopigo3_node.egg-info/top_level.txt
[9.189s] reading manifest file 'ros2_gopigo3_node.egg-info/SOURCES.txt'
[9.193s] writing manifest file 'ros2_gopigo3_node.egg-info/SOURCES.txt'
[9.201s] running build_ext
[9.201s] Creating /home/ubuntu/HumbleDave/ros2ws/install/ros2_gopigo3_node/lib/python3.10/site-packages/ros2-gopigo3-node.egg-link (link to .)
[9.205s] Installing distance_sensor script to /home/ubuntu/HumbleDave/ros2ws/install/ros2_gopigo3_node/lib/ros2_gopigo3_node
[9.206s] Installing distance_sensor_subscriber script to /home/ubuntu/HumbleDave/ros2ws/install/ros2_gopigo3_node/lib/ros2_gopigo3_node
[9.207s] Installing gopigo3_node script to /home/ubuntu/HumbleDave/ros2ws/install/ros2_gopigo3_node/lib/ros2_gopigo3_node
[9.207s] Installing imu_sensor script to /home/ubuntu/HumbleDave/ros2ws/install/ros2_gopigo3_node/lib/ros2_gopigo3_node
[9.208s] Installing odometer script to /home/ubuntu/HumbleDave/ros2ws/install/ros2_gopigo3_node/lib/ros2_gopigo3_node
[9.209s] Installing ultrasonic_ranger script to /home/ubuntu/HumbleDave/ros2ws/install/ros2_gopigo3_node/lib/ros2_gopigo3_node
[9.210s] 
[9.211s] Installed /home/ubuntu/HumbleDave/ros2ws/build/ros2_gopigo3_node
[9.211s] running install_data
[9.360s] Invoked command in '/home/ubuntu/HumbleDave/ros2ws/build/ros2_gopigo3_node' returned '0': CMAKE_PREFIX_PATH=/home/ubuntu/HumbleDave/ros2ws/install/ros2_gopigo3_msg:/home/ubuntu/HumbleDave/ros2ws/install/gopigo3_navigation:/home/ubuntu/HumbleDave/ros2ws/install/mpu9250driver:/home/ubuntu/HumbleDave/ros2ws/install/ydlidar_ros2_driver:/home/ubuntu/HumbleDave/ros2ws/install/gopigo3_ekf PYTHONPATH=/home/ubuntu/HumbleDave/ros2ws/build/ros2_gopigo3_node/prefix_override:/home/ubuntu/HumbleDave/ros2ws/install/ros2_gopigo3_node/lib/python3.10/site-packages:${PYTHONPATH} /usr/bin/python3 setup.py develop --editable --build-directory /home/ubuntu/HumbleDave/ros2ws/build/ros2_gopigo3_node/build --no-deps install_data
