[3.992s] Invoking command in '/home/ubuntu/HumbleDave/ros2ws/build/ydlidar_ros2_driver': CMAKE_PREFIX_PATH=${CMAKE_PREFIX_PATH}:/home/ubuntu/HumbleDave/ros2ws/install/teleop_gopigo3_keyboard:/home/ubuntu/HumbleDave/ros2ws/install/scan_client:/home/ubuntu/HumbleDave/ros2ws/install/ros2_libcamera_pub:/home/ubuntu/HumbleDave/ros2ws/install/ros2_gopigo3_node:/home/ubuntu/HumbleDave/ros2ws/install/explorer_wanderer:/home/ubuntu/ros2ws/install/ydlidar_ros2_driver:/home/ubuntu/ros2ws/install/teleop_gopigo3_keyboard:/home/ubuntu/ros2ws/install/ros2_libcamera_pub:/home/ubuntu/ros2ws/install/ros2_gopigo3_node:/home/ubuntu/ros2ws/install/ros2_gopigo3_msg:/opt/ros/humble /usr/bin/cmake --build /home/ubuntu/HumbleDave/ros2ws/build/ydlidar_ros2_driver -- -j4 -l4
[4.381s] [ 50%] Built target ydlidar_ros2_driver_node
[4.407s] [100%] Built target ydlidar_ros2_driver_client
[4.467s] Invoked command in '/home/ubuntu/HumbleDave/ros2ws/build/ydlidar_ros2_driver' returned '0': CMAKE_PREFIX_PATH=${CMAKE_PREFIX_PATH}:/home/ubuntu/HumbleDave/ros2ws/install/teleop_gopigo3_keyboard:/home/ubuntu/HumbleDave/ros2ws/install/scan_client:/home/ubuntu/HumbleDave/ros2ws/install/ros2_libcamera_pub:/home/ubuntu/HumbleDave/ros2ws/install/ros2_gopigo3_node:/home/ubuntu/HumbleDave/ros2ws/install/explorer_wanderer:/home/ubuntu/ros2ws/install/ydlidar_ros2_driver:/home/ubuntu/ros2ws/install/teleop_gopigo3_keyboard:/home/ubuntu/ros2ws/install/ros2_libcamera_pub:/home/ubuntu/ros2ws/install/ros2_gopigo3_node:/home/ubuntu/ros2ws/install/ros2_gopigo3_msg:/opt/ros/humble /usr/bin/cmake --build /home/ubuntu/HumbleDave/ros2ws/build/ydlidar_ros2_driver -- -j4 -l4
[4.675s] Invoking command in '/home/ubuntu/HumbleDave/ros2ws/build/ydlidar_ros2_driver': CMAKE_PREFIX_PATH=${CMAKE_PREFIX_PATH}:/home/ubuntu/HumbleDave/ros2ws/install/teleop_gopigo3_keyboard:/home/ubuntu/HumbleDave/ros2ws/install/scan_client:/home/ubuntu/HumbleDave/ros2ws/install/ros2_libcamera_pub:/home/ubuntu/HumbleDave/ros2ws/install/ros2_gopigo3_node:/home/ubuntu/HumbleDave/ros2ws/install/explorer_wanderer:/home/ubuntu/ros2ws/install/ydlidar_ros2_driver:/home/ubuntu/ros2ws/install/teleop_gopigo3_keyboard:/home/ubuntu/ros2ws/install/ros2_libcamera_pub:/home/ubuntu/ros2ws/install/ros2_gopigo3_node:/home/ubuntu/ros2ws/install/ros2_gopigo3_msg:/opt/ros/humble /usr/bin/cmake --install /home/ubuntu/HumbleDave/ros2ws/build/ydlidar_ros2_driver
[4.718s] -- Install configuration: ""
[4.722s] -- Execute custom install script
[4.725s] -- Up-to-date symlink: /home/ubuntu/HumbleDave/ros2ws/install/ydlidar_ros2_driver/lib/ydlidar_ros2_driver/ydlidar_ros2_driver_node
[4.727s] -- Up-to-date symlink: /home/ubuntu/HumbleDave/ros2ws/install/ydlidar_ros2_driver/lib/ydlidar_ros2_driver/ydlidar_ros2_driver_client
[4.731s] -- Up-to-date symlink: /home/ubuntu/HumbleDave/ros2ws/install/ydlidar_ros2_driver/share/ydlidar_ros2_driver/launch/ydlidar.py
[4.733s] -- Up-to-date symlink: /home/ubuntu/HumbleDave/ros2ws/install/ydlidar_ros2_driver/share/ydlidar_ros2_driver/launch/ydlidar_launch.py
[4.735s] -- Up-to-date symlink: /home/ubuntu/HumbleDave/ros2ws/install/ydlidar_ros2_driver/share/ydlidar_ros2_driver/launch/ydlidar_launch.py.bak
[4.737s] -- Up-to-date symlink: /home/ubuntu/HumbleDave/ros2ws/install/ydlidar_ros2_driver/share/ydlidar_ros2_driver/launch/ydlidar_launch.py.lghrainbow
[4.740s] -- Up-to-date symlink: /home/ubuntu/HumbleDave/ros2ws/install/ydlidar_ros2_driver/share/ydlidar_ros2_driver/launch/ydlidar_launch.py.mine
[4.742s] -- Up-to-date symlink: /home/ubuntu/HumbleDave/ros2ws/install/ydlidar_ros2_driver/share/ydlidar_ros2_driver/launch/ydlidar_launch_view.py
[4.745s] -- Up-to-date symlink: /home/ubuntu/HumbleDave/ros2ws/install/ydlidar_ros2_driver/share/ydlidar_ros2_driver/launch/ydlidar_launch_view.py.bak
[4.749s] -- Up-to-date symlink: /home/ubuntu/HumbleDave/ros2ws/install/ydlidar_ros2_driver/share/ydlidar_ros2_driver/params/ydlidar.yaml
[4.751s] -- Up-to-date symlink: /home/ubuntu/HumbleDave/ros2ws/install/ydlidar_ros2_driver/share/ydlidar_ros2_driver/params/ydlidar.yaml.lghrainbow
[4.753s] -- Up-to-date symlink: /home/ubuntu/HumbleDave/ros2ws/install/ydlidar_ros2_driver/share/ydlidar_ros2_driver/params/ydlidar.yaml.mine
[4.756s] -- Up-to-date symlink: /home/ubuntu/HumbleDave/ros2ws/install/ydlidar_ros2_driver/share/ydlidar_ros2_driver/params/ydlidar.yaml.mystery
[4.758s] -- Up-to-date symlink: /home/ubuntu/HumbleDave/ros2ws/install/ydlidar_ros2_driver/share/ydlidar_ros2_driver/params/ydlidar.yaml.v4
[4.761s] -- Up-to-date symlink: /home/ubuntu/HumbleDave/ros2ws/install/ydlidar_ros2_driver/share/ydlidar_ros2_driver/startup/initenv.sh
[4.764s] -- Up-to-date symlink: /home/ubuntu/HumbleDave/ros2ws/install/ydlidar_ros2_driver/share/ydlidar_ros2_driver/config/ydlidar.rviz
[4.767s] -- Up-to-date symlink: /home/ubuntu/HumbleDave/ros2ws/install/ydlidar_ros2_driver/share/ament_index/resource_index/package_run_dependencies/ydlidar_ros2_driver
[4.769s] -- Up-to-date symlink: /home/ubuntu/HumbleDave/ros2ws/install/ydlidar_ros2_driver/share/ament_index/resource_index/parent_prefix_path/ydlidar_ros2_driver
[4.772s] -- Up-to-date symlink: /home/ubuntu/HumbleDave/ros2ws/install/ydlidar_ros2_driver/share/ydlidar_ros2_driver/environment/ament_prefix_path.sh
[4.774s] -- Up-to-date symlink: /home/ubuntu/HumbleDave/ros2ws/install/ydlidar_ros2_driver/share/ydlidar_ros2_driver/environment/ament_prefix_path.dsv
[4.777s] -- Up-to-date symlink: /home/ubuntu/HumbleDave/ros2ws/install/ydlidar_ros2_driver/share/ydlidar_ros2_driver/environment/path.sh
[4.779s] -- Up-to-date symlink: /home/ubuntu/HumbleDave/ros2ws/install/ydlidar_ros2_driver/share/ydlidar_ros2_driver/environment/path.dsv
[4.782s] -- Up-to-date symlink: /home/ubuntu/HumbleDave/ros2ws/install/ydlidar_ros2_driver/share/ydlidar_ros2_driver/local_setup.bash
[4.784s] -- Up-to-date symlink: /home/ubuntu/HumbleDave/ros2ws/install/ydlidar_ros2_driver/share/ydlidar_ros2_driver/local_setup.sh
[4.787s] -- Up-to-date symlink: /home/ubuntu/HumbleDave/ros2ws/install/ydlidar_ros2_driver/share/ydlidar_ros2_driver/local_setup.zsh
[4.789s] -- Up-to-date symlink: /home/ubuntu/HumbleDave/ros2ws/install/ydlidar_ros2_driver/share/ydlidar_ros2_driver/local_setup.dsv
[4.791s] -- Symlinking: /home/ubuntu/HumbleDave/ros2ws/install/ydlidar_ros2_driver/share/ydlidar_ros2_driver/package.dsv
[4.835s] -- Up-to-date symlink: /home/ubuntu/HumbleDave/ros2ws/install/ydlidar_ros2_driver/share/ament_index/resource_index/packages/ydlidar_ros2_driver
[4.837s] -- Up-to-date symlink: /home/ubuntu/HumbleDave/ros2ws/install/ydlidar_ros2_driver/share/ydlidar_ros2_driver/cmake/ydlidar_ros2_driverConfig.cmake
[4.840s] -- Up-to-date symlink: /home/ubuntu/HumbleDave/ros2ws/install/ydlidar_ros2_driver/share/ydlidar_ros2_driver/cmake/ydlidar_ros2_driverConfig-version.cmake
[4.842s] -- Up-to-date symlink: /home/ubuntu/HumbleDave/ros2ws/install/ydlidar_ros2_driver/share/ydlidar_ros2_driver/package.xml
[4.860s] Invoked command in '/home/ubuntu/HumbleDave/ros2ws/build/ydlidar_ros2_driver' returned '0': CMAKE_PREFIX_PATH=${CMAKE_PREFIX_PATH}:/home/ubuntu/HumbleDave/ros2ws/install/teleop_gopigo3_keyboard:/home/ubuntu/HumbleDave/ros2ws/install/scan_client:/home/ubuntu/HumbleDave/ros2ws/install/ros2_libcamera_pub:/home/ubuntu/HumbleDave/ros2ws/install/ros2_gopigo3_node:/home/ubuntu/HumbleDave/ros2ws/install/explorer_wanderer:/home/ubuntu/ros2ws/install/ydlidar_ros2_driver:/home/ubuntu/ros2ws/install/teleop_gopigo3_keyboard:/home/ubuntu/ros2ws/install/ros2_libcamera_pub:/home/ubuntu/ros2ws/install/ros2_gopigo3_node:/home/ubuntu/ros2ws/install/ros2_gopigo3_msg:/opt/ros/humble /usr/bin/cmake --install /home/ubuntu/HumbleDave/ros2ws/build/ydlidar_ros2_driver
