[1.130s] Invoking command in '/home/ubuntu/HumbleDave/ros2ws/build/mpu9250driver': CMAKE_PREFIX_PATH=${CMAKE_PREFIX_PATH}:/home/ubuntu/HumbleDave/ros2ws/install/HoROS8:/home/ubuntu/HumbleDave/ros2ws/install/teleop_gopigo3_keyboard:/home/ubuntu/HumbleDave/ros2ws/install/scan_client:/home/ubuntu/HumbleDave/ros2ws/install/ros2_libcamera_pub:/home/ubuntu/HumbleDave/ros2ws/install/ros2_gopigo3_node:/home/ubuntu/HumbleDave/ros2ws/install/explorer_wanderer:/home/ubuntu/ros2ws/install/ydlidar_ros2_driver:/home/ubuntu/ros2ws/install/teleop_gopigo3_keyboard:/home/ubuntu/ros2ws/install/ros2_libcamera_pub:/home/ubuntu/ros2ws/install/ros2_gopigo3_node:/home/ubuntu/ros2ws/install/ros2_gopigo3_msg:/opt/ros/humble /usr/bin/cmake --build /home/ubuntu/HumbleDave/ros2ws/build/mpu9250driver -- -j4 -l4
[1.439s] [ 33%] Built target mpu9250sensor
[1.481s] [ 66%] Built target linux_i2c_communicator
[1.558s] [35m[1mConsolidate compiler generated dependencies of target mpu9250driver[0m
[1.673s] [ 83%] [32mBuilding CXX object CMakeFiles/mpu9250driver.dir/src/mpu9250driver.cpp.o[0m
[27.625s] [100%] [32m[1mLinking CXX executable mpu9250driver[0m
[28.745s] [100%] Built target mpu9250driver
[28.788s] Invoked command in '/home/ubuntu/HumbleDave/ros2ws/build/mpu9250driver' returned '0': CMAKE_PREFIX_PATH=${CMAKE_PREFIX_PATH}:/home/ubuntu/HumbleDave/ros2ws/install/HoROS8:/home/ubuntu/HumbleDave/ros2ws/install/teleop_gopigo3_keyboard:/home/ubuntu/HumbleDave/ros2ws/install/scan_client:/home/ubuntu/HumbleDave/ros2ws/install/ros2_libcamera_pub:/home/ubuntu/HumbleDave/ros2ws/install/ros2_gopigo3_node:/home/ubuntu/HumbleDave/ros2ws/install/explorer_wanderer:/home/ubuntu/ros2ws/install/ydlidar_ros2_driver:/home/ubuntu/ros2ws/install/teleop_gopigo3_keyboard:/home/ubuntu/ros2ws/install/ros2_libcamera_pub:/home/ubuntu/ros2ws/install/ros2_gopigo3_node:/home/ubuntu/ros2ws/install/ros2_gopigo3_msg:/opt/ros/humble /usr/bin/cmake --build /home/ubuntu/HumbleDave/ros2ws/build/mpu9250driver -- -j4 -l4
[28.940s] Invoking command in '/home/ubuntu/HumbleDave/ros2ws/build/mpu9250driver': CMAKE_PREFIX_PATH=${CMAKE_PREFIX_PATH}:/home/ubuntu/HumbleDave/ros2ws/install/HoROS8:/home/ubuntu/HumbleDave/ros2ws/install/teleop_gopigo3_keyboard:/home/ubuntu/HumbleDave/ros2ws/install/scan_client:/home/ubuntu/HumbleDave/ros2ws/install/ros2_libcamera_pub:/home/ubuntu/HumbleDave/ros2ws/install/ros2_gopigo3_node:/home/ubuntu/HumbleDave/ros2ws/install/explorer_wanderer:/home/ubuntu/ros2ws/install/ydlidar_ros2_driver:/home/ubuntu/ros2ws/install/teleop_gopigo3_keyboard:/home/ubuntu/ros2ws/install/ros2_libcamera_pub:/home/ubuntu/ros2ws/install/ros2_gopigo3_node:/home/ubuntu/ros2ws/install/ros2_gopigo3_msg:/opt/ros/humble /usr/bin/cmake --install /home/ubuntu/HumbleDave/ros2ws/build/mpu9250driver
[28.969s] -- Install configuration: ""
[28.970s] -- Execute custom install script
[28.972s] -- Up-to-date symlink: /home/ubuntu/HumbleDave/ros2ws/install/mpu9250driver/lib/mpu9250driver/mpu9250driver
[28.974s] -- Up-to-date symlink: /home/ubuntu/HumbleDave/ros2ws/install/mpu9250driver/share/mpu9250driver//launch/mpu9250driver_launch.py
[28.975s] -- Up-to-date symlink: /home/ubuntu/HumbleDave/ros2ws/install/mpu9250driver/share/mpu9250driver//params/mpu9250.yaml
[28.977s] -- Up-to-date symlink: /home/ubuntu/HumbleDave/ros2ws/install/mpu9250driver/share/ament_index/resource_index/package_run_dependencies/mpu9250driver
[28.978s] -- Up-to-date symlink: /home/ubuntu/HumbleDave/ros2ws/install/mpu9250driver/share/ament_index/resource_index/parent_prefix_path/mpu9250driver
[28.979s] -- Up-to-date symlink: /home/ubuntu/HumbleDave/ros2ws/install/mpu9250driver/share/mpu9250driver/environment/ament_prefix_path.sh
[28.980s] -- Up-to-date symlink: /home/ubuntu/HumbleDave/ros2ws/install/mpu9250driver/share/mpu9250driver/environment/ament_prefix_path.dsv
[28.982s] -- Up-to-date symlink: /home/ubuntu/HumbleDave/ros2ws/install/mpu9250driver/share/mpu9250driver/environment/path.sh
[28.983s] -- Up-to-date symlink: /home/ubuntu/HumbleDave/ros2ws/install/mpu9250driver/share/mpu9250driver/environment/path.dsv
[28.984s] -- Up-to-date symlink: /home/ubuntu/HumbleDave/ros2ws/install/mpu9250driver/share/mpu9250driver/local_setup.bash
[28.985s] -- Up-to-date symlink: /home/ubuntu/HumbleDave/ros2ws/install/mpu9250driver/share/mpu9250driver/local_setup.sh
[28.986s] -- Up-to-date symlink: /home/ubuntu/HumbleDave/ros2ws/install/mpu9250driver/share/mpu9250driver/local_setup.zsh
[28.987s] -- Up-to-date symlink: /home/ubuntu/HumbleDave/ros2ws/install/mpu9250driver/share/mpu9250driver/local_setup.dsv
[28.988s] -- Symlinking: /home/ubuntu/HumbleDave/ros2ws/install/mpu9250driver/share/mpu9250driver/package.dsv
[29.023s] -- Up-to-date symlink: /home/ubuntu/HumbleDave/ros2ws/install/mpu9250driver/share/ament_index/resource_index/packages/mpu9250driver
[29.024s] -- Up-to-date symlink: /home/ubuntu/HumbleDave/ros2ws/install/mpu9250driver/share/mpu9250driver/cmake/mpu9250driverConfig.cmake
[29.025s] -- Up-to-date symlink: /home/ubuntu/HumbleDave/ros2ws/install/mpu9250driver/share/mpu9250driver/cmake/mpu9250driverConfig-version.cmake
[29.026s] -- Up-to-date symlink: /home/ubuntu/HumbleDave/ros2ws/install/mpu9250driver/share/mpu9250driver/package.xml
[29.034s] Invoked command in '/home/ubuntu/HumbleDave/ros2ws/build/mpu9250driver' returned '0': CMAKE_PREFIX_PATH=${CMAKE_PREFIX_PATH}:/home/ubuntu/HumbleDave/ros2ws/install/HoROS8:/home/ubuntu/HumbleDave/ros2ws/install/teleop_gopigo3_keyboard:/home/ubuntu/HumbleDave/ros2ws/install/scan_client:/home/ubuntu/HumbleDave/ros2ws/install/ros2_libcamera_pub:/home/ubuntu/HumbleDave/ros2ws/install/ros2_gopigo3_node:/home/ubuntu/HumbleDave/ros2ws/install/explorer_wanderer:/home/ubuntu/ros2ws/install/ydlidar_ros2_driver:/home/ubuntu/ros2ws/install/teleop_gopigo3_keyboard:/home/ubuntu/ros2ws/install/ros2_libcamera_pub:/home/ubuntu/ros2ws/install/ros2_gopigo3_node:/home/ubuntu/ros2ws/install/ros2_gopigo3_msg:/opt/ros/humble /usr/bin/cmake --install /home/ubuntu/HumbleDave/ros2ws/build/mpu9250driver
