[4.748s] DEBUG:colcon:Command line arguments: ['/usr/bin/colcon', 'build', '--packages-select', 'dave_interfaces']
[4.748s] DEBUG:colcon:Parsed command line arguments: Namespace(log_base=None, log_level=None, verb_name='build', build_base='build', install_base='install', merge_install=False, symlink_install=False, test_result_base=None, continue_on_error=False, executor='parallel', parallel_workers=4, event_handlers=None, ignore_user_meta=False, metas=['./colcon.meta'], base_paths=['.'], packages_ignore=None, packages_ignore_regex=None, paths=None, packages_up_to=None, packages_up_to_regex=None, packages_above=None, packages_above_and_dependencies=None, packages_above_depth=None, packages_select_by_dep=None, packages_skip_by_dep=None, packages_skip_up_to=None, packages_select_build_failed=False, packages_skip_build_finished=False, packages_select_test_failures=False, packages_skip_test_passed=False, packages_select=['dave_interfaces'], packages_skip=None, packages_select_regex=None, packages_skip_regex=None, packages_start=None, packages_end=None, allow_overriding=[], cmake_args=None, cmake_target=None, cmake_target_skip_unavailable=False, cmake_clean_cache=False, cmake_clean_first=False, cmake_force_configure=False, ament_cmake_args=None, catkin_cmake_args=None, catkin_skip_building_tests=False, verb_parser=<colcon_defaults.argument_parser.defaults.DefaultArgumentsDecorator object at 0xffffbd92eec0>, verb_extension=<colcon_core.verb.build.BuildVerb object at 0xffffbd92e9e0>, main=<bound method BuildVerb.main of <colcon_core.verb.build.BuildVerb object at 0xffffbd92e9e0>>)
[4.964s] Level 1:colcon.colcon_core.package_discovery:discover_packages(colcon_meta) check parameters
[4.964s] Level 1:colcon.colcon_core.package_discovery:discover_packages(recursive) check parameters
[4.964s] Level 1:colcon.colcon_core.package_discovery:discover_packages(ignore) check parameters
[4.964s] Level 1:colcon.colcon_core.package_discovery:discover_packages(path) check parameters
[4.964s] Level 1:colcon.colcon_core.package_discovery:discover_packages(colcon_meta) discover
[4.965s] Level 1:colcon.colcon_core.package_discovery:discover_packages(recursive) discover
[4.965s] INFO:colcon.colcon_core.package_discovery:Crawling recursively for packages in '/home/ubuntu/HumbleDave2/ros2ws'
[4.965s] Level 1:colcon.colcon_core.package_identification:_identify(.) by extensions ['ignore', 'ignore_ament_install']
[4.966s] Level 1:colcon.colcon_core.package_identification:_identify(.) by extension 'ignore'
[4.966s] Level 1:colcon.colcon_core.package_identification:_identify(.) by extension 'ignore_ament_install'
[4.966s] Level 1:colcon.colcon_core.package_identification:_identify(.) by extensions ['colcon_pkg']
[4.966s] Level 1:colcon.colcon_core.package_identification:_identify(.) by extension 'colcon_pkg'
[4.967s] Level 1:colcon.colcon_core.package_identification:_identify(.) by extensions ['colcon_meta']
[4.967s] Level 1:colcon.colcon_core.package_identification:_identify(.) by extension 'colcon_meta'
[4.967s] Level 1:colcon.colcon_core.package_identification:_identify(.) by extensions ['ros']
[4.967s] Level 1:colcon.colcon_core.package_identification:_identify(.) by extension 'ros'
[5.015s] Level 1:colcon.colcon_core.package_identification:_identify(.) by extensions ['cmake', 'python']
[5.015s] Level 1:colcon.colcon_core.package_identification:_identify(.) by extension 'cmake'
[5.015s] Level 1:colcon.colcon_core.package_identification:_identify(.) by extension 'python'
[5.015s] Level 1:colcon.colcon_core.package_identification:_identify(.) by extensions ['python_setup_py']
[5.015s] Level 1:colcon.colcon_core.package_identification:_identify(.) by extension 'python_setup_py'
[5.016s] Level 1:colcon.colcon_core.package_identification:_identify(build) by extensions ['ignore', 'ignore_ament_install']
[5.016s] Level 1:colcon.colcon_core.package_identification:_identify(build) by extension 'ignore'
[5.016s] Level 1:colcon.colcon_core.package_identification:_identify(build) ignored
[5.018s] Level 1:colcon.colcon_core.package_identification:_identify(cmds) by extensions ['ignore', 'ignore_ament_install']
[5.018s] Level 1:colcon.colcon_core.package_identification:_identify(cmds) by extension 'ignore'
[5.018s] Level 1:colcon.colcon_core.package_identification:_identify(cmds) by extension 'ignore_ament_install'
[5.019s] Level 1:colcon.colcon_core.package_identification:_identify(cmds) by extensions ['colcon_pkg']
[5.019s] Level 1:colcon.colcon_core.package_identification:_identify(cmds) by extension 'colcon_pkg'
[5.019s] Level 1:colcon.colcon_core.package_identification:_identify(cmds) by extensions ['colcon_meta']
[5.019s] Level 1:colcon.colcon_core.package_identification:_identify(cmds) by extension 'colcon_meta'
[5.019s] Level 1:colcon.colcon_core.package_identification:_identify(cmds) by extensions ['ros']
[5.019s] Level 1:colcon.colcon_core.package_identification:_identify(cmds) by extension 'ros'
[5.020s] Level 1:colcon.colcon_core.package_identification:_identify(cmds) by extensions ['cmake', 'python']
[5.020s] Level 1:colcon.colcon_core.package_identification:_identify(cmds) by extension 'cmake'
[5.020s] Level 1:colcon.colcon_core.package_identification:_identify(cmds) by extension 'python'
[5.020s] Level 1:colcon.colcon_core.package_identification:_identify(cmds) by extensions ['python_setup_py']
[5.020s] Level 1:colcon.colcon_core.package_identification:_identify(cmds) by extension 'python_setup_py'
[5.021s] Level 1:colcon.colcon_core.package_identification:_identify(cmds/old) by extensions ['ignore', 'ignore_ament_install']
[5.021s] Level 1:colcon.colcon_core.package_identification:_identify(cmds/old) by extension 'ignore'
[5.021s] Level 1:colcon.colcon_core.package_identification:_identify(cmds/old) by extension 'ignore_ament_install'
[5.021s] Level 1:colcon.colcon_core.package_identification:_identify(cmds/old) by extensions ['colcon_pkg']
[5.022s] Level 1:colcon.colcon_core.package_identification:_identify(cmds/old) by extension 'colcon_pkg'
[5.022s] Level 1:colcon.colcon_core.package_identification:_identify(cmds/old) by extensions ['colcon_meta']
[5.022s] Level 1:colcon.colcon_core.package_identification:_identify(cmds/old) by extension 'colcon_meta'
[5.022s] Level 1:colcon.colcon_core.package_identification:_identify(cmds/old) by extensions ['ros']
[5.022s] Level 1:colcon.colcon_core.package_identification:_identify(cmds/old) by extension 'ros'
[5.022s] Level 1:colcon.colcon_core.package_identification:_identify(cmds/old) by extensions ['cmake', 'python']
[5.023s] Level 1:colcon.colcon_core.package_identification:_identify(cmds/old) by extension 'cmake'
[5.023s] Level 1:colcon.colcon_core.package_identification:_identify(cmds/old) by extension 'python'
[5.023s] Level 1:colcon.colcon_core.package_identification:_identify(cmds/old) by extensions ['python_setup_py']
[5.023s] Level 1:colcon.colcon_core.package_identification:_identify(cmds/old) by extension 'python_setup_py'
[5.024s] Level 1:colcon.colcon_core.package_identification:_identify(install) by extensions ['ignore', 'ignore_ament_install']
[5.024s] Level 1:colcon.colcon_core.package_identification:_identify(install) by extension 'ignore'
[5.024s] Level 1:colcon.colcon_core.package_identification:_identify(install) ignored
[5.025s] Level 1:colcon.colcon_core.package_identification:_identify(log) by extensions ['ignore', 'ignore_ament_install']
[5.025s] Level 1:colcon.colcon_core.package_identification:_identify(log) by extension 'ignore'
[5.025s] Level 1:colcon.colcon_core.package_identification:_identify(log) ignored
[5.025s] Level 1:colcon.colcon_core.package_identification:_identify(maps) by extensions ['ignore', 'ignore_ament_install']
[5.026s] Level 1:colcon.colcon_core.package_identification:_identify(maps) by extension 'ignore'
[5.026s] Level 1:colcon.colcon_core.package_identification:_identify(maps) by extension 'ignore_ament_install'
[5.026s] Level 1:colcon.colcon_core.package_identification:_identify(maps) by extensions ['colcon_pkg']
[5.026s] Level 1:colcon.colcon_core.package_identification:_identify(maps) by extension 'colcon_pkg'
[5.026s] Level 1:colcon.colcon_core.package_identification:_identify(maps) by extensions ['colcon_meta']
[5.027s] Level 1:colcon.colcon_core.package_identification:_identify(maps) by extension 'colcon_meta'
[5.027s] Level 1:colcon.colcon_core.package_identification:_identify(maps) by extensions ['ros']
[5.027s] Level 1:colcon.colcon_core.package_identification:_identify(maps) by extension 'ros'
[5.027s] Level 1:colcon.colcon_core.package_identification:_identify(maps) by extensions ['cmake', 'python']
[5.027s] Level 1:colcon.colcon_core.package_identification:_identify(maps) by extension 'cmake'
[5.027s] Level 1:colcon.colcon_core.package_identification:_identify(maps) by extension 'python'
[5.028s] Level 1:colcon.colcon_core.package_identification:_identify(maps) by extensions ['python_setup_py']
[5.028s] Level 1:colcon.colcon_core.package_identification:_identify(maps) by extension 'python_setup_py'
[5.028s] Level 1:colcon.colcon_core.package_identification:_identify(obsolete) by extensions ['ignore', 'ignore_ament_install']
[5.028s] Level 1:colcon.colcon_core.package_identification:_identify(obsolete) by extension 'ignore'
[5.029s] Level 1:colcon.colcon_core.package_identification:_identify(obsolete) by extension 'ignore_ament_install'
[5.029s] Level 1:colcon.colcon_core.package_identification:_identify(obsolete) by extensions ['colcon_pkg']
[5.029s] Level 1:colcon.colcon_core.package_identification:_identify(obsolete) by extension 'colcon_pkg'
[5.029s] Level 1:colcon.colcon_core.package_identification:_identify(obsolete) by extensions ['colcon_meta']
[5.029s] Level 1:colcon.colcon_core.package_identification:_identify(obsolete) by extension 'colcon_meta'
[5.029s] Level 1:colcon.colcon_core.package_identification:_identify(obsolete) by extensions ['ros']
[5.029s] Level 1:colcon.colcon_core.package_identification:_identify(obsolete) by extension 'ros'
[5.030s] Level 1:colcon.colcon_core.package_identification:_identify(obsolete) by extensions ['cmake', 'python']
[5.030s] Level 1:colcon.colcon_core.package_identification:_identify(obsolete) by extension 'cmake'
[5.030s] Level 1:colcon.colcon_core.package_identification:_identify(obsolete) by extension 'python'
[5.030s] Level 1:colcon.colcon_core.package_identification:_identify(obsolete) by extensions ['python_setup_py']
[5.030s] Level 1:colcon.colcon_core.package_identification:_identify(obsolete) by extension 'python_setup_py'
[5.031s] Level 1:colcon.colcon_core.package_identification:_identify(old) by extensions ['ignore', 'ignore_ament_install']
[5.031s] Level 1:colcon.colcon_core.package_identification:_identify(old) by extension 'ignore'
[5.031s] Level 1:colcon.colcon_core.package_identification:_identify(old) by extension 'ignore_ament_install'
[5.031s] Level 1:colcon.colcon_core.package_identification:_identify(old) by extensions ['colcon_pkg']
[5.032s] Level 1:colcon.colcon_core.package_identification:_identify(old) by extension 'colcon_pkg'
[5.032s] Level 1:colcon.colcon_core.package_identification:_identify(old) by extensions ['colcon_meta']
[5.032s] Level 1:colcon.colcon_core.package_identification:_identify(old) by extension 'colcon_meta'
[5.032s] Level 1:colcon.colcon_core.package_identification:_identify(old) by extensions ['ros']
[5.032s] Level 1:colcon.colcon_core.package_identification:_identify(old) by extension 'ros'
[5.032s] Level 1:colcon.colcon_core.package_identification:_identify(old) by extensions ['cmake', 'python']
[5.033s] Level 1:colcon.colcon_core.package_identification:_identify(old) by extension 'cmake'
[5.033s] Level 1:colcon.colcon_core.package_identification:_identify(old) by extension 'python'
[5.033s] Level 1:colcon.colcon_core.package_identification:_identify(old) by extensions ['python_setup_py']
[5.033s] Level 1:colcon.colcon_core.package_identification:_identify(old) by extension 'python_setup_py'
[5.033s] Level 1:colcon.colcon_core.package_identification:_identify(params) by extensions ['ignore', 'ignore_ament_install']
[5.034s] Level 1:colcon.colcon_core.package_identification:_identify(params) by extension 'ignore'
[5.034s] Level 1:colcon.colcon_core.package_identification:_identify(params) by extension 'ignore_ament_install'
[5.034s] Level 1:colcon.colcon_core.package_identification:_identify(params) by extensions ['colcon_pkg']
[5.034s] Level 1:colcon.colcon_core.package_identification:_identify(params) by extension 'colcon_pkg'
[5.035s] Level 1:colcon.colcon_core.package_identification:_identify(params) by extensions ['colcon_meta']
[5.035s] Level 1:colcon.colcon_core.package_identification:_identify(params) by extension 'colcon_meta'
[5.035s] Level 1:colcon.colcon_core.package_identification:_identify(params) by extensions ['ros']
[5.035s] Level 1:colcon.colcon_core.package_identification:_identify(params) by extension 'ros'
[5.035s] Level 1:colcon.colcon_core.package_identification:_identify(params) by extensions ['cmake', 'python']
[5.035s] Level 1:colcon.colcon_core.package_identification:_identify(params) by extension 'cmake'
[5.035s] Level 1:colcon.colcon_core.package_identification:_identify(params) by extension 'python'
[5.036s] Level 1:colcon.colcon_core.package_identification:_identify(params) by extensions ['python_setup_py']
[5.036s] Level 1:colcon.colcon_core.package_identification:_identify(params) by extension 'python_setup_py'
[5.036s] Level 1:colcon.colcon_core.package_identification:_identify(src) by extensions ['ignore', 'ignore_ament_install']
[5.037s] Level 1:colcon.colcon_core.package_identification:_identify(src) by extension 'ignore'
[5.037s] Level 1:colcon.colcon_core.package_identification:_identify(src) by extension 'ignore_ament_install'
[5.037s] Level 1:colcon.colcon_core.package_identification:_identify(src) by extensions ['colcon_pkg']
[5.037s] Level 1:colcon.colcon_core.package_identification:_identify(src) by extension 'colcon_pkg'
[5.037s] Level 1:colcon.colcon_core.package_identification:_identify(src) by extensions ['colcon_meta']
[5.037s] Level 1:colcon.colcon_core.package_identification:_identify(src) by extension 'colcon_meta'
[5.037s] Level 1:colcon.colcon_core.package_identification:_identify(src) by extensions ['ros']
[5.038s] Level 1:colcon.colcon_core.package_identification:_identify(src) by extension 'ros'
[5.038s] Level 1:colcon.colcon_core.package_identification:_identify(src) by extensions ['cmake', 'python']
[5.038s] Level 1:colcon.colcon_core.package_identification:_identify(src) by extension 'cmake'
[5.038s] Level 1:colcon.colcon_core.package_identification:_identify(src) by extension 'python'
[5.038s] Level 1:colcon.colcon_core.package_identification:_identify(src) by extensions ['python_setup_py']
[5.038s] Level 1:colcon.colcon_core.package_identification:_identify(src) by extension 'python_setup_py'
[5.039s] Level 1:colcon.colcon_core.package_identification:_identify(src/apriltag_msgs) by extensions ['ignore', 'ignore_ament_install']
[5.039s] Level 1:colcon.colcon_core.package_identification:_identify(src/apriltag_msgs) by extension 'ignore'
[5.039s] Level 1:colcon.colcon_core.package_identification:_identify(src/apriltag_msgs) by extension 'ignore_ament_install'
[5.040s] Level 1:colcon.colcon_core.package_identification:_identify(src/apriltag_msgs) by extensions ['colcon_pkg']
[5.040s] Level 1:colcon.colcon_core.package_identification:_identify(src/apriltag_msgs) by extension 'colcon_pkg'
[5.040s] Level 1:colcon.colcon_core.package_identification:_identify(src/apriltag_msgs) by extensions ['colcon_meta']
[5.040s] Level 1:colcon.colcon_core.package_identification:_identify(src/apriltag_msgs) by extension 'colcon_meta'
[5.040s] Level 1:colcon.colcon_core.package_identification:_identify(src/apriltag_msgs) by extensions ['ros']
[5.040s] Level 1:colcon.colcon_core.package_identification:_identify(src/apriltag_msgs) by extension 'ros'
[5.049s] DEBUG:colcon.colcon_core.package_identification:Package 'src/apriltag_msgs' with type 'ros.ament_cmake' and name 'apriltag_msgs'
[5.050s] Level 1:colcon.colcon_core.package_identification:_identify(src/apriltag_ros) by extensions ['ignore', 'ignore_ament_install']
[5.050s] Level 1:colcon.colcon_core.package_identification:_identify(src/apriltag_ros) by extension 'ignore'
[5.050s] Level 1:colcon.colcon_core.package_identification:_identify(src/apriltag_ros) by extension 'ignore_ament_install'
[5.051s] Level 1:colcon.colcon_core.package_identification:_identify(src/apriltag_ros) by extensions ['colcon_pkg']
[5.051s] Level 1:colcon.colcon_core.package_identification:_identify(src/apriltag_ros) by extension 'colcon_pkg'
[5.051s] Level 1:colcon.colcon_core.package_identification:_identify(src/apriltag_ros) by extensions ['colcon_meta']
[5.051s] Level 1:colcon.colcon_core.package_identification:_identify(src/apriltag_ros) by extension 'colcon_meta'
[5.051s] Level 1:colcon.colcon_core.package_identification:_identify(src/apriltag_ros) by extensions ['ros']
[5.051s] Level 1:colcon.colcon_core.package_identification:_identify(src/apriltag_ros) by extension 'ros'
[5.055s] DEBUG:colcon.colcon_core.package_identification:Package 'src/apriltag_ros' with type 'ros.ament_cmake' and name 'apriltag_ros'
[5.056s] Level 1:colcon.colcon_core.package_identification:_identify(src/dave) by extensions ['ignore', 'ignore_ament_install']
[5.056s] Level 1:colcon.colcon_core.package_identification:_identify(src/dave) by extension 'ignore'
[5.057s] Level 1:colcon.colcon_core.package_identification:_identify(src/dave) by extension 'ignore_ament_install'
[5.057s] Level 1:colcon.colcon_core.package_identification:_identify(src/dave) by extensions ['colcon_pkg']
[5.057s] Level 1:colcon.colcon_core.package_identification:_identify(src/dave) by extension 'colcon_pkg'
[5.057s] Level 1:colcon.colcon_core.package_identification:_identify(src/dave) by extensions ['colcon_meta']
[5.057s] Level 1:colcon.colcon_core.package_identification:_identify(src/dave) by extension 'colcon_meta'
[5.057s] Level 1:colcon.colcon_core.package_identification:_identify(src/dave) by extensions ['ros']
[5.058s] Level 1:colcon.colcon_core.package_identification:_identify(src/dave) by extension 'ros'
[5.059s] DEBUG:colcon.colcon_core.package_identification:Package 'src/dave' with type 'ros.ament_python' and name 'dave'
[5.060s] Level 1:colcon.colcon_core.package_identification:_identify(src/dave_interfaces) by extensions ['ignore', 'ignore_ament_install']
[5.060s] Level 1:colcon.colcon_core.package_identification:_identify(src/dave_interfaces) by extension 'ignore'
[5.060s] Level 1:colcon.colcon_core.package_identification:_identify(src/dave_interfaces) by extension 'ignore_ament_install'
[5.061s] Level 1:colcon.colcon_core.package_identification:_identify(src/dave_interfaces) by extensions ['colcon_pkg']
[5.061s] Level 1:colcon.colcon_core.package_identification:_identify(src/dave_interfaces) by extension 'colcon_pkg'
[5.061s] Level 1:colcon.colcon_core.package_identification:_identify(src/dave_interfaces) by extensions ['colcon_meta']
[5.061s] Level 1:colcon.colcon_core.package_identification:_identify(src/dave_interfaces) by extension 'colcon_meta'
[5.061s] Level 1:colcon.colcon_core.package_identification:_identify(src/dave_interfaces) by extensions ['ros']
[5.061s] Level 1:colcon.colcon_core.package_identification:_identify(src/dave_interfaces) by extension 'ros'
[5.063s] DEBUG:colcon.colcon_core.package_identification:Package 'src/dave_interfaces' with type 'ros.ament_cmake' and name 'dave_interfaces'
[5.064s] Level 1:colcon.colcon_core.package_identification:_identify(src/explorer_wanderer) by extensions ['ignore', 'ignore_ament_install']
[5.064s] Level 1:colcon.colcon_core.package_identification:_identify(src/explorer_wanderer) by extension 'ignore'
[5.064s] Level 1:colcon.colcon_core.package_identification:_identify(src/explorer_wanderer) by extension 'ignore_ament_install'
[5.065s] Level 1:colcon.colcon_core.package_identification:_identify(src/explorer_wanderer) by extensions ['colcon_pkg']
[5.065s] Level 1:colcon.colcon_core.package_identification:_identify(src/explorer_wanderer) by extension 'colcon_pkg'
[5.065s] Level 1:colcon.colcon_core.package_identification:_identify(src/explorer_wanderer) by extensions ['colcon_meta']
[5.065s] Level 1:colcon.colcon_core.package_identification:_identify(src/explorer_wanderer) by extension 'colcon_meta'
[5.065s] Level 1:colcon.colcon_core.package_identification:_identify(src/explorer_wanderer) by extensions ['ros']
[5.065s] Level 1:colcon.colcon_core.package_identification:_identify(src/explorer_wanderer) by extension 'ros'
[5.067s] DEBUG:colcon.colcon_core.package_identification:Package 'src/explorer_wanderer' with type 'ros.ament_python' and name 'explorer_wanderer'
[5.068s] Level 1:colcon.colcon_core.package_identification:_identify(src/gpg3_cartographer) by extensions ['ignore', 'ignore_ament_install']
[5.069s] Level 1:colcon.colcon_core.package_identification:_identify(src/gpg3_cartographer) by extension 'ignore'
[5.069s] Level 1:colcon.colcon_core.package_identification:_identify(src/gpg3_cartographer) by extension 'ignore_ament_install'
[5.069s] Level 1:colcon.colcon_core.package_identification:_identify(src/gpg3_cartographer) by extensions ['colcon_pkg']
[5.069s] Level 1:colcon.colcon_core.package_identification:_identify(src/gpg3_cartographer) by extension 'colcon_pkg'
[5.069s] Level 1:colcon.colcon_core.package_identification:_identify(src/gpg3_cartographer) by extensions ['colcon_meta']
[5.070s] Level 1:colcon.colcon_core.package_identification:_identify(src/gpg3_cartographer) by extension 'colcon_meta'
[5.070s] Level 1:colcon.colcon_core.package_identification:_identify(src/gpg3_cartographer) by extensions ['ros']
[5.070s] Level 1:colcon.colcon_core.package_identification:_identify(src/gpg3_cartographer) by extension 'ros'
[5.072s] DEBUG:colcon.colcon_core.package_identification:Package 'src/gpg3_cartographer' with type 'ros.ament_cmake' and name 'gpg3_cartographer'
[5.072s] Level 1:colcon.colcon_core.package_identification:_identify(src/gpg3_navigation2) by extensions ['ignore', 'ignore_ament_install']
[5.073s] Level 1:colcon.colcon_core.package_identification:_identify(src/gpg3_navigation2) by extension 'ignore'
[5.073s] Level 1:colcon.colcon_core.package_identification:_identify(src/gpg3_navigation2) by extension 'ignore_ament_install'
[5.073s] Level 1:colcon.colcon_core.package_identification:_identify(src/gpg3_navigation2) by extensions ['colcon_pkg']
[5.073s] Level 1:colcon.colcon_core.package_identification:_identify(src/gpg3_navigation2) by extension 'colcon_pkg'
[5.073s] Level 1:colcon.colcon_core.package_identification:_identify(src/gpg3_navigation2) by extensions ['colcon_meta']
[5.073s] Level 1:colcon.colcon_core.package_identification:_identify(src/gpg3_navigation2) by extension 'colcon_meta'
[5.074s] Level 1:colcon.colcon_core.package_identification:_identify(src/gpg3_navigation2) by extensions ['ros']
[5.074s] Level 1:colcon.colcon_core.package_identification:_identify(src/gpg3_navigation2) by extension 'ros'
[5.075s] DEBUG:colcon.colcon_core.package_identification:Package 'src/gpg3_navigation2' with type 'ros.ament_cmake' and name 'gpg3_navigation2'
[5.076s] Level 1:colcon.colcon_core.package_identification:_identify(src/nav2_gopigo3) by extensions ['ignore', 'ignore_ament_install']
[5.076s] Level 1:colcon.colcon_core.package_identification:_identify(src/nav2_gopigo3) by extension 'ignore'
[5.076s] Level 1:colcon.colcon_core.package_identification:_identify(src/nav2_gopigo3) by extension 'ignore_ament_install'
[5.077s] Level 1:colcon.colcon_core.package_identification:_identify(src/nav2_gopigo3) by extensions ['colcon_pkg']
[5.077s] Level 1:colcon.colcon_core.package_identification:_identify(src/nav2_gopigo3) by extension 'colcon_pkg'
[5.077s] Level 1:colcon.colcon_core.package_identification:_identify(src/nav2_gopigo3) by extensions ['colcon_meta']
[5.077s] Level 1:colcon.colcon_core.package_identification:_identify(src/nav2_gopigo3) by extension 'colcon_meta'
[5.077s] Level 1:colcon.colcon_core.package_identification:_identify(src/nav2_gopigo3) by extensions ['ros']
[5.077s] Level 1:colcon.colcon_core.package_identification:_identify(src/nav2_gopigo3) by extension 'ros'
[5.080s] DEBUG:colcon.colcon_core.package_identification:Package 'src/nav2_gopigo3' with type 'ros.ament_cmake' and name 'nav2_gopigo3'
[5.081s] Level 1:colcon.colcon_core.package_identification:_identify(src/ros2_gopigo3_msg) by extensions ['ignore', 'ignore_ament_install']
[5.081s] Level 1:colcon.colcon_core.package_identification:_identify(src/ros2_gopigo3_msg) by extension 'ignore'
[5.081s] Level 1:colcon.colcon_core.package_identification:_identify(src/ros2_gopigo3_msg) by extension 'ignore_ament_install'
[5.081s] Level 1:colcon.colcon_core.package_identification:_identify(src/ros2_gopigo3_msg) by extensions ['colcon_pkg']
[5.081s] Level 1:colcon.colcon_core.package_identification:_identify(src/ros2_gopigo3_msg) by extension 'colcon_pkg'
[5.082s] Level 1:colcon.colcon_core.package_identification:_identify(src/ros2_gopigo3_msg) by extensions ['colcon_meta']
[5.082s] Level 1:colcon.colcon_core.package_identification:_identify(src/ros2_gopigo3_msg) by extension 'colcon_meta'
[5.082s] Level 1:colcon.colcon_core.package_identification:_identify(src/ros2_gopigo3_msg) by extensions ['ros']
[5.082s] Level 1:colcon.colcon_core.package_identification:_identify(src/ros2_gopigo3_msg) by extension 'ros'
[5.084s] DEBUG:colcon.colcon_core.package_identification:Package 'src/ros2_gopigo3_msg' with type 'ros.ament_cmake' and name 'ros2_gopigo3_msg'
[5.085s] Level 1:colcon.colcon_core.package_identification:_identify(src/ros2_gopigo3_node) by extensions ['ignore', 'ignore_ament_install']
[5.085s] Level 1:colcon.colcon_core.package_identification:_identify(src/ros2_gopigo3_node) by extension 'ignore'
[5.085s] Level 1:colcon.colcon_core.package_identification:_identify(src/ros2_gopigo3_node) by extension 'ignore_ament_install'
[5.085s] Level 1:colcon.colcon_core.package_identification:_identify(src/ros2_gopigo3_node) by extensions ['colcon_pkg']
[5.085s] Level 1:colcon.colcon_core.package_identification:_identify(src/ros2_gopigo3_node) by extension 'colcon_pkg'
[5.086s] Level 1:colcon.colcon_core.package_identification:_identify(src/ros2_gopigo3_node) by extensions ['colcon_meta']
[5.086s] Level 1:colcon.colcon_core.package_identification:_identify(src/ros2_gopigo3_node) by extension 'colcon_meta'
[5.086s] Level 1:colcon.colcon_core.package_identification:_identify(src/ros2_gopigo3_node) by extensions ['ros']
[5.086s] Level 1:colcon.colcon_core.package_identification:_identify(src/ros2_gopigo3_node) by extension 'ros'
[5.088s] DEBUG:colcon.colcon_core.package_identification:Package 'src/ros2_gopigo3_node' with type 'ros.ament_python' and name 'ros2_gopigo3_node'
[5.089s] Level 1:colcon.colcon_core.package_identification:_identify(src/ros2_libcamera_pub) by extensions ['ignore', 'ignore_ament_install']
[5.089s] Level 1:colcon.colcon_core.package_identification:_identify(src/ros2_libcamera_pub) by extension 'ignore'
[5.090s] Level 1:colcon.colcon_core.package_identification:_identify(src/ros2_libcamera_pub) by extension 'ignore_ament_install'
[5.090s] Level 1:colcon.colcon_core.package_identification:_identify(src/ros2_libcamera_pub) by extensions ['colcon_pkg']
[5.090s] Level 1:colcon.colcon_core.package_identification:_identify(src/ros2_libcamera_pub) by extension 'colcon_pkg'
[5.090s] Level 1:colcon.colcon_core.package_identification:_identify(src/ros2_libcamera_pub) by extensions ['colcon_meta']
[5.090s] Level 1:colcon.colcon_core.package_identification:_identify(src/ros2_libcamera_pub) by extension 'colcon_meta'
[5.091s] Level 1:colcon.colcon_core.package_identification:_identify(src/ros2_libcamera_pub) by extensions ['ros']
[5.091s] Level 1:colcon.colcon_core.package_identification:_identify(src/ros2_libcamera_pub) by extension 'ros'
[5.093s] DEBUG:colcon.colcon_core.package_identification:Package 'src/ros2_libcamera_pub' with type 'ros.ament_python' and name 'ros2_libcamera_pub'
[5.093s] Level 1:colcon.colcon_core.package_identification:_identify(src/scan_client) by extensions ['ignore', 'ignore_ament_install']
[5.094s] Level 1:colcon.colcon_core.package_identification:_identify(src/scan_client) by extension 'ignore'
[5.094s] Level 1:colcon.colcon_core.package_identification:_identify(src/scan_client) by extension 'ignore_ament_install'
[5.095s] Level 1:colcon.colcon_core.package_identification:_identify(src/scan_client) by extensions ['colcon_pkg']
[5.095s] Level 1:colcon.colcon_core.package_identification:_identify(src/scan_client) by extension 'colcon_pkg'
[5.095s] Level 1:colcon.colcon_core.package_identification:_identify(src/scan_client) by extensions ['colcon_meta']
[5.095s] Level 1:colcon.colcon_core.package_identification:_identify(src/scan_client) by extension 'colcon_meta'
[5.095s] Level 1:colcon.colcon_core.package_identification:_identify(src/scan_client) by extensions ['ros']
[5.095s] Level 1:colcon.colcon_core.package_identification:_identify(src/scan_client) by extension 'ros'
[5.097s] DEBUG:colcon.colcon_core.package_identification:Package 'src/scan_client' with type 'ros.ament_python' and name 'scan_client'
[5.098s] Level 1:colcon.colcon_core.package_identification:_identify(src/teleop_gopigo3_keyboard) by extensions ['ignore', 'ignore_ament_install']
[5.098s] Level 1:colcon.colcon_core.package_identification:_identify(src/teleop_gopigo3_keyboard) by extension 'ignore'
[5.098s] Level 1:colcon.colcon_core.package_identification:_identify(src/teleop_gopigo3_keyboard) by extension 'ignore_ament_install'
[5.099s] Level 1:colcon.colcon_core.package_identification:_identify(src/teleop_gopigo3_keyboard) by extensions ['colcon_pkg']
[5.099s] Level 1:colcon.colcon_core.package_identification:_identify(src/teleop_gopigo3_keyboard) by extension 'colcon_pkg'
[5.099s] Level 1:colcon.colcon_core.package_identification:_identify(src/teleop_gopigo3_keyboard) by extensions ['colcon_meta']
[5.099s] Level 1:colcon.colcon_core.package_identification:_identify(src/teleop_gopigo3_keyboard) by extension 'colcon_meta'
[5.099s] Level 1:colcon.colcon_core.package_identification:_identify(src/teleop_gopigo3_keyboard) by extensions ['ros']
[5.099s] Level 1:colcon.colcon_core.package_identification:_identify(src/teleop_gopigo3_keyboard) by extension 'ros'
[5.101s] DEBUG:colcon.colcon_core.package_identification:Package 'src/teleop_gopigo3_keyboard' with type 'ros.ament_python' and name 'teleop_gopigo3_keyboard'
[5.102s] Level 1:colcon.colcon_core.package_identification:_identify(src/ydlidar_ros2_driver) by extensions ['ignore', 'ignore_ament_install']
[5.102s] Level 1:colcon.colcon_core.package_identification:_identify(src/ydlidar_ros2_driver) by extension 'ignore'
[5.103s] Level 1:colcon.colcon_core.package_identification:_identify(src/ydlidar_ros2_driver) by extension 'ignore_ament_install'
[5.103s] Level 1:colcon.colcon_core.package_identification:_identify(src/ydlidar_ros2_driver) by extensions ['colcon_pkg']
[5.103s] Level 1:colcon.colcon_core.package_identification:_identify(src/ydlidar_ros2_driver) by extension 'colcon_pkg'
[5.103s] Level 1:colcon.colcon_core.package_identification:_identify(src/ydlidar_ros2_driver) by extensions ['colcon_meta']
[5.103s] Level 1:colcon.colcon_core.package_identification:_identify(src/ydlidar_ros2_driver) by extension 'colcon_meta'
[5.103s] Level 1:colcon.colcon_core.package_identification:_identify(src/ydlidar_ros2_driver) by extensions ['ros']
[5.103s] Level 1:colcon.colcon_core.package_identification:_identify(src/ydlidar_ros2_driver) by extension 'ros'
[5.106s] DEBUG:colcon.colcon_core.package_identification:Package 'src/ydlidar_ros2_driver' with type 'ros.ament_cmake' and name 'ydlidar_ros2_driver'
[5.106s] Level 1:colcon.colcon_core.package_identification:_identify(tests) by extensions ['ignore', 'ignore_ament_install']
[5.107s] Level 1:colcon.colcon_core.package_identification:_identify(tests) by extension 'ignore'
[5.107s] Level 1:colcon.colcon_core.package_identification:_identify(tests) by extension 'ignore_ament_install'
[5.107s] Level 1:colcon.colcon_core.package_identification:_identify(tests) by extensions ['colcon_pkg']
[5.107s] Level 1:colcon.colcon_core.package_identification:_identify(tests) by extension 'colcon_pkg'
[5.107s] Level 1:colcon.colcon_core.package_identification:_identify(tests) by extensions ['colcon_meta']
[5.107s] Level 1:colcon.colcon_core.package_identification:_identify(tests) by extension 'colcon_meta'
[5.108s] Level 1:colcon.colcon_core.package_identification:_identify(tests) by extensions ['ros']
[5.108s] Level 1:colcon.colcon_core.package_identification:_identify(tests) by extension 'ros'
[5.108s] Level 1:colcon.colcon_core.package_identification:_identify(tests) by extensions ['cmake', 'python']
[5.108s] Level 1:colcon.colcon_core.package_identification:_identify(tests) by extension 'cmake'
[5.108s] Level 1:colcon.colcon_core.package_identification:_identify(tests) by extension 'python'
[5.109s] Level 1:colcon.colcon_core.package_identification:_identify(tests) by extensions ['python_setup_py']
[5.109s] Level 1:colcon.colcon_core.package_identification:_identify(tests) by extension 'python_setup_py'
[5.109s] Level 1:colcon.colcon_core.package_discovery:discover_packages(recursive) using defaults
[5.109s] Level 1:colcon.colcon_core.package_discovery:discover_packages(ignore) discover
[5.109s] Level 1:colcon.colcon_core.package_discovery:discover_packages(ignore) using defaults
[5.109s] Level 1:colcon.colcon_core.package_discovery:discover_packages(path) discover
[5.109s] Level 1:colcon.colcon_core.package_discovery:discover_packages(path) using defaults
[5.399s] INFO:colcon.colcon_core.package_selection:Skipping not selected package 'apriltag_msgs' in 'src/apriltag_msgs'
[5.400s] INFO:colcon.colcon_core.package_selection:Skipping not selected package 'dave' in 'src/dave'
[5.400s] INFO:colcon.colcon_core.package_selection:Skipping not selected package 'explorer_wanderer' in 'src/explorer_wanderer'
[5.400s] INFO:colcon.colcon_core.package_selection:Skipping not selected package 'gpg3_cartographer' in 'src/gpg3_cartographer'
[5.400s] INFO:colcon.colcon_core.package_selection:Skipping not selected package 'gpg3_navigation2' in 'src/gpg3_navigation2'
[5.400s] INFO:colcon.colcon_core.package_selection:Skipping not selected package 'nav2_gopigo3' in 'src/nav2_gopigo3'
[5.400s] INFO:colcon.colcon_core.package_selection:Skipping not selected package 'ros2_gopigo3_msg' in 'src/ros2_gopigo3_msg'
[5.400s] INFO:colcon.colcon_core.package_selection:Skipping not selected package 'ros2_libcamera_pub' in 'src/ros2_libcamera_pub'
[5.400s] INFO:colcon.colcon_core.package_selection:Skipping not selected package 'scan_client' in 'src/scan_client'
[5.401s] INFO:colcon.colcon_core.package_selection:Skipping not selected package 'teleop_gopigo3_keyboard' in 'src/teleop_gopigo3_keyboard'
[5.401s] INFO:colcon.colcon_core.package_selection:Skipping not selected package 'ydlidar_ros2_driver' in 'src/ydlidar_ros2_driver'
[5.401s] INFO:colcon.colcon_core.package_selection:Skipping not selected package 'apriltag_ros' in 'src/apriltag_ros'
[5.401s] INFO:colcon.colcon_core.package_selection:Skipping not selected package 'ros2_gopigo3_node' in 'src/ros2_gopigo3_node'
[5.535s] Level 1:colcon.colcon_core.package_discovery:discover_packages(prefix_path) check parameters
[5.535s] Level 1:colcon.colcon_core.package_discovery:discover_packages(prefix_path) discover
[5.608s] WARNING:colcon.colcon_core.prefix_path.colcon:The path '/home/ubuntu/HumbleDave/ros2ws/install' in the environment variable COLCON_PREFIX_PATH doesn't exist
[5.609s] WARNING:colcon.colcon_ros.prefix_path.ament:The path '/home/ubuntu/HumbleDave/ros2ws/install/ydlidar_ros2_driver' in the environment variable AMENT_PREFIX_PATH doesn't exist
[5.609s] WARNING:colcon.colcon_ros.prefix_path.ament:The path '/home/ubuntu/HumbleDave/ros2ws/install/teleop_gopigo3_keyboard' in the environment variable AMENT_PREFIX_PATH doesn't exist
[5.609s] WARNING:colcon.colcon_ros.prefix_path.ament:The path '/home/ubuntu/HumbleDave/ros2ws/install/scan_client' in the environment variable AMENT_PREFIX_PATH doesn't exist
[5.610s] WARNING:colcon.colcon_ros.prefix_path.ament:The path '/home/ubuntu/HumbleDave/ros2ws/install/ros2_libcamera_pub' in the environment variable AMENT_PREFIX_PATH doesn't exist
[5.610s] WARNING:colcon.colcon_ros.prefix_path.ament:The path '/home/ubuntu/HumbleDave/ros2ws/install/ros2_gopigo3_node' in the environment variable AMENT_PREFIX_PATH doesn't exist
[5.610s] WARNING:colcon.colcon_ros.prefix_path.ament:The path '/home/ubuntu/HumbleDave/ros2ws/install/ros2_gopigo3_msg' in the environment variable AMENT_PREFIX_PATH doesn't exist
[5.610s] WARNING:colcon.colcon_ros.prefix_path.ament:The path '/home/ubuntu/HumbleDave/ros2ws/install/mpu9250driver' in the environment variable AMENT_PREFIX_PATH doesn't exist
[5.610s] WARNING:colcon.colcon_ros.prefix_path.ament:The path '/home/ubuntu/HumbleDave/ros2ws/install/gopigo3_navigation' in the environment variable AMENT_PREFIX_PATH doesn't exist
[5.611s] WARNING:colcon.colcon_ros.prefix_path.ament:The path '/home/ubuntu/HumbleDave/ros2ws/install/gopigo3_ekf' in the environment variable AMENT_PREFIX_PATH doesn't exist
[5.611s] WARNING:colcon.colcon_ros.prefix_path.ament:The path '/home/ubuntu/HumbleDave/ros2ws/install/explorer_wanderer' in the environment variable AMENT_PREFIX_PATH doesn't exist
[5.611s] WARNING:colcon.colcon_ros.prefix_path.ament:The path '/home/ubuntu/HumbleDave/ros2ws/install/HoROS8' in the environment variable AMENT_PREFIX_PATH doesn't exist
[5.613s] WARNING:colcon.colcon_ros.prefix_path.catkin:The path '/home/ubuntu/HumbleDave/ros2ws/install/ydlidar_ros2_driver' in the environment variable CMAKE_PREFIX_PATH doesn't exist
[5.613s] WARNING:colcon.colcon_ros.prefix_path.catkin:The path '/home/ubuntu/HumbleDave/ros2ws/install/ros2_gopigo3_msg' in the environment variable CMAKE_PREFIX_PATH doesn't exist
[5.613s] WARNING:colcon.colcon_ros.prefix_path.catkin:The path '/home/ubuntu/HumbleDave/ros2ws/install/mpu9250driver' in the environment variable CMAKE_PREFIX_PATH doesn't exist
[5.613s] WARNING:colcon.colcon_ros.prefix_path.catkin:The path '/home/ubuntu/HumbleDave/ros2ws/install/gopigo3_navigation' in the environment variable CMAKE_PREFIX_PATH doesn't exist
[5.614s] WARNING:colcon.colcon_ros.prefix_path.catkin:The path '/home/ubuntu/HumbleDave/ros2ws/install/gopigo3_ekf' in the environment variable CMAKE_PREFIX_PATH doesn't exist
[5.685s] DEBUG:colcon.colcon_installed_package_information.package_discovery:Found 5 installed packages in /home/ubuntu/ros2ws/install
[5.760s] DEBUG:colcon.colcon_installed_package_information.package_discovery:Found 263 installed packages in /opt/ros/humble
[5.765s] Level 1:colcon.colcon_core.package_discovery:discover_packages(prefix_path) using defaults
[6.132s] Level 5:colcon.colcon_core.verb:set package 'dave_interfaces' build argument 'cmake_args' from command line to 'None'
[6.132s] Level 5:colcon.colcon_core.verb:set package 'dave_interfaces' build argument 'cmake_target' from command line to 'None'
[6.132s] Level 5:colcon.colcon_core.verb:set package 'dave_interfaces' build argument 'cmake_target_skip_unavailable' from command line to 'False'
[6.132s] Level 5:colcon.colcon_core.verb:set package 'dave_interfaces' build argument 'cmake_clean_cache' from command line to 'False'
[6.133s] Level 5:colcon.colcon_core.verb:set package 'dave_interfaces' build argument 'cmake_clean_first' from command line to 'False'
[6.133s] Level 5:colcon.colcon_core.verb:set package 'dave_interfaces' build argument 'cmake_force_configure' from command line to 'False'
[6.133s] Level 5:colcon.colcon_core.verb:set package 'dave_interfaces' build argument 'ament_cmake_args' from command line to 'None'
[6.133s] Level 5:colcon.colcon_core.verb:set package 'dave_interfaces' build argument 'catkin_cmake_args' from command line to 'None'
[6.133s] Level 5:colcon.colcon_core.verb:set package 'dave_interfaces' build argument 'catkin_skip_building_tests' from command line to 'False'
[6.133s] DEBUG:colcon.colcon_core.verb:Building package 'dave_interfaces' with the following arguments: {'ament_cmake_args': None, 'build_base': '/home/ubuntu/HumbleDave2/ros2ws/build/dave_interfaces', 'catkin_cmake_args': None, 'catkin_skip_building_tests': False, 'cmake_args': None, 'cmake_clean_cache': False, 'cmake_clean_first': False, 'cmake_force_configure': False, 'cmake_target': None, 'cmake_target_skip_unavailable': False, 'install_base': '/home/ubuntu/HumbleDave2/ros2ws/install/dave_interfaces', 'merge_install': False, 'path': '/home/ubuntu/HumbleDave2/ros2ws/src/dave_interfaces', 'symlink_install': False, 'test_result_base': None}
[6.200s] INFO:colcon.colcon_core.executor:Executing jobs using 'parallel' executor
[6.270s] DEBUG:colcon.colcon_parallel_executor.executor.parallel:run_until_complete
[6.271s] INFO:colcon.colcon_ros.task.ament_cmake.build:Building ROS package in '/home/ubuntu/HumbleDave2/ros2ws/src/dave_interfaces' with build type 'ament_cmake'
[6.272s] INFO:colcon.colcon_cmake.task.cmake.build:Building CMake package in '/home/ubuntu/HumbleDave2/ros2ws/src/dave_interfaces'
[6.351s] INFO:colcon.colcon_core.plugin_system:Skipping extension 'colcon_core.shell.bat': Not used on non-Windows systems
[6.352s] INFO:colcon.colcon_core.shell:Skip shell extension 'powershell' for command environment: Not usable outside of PowerShell
[6.352s] DEBUG:colcon.colcon_core.shell:Skip shell extension 'dsv' for command environment
[6.601s] DEBUG:colcon.colcon_core.event_handler.log_command:Invoking command in '/home/ubuntu/HumbleDave2/ros2ws/build/dave_interfaces': CMAKE_PREFIX_PATH=${CMAKE_PREFIX_PATH}:/home/ubuntu/HumbleDave/ros2ws/install/teleop_gopigo3_keyboard:/home/ubuntu/HumbleDave/ros2ws/install/scan_client:/home/ubuntu/HumbleDave/ros2ws/install/ros2_libcamera_pub:/home/ubuntu/HumbleDave/ros2ws/install/ros2_gopigo3_node:/home/ubuntu/HumbleDave/ros2ws/install/explorer_wanderer:/home/ubuntu/HumbleDave/ros2ws/install/HoROS8:/home/ubuntu/ros2ws/install/ydlidar_ros2_driver:/home/ubuntu/ros2ws/install/teleop_gopigo3_keyboard:/home/ubuntu/ros2ws/install/ros2_libcamera_pub:/home/ubuntu/ros2ws/install/ros2_gopigo3_node:/home/ubuntu/ros2ws/install/ros2_gopigo3_msg:/opt/ros/humble /usr/bin/cmake /home/ubuntu/HumbleDave2/ros2ws/src/dave_interfaces -DCMAKE_INSTALL_PREFIX=/home/ubuntu/HumbleDave2/ros2ws/install/dave_interfaces
[15.986s] DEBUG:colcon.colcon_core.event_handler.log_command:Invoked command in '/home/ubuntu/HumbleDave2/ros2ws/build/dave_interfaces' returned '0': CMAKE_PREFIX_PATH=${CMAKE_PREFIX_PATH}:/home/ubuntu/HumbleDave/ros2ws/install/teleop_gopigo3_keyboard:/home/ubuntu/HumbleDave/ros2ws/install/scan_client:/home/ubuntu/HumbleDave/ros2ws/install/ros2_libcamera_pub:/home/ubuntu/HumbleDave/ros2ws/install/ros2_gopigo3_node:/home/ubuntu/HumbleDave/ros2ws/install/explorer_wanderer:/home/ubuntu/HumbleDave/ros2ws/install/HoROS8:/home/ubuntu/ros2ws/install/ydlidar_ros2_driver:/home/ubuntu/ros2ws/install/teleop_gopigo3_keyboard:/home/ubuntu/ros2ws/install/ros2_libcamera_pub:/home/ubuntu/ros2ws/install/ros2_gopigo3_node:/home/ubuntu/ros2ws/install/ros2_gopigo3_msg:/opt/ros/humble /usr/bin/cmake /home/ubuntu/HumbleDave2/ros2ws/src/dave_interfaces -DCMAKE_INSTALL_PREFIX=/home/ubuntu/HumbleDave2/ros2ws/install/dave_interfaces
[15.996s] DEBUG:colcon.colcon_core.event_handler.log_command:Invoking command in '/home/ubuntu/HumbleDave2/ros2ws/build/dave_interfaces': CMAKE_PREFIX_PATH=${CMAKE_PREFIX_PATH}:/home/ubuntu/HumbleDave/ros2ws/install/teleop_gopigo3_keyboard:/home/ubuntu/HumbleDave/ros2ws/install/scan_client:/home/ubuntu/HumbleDave/ros2ws/install/ros2_libcamera_pub:/home/ubuntu/HumbleDave/ros2ws/install/ros2_gopigo3_node:/home/ubuntu/HumbleDave/ros2ws/install/explorer_wanderer:/home/ubuntu/HumbleDave/ros2ws/install/HoROS8:/home/ubuntu/ros2ws/install/ydlidar_ros2_driver:/home/ubuntu/ros2ws/install/teleop_gopigo3_keyboard:/home/ubuntu/ros2ws/install/ros2_libcamera_pub:/home/ubuntu/ros2ws/install/ros2_gopigo3_node:/home/ubuntu/ros2ws/install/ros2_gopigo3_msg:/opt/ros/humble /usr/bin/cmake --build /home/ubuntu/HumbleDave2/ros2ws/build/dave_interfaces -- -j4 -l4
[44.153s] DEBUG:colcon.colcon_core.event_handler.log_command:Invoked command in '/home/ubuntu/HumbleDave2/ros2ws/build/dave_interfaces' returned '0': CMAKE_PREFIX_PATH=${CMAKE_PREFIX_PATH}:/home/ubuntu/HumbleDave/ros2ws/install/teleop_gopigo3_keyboard:/home/ubuntu/HumbleDave/ros2ws/install/scan_client:/home/ubuntu/HumbleDave/ros2ws/install/ros2_libcamera_pub:/home/ubuntu/HumbleDave/ros2ws/install/ros2_gopigo3_node:/home/ubuntu/HumbleDave/ros2ws/install/explorer_wanderer:/home/ubuntu/HumbleDave/ros2ws/install/HoROS8:/home/ubuntu/ros2ws/install/ydlidar_ros2_driver:/home/ubuntu/ros2ws/install/teleop_gopigo3_keyboard:/home/ubuntu/ros2ws/install/ros2_libcamera_pub:/home/ubuntu/ros2ws/install/ros2_gopigo3_node:/home/ubuntu/ros2ws/install/ros2_gopigo3_msg:/opt/ros/humble /usr/bin/cmake --build /home/ubuntu/HumbleDave2/ros2ws/build/dave_interfaces -- -j4 -l4
[45.245s] DEBUG:colcon.colcon_core.event_handler.log_command:Invoking command in '/home/ubuntu/HumbleDave2/ros2ws/build/dave_interfaces': CMAKE_PREFIX_PATH=${CMAKE_PREFIX_PATH}:/home/ubuntu/HumbleDave/ros2ws/install/teleop_gopigo3_keyboard:/home/ubuntu/HumbleDave/ros2ws/install/scan_client:/home/ubuntu/HumbleDave/ros2ws/install/ros2_libcamera_pub:/home/ubuntu/HumbleDave/ros2ws/install/ros2_gopigo3_node:/home/ubuntu/HumbleDave/ros2ws/install/explorer_wanderer:/home/ubuntu/HumbleDave/ros2ws/install/HoROS8:/home/ubuntu/ros2ws/install/ydlidar_ros2_driver:/home/ubuntu/ros2ws/install/teleop_gopigo3_keyboard:/home/ubuntu/ros2ws/install/ros2_libcamera_pub:/home/ubuntu/ros2ws/install/ros2_gopigo3_node:/home/ubuntu/ros2ws/install/ros2_gopigo3_msg:/opt/ros/humble /usr/bin/cmake --install /home/ubuntu/HumbleDave2/ros2ws/build/dave_interfaces
[45.777s] Level 1:colcon.colcon_core.environment:create_environment_scripts_only(dave_interfaces)
[45.778s] DEBUG:colcon.colcon_core.event_handler.log_command:Invoked command in '/home/ubuntu/HumbleDave2/ros2ws/build/dave_interfaces' returned '0': CMAKE_PREFIX_PATH=${CMAKE_PREFIX_PATH}:/home/ubuntu/HumbleDave/ros2ws/install/teleop_gopigo3_keyboard:/home/ubuntu/HumbleDave/ros2ws/install/scan_client:/home/ubuntu/HumbleDave/ros2ws/install/ros2_libcamera_pub:/home/ubuntu/HumbleDave/ros2ws/install/ros2_gopigo3_node:/home/ubuntu/HumbleDave/ros2ws/install/explorer_wanderer:/home/ubuntu/HumbleDave/ros2ws/install/HoROS8:/home/ubuntu/ros2ws/install/ydlidar_ros2_driver:/home/ubuntu/ros2ws/install/teleop_gopigo3_keyboard:/home/ubuntu/ros2ws/install/ros2_libcamera_pub:/home/ubuntu/ros2ws/install/ros2_gopigo3_node:/home/ubuntu/ros2ws/install/ros2_gopigo3_msg:/opt/ros/humble /usr/bin/cmake --install /home/ubuntu/HumbleDave2/ros2ws/build/dave_interfaces
[45.863s] Level 1:colcon.colcon_core.environment:checking '/home/ubuntu/HumbleDave2/ros2ws/install/dave_interfaces' for CMake module files
[45.867s] Level 1:colcon.colcon_core.environment:checking '/home/ubuntu/HumbleDave2/ros2ws/install/dave_interfaces' for CMake config files
[45.870s] Level 1:colcon.colcon_core.shell:create_environment_hook('dave_interfaces', 'cmake_prefix_path')
[45.940s] INFO:colcon.colcon_core.shell:Creating environment hook '/home/ubuntu/HumbleDave2/ros2ws/install/dave_interfaces/share/dave_interfaces/hook/cmake_prefix_path.ps1'
[45.942s] INFO:colcon.colcon_core.shell:Creating environment descriptor '/home/ubuntu/HumbleDave2/ros2ws/install/dave_interfaces/share/dave_interfaces/hook/cmake_prefix_path.dsv'
[45.944s] INFO:colcon.colcon_core.shell:Creating environment hook '/home/ubuntu/HumbleDave2/ros2ws/install/dave_interfaces/share/dave_interfaces/hook/cmake_prefix_path.sh'
[45.947s] Level 1:colcon.colcon_core.environment:checking '/home/ubuntu/HumbleDave2/ros2ws/install/dave_interfaces/lib'
[45.948s] Level 1:colcon.colcon_core.shell:create_environment_hook('dave_interfaces', 'ld_library_path_lib')
[46.016s] INFO:colcon.colcon_core.shell:Creating environment hook '/home/ubuntu/HumbleDave2/ros2ws/install/dave_interfaces/share/dave_interfaces/hook/ld_library_path_lib.ps1'
[46.018s] INFO:colcon.colcon_core.shell:Creating environment descriptor '/home/ubuntu/HumbleDave2/ros2ws/install/dave_interfaces/share/dave_interfaces/hook/ld_library_path_lib.dsv'
[46.019s] INFO:colcon.colcon_core.shell:Creating environment hook '/home/ubuntu/HumbleDave2/ros2ws/install/dave_interfaces/share/dave_interfaces/hook/ld_library_path_lib.sh'
[46.021s] Level 1:colcon.colcon_core.environment:checking '/home/ubuntu/HumbleDave2/ros2ws/install/dave_interfaces/bin'
[46.021s] Level 1:colcon.colcon_core.environment:checking '/home/ubuntu/HumbleDave2/ros2ws/install/dave_interfaces/lib/pkgconfig/dave_interfaces.pc'
[46.022s] Level 1:colcon.colcon_core.environment:checking '/home/ubuntu/HumbleDave2/ros2ws/install/dave_interfaces/lib/python3.10/site-packages'
[46.023s] Level 1:colcon.colcon_core.environment:checking '/home/ubuntu/HumbleDave2/ros2ws/install/dave_interfaces/bin'
[46.093s] INFO:colcon.colcon_core.shell:Creating package script '/home/ubuntu/HumbleDave2/ros2ws/install/dave_interfaces/share/dave_interfaces/package.ps1'
[46.096s] INFO:colcon.colcon_core.shell:Creating package descriptor '/home/ubuntu/HumbleDave2/ros2ws/install/dave_interfaces/share/dave_interfaces/package.dsv'
[46.099s] INFO:colcon.colcon_core.shell:Creating package script '/home/ubuntu/HumbleDave2/ros2ws/install/dave_interfaces/share/dave_interfaces/package.sh'
[46.102s] INFO:colcon.colcon_core.shell:Creating package script '/home/ubuntu/HumbleDave2/ros2ws/install/dave_interfaces/share/dave_interfaces/package.bash'
[46.105s] INFO:colcon.colcon_core.shell:Creating package script '/home/ubuntu/HumbleDave2/ros2ws/install/dave_interfaces/share/dave_interfaces/package.zsh'
[46.107s] Level 1:colcon.colcon_core.environment:create_file_with_runtime_dependencies(/home/ubuntu/HumbleDave2/ros2ws/install/dave_interfaces/share/colcon-core/packages/dave_interfaces)
[47.219s] Level 1:colcon.colcon_core.environment:create_environment_scripts_only(dave_interfaces)
[47.288s] Level 1:colcon.colcon_core.environment:checking '/home/ubuntu/HumbleDave2/ros2ws/install/dave_interfaces' for CMake module files
[47.292s] Level 1:colcon.colcon_core.environment:checking '/home/ubuntu/HumbleDave2/ros2ws/install/dave_interfaces' for CMake config files
[47.296s] Level 1:colcon.colcon_core.shell:create_environment_hook('dave_interfaces', 'cmake_prefix_path')
[47.365s] INFO:colcon.colcon_core.shell:Creating environment hook '/home/ubuntu/HumbleDave2/ros2ws/install/dave_interfaces/share/dave_interfaces/hook/cmake_prefix_path.ps1'
[47.367s] INFO:colcon.colcon_core.shell:Creating environment descriptor '/home/ubuntu/HumbleDave2/ros2ws/install/dave_interfaces/share/dave_interfaces/hook/cmake_prefix_path.dsv'
[47.369s] INFO:colcon.colcon_core.shell:Creating environment hook '/home/ubuntu/HumbleDave2/ros2ws/install/dave_interfaces/share/dave_interfaces/hook/cmake_prefix_path.sh'
[47.371s] Level 1:colcon.colcon_core.environment:checking '/home/ubuntu/HumbleDave2/ros2ws/install/dave_interfaces/lib'
[47.372s] Level 1:colcon.colcon_core.shell:create_environment_hook('dave_interfaces', 'ld_library_path_lib')
[47.440s] INFO:colcon.colcon_core.shell:Creating environment hook '/home/ubuntu/HumbleDave2/ros2ws/install/dave_interfaces/share/dave_interfaces/hook/ld_library_path_lib.ps1'
[47.442s] INFO:colcon.colcon_core.shell:Creating environment descriptor '/home/ubuntu/HumbleDave2/ros2ws/install/dave_interfaces/share/dave_interfaces/hook/ld_library_path_lib.dsv'
[47.443s] INFO:colcon.colcon_core.shell:Creating environment hook '/home/ubuntu/HumbleDave2/ros2ws/install/dave_interfaces/share/dave_interfaces/hook/ld_library_path_lib.sh'
[47.445s] Level 1:colcon.colcon_core.environment:checking '/home/ubuntu/HumbleDave2/ros2ws/install/dave_interfaces/bin'
[47.446s] Level 1:colcon.colcon_core.environment:checking '/home/ubuntu/HumbleDave2/ros2ws/install/dave_interfaces/lib/pkgconfig/dave_interfaces.pc'
[47.446s] Level 1:colcon.colcon_core.environment:checking '/home/ubuntu/HumbleDave2/ros2ws/install/dave_interfaces/lib/python3.10/site-packages'
[47.447s] Level 1:colcon.colcon_core.environment:checking '/home/ubuntu/HumbleDave2/ros2ws/install/dave_interfaces/bin'
[47.517s] INFO:colcon.colcon_core.shell:Creating package script '/home/ubuntu/HumbleDave2/ros2ws/install/dave_interfaces/share/dave_interfaces/package.ps1'
[47.520s] INFO:colcon.colcon_core.shell:Creating package descriptor '/home/ubuntu/HumbleDave2/ros2ws/install/dave_interfaces/share/dave_interfaces/package.dsv'
[47.522s] INFO:colcon.colcon_core.shell:Creating package script '/home/ubuntu/HumbleDave2/ros2ws/install/dave_interfaces/share/dave_interfaces/package.sh'
[47.524s] INFO:colcon.colcon_core.shell:Creating package script '/home/ubuntu/HumbleDave2/ros2ws/install/dave_interfaces/share/dave_interfaces/package.bash'
[47.526s] INFO:colcon.colcon_core.shell:Creating package script '/home/ubuntu/HumbleDave2/ros2ws/install/dave_interfaces/share/dave_interfaces/package.zsh'
[47.528s] Level 1:colcon.colcon_core.environment:create_file_with_runtime_dependencies(/home/ubuntu/HumbleDave2/ros2ws/install/dave_interfaces/share/colcon-core/packages/dave_interfaces)
[47.529s] DEBUG:colcon.colcon_parallel_executor.executor.parallel:closing loop
[47.530s] DEBUG:colcon.colcon_parallel_executor.executor.parallel:loop closed
[47.531s] DEBUG:colcon.colcon_parallel_executor.executor.parallel:run_until_complete finished with '0'
[47.531s] DEBUG:colcon.colcon_core.event_reactor:joining thread
[47.663s] INFO:colcon.colcon_core.plugin_system:Skipping extension 'colcon_notification.desktop_notification.notify_send': Could not find 'notify-send'
[47.663s] INFO:colcon.colcon_core.plugin_system:Skipping extension 'colcon_notification.desktop_notification.terminal_notifier': Not used on non-Darwin systems
[47.664s] INFO:colcon.colcon_core.plugin_system:Skipping extension 'colcon_notification.desktop_notification.win32': Not used on non-Windows systems
[47.664s] INFO:colcon.colcon_notification.desktop_notification:Sending desktop notification using 'notify2'
[47.667s] DEBUG:colcon.colcon_notification.desktop_notification.notify2:Failed to initialize notify2: org.freedesktop.DBus.Error.ServiceUnknown: The name org.freedesktop.Notifications was not provided by any .service files
[47.667s] DEBUG:colcon.colcon_core.event_reactor:joined thread
[47.738s] INFO:colcon.colcon_core.shell:Creating prefix script '/home/ubuntu/HumbleDave2/ros2ws/install/local_setup.ps1'
[47.742s] INFO:colcon.colcon_core.shell:Creating prefix util module '/home/ubuntu/HumbleDave2/ros2ws/install/_local_setup_util_ps1.py'
[47.747s] INFO:colcon.colcon_core.shell:Creating prefix chain script '/home/ubuntu/HumbleDave2/ros2ws/install/setup.ps1'
[47.821s] INFO:colcon.colcon_core.shell:Creating prefix script '/home/ubuntu/HumbleDave2/ros2ws/install/local_setup.sh'
[47.824s] INFO:colcon.colcon_core.shell:Creating prefix util module '/home/ubuntu/HumbleDave2/ros2ws/install/_local_setup_util_sh.py'
[47.826s] INFO:colcon.colcon_core.shell:Creating prefix chain script '/home/ubuntu/HumbleDave2/ros2ws/install/setup.sh'
[47.899s] INFO:colcon.colcon_core.shell:Creating prefix script '/home/ubuntu/HumbleDave2/ros2ws/install/local_setup.bash'
[47.901s] INFO:colcon.colcon_core.shell:Creating prefix chain script '/home/ubuntu/HumbleDave2/ros2ws/install/setup.bash'
[47.975s] INFO:colcon.colcon_core.shell:Creating prefix script '/home/ubuntu/HumbleDave2/ros2ws/install/local_setup.zsh'
[47.977s] INFO:colcon.colcon_core.shell:Creating prefix chain script '/home/ubuntu/HumbleDave2/ros2ws/install/setup.zsh'
