-- Found ament_cmake: 1.3.6 (/opt/ros/humble/share/ament_cmake/cmake)
-- Override CMake install command with custom implementation using symlinks instead of copying resources
-- Found rosidl_default_generators: 1.2.0 (/opt/ros/humble/share/rosidl_default_generators/cmake)
-- Using all available rosidl_typesupport_c: rosidl_typesupport_fastrtps_c;rosidl_typesupport_introspection_c
-- Found rosidl_adapter: 3.1.5 (/opt/ros/humble/share/rosidl_adapter/cmake)
-- Using all available rosidl_typesupport_cpp: rosidl_typesupport_fastrtps_cpp;rosidl_typesupport_introspection_cpp
-- Found std_msgs: 4.2.3 (/opt/ros/humble/share/std_msgs/cmake)
-- Found ament_cmake_ros: 0.10.0 (/opt/ros/humble/share/ament_cmake_ros/cmake)
-- Using all available rosidl_typesupport_c: rosidl_typesupport_fastrtps_c;rosidl_typesupport_introspection_c
-- Using all available rosidl_typesupport_cpp: rosidl_typesupport_fastrtps_cpp;rosidl_typesupport_introspection_cpp
-- Found python_cmake_module: 0.10.0 (/opt/ros/humble/share/python_cmake_module/cmake)
-- Using PYTHON_EXECUTABLE: /usr/bin/python3
-- Using PYTHON_INCLUDE_DIRS: /usr/include/python3.10
-- Using PYTHON_LIBRARIES: /usr/lib/aarch64-linux-gnu/libpython3.10.so
-- Found ament_lint_auto: 0.12.9 (/opt/ros/humble/share/ament_lint_auto/cmake)
-- Added test 'copyright' to check source files copyright and LICENSE
-- Added test 'lint_cmake' to check CMake code style
-- Added test 'xmllint' to check XML markup files
-- Configuring done
-- Generating done
-- Build files have been written to: /home/ubuntu/HumbleDave/ros2ws/build/ros2_gopigo3_msg
[  2%] [34m[1mGenerating C code for ROS interfaces[0m
[  4%] [34m[1mGenerating C++ code for ROS interfaces[0m
[  4%] Built target ament_cmake_python_symlink_ros2_gopigo3_msg
running egg_info
writing ros2_gopigo3_msg.egg-info/PKG-INFO
writing dependency_links to ros2_gopigo3_msg.egg-info/dependency_links.txt
writing top-level names to ros2_gopigo3_msg.egg-info/top_level.txt
reading manifest file 'ros2_gopigo3_msg.egg-info/SOURCES.txt'
writing manifest file 'ros2_gopigo3_msg.egg-info/SOURCES.txt'
[  4%] Built target ament_cmake_python_build_ros2_gopigo3_msg_egg
[  4%] Built target ros2_gopigo3_msg__cpp
[  6%] [34m[1mGenerating C++ type support dispatch for ROS interfaces[0m
[  8%] [34m[1mGenerating C++ type support for eProsima Fast-RTPS[0m
[ 10%] [34m[1mGenerating C++ introspection for ROS interfaces[0m
[35m[1mConsolidate compiler generated dependencies of target ros2_gopigo3_msg__rosidl_generator_c[0m
[ 12%] [32mBuilding C object CMakeFiles/ros2_gopigo3_msg__rosidl_generator_c.dir/rosidl_generator_c/ros2_gopigo3_msg/msg/detail/motor_status__functions.c.o[0m
[ 14%] [32mBuilding C object CMakeFiles/ros2_gopigo3_msg__rosidl_generator_c.dir/rosidl_generator_c/ros2_gopigo3_msg/msg/detail/motor_status_lr__functions.c.o[0m
[ 17%] [32mBuilding C object CMakeFiles/ros2_gopigo3_msg__rosidl_generator_c.dir/rosidl_generator_c/ros2_gopigo3_msg/srv/detail/spi__functions.c.o[0m
[ 19%] [32m[1mLinking C shared library libros2_gopigo3_msg__rosidl_generator_c.so[0m
[35m[1mConsolidate compiler generated dependencies of target ros2_gopigo3_msg__rosidl_typesupport_cpp[0m
[ 21%] [32mBuilding CXX object CMakeFiles/ros2_gopigo3_msg__rosidl_typesupport_cpp.dir/rosidl_typesupport_cpp/ros2_gopigo3_msg/msg/motor_status__type_support.cpp.o[0m
[ 21%] Built target ros2_gopigo3_msg__rosidl_generator_c
[ 23%] [34m[1mGenerating C type support for eProsima Fast-RTPS[0m
[35m[1mConsolidate compiler generated dependencies of target ros2_gopigo3_msg__rosidl_typesupport_introspection_cpp[0m
[35m[1mConsolidate compiler generated dependencies of target ros2_gopigo3_msg__rosidl_typesupport_fastrtps_cpp[0m
[ 25%] [32mBuilding CXX object CMakeFiles/ros2_gopigo3_msg__rosidl_typesupport_introspection_cpp.dir/rosidl_typesupport_introspection_cpp/ros2_gopigo3_msg/msg/detail/motor_status__type_support.cpp.o[0m
[ 27%] [32mBuilding CXX object CMakeFiles/ros2_gopigo3_msg__rosidl_typesupport_fastrtps_cpp.dir/rosidl_typesupport_fastrtps_cpp/ros2_gopigo3_msg/msg/detail/dds_fastrtps/motor_status__type_support.cpp.o[0m
[ 29%] [32mBuilding CXX object CMakeFiles/ros2_gopigo3_msg__rosidl_typesupport_cpp.dir/rosidl_typesupport_cpp/ros2_gopigo3_msg/msg/motor_status_lr__type_support.cpp.o[0m
[35m[1mConsolidate compiler generated dependencies of target ros2_gopigo3_msg__rosidl_typesupport_fastrtps_c[0m
[ 31%] [32mBuilding CXX object CMakeFiles/ros2_gopigo3_msg__rosidl_typesupport_fastrtps_c.dir/rosidl_typesupport_fastrtps_c/ros2_gopigo3_msg/msg/detail/motor_status__type_support_c.cpp.o[0m
[ 34%] [32mBuilding CXX object CMakeFiles/ros2_gopigo3_msg__rosidl_typesupport_fastrtps_cpp.dir/rosidl_typesupport_fastrtps_cpp/ros2_gopigo3_msg/msg/detail/dds_fastrtps/motor_status_lr__type_support.cpp.o[0m
[ 36%] [32mBuilding CXX object CMakeFiles/ros2_gopigo3_msg__rosidl_typesupport_introspection_cpp.dir/rosidl_typesupport_introspection_cpp/ros2_gopigo3_msg/msg/detail/motor_status_lr__type_support.cpp.o[0m
[ 38%] [32mBuilding CXX object CMakeFiles/ros2_gopigo3_msg__rosidl_typesupport_cpp.dir/rosidl_typesupport_cpp/ros2_gopigo3_msg/srv/spi__type_support.cpp.o[0m
[ 40%] [32mBuilding CXX object CMakeFiles/ros2_gopigo3_msg__rosidl_typesupport_fastrtps_c.dir/rosidl_typesupport_fastrtps_c/ros2_gopigo3_msg/msg/detail/motor_status_lr__type_support_c.cpp.o[0m
[ 42%] [32mBuilding CXX object CMakeFiles/ros2_gopigo3_msg__rosidl_typesupport_fastrtps_cpp.dir/rosidl_typesupport_fastrtps_cpp/ros2_gopigo3_msg/srv/detail/dds_fastrtps/spi__type_support.cpp.o[0m
[ 44%] [32mBuilding CXX object CMakeFiles/ros2_gopigo3_msg__rosidl_typesupport_introspection_cpp.dir/rosidl_typesupport_introspection_cpp/ros2_gopigo3_msg/srv/detail/spi__type_support.cpp.o[0m
[ 46%] [32m[1mLinking CXX shared library libros2_gopigo3_msg__rosidl_typesupport_cpp.so[0m
[ 46%] Built target ros2_gopigo3_msg__rosidl_typesupport_cpp
[ 48%] [32mBuilding CXX object CMakeFiles/ros2_gopigo3_msg__rosidl_typesupport_fastrtps_c.dir/rosidl_typesupport_fastrtps_c/ros2_gopigo3_msg/srv/detail/spi__type_support_c.cpp.o[0m
[ 51%] [34m[1mGenerating C introspection for ROS interfaces[0m
[ 53%] [32m[1mLinking CXX shared library libros2_gopigo3_msg__rosidl_typesupport_fastrtps_c.so[0m
[ 55%] [32m[1mLinking CXX shared library libros2_gopigo3_msg__rosidl_typesupport_introspection_cpp.so[0m
[ 55%] Built target ros2_gopigo3_msg__rosidl_typesupport_introspection_cpp
[ 55%] Built target ros2_gopigo3_msg__rosidl_typesupport_fastrtps_c
[ 57%] [34m[1mGenerating C type support dispatch for ROS interfaces[0m
[ 59%] [32m[1mLinking CXX shared library libros2_gopigo3_msg__rosidl_typesupport_fastrtps_cpp.so[0m
[35m[1mConsolidate compiler generated dependencies of target ros2_gopigo3_msg__rosidl_typesupport_introspection_c[0m
[ 61%] [32mBuilding C object CMakeFiles/ros2_gopigo3_msg__rosidl_typesupport_introspection_c.dir/rosidl_typesupport_introspection_c/ros2_gopigo3_msg/msg/detail/motor_status__type_support.c.o[0m
[ 63%] [32mBuilding C object CMakeFiles/ros2_gopigo3_msg__rosidl_typesupport_introspection_c.dir/rosidl_typesupport_introspection_c/ros2_gopigo3_msg/msg/detail/motor_status_lr__type_support.c.o[0m
[ 63%] Built target ros2_gopigo3_msg__rosidl_typesupport_fastrtps_cpp
[ 65%] [32mBuilding C object CMakeFiles/ros2_gopigo3_msg__rosidl_typesupport_introspection_c.dir/rosidl_typesupport_introspection_c/ros2_gopigo3_msg/srv/detail/spi__type_support.c.o[0m
[ 68%] [32m[1mLinking C shared library libros2_gopigo3_msg__rosidl_typesupport_introspection_c.so[0m
[ 68%] Built target ros2_gopigo3_msg__rosidl_typesupport_introspection_c
[35m[1mConsolidate compiler generated dependencies of target ros2_gopigo3_msg__rosidl_typesupport_c[0m
[ 70%] [32mBuilding CXX object CMakeFiles/ros2_gopigo3_msg__rosidl_typesupport_c.dir/rosidl_typesupport_c/ros2_gopigo3_msg/msg/motor_status_lr__type_support.cpp.o[0m
[ 72%] [32mBuilding CXX object CMakeFiles/ros2_gopigo3_msg__rosidl_typesupport_c.dir/rosidl_typesupport_c/ros2_gopigo3_msg/msg/motor_status__type_support.cpp.o[0m
[ 74%] [32mBuilding CXX object CMakeFiles/ros2_gopigo3_msg__rosidl_typesupport_c.dir/rosidl_typesupport_c/ros2_gopigo3_msg/srv/spi__type_support.cpp.o[0m
[ 76%] [32m[1mLinking CXX shared library libros2_gopigo3_msg__rosidl_typesupport_c.so[0m
[ 76%] Built target ros2_gopigo3_msg__rosidl_typesupport_c
[ 76%] Built target ros2_gopigo3_msg
[ 78%] [34m[1mGenerating Python code for ROS interfaces[0m
[ 78%] Built target ros2_gopigo3_msg__py
[35m[1mConsolidate compiler generated dependencies of target ros2_gopigo3_msg__rosidl_generator_py[0m
[ 80%] [32mBuilding C object CMakeFiles/ros2_gopigo3_msg__rosidl_generator_py.dir/rosidl_generator_py/ros2_gopigo3_msg/msg/_motor_status_s.c.o[0m
[ 82%] [32mBuilding C object CMakeFiles/ros2_gopigo3_msg__rosidl_generator_py.dir/rosidl_generator_py/ros2_gopigo3_msg/msg/_motor_status_lr_s.c.o[0m
[ 85%] [32mBuilding C object CMakeFiles/ros2_gopigo3_msg__rosidl_generator_py.dir/rosidl_generator_py/ros2_gopigo3_msg/srv/_spi_s.c.o[0m
[ 87%] [32m[1mLinking C shared library rosidl_generator_py/ros2_gopigo3_msg/libros2_gopigo3_msg__rosidl_generator_py.so[0m
[ 87%] Built target ros2_gopigo3_msg__rosidl_generator_py
[35m[1mConsolidate compiler generated dependencies of target ros2_gopigo3_msg__rosidl_typesupport_fastrtps_c__pyext[0m
[35m[1mConsolidate compiler generated dependencies of target ros2_gopigo3_msg__rosidl_typesupport_introspection_c__pyext[0m
[35m[1mConsolidate compiler generated dependencies of target ros2_gopigo3_msg__rosidl_typesupport_c__pyext[0m
[ 89%] [32mBuilding C object CMakeFiles/ros2_gopigo3_msg__rosidl_typesupport_fastrtps_c__pyext.dir/rosidl_generator_py/ros2_gopigo3_msg/_ros2_gopigo3_msg_s.ep.rosidl_typesupport_fastrtps_c.c.o[0m
[ 91%] [32mBuilding C object CMakeFiles/ros2_gopigo3_msg__rosidl_typesupport_introspection_c__pyext.dir/rosidl_generator_py/ros2_gopigo3_msg/_ros2_gopigo3_msg_s.ep.rosidl_typesupport_introspection_c.c.o[0m
[ 93%] [32mBuilding C object CMakeFiles/ros2_gopigo3_msg__rosidl_typesupport_c__pyext.dir/rosidl_generator_py/ros2_gopigo3_msg/_ros2_gopigo3_msg_s.ep.rosidl_typesupport_c.c.o[0m
[ 95%] [32m[1mLinking C shared library rosidl_generator_py/ros2_gopigo3_msg/ros2_gopigo3_msg_s__rosidl_typesupport_fastrtps_c.cpython-310-aarch64-linux-gnu.so[0m
[ 97%] [32m[1mLinking C shared library rosidl_generator_py/ros2_gopigo3_msg/ros2_gopigo3_msg_s__rosidl_typesupport_introspection_c.cpython-310-aarch64-linux-gnu.so[0m
[100%] [32m[1mLinking C shared library rosidl_generator_py/ros2_gopigo3_msg/ros2_gopigo3_msg_s__rosidl_typesupport_c.cpython-310-aarch64-linux-gnu.so[0m
[100%] Built target ros2_gopigo3_msg__rosidl_typesupport_introspection_c__pyext
[100%] Built target ros2_gopigo3_msg__rosidl_typesupport_fastrtps_c__pyext
[100%] Built target ros2_gopigo3_msg__rosidl_typesupport_c__pyext
