[3.549s] Invoking command in '/home/ubuntu/HumbleDave2/ros2ws/build/dave': PYTHONPATH=/home/ubuntu/HumbleDave2/ros2ws/build/dave/prefix_override:/home/ubuntu/HumbleDave2/ros2ws/install/dave/lib/python3.10/site-packages:${PYTHONPATH} /usr/bin/python3 setup.py develop --editable --build-directory /home/ubuntu/HumbleDave2/ros2ws/build/dave/build --no-deps install_data
[4.763s] running develop
[5.464s] running egg_info
[5.464s] creating dave.egg-info
[5.465s] writing dave.egg-info/PKG-INFO
[5.466s] writing dependency_links to dave.egg-info/dependency_links.txt
[5.466s] writing entry points to dave.egg-info/entry_points.txt
[5.467s] writing requirements to dave.egg-info/requires.txt
[5.467s] writing top-level names to dave.egg-info/top_level.txt
[5.468s] writing manifest file 'dave.egg-info/SOURCES.txt'
[5.475s] reading manifest file 'dave.egg-info/SOURCES.txt'
[5.478s] writing manifest file 'dave.egg-info/SOURCES.txt'
[5.485s] running build_ext
[5.485s] Creating /home/ubuntu/HumbleDave2/ros2ws/install/dave/lib/python3.10/site-packages/dave.egg-link (link to .)
[5.489s] Installing battery_node script to /home/ubuntu/HumbleDave2/ros2ws/install/dave/lib/dave
[5.489s] Installing dave_node script to /home/ubuntu/HumbleDave2/ros2ws/install/dave/lib/dave
[5.490s] Installing docking_node script to /home/ubuntu/HumbleDave2/ros2ws/install/dave/lib/dave
[5.491s] Installing say_client script to /home/ubuntu/HumbleDave2/ros2ws/install/dave/lib/dave
[5.491s] Installing say_node script to /home/ubuntu/HumbleDave2/ros2ws/install/dave/lib/dave
[5.492s] Installing test_dock script to /home/ubuntu/HumbleDave2/ros2ws/install/dave/lib/dave
[5.493s] 
[5.494s] Installed /home/ubuntu/HumbleDave2/ros2ws/build/dave
[5.494s] running install_data
[5.495s] creating /home/ubuntu/HumbleDave2/ros2ws/install/dave/share/ament_index
[5.495s] creating /home/ubuntu/HumbleDave2/ros2ws/install/dave/share/ament_index/resource_index
[5.496s] creating /home/ubuntu/HumbleDave2/ros2ws/install/dave/share/ament_index/resource_index/packages
[5.496s] copying resource/dave -> /home/ubuntu/HumbleDave2/ros2ws/install/dave/share/ament_index/resource_index/packages
[5.497s] copying package.xml -> /home/ubuntu/HumbleDave2/ros2ws/install/dave/share/dave
[5.645s] Invoked command in '/home/ubuntu/HumbleDave2/ros2ws/build/dave' returned '0': PYTHONPATH=/home/ubuntu/HumbleDave2/ros2ws/build/dave/prefix_override:/home/ubuntu/HumbleDave2/ros2ws/install/dave/lib/python3.10/site-packages:${PYTHONPATH} /usr/bin/python3 setup.py develop --editable --build-directory /home/ubuntu/HumbleDave2/ros2ws/build/dave/build --no-deps install_data
