[4.758s] DEBUG:colcon:Command line arguments: ['/usr/bin/colcon', 'build', '--symlink-install', '--packages-select', 'teleop_gopigo3_keyboard']
[4.759s] DEBUG:colcon:Parsed command line arguments: Namespace(log_base=None, log_level=None, verb_name='build', build_base='build', install_base='install', merge_install=False, symlink_install=True, test_result_base=None, continue_on_error=False, executor='parallel', parallel_workers=4, event_handlers=None, ignore_user_meta=False, metas=['./colcon.meta'], base_paths=['.'], packages_ignore=None, packages_ignore_regex=None, paths=None, packages_up_to=None, packages_up_to_regex=None, packages_above=None, packages_above_and_dependencies=None, packages_above_depth=None, packages_select_by_dep=None, packages_skip_by_dep=None, packages_skip_up_to=None, packages_select_build_failed=False, packages_skip_build_finished=False, packages_select_test_failures=False, packages_skip_test_passed=False, packages_select=['teleop_gopigo3_keyboard'], packages_skip=None, packages_select_regex=None, packages_skip_regex=None, packages_start=None, packages_end=None, allow_overriding=[], cmake_args=None, cmake_target=None, cmake_target_skip_unavailable=False, cmake_clean_cache=False, cmake_clean_first=False, cmake_force_configure=False, ament_cmake_args=None, catkin_cmake_args=None, catkin_skip_building_tests=False, verb_parser=<colcon_defaults.argument_parser.defaults.DefaultArgumentsDecorator object at 0xffffb19faef0>, verb_extension=<colcon_core.verb.build.BuildVerb object at 0xffffb19faa10>, main=<bound method BuildVerb.main of <colcon_core.verb.build.BuildVerb object at 0xffffb19faa10>>)
[4.972s] Level 1:colcon.colcon_core.package_discovery:discover_packages(colcon_meta) check parameters
[4.973s] Level 1:colcon.colcon_core.package_discovery:discover_packages(recursive) check parameters
[4.973s] Level 1:colcon.colcon_core.package_discovery:discover_packages(ignore) check parameters
[4.973s] Level 1:colcon.colcon_core.package_discovery:discover_packages(path) check parameters
[4.973s] Level 1:colcon.colcon_core.package_discovery:discover_packages(colcon_meta) discover
[4.974s] Level 1:colcon.colcon_core.package_discovery:discover_packages(recursive) discover
[4.974s] INFO:colcon.colcon_core.package_discovery:Crawling recursively for packages in '/home/ubuntu/HumbleDave2/ros2ws'
[4.974s] Level 1:colcon.colcon_core.package_identification:_identify(.) by extensions ['ignore', 'ignore_ament_install']
[4.975s] Level 1:colcon.colcon_core.package_identification:_identify(.) by extension 'ignore'
[4.975s] Level 1:colcon.colcon_core.package_identification:_identify(.) by extension 'ignore_ament_install'
[4.975s] Level 1:colcon.colcon_core.package_identification:_identify(.) by extensions ['colcon_pkg']
[4.975s] Level 1:colcon.colcon_core.package_identification:_identify(.) by extension 'colcon_pkg'
[4.976s] Level 1:colcon.colcon_core.package_identification:_identify(.) by extensions ['colcon_meta']
[4.976s] Level 1:colcon.colcon_core.package_identification:_identify(.) by extension 'colcon_meta'
[4.976s] Level 1:colcon.colcon_core.package_identification:_identify(.) by extensions ['ros']
[4.976s] Level 1:colcon.colcon_core.package_identification:_identify(.) by extension 'ros'
[5.024s] Level 1:colcon.colcon_core.package_identification:_identify(.) by extensions ['cmake', 'python']
[5.024s] Level 1:colcon.colcon_core.package_identification:_identify(.) by extension 'cmake'
[5.024s] Level 1:colcon.colcon_core.package_identification:_identify(.) by extension 'python'
[5.024s] Level 1:colcon.colcon_core.package_identification:_identify(.) by extensions ['python_setup_py']
[5.025s] Level 1:colcon.colcon_core.package_identification:_identify(.) by extension 'python_setup_py'
[5.025s] Level 1:colcon.colcon_core.package_identification:_identify(build) by extensions ['ignore', 'ignore_ament_install']
[5.025s] Level 1:colcon.colcon_core.package_identification:_identify(build) by extension 'ignore'
[5.026s] Level 1:colcon.colcon_core.package_identification:_identify(build) ignored
[5.027s] Level 1:colcon.colcon_core.package_identification:_identify(cmds) by extensions ['ignore', 'ignore_ament_install']
[5.027s] Level 1:colcon.colcon_core.package_identification:_identify(cmds) by extension 'ignore'
[5.028s] Level 1:colcon.colcon_core.package_identification:_identify(cmds) by extension 'ignore_ament_install'
[5.028s] Level 1:colcon.colcon_core.package_identification:_identify(cmds) by extensions ['colcon_pkg']
[5.028s] Level 1:colcon.colcon_core.package_identification:_identify(cmds) by extension 'colcon_pkg'
[5.028s] Level 1:colcon.colcon_core.package_identification:_identify(cmds) by extensions ['colcon_meta']
[5.028s] Level 1:colcon.colcon_core.package_identification:_identify(cmds) by extension 'colcon_meta'
[5.028s] Level 1:colcon.colcon_core.package_identification:_identify(cmds) by extensions ['ros']
[5.029s] Level 1:colcon.colcon_core.package_identification:_identify(cmds) by extension 'ros'
[5.029s] Level 1:colcon.colcon_core.package_identification:_identify(cmds) by extensions ['cmake', 'python']
[5.029s] Level 1:colcon.colcon_core.package_identification:_identify(cmds) by extension 'cmake'
[5.029s] Level 1:colcon.colcon_core.package_identification:_identify(cmds) by extension 'python'
[5.029s] Level 1:colcon.colcon_core.package_identification:_identify(cmds) by extensions ['python_setup_py']
[5.029s] Level 1:colcon.colcon_core.package_identification:_identify(cmds) by extension 'python_setup_py'
[5.030s] Level 1:colcon.colcon_core.package_identification:_identify(cmds/old) by extensions ['ignore', 'ignore_ament_install']
[5.030s] Level 1:colcon.colcon_core.package_identification:_identify(cmds/old) by extension 'ignore'
[5.031s] Level 1:colcon.colcon_core.package_identification:_identify(cmds/old) by extension 'ignore_ament_install'
[5.031s] Level 1:colcon.colcon_core.package_identification:_identify(cmds/old) by extensions ['colcon_pkg']
[5.031s] Level 1:colcon.colcon_core.package_identification:_identify(cmds/old) by extension 'colcon_pkg'
[5.031s] Level 1:colcon.colcon_core.package_identification:_identify(cmds/old) by extensions ['colcon_meta']
[5.031s] Level 1:colcon.colcon_core.package_identification:_identify(cmds/old) by extension 'colcon_meta'
[5.031s] Level 1:colcon.colcon_core.package_identification:_identify(cmds/old) by extensions ['ros']
[5.032s] Level 1:colcon.colcon_core.package_identification:_identify(cmds/old) by extension 'ros'
[5.032s] Level 1:colcon.colcon_core.package_identification:_identify(cmds/old) by extensions ['cmake', 'python']
[5.032s] Level 1:colcon.colcon_core.package_identification:_identify(cmds/old) by extension 'cmake'
[5.032s] Level 1:colcon.colcon_core.package_identification:_identify(cmds/old) by extension 'python'
[5.032s] Level 1:colcon.colcon_core.package_identification:_identify(cmds/old) by extensions ['python_setup_py']
[5.032s] Level 1:colcon.colcon_core.package_identification:_identify(cmds/old) by extension 'python_setup_py'
[5.033s] Level 1:colcon.colcon_core.package_identification:_identify(install) by extensions ['ignore', 'ignore_ament_install']
[5.033s] Level 1:colcon.colcon_core.package_identification:_identify(install) by extension 'ignore'
[5.033s] Level 1:colcon.colcon_core.package_identification:_identify(install) ignored
[5.034s] Level 1:colcon.colcon_core.package_identification:_identify(log) by extensions ['ignore', 'ignore_ament_install']
[5.034s] Level 1:colcon.colcon_core.package_identification:_identify(log) by extension 'ignore'
[5.034s] Level 1:colcon.colcon_core.package_identification:_identify(log) ignored
[5.035s] Level 1:colcon.colcon_core.package_identification:_identify(maps) by extensions ['ignore', 'ignore_ament_install']
[5.035s] Level 1:colcon.colcon_core.package_identification:_identify(maps) by extension 'ignore'
[5.035s] Level 1:colcon.colcon_core.package_identification:_identify(maps) by extension 'ignore_ament_install'
[5.036s] Level 1:colcon.colcon_core.package_identification:_identify(maps) by extensions ['colcon_pkg']
[5.036s] Level 1:colcon.colcon_core.package_identification:_identify(maps) by extension 'colcon_pkg'
[5.036s] Level 1:colcon.colcon_core.package_identification:_identify(maps) by extensions ['colcon_meta']
[5.036s] Level 1:colcon.colcon_core.package_identification:_identify(maps) by extension 'colcon_meta'
[5.036s] Level 1:colcon.colcon_core.package_identification:_identify(maps) by extensions ['ros']
[5.036s] Level 1:colcon.colcon_core.package_identification:_identify(maps) by extension 'ros'
[5.037s] Level 1:colcon.colcon_core.package_identification:_identify(maps) by extensions ['cmake', 'python']
[5.037s] Level 1:colcon.colcon_core.package_identification:_identify(maps) by extension 'cmake'
[5.037s] Level 1:colcon.colcon_core.package_identification:_identify(maps) by extension 'python'
[5.037s] Level 1:colcon.colcon_core.package_identification:_identify(maps) by extensions ['python_setup_py']
[5.037s] Level 1:colcon.colcon_core.package_identification:_identify(maps) by extension 'python_setup_py'
[5.038s] Level 1:colcon.colcon_core.package_identification:_identify(obsolete) by extensions ['ignore', 'ignore_ament_install']
[5.038s] Level 1:colcon.colcon_core.package_identification:_identify(obsolete) by extension 'ignore'
[5.038s] Level 1:colcon.colcon_core.package_identification:_identify(obsolete) by extension 'ignore_ament_install'
[5.038s] Level 1:colcon.colcon_core.package_identification:_identify(obsolete) by extensions ['colcon_pkg']
[5.038s] Level 1:colcon.colcon_core.package_identification:_identify(obsolete) by extension 'colcon_pkg'
[5.039s] Level 1:colcon.colcon_core.package_identification:_identify(obsolete) by extensions ['colcon_meta']
[5.039s] Level 1:colcon.colcon_core.package_identification:_identify(obsolete) by extension 'colcon_meta'
[5.039s] Level 1:colcon.colcon_core.package_identification:_identify(obsolete) by extensions ['ros']
[5.039s] Level 1:colcon.colcon_core.package_identification:_identify(obsolete) by extension 'ros'
[5.039s] Level 1:colcon.colcon_core.package_identification:_identify(obsolete) by extensions ['cmake', 'python']
[5.039s] Level 1:colcon.colcon_core.package_identification:_identify(obsolete) by extension 'cmake'
[5.040s] Level 1:colcon.colcon_core.package_identification:_identify(obsolete) by extension 'python'
[5.040s] Level 1:colcon.colcon_core.package_identification:_identify(obsolete) by extensions ['python_setup_py']
[5.040s] Level 1:colcon.colcon_core.package_identification:_identify(obsolete) by extension 'python_setup_py'
[5.040s] Level 1:colcon.colcon_core.package_identification:_identify(old) by extensions ['ignore', 'ignore_ament_install']
[5.040s] Level 1:colcon.colcon_core.package_identification:_identify(old) by extension 'ignore'
[5.041s] Level 1:colcon.colcon_core.package_identification:_identify(old) by extension 'ignore_ament_install'
[5.041s] Level 1:colcon.colcon_core.package_identification:_identify(old) by extensions ['colcon_pkg']
[5.041s] Level 1:colcon.colcon_core.package_identification:_identify(old) by extension 'colcon_pkg'
[5.041s] Level 1:colcon.colcon_core.package_identification:_identify(old) by extensions ['colcon_meta']
[5.041s] Level 1:colcon.colcon_core.package_identification:_identify(old) by extension 'colcon_meta'
[5.041s] Level 1:colcon.colcon_core.package_identification:_identify(old) by extensions ['ros']
[5.041s] Level 1:colcon.colcon_core.package_identification:_identify(old) by extension 'ros'
[5.042s] Level 1:colcon.colcon_core.package_identification:_identify(old) by extensions ['cmake', 'python']
[5.042s] Level 1:colcon.colcon_core.package_identification:_identify(old) by extension 'cmake'
[5.042s] Level 1:colcon.colcon_core.package_identification:_identify(old) by extension 'python'
[5.042s] Level 1:colcon.colcon_core.package_identification:_identify(old) by extensions ['python_setup_py']
[5.042s] Level 1:colcon.colcon_core.package_identification:_identify(old) by extension 'python_setup_py'
[5.043s] Level 1:colcon.colcon_core.package_identification:_identify(params) by extensions ['ignore', 'ignore_ament_install']
[5.043s] Level 1:colcon.colcon_core.package_identification:_identify(params) by extension 'ignore'
[5.043s] Level 1:colcon.colcon_core.package_identification:_identify(params) by extension 'ignore_ament_install'
[5.044s] Level 1:colcon.colcon_core.package_identification:_identify(params) by extensions ['colcon_pkg']
[5.044s] Level 1:colcon.colcon_core.package_identification:_identify(params) by extension 'colcon_pkg'
[5.044s] Level 1:colcon.colcon_core.package_identification:_identify(params) by extensions ['colcon_meta']
[5.044s] Level 1:colcon.colcon_core.package_identification:_identify(params) by extension 'colcon_meta'
[5.044s] Level 1:colcon.colcon_core.package_identification:_identify(params) by extensions ['ros']
[5.044s] Level 1:colcon.colcon_core.package_identification:_identify(params) by extension 'ros'
[5.045s] Level 1:colcon.colcon_core.package_identification:_identify(params) by extensions ['cmake', 'python']
[5.045s] Level 1:colcon.colcon_core.package_identification:_identify(params) by extension 'cmake'
[5.045s] Level 1:colcon.colcon_core.package_identification:_identify(params) by extension 'python'
[5.045s] Level 1:colcon.colcon_core.package_identification:_identify(params) by extensions ['python_setup_py']
[5.045s] Level 1:colcon.colcon_core.package_identification:_identify(params) by extension 'python_setup_py'
[5.046s] Level 1:colcon.colcon_core.package_identification:_identify(src) by extensions ['ignore', 'ignore_ament_install']
[5.046s] Level 1:colcon.colcon_core.package_identification:_identify(src) by extension 'ignore'
[5.046s] Level 1:colcon.colcon_core.package_identification:_identify(src) by extension 'ignore_ament_install'
[5.046s] Level 1:colcon.colcon_core.package_identification:_identify(src) by extensions ['colcon_pkg']
[5.046s] Level 1:colcon.colcon_core.package_identification:_identify(src) by extension 'colcon_pkg'
[5.047s] Level 1:colcon.colcon_core.package_identification:_identify(src) by extensions ['colcon_meta']
[5.047s] Level 1:colcon.colcon_core.package_identification:_identify(src) by extension 'colcon_meta'
[5.047s] Level 1:colcon.colcon_core.package_identification:_identify(src) by extensions ['ros']
[5.047s] Level 1:colcon.colcon_core.package_identification:_identify(src) by extension 'ros'
[5.047s] Level 1:colcon.colcon_core.package_identification:_identify(src) by extensions ['cmake', 'python']
[5.047s] Level 1:colcon.colcon_core.package_identification:_identify(src) by extension 'cmake'
[5.048s] Level 1:colcon.colcon_core.package_identification:_identify(src) by extension 'python'
[5.048s] Level 1:colcon.colcon_core.package_identification:_identify(src) by extensions ['python_setup_py']
[5.048s] Level 1:colcon.colcon_core.package_identification:_identify(src) by extension 'python_setup_py'
[5.048s] Level 1:colcon.colcon_core.package_identification:_identify(src/apriltag_msgs) by extensions ['ignore', 'ignore_ament_install']
[5.049s] Level 1:colcon.colcon_core.package_identification:_identify(src/apriltag_msgs) by extension 'ignore'
[5.049s] Level 1:colcon.colcon_core.package_identification:_identify(src/apriltag_msgs) by extension 'ignore_ament_install'
[5.049s] Level 1:colcon.colcon_core.package_identification:_identify(src/apriltag_msgs) by extensions ['colcon_pkg']
[5.049s] Level 1:colcon.colcon_core.package_identification:_identify(src/apriltag_msgs) by extension 'colcon_pkg'
[5.049s] Level 1:colcon.colcon_core.package_identification:_identify(src/apriltag_msgs) by extensions ['colcon_meta']
[5.049s] Level 1:colcon.colcon_core.package_identification:_identify(src/apriltag_msgs) by extension 'colcon_meta'
[5.050s] Level 1:colcon.colcon_core.package_identification:_identify(src/apriltag_msgs) by extensions ['ros']
[5.050s] Level 1:colcon.colcon_core.package_identification:_identify(src/apriltag_msgs) by extension 'ros'
[5.058s] DEBUG:colcon.colcon_core.package_identification:Package 'src/apriltag_msgs' with type 'ros.ament_cmake' and name 'apriltag_msgs'
[5.059s] Level 1:colcon.colcon_core.package_identification:_identify(src/apriltag_ros) by extensions ['ignore', 'ignore_ament_install']
[5.060s] Level 1:colcon.colcon_core.package_identification:_identify(src/apriltag_ros) by extension 'ignore'
[5.060s] Level 1:colcon.colcon_core.package_identification:_identify(src/apriltag_ros) by extension 'ignore_ament_install'
[5.060s] Level 1:colcon.colcon_core.package_identification:_identify(src/apriltag_ros) by extensions ['colcon_pkg']
[5.060s] Level 1:colcon.colcon_core.package_identification:_identify(src/apriltag_ros) by extension 'colcon_pkg'
[5.060s] Level 1:colcon.colcon_core.package_identification:_identify(src/apriltag_ros) by extensions ['colcon_meta']
[5.060s] Level 1:colcon.colcon_core.package_identification:_identify(src/apriltag_ros) by extension 'colcon_meta'
[5.061s] Level 1:colcon.colcon_core.package_identification:_identify(src/apriltag_ros) by extensions ['ros']
[5.061s] Level 1:colcon.colcon_core.package_identification:_identify(src/apriltag_ros) by extension 'ros'
[5.065s] DEBUG:colcon.colcon_core.package_identification:Package 'src/apriltag_ros' with type 'ros.ament_cmake' and name 'apriltag_ros'
[5.066s] Level 1:colcon.colcon_core.package_identification:_identify(src/dave) by extensions ['ignore', 'ignore_ament_install']
[5.066s] Level 1:colcon.colcon_core.package_identification:_identify(src/dave) by extension 'ignore'
[5.066s] Level 1:colcon.colcon_core.package_identification:_identify(src/dave) by extension 'ignore_ament_install'
[5.066s] Level 1:colcon.colcon_core.package_identification:_identify(src/dave) by extensions ['colcon_pkg']
[5.066s] Level 1:colcon.colcon_core.package_identification:_identify(src/dave) by extension 'colcon_pkg'
[5.067s] Level 1:colcon.colcon_core.package_identification:_identify(src/dave) by extensions ['colcon_meta']
[5.067s] Level 1:colcon.colcon_core.package_identification:_identify(src/dave) by extension 'colcon_meta'
[5.067s] Level 1:colcon.colcon_core.package_identification:_identify(src/dave) by extensions ['ros']
[5.067s] Level 1:colcon.colcon_core.package_identification:_identify(src/dave) by extension 'ros'
[5.069s] DEBUG:colcon.colcon_core.package_identification:Package 'src/dave' with type 'ros.ament_python' and name 'dave'
[5.069s] Level 1:colcon.colcon_core.package_identification:_identify(src/dave_interfaces) by extensions ['ignore', 'ignore_ament_install']
[5.070s] Level 1:colcon.colcon_core.package_identification:_identify(src/dave_interfaces) by extension 'ignore'
[5.070s] Level 1:colcon.colcon_core.package_identification:_identify(src/dave_interfaces) by extension 'ignore_ament_install'
[5.070s] Level 1:colcon.colcon_core.package_identification:_identify(src/dave_interfaces) by extensions ['colcon_pkg']
[5.070s] Level 1:colcon.colcon_core.package_identification:_identify(src/dave_interfaces) by extension 'colcon_pkg'
[5.070s] Level 1:colcon.colcon_core.package_identification:_identify(src/dave_interfaces) by extensions ['colcon_meta']
[5.071s] Level 1:colcon.colcon_core.package_identification:_identify(src/dave_interfaces) by extension 'colcon_meta'
[5.071s] Level 1:colcon.colcon_core.package_identification:_identify(src/dave_interfaces) by extensions ['ros']
[5.071s] Level 1:colcon.colcon_core.package_identification:_identify(src/dave_interfaces) by extension 'ros'
[5.073s] DEBUG:colcon.colcon_core.package_identification:Package 'src/dave_interfaces' with type 'ros.ament_cmake' and name 'dave_interfaces'
[5.073s] Level 1:colcon.colcon_core.package_identification:_identify(src/explorer_wanderer) by extensions ['ignore', 'ignore_ament_install']
[5.074s] Level 1:colcon.colcon_core.package_identification:_identify(src/explorer_wanderer) by extension 'ignore'
[5.074s] Level 1:colcon.colcon_core.package_identification:_identify(src/explorer_wanderer) by extension 'ignore_ament_install'
[5.074s] Level 1:colcon.colcon_core.package_identification:_identify(src/explorer_wanderer) by extensions ['colcon_pkg']
[5.074s] Level 1:colcon.colcon_core.package_identification:_identify(src/explorer_wanderer) by extension 'colcon_pkg'
[5.074s] Level 1:colcon.colcon_core.package_identification:_identify(src/explorer_wanderer) by extensions ['colcon_meta']
[5.075s] Level 1:colcon.colcon_core.package_identification:_identify(src/explorer_wanderer) by extension 'colcon_meta'
[5.075s] Level 1:colcon.colcon_core.package_identification:_identify(src/explorer_wanderer) by extensions ['ros']
[5.075s] Level 1:colcon.colcon_core.package_identification:_identify(src/explorer_wanderer) by extension 'ros'
[5.077s] DEBUG:colcon.colcon_core.package_identification:Package 'src/explorer_wanderer' with type 'ros.ament_python' and name 'explorer_wanderer'
[5.077s] Level 1:colcon.colcon_core.package_identification:_identify(src/gpg3_cartographer) by extensions ['ignore', 'ignore_ament_install']
[5.078s] Level 1:colcon.colcon_core.package_identification:_identify(src/gpg3_cartographer) by extension 'ignore'
[5.078s] Level 1:colcon.colcon_core.package_identification:_identify(src/gpg3_cartographer) by extension 'ignore_ament_install'
[5.079s] Level 1:colcon.colcon_core.package_identification:_identify(src/gpg3_cartographer) by extensions ['colcon_pkg']
[5.079s] Level 1:colcon.colcon_core.package_identification:_identify(src/gpg3_cartographer) by extension 'colcon_pkg'
[5.079s] Level 1:colcon.colcon_core.package_identification:_identify(src/gpg3_cartographer) by extensions ['colcon_meta']
[5.079s] Level 1:colcon.colcon_core.package_identification:_identify(src/gpg3_cartographer) by extension 'colcon_meta'
[5.079s] Level 1:colcon.colcon_core.package_identification:_identify(src/gpg3_cartographer) by extensions ['ros']
[5.079s] Level 1:colcon.colcon_core.package_identification:_identify(src/gpg3_cartographer) by extension 'ros'
[5.081s] DEBUG:colcon.colcon_core.package_identification:Package 'src/gpg3_cartographer' with type 'ros.ament_cmake' and name 'gpg3_cartographer'
[5.082s] Level 1:colcon.colcon_core.package_identification:_identify(src/gpg3_navigation2) by extensions ['ignore', 'ignore_ament_install']
[5.082s] Level 1:colcon.colcon_core.package_identification:_identify(src/gpg3_navigation2) by extension 'ignore'
[5.082s] Level 1:colcon.colcon_core.package_identification:_identify(src/gpg3_navigation2) by extension 'ignore_ament_install'
[5.083s] Level 1:colcon.colcon_core.package_identification:_identify(src/gpg3_navigation2) by extensions ['colcon_pkg']
[5.083s] Level 1:colcon.colcon_core.package_identification:_identify(src/gpg3_navigation2) by extension 'colcon_pkg'
[5.083s] Level 1:colcon.colcon_core.package_identification:_identify(src/gpg3_navigation2) by extensions ['colcon_meta']
[5.083s] Level 1:colcon.colcon_core.package_identification:_identify(src/gpg3_navigation2) by extension 'colcon_meta'
[5.083s] Level 1:colcon.colcon_core.package_identification:_identify(src/gpg3_navigation2) by extensions ['ros']
[5.083s] Level 1:colcon.colcon_core.package_identification:_identify(src/gpg3_navigation2) by extension 'ros'
[5.085s] DEBUG:colcon.colcon_core.package_identification:Package 'src/gpg3_navigation2' with type 'ros.ament_cmake' and name 'gpg3_navigation2'
[5.086s] Level 1:colcon.colcon_core.package_identification:_identify(src/nav2_gopigo3) by extensions ['ignore', 'ignore_ament_install']
[5.086s] Level 1:colcon.colcon_core.package_identification:_identify(src/nav2_gopigo3) by extension 'ignore'
[5.086s] Level 1:colcon.colcon_core.package_identification:_identify(src/nav2_gopigo3) by extension 'ignore_ament_install'
[5.086s] Level 1:colcon.colcon_core.package_identification:_identify(src/nav2_gopigo3) by extensions ['colcon_pkg']
[5.086s] Level 1:colcon.colcon_core.package_identification:_identify(src/nav2_gopigo3) by extension 'colcon_pkg'
[5.087s] Level 1:colcon.colcon_core.package_identification:_identify(src/nav2_gopigo3) by extensions ['colcon_meta']
[5.087s] Level 1:colcon.colcon_core.package_identification:_identify(src/nav2_gopigo3) by extension 'colcon_meta'
[5.087s] Level 1:colcon.colcon_core.package_identification:_identify(src/nav2_gopigo3) by extensions ['ros']
[5.087s] Level 1:colcon.colcon_core.package_identification:_identify(src/nav2_gopigo3) by extension 'ros'
[5.090s] DEBUG:colcon.colcon_core.package_identification:Package 'src/nav2_gopigo3' with type 'ros.ament_cmake' and name 'nav2_gopigo3'
[5.090s] Level 1:colcon.colcon_core.package_identification:_identify(src/ros2_gopigo3_msg) by extensions ['ignore', 'ignore_ament_install']
[5.091s] Level 1:colcon.colcon_core.package_identification:_identify(src/ros2_gopigo3_msg) by extension 'ignore'
[5.091s] Level 1:colcon.colcon_core.package_identification:_identify(src/ros2_gopigo3_msg) by extension 'ignore_ament_install'
[5.091s] Level 1:colcon.colcon_core.package_identification:_identify(src/ros2_gopigo3_msg) by extensions ['colcon_pkg']
[5.091s] Level 1:colcon.colcon_core.package_identification:_identify(src/ros2_gopigo3_msg) by extension 'colcon_pkg'
[5.091s] Level 1:colcon.colcon_core.package_identification:_identify(src/ros2_gopigo3_msg) by extensions ['colcon_meta']
[5.091s] Level 1:colcon.colcon_core.package_identification:_identify(src/ros2_gopigo3_msg) by extension 'colcon_meta'
[5.092s] Level 1:colcon.colcon_core.package_identification:_identify(src/ros2_gopigo3_msg) by extensions ['ros']
[5.092s] Level 1:colcon.colcon_core.package_identification:_identify(src/ros2_gopigo3_msg) by extension 'ros'
[5.094s] DEBUG:colcon.colcon_core.package_identification:Package 'src/ros2_gopigo3_msg' with type 'ros.ament_cmake' and name 'ros2_gopigo3_msg'
[5.094s] Level 1:colcon.colcon_core.package_identification:_identify(src/ros2_gopigo3_node) by extensions ['ignore', 'ignore_ament_install']
[5.095s] Level 1:colcon.colcon_core.package_identification:_identify(src/ros2_gopigo3_node) by extension 'ignore'
[5.095s] Level 1:colcon.colcon_core.package_identification:_identify(src/ros2_gopigo3_node) by extension 'ignore_ament_install'
[5.095s] Level 1:colcon.colcon_core.package_identification:_identify(src/ros2_gopigo3_node) by extensions ['colcon_pkg']
[5.095s] Level 1:colcon.colcon_core.package_identification:_identify(src/ros2_gopigo3_node) by extension 'colcon_pkg'
[5.095s] Level 1:colcon.colcon_core.package_identification:_identify(src/ros2_gopigo3_node) by extensions ['colcon_meta']
[5.095s] Level 1:colcon.colcon_core.package_identification:_identify(src/ros2_gopigo3_node) by extension 'colcon_meta'
[5.096s] Level 1:colcon.colcon_core.package_identification:_identify(src/ros2_gopigo3_node) by extensions ['ros']
[5.096s] Level 1:colcon.colcon_core.package_identification:_identify(src/ros2_gopigo3_node) by extension 'ros'
[5.098s] DEBUG:colcon.colcon_core.package_identification:Package 'src/ros2_gopigo3_node' with type 'ros.ament_python' and name 'ros2_gopigo3_node'
[5.099s] Level 1:colcon.colcon_core.package_identification:_identify(src/ros2_libcamera_pub) by extensions ['ignore', 'ignore_ament_install']
[5.099s] Level 1:colcon.colcon_core.package_identification:_identify(src/ros2_libcamera_pub) by extension 'ignore'
[5.099s] Level 1:colcon.colcon_core.package_identification:_identify(src/ros2_libcamera_pub) by extension 'ignore_ament_install'
[5.100s] Level 1:colcon.colcon_core.package_identification:_identify(src/ros2_libcamera_pub) by extensions ['colcon_pkg']
[5.100s] Level 1:colcon.colcon_core.package_identification:_identify(src/ros2_libcamera_pub) by extension 'colcon_pkg'
[5.100s] Level 1:colcon.colcon_core.package_identification:_identify(src/ros2_libcamera_pub) by extensions ['colcon_meta']
[5.100s] Level 1:colcon.colcon_core.package_identification:_identify(src/ros2_libcamera_pub) by extension 'colcon_meta'
[5.100s] Level 1:colcon.colcon_core.package_identification:_identify(src/ros2_libcamera_pub) by extensions ['ros']
[5.100s] Level 1:colcon.colcon_core.package_identification:_identify(src/ros2_libcamera_pub) by extension 'ros'
[5.102s] DEBUG:colcon.colcon_core.package_identification:Package 'src/ros2_libcamera_pub' with type 'ros.ament_python' and name 'ros2_libcamera_pub'
[5.103s] Level 1:colcon.colcon_core.package_identification:_identify(src/scan_client) by extensions ['ignore', 'ignore_ament_install']
[5.104s] Level 1:colcon.colcon_core.package_identification:_identify(src/scan_client) by extension 'ignore'
[5.104s] Level 1:colcon.colcon_core.package_identification:_identify(src/scan_client) by extension 'ignore_ament_install'
[5.104s] Level 1:colcon.colcon_core.package_identification:_identify(src/scan_client) by extensions ['colcon_pkg']
[5.104s] Level 1:colcon.colcon_core.package_identification:_identify(src/scan_client) by extension 'colcon_pkg'
[5.104s] Level 1:colcon.colcon_core.package_identification:_identify(src/scan_client) by extensions ['colcon_meta']
[5.105s] Level 1:colcon.colcon_core.package_identification:_identify(src/scan_client) by extension 'colcon_meta'
[5.105s] Level 1:colcon.colcon_core.package_identification:_identify(src/scan_client) by extensions ['ros']
[5.105s] Level 1:colcon.colcon_core.package_identification:_identify(src/scan_client) by extension 'ros'
[5.107s] DEBUG:colcon.colcon_core.package_identification:Package 'src/scan_client' with type 'ros.ament_python' and name 'scan_client'
[5.107s] Level 1:colcon.colcon_core.package_identification:_identify(src/teleop_gopigo3_keyboard) by extensions ['ignore', 'ignore_ament_install']
[5.108s] Level 1:colcon.colcon_core.package_identification:_identify(src/teleop_gopigo3_keyboard) by extension 'ignore'
[5.108s] Level 1:colcon.colcon_core.package_identification:_identify(src/teleop_gopigo3_keyboard) by extension 'ignore_ament_install'
[5.108s] Level 1:colcon.colcon_core.package_identification:_identify(src/teleop_gopigo3_keyboard) by extensions ['colcon_pkg']
[5.108s] Level 1:colcon.colcon_core.package_identification:_identify(src/teleop_gopigo3_keyboard) by extension 'colcon_pkg'
[5.109s] Level 1:colcon.colcon_core.package_identification:_identify(src/teleop_gopigo3_keyboard) by extensions ['colcon_meta']
[5.109s] Level 1:colcon.colcon_core.package_identification:_identify(src/teleop_gopigo3_keyboard) by extension 'colcon_meta'
[5.109s] Level 1:colcon.colcon_core.package_identification:_identify(src/teleop_gopigo3_keyboard) by extensions ['ros']
[5.109s] Level 1:colcon.colcon_core.package_identification:_identify(src/teleop_gopigo3_keyboard) by extension 'ros'
[5.111s] DEBUG:colcon.colcon_core.package_identification:Package 'src/teleop_gopigo3_keyboard' with type 'ros.ament_python' and name 'teleop_gopigo3_keyboard'
[5.112s] Level 1:colcon.colcon_core.package_identification:_identify(src/ydlidar_ros2_driver) by extensions ['ignore', 'ignore_ament_install']
[5.112s] Level 1:colcon.colcon_core.package_identification:_identify(src/ydlidar_ros2_driver) by extension 'ignore'
[5.112s] Level 1:colcon.colcon_core.package_identification:_identify(src/ydlidar_ros2_driver) by extension 'ignore_ament_install'
[5.112s] Level 1:colcon.colcon_core.package_identification:_identify(src/ydlidar_ros2_driver) by extensions ['colcon_pkg']
[5.113s] Level 1:colcon.colcon_core.package_identification:_identify(src/ydlidar_ros2_driver) by extension 'colcon_pkg'
[5.113s] Level 1:colcon.colcon_core.package_identification:_identify(src/ydlidar_ros2_driver) by extensions ['colcon_meta']
[5.113s] Level 1:colcon.colcon_core.package_identification:_identify(src/ydlidar_ros2_driver) by extension 'colcon_meta'
[5.113s] Level 1:colcon.colcon_core.package_identification:_identify(src/ydlidar_ros2_driver) by extensions ['ros']
[5.113s] Level 1:colcon.colcon_core.package_identification:_identify(src/ydlidar_ros2_driver) by extension 'ros'
[5.115s] DEBUG:colcon.colcon_core.package_identification:Package 'src/ydlidar_ros2_driver' with type 'ros.ament_cmake' and name 'ydlidar_ros2_driver'
[5.116s] Level 1:colcon.colcon_core.package_identification:_identify(tests) by extensions ['ignore', 'ignore_ament_install']
[5.116s] Level 1:colcon.colcon_core.package_identification:_identify(tests) by extension 'ignore'
[5.116s] Level 1:colcon.colcon_core.package_identification:_identify(tests) by extension 'ignore_ament_install'
[5.117s] Level 1:colcon.colcon_core.package_identification:_identify(tests) by extensions ['colcon_pkg']
[5.117s] Level 1:colcon.colcon_core.package_identification:_identify(tests) by extension 'colcon_pkg'
[5.117s] Level 1:colcon.colcon_core.package_identification:_identify(tests) by extensions ['colcon_meta']
[5.117s] Level 1:colcon.colcon_core.package_identification:_identify(tests) by extension 'colcon_meta'
[5.117s] Level 1:colcon.colcon_core.package_identification:_identify(tests) by extensions ['ros']
[5.117s] Level 1:colcon.colcon_core.package_identification:_identify(tests) by extension 'ros'
[5.118s] Level 1:colcon.colcon_core.package_identification:_identify(tests) by extensions ['cmake', 'python']
[5.118s] Level 1:colcon.colcon_core.package_identification:_identify(tests) by extension 'cmake'
[5.118s] Level 1:colcon.colcon_core.package_identification:_identify(tests) by extension 'python'
[5.118s] Level 1:colcon.colcon_core.package_identification:_identify(tests) by extensions ['python_setup_py']
[5.118s] Level 1:colcon.colcon_core.package_identification:_identify(tests) by extension 'python_setup_py'
[5.119s] Level 1:colcon.colcon_core.package_discovery:discover_packages(recursive) using defaults
[5.119s] Level 1:colcon.colcon_core.package_discovery:discover_packages(ignore) discover
[5.119s] Level 1:colcon.colcon_core.package_discovery:discover_packages(ignore) using defaults
[5.119s] Level 1:colcon.colcon_core.package_discovery:discover_packages(path) discover
[5.119s] Level 1:colcon.colcon_core.package_discovery:discover_packages(path) using defaults
[5.408s] INFO:colcon.colcon_core.package_selection:Skipping not selected package 'apriltag_msgs' in 'src/apriltag_msgs'
[5.409s] INFO:colcon.colcon_core.package_selection:Skipping not selected package 'dave' in 'src/dave'
[5.409s] INFO:colcon.colcon_core.package_selection:Skipping not selected package 'dave_interfaces' in 'src/dave_interfaces'
[5.409s] INFO:colcon.colcon_core.package_selection:Skipping not selected package 'explorer_wanderer' in 'src/explorer_wanderer'
[5.409s] INFO:colcon.colcon_core.package_selection:Skipping not selected package 'gpg3_cartographer' in 'src/gpg3_cartographer'
[5.409s] INFO:colcon.colcon_core.package_selection:Skipping not selected package 'gpg3_navigation2' in 'src/gpg3_navigation2'
[5.409s] INFO:colcon.colcon_core.package_selection:Skipping not selected package 'nav2_gopigo3' in 'src/nav2_gopigo3'
[5.409s] INFO:colcon.colcon_core.package_selection:Skipping not selected package 'ros2_gopigo3_msg' in 'src/ros2_gopigo3_msg'
[5.409s] INFO:colcon.colcon_core.package_selection:Skipping not selected package 'ros2_libcamera_pub' in 'src/ros2_libcamera_pub'
[5.409s] INFO:colcon.colcon_core.package_selection:Skipping not selected package 'scan_client' in 'src/scan_client'
[5.410s] INFO:colcon.colcon_core.package_selection:Skipping not selected package 'ydlidar_ros2_driver' in 'src/ydlidar_ros2_driver'
[5.410s] INFO:colcon.colcon_core.package_selection:Skipping not selected package 'apriltag_ros' in 'src/apriltag_ros'
[5.410s] INFO:colcon.colcon_core.package_selection:Skipping not selected package 'ros2_gopigo3_node' in 'src/ros2_gopigo3_node'
[5.543s] Level 1:colcon.colcon_core.package_discovery:discover_packages(prefix_path) check parameters
[5.544s] Level 1:colcon.colcon_core.package_discovery:discover_packages(prefix_path) discover
[5.617s] WARNING:colcon.colcon_core.prefix_path.colcon:The path '/home/ubuntu/HumbleDave/ros2ws/install' in the environment variable COLCON_PREFIX_PATH doesn't exist
[5.617s] WARNING:colcon.colcon_ros.prefix_path.ament:The path '/home/ubuntu/HumbleDave/ros2ws/install/ydlidar_ros2_driver' in the environment variable AMENT_PREFIX_PATH doesn't exist
[5.617s] WARNING:colcon.colcon_ros.prefix_path.ament:The path '/home/ubuntu/HumbleDave/ros2ws/install/teleop_gopigo3_keyboard' in the environment variable AMENT_PREFIX_PATH doesn't exist
[5.618s] WARNING:colcon.colcon_ros.prefix_path.ament:The path '/home/ubuntu/HumbleDave/ros2ws/install/scan_client' in the environment variable AMENT_PREFIX_PATH doesn't exist
[5.618s] WARNING:colcon.colcon_ros.prefix_path.ament:The path '/home/ubuntu/HumbleDave/ros2ws/install/ros2_libcamera_pub' in the environment variable AMENT_PREFIX_PATH doesn't exist
[5.618s] WARNING:colcon.colcon_ros.prefix_path.ament:The path '/home/ubuntu/HumbleDave/ros2ws/install/ros2_gopigo3_node' in the environment variable AMENT_PREFIX_PATH doesn't exist
[5.618s] WARNING:colcon.colcon_ros.prefix_path.ament:The path '/home/ubuntu/HumbleDave/ros2ws/install/ros2_gopigo3_msg' in the environment variable AMENT_PREFIX_PATH doesn't exist
[5.619s] WARNING:colcon.colcon_ros.prefix_path.ament:The path '/home/ubuntu/HumbleDave/ros2ws/install/mpu9250driver' in the environment variable AMENT_PREFIX_PATH doesn't exist
[5.619s] WARNING:colcon.colcon_ros.prefix_path.ament:The path '/home/ubuntu/HumbleDave/ros2ws/install/gopigo3_navigation' in the environment variable AMENT_PREFIX_PATH doesn't exist
[5.619s] WARNING:colcon.colcon_ros.prefix_path.ament:The path '/home/ubuntu/HumbleDave/ros2ws/install/gopigo3_ekf' in the environment variable AMENT_PREFIX_PATH doesn't exist
[5.619s] WARNING:colcon.colcon_ros.prefix_path.ament:The path '/home/ubuntu/HumbleDave/ros2ws/install/explorer_wanderer' in the environment variable AMENT_PREFIX_PATH doesn't exist
[5.619s] WARNING:colcon.colcon_ros.prefix_path.ament:The path '/home/ubuntu/HumbleDave/ros2ws/install/HoROS8' in the environment variable AMENT_PREFIX_PATH doesn't exist
[5.621s] WARNING:colcon.colcon_ros.prefix_path.catkin:The path '/home/ubuntu/HumbleDave/ros2ws/install/ydlidar_ros2_driver' in the environment variable CMAKE_PREFIX_PATH doesn't exist
[5.622s] WARNING:colcon.colcon_ros.prefix_path.catkin:The path '/home/ubuntu/HumbleDave/ros2ws/install/ros2_gopigo3_msg' in the environment variable CMAKE_PREFIX_PATH doesn't exist
[5.622s] WARNING:colcon.colcon_ros.prefix_path.catkin:The path '/home/ubuntu/HumbleDave/ros2ws/install/mpu9250driver' in the environment variable CMAKE_PREFIX_PATH doesn't exist
[5.622s] WARNING:colcon.colcon_ros.prefix_path.catkin:The path '/home/ubuntu/HumbleDave/ros2ws/install/gopigo3_navigation' in the environment variable CMAKE_PREFIX_PATH doesn't exist
[5.622s] WARNING:colcon.colcon_ros.prefix_path.catkin:The path '/home/ubuntu/HumbleDave/ros2ws/install/gopigo3_ekf' in the environment variable CMAKE_PREFIX_PATH doesn't exist
[5.693s] DEBUG:colcon.colcon_installed_package_information.package_discovery:Found 5 installed packages in /home/ubuntu/ros2ws/install
[5.768s] DEBUG:colcon.colcon_installed_package_information.package_discovery:Found 263 installed packages in /opt/ros/humble
[5.774s] Level 1:colcon.colcon_core.package_discovery:discover_packages(prefix_path) using defaults
[6.141s] Level 5:colcon.colcon_core.verb:set package 'teleop_gopigo3_keyboard' build argument 'cmake_args' from command line to 'None'
[6.141s] Level 5:colcon.colcon_core.verb:set package 'teleop_gopigo3_keyboard' build argument 'cmake_target' from command line to 'None'
[6.141s] Level 5:colcon.colcon_core.verb:set package 'teleop_gopigo3_keyboard' build argument 'cmake_target_skip_unavailable' from command line to 'False'
[6.141s] Level 5:colcon.colcon_core.verb:set package 'teleop_gopigo3_keyboard' build argument 'cmake_clean_cache' from command line to 'False'
[6.141s] Level 5:colcon.colcon_core.verb:set package 'teleop_gopigo3_keyboard' build argument 'cmake_clean_first' from command line to 'False'
[6.141s] Level 5:colcon.colcon_core.verb:set package 'teleop_gopigo3_keyboard' build argument 'cmake_force_configure' from command line to 'False'
[6.142s] Level 5:colcon.colcon_core.verb:set package 'teleop_gopigo3_keyboard' build argument 'ament_cmake_args' from command line to 'None'
[6.142s] Level 5:colcon.colcon_core.verb:set package 'teleop_gopigo3_keyboard' build argument 'catkin_cmake_args' from command line to 'None'
[6.142s] Level 5:colcon.colcon_core.verb:set package 'teleop_gopigo3_keyboard' build argument 'catkin_skip_building_tests' from command line to 'False'
[6.142s] DEBUG:colcon.colcon_core.verb:Building package 'teleop_gopigo3_keyboard' with the following arguments: {'ament_cmake_args': None, 'build_base': '/home/ubuntu/HumbleDave2/ros2ws/build/teleop_gopigo3_keyboard', 'catkin_cmake_args': None, 'catkin_skip_building_tests': False, 'cmake_args': None, 'cmake_clean_cache': False, 'cmake_clean_first': False, 'cmake_force_configure': False, 'cmake_target': None, 'cmake_target_skip_unavailable': False, 'install_base': '/home/ubuntu/HumbleDave2/ros2ws/install/teleop_gopigo3_keyboard', 'merge_install': False, 'path': '/home/ubuntu/HumbleDave2/ros2ws/src/teleop_gopigo3_keyboard', 'symlink_install': True, 'test_result_base': None}
[6.208s] INFO:colcon.colcon_core.executor:Executing jobs using 'parallel' executor
[6.279s] DEBUG:colcon.colcon_parallel_executor.executor.parallel:run_until_complete
[6.280s] INFO:colcon.colcon_ros.task.ament_python.build:Building ROS package in '/home/ubuntu/HumbleDave2/ros2ws/src/teleop_gopigo3_keyboard' with build type 'ament_python'
[6.280s] Level 1:colcon.colcon_core.shell:create_environment_hook('teleop_gopigo3_keyboard', 'ament_prefix_path')
[6.359s] INFO:colcon.colcon_core.plugin_system:Skipping extension 'colcon_core.shell.bat': Not used on non-Windows systems
[6.360s] INFO:colcon.colcon_core.shell:Creating environment hook '/home/ubuntu/HumbleDave2/ros2ws/install/teleop_gopigo3_keyboard/share/teleop_gopigo3_keyboard/hook/ament_prefix_path.ps1'
[6.363s] INFO:colcon.colcon_core.shell:Creating environment descriptor '/home/ubuntu/HumbleDave2/ros2ws/install/teleop_gopigo3_keyboard/share/teleop_gopigo3_keyboard/hook/ament_prefix_path.dsv'
[6.365s] INFO:colcon.colcon_core.shell:Creating environment hook '/home/ubuntu/HumbleDave2/ros2ws/install/teleop_gopigo3_keyboard/share/teleop_gopigo3_keyboard/hook/ament_prefix_path.sh'
[6.436s] INFO:colcon.colcon_core.shell:Skip shell extension 'powershell' for command environment: Not usable outside of PowerShell
[6.436s] DEBUG:colcon.colcon_core.shell:Skip shell extension 'dsv' for command environment
[7.875s] INFO:colcon.colcon_core.task.python.build:Building Python package in '/home/ubuntu/HumbleDave2/ros2ws/src/teleop_gopigo3_keyboard'
[7.947s] INFO:colcon.colcon_core.shell:Skip shell extension 'powershell' for command environment: Not usable outside of PowerShell
[7.947s] DEBUG:colcon.colcon_core.shell:Skip shell extension 'dsv' for command environment
[9.840s] DEBUG:colcon.colcon_core.event_handler.log_command:Invoking command in '/home/ubuntu/HumbleDave2/ros2ws/build/teleop_gopigo3_keyboard': PYTHONPATH=/home/ubuntu/HumbleDave2/ros2ws/build/teleop_gopigo3_keyboard/prefix_override:/home/ubuntu/HumbleDave2/ros2ws/install/teleop_gopigo3_keyboard/lib/python3.10/site-packages:${PYTHONPATH} /usr/bin/python3 setup.py develop --editable --build-directory /home/ubuntu/HumbleDave2/ros2ws/build/teleop_gopigo3_keyboard/build --no-deps install_data
[11.901s] Level 1:colcon.colcon_core.shell:create_environment_hook('teleop_gopigo3_keyboard', 'pythonpath_develop')
[11.902s] DEBUG:colcon.colcon_core.event_handler.log_command:Invoked command in '/home/ubuntu/HumbleDave2/ros2ws/build/teleop_gopigo3_keyboard' returned '0': PYTHONPATH=/home/ubuntu/HumbleDave2/ros2ws/build/teleop_gopigo3_keyboard/prefix_override:/home/ubuntu/HumbleDave2/ros2ws/install/teleop_gopigo3_keyboard/lib/python3.10/site-packages:${PYTHONPATH} /usr/bin/python3 setup.py develop --editable --build-directory /home/ubuntu/HumbleDave2/ros2ws/build/teleop_gopigo3_keyboard/build --no-deps install_data
[11.974s] INFO:colcon.colcon_core.shell:Creating environment hook '/home/ubuntu/HumbleDave2/ros2ws/build/teleop_gopigo3_keyboard/share/teleop_gopigo3_keyboard/hook/pythonpath_develop.ps1'
[11.976s] INFO:colcon.colcon_core.shell:Creating environment descriptor '/home/ubuntu/HumbleDave2/ros2ws/build/teleop_gopigo3_keyboard/share/teleop_gopigo3_keyboard/hook/pythonpath_develop.dsv'
[11.977s] INFO:colcon.colcon_core.shell:Creating environment hook '/home/ubuntu/HumbleDave2/ros2ws/build/teleop_gopigo3_keyboard/share/teleop_gopigo3_keyboard/hook/pythonpath_develop.sh'
[12.058s] Level 1:colcon.colcon_core.environment:checking '/home/ubuntu/HumbleDave2/ros2ws/install/teleop_gopigo3_keyboard' for CMake module files
[12.060s] Level 1:colcon.colcon_core.environment:checking '/home/ubuntu/HumbleDave2/ros2ws/install/teleop_gopigo3_keyboard' for CMake config files
[12.063s] Level 1:colcon.colcon_core.environment:checking '/home/ubuntu/HumbleDave2/ros2ws/install/teleop_gopigo3_keyboard/lib'
[12.064s] Level 1:colcon.colcon_core.environment:checking '/home/ubuntu/HumbleDave2/ros2ws/install/teleop_gopigo3_keyboard/bin'
[12.064s] Level 1:colcon.colcon_core.environment:checking '/home/ubuntu/HumbleDave2/ros2ws/install/teleop_gopigo3_keyboard/lib/pkgconfig/teleop_gopigo3_keyboard.pc'
[12.065s] Level 1:colcon.colcon_core.environment:checking '/home/ubuntu/HumbleDave2/ros2ws/install/teleop_gopigo3_keyboard/lib/python3.10/site-packages'
[12.065s] Level 1:colcon.colcon_core.shell:create_environment_hook('teleop_gopigo3_keyboard', 'pythonpath')
[12.135s] INFO:colcon.colcon_core.shell:Creating environment hook '/home/ubuntu/HumbleDave2/ros2ws/install/teleop_gopigo3_keyboard/share/teleop_gopigo3_keyboard/hook/pythonpath.ps1'
[12.136s] INFO:colcon.colcon_core.shell:Creating environment descriptor '/home/ubuntu/HumbleDave2/ros2ws/install/teleop_gopigo3_keyboard/share/teleop_gopigo3_keyboard/hook/pythonpath.dsv'
[12.138s] INFO:colcon.colcon_core.shell:Creating environment hook '/home/ubuntu/HumbleDave2/ros2ws/install/teleop_gopigo3_keyboard/share/teleop_gopigo3_keyboard/hook/pythonpath.sh'
[12.140s] Level 1:colcon.colcon_core.environment:checking '/home/ubuntu/HumbleDave2/ros2ws/install/teleop_gopigo3_keyboard/bin'
[12.140s] Level 1:colcon.colcon_core.environment:create_environment_scripts_only(teleop_gopigo3_keyboard)
[12.208s] INFO:colcon.colcon_core.shell:Creating package script '/home/ubuntu/HumbleDave2/ros2ws/install/teleop_gopigo3_keyboard/share/teleop_gopigo3_keyboard/package.ps1'
[12.212s] INFO:colcon.colcon_core.shell:Creating package descriptor '/home/ubuntu/HumbleDave2/ros2ws/install/teleop_gopigo3_keyboard/share/teleop_gopigo3_keyboard/package.dsv'
[12.214s] INFO:colcon.colcon_core.shell:Creating package script '/home/ubuntu/HumbleDave2/ros2ws/install/teleop_gopigo3_keyboard/share/teleop_gopigo3_keyboard/package.sh'
[12.217s] INFO:colcon.colcon_core.shell:Creating package script '/home/ubuntu/HumbleDave2/ros2ws/install/teleop_gopigo3_keyboard/share/teleop_gopigo3_keyboard/package.bash'
[12.220s] INFO:colcon.colcon_core.shell:Creating package script '/home/ubuntu/HumbleDave2/ros2ws/install/teleop_gopigo3_keyboard/share/teleop_gopigo3_keyboard/package.zsh'
[12.223s] Level 1:colcon.colcon_core.environment:create_file_with_runtime_dependencies(/home/ubuntu/HumbleDave2/ros2ws/install/teleop_gopigo3_keyboard/share/colcon-core/packages/teleop_gopigo3_keyboard)
[12.224s] DEBUG:colcon.colcon_parallel_executor.executor.parallel:closing loop
[12.225s] DEBUG:colcon.colcon_parallel_executor.executor.parallel:loop closed
[12.226s] DEBUG:colcon.colcon_parallel_executor.executor.parallel:run_until_complete finished with '0'
[12.226s] DEBUG:colcon.colcon_core.event_reactor:joining thread
[12.357s] INFO:colcon.colcon_core.plugin_system:Skipping extension 'colcon_notification.desktop_notification.notify_send': Could not find 'notify-send'
[12.357s] INFO:colcon.colcon_core.plugin_system:Skipping extension 'colcon_notification.desktop_notification.terminal_notifier': Not used on non-Darwin systems
[12.358s] INFO:colcon.colcon_core.plugin_system:Skipping extension 'colcon_notification.desktop_notification.win32': Not used on non-Windows systems
[12.358s] INFO:colcon.colcon_notification.desktop_notification:Sending desktop notification using 'notify2'
[12.361s] DEBUG:colcon.colcon_notification.desktop_notification.notify2:Failed to initialize notify2: org.freedesktop.DBus.Error.ServiceUnknown: The name org.freedesktop.Notifications was not provided by any .service files
[12.361s] DEBUG:colcon.colcon_core.event_reactor:joined thread
[12.430s] INFO:colcon.colcon_core.shell:Creating prefix script '/home/ubuntu/HumbleDave2/ros2ws/install/local_setup.ps1'
[12.434s] INFO:colcon.colcon_core.shell:Creating prefix util module '/home/ubuntu/HumbleDave2/ros2ws/install/_local_setup_util_ps1.py'
[12.439s] INFO:colcon.colcon_core.shell:Creating prefix chain script '/home/ubuntu/HumbleDave2/ros2ws/install/setup.ps1'
[12.512s] INFO:colcon.colcon_core.shell:Creating prefix script '/home/ubuntu/HumbleDave2/ros2ws/install/local_setup.sh'
[12.515s] INFO:colcon.colcon_core.shell:Creating prefix util module '/home/ubuntu/HumbleDave2/ros2ws/install/_local_setup_util_sh.py'
[12.517s] INFO:colcon.colcon_core.shell:Creating prefix chain script '/home/ubuntu/HumbleDave2/ros2ws/install/setup.sh'
[12.590s] INFO:colcon.colcon_core.shell:Creating prefix script '/home/ubuntu/HumbleDave2/ros2ws/install/local_setup.bash'
[12.592s] INFO:colcon.colcon_core.shell:Creating prefix chain script '/home/ubuntu/HumbleDave2/ros2ws/install/setup.bash'
[12.666s] INFO:colcon.colcon_core.shell:Creating prefix script '/home/ubuntu/HumbleDave2/ros2ws/install/local_setup.zsh'
[12.668s] INFO:colcon.colcon_core.shell:Creating prefix chain script '/home/ubuntu/HumbleDave2/ros2ws/install/setup.zsh'
