[1.294s] Invoking command in '/home/ubuntu/HumbleDave/ros2ws/build/gopigo3_navigation': CMAKE_PREFIX_PATH=${CMAKE_PREFIX_PATH}:/home/ubuntu/HumbleDave/ros2ws/install/HoROS8:/home/ubuntu/HumbleDave/ros2ws/install/teleop_gopigo3_keyboard:/home/ubuntu/HumbleDave/ros2ws/install/scan_client:/home/ubuntu/HumbleDave/ros2ws/install/ros2_libcamera_pub:/home/ubuntu/HumbleDave/ros2ws/install/ros2_gopigo3_node:/home/ubuntu/HumbleDave/ros2ws/install/explorer_wanderer:/home/ubuntu/ros2ws/install/ydlidar_ros2_driver:/home/ubuntu/ros2ws/install/teleop_gopigo3_keyboard:/home/ubuntu/ros2ws/install/ros2_libcamera_pub:/home/ubuntu/ros2ws/install/ros2_gopigo3_node:/home/ubuntu/ros2ws/install/ros2_gopigo3_msg:/opt/ros/humble /usr/bin/cmake --build /home/ubuntu/HumbleDave/ros2ws/build/gopigo3_navigation -- -j4 -l4
[1.660s] Built target ament_cmake_python_symlink_gopigo3_navigation
[3.726s] running egg_info
[3.729s] writing gopigo3_navigation.egg-info/PKG-INFO
[3.731s] writing dependency_links to gopigo3_navigation.egg-info/dependency_links.txt
[3.732s] writing top-level names to gopigo3_navigation.egg-info/top_level.txt
[3.743s] reading manifest file 'gopigo3_navigation.egg-info/SOURCES.txt'
[3.746s] writing manifest file 'gopigo3_navigation.egg-info/SOURCES.txt'
[3.937s] Built target ament_cmake_python_build_gopigo3_navigation_egg
[4.020s] Invoked command in '/home/ubuntu/HumbleDave/ros2ws/build/gopigo3_navigation' returned '0': CMAKE_PREFIX_PATH=${CMAKE_PREFIX_PATH}:/home/ubuntu/HumbleDave/ros2ws/install/HoROS8:/home/ubuntu/HumbleDave/ros2ws/install/teleop_gopigo3_keyboard:/home/ubuntu/HumbleDave/ros2ws/install/scan_client:/home/ubuntu/HumbleDave/ros2ws/install/ros2_libcamera_pub:/home/ubuntu/HumbleDave/ros2ws/install/ros2_gopigo3_node:/home/ubuntu/HumbleDave/ros2ws/install/explorer_wanderer:/home/ubuntu/ros2ws/install/ydlidar_ros2_driver:/home/ubuntu/ros2ws/install/teleop_gopigo3_keyboard:/home/ubuntu/ros2ws/install/ros2_libcamera_pub:/home/ubuntu/ros2ws/install/ros2_gopigo3_node:/home/ubuntu/ros2ws/install/ros2_gopigo3_msg:/opt/ros/humble /usr/bin/cmake --build /home/ubuntu/HumbleDave/ros2ws/build/gopigo3_navigation -- -j4 -l4
[4.185s] Invoking command in '/home/ubuntu/HumbleDave/ros2ws/build/gopigo3_navigation': CMAKE_PREFIX_PATH=${CMAKE_PREFIX_PATH}:/home/ubuntu/HumbleDave/ros2ws/install/HoROS8:/home/ubuntu/HumbleDave/ros2ws/install/teleop_gopigo3_keyboard:/home/ubuntu/HumbleDave/ros2ws/install/scan_client:/home/ubuntu/HumbleDave/ros2ws/install/ros2_libcamera_pub:/home/ubuntu/HumbleDave/ros2ws/install/ros2_gopigo3_node:/home/ubuntu/HumbleDave/ros2ws/install/explorer_wanderer:/home/ubuntu/ros2ws/install/ydlidar_ros2_driver:/home/ubuntu/ros2ws/install/teleop_gopigo3_keyboard:/home/ubuntu/ros2ws/install/ros2_libcamera_pub:/home/ubuntu/ros2ws/install/ros2_gopigo3_node:/home/ubuntu/ros2ws/install/ros2_gopigo3_msg:/opt/ros/humble /usr/bin/cmake --install /home/ubuntu/HumbleDave/ros2ws/build/gopigo3_navigation
[4.213s] -- Install configuration: ""
[4.215s] -- Execute custom install script
[4.217s] -- Up-to-date symlink: /home/ubuntu/HumbleDave/ros2ws/install/gopigo3_navigation/share/gopigo3_navigation/config/localization.yaml
[4.218s] -- Up-to-date symlink: /home/ubuntu/HumbleDave/ros2ws/install/gopigo3_navigation/share/gopigo3_navigation/config/nav2.yaml
[4.219s] -- Up-to-date symlink: /home/ubuntu/HumbleDave/ros2ws/install/gopigo3_navigation/share/gopigo3_navigation/config/slam.tb4.yaml
[4.220s] -- Up-to-date symlink: /home/ubuntu/HumbleDave/ros2ws/install/gopigo3_navigation/share/gopigo3_navigation/config/slam.yaml
[4.222s] -- Up-to-date symlink: /home/ubuntu/HumbleDave/ros2ws/install/gopigo3_navigation/share/gopigo3_navigation/launch/localization.launch.py
[4.223s] -- Up-to-date symlink: /home/ubuntu/HumbleDave/ros2ws/install/gopigo3_navigation/share/gopigo3_navigation/launch/nav2.launch.py
[4.224s] -- Up-to-date symlink: /home/ubuntu/HumbleDave/ros2ws/install/gopigo3_navigation/share/gopigo3_navigation/launch/slam.launch.py
[4.226s] -- Up-to-date symlink: /home/ubuntu/HumbleDave/ros2ws/install/gopigo3_navigation/share/gopigo3_navigation/maps/depot.pgm
[4.227s] -- Up-to-date symlink: /home/ubuntu/HumbleDave/ros2ws/install/gopigo3_navigation/share/gopigo3_navigation/maps/depot.yaml
[4.228s] -- Up-to-date symlink: /home/ubuntu/HumbleDave/ros2ws/install/gopigo3_navigation/share/gopigo3_navigation/maps/maze.pgm
[4.229s] -- Up-to-date symlink: /home/ubuntu/HumbleDave/ros2ws/install/gopigo3_navigation/share/gopigo3_navigation/maps/maze.yaml
[4.230s] -- Up-to-date symlink: /home/ubuntu/HumbleDave/ros2ws/install/gopigo3_navigation/share/gopigo3_navigation/maps/warehouse.pgm
[4.231s] -- Up-to-date symlink: /home/ubuntu/HumbleDave/ros2ws/install/gopigo3_navigation/share/gopigo3_navigation/maps/warehouse.yaml
[4.233s] -- Up-to-date symlink: /home/ubuntu/HumbleDave/ros2ws/install/gopigo3_navigation/share/gopigo3_navigation/environment/pythonpath.sh
[4.236s] -- Up-to-date symlink: /home/ubuntu/HumbleDave/ros2ws/install/gopigo3_navigation/share/gopigo3_navigation/environment/pythonpath.dsv
[4.237s] -- Up-to-date symlink: /home/ubuntu/HumbleDave/ros2ws/install/gopigo3_navigation/local/lib/python3.10/dist-packages/gopigo3_navigation-1.0.4-py3.10.egg-info/PKG-INFO
[4.241s] -- Up-to-date symlink: /home/ubuntu/HumbleDave/ros2ws/install/gopigo3_navigation/local/lib/python3.10/dist-packages/gopigo3_navigation-1.0.4-py3.10.egg-info/SOURCES.txt
[4.243s] -- Up-to-date symlink: /home/ubuntu/HumbleDave/ros2ws/install/gopigo3_navigation/local/lib/python3.10/dist-packages/gopigo3_navigation-1.0.4-py3.10.egg-info/dependency_links.txt
[4.245s] -- Up-to-date symlink: /home/ubuntu/HumbleDave/ros2ws/install/gopigo3_navigation/local/lib/python3.10/dist-packages/gopigo3_navigation-1.0.4-py3.10.egg-info/top_level.txt
[4.249s] -- Up-to-date symlink: /home/ubuntu/HumbleDave/ros2ws/install/gopigo3_navigation/local/lib/python3.10/dist-packages/gopigo3_navigation/__init__.py
[4.250s] -- Up-to-date symlink: /home/ubuntu/HumbleDave/ros2ws/install/gopigo3_navigation/local/lib/python3.10/dist-packages/gopigo3_navigation/gopigo3_navigator.py
[4.253s] -- Up-to-date symlink: /home/ubuntu/HumbleDave/ros2ws/install/gopigo3_navigation/local/lib/python3.10/dist-packages/gopigo3_navigator.py
[4.256s] -- Up-to-date symlink: /home/ubuntu/HumbleDave/ros2ws/install/gopigo3_navigation/share/ament_index/resource_index/package_run_dependencies/gopigo3_navigation
[4.257s] -- Up-to-date symlink: /home/ubuntu/HumbleDave/ros2ws/install/gopigo3_navigation/share/ament_index/resource_index/parent_prefix_path/gopigo3_navigation
[4.261s] -- Up-to-date symlink: /home/ubuntu/HumbleDave/ros2ws/install/gopigo3_navigation/share/gopigo3_navigation/environment/ament_prefix_path.sh
[4.265s] -- Up-to-date symlink: /home/ubuntu/HumbleDave/ros2ws/install/gopigo3_navigation/share/gopigo3_navigation/environment/ament_prefix_path.dsv
[4.267s] -- Up-to-date symlink: /home/ubuntu/HumbleDave/ros2ws/install/gopigo3_navigation/share/gopigo3_navigation/environment/path.sh
[4.269s] -- Up-to-date symlink: /home/ubuntu/HumbleDave/ros2ws/install/gopigo3_navigation/share/gopigo3_navigation/environment/path.dsv
[4.271s] -- Up-to-date symlink: /home/ubuntu/HumbleDave/ros2ws/install/gopigo3_navigation/share/gopigo3_navigation/local_setup.bash
[4.272s] -- Up-to-date symlink: /home/ubuntu/HumbleDave/ros2ws/install/gopigo3_navigation/share/gopigo3_navigation/local_setup.sh
[4.273s] -- Up-to-date symlink: /home/ubuntu/HumbleDave/ros2ws/install/gopigo3_navigation/share/gopigo3_navigation/local_setup.zsh
[4.274s] -- Up-to-date symlink: /home/ubuntu/HumbleDave/ros2ws/install/gopigo3_navigation/share/gopigo3_navigation/local_setup.dsv
[4.275s] -- Symlinking: /home/ubuntu/HumbleDave/ros2ws/install/gopigo3_navigation/share/gopigo3_navigation/package.dsv
[4.305s] -- Up-to-date symlink: /home/ubuntu/HumbleDave/ros2ws/install/gopigo3_navigation/share/ament_index/resource_index/packages/gopigo3_navigation
[4.307s] -- Up-to-date symlink: /home/ubuntu/HumbleDave/ros2ws/install/gopigo3_navigation/share/gopigo3_navigation/cmake/gopigo3_navigationConfig.cmake
[4.308s] -- Up-to-date symlink: /home/ubuntu/HumbleDave/ros2ws/install/gopigo3_navigation/share/gopigo3_navigation/cmake/gopigo3_navigationConfig-version.cmake
[4.309s] -- Up-to-date symlink: /home/ubuntu/HumbleDave/ros2ws/install/gopigo3_navigation/share/gopigo3_navigation/package.xml
[4.562s] Listing '/home/ubuntu/HumbleDave/ros2ws/install/gopigo3_navigation/local/lib/python3.10/dist-packages/gopigo3_navigation'...
[5.850s] Invoked command in '/home/ubuntu/HumbleDave/ros2ws/build/gopigo3_navigation' returned '0': CMAKE_PREFIX_PATH=${CMAKE_PREFIX_PATH}:/home/ubuntu/HumbleDave/ros2ws/install/HoROS8:/home/ubuntu/HumbleDave/ros2ws/install/teleop_gopigo3_keyboard:/home/ubuntu/HumbleDave/ros2ws/install/scan_client:/home/ubuntu/HumbleDave/ros2ws/install/ros2_libcamera_pub:/home/ubuntu/HumbleDave/ros2ws/install/ros2_gopigo3_node:/home/ubuntu/HumbleDave/ros2ws/install/explorer_wanderer:/home/ubuntu/ros2ws/install/ydlidar_ros2_driver:/home/ubuntu/ros2ws/install/teleop_gopigo3_keyboard:/home/ubuntu/ros2ws/install/ros2_libcamera_pub:/home/ubuntu/ros2ws/install/ros2_gopigo3_node:/home/ubuntu/ros2ws/install/ros2_gopigo3_msg:/opt/ros/humble /usr/bin/cmake --install /home/ubuntu/HumbleDave/ros2ws/build/gopigo3_navigation
