[4.376s] DEBUG:colcon:Command line arguments: ['/usr/bin/colcon', 'build', '--allow-overriding', 'ros2_gopigo3_msg', '--symlink-install']
[4.376s] DEBUG:colcon:Parsed command line arguments: Namespace(log_base=None, log_level=None, verb_name='build', build_base='build', install_base='install', merge_install=False, symlink_install=True, test_result_base=None, continue_on_error=False, executor='parallel', parallel_workers=4, event_handlers=None, ignore_user_meta=False, metas=['./colcon.meta'], base_paths=['.'], packages_ignore=None, packages_ignore_regex=None, paths=None, packages_up_to=None, packages_up_to_regex=None, packages_above=None, packages_above_and_dependencies=None, packages_above_depth=None, packages_select_by_dep=None, packages_skip_by_dep=None, packages_skip_up_to=None, packages_select_build_failed=False, packages_skip_build_finished=False, packages_select_test_failures=False, packages_skip_test_passed=False, packages_select=None, packages_skip=None, packages_select_regex=None, packages_skip_regex=None, packages_start=None, packages_end=None, allow_overriding=['ros2_gopigo3_msg'], cmake_args=None, cmake_target=None, cmake_target_skip_unavailable=False, cmake_clean_cache=False, cmake_clean_first=False, cmake_force_configure=False, ament_cmake_args=None, catkin_cmake_args=None, catkin_skip_building_tests=False, verb_parser=<colcon_defaults.argument_parser.defaults.DefaultArgumentsDecorator object at 0xffffa94ff2b0>, verb_extension=<colcon_core.verb.build.BuildVerb object at 0xffffa9635540>, main=<bound method BuildVerb.main of <colcon_core.verb.build.BuildVerb object at 0xffffa9635540>>)
[4.579s] Level 1:colcon.colcon_core.package_discovery:discover_packages(colcon_meta) check parameters
[4.580s] Level 1:colcon.colcon_core.package_discovery:discover_packages(recursive) check parameters
[4.580s] Level 1:colcon.colcon_core.package_discovery:discover_packages(ignore) check parameters
[4.580s] Level 1:colcon.colcon_core.package_discovery:discover_packages(path) check parameters
[4.580s] Level 1:colcon.colcon_core.package_discovery:discover_packages(colcon_meta) discover
[4.580s] Level 1:colcon.colcon_core.package_discovery:discover_packages(recursive) discover
[4.581s] INFO:colcon.colcon_core.package_discovery:Crawling recursively for packages in '/home/ubuntu/HumbleDave/ros2ws'
[4.582s] Level 1:colcon.colcon_core.package_identification:_identify(.) by extensions ['ignore', 'ignore_ament_install']
[4.582s] Level 1:colcon.colcon_core.package_identification:_identify(.) by extension 'ignore'
[4.582s] Level 1:colcon.colcon_core.package_identification:_identify(.) by extension 'ignore_ament_install'
[4.583s] Level 1:colcon.colcon_core.package_identification:_identify(.) by extensions ['colcon_pkg']
[4.583s] Level 1:colcon.colcon_core.package_identification:_identify(.) by extension 'colcon_pkg'
[4.583s] Level 1:colcon.colcon_core.package_identification:_identify(.) by extensions ['colcon_meta']
[4.583s] Level 1:colcon.colcon_core.package_identification:_identify(.) by extension 'colcon_meta'
[4.583s] Level 1:colcon.colcon_core.package_identification:_identify(.) by extensions ['ros']
[4.583s] Level 1:colcon.colcon_core.package_identification:_identify(.) by extension 'ros'
[4.627s] Level 1:colcon.colcon_core.package_identification:_identify(.) by extensions ['cmake', 'python']
[4.627s] Level 1:colcon.colcon_core.package_identification:_identify(.) by extension 'cmake'
[4.628s] Level 1:colcon.colcon_core.package_identification:_identify(.) by extension 'python'
[4.628s] Level 1:colcon.colcon_core.package_identification:_identify(.) by extensions ['python_setup_py']
[4.628s] Level 1:colcon.colcon_core.package_identification:_identify(.) by extension 'python_setup_py'
[4.628s] Level 1:colcon.colcon_core.package_identification:_identify(build) by extensions ['ignore', 'ignore_ament_install']
[4.629s] Level 1:colcon.colcon_core.package_identification:_identify(build) by extension 'ignore'
[4.629s] Level 1:colcon.colcon_core.package_identification:_identify(build) ignored
[4.629s] Level 1:colcon.colcon_core.package_identification:_identify(install) by extensions ['ignore', 'ignore_ament_install']
[4.630s] Level 1:colcon.colcon_core.package_identification:_identify(install) by extension 'ignore'
[4.630s] Level 1:colcon.colcon_core.package_identification:_identify(install) ignored
[4.630s] Level 1:colcon.colcon_core.package_identification:_identify(log) by extensions ['ignore', 'ignore_ament_install']
[4.631s] Level 1:colcon.colcon_core.package_identification:_identify(log) by extension 'ignore'
[4.631s] Level 1:colcon.colcon_core.package_identification:_identify(log) ignored
[4.631s] Level 1:colcon.colcon_core.package_identification:_identify(src) by extensions ['ignore', 'ignore_ament_install']
[4.632s] Level 1:colcon.colcon_core.package_identification:_identify(src) by extension 'ignore'
[4.632s] Level 1:colcon.colcon_core.package_identification:_identify(src) by extension 'ignore_ament_install'
[4.632s] Level 1:colcon.colcon_core.package_identification:_identify(src) by extensions ['colcon_pkg']
[4.632s] Level 1:colcon.colcon_core.package_identification:_identify(src) by extension 'colcon_pkg'
[4.632s] Level 1:colcon.colcon_core.package_identification:_identify(src) by extensions ['colcon_meta']
[4.632s] Level 1:colcon.colcon_core.package_identification:_identify(src) by extension 'colcon_meta'
[4.633s] Level 1:colcon.colcon_core.package_identification:_identify(src) by extensions ['ros']
[4.633s] Level 1:colcon.colcon_core.package_identification:_identify(src) by extension 'ros'
[4.633s] Level 1:colcon.colcon_core.package_identification:_identify(src) by extensions ['cmake', 'python']
[4.633s] Level 1:colcon.colcon_core.package_identification:_identify(src) by extension 'cmake'
[4.633s] Level 1:colcon.colcon_core.package_identification:_identify(src) by extension 'python'
[4.633s] Level 1:colcon.colcon_core.package_identification:_identify(src) by extensions ['python_setup_py']
[4.634s] Level 1:colcon.colcon_core.package_identification:_identify(src) by extension 'python_setup_py'
[4.634s] Level 1:colcon.colcon_core.package_identification:_identify(src/gopigo3_ekf) by extensions ['ignore', 'ignore_ament_install']
[4.634s] Level 1:colcon.colcon_core.package_identification:_identify(src/gopigo3_ekf) by extension 'ignore'
[4.634s] Level 1:colcon.colcon_core.package_identification:_identify(src/gopigo3_ekf) by extension 'ignore_ament_install'
[4.635s] Level 1:colcon.colcon_core.package_identification:_identify(src/gopigo3_ekf) by extensions ['colcon_pkg']
[4.635s] Level 1:colcon.colcon_core.package_identification:_identify(src/gopigo3_ekf) by extension 'colcon_pkg'
[4.635s] Level 1:colcon.colcon_core.package_identification:_identify(src/gopigo3_ekf) by extensions ['colcon_meta']
[4.635s] Level 1:colcon.colcon_core.package_identification:_identify(src/gopigo3_ekf) by extension 'colcon_meta'
[4.635s] Level 1:colcon.colcon_core.package_identification:_identify(src/gopigo3_ekf) by extensions ['ros']
[4.635s] Level 1:colcon.colcon_core.package_identification:_identify(src/gopigo3_ekf) by extension 'ros'
[4.644s] DEBUG:colcon.colcon_core.package_identification:Package 'src/gopigo3_ekf' with type 'ros.ament_cmake' and name 'gopigo3_ekf'
[4.644s] Level 1:colcon.colcon_core.package_identification:_identify(src/ros2_gopigo3_msg) by extensions ['ignore', 'ignore_ament_install']
[4.645s] Level 1:colcon.colcon_core.package_identification:_identify(src/ros2_gopigo3_msg) by extension 'ignore'
[4.645s] Level 1:colcon.colcon_core.package_identification:_identify(src/ros2_gopigo3_msg) by extension 'ignore_ament_install'
[4.645s] Level 1:colcon.colcon_core.package_identification:_identify(src/ros2_gopigo3_msg) by extensions ['colcon_pkg']
[4.645s] Level 1:colcon.colcon_core.package_identification:_identify(src/ros2_gopigo3_msg) by extension 'colcon_pkg'
[4.646s] Level 1:colcon.colcon_core.package_identification:_identify(src/ros2_gopigo3_msg) by extensions ['colcon_meta']
[4.646s] Level 1:colcon.colcon_core.package_identification:_identify(src/ros2_gopigo3_msg) by extension 'colcon_meta'
[4.646s] Level 1:colcon.colcon_core.package_identification:_identify(src/ros2_gopigo3_msg) by extensions ['ros']
[4.646s] Level 1:colcon.colcon_core.package_identification:_identify(src/ros2_gopigo3_msg) by extension 'ros'
[4.648s] DEBUG:colcon.colcon_core.package_identification:Package 'src/ros2_gopigo3_msg' with type 'ros.ament_cmake' and name 'ros2_gopigo3_msg'
[4.649s] Level 1:colcon.colcon_core.package_identification:_identify(src/ros2_gopigo3_node) by extensions ['ignore', 'ignore_ament_install']
[4.649s] Level 1:colcon.colcon_core.package_identification:_identify(src/ros2_gopigo3_node) by extension 'ignore'
[4.649s] Level 1:colcon.colcon_core.package_identification:_identify(src/ros2_gopigo3_node) by extension 'ignore_ament_install'
[4.649s] Level 1:colcon.colcon_core.package_identification:_identify(src/ros2_gopigo3_node) by extensions ['colcon_pkg']
[4.649s] Level 1:colcon.colcon_core.package_identification:_identify(src/ros2_gopigo3_node) by extension 'colcon_pkg'
[4.650s] Level 1:colcon.colcon_core.package_identification:_identify(src/ros2_gopigo3_node) by extensions ['colcon_meta']
[4.650s] Level 1:colcon.colcon_core.package_identification:_identify(src/ros2_gopigo3_node) by extension 'colcon_meta'
[4.650s] Level 1:colcon.colcon_core.package_identification:_identify(src/ros2_gopigo3_node) by extensions ['ros']
[4.650s] Level 1:colcon.colcon_core.package_identification:_identify(src/ros2_gopigo3_node) by extension 'ros'
[4.652s] DEBUG:colcon.colcon_core.package_identification:Package 'src/ros2_gopigo3_node' with type 'ros.ament_python' and name 'ros2_gopigo3_node'
[4.653s] Level 1:colcon.colcon_core.package_identification:_identify(src/ros2_libcamera_pub) by extensions ['ignore', 'ignore_ament_install']
[4.653s] Level 1:colcon.colcon_core.package_identification:_identify(src/ros2_libcamera_pub) by extension 'ignore'
[4.654s] Level 1:colcon.colcon_core.package_identification:_identify(src/ros2_libcamera_pub) by extension 'ignore_ament_install'
[4.654s] Level 1:colcon.colcon_core.package_identification:_identify(src/ros2_libcamera_pub) by extensions ['colcon_pkg']
[4.654s] Level 1:colcon.colcon_core.package_identification:_identify(src/ros2_libcamera_pub) by extension 'colcon_pkg'
[4.654s] Level 1:colcon.colcon_core.package_identification:_identify(src/ros2_libcamera_pub) by extensions ['colcon_meta']
[4.654s] Level 1:colcon.colcon_core.package_identification:_identify(src/ros2_libcamera_pub) by extension 'colcon_meta'
[4.654s] Level 1:colcon.colcon_core.package_identification:_identify(src/ros2_libcamera_pub) by extensions ['ros']
[4.655s] Level 1:colcon.colcon_core.package_identification:_identify(src/ros2_libcamera_pub) by extension 'ros'
[4.657s] DEBUG:colcon.colcon_core.package_identification:Package 'src/ros2_libcamera_pub' with type 'ros.ament_python' and name 'ros2_libcamera_pub'
[4.657s] Level 1:colcon.colcon_core.package_identification:_identify(src/scan_client) by extensions ['ignore', 'ignore_ament_install']
[4.657s] Level 1:colcon.colcon_core.package_identification:_identify(src/scan_client) by extension 'ignore'
[4.658s] Level 1:colcon.colcon_core.package_identification:_identify(src/scan_client) by extension 'ignore_ament_install'
[4.658s] Level 1:colcon.colcon_core.package_identification:_identify(src/scan_client) by extensions ['colcon_pkg']
[4.658s] Level 1:colcon.colcon_core.package_identification:_identify(src/scan_client) by extension 'colcon_pkg'
[4.658s] Level 1:colcon.colcon_core.package_identification:_identify(src/scan_client) by extensions ['colcon_meta']
[4.658s] Level 1:colcon.colcon_core.package_identification:_identify(src/scan_client) by extension 'colcon_meta'
[4.659s] Level 1:colcon.colcon_core.package_identification:_identify(src/scan_client) by extensions ['ros']
[4.659s] Level 1:colcon.colcon_core.package_identification:_identify(src/scan_client) by extension 'ros'
[4.661s] DEBUG:colcon.colcon_core.package_identification:Package 'src/scan_client' with type 'ros.ament_python' and name 'scan_client'
[4.661s] Level 1:colcon.colcon_core.package_identification:_identify(src/teleop_gopigo3_keyboard) by extensions ['ignore', 'ignore_ament_install']
[4.665s] Level 1:colcon.colcon_core.package_identification:_identify(src/teleop_gopigo3_keyboard) by extension 'ignore'
[4.666s] Level 1:colcon.colcon_core.package_identification:_identify(src/teleop_gopigo3_keyboard) by extension 'ignore_ament_install'
[4.666s] Level 1:colcon.colcon_core.package_identification:_identify(src/teleop_gopigo3_keyboard) by extensions ['colcon_pkg']
[4.666s] Level 1:colcon.colcon_core.package_identification:_identify(src/teleop_gopigo3_keyboard) by extension 'colcon_pkg'
[4.666s] Level 1:colcon.colcon_core.package_identification:_identify(src/teleop_gopigo3_keyboard) by extensions ['colcon_meta']
[4.667s] Level 1:colcon.colcon_core.package_identification:_identify(src/teleop_gopigo3_keyboard) by extension 'colcon_meta'
[4.667s] Level 1:colcon.colcon_core.package_identification:_identify(src/teleop_gopigo3_keyboard) by extensions ['ros']
[4.667s] Level 1:colcon.colcon_core.package_identification:_identify(src/teleop_gopigo3_keyboard) by extension 'ros'
[4.669s] DEBUG:colcon.colcon_core.package_identification:Package 'src/teleop_gopigo3_keyboard' with type 'ros.ament_python' and name 'teleop_gopigo3_keyboard'
[4.670s] Level 1:colcon.colcon_core.package_identification:_identify(src/ydlidar_ros2_driver) by extensions ['ignore', 'ignore_ament_install']
[4.670s] Level 1:colcon.colcon_core.package_identification:_identify(src/ydlidar_ros2_driver) by extension 'ignore'
[4.670s] Level 1:colcon.colcon_core.package_identification:_identify(src/ydlidar_ros2_driver) by extension 'ignore_ament_install'
[4.670s] Level 1:colcon.colcon_core.package_identification:_identify(src/ydlidar_ros2_driver) by extensions ['colcon_pkg']
[4.671s] Level 1:colcon.colcon_core.package_identification:_identify(src/ydlidar_ros2_driver) by extension 'colcon_pkg'
[4.671s] Level 1:colcon.colcon_core.package_identification:_identify(src/ydlidar_ros2_driver) by extensions ['colcon_meta']
[4.671s] Level 1:colcon.colcon_core.package_identification:_identify(src/ydlidar_ros2_driver) by extension 'colcon_meta'
[4.671s] Level 1:colcon.colcon_core.package_identification:_identify(src/ydlidar_ros2_driver) by extensions ['ros']
[4.671s] Level 1:colcon.colcon_core.package_identification:_identify(src/ydlidar_ros2_driver) by extension 'ros'
[4.673s] DEBUG:colcon.colcon_core.package_identification:Package 'src/ydlidar_ros2_driver' with type 'ros.ament_cmake' and name 'ydlidar_ros2_driver'
[4.674s] Level 1:colcon.colcon_core.package_discovery:discover_packages(recursive) using defaults
[4.674s] Level 1:colcon.colcon_core.package_discovery:discover_packages(ignore) discover
[4.674s] Level 1:colcon.colcon_core.package_discovery:discover_packages(ignore) using defaults
[4.674s] Level 1:colcon.colcon_core.package_discovery:discover_packages(path) discover
[4.674s] Level 1:colcon.colcon_core.package_discovery:discover_packages(path) using defaults
[5.066s] Level 1:colcon.colcon_core.package_discovery:discover_packages(prefix_path) check parameters
[5.066s] Level 1:colcon.colcon_core.package_discovery:discover_packages(prefix_path) discover
[5.131s] WARNING:colcon.colcon_ros.prefix_path.ament:The path '/home/ubuntu/HumbleDave/ros2ws/install/ydlidar_ros2_driver' in the environment variable AMENT_PREFIX_PATH doesn't exist
[5.132s] WARNING:colcon.colcon_ros.prefix_path.ament:The path '/home/ubuntu/HumbleDave/ros2ws/install/teleop_gopigo3_keyboard' in the environment variable AMENT_PREFIX_PATH doesn't exist
[5.132s] WARNING:colcon.colcon_ros.prefix_path.ament:The path '/home/ubuntu/HumbleDave/ros2ws/install/scan_client' in the environment variable AMENT_PREFIX_PATH doesn't exist
[5.133s] WARNING:colcon.colcon_ros.prefix_path.ament:The path '/home/ubuntu/HumbleDave/ros2ws/install/ros2_libcamera_pub' in the environment variable AMENT_PREFIX_PATH doesn't exist
[5.133s] WARNING:colcon.colcon_ros.prefix_path.ament:The path '/home/ubuntu/HumbleDave/ros2ws/install/ros2_gopigo3_node' in the environment variable AMENT_PREFIX_PATH doesn't exist
[5.133s] WARNING:colcon.colcon_ros.prefix_path.ament:The path '/home/ubuntu/HumbleDave/ros2ws/install/ros2_gopigo3_msg' in the environment variable AMENT_PREFIX_PATH doesn't exist
[5.136s] WARNING:colcon.colcon_ros.prefix_path.catkin:The path '/home/ubuntu/HumbleDave/ros2ws/install/ydlidar_ros2_driver' in the environment variable CMAKE_PREFIX_PATH doesn't exist
[5.137s] WARNING:colcon.colcon_ros.prefix_path.catkin:The path '/home/ubuntu/HumbleDave/ros2ws/install/ros2_gopigo3_msg' in the environment variable CMAKE_PREFIX_PATH doesn't exist
[5.201s] DEBUG:colcon.colcon_installed_package_information.package_discovery:Found 0 installed packages in /home/ubuntu/HumbleDave/ros2ws/install
[5.264s] DEBUG:colcon.colcon_installed_package_information.package_discovery:Found 5 installed packages in /home/ubuntu/ros2ws/install
[5.332s] DEBUG:colcon.colcon_installed_package_information.package_discovery:Found 221 installed packages in /opt/ros/humble
[5.337s] Level 1:colcon.colcon_core.package_discovery:discover_packages(prefix_path) using defaults
[5.670s] Level 5:colcon.colcon_core.verb:set package 'gopigo3_ekf' build argument 'cmake_args' from command line to 'None'
[5.671s] Level 5:colcon.colcon_core.verb:set package 'gopigo3_ekf' build argument 'cmake_target' from command line to 'None'
[5.671s] Level 5:colcon.colcon_core.verb:set package 'gopigo3_ekf' build argument 'cmake_target_skip_unavailable' from command line to 'False'
[5.671s] Level 5:colcon.colcon_core.verb:set package 'gopigo3_ekf' build argument 'cmake_clean_cache' from command line to 'False'
[5.671s] Level 5:colcon.colcon_core.verb:set package 'gopigo3_ekf' build argument 'cmake_clean_first' from command line to 'False'
[5.671s] Level 5:colcon.colcon_core.verb:set package 'gopigo3_ekf' build argument 'cmake_force_configure' from command line to 'False'
[5.671s] Level 5:colcon.colcon_core.verb:set package 'gopigo3_ekf' build argument 'ament_cmake_args' from command line to 'None'
[5.671s] Level 5:colcon.colcon_core.verb:set package 'gopigo3_ekf' build argument 'catkin_cmake_args' from command line to 'None'
[5.671s] Level 5:colcon.colcon_core.verb:set package 'gopigo3_ekf' build argument 'catkin_skip_building_tests' from command line to 'False'
[5.672s] DEBUG:colcon.colcon_core.verb:Building package 'gopigo3_ekf' with the following arguments: {'ament_cmake_args': None, 'build_base': '/home/ubuntu/HumbleDave/ros2ws/build/gopigo3_ekf', 'catkin_cmake_args': None, 'catkin_skip_building_tests': False, 'cmake_args': None, 'cmake_clean_cache': False, 'cmake_clean_first': False, 'cmake_force_configure': False, 'cmake_target': None, 'cmake_target_skip_unavailable': False, 'install_base': '/home/ubuntu/HumbleDave/ros2ws/install/gopigo3_ekf', 'merge_install': False, 'path': '/home/ubuntu/HumbleDave/ros2ws/src/gopigo3_ekf', 'symlink_install': True, 'test_result_base': None}
[5.734s] Level 5:colcon.colcon_core.verb:set package 'ros2_gopigo3_msg' build argument 'cmake_args' from command line to 'None'
[5.735s] Level 5:colcon.colcon_core.verb:set package 'ros2_gopigo3_msg' build argument 'cmake_target' from command line to 'None'
[5.735s] Level 5:colcon.colcon_core.verb:set package 'ros2_gopigo3_msg' build argument 'cmake_target_skip_unavailable' from command line to 'False'
[5.735s] Level 5:colcon.colcon_core.verb:set package 'ros2_gopigo3_msg' build argument 'cmake_clean_cache' from command line to 'False'
[5.735s] Level 5:colcon.colcon_core.verb:set package 'ros2_gopigo3_msg' build argument 'cmake_clean_first' from command line to 'False'
[5.735s] Level 5:colcon.colcon_core.verb:set package 'ros2_gopigo3_msg' build argument 'cmake_force_configure' from command line to 'False'
[5.735s] Level 5:colcon.colcon_core.verb:set package 'ros2_gopigo3_msg' build argument 'ament_cmake_args' from command line to 'None'
[5.735s] Level 5:colcon.colcon_core.verb:set package 'ros2_gopigo3_msg' build argument 'catkin_cmake_args' from command line to 'None'
[5.735s] Level 5:colcon.colcon_core.verb:set package 'ros2_gopigo3_msg' build argument 'catkin_skip_building_tests' from command line to 'False'
[5.735s] DEBUG:colcon.colcon_core.verb:Building package 'ros2_gopigo3_msg' with the following arguments: {'ament_cmake_args': None, 'build_base': '/home/ubuntu/HumbleDave/ros2ws/build/ros2_gopigo3_msg', 'catkin_cmake_args': None, 'catkin_skip_building_tests': False, 'cmake_args': None, 'cmake_clean_cache': False, 'cmake_clean_first': False, 'cmake_force_configure': False, 'cmake_target': None, 'cmake_target_skip_unavailable': False, 'install_base': '/home/ubuntu/HumbleDave/ros2ws/install/ros2_gopigo3_msg', 'merge_install': False, 'path': '/home/ubuntu/HumbleDave/ros2ws/src/ros2_gopigo3_msg', 'symlink_install': True, 'test_result_base': None}
[5.798s] Level 5:colcon.colcon_core.verb:set package 'ros2_libcamera_pub' build argument 'cmake_args' from command line to 'None'
[5.799s] Level 5:colcon.colcon_core.verb:set package 'ros2_libcamera_pub' build argument 'cmake_target' from command line to 'None'
[5.799s] Level 5:colcon.colcon_core.verb:set package 'ros2_libcamera_pub' build argument 'cmake_target_skip_unavailable' from command line to 'False'
[5.799s] Level 5:colcon.colcon_core.verb:set package 'ros2_libcamera_pub' build argument 'cmake_clean_cache' from command line to 'False'
[5.799s] Level 5:colcon.colcon_core.verb:set package 'ros2_libcamera_pub' build argument 'cmake_clean_first' from command line to 'False'
[5.799s] Level 5:colcon.colcon_core.verb:set package 'ros2_libcamera_pub' build argument 'cmake_force_configure' from command line to 'False'
[5.799s] Level 5:colcon.colcon_core.verb:set package 'ros2_libcamera_pub' build argument 'ament_cmake_args' from command line to 'None'
[5.799s] Level 5:colcon.colcon_core.verb:set package 'ros2_libcamera_pub' build argument 'catkin_cmake_args' from command line to 'None'
[5.799s] Level 5:colcon.colcon_core.verb:set package 'ros2_libcamera_pub' build argument 'catkin_skip_building_tests' from command line to 'False'
[5.800s] DEBUG:colcon.colcon_core.verb:Building package 'ros2_libcamera_pub' with the following arguments: {'ament_cmake_args': None, 'build_base': '/home/ubuntu/HumbleDave/ros2ws/build/ros2_libcamera_pub', 'catkin_cmake_args': None, 'catkin_skip_building_tests': False, 'cmake_args': None, 'cmake_clean_cache': False, 'cmake_clean_first': False, 'cmake_force_configure': False, 'cmake_target': None, 'cmake_target_skip_unavailable': False, 'install_base': '/home/ubuntu/HumbleDave/ros2ws/install/ros2_libcamera_pub', 'merge_install': False, 'path': '/home/ubuntu/HumbleDave/ros2ws/src/ros2_libcamera_pub', 'symlink_install': True, 'test_result_base': None}
[5.862s] Level 5:colcon.colcon_core.verb:set package 'scan_client' build argument 'cmake_args' from command line to 'None'
[5.862s] Level 5:colcon.colcon_core.verb:set package 'scan_client' build argument 'cmake_target' from command line to 'None'
[5.862s] Level 5:colcon.colcon_core.verb:set package 'scan_client' build argument 'cmake_target_skip_unavailable' from command line to 'False'
[5.863s] Level 5:colcon.colcon_core.verb:set package 'scan_client' build argument 'cmake_clean_cache' from command line to 'False'
[5.863s] Level 5:colcon.colcon_core.verb:set package 'scan_client' build argument 'cmake_clean_first' from command line to 'False'
[5.863s] Level 5:colcon.colcon_core.verb:set package 'scan_client' build argument 'cmake_force_configure' from command line to 'False'
[5.863s] Level 5:colcon.colcon_core.verb:set package 'scan_client' build argument 'ament_cmake_args' from command line to 'None'
[5.863s] Level 5:colcon.colcon_core.verb:set package 'scan_client' build argument 'catkin_cmake_args' from command line to 'None'
[5.863s] Level 5:colcon.colcon_core.verb:set package 'scan_client' build argument 'catkin_skip_building_tests' from command line to 'False'
[5.863s] DEBUG:colcon.colcon_core.verb:Building package 'scan_client' with the following arguments: {'ament_cmake_args': None, 'build_base': '/home/ubuntu/HumbleDave/ros2ws/build/scan_client', 'catkin_cmake_args': None, 'catkin_skip_building_tests': False, 'cmake_args': None, 'cmake_clean_cache': False, 'cmake_clean_first': False, 'cmake_force_configure': False, 'cmake_target': None, 'cmake_target_skip_unavailable': False, 'install_base': '/home/ubuntu/HumbleDave/ros2ws/install/scan_client', 'merge_install': False, 'path': '/home/ubuntu/HumbleDave/ros2ws/src/scan_client', 'symlink_install': True, 'test_result_base': None}
[5.926s] Level 5:colcon.colcon_core.verb:set package 'teleop_gopigo3_keyboard' build argument 'cmake_args' from command line to 'None'
[5.926s] Level 5:colcon.colcon_core.verb:set package 'teleop_gopigo3_keyboard' build argument 'cmake_target' from command line to 'None'
[5.926s] Level 5:colcon.colcon_core.verb:set package 'teleop_gopigo3_keyboard' build argument 'cmake_target_skip_unavailable' from command line to 'False'
[5.926s] Level 5:colcon.colcon_core.verb:set package 'teleop_gopigo3_keyboard' build argument 'cmake_clean_cache' from command line to 'False'
[5.926s] Level 5:colcon.colcon_core.verb:set package 'teleop_gopigo3_keyboard' build argument 'cmake_clean_first' from command line to 'False'
[5.926s] Level 5:colcon.colcon_core.verb:set package 'teleop_gopigo3_keyboard' build argument 'cmake_force_configure' from command line to 'False'
[5.927s] Level 5:colcon.colcon_core.verb:set package 'teleop_gopigo3_keyboard' build argument 'ament_cmake_args' from command line to 'None'
[5.927s] Level 5:colcon.colcon_core.verb:set package 'teleop_gopigo3_keyboard' build argument 'catkin_cmake_args' from command line to 'None'
[5.927s] Level 5:colcon.colcon_core.verb:set package 'teleop_gopigo3_keyboard' build argument 'catkin_skip_building_tests' from command line to 'False'
[5.927s] DEBUG:colcon.colcon_core.verb:Building package 'teleop_gopigo3_keyboard' with the following arguments: {'ament_cmake_args': None, 'build_base': '/home/ubuntu/HumbleDave/ros2ws/build/teleop_gopigo3_keyboard', 'catkin_cmake_args': None, 'catkin_skip_building_tests': False, 'cmake_args': None, 'cmake_clean_cache': False, 'cmake_clean_first': False, 'cmake_force_configure': False, 'cmake_target': None, 'cmake_target_skip_unavailable': False, 'install_base': '/home/ubuntu/HumbleDave/ros2ws/install/teleop_gopigo3_keyboard', 'merge_install': False, 'path': '/home/ubuntu/HumbleDave/ros2ws/src/teleop_gopigo3_keyboard', 'symlink_install': True, 'test_result_base': None}
[5.989s] Level 5:colcon.colcon_core.verb:set package 'ydlidar_ros2_driver' build argument 'cmake_args' from command line to 'None'
[5.990s] Level 5:colcon.colcon_core.verb:set package 'ydlidar_ros2_driver' build argument 'cmake_target' from command line to 'None'
[5.990s] Level 5:colcon.colcon_core.verb:set package 'ydlidar_ros2_driver' build argument 'cmake_target_skip_unavailable' from command line to 'False'
[5.990s] Level 5:colcon.colcon_core.verb:set package 'ydlidar_ros2_driver' build argument 'cmake_clean_cache' from command line to 'False'
[5.990s] Level 5:colcon.colcon_core.verb:set package 'ydlidar_ros2_driver' build argument 'cmake_clean_first' from command line to 'False'
[5.990s] Level 5:colcon.colcon_core.verb:set package 'ydlidar_ros2_driver' build argument 'cmake_force_configure' from command line to 'False'
[5.990s] Level 5:colcon.colcon_core.verb:set package 'ydlidar_ros2_driver' build argument 'ament_cmake_args' from command line to 'None'
[5.990s] Level 5:colcon.colcon_core.verb:set package 'ydlidar_ros2_driver' build argument 'catkin_cmake_args' from command line to 'None'
[5.990s] Level 5:colcon.colcon_core.verb:set package 'ydlidar_ros2_driver' build argument 'catkin_skip_building_tests' from command line to 'False'
[5.991s] DEBUG:colcon.colcon_core.verb:Building package 'ydlidar_ros2_driver' with the following arguments: {'ament_cmake_args': None, 'build_base': '/home/ubuntu/HumbleDave/ros2ws/build/ydlidar_ros2_driver', 'catkin_cmake_args': None, 'catkin_skip_building_tests': False, 'cmake_args': None, 'cmake_clean_cache': False, 'cmake_clean_first': False, 'cmake_force_configure': False, 'cmake_target': None, 'cmake_target_skip_unavailable': False, 'install_base': '/home/ubuntu/HumbleDave/ros2ws/install/ydlidar_ros2_driver', 'merge_install': False, 'path': '/home/ubuntu/HumbleDave/ros2ws/src/ydlidar_ros2_driver', 'symlink_install': True, 'test_result_base': None}
[6.053s] Level 5:colcon.colcon_core.verb:set package 'ros2_gopigo3_node' build argument 'cmake_args' from command line to 'None'
[6.054s] Level 5:colcon.colcon_core.verb:set package 'ros2_gopigo3_node' build argument 'cmake_target' from command line to 'None'
[6.054s] Level 5:colcon.colcon_core.verb:set package 'ros2_gopigo3_node' build argument 'cmake_target_skip_unavailable' from command line to 'False'
[6.054s] Level 5:colcon.colcon_core.verb:set package 'ros2_gopigo3_node' build argument 'cmake_clean_cache' from command line to 'False'
[6.054s] Level 5:colcon.colcon_core.verb:set package 'ros2_gopigo3_node' build argument 'cmake_clean_first' from command line to 'False'
[6.054s] Level 5:colcon.colcon_core.verb:set package 'ros2_gopigo3_node' build argument 'cmake_force_configure' from command line to 'False'
[6.054s] Level 5:colcon.colcon_core.verb:set package 'ros2_gopigo3_node' build argument 'ament_cmake_args' from command line to 'None'
[6.054s] Level 5:colcon.colcon_core.verb:set package 'ros2_gopigo3_node' build argument 'catkin_cmake_args' from command line to 'None'
[6.054s] Level 5:colcon.colcon_core.verb:set package 'ros2_gopigo3_node' build argument 'catkin_skip_building_tests' from command line to 'False'
[6.054s] DEBUG:colcon.colcon_core.verb:Building package 'ros2_gopigo3_node' with the following arguments: {'ament_cmake_args': None, 'build_base': '/home/ubuntu/HumbleDave/ros2ws/build/ros2_gopigo3_node', 'catkin_cmake_args': None, 'catkin_skip_building_tests': False, 'cmake_args': None, 'cmake_clean_cache': False, 'cmake_clean_first': False, 'cmake_force_configure': False, 'cmake_target': None, 'cmake_target_skip_unavailable': False, 'install_base': '/home/ubuntu/HumbleDave/ros2ws/install/ros2_gopigo3_node', 'merge_install': False, 'path': '/home/ubuntu/HumbleDave/ros2ws/src/ros2_gopigo3_node', 'symlink_install': True, 'test_result_base': None}
[6.116s] INFO:colcon.colcon_core.executor:Executing jobs using 'parallel' executor
[6.181s] DEBUG:colcon.colcon_parallel_executor.executor.parallel:run_until_complete
[6.182s] INFO:colcon.colcon_ros.task.ament_cmake.build:Building ROS package in '/home/ubuntu/HumbleDave/ros2ws/src/ros2_gopigo3_msg' with build type 'ament_cmake'
[6.183s] INFO:colcon.colcon_cmake.task.cmake.build:Building CMake package in '/home/ubuntu/HumbleDave/ros2ws/src/ros2_gopigo3_msg'
[6.256s] INFO:colcon.colcon_core.plugin_system:Skipping extension 'colcon_core.shell.bat': Not used on non-Windows systems
[6.257s] INFO:colcon.colcon_core.shell:Skip shell extension 'powershell' for command environment: Not usable outside of PowerShell
[6.257s] DEBUG:colcon.colcon_core.shell:Skip shell extension 'dsv' for command environment
[6.524s] INFO:colcon.colcon_ros.task.ament_cmake.build:Building ROS package in '/home/ubuntu/HumbleDave/ros2ws/src/gopigo3_ekf' with build type 'ament_cmake'
[6.525s] INFO:colcon.colcon_cmake.task.cmake.build:Building CMake package in '/home/ubuntu/HumbleDave/ros2ws/src/gopigo3_ekf'
[6.592s] INFO:colcon.colcon_core.shell:Skip shell extension 'powershell' for command environment: Not usable outside of PowerShell
[6.592s] DEBUG:colcon.colcon_core.shell:Skip shell extension 'dsv' for command environment
[6.858s] INFO:colcon.colcon_ros.task.ament_python.build:Building ROS package in '/home/ubuntu/HumbleDave/ros2ws/src/ros2_libcamera_pub' with build type 'ament_python'
[6.859s] Level 1:colcon.colcon_core.shell:create_environment_hook('ros2_libcamera_pub', 'ament_prefix_path')
[6.927s] INFO:colcon.colcon_core.shell:Creating environment hook '/home/ubuntu/HumbleDave/ros2ws/install/ros2_libcamera_pub/share/ros2_libcamera_pub/hook/ament_prefix_path.ps1'
[6.930s] INFO:colcon.colcon_core.shell:Creating environment descriptor '/home/ubuntu/HumbleDave/ros2ws/install/ros2_libcamera_pub/share/ros2_libcamera_pub/hook/ament_prefix_path.dsv'
[6.932s] INFO:colcon.colcon_core.shell:Creating environment hook '/home/ubuntu/HumbleDave/ros2ws/install/ros2_libcamera_pub/share/ros2_libcamera_pub/hook/ament_prefix_path.sh'
[6.997s] INFO:colcon.colcon_core.shell:Skip shell extension 'powershell' for command environment: Not usable outside of PowerShell
[6.998s] DEBUG:colcon.colcon_core.shell:Skip shell extension 'dsv' for command environment
[7.263s] INFO:colcon.colcon_ros.task.ament_python.build:Building ROS package in '/home/ubuntu/HumbleDave/ros2ws/src/scan_client' with build type 'ament_python'
[7.264s] Level 1:colcon.colcon_core.shell:create_environment_hook('scan_client', 'ament_prefix_path')
[7.333s] INFO:colcon.colcon_core.shell:Creating environment hook '/home/ubuntu/HumbleDave/ros2ws/install/scan_client/share/scan_client/hook/ament_prefix_path.ps1'
[7.336s] INFO:colcon.colcon_core.shell:Creating environment descriptor '/home/ubuntu/HumbleDave/ros2ws/install/scan_client/share/scan_client/hook/ament_prefix_path.dsv'
[7.337s] INFO:colcon.colcon_core.shell:Creating environment hook '/home/ubuntu/HumbleDave/ros2ws/install/scan_client/share/scan_client/hook/ament_prefix_path.sh'
[7.402s] INFO:colcon.colcon_core.shell:Skip shell extension 'powershell' for command environment: Not usable outside of PowerShell
[7.402s] DEBUG:colcon.colcon_core.shell:Skip shell extension 'dsv' for command environment
[7.687s] DEBUG:colcon.colcon_core.event_handler.log_command:Invoking command in '/home/ubuntu/HumbleDave/ros2ws/build/ros2_gopigo3_msg': CMAKE_PREFIX_PATH=${CMAKE_PREFIX_PATH}:/home/ubuntu/HumbleDave/ros2ws/install/teleop_gopigo3_keyboard:/home/ubuntu/HumbleDave/ros2ws/install/scan_client:/home/ubuntu/HumbleDave/ros2ws/install/ros2_libcamera_pub:/home/ubuntu/HumbleDave/ros2ws/install/ros2_gopigo3_node:/home/ubuntu/ros2ws/install/teleop_gopigo3_keyboard:/home/ubuntu/ros2ws/install/ros2_libcamera_pub:/home/ubuntu/ros2ws/install/ros2_gopigo3_node:/opt/ros/humble /usr/bin/cmake /home/ubuntu/HumbleDave/ros2ws/src/ros2_gopigo3_msg -DAMENT_CMAKE_SYMLINK_INSTALL=1 -DCMAKE_INSTALL_PREFIX=/home/ubuntu/HumbleDave/ros2ws/install/ros2_gopigo3_msg
[7.714s] DEBUG:colcon.colcon_core.event_handler.log_command:Invoking command in '/home/ubuntu/HumbleDave/ros2ws/build/gopigo3_ekf': CMAKE_PREFIX_PATH=${CMAKE_PREFIX_PATH}:/home/ubuntu/HumbleDave/ros2ws/install/teleop_gopigo3_keyboard:/home/ubuntu/HumbleDave/ros2ws/install/scan_client:/home/ubuntu/HumbleDave/ros2ws/install/ros2_libcamera_pub:/home/ubuntu/HumbleDave/ros2ws/install/ros2_gopigo3_node:/home/ubuntu/ros2ws/install/teleop_gopigo3_keyboard:/home/ubuntu/ros2ws/install/ros2_libcamera_pub:/home/ubuntu/ros2ws/install/ros2_gopigo3_node:/opt/ros/humble /usr/bin/cmake /home/ubuntu/HumbleDave/ros2ws/src/gopigo3_ekf -DAMENT_CMAKE_SYMLINK_INSTALL=1 -DCMAKE_INSTALL_PREFIX=/home/ubuntu/HumbleDave/ros2ws/install/gopigo3_ekf
[9.481s] INFO:colcon.colcon_core.task.python.build:Building Python package in '/home/ubuntu/HumbleDave/ros2ws/src/ros2_libcamera_pub'
[9.662s] INFO:colcon.colcon_core.shell:Skip shell extension 'powershell' for command environment: Not usable outside of PowerShell
[9.662s] DEBUG:colcon.colcon_core.shell:Skip shell extension 'dsv' for command environment
[11.786s] INFO:colcon.colcon_core.task.python.build:Building Python package in '/home/ubuntu/HumbleDave/ros2ws/src/scan_client'
[11.863s] INFO:colcon.colcon_core.shell:Skip shell extension 'powershell' for command environment: Not usable outside of PowerShell
[11.863s] DEBUG:colcon.colcon_core.shell:Skip shell extension 'dsv' for command environment
[12.228s] DEBUG:colcon.colcon_core.event_handler.log_command:Invoked command in '/home/ubuntu/HumbleDave/ros2ws/build/gopigo3_ekf' returned '0': CMAKE_PREFIX_PATH=${CMAKE_PREFIX_PATH}:/home/ubuntu/HumbleDave/ros2ws/install/teleop_gopigo3_keyboard:/home/ubuntu/HumbleDave/ros2ws/install/scan_client:/home/ubuntu/HumbleDave/ros2ws/install/ros2_libcamera_pub:/home/ubuntu/HumbleDave/ros2ws/install/ros2_gopigo3_node:/home/ubuntu/ros2ws/install/teleop_gopigo3_keyboard:/home/ubuntu/ros2ws/install/ros2_libcamera_pub:/home/ubuntu/ros2ws/install/ros2_gopigo3_node:/opt/ros/humble /usr/bin/cmake /home/ubuntu/HumbleDave/ros2ws/src/gopigo3_ekf -DAMENT_CMAKE_SYMLINK_INSTALL=1 -DCMAKE_INSTALL_PREFIX=/home/ubuntu/HumbleDave/ros2ws/install/gopigo3_ekf
[12.234s] DEBUG:colcon.colcon_core.event_handler.log_command:Invoking command in '/home/ubuntu/HumbleDave/ros2ws/build/gopigo3_ekf': CMAKE_PREFIX_PATH=${CMAKE_PREFIX_PATH}:/home/ubuntu/HumbleDave/ros2ws/install/teleop_gopigo3_keyboard:/home/ubuntu/HumbleDave/ros2ws/install/scan_client:/home/ubuntu/HumbleDave/ros2ws/install/ros2_libcamera_pub:/home/ubuntu/HumbleDave/ros2ws/install/ros2_gopigo3_node:/home/ubuntu/ros2ws/install/teleop_gopigo3_keyboard:/home/ubuntu/ros2ws/install/ros2_libcamera_pub:/home/ubuntu/ros2ws/install/ros2_gopigo3_node:/opt/ros/humble /usr/bin/cmake --build /home/ubuntu/HumbleDave/ros2ws/build/gopigo3_ekf -- -j4 -l4
[12.427s] DEBUG:colcon.colcon_core.event_handler.log_command:Invoked command in '/home/ubuntu/HumbleDave/ros2ws/build/gopigo3_ekf' returned '0': CMAKE_PREFIX_PATH=${CMAKE_PREFIX_PATH}:/home/ubuntu/HumbleDave/ros2ws/install/teleop_gopigo3_keyboard:/home/ubuntu/HumbleDave/ros2ws/install/scan_client:/home/ubuntu/HumbleDave/ros2ws/install/ros2_libcamera_pub:/home/ubuntu/HumbleDave/ros2ws/install/ros2_gopigo3_node:/home/ubuntu/ros2ws/install/teleop_gopigo3_keyboard:/home/ubuntu/ros2ws/install/ros2_libcamera_pub:/home/ubuntu/ros2ws/install/ros2_gopigo3_node:/opt/ros/humble /usr/bin/cmake --build /home/ubuntu/HumbleDave/ros2ws/build/gopigo3_ekf -- -j4 -l4
[12.617s] DEBUG:colcon.colcon_core.event_handler.log_command:Invoking command in '/home/ubuntu/HumbleDave/ros2ws/build/gopigo3_ekf': CMAKE_PREFIX_PATH=${CMAKE_PREFIX_PATH}:/home/ubuntu/HumbleDave/ros2ws/install/teleop_gopigo3_keyboard:/home/ubuntu/HumbleDave/ros2ws/install/scan_client:/home/ubuntu/HumbleDave/ros2ws/install/ros2_libcamera_pub:/home/ubuntu/HumbleDave/ros2ws/install/ros2_gopigo3_node:/home/ubuntu/ros2ws/install/teleop_gopigo3_keyboard:/home/ubuntu/ros2ws/install/ros2_libcamera_pub:/home/ubuntu/ros2ws/install/ros2_gopigo3_node:/opt/ros/humble /usr/bin/cmake --install /home/ubuntu/HumbleDave/ros2ws/build/gopigo3_ekf
[13.418s] Level 1:colcon.colcon_core.environment:create_environment_scripts_only(gopigo3_ekf)
[13.420s] DEBUG:colcon.colcon_core.event_handler.log_command:Invoked command in '/home/ubuntu/HumbleDave/ros2ws/build/gopigo3_ekf' returned '0': CMAKE_PREFIX_PATH=${CMAKE_PREFIX_PATH}:/home/ubuntu/HumbleDave/ros2ws/install/teleop_gopigo3_keyboard:/home/ubuntu/HumbleDave/ros2ws/install/scan_client:/home/ubuntu/HumbleDave/ros2ws/install/ros2_libcamera_pub:/home/ubuntu/HumbleDave/ros2ws/install/ros2_gopigo3_node:/home/ubuntu/ros2ws/install/teleop_gopigo3_keyboard:/home/ubuntu/ros2ws/install/ros2_libcamera_pub:/home/ubuntu/ros2ws/install/ros2_gopigo3_node:/opt/ros/humble /usr/bin/cmake --install /home/ubuntu/HumbleDave/ros2ws/build/gopigo3_ekf
[13.570s] Level 1:colcon.colcon_core.environment:checking '/home/ubuntu/HumbleDave/ros2ws/install/gopigo3_ekf' for CMake module files
[13.573s] Level 1:colcon.colcon_core.environment:checking '/home/ubuntu/HumbleDave/ros2ws/install/gopigo3_ekf' for CMake config files
[13.577s] Level 1:colcon.colcon_core.shell:create_environment_hook('gopigo3_ekf', 'cmake_prefix_path')
[13.700s] INFO:colcon.colcon_core.shell:Creating environment hook '/home/ubuntu/HumbleDave/ros2ws/install/gopigo3_ekf/share/gopigo3_ekf/hook/cmake_prefix_path.ps1'
[13.702s] INFO:colcon.colcon_core.shell:Creating environment descriptor '/home/ubuntu/HumbleDave/ros2ws/install/gopigo3_ekf/share/gopigo3_ekf/hook/cmake_prefix_path.dsv'
[13.704s] INFO:colcon.colcon_core.shell:Creating environment hook '/home/ubuntu/HumbleDave/ros2ws/install/gopigo3_ekf/share/gopigo3_ekf/hook/cmake_prefix_path.sh'
[13.708s] Level 1:colcon.colcon_core.environment:checking '/home/ubuntu/HumbleDave/ros2ws/install/gopigo3_ekf/bin'
[13.709s] Level 1:colcon.colcon_core.environment:checking '/home/ubuntu/HumbleDave/ros2ws/install/gopigo3_ekf/lib/pkgconfig/gopigo3_ekf.pc'
[13.710s] Level 1:colcon.colcon_core.environment:checking '/home/ubuntu/HumbleDave/ros2ws/install/gopigo3_ekf/lib/python3.10/site-packages'
[13.712s] Level 1:colcon.colcon_core.environment:checking '/home/ubuntu/HumbleDave/ros2ws/install/gopigo3_ekf/bin'
[13.849s] INFO:colcon.colcon_core.shell:Creating package script '/home/ubuntu/HumbleDave/ros2ws/install/gopigo3_ekf/share/gopigo3_ekf/package.ps1'
[13.853s] INFO:colcon.colcon_core.shell:Creating package descriptor '/home/ubuntu/HumbleDave/ros2ws/install/gopigo3_ekf/share/gopigo3_ekf/package.dsv'
[13.856s] INFO:colcon.colcon_core.shell:Creating package script '/home/ubuntu/HumbleDave/ros2ws/install/gopigo3_ekf/share/gopigo3_ekf/package.sh'
[13.860s] INFO:colcon.colcon_core.shell:Creating package script '/home/ubuntu/HumbleDave/ros2ws/install/gopigo3_ekf/share/gopigo3_ekf/package.bash'
[13.864s] INFO:colcon.colcon_core.shell:Creating package script '/home/ubuntu/HumbleDave/ros2ws/install/gopigo3_ekf/share/gopigo3_ekf/package.zsh'
[13.867s] Level 1:colcon.colcon_core.environment:create_file_with_runtime_dependencies(/home/ubuntu/HumbleDave/ros2ws/install/gopigo3_ekf/share/colcon-core/packages/gopigo3_ekf)
[14.174s] Level 1:colcon.colcon_core.environment:create_environment_scripts_only(gopigo3_ekf)
[14.333s] Level 1:colcon.colcon_core.environment:checking '/home/ubuntu/HumbleDave/ros2ws/install/gopigo3_ekf' for CMake module files
[14.337s] Level 1:colcon.colcon_core.environment:checking '/home/ubuntu/HumbleDave/ros2ws/install/gopigo3_ekf' for CMake config files
[14.340s] Level 1:colcon.colcon_core.shell:create_environment_hook('gopigo3_ekf', 'cmake_prefix_path')
[14.469s] INFO:colcon.colcon_core.shell:Creating environment hook '/home/ubuntu/HumbleDave/ros2ws/install/gopigo3_ekf/share/gopigo3_ekf/hook/cmake_prefix_path.ps1'
[14.485s] INFO:colcon.colcon_core.shell:Creating environment descriptor '/home/ubuntu/HumbleDave/ros2ws/install/gopigo3_ekf/share/gopigo3_ekf/hook/cmake_prefix_path.dsv'
[14.488s] INFO:colcon.colcon_core.shell:Creating environment hook '/home/ubuntu/HumbleDave/ros2ws/install/gopigo3_ekf/share/gopigo3_ekf/hook/cmake_prefix_path.sh'
[14.492s] Level 1:colcon.colcon_core.environment:checking '/home/ubuntu/HumbleDave/ros2ws/install/gopigo3_ekf/bin'
[14.492s] Level 1:colcon.colcon_core.environment:checking '/home/ubuntu/HumbleDave/ros2ws/install/gopigo3_ekf/lib/pkgconfig/gopigo3_ekf.pc'
[14.494s] Level 1:colcon.colcon_core.environment:checking '/home/ubuntu/HumbleDave/ros2ws/install/gopigo3_ekf/lib/python3.10/site-packages'
[14.495s] Level 1:colcon.colcon_core.environment:checking '/home/ubuntu/HumbleDave/ros2ws/install/gopigo3_ekf/bin'
[14.637s] INFO:colcon.colcon_core.shell:Creating package script '/home/ubuntu/HumbleDave/ros2ws/install/gopigo3_ekf/share/gopigo3_ekf/package.ps1'
[14.643s] INFO:colcon.colcon_core.shell:Creating package descriptor '/home/ubuntu/HumbleDave/ros2ws/install/gopigo3_ekf/share/gopigo3_ekf/package.dsv'
[14.649s] INFO:colcon.colcon_core.shell:Creating package script '/home/ubuntu/HumbleDave/ros2ws/install/gopigo3_ekf/share/gopigo3_ekf/package.sh'
[14.654s] INFO:colcon.colcon_core.shell:Creating package script '/home/ubuntu/HumbleDave/ros2ws/install/gopigo3_ekf/share/gopigo3_ekf/package.bash'
[14.659s] INFO:colcon.colcon_core.shell:Creating package script '/home/ubuntu/HumbleDave/ros2ws/install/gopigo3_ekf/share/gopigo3_ekf/package.zsh'
[14.662s] Level 1:colcon.colcon_core.environment:create_file_with_runtime_dependencies(/home/ubuntu/HumbleDave/ros2ws/install/gopigo3_ekf/share/colcon-core/packages/gopigo3_ekf)
[14.671s] INFO:colcon.colcon_ros.task.ament_python.build:Building ROS package in '/home/ubuntu/HumbleDave/ros2ws/src/teleop_gopigo3_keyboard' with build type 'ament_python'
[14.674s] Level 1:colcon.colcon_core.shell:create_environment_hook('teleop_gopigo3_keyboard', 'ament_prefix_path')
[14.858s] INFO:colcon.colcon_core.shell:Creating environment hook '/home/ubuntu/HumbleDave/ros2ws/install/teleop_gopigo3_keyboard/share/teleop_gopigo3_keyboard/hook/ament_prefix_path.ps1'
[14.861s] INFO:colcon.colcon_core.shell:Creating environment descriptor '/home/ubuntu/HumbleDave/ros2ws/install/teleop_gopigo3_keyboard/share/teleop_gopigo3_keyboard/hook/ament_prefix_path.dsv'
[14.864s] INFO:colcon.colcon_core.shell:Creating environment hook '/home/ubuntu/HumbleDave/ros2ws/install/teleop_gopigo3_keyboard/share/teleop_gopigo3_keyboard/hook/ament_prefix_path.sh'
[14.975s] INFO:colcon.colcon_core.shell:Skip shell extension 'powershell' for command environment: Not usable outside of PowerShell
[14.976s] DEBUG:colcon.colcon_core.shell:Skip shell extension 'dsv' for command environment
[15.490s] DEBUG:colcon.colcon_core.event_handler.log_command:Invoking command in '/home/ubuntu/HumbleDave/ros2ws/build/scan_client': PYTHONPATH=/home/ubuntu/HumbleDave/ros2ws/build/scan_client/prefix_override:/home/ubuntu/HumbleDave/ros2ws/install/scan_client/lib/python3.10/site-packages:${PYTHONPATH} /usr/bin/python3 setup.py develop --editable --build-directory /home/ubuntu/HumbleDave/ros2ws/build/scan_client/build --no-deps install_data
[15.503s] DEBUG:colcon.colcon_core.event_handler.log_command:Invoking command in '/home/ubuntu/HumbleDave/ros2ws/build/ros2_libcamera_pub': PYTHONPATH=/home/ubuntu/HumbleDave/ros2ws/build/ros2_libcamera_pub/prefix_override:/home/ubuntu/HumbleDave/ros2ws/install/ros2_libcamera_pub/lib/python3.10/site-packages:${PYTHONPATH} /usr/bin/python3 setup.py develop --editable --build-directory /home/ubuntu/HumbleDave/ros2ws/build/ros2_libcamera_pub/build --no-deps install_data
[17.964s] INFO:colcon.colcon_core.task.python.build:Building Python package in '/home/ubuntu/HumbleDave/ros2ws/src/teleop_gopigo3_keyboard'
[18.139s] INFO:colcon.colcon_core.shell:Skip shell extension 'powershell' for command environment: Not usable outside of PowerShell
[18.140s] DEBUG:colcon.colcon_core.shell:Skip shell extension 'dsv' for command environment
[19.009s] Level 1:colcon.colcon_core.shell:create_environment_hook('ros2_libcamera_pub', 'pythonpath_develop')
[19.010s] DEBUG:colcon.colcon_core.event_handler.log_command:Invoked command in '/home/ubuntu/HumbleDave/ros2ws/build/ros2_libcamera_pub' returned '0': PYTHONPATH=/home/ubuntu/HumbleDave/ros2ws/build/ros2_libcamera_pub/prefix_override:/home/ubuntu/HumbleDave/ros2ws/install/ros2_libcamera_pub/lib/python3.10/site-packages:${PYTHONPATH} /usr/bin/python3 setup.py develop --editable --build-directory /home/ubuntu/HumbleDave/ros2ws/build/ros2_libcamera_pub/build --no-deps install_data
[19.090s] INFO:colcon.colcon_core.shell:Creating environment hook '/home/ubuntu/HumbleDave/ros2ws/build/ros2_libcamera_pub/share/ros2_libcamera_pub/hook/pythonpath_develop.ps1'
[19.092s] INFO:colcon.colcon_core.shell:Creating environment descriptor '/home/ubuntu/HumbleDave/ros2ws/build/ros2_libcamera_pub/share/ros2_libcamera_pub/hook/pythonpath_develop.dsv'
[19.094s] INFO:colcon.colcon_core.shell:Creating environment hook '/home/ubuntu/HumbleDave/ros2ws/build/ros2_libcamera_pub/share/ros2_libcamera_pub/hook/pythonpath_develop.sh'
[19.187s] Level 1:colcon.colcon_core.environment:checking '/home/ubuntu/HumbleDave/ros2ws/install/ros2_libcamera_pub' for CMake module files
[19.189s] Level 1:colcon.colcon_core.environment:checking '/home/ubuntu/HumbleDave/ros2ws/install/ros2_libcamera_pub' for CMake config files
[19.192s] Level 1:colcon.colcon_core.environment:checking '/home/ubuntu/HumbleDave/ros2ws/install/ros2_libcamera_pub/lib'
[19.193s] Level 1:colcon.colcon_core.environment:checking '/home/ubuntu/HumbleDave/ros2ws/install/ros2_libcamera_pub/bin'
[19.194s] Level 1:colcon.colcon_core.environment:checking '/home/ubuntu/HumbleDave/ros2ws/install/ros2_libcamera_pub/lib/pkgconfig/ros2_libcamera_pub.pc'
[19.194s] Level 1:colcon.colcon_core.environment:checking '/home/ubuntu/HumbleDave/ros2ws/install/ros2_libcamera_pub/lib/python3.10/site-packages'
[19.195s] Level 1:colcon.colcon_core.shell:create_environment_hook('ros2_libcamera_pub', 'pythonpath')
[19.270s] INFO:colcon.colcon_core.shell:Creating environment hook '/home/ubuntu/HumbleDave/ros2ws/install/ros2_libcamera_pub/share/ros2_libcamera_pub/hook/pythonpath.ps1'
[19.272s] INFO:colcon.colcon_core.shell:Creating environment descriptor '/home/ubuntu/HumbleDave/ros2ws/install/ros2_libcamera_pub/share/ros2_libcamera_pub/hook/pythonpath.dsv'
[19.274s] INFO:colcon.colcon_core.shell:Creating environment hook '/home/ubuntu/HumbleDave/ros2ws/install/ros2_libcamera_pub/share/ros2_libcamera_pub/hook/pythonpath.sh'
[19.277s] Level 1:colcon.colcon_core.environment:checking '/home/ubuntu/HumbleDave/ros2ws/install/ros2_libcamera_pub/bin'
[19.278s] Level 1:colcon.colcon_core.environment:create_environment_scripts_only(ros2_libcamera_pub)
[19.346s] INFO:colcon.colcon_core.shell:Creating package script '/home/ubuntu/HumbleDave/ros2ws/install/ros2_libcamera_pub/share/ros2_libcamera_pub/package.ps1'
[19.348s] INFO:colcon.colcon_core.shell:Creating package descriptor '/home/ubuntu/HumbleDave/ros2ws/install/ros2_libcamera_pub/share/ros2_libcamera_pub/package.dsv'
[19.350s] INFO:colcon.colcon_core.shell:Creating package script '/home/ubuntu/HumbleDave/ros2ws/install/ros2_libcamera_pub/share/ros2_libcamera_pub/package.sh'
[19.352s] INFO:colcon.colcon_core.shell:Creating package script '/home/ubuntu/HumbleDave/ros2ws/install/ros2_libcamera_pub/share/ros2_libcamera_pub/package.bash'
[19.354s] INFO:colcon.colcon_core.shell:Creating package script '/home/ubuntu/HumbleDave/ros2ws/install/ros2_libcamera_pub/share/ros2_libcamera_pub/package.zsh'
[19.355s] Level 1:colcon.colcon_core.environment:create_file_with_runtime_dependencies(/home/ubuntu/HumbleDave/ros2ws/install/ros2_libcamera_pub/share/colcon-core/packages/ros2_libcamera_pub)
[19.357s] Level 1:colcon.colcon_core.shell:create_environment_hook('scan_client', 'pythonpath_develop')
[19.361s] DEBUG:colcon.colcon_core.event_handler.log_command:Invoked command in '/home/ubuntu/HumbleDave/ros2ws/build/scan_client' returned '0': PYTHONPATH=/home/ubuntu/HumbleDave/ros2ws/build/scan_client/prefix_override:/home/ubuntu/HumbleDave/ros2ws/install/scan_client/lib/python3.10/site-packages:${PYTHONPATH} /usr/bin/python3 setup.py develop --editable --build-directory /home/ubuntu/HumbleDave/ros2ws/build/scan_client/build --no-deps install_data
[19.428s] INFO:colcon.colcon_core.shell:Creating environment hook '/home/ubuntu/HumbleDave/ros2ws/build/scan_client/share/scan_client/hook/pythonpath_develop.ps1'
[19.430s] INFO:colcon.colcon_core.shell:Creating environment descriptor '/home/ubuntu/HumbleDave/ros2ws/build/scan_client/share/scan_client/hook/pythonpath_develop.dsv'
[19.431s] INFO:colcon.colcon_core.shell:Creating environment hook '/home/ubuntu/HumbleDave/ros2ws/build/scan_client/share/scan_client/hook/pythonpath_develop.sh'
[19.500s] Level 1:colcon.colcon_core.environment:checking '/home/ubuntu/HumbleDave/ros2ws/install/scan_client' for CMake module files
[19.521s] Level 1:colcon.colcon_core.environment:checking '/home/ubuntu/HumbleDave/ros2ws/install/scan_client' for CMake config files
[19.525s] Level 1:colcon.colcon_core.environment:checking '/home/ubuntu/HumbleDave/ros2ws/install/scan_client/lib'
[19.525s] Level 1:colcon.colcon_core.environment:checking '/home/ubuntu/HumbleDave/ros2ws/install/scan_client/bin'
[19.526s] Level 1:colcon.colcon_core.environment:checking '/home/ubuntu/HumbleDave/ros2ws/install/scan_client/lib/pkgconfig/scan_client.pc'
[19.527s] Level 1:colcon.colcon_core.environment:checking '/home/ubuntu/HumbleDave/ros2ws/install/scan_client/lib/python3.10/site-packages'
[19.528s] Level 1:colcon.colcon_core.shell:create_environment_hook('scan_client', 'pythonpath')
[19.608s] INFO:colcon.colcon_core.shell:Creating environment hook '/home/ubuntu/HumbleDave/ros2ws/install/scan_client/share/scan_client/hook/pythonpath.ps1'
[19.609s] INFO:colcon.colcon_core.shell:Creating environment descriptor '/home/ubuntu/HumbleDave/ros2ws/install/scan_client/share/scan_client/hook/pythonpath.dsv'
[19.611s] INFO:colcon.colcon_core.shell:Creating environment hook '/home/ubuntu/HumbleDave/ros2ws/install/scan_client/share/scan_client/hook/pythonpath.sh'
[19.613s] Level 1:colcon.colcon_core.environment:checking '/home/ubuntu/HumbleDave/ros2ws/install/scan_client/bin'
[19.614s] Level 1:colcon.colcon_core.environment:create_environment_scripts_only(scan_client)
[19.689s] INFO:colcon.colcon_core.shell:Creating package script '/home/ubuntu/HumbleDave/ros2ws/install/scan_client/share/scan_client/package.ps1'
[19.692s] INFO:colcon.colcon_core.shell:Creating package descriptor '/home/ubuntu/HumbleDave/ros2ws/install/scan_client/share/scan_client/package.dsv'
[19.694s] INFO:colcon.colcon_core.shell:Creating package script '/home/ubuntu/HumbleDave/ros2ws/install/scan_client/share/scan_client/package.sh'
[19.696s] INFO:colcon.colcon_core.shell:Creating package script '/home/ubuntu/HumbleDave/ros2ws/install/scan_client/share/scan_client/package.bash'
[19.698s] INFO:colcon.colcon_core.shell:Creating package script '/home/ubuntu/HumbleDave/ros2ws/install/scan_client/share/scan_client/package.zsh'
[19.700s] Level 1:colcon.colcon_core.environment:create_file_with_runtime_dependencies(/home/ubuntu/HumbleDave/ros2ws/install/scan_client/share/colcon-core/packages/scan_client)
[19.704s] INFO:colcon.colcon_ros.task.ament_cmake.build:Building ROS package in '/home/ubuntu/HumbleDave/ros2ws/src/ydlidar_ros2_driver' with build type 'ament_cmake'
[19.704s] INFO:colcon.colcon_cmake.task.cmake.build:Building CMake package in '/home/ubuntu/HumbleDave/ros2ws/src/ydlidar_ros2_driver'
[19.784s] INFO:colcon.colcon_core.shell:Skip shell extension 'powershell' for command environment: Not usable outside of PowerShell
[19.784s] DEBUG:colcon.colcon_core.shell:Skip shell extension 'dsv' for command environment
[20.094s] DEBUG:colcon.colcon_core.event_handler.log_command:Invoked command in '/home/ubuntu/HumbleDave/ros2ws/build/ros2_gopigo3_msg' returned '0': CMAKE_PREFIX_PATH=${CMAKE_PREFIX_PATH}:/home/ubuntu/HumbleDave/ros2ws/install/teleop_gopigo3_keyboard:/home/ubuntu/HumbleDave/ros2ws/install/scan_client:/home/ubuntu/HumbleDave/ros2ws/install/ros2_libcamera_pub:/home/ubuntu/HumbleDave/ros2ws/install/ros2_gopigo3_node:/home/ubuntu/ros2ws/install/teleop_gopigo3_keyboard:/home/ubuntu/ros2ws/install/ros2_libcamera_pub:/home/ubuntu/ros2ws/install/ros2_gopigo3_node:/opt/ros/humble /usr/bin/cmake /home/ubuntu/HumbleDave/ros2ws/src/ros2_gopigo3_msg -DAMENT_CMAKE_SYMLINK_INSTALL=1 -DCMAKE_INSTALL_PREFIX=/home/ubuntu/HumbleDave/ros2ws/install/ros2_gopigo3_msg
[20.102s] DEBUG:colcon.colcon_core.event_handler.log_command:Invoking command in '/home/ubuntu/HumbleDave/ros2ws/build/ros2_gopigo3_msg': CMAKE_PREFIX_PATH=${CMAKE_PREFIX_PATH}:/home/ubuntu/HumbleDave/ros2ws/install/teleop_gopigo3_keyboard:/home/ubuntu/HumbleDave/ros2ws/install/scan_client:/home/ubuntu/HumbleDave/ros2ws/install/ros2_libcamera_pub:/home/ubuntu/HumbleDave/ros2ws/install/ros2_gopigo3_node:/home/ubuntu/ros2ws/install/teleop_gopigo3_keyboard:/home/ubuntu/ros2ws/install/ros2_libcamera_pub:/home/ubuntu/ros2ws/install/ros2_gopigo3_node:/opt/ros/humble /usr/bin/cmake --build /home/ubuntu/HumbleDave/ros2ws/build/ros2_gopigo3_msg -- -j4 -l4
[20.112s] DEBUG:colcon.colcon_core.event_handler.log_command:Invoking command in '/home/ubuntu/HumbleDave/ros2ws/build/ydlidar_ros2_driver': CMAKE_PREFIX_PATH=${CMAKE_PREFIX_PATH}:/home/ubuntu/HumbleDave/ros2ws/install/teleop_gopigo3_keyboard:/home/ubuntu/HumbleDave/ros2ws/install/scan_client:/home/ubuntu/HumbleDave/ros2ws/install/ros2_libcamera_pub:/home/ubuntu/HumbleDave/ros2ws/install/ros2_gopigo3_node:/home/ubuntu/ros2ws/install/teleop_gopigo3_keyboard:/home/ubuntu/ros2ws/install/ros2_libcamera_pub:/home/ubuntu/ros2ws/install/ros2_gopigo3_node:/opt/ros/humble /usr/bin/cmake /home/ubuntu/HumbleDave/ros2ws/src/ydlidar_ros2_driver -DAMENT_CMAKE_SYMLINK_INSTALL=1 -DCMAKE_INSTALL_PREFIX=/home/ubuntu/HumbleDave/ros2ws/install/ydlidar_ros2_driver
[23.054s] DEBUG:colcon.colcon_core.event_handler.log_command:Invoking command in '/home/ubuntu/HumbleDave/ros2ws/build/teleop_gopigo3_keyboard': PYTHONPATH=/home/ubuntu/HumbleDave/ros2ws/build/teleop_gopigo3_keyboard/prefix_override:/home/ubuntu/HumbleDave/ros2ws/install/teleop_gopigo3_keyboard/lib/python3.10/site-packages:${PYTHONPATH} /usr/bin/python3 setup.py develop --editable --build-directory /home/ubuntu/HumbleDave/ros2ws/build/teleop_gopigo3_keyboard/build --no-deps install_data
[27.098s] Level 1:colcon.colcon_core.shell:create_environment_hook('teleop_gopigo3_keyboard', 'pythonpath_develop')
[27.104s] DEBUG:colcon.colcon_core.event_handler.log_command:Invoked command in '/home/ubuntu/HumbleDave/ros2ws/build/teleop_gopigo3_keyboard' returned '0': PYTHONPATH=/home/ubuntu/HumbleDave/ros2ws/build/teleop_gopigo3_keyboard/prefix_override:/home/ubuntu/HumbleDave/ros2ws/install/teleop_gopigo3_keyboard/lib/python3.10/site-packages:${PYTHONPATH} /usr/bin/python3 setup.py develop --editable --build-directory /home/ubuntu/HumbleDave/ros2ws/build/teleop_gopigo3_keyboard/build --no-deps install_data
[27.296s] INFO:colcon.colcon_core.shell:Creating environment hook '/home/ubuntu/HumbleDave/ros2ws/build/teleop_gopigo3_keyboard/share/teleop_gopigo3_keyboard/hook/pythonpath_develop.ps1'
[27.299s] INFO:colcon.colcon_core.shell:Creating environment descriptor '/home/ubuntu/HumbleDave/ros2ws/build/teleop_gopigo3_keyboard/share/teleop_gopigo3_keyboard/hook/pythonpath_develop.dsv'
[27.301s] INFO:colcon.colcon_core.shell:Creating environment hook '/home/ubuntu/HumbleDave/ros2ws/build/teleop_gopigo3_keyboard/share/teleop_gopigo3_keyboard/hook/pythonpath_develop.sh'
[27.443s] Level 1:colcon.colcon_core.environment:checking '/home/ubuntu/HumbleDave/ros2ws/install/teleop_gopigo3_keyboard' for CMake module files
[27.447s] Level 1:colcon.colcon_core.environment:checking '/home/ubuntu/HumbleDave/ros2ws/install/teleop_gopigo3_keyboard' for CMake config files
[27.451s] Level 1:colcon.colcon_core.environment:checking '/home/ubuntu/HumbleDave/ros2ws/install/teleop_gopigo3_keyboard/lib'
[27.451s] Level 1:colcon.colcon_core.environment:checking '/home/ubuntu/HumbleDave/ros2ws/install/teleop_gopigo3_keyboard/bin'
[27.452s] Level 1:colcon.colcon_core.environment:checking '/home/ubuntu/HumbleDave/ros2ws/install/teleop_gopigo3_keyboard/lib/pkgconfig/teleop_gopigo3_keyboard.pc'
[27.453s] Level 1:colcon.colcon_core.environment:checking '/home/ubuntu/HumbleDave/ros2ws/install/teleop_gopigo3_keyboard/lib/python3.10/site-packages'
[27.454s] Level 1:colcon.colcon_core.shell:create_environment_hook('teleop_gopigo3_keyboard', 'pythonpath')
[27.688s] INFO:colcon.colcon_core.shell:Creating environment hook '/home/ubuntu/HumbleDave/ros2ws/install/teleop_gopigo3_keyboard/share/teleop_gopigo3_keyboard/hook/pythonpath.ps1'
[27.706s] INFO:colcon.colcon_core.shell:Creating environment descriptor '/home/ubuntu/HumbleDave/ros2ws/install/teleop_gopigo3_keyboard/share/teleop_gopigo3_keyboard/hook/pythonpath.dsv'
[27.710s] INFO:colcon.colcon_core.shell:Creating environment hook '/home/ubuntu/HumbleDave/ros2ws/install/teleop_gopigo3_keyboard/share/teleop_gopigo3_keyboard/hook/pythonpath.sh'
[27.716s] Level 1:colcon.colcon_core.environment:checking '/home/ubuntu/HumbleDave/ros2ws/install/teleop_gopigo3_keyboard/bin'
[27.717s] Level 1:colcon.colcon_core.environment:create_environment_scripts_only(teleop_gopigo3_keyboard)
[28.013s] INFO:colcon.colcon_core.shell:Creating package script '/home/ubuntu/HumbleDave/ros2ws/install/teleop_gopigo3_keyboard/share/teleop_gopigo3_keyboard/package.ps1'
[28.017s] INFO:colcon.colcon_core.shell:Creating package descriptor '/home/ubuntu/HumbleDave/ros2ws/install/teleop_gopigo3_keyboard/share/teleop_gopigo3_keyboard/package.dsv'
[28.032s] INFO:colcon.colcon_core.shell:Creating package script '/home/ubuntu/HumbleDave/ros2ws/install/teleop_gopigo3_keyboard/share/teleop_gopigo3_keyboard/package.sh'
[28.036s] INFO:colcon.colcon_core.shell:Creating package script '/home/ubuntu/HumbleDave/ros2ws/install/teleop_gopigo3_keyboard/share/teleop_gopigo3_keyboard/package.bash'
[28.038s] INFO:colcon.colcon_core.shell:Creating package script '/home/ubuntu/HumbleDave/ros2ws/install/teleop_gopigo3_keyboard/share/teleop_gopigo3_keyboard/package.zsh'
[28.040s] Level 1:colcon.colcon_core.environment:create_file_with_runtime_dependencies(/home/ubuntu/HumbleDave/ros2ws/install/teleop_gopigo3_keyboard/share/colcon-core/packages/teleop_gopigo3_keyboard)
[37.927s] DEBUG:colcon.colcon_core.event_handler.log_command:Invoked command in '/home/ubuntu/HumbleDave/ros2ws/build/ydlidar_ros2_driver' returned '0': CMAKE_PREFIX_PATH=${CMAKE_PREFIX_PATH}:/home/ubuntu/HumbleDave/ros2ws/install/teleop_gopigo3_keyboard:/home/ubuntu/HumbleDave/ros2ws/install/scan_client:/home/ubuntu/HumbleDave/ros2ws/install/ros2_libcamera_pub:/home/ubuntu/HumbleDave/ros2ws/install/ros2_gopigo3_node:/home/ubuntu/ros2ws/install/teleop_gopigo3_keyboard:/home/ubuntu/ros2ws/install/ros2_libcamera_pub:/home/ubuntu/ros2ws/install/ros2_gopigo3_node:/opt/ros/humble /usr/bin/cmake /home/ubuntu/HumbleDave/ros2ws/src/ydlidar_ros2_driver -DAMENT_CMAKE_SYMLINK_INSTALL=1 -DCMAKE_INSTALL_PREFIX=/home/ubuntu/HumbleDave/ros2ws/install/ydlidar_ros2_driver
[37.938s] DEBUG:colcon.colcon_core.event_handler.log_command:Invoking command in '/home/ubuntu/HumbleDave/ros2ws/build/ydlidar_ros2_driver': CMAKE_PREFIX_PATH=${CMAKE_PREFIX_PATH}:/home/ubuntu/HumbleDave/ros2ws/install/teleop_gopigo3_keyboard:/home/ubuntu/HumbleDave/ros2ws/install/scan_client:/home/ubuntu/HumbleDave/ros2ws/install/ros2_libcamera_pub:/home/ubuntu/HumbleDave/ros2ws/install/ros2_gopigo3_node:/home/ubuntu/ros2ws/install/teleop_gopigo3_keyboard:/home/ubuntu/ros2ws/install/ros2_libcamera_pub:/home/ubuntu/ros2ws/install/ros2_gopigo3_node:/opt/ros/humble /usr/bin/cmake --build /home/ubuntu/HumbleDave/ros2ws/build/ydlidar_ros2_driver -- -j4 -l4
[46.749s] DEBUG:colcon.colcon_core.event_handler.log_command:Invoked command in '/home/ubuntu/HumbleDave/ros2ws/build/ros2_gopigo3_msg' returned '0': CMAKE_PREFIX_PATH=${CMAKE_PREFIX_PATH}:/home/ubuntu/HumbleDave/ros2ws/install/teleop_gopigo3_keyboard:/home/ubuntu/HumbleDave/ros2ws/install/scan_client:/home/ubuntu/HumbleDave/ros2ws/install/ros2_libcamera_pub:/home/ubuntu/HumbleDave/ros2ws/install/ros2_gopigo3_node:/home/ubuntu/ros2ws/install/teleop_gopigo3_keyboard:/home/ubuntu/ros2ws/install/ros2_libcamera_pub:/home/ubuntu/ros2ws/install/ros2_gopigo3_node:/opt/ros/humble /usr/bin/cmake --build /home/ubuntu/HumbleDave/ros2ws/build/ros2_gopigo3_msg -- -j4 -l4
[47.475s] DEBUG:colcon.colcon_core.event_handler.log_command:Invoking command in '/home/ubuntu/HumbleDave/ros2ws/build/ros2_gopigo3_msg': CMAKE_PREFIX_PATH=${CMAKE_PREFIX_PATH}:/home/ubuntu/HumbleDave/ros2ws/install/teleop_gopigo3_keyboard:/home/ubuntu/HumbleDave/ros2ws/install/scan_client:/home/ubuntu/HumbleDave/ros2ws/install/ros2_libcamera_pub:/home/ubuntu/HumbleDave/ros2ws/install/ros2_gopigo3_node:/home/ubuntu/ros2ws/install/teleop_gopigo3_keyboard:/home/ubuntu/ros2ws/install/ros2_libcamera_pub:/home/ubuntu/ros2ws/install/ros2_gopigo3_node:/opt/ros/humble /usr/bin/cmake --install /home/ubuntu/HumbleDave/ros2ws/build/ros2_gopigo3_msg
[52.899s] Level 1:colcon.colcon_core.environment:create_environment_scripts_only(ros2_gopigo3_msg)
[52.910s] DEBUG:colcon.colcon_core.event_handler.log_command:Invoked command in '/home/ubuntu/HumbleDave/ros2ws/build/ros2_gopigo3_msg' returned '0': CMAKE_PREFIX_PATH=${CMAKE_PREFIX_PATH}:/home/ubuntu/HumbleDave/ros2ws/install/teleop_gopigo3_keyboard:/home/ubuntu/HumbleDave/ros2ws/install/scan_client:/home/ubuntu/HumbleDave/ros2ws/install/ros2_libcamera_pub:/home/ubuntu/HumbleDave/ros2ws/install/ros2_gopigo3_node:/home/ubuntu/ros2ws/install/teleop_gopigo3_keyboard:/home/ubuntu/ros2ws/install/ros2_libcamera_pub:/home/ubuntu/ros2ws/install/ros2_gopigo3_node:/opt/ros/humble /usr/bin/cmake --install /home/ubuntu/HumbleDave/ros2ws/build/ros2_gopigo3_msg
[53.092s] Level 1:colcon.colcon_core.environment:checking '/home/ubuntu/HumbleDave/ros2ws/install/ros2_gopigo3_msg' for CMake module files
[53.098s] Level 1:colcon.colcon_core.environment:checking '/home/ubuntu/HumbleDave/ros2ws/install/ros2_gopigo3_msg' for CMake config files
[53.104s] Level 1:colcon.colcon_core.shell:create_environment_hook('ros2_gopigo3_msg', 'cmake_prefix_path')
[53.269s] INFO:colcon.colcon_core.shell:Creating environment hook '/home/ubuntu/HumbleDave/ros2ws/install/ros2_gopigo3_msg/share/ros2_gopigo3_msg/hook/cmake_prefix_path.ps1'
[53.273s] INFO:colcon.colcon_core.shell:Creating environment descriptor '/home/ubuntu/HumbleDave/ros2ws/install/ros2_gopigo3_msg/share/ros2_gopigo3_msg/hook/cmake_prefix_path.dsv'
[53.275s] INFO:colcon.colcon_core.shell:Creating environment hook '/home/ubuntu/HumbleDave/ros2ws/install/ros2_gopigo3_msg/share/ros2_gopigo3_msg/hook/cmake_prefix_path.sh'
[53.280s] Level 1:colcon.colcon_core.environment:checking '/home/ubuntu/HumbleDave/ros2ws/install/ros2_gopigo3_msg/lib'
[53.281s] Level 1:colcon.colcon_core.shell:create_environment_hook('ros2_gopigo3_msg', 'ld_library_path_lib')
[53.474s] INFO:colcon.colcon_core.shell:Creating environment hook '/home/ubuntu/HumbleDave/ros2ws/install/ros2_gopigo3_msg/share/ros2_gopigo3_msg/hook/ld_library_path_lib.ps1'
[53.477s] INFO:colcon.colcon_core.shell:Creating environment descriptor '/home/ubuntu/HumbleDave/ros2ws/install/ros2_gopigo3_msg/share/ros2_gopigo3_msg/hook/ld_library_path_lib.dsv'
[53.480s] INFO:colcon.colcon_core.shell:Creating environment hook '/home/ubuntu/HumbleDave/ros2ws/install/ros2_gopigo3_msg/share/ros2_gopigo3_msg/hook/ld_library_path_lib.sh'
[53.483s] Level 1:colcon.colcon_core.environment:checking '/home/ubuntu/HumbleDave/ros2ws/install/ros2_gopigo3_msg/bin'
[53.484s] Level 1:colcon.colcon_core.environment:checking '/home/ubuntu/HumbleDave/ros2ws/install/ros2_gopigo3_msg/lib/pkgconfig/ros2_gopigo3_msg.pc'
[53.486s] Level 1:colcon.colcon_core.environment:checking '/home/ubuntu/HumbleDave/ros2ws/install/ros2_gopigo3_msg/lib/python3.10/site-packages'
[53.488s] Level 1:colcon.colcon_core.environment:checking '/home/ubuntu/HumbleDave/ros2ws/install/ros2_gopigo3_msg/bin'
[53.665s] INFO:colcon.colcon_core.shell:Creating package script '/home/ubuntu/HumbleDave/ros2ws/install/ros2_gopigo3_msg/share/ros2_gopigo3_msg/package.ps1'
[53.669s] INFO:colcon.colcon_core.shell:Creating package descriptor '/home/ubuntu/HumbleDave/ros2ws/install/ros2_gopigo3_msg/share/ros2_gopigo3_msg/package.dsv'
[53.672s] INFO:colcon.colcon_core.shell:Creating package script '/home/ubuntu/HumbleDave/ros2ws/install/ros2_gopigo3_msg/share/ros2_gopigo3_msg/package.sh'
[53.680s] INFO:colcon.colcon_core.shell:Creating package script '/home/ubuntu/HumbleDave/ros2ws/install/ros2_gopigo3_msg/share/ros2_gopigo3_msg/package.bash'
[53.683s] INFO:colcon.colcon_core.shell:Creating package script '/home/ubuntu/HumbleDave/ros2ws/install/ros2_gopigo3_msg/share/ros2_gopigo3_msg/package.zsh'
[53.686s] Level 1:colcon.colcon_core.environment:create_file_with_runtime_dependencies(/home/ubuntu/HumbleDave/ros2ws/install/ros2_gopigo3_msg/share/colcon-core/packages/ros2_gopigo3_msg)
[54.622s] Level 1:colcon.colcon_core.environment:create_environment_scripts_only(ros2_gopigo3_msg)
[54.815s] Level 1:colcon.colcon_core.environment:checking '/home/ubuntu/HumbleDave/ros2ws/install/ros2_gopigo3_msg' for CMake module files
[54.878s] Level 1:colcon.colcon_core.environment:checking '/home/ubuntu/HumbleDave/ros2ws/install/ros2_gopigo3_msg' for CMake config files
[54.888s] Level 1:colcon.colcon_core.shell:create_environment_hook('ros2_gopigo3_msg', 'cmake_prefix_path')
[55.041s] INFO:colcon.colcon_core.shell:Creating environment hook '/home/ubuntu/HumbleDave/ros2ws/install/ros2_gopigo3_msg/share/ros2_gopigo3_msg/hook/cmake_prefix_path.ps1'
[55.044s] INFO:colcon.colcon_core.shell:Creating environment descriptor '/home/ubuntu/HumbleDave/ros2ws/install/ros2_gopigo3_msg/share/ros2_gopigo3_msg/hook/cmake_prefix_path.dsv'
[55.047s] INFO:colcon.colcon_core.shell:Creating environment hook '/home/ubuntu/HumbleDave/ros2ws/install/ros2_gopigo3_msg/share/ros2_gopigo3_msg/hook/cmake_prefix_path.sh'
[55.051s] Level 1:colcon.colcon_core.environment:checking '/home/ubuntu/HumbleDave/ros2ws/install/ros2_gopigo3_msg/lib'
[55.052s] Level 1:colcon.colcon_core.shell:create_environment_hook('ros2_gopigo3_msg', 'ld_library_path_lib')
[55.206s] INFO:colcon.colcon_core.shell:Creating environment hook '/home/ubuntu/HumbleDave/ros2ws/install/ros2_gopigo3_msg/share/ros2_gopigo3_msg/hook/ld_library_path_lib.ps1'
[55.209s] INFO:colcon.colcon_core.shell:Creating environment descriptor '/home/ubuntu/HumbleDave/ros2ws/install/ros2_gopigo3_msg/share/ros2_gopigo3_msg/hook/ld_library_path_lib.dsv'
[55.212s] INFO:colcon.colcon_core.shell:Creating environment hook '/home/ubuntu/HumbleDave/ros2ws/install/ros2_gopigo3_msg/share/ros2_gopigo3_msg/hook/ld_library_path_lib.sh'
[55.216s] Level 1:colcon.colcon_core.environment:checking '/home/ubuntu/HumbleDave/ros2ws/install/ros2_gopigo3_msg/bin'
[55.217s] Level 1:colcon.colcon_core.environment:checking '/home/ubuntu/HumbleDave/ros2ws/install/ros2_gopigo3_msg/lib/pkgconfig/ros2_gopigo3_msg.pc'
[55.219s] Level 1:colcon.colcon_core.environment:checking '/home/ubuntu/HumbleDave/ros2ws/install/ros2_gopigo3_msg/lib/python3.10/site-packages'
[55.220s] Level 1:colcon.colcon_core.environment:checking '/home/ubuntu/HumbleDave/ros2ws/install/ros2_gopigo3_msg/bin'
[55.375s] INFO:colcon.colcon_core.shell:Creating package script '/home/ubuntu/HumbleDave/ros2ws/install/ros2_gopigo3_msg/share/ros2_gopigo3_msg/package.ps1'
[55.380s] INFO:colcon.colcon_core.shell:Creating package descriptor '/home/ubuntu/HumbleDave/ros2ws/install/ros2_gopigo3_msg/share/ros2_gopigo3_msg/package.dsv'
[55.384s] INFO:colcon.colcon_core.shell:Creating package script '/home/ubuntu/HumbleDave/ros2ws/install/ros2_gopigo3_msg/share/ros2_gopigo3_msg/package.sh'
[55.388s] INFO:colcon.colcon_core.shell:Creating package script '/home/ubuntu/HumbleDave/ros2ws/install/ros2_gopigo3_msg/share/ros2_gopigo3_msg/package.bash'
[55.392s] INFO:colcon.colcon_core.shell:Creating package script '/home/ubuntu/HumbleDave/ros2ws/install/ros2_gopigo3_msg/share/ros2_gopigo3_msg/package.zsh'
[55.396s] Level 1:colcon.colcon_core.environment:create_file_with_runtime_dependencies(/home/ubuntu/HumbleDave/ros2ws/install/ros2_gopigo3_msg/share/colcon-core/packages/ros2_gopigo3_msg)
[55.399s] INFO:colcon.colcon_ros.task.ament_python.build:Building ROS package in '/home/ubuntu/HumbleDave/ros2ws/src/ros2_gopigo3_node' with build type 'ament_python'
[55.400s] Level 1:colcon.colcon_core.shell:create_environment_hook('ros2_gopigo3_node', 'ament_prefix_path')
[55.554s] INFO:colcon.colcon_core.shell:Creating environment hook '/home/ubuntu/HumbleDave/ros2ws/install/ros2_gopigo3_node/share/ros2_gopigo3_node/hook/ament_prefix_path.ps1'
[55.557s] INFO:colcon.colcon_core.shell:Creating environment descriptor '/home/ubuntu/HumbleDave/ros2ws/install/ros2_gopigo3_node/share/ros2_gopigo3_node/hook/ament_prefix_path.dsv'
[55.561s] INFO:colcon.colcon_core.shell:Creating environment hook '/home/ubuntu/HumbleDave/ros2ws/install/ros2_gopigo3_node/share/ros2_gopigo3_node/hook/ament_prefix_path.sh'
[55.713s] INFO:colcon.colcon_core.shell:Skip shell extension 'powershell' for command environment: Not usable outside of PowerShell
[55.714s] DEBUG:colcon.colcon_core.shell:Skip shell extension 'dsv' for command environment
[58.924s] INFO:colcon.colcon_core.task.python.build:Building Python package in '/home/ubuntu/HumbleDave/ros2ws/src/ros2_gopigo3_node'
[59.080s] INFO:colcon.colcon_core.shell:Skip shell extension 'powershell' for command environment: Not usable outside of PowerShell
[59.080s] DEBUG:colcon.colcon_core.shell:Skip shell extension 'dsv' for command environment
[62.881s] DEBUG:colcon.colcon_core.event_handler.log_command:Invoking command in '/home/ubuntu/HumbleDave/ros2ws/build/ros2_gopigo3_node': CMAKE_PREFIX_PATH=/home/ubuntu/HumbleDave/ros2ws/install/ros2_gopigo3_msg:/home/ubuntu/HumbleDave/ros2ws/install/ydlidar_ros2_driver:/home/ubuntu/ros2ws/install/ydlidar_ros2_driver:/home/ubuntu/ros2ws/install/ros2_gopigo3_msg PYTHONPATH=/home/ubuntu/HumbleDave/ros2ws/build/ros2_gopigo3_node/prefix_override:/home/ubuntu/HumbleDave/ros2ws/install/ros2_gopigo3_node/lib/python3.10/site-packages:${PYTHONPATH} /usr/bin/python3 setup.py develop --editable --build-directory /home/ubuntu/HumbleDave/ros2ws/build/ros2_gopigo3_node/build --no-deps install_data
[67.170s] Level 1:colcon.colcon_core.shell:create_environment_hook('ros2_gopigo3_node', 'pythonpath_develop')
[67.172s] DEBUG:colcon.colcon_core.event_handler.log_command:Invoked command in '/home/ubuntu/HumbleDave/ros2ws/build/ros2_gopigo3_node' returned '0': CMAKE_PREFIX_PATH=/home/ubuntu/HumbleDave/ros2ws/install/ros2_gopigo3_msg:/home/ubuntu/HumbleDave/ros2ws/install/ydlidar_ros2_driver:/home/ubuntu/ros2ws/install/ydlidar_ros2_driver:/home/ubuntu/ros2ws/install/ros2_gopigo3_msg PYTHONPATH=/home/ubuntu/HumbleDave/ros2ws/build/ros2_gopigo3_node/prefix_override:/home/ubuntu/HumbleDave/ros2ws/install/ros2_gopigo3_node/lib/python3.10/site-packages:${PYTHONPATH} /usr/bin/python3 setup.py develop --editable --build-directory /home/ubuntu/HumbleDave/ros2ws/build/ros2_gopigo3_node/build --no-deps install_data
[67.292s] INFO:colcon.colcon_core.shell:Creating environment hook '/home/ubuntu/HumbleDave/ros2ws/build/ros2_gopigo3_node/share/ros2_gopigo3_node/hook/pythonpath_develop.ps1'
[67.299s] INFO:colcon.colcon_core.shell:Creating environment descriptor '/home/ubuntu/HumbleDave/ros2ws/build/ros2_gopigo3_node/share/ros2_gopigo3_node/hook/pythonpath_develop.dsv'
[67.301s] INFO:colcon.colcon_core.shell:Creating environment hook '/home/ubuntu/HumbleDave/ros2ws/build/ros2_gopigo3_node/share/ros2_gopigo3_node/hook/pythonpath_develop.sh'
[67.420s] Level 1:colcon.colcon_core.environment:checking '/home/ubuntu/HumbleDave/ros2ws/install/ros2_gopigo3_node' for CMake module files
[67.425s] Level 1:colcon.colcon_core.environment:checking '/home/ubuntu/HumbleDave/ros2ws/install/ros2_gopigo3_node' for CMake config files
[67.430s] Level 1:colcon.colcon_core.environment:checking '/home/ubuntu/HumbleDave/ros2ws/install/ros2_gopigo3_node/lib'
[67.430s] Level 1:colcon.colcon_core.environment:checking '/home/ubuntu/HumbleDave/ros2ws/install/ros2_gopigo3_node/bin'
[67.431s] Level 1:colcon.colcon_core.environment:checking '/home/ubuntu/HumbleDave/ros2ws/install/ros2_gopigo3_node/lib/pkgconfig/ros2_gopigo3_node.pc'
[67.433s] Level 1:colcon.colcon_core.environment:checking '/home/ubuntu/HumbleDave/ros2ws/install/ros2_gopigo3_node/lib/python3.10/site-packages'
[67.433s] Level 1:colcon.colcon_core.shell:create_environment_hook('ros2_gopigo3_node', 'pythonpath')
[67.569s] INFO:colcon.colcon_core.shell:Creating environment hook '/home/ubuntu/HumbleDave/ros2ws/install/ros2_gopigo3_node/share/ros2_gopigo3_node/hook/pythonpath.ps1'
[67.571s] INFO:colcon.colcon_core.shell:Creating environment descriptor '/home/ubuntu/HumbleDave/ros2ws/install/ros2_gopigo3_node/share/ros2_gopigo3_node/hook/pythonpath.dsv'
[67.574s] INFO:colcon.colcon_core.shell:Creating environment hook '/home/ubuntu/HumbleDave/ros2ws/install/ros2_gopigo3_node/share/ros2_gopigo3_node/hook/pythonpath.sh'
[67.578s] Level 1:colcon.colcon_core.environment:checking '/home/ubuntu/HumbleDave/ros2ws/install/ros2_gopigo3_node/bin'
[67.580s] Level 1:colcon.colcon_core.environment:create_environment_scripts_only(ros2_gopigo3_node)
[67.724s] INFO:colcon.colcon_core.shell:Creating package script '/home/ubuntu/HumbleDave/ros2ws/install/ros2_gopigo3_node/share/ros2_gopigo3_node/package.ps1'
[67.727s] INFO:colcon.colcon_core.shell:Creating package descriptor '/home/ubuntu/HumbleDave/ros2ws/install/ros2_gopigo3_node/share/ros2_gopigo3_node/package.dsv'
[67.730s] INFO:colcon.colcon_core.shell:Creating package script '/home/ubuntu/HumbleDave/ros2ws/install/ros2_gopigo3_node/share/ros2_gopigo3_node/package.sh'
[67.733s] INFO:colcon.colcon_core.shell:Creating package script '/home/ubuntu/HumbleDave/ros2ws/install/ros2_gopigo3_node/share/ros2_gopigo3_node/package.bash'
[67.735s] INFO:colcon.colcon_core.shell:Creating package script '/home/ubuntu/HumbleDave/ros2ws/install/ros2_gopigo3_node/share/ros2_gopigo3_node/package.zsh'
[67.738s] Level 1:colcon.colcon_core.environment:create_file_with_runtime_dependencies(/home/ubuntu/HumbleDave/ros2ws/install/ros2_gopigo3_node/share/colcon-core/packages/ros2_gopigo3_node)
[81.938s] DEBUG:colcon.colcon_core.event_handler.log_command:Invoked command in '/home/ubuntu/HumbleDave/ros2ws/build/ydlidar_ros2_driver' returned '0': CMAKE_PREFIX_PATH=${CMAKE_PREFIX_PATH}:/home/ubuntu/HumbleDave/ros2ws/install/teleop_gopigo3_keyboard:/home/ubuntu/HumbleDave/ros2ws/install/scan_client:/home/ubuntu/HumbleDave/ros2ws/install/ros2_libcamera_pub:/home/ubuntu/HumbleDave/ros2ws/install/ros2_gopigo3_node:/home/ubuntu/ros2ws/install/teleop_gopigo3_keyboard:/home/ubuntu/ros2ws/install/ros2_libcamera_pub:/home/ubuntu/ros2ws/install/ros2_gopigo3_node:/opt/ros/humble /usr/bin/cmake --build /home/ubuntu/HumbleDave/ros2ws/build/ydlidar_ros2_driver -- -j4 -l4
[82.122s] DEBUG:colcon.colcon_core.event_handler.log_command:Invoking command in '/home/ubuntu/HumbleDave/ros2ws/build/ydlidar_ros2_driver': CMAKE_PREFIX_PATH=${CMAKE_PREFIX_PATH}:/home/ubuntu/HumbleDave/ros2ws/install/teleop_gopigo3_keyboard:/home/ubuntu/HumbleDave/ros2ws/install/scan_client:/home/ubuntu/HumbleDave/ros2ws/install/ros2_libcamera_pub:/home/ubuntu/HumbleDave/ros2ws/install/ros2_gopigo3_node:/home/ubuntu/ros2ws/install/teleop_gopigo3_keyboard:/home/ubuntu/ros2ws/install/ros2_libcamera_pub:/home/ubuntu/ros2ws/install/ros2_gopigo3_node:/opt/ros/humble /usr/bin/cmake --install /home/ubuntu/HumbleDave/ros2ws/build/ydlidar_ros2_driver
[83.273s] Level 1:colcon.colcon_core.environment:create_environment_scripts_only(ydlidar_ros2_driver)
[83.274s] DEBUG:colcon.colcon_core.event_handler.log_command:Invoked command in '/home/ubuntu/HumbleDave/ros2ws/build/ydlidar_ros2_driver' returned '0': CMAKE_PREFIX_PATH=${CMAKE_PREFIX_PATH}:/home/ubuntu/HumbleDave/ros2ws/install/teleop_gopigo3_keyboard:/home/ubuntu/HumbleDave/ros2ws/install/scan_client:/home/ubuntu/HumbleDave/ros2ws/install/ros2_libcamera_pub:/home/ubuntu/HumbleDave/ros2ws/install/ros2_gopigo3_node:/home/ubuntu/ros2ws/install/teleop_gopigo3_keyboard:/home/ubuntu/ros2ws/install/ros2_libcamera_pub:/home/ubuntu/ros2ws/install/ros2_gopigo3_node:/opt/ros/humble /usr/bin/cmake --install /home/ubuntu/HumbleDave/ros2ws/build/ydlidar_ros2_driver
[83.373s] Level 1:colcon.colcon_core.environment:checking '/home/ubuntu/HumbleDave/ros2ws/install/ydlidar_ros2_driver' for CMake module files
[83.377s] Level 1:colcon.colcon_core.environment:checking '/home/ubuntu/HumbleDave/ros2ws/install/ydlidar_ros2_driver' for CMake config files
[83.381s] Level 1:colcon.colcon_core.shell:create_environment_hook('ydlidar_ros2_driver', 'cmake_prefix_path')
[83.463s] INFO:colcon.colcon_core.shell:Creating environment hook '/home/ubuntu/HumbleDave/ros2ws/install/ydlidar_ros2_driver/share/ydlidar_ros2_driver/hook/cmake_prefix_path.ps1'
[83.465s] INFO:colcon.colcon_core.shell:Creating environment descriptor '/home/ubuntu/HumbleDave/ros2ws/install/ydlidar_ros2_driver/share/ydlidar_ros2_driver/hook/cmake_prefix_path.dsv'
[83.468s] INFO:colcon.colcon_core.shell:Creating environment hook '/home/ubuntu/HumbleDave/ros2ws/install/ydlidar_ros2_driver/share/ydlidar_ros2_driver/hook/cmake_prefix_path.sh'
[83.471s] Level 1:colcon.colcon_core.environment:checking '/home/ubuntu/HumbleDave/ros2ws/install/ydlidar_ros2_driver/lib'
[83.472s] Level 1:colcon.colcon_core.environment:checking '/home/ubuntu/HumbleDave/ros2ws/install/ydlidar_ros2_driver/bin'
[83.472s] Level 1:colcon.colcon_core.environment:checking '/home/ubuntu/HumbleDave/ros2ws/install/ydlidar_ros2_driver/lib/pkgconfig/ydlidar_ros2_driver.pc'
[83.474s] Level 1:colcon.colcon_core.environment:checking '/home/ubuntu/HumbleDave/ros2ws/install/ydlidar_ros2_driver/lib/python3.10/site-packages'
[83.475s] Level 1:colcon.colcon_core.environment:checking '/home/ubuntu/HumbleDave/ros2ws/install/ydlidar_ros2_driver/bin'
[83.568s] INFO:colcon.colcon_core.shell:Creating package script '/home/ubuntu/HumbleDave/ros2ws/install/ydlidar_ros2_driver/share/ydlidar_ros2_driver/package.ps1'
[83.570s] INFO:colcon.colcon_core.shell:Creating package descriptor '/home/ubuntu/HumbleDave/ros2ws/install/ydlidar_ros2_driver/share/ydlidar_ros2_driver/package.dsv'
[83.573s] INFO:colcon.colcon_core.shell:Creating package script '/home/ubuntu/HumbleDave/ros2ws/install/ydlidar_ros2_driver/share/ydlidar_ros2_driver/package.sh'
[83.576s] INFO:colcon.colcon_core.shell:Creating package script '/home/ubuntu/HumbleDave/ros2ws/install/ydlidar_ros2_driver/share/ydlidar_ros2_driver/package.bash'
[83.578s] INFO:colcon.colcon_core.shell:Creating package script '/home/ubuntu/HumbleDave/ros2ws/install/ydlidar_ros2_driver/share/ydlidar_ros2_driver/package.zsh'
[83.579s] Level 1:colcon.colcon_core.environment:create_file_with_runtime_dependencies(/home/ubuntu/HumbleDave/ros2ws/install/ydlidar_ros2_driver/share/colcon-core/packages/ydlidar_ros2_driver)
[83.805s] Level 1:colcon.colcon_core.environment:create_environment_scripts_only(ydlidar_ros2_driver)
[83.871s] Level 1:colcon.colcon_core.environment:checking '/home/ubuntu/HumbleDave/ros2ws/install/ydlidar_ros2_driver' for CMake module files
[83.874s] Level 1:colcon.colcon_core.environment:checking '/home/ubuntu/HumbleDave/ros2ws/install/ydlidar_ros2_driver' for CMake config files
[83.879s] Level 1:colcon.colcon_core.shell:create_environment_hook('ydlidar_ros2_driver', 'cmake_prefix_path')
[83.953s] INFO:colcon.colcon_core.shell:Creating environment hook '/home/ubuntu/HumbleDave/ros2ws/install/ydlidar_ros2_driver/share/ydlidar_ros2_driver/hook/cmake_prefix_path.ps1'
[83.956s] INFO:colcon.colcon_core.shell:Creating environment descriptor '/home/ubuntu/HumbleDave/ros2ws/install/ydlidar_ros2_driver/share/ydlidar_ros2_driver/hook/cmake_prefix_path.dsv'
[83.957s] INFO:colcon.colcon_core.shell:Creating environment hook '/home/ubuntu/HumbleDave/ros2ws/install/ydlidar_ros2_driver/share/ydlidar_ros2_driver/hook/cmake_prefix_path.sh'
[83.960s] Level 1:colcon.colcon_core.environment:checking '/home/ubuntu/HumbleDave/ros2ws/install/ydlidar_ros2_driver/lib'
[83.961s] Level 1:colcon.colcon_core.environment:checking '/home/ubuntu/HumbleDave/ros2ws/install/ydlidar_ros2_driver/bin'
[83.961s] Level 1:colcon.colcon_core.environment:checking '/home/ubuntu/HumbleDave/ros2ws/install/ydlidar_ros2_driver/lib/pkgconfig/ydlidar_ros2_driver.pc'
[83.962s] Level 1:colcon.colcon_core.environment:checking '/home/ubuntu/HumbleDave/ros2ws/install/ydlidar_ros2_driver/lib/python3.10/site-packages'
[83.963s] Level 1:colcon.colcon_core.environment:checking '/home/ubuntu/HumbleDave/ros2ws/install/ydlidar_ros2_driver/bin'
[84.036s] INFO:colcon.colcon_core.shell:Creating package script '/home/ubuntu/HumbleDave/ros2ws/install/ydlidar_ros2_driver/share/ydlidar_ros2_driver/package.ps1'
[84.039s] INFO:colcon.colcon_core.shell:Creating package descriptor '/home/ubuntu/HumbleDave/ros2ws/install/ydlidar_ros2_driver/share/ydlidar_ros2_driver/package.dsv'
[84.041s] INFO:colcon.colcon_core.shell:Creating package script '/home/ubuntu/HumbleDave/ros2ws/install/ydlidar_ros2_driver/share/ydlidar_ros2_driver/package.sh'
[84.044s] INFO:colcon.colcon_core.shell:Creating package script '/home/ubuntu/HumbleDave/ros2ws/install/ydlidar_ros2_driver/share/ydlidar_ros2_driver/package.bash'
[84.047s] INFO:colcon.colcon_core.shell:Creating package script '/home/ubuntu/HumbleDave/ros2ws/install/ydlidar_ros2_driver/share/ydlidar_ros2_driver/package.zsh'
[84.049s] Level 1:colcon.colcon_core.environment:create_file_with_runtime_dependencies(/home/ubuntu/HumbleDave/ros2ws/install/ydlidar_ros2_driver/share/colcon-core/packages/ydlidar_ros2_driver)
[84.050s] DEBUG:colcon.colcon_parallel_executor.executor.parallel:closing loop
[84.052s] DEBUG:colcon.colcon_parallel_executor.executor.parallel:loop closed
[84.053s] DEBUG:colcon.colcon_parallel_executor.executor.parallel:run_until_complete finished with '0'
[84.054s] DEBUG:colcon.colcon_core.event_reactor:joining thread
[84.159s] INFO:colcon.colcon_core.plugin_system:Skipping extension 'colcon_notification.desktop_notification.notify_send': Could not find 'notify-send'
[84.159s] INFO:colcon.colcon_core.plugin_system:Skipping extension 'colcon_notification.desktop_notification.terminal_notifier': Not used on non-Darwin systems
[84.160s] INFO:colcon.colcon_core.plugin_system:Skipping extension 'colcon_notification.desktop_notification.win32': Not used on non-Windows systems
[84.160s] INFO:colcon.colcon_notification.desktop_notification:Sending desktop notification using 'notify2'
[84.163s] DEBUG:colcon.colcon_notification.desktop_notification.notify2:Failed to initialize notify2: org.freedesktop.DBus.Error.ServiceUnknown: The name org.freedesktop.Notifications was not provided by any .service files
[84.164s] DEBUG:colcon.colcon_core.event_reactor:joined thread
[84.237s] INFO:colcon.colcon_core.shell:Creating prefix script '/home/ubuntu/HumbleDave/ros2ws/install/local_setup.ps1'
[84.240s] INFO:colcon.colcon_core.shell:Creating prefix util module '/home/ubuntu/HumbleDave/ros2ws/install/_local_setup_util_ps1.py'
[84.246s] INFO:colcon.colcon_core.shell:Creating prefix chain script '/home/ubuntu/HumbleDave/ros2ws/install/setup.ps1'
[84.332s] INFO:colcon.colcon_core.shell:Creating prefix script '/home/ubuntu/HumbleDave/ros2ws/install/local_setup.sh'
[84.336s] INFO:colcon.colcon_core.shell:Creating prefix util module '/home/ubuntu/HumbleDave/ros2ws/install/_local_setup_util_sh.py'
[84.339s] INFO:colcon.colcon_core.shell:Creating prefix chain script '/home/ubuntu/HumbleDave/ros2ws/install/setup.sh'
[84.477s] INFO:colcon.colcon_core.shell:Creating prefix script '/home/ubuntu/HumbleDave/ros2ws/install/local_setup.bash'
[84.480s] INFO:colcon.colcon_core.shell:Creating prefix chain script '/home/ubuntu/HumbleDave/ros2ws/install/setup.bash'
[84.594s] INFO:colcon.colcon_core.shell:Creating prefix script '/home/ubuntu/HumbleDave/ros2ws/install/local_setup.zsh'
[84.597s] INFO:colcon.colcon_core.shell:Creating prefix chain script '/home/ubuntu/HumbleDave/ros2ws/install/setup.zsh'
