[0.951s] Invoking command in '/home/ubuntu/HumbleDave/ros2ws/build/ydlidar_ros2_driver': CMAKE_PREFIX_PATH=${CMAKE_PREFIX_PATH}:/home/ubuntu/HumbleDave/ros2ws/install/teleop_gopigo3_keyboard:/home/ubuntu/HumbleDave/ros2ws/install/scan_client:/home/ubuntu/HumbleDave/ros2ws/install/ros2_libcamera_pub:/home/ubuntu/HumbleDave/ros2ws/install/ros2_gopigo3_node:/home/ubuntu/ros2ws/install/ydlidar_ros2_driver:/home/ubuntu/ros2ws/install/teleop_gopigo3_keyboard:/home/ubuntu/ros2ws/install/ros2_libcamera_pub:/home/ubuntu/ros2ws/install/ros2_gopigo3_node:/home/ubuntu/ros2ws/install/ros2_gopigo3_msg:/opt/ros/humble /usr/bin/cmake --build /home/ubuntu/HumbleDave/ros2ws/build/ydlidar_ros2_driver -- -j4 -l4
[1.340s] [ 50%] Built target ydlidar_ros2_driver_node
[1.387s] [100%] Built target ydlidar_ros2_driver_client
[3.165s] Invoked command in '/home/ubuntu/HumbleDave/ros2ws/build/ydlidar_ros2_driver' returned '0': CMAKE_PREFIX_PATH=${CMAKE_PREFIX_PATH}:/home/ubuntu/HumbleDave/ros2ws/install/teleop_gopigo3_keyboard:/home/ubuntu/HumbleDave/ros2ws/install/scan_client:/home/ubuntu/HumbleDave/ros2ws/install/ros2_libcamera_pub:/home/ubuntu/HumbleDave/ros2ws/install/ros2_gopigo3_node:/home/ubuntu/ros2ws/install/ydlidar_ros2_driver:/home/ubuntu/ros2ws/install/teleop_gopigo3_keyboard:/home/ubuntu/ros2ws/install/ros2_libcamera_pub:/home/ubuntu/ros2ws/install/ros2_gopigo3_node:/home/ubuntu/ros2ws/install/ros2_gopigo3_msg:/opt/ros/humble /usr/bin/cmake --build /home/ubuntu/HumbleDave/ros2ws/build/ydlidar_ros2_driver -- -j4 -l4
[3.549s] Invoking command in '/home/ubuntu/HumbleDave/ros2ws/build/ydlidar_ros2_driver': CMAKE_PREFIX_PATH=${CMAKE_PREFIX_PATH}:/home/ubuntu/HumbleDave/ros2ws/install/teleop_gopigo3_keyboard:/home/ubuntu/HumbleDave/ros2ws/install/scan_client:/home/ubuntu/HumbleDave/ros2ws/install/ros2_libcamera_pub:/home/ubuntu/HumbleDave/ros2ws/install/ros2_gopigo3_node:/home/ubuntu/ros2ws/install/ydlidar_ros2_driver:/home/ubuntu/ros2ws/install/teleop_gopigo3_keyboard:/home/ubuntu/ros2ws/install/ros2_libcamera_pub:/home/ubuntu/ros2ws/install/ros2_gopigo3_node:/home/ubuntu/ros2ws/install/ros2_gopigo3_msg:/opt/ros/humble /usr/bin/cmake --install /home/ubuntu/HumbleDave/ros2ws/build/ydlidar_ros2_driver
[3.582s] -- Install configuration: ""
[3.585s] -- Execute custom install script
[3.588s] -- Up-to-date symlink: /home/ubuntu/HumbleDave/ros2ws/install/ydlidar_ros2_driver/lib/ydlidar_ros2_driver/ydlidar_ros2_driver_node
[3.589s] -- Up-to-date symlink: /home/ubuntu/HumbleDave/ros2ws/install/ydlidar_ros2_driver/lib/ydlidar_ros2_driver/ydlidar_ros2_driver_client
[3.593s] -- Up-to-date symlink: /home/ubuntu/HumbleDave/ros2ws/install/ydlidar_ros2_driver/share/ydlidar_ros2_driver/launch/ydlidar.py
[3.594s] -- Up-to-date symlink: /home/ubuntu/HumbleDave/ros2ws/install/ydlidar_ros2_driver/share/ydlidar_ros2_driver/launch/ydlidar_launch.py
[3.595s] -- Up-to-date symlink: /home/ubuntu/HumbleDave/ros2ws/install/ydlidar_ros2_driver/share/ydlidar_ros2_driver/launch/ydlidar_launch.py.bak
[3.596s] -- Up-to-date symlink: /home/ubuntu/HumbleDave/ros2ws/install/ydlidar_ros2_driver/share/ydlidar_ros2_driver/launch/ydlidar_launch.py.lghrainbow
[3.597s] -- Up-to-date symlink: /home/ubuntu/HumbleDave/ros2ws/install/ydlidar_ros2_driver/share/ydlidar_ros2_driver/launch/ydlidar_launch.py.mine
[3.598s] -- Up-to-date symlink: /home/ubuntu/HumbleDave/ros2ws/install/ydlidar_ros2_driver/share/ydlidar_ros2_driver/launch/ydlidar_launch_view.py
[3.599s] -- Up-to-date symlink: /home/ubuntu/HumbleDave/ros2ws/install/ydlidar_ros2_driver/share/ydlidar_ros2_driver/launch/ydlidar_launch_view.py.bak
[3.602s] -- Up-to-date symlink: /home/ubuntu/HumbleDave/ros2ws/install/ydlidar_ros2_driver/share/ydlidar_ros2_driver/params/ydlidar.yaml
[3.603s] -- Up-to-date symlink: /home/ubuntu/HumbleDave/ros2ws/install/ydlidar_ros2_driver/share/ydlidar_ros2_driver/params/ydlidar.yaml.lghrainbow
[3.604s] -- Up-to-date symlink: /home/ubuntu/HumbleDave/ros2ws/install/ydlidar_ros2_driver/share/ydlidar_ros2_driver/params/ydlidar.yaml.mine
[3.605s] -- Up-to-date symlink: /home/ubuntu/HumbleDave/ros2ws/install/ydlidar_ros2_driver/share/ydlidar_ros2_driver/params/ydlidar.yaml.mystery
[3.606s] -- Up-to-date symlink: /home/ubuntu/HumbleDave/ros2ws/install/ydlidar_ros2_driver/share/ydlidar_ros2_driver/params/ydlidar.yaml.v4
[3.608s] -- Up-to-date symlink: /home/ubuntu/HumbleDave/ros2ws/install/ydlidar_ros2_driver/share/ydlidar_ros2_driver/startup/initenv.sh
[3.610s] -- Up-to-date symlink: /home/ubuntu/HumbleDave/ros2ws/install/ydlidar_ros2_driver/share/ydlidar_ros2_driver/config/ydlidar.rviz
[3.612s] -- Up-to-date symlink: /home/ubuntu/HumbleDave/ros2ws/install/ydlidar_ros2_driver/share/ament_index/resource_index/package_run_dependencies/ydlidar_ros2_driver
[3.614s] -- Up-to-date symlink: /home/ubuntu/HumbleDave/ros2ws/install/ydlidar_ros2_driver/share/ament_index/resource_index/parent_prefix_path/ydlidar_ros2_driver
[3.615s] -- Up-to-date symlink: /home/ubuntu/HumbleDave/ros2ws/install/ydlidar_ros2_driver/share/ydlidar_ros2_driver/environment/ament_prefix_path.sh
[3.617s] -- Up-to-date symlink: /home/ubuntu/HumbleDave/ros2ws/install/ydlidar_ros2_driver/share/ydlidar_ros2_driver/environment/ament_prefix_path.dsv
[3.619s] -- Up-to-date symlink: /home/ubuntu/HumbleDave/ros2ws/install/ydlidar_ros2_driver/share/ydlidar_ros2_driver/environment/path.sh
[3.622s] -- Up-to-date symlink: /home/ubuntu/HumbleDave/ros2ws/install/ydlidar_ros2_driver/share/ydlidar_ros2_driver/environment/path.dsv
[3.624s] -- Up-to-date symlink: /home/ubuntu/HumbleDave/ros2ws/install/ydlidar_ros2_driver/share/ydlidar_ros2_driver/local_setup.bash
[3.625s] -- Up-to-date symlink: /home/ubuntu/HumbleDave/ros2ws/install/ydlidar_ros2_driver/share/ydlidar_ros2_driver/local_setup.sh
[3.627s] -- Up-to-date symlink: /home/ubuntu/HumbleDave/ros2ws/install/ydlidar_ros2_driver/share/ydlidar_ros2_driver/local_setup.zsh
[3.629s] -- Up-to-date symlink: /home/ubuntu/HumbleDave/ros2ws/install/ydlidar_ros2_driver/share/ydlidar_ros2_driver/local_setup.dsv
[3.630s] -- Symlinking: /home/ubuntu/HumbleDave/ros2ws/install/ydlidar_ros2_driver/share/ydlidar_ros2_driver/package.dsv
[3.673s] -- Up-to-date symlink: /home/ubuntu/HumbleDave/ros2ws/install/ydlidar_ros2_driver/share/ament_index/resource_index/packages/ydlidar_ros2_driver
[3.674s] -- Up-to-date symlink: /home/ubuntu/HumbleDave/ros2ws/install/ydlidar_ros2_driver/share/ydlidar_ros2_driver/cmake/ydlidar_ros2_driverConfig.cmake
[3.676s] -- Up-to-date symlink: /home/ubuntu/HumbleDave/ros2ws/install/ydlidar_ros2_driver/share/ydlidar_ros2_driver/cmake/ydlidar_ros2_driverConfig-version.cmake
[3.677s] -- Up-to-date symlink: /home/ubuntu/HumbleDave/ros2ws/install/ydlidar_ros2_driver/share/ydlidar_ros2_driver/package.xml
[3.687s] Invoked command in '/home/ubuntu/HumbleDave/ros2ws/build/ydlidar_ros2_driver' returned '0': CMAKE_PREFIX_PATH=${CMAKE_PREFIX_PATH}:/home/ubuntu/HumbleDave/ros2ws/install/teleop_gopigo3_keyboard:/home/ubuntu/HumbleDave/ros2ws/install/scan_client:/home/ubuntu/HumbleDave/ros2ws/install/ros2_libcamera_pub:/home/ubuntu/HumbleDave/ros2ws/install/ros2_gopigo3_node:/home/ubuntu/ros2ws/install/ydlidar_ros2_driver:/home/ubuntu/ros2ws/install/teleop_gopigo3_keyboard:/home/ubuntu/ros2ws/install/ros2_libcamera_pub:/home/ubuntu/ros2ws/install/ros2_gopigo3_node:/home/ubuntu/ros2ws/install/ros2_gopigo3_msg:/opt/ros/humble /usr/bin/cmake --install /home/ubuntu/HumbleDave/ros2ws/build/ydlidar_ros2_driver
