[7.468s] Invoking command in '/home/ubuntu/HumbleDave/ros2ws/build/ros2_gopigo3_node': CMAKE_PREFIX_PATH=/home/ubuntu/HumbleDave/ros2ws/install/ros2_gopigo3_msg:/home/ubuntu/HumbleDave/ros2ws/install/ydlidar_ros2_driver:/home/ubuntu/ros2ws/install/ydlidar_ros2_driver:/home/ubuntu/ros2ws/install/ros2_gopigo3_msg PYTHONPATH=/home/ubuntu/HumbleDave/ros2ws/build/ros2_gopigo3_node/prefix_override:/home/ubuntu/HumbleDave/ros2ws/install/ros2_gopigo3_node/lib/python3.10/site-packages:${PYTHONPATH} /usr/bin/python3 setup.py develop --editable --build-directory /home/ubuntu/HumbleDave/ros2ws/build/ros2_gopigo3_node/build --no-deps install_data
[9.836s] running develop
[11.444s] running egg_info
[11.446s] creating ros2_gopigo3_node.egg-info
[11.447s] writing ros2_gopigo3_node.egg-info/PKG-INFO
[11.449s] writing dependency_links to ros2_gopigo3_node.egg-info/dependency_links.txt
[11.451s] writing entry points to ros2_gopigo3_node.egg-info/entry_points.txt
[11.452s] writing requirements to ros2_gopigo3_node.egg-info/requires.txt
[11.453s] writing top-level names to ros2_gopigo3_node.egg-info/top_level.txt
[11.454s] writing manifest file 'ros2_gopigo3_node.egg-info/SOURCES.txt'
[11.466s] reading manifest file 'ros2_gopigo3_node.egg-info/SOURCES.txt'
[11.470s] writing manifest file 'ros2_gopigo3_node.egg-info/SOURCES.txt'
[11.481s] running build_ext
[11.482s] Creating /home/ubuntu/HumbleDave/ros2ws/install/ros2_gopigo3_node/lib/python3.10/site-packages/ros2-gopigo3-node.egg-link (link to .)
[11.487s] Installing distance_sensor script to /home/ubuntu/HumbleDave/ros2ws/install/ros2_gopigo3_node/lib/ros2_gopigo3_node
[11.488s] Installing distance_sensor_subscriber script to /home/ubuntu/HumbleDave/ros2ws/install/ros2_gopigo3_node/lib/ros2_gopigo3_node
[11.490s] Installing gopigo3_node script to /home/ubuntu/HumbleDave/ros2ws/install/ros2_gopigo3_node/lib/ros2_gopigo3_node
[11.492s] Installing imu_sensor script to /home/ubuntu/HumbleDave/ros2ws/install/ros2_gopigo3_node/lib/ros2_gopigo3_node
[11.493s] Installing odometer script to /home/ubuntu/HumbleDave/ros2ws/install/ros2_gopigo3_node/lib/ros2_gopigo3_node
[11.495s] Installing ultrasonic_ranger script to /home/ubuntu/HumbleDave/ros2ws/install/ros2_gopigo3_node/lib/ros2_gopigo3_node
[11.497s] 
[11.499s] Installed /home/ubuntu/HumbleDave/ros2ws/build/ros2_gopigo3_node
[11.500s] running install_data
[11.501s] creating /home/ubuntu/HumbleDave/ros2ws/install/ros2_gopigo3_node/share/ament_index
[11.502s] creating /home/ubuntu/HumbleDave/ros2ws/install/ros2_gopigo3_node/share/ament_index/resource_index
[11.502s] creating /home/ubuntu/HumbleDave/ros2ws/install/ros2_gopigo3_node/share/ament_index/resource_index/packages
[11.504s] copying resource/ros2_gopigo3_node -> /home/ubuntu/HumbleDave/ros2ws/install/ros2_gopigo3_node/share/ament_index/resource_index/packages
[11.505s] copying package.xml -> /home/ubuntu/HumbleDave/ros2ws/install/ros2_gopigo3_node/share/ros2_gopigo3_node
[11.506s] copying launch/ros2_gpgMin_state_and_joint.launch.py -> /home/ubuntu/HumbleDave/ros2ws/install/ros2_gopigo3_node/share/ros2_gopigo3_node
[11.507s] copying launch/ros2_finmark_state_and_joint.launch.py -> /home/ubuntu/HumbleDave/ros2ws/install/ros2_gopigo3_node/share/ros2_gopigo3_node
[11.509s] copying launch/ros2_dave_state_and_joint.launch.py -> /home/ubuntu/HumbleDave/ros2ws/install/ros2_gopigo3_node/share/ros2_gopigo3_node
[11.511s] copying urdf/finmark.urdf -> /home/ubuntu/HumbleDave/ros2ws/install/ros2_gopigo3_node/share/ros2_gopigo3_node
[11.513s] copying urdf/gpgMin.urdf -> /home/ubuntu/HumbleDave/ros2ws/install/ros2_gopigo3_node/share/ros2_gopigo3_node
[11.515s] copying urdf/dave.urdf -> /home/ubuntu/HumbleDave/ros2ws/install/ros2_gopigo3_node/share/ros2_gopigo3_node
[11.760s] Invoked command in '/home/ubuntu/HumbleDave/ros2ws/build/ros2_gopigo3_node' returned '0': CMAKE_PREFIX_PATH=/home/ubuntu/HumbleDave/ros2ws/install/ros2_gopigo3_msg:/home/ubuntu/HumbleDave/ros2ws/install/ydlidar_ros2_driver:/home/ubuntu/ros2ws/install/ydlidar_ros2_driver:/home/ubuntu/ros2ws/install/ros2_gopigo3_msg PYTHONPATH=/home/ubuntu/HumbleDave/ros2ws/build/ros2_gopigo3_node/prefix_override:/home/ubuntu/HumbleDave/ros2ws/install/ros2_gopigo3_node/lib/python3.10/site-packages:${PYTHONPATH} /usr/bin/python3 setup.py develop --editable --build-directory /home/ubuntu/HumbleDave/ros2ws/build/ros2_gopigo3_node/build --no-deps install_data
