[4.739s] DEBUG:colcon:Command line arguments: ['/usr/bin/colcon', 'build', '--symlink-install', '--packages-select', 'ros2_gopigo3_node']
[4.739s] DEBUG:colcon:Parsed command line arguments: Namespace(log_base=None, log_level=None, verb_name='build', build_base='build', install_base='install', merge_install=False, symlink_install=True, test_result_base=None, continue_on_error=False, executor='parallel', parallel_workers=4, event_handlers=None, ignore_user_meta=False, metas=['./colcon.meta'], base_paths=['.'], packages_ignore=None, packages_ignore_regex=None, paths=None, packages_up_to=None, packages_up_to_regex=None, packages_above=None, packages_above_and_dependencies=None, packages_above_depth=None, packages_select_by_dep=None, packages_skip_by_dep=None, packages_skip_up_to=None, packages_select_build_failed=False, packages_skip_build_finished=False, packages_select_test_failures=False, packages_skip_test_passed=False, packages_select=['ros2_gopigo3_node'], packages_skip=None, packages_select_regex=None, packages_skip_regex=None, packages_start=None, packages_end=None, allow_overriding=[], cmake_args=None, cmake_target=None, cmake_target_skip_unavailable=False, cmake_clean_cache=False, cmake_clean_first=False, cmake_force_configure=False, ament_cmake_args=None, catkin_cmake_args=None, catkin_skip_building_tests=False, verb_parser=<colcon_defaults.argument_parser.defaults.DefaultArgumentsDecorator object at 0xffffb453af50>, verb_extension=<colcon_core.verb.build.BuildVerb object at 0xffffb453aa70>, main=<bound method BuildVerb.main of <colcon_core.verb.build.BuildVerb object at 0xffffb453aa70>>)
[4.954s] Level 1:colcon.colcon_core.package_discovery:discover_packages(colcon_meta) check parameters
[4.955s] Level 1:colcon.colcon_core.package_discovery:discover_packages(recursive) check parameters
[4.955s] Level 1:colcon.colcon_core.package_discovery:discover_packages(ignore) check parameters
[4.955s] Level 1:colcon.colcon_core.package_discovery:discover_packages(path) check parameters
[4.955s] Level 1:colcon.colcon_core.package_discovery:discover_packages(colcon_meta) discover
[4.955s] Level 1:colcon.colcon_core.package_discovery:discover_packages(recursive) discover
[4.955s] INFO:colcon.colcon_core.package_discovery:Crawling recursively for packages in '/home/ubuntu/HumbleDave2/ros2ws'
[4.956s] Level 1:colcon.colcon_core.package_identification:_identify(.) by extensions ['ignore', 'ignore_ament_install']
[4.956s] Level 1:colcon.colcon_core.package_identification:_identify(.) by extension 'ignore'
[4.957s] Level 1:colcon.colcon_core.package_identification:_identify(.) by extension 'ignore_ament_install'
[4.957s] Level 1:colcon.colcon_core.package_identification:_identify(.) by extensions ['colcon_pkg']
[4.957s] Level 1:colcon.colcon_core.package_identification:_identify(.) by extension 'colcon_pkg'
[4.957s] Level 1:colcon.colcon_core.package_identification:_identify(.) by extensions ['colcon_meta']
[4.957s] Level 1:colcon.colcon_core.package_identification:_identify(.) by extension 'colcon_meta'
[4.957s] Level 1:colcon.colcon_core.package_identification:_identify(.) by extensions ['ros']
[4.958s] Level 1:colcon.colcon_core.package_identification:_identify(.) by extension 'ros'
[5.005s] Level 1:colcon.colcon_core.package_identification:_identify(.) by extensions ['cmake', 'python']
[5.005s] Level 1:colcon.colcon_core.package_identification:_identify(.) by extension 'cmake'
[5.005s] Level 1:colcon.colcon_core.package_identification:_identify(.) by extension 'python'
[5.006s] Level 1:colcon.colcon_core.package_identification:_identify(.) by extensions ['python_setup_py']
[5.006s] Level 1:colcon.colcon_core.package_identification:_identify(.) by extension 'python_setup_py'
[5.006s] Level 1:colcon.colcon_core.package_identification:_identify(build) by extensions ['ignore', 'ignore_ament_install']
[5.007s] Level 1:colcon.colcon_core.package_identification:_identify(build) by extension 'ignore'
[5.007s] Level 1:colcon.colcon_core.package_identification:_identify(build) ignored
[5.008s] Level 1:colcon.colcon_core.package_identification:_identify(cmds) by extensions ['ignore', 'ignore_ament_install']
[5.009s] Level 1:colcon.colcon_core.package_identification:_identify(cmds) by extension 'ignore'
[5.009s] Level 1:colcon.colcon_core.package_identification:_identify(cmds) by extension 'ignore_ament_install'
[5.009s] Level 1:colcon.colcon_core.package_identification:_identify(cmds) by extensions ['colcon_pkg']
[5.009s] Level 1:colcon.colcon_core.package_identification:_identify(cmds) by extension 'colcon_pkg'
[5.009s] Level 1:colcon.colcon_core.package_identification:_identify(cmds) by extensions ['colcon_meta']
[5.009s] Level 1:colcon.colcon_core.package_identification:_identify(cmds) by extension 'colcon_meta'
[5.010s] Level 1:colcon.colcon_core.package_identification:_identify(cmds) by extensions ['ros']
[5.010s] Level 1:colcon.colcon_core.package_identification:_identify(cmds) by extension 'ros'
[5.010s] Level 1:colcon.colcon_core.package_identification:_identify(cmds) by extensions ['cmake', 'python']
[5.010s] Level 1:colcon.colcon_core.package_identification:_identify(cmds) by extension 'cmake'
[5.010s] Level 1:colcon.colcon_core.package_identification:_identify(cmds) by extension 'python'
[5.011s] Level 1:colcon.colcon_core.package_identification:_identify(cmds) by extensions ['python_setup_py']
[5.011s] Level 1:colcon.colcon_core.package_identification:_identify(cmds) by extension 'python_setup_py'
[5.011s] Level 1:colcon.colcon_core.package_identification:_identify(cmds/old) by extensions ['ignore', 'ignore_ament_install']
[5.012s] Level 1:colcon.colcon_core.package_identification:_identify(cmds/old) by extension 'ignore'
[5.012s] Level 1:colcon.colcon_core.package_identification:_identify(cmds/old) by extension 'ignore_ament_install'
[5.012s] Level 1:colcon.colcon_core.package_identification:_identify(cmds/old) by extensions ['colcon_pkg']
[5.012s] Level 1:colcon.colcon_core.package_identification:_identify(cmds/old) by extension 'colcon_pkg'
[5.012s] Level 1:colcon.colcon_core.package_identification:_identify(cmds/old) by extensions ['colcon_meta']
[5.012s] Level 1:colcon.colcon_core.package_identification:_identify(cmds/old) by extension 'colcon_meta'
[5.013s] Level 1:colcon.colcon_core.package_identification:_identify(cmds/old) by extensions ['ros']
[5.013s] Level 1:colcon.colcon_core.package_identification:_identify(cmds/old) by extension 'ros'
[5.013s] Level 1:colcon.colcon_core.package_identification:_identify(cmds/old) by extensions ['cmake', 'python']
[5.013s] Level 1:colcon.colcon_core.package_identification:_identify(cmds/old) by extension 'cmake'
[5.013s] Level 1:colcon.colcon_core.package_identification:_identify(cmds/old) by extension 'python'
[5.013s] Level 1:colcon.colcon_core.package_identification:_identify(cmds/old) by extensions ['python_setup_py']
[5.014s] Level 1:colcon.colcon_core.package_identification:_identify(cmds/old) by extension 'python_setup_py'
[5.014s] Level 1:colcon.colcon_core.package_identification:_identify(install) by extensions ['ignore', 'ignore_ament_install']
[5.014s] Level 1:colcon.colcon_core.package_identification:_identify(install) by extension 'ignore'
[5.015s] Level 1:colcon.colcon_core.package_identification:_identify(install) ignored
[5.015s] Level 1:colcon.colcon_core.package_identification:_identify(log) by extensions ['ignore', 'ignore_ament_install']
[5.015s] Level 1:colcon.colcon_core.package_identification:_identify(log) by extension 'ignore'
[5.016s] Level 1:colcon.colcon_core.package_identification:_identify(log) ignored
[5.016s] Level 1:colcon.colcon_core.package_identification:_identify(maps) by extensions ['ignore', 'ignore_ament_install']
[5.016s] Level 1:colcon.colcon_core.package_identification:_identify(maps) by extension 'ignore'
[5.017s] Level 1:colcon.colcon_core.package_identification:_identify(maps) by extension 'ignore_ament_install'
[5.017s] Level 1:colcon.colcon_core.package_identification:_identify(maps) by extensions ['colcon_pkg']
[5.017s] Level 1:colcon.colcon_core.package_identification:_identify(maps) by extension 'colcon_pkg'
[5.017s] Level 1:colcon.colcon_core.package_identification:_identify(maps) by extensions ['colcon_meta']
[5.017s] Level 1:colcon.colcon_core.package_identification:_identify(maps) by extension 'colcon_meta'
[5.017s] Level 1:colcon.colcon_core.package_identification:_identify(maps) by extensions ['ros']
[5.017s] Level 1:colcon.colcon_core.package_identification:_identify(maps) by extension 'ros'
[5.018s] Level 1:colcon.colcon_core.package_identification:_identify(maps) by extensions ['cmake', 'python']
[5.018s] Level 1:colcon.colcon_core.package_identification:_identify(maps) by extension 'cmake'
[5.018s] Level 1:colcon.colcon_core.package_identification:_identify(maps) by extension 'python'
[5.018s] Level 1:colcon.colcon_core.package_identification:_identify(maps) by extensions ['python_setup_py']
[5.018s] Level 1:colcon.colcon_core.package_identification:_identify(maps) by extension 'python_setup_py'
[5.019s] Level 1:colcon.colcon_core.package_identification:_identify(obsolete) by extensions ['ignore', 'ignore_ament_install']
[5.019s] Level 1:colcon.colcon_core.package_identification:_identify(obsolete) by extension 'ignore'
[5.019s] Level 1:colcon.colcon_core.package_identification:_identify(obsolete) by extension 'ignore_ament_install'
[5.019s] Level 1:colcon.colcon_core.package_identification:_identify(obsolete) by extensions ['colcon_pkg']
[5.020s] Level 1:colcon.colcon_core.package_identification:_identify(obsolete) by extension 'colcon_pkg'
[5.020s] Level 1:colcon.colcon_core.package_identification:_identify(obsolete) by extensions ['colcon_meta']
[5.020s] Level 1:colcon.colcon_core.package_identification:_identify(obsolete) by extension 'colcon_meta'
[5.020s] Level 1:colcon.colcon_core.package_identification:_identify(obsolete) by extensions ['ros']
[5.020s] Level 1:colcon.colcon_core.package_identification:_identify(obsolete) by extension 'ros'
[5.020s] Level 1:colcon.colcon_core.package_identification:_identify(obsolete) by extensions ['cmake', 'python']
[5.021s] Level 1:colcon.colcon_core.package_identification:_identify(obsolete) by extension 'cmake'
[5.021s] Level 1:colcon.colcon_core.package_identification:_identify(obsolete) by extension 'python'
[5.021s] Level 1:colcon.colcon_core.package_identification:_identify(obsolete) by extensions ['python_setup_py']
[5.021s] Level 1:colcon.colcon_core.package_identification:_identify(obsolete) by extension 'python_setup_py'
[5.021s] Level 1:colcon.colcon_core.package_identification:_identify(old) by extensions ['ignore', 'ignore_ament_install']
[5.022s] Level 1:colcon.colcon_core.package_identification:_identify(old) by extension 'ignore'
[5.022s] Level 1:colcon.colcon_core.package_identification:_identify(old) by extension 'ignore_ament_install'
[5.022s] Level 1:colcon.colcon_core.package_identification:_identify(old) by extensions ['colcon_pkg']
[5.022s] Level 1:colcon.colcon_core.package_identification:_identify(old) by extension 'colcon_pkg'
[5.022s] Level 1:colcon.colcon_core.package_identification:_identify(old) by extensions ['colcon_meta']
[5.022s] Level 1:colcon.colcon_core.package_identification:_identify(old) by extension 'colcon_meta'
[5.023s] Level 1:colcon.colcon_core.package_identification:_identify(old) by extensions ['ros']
[5.023s] Level 1:colcon.colcon_core.package_identification:_identify(old) by extension 'ros'
[5.023s] Level 1:colcon.colcon_core.package_identification:_identify(old) by extensions ['cmake', 'python']
[5.023s] Level 1:colcon.colcon_core.package_identification:_identify(old) by extension 'cmake'
[5.023s] Level 1:colcon.colcon_core.package_identification:_identify(old) by extension 'python'
[5.023s] Level 1:colcon.colcon_core.package_identification:_identify(old) by extensions ['python_setup_py']
[5.024s] Level 1:colcon.colcon_core.package_identification:_identify(old) by extension 'python_setup_py'
[5.024s] Level 1:colcon.colcon_core.package_identification:_identify(params) by extensions ['ignore', 'ignore_ament_install']
[5.024s] Level 1:colcon.colcon_core.package_identification:_identify(params) by extension 'ignore'
[5.025s] Level 1:colcon.colcon_core.package_identification:_identify(params) by extension 'ignore_ament_install'
[5.025s] Level 1:colcon.colcon_core.package_identification:_identify(params) by extensions ['colcon_pkg']
[5.025s] Level 1:colcon.colcon_core.package_identification:_identify(params) by extension 'colcon_pkg'
[5.025s] Level 1:colcon.colcon_core.package_identification:_identify(params) by extensions ['colcon_meta']
[5.025s] Level 1:colcon.colcon_core.package_identification:_identify(params) by extension 'colcon_meta'
[5.025s] Level 1:colcon.colcon_core.package_identification:_identify(params) by extensions ['ros']
[5.026s] Level 1:colcon.colcon_core.package_identification:_identify(params) by extension 'ros'
[5.026s] Level 1:colcon.colcon_core.package_identification:_identify(params) by extensions ['cmake', 'python']
[5.026s] Level 1:colcon.colcon_core.package_identification:_identify(params) by extension 'cmake'
[5.026s] Level 1:colcon.colcon_core.package_identification:_identify(params) by extension 'python'
[5.026s] Level 1:colcon.colcon_core.package_identification:_identify(params) by extensions ['python_setup_py']
[5.026s] Level 1:colcon.colcon_core.package_identification:_identify(params) by extension 'python_setup_py'
[5.027s] Level 1:colcon.colcon_core.package_identification:_identify(src) by extensions ['ignore', 'ignore_ament_install']
[5.027s] Level 1:colcon.colcon_core.package_identification:_identify(src) by extension 'ignore'
[5.027s] Level 1:colcon.colcon_core.package_identification:_identify(src) by extension 'ignore_ament_install'
[5.028s] Level 1:colcon.colcon_core.package_identification:_identify(src) by extensions ['colcon_pkg']
[5.028s] Level 1:colcon.colcon_core.package_identification:_identify(src) by extension 'colcon_pkg'
[5.028s] Level 1:colcon.colcon_core.package_identification:_identify(src) by extensions ['colcon_meta']
[5.028s] Level 1:colcon.colcon_core.package_identification:_identify(src) by extension 'colcon_meta'
[5.028s] Level 1:colcon.colcon_core.package_identification:_identify(src) by extensions ['ros']
[5.028s] Level 1:colcon.colcon_core.package_identification:_identify(src) by extension 'ros'
[5.029s] Level 1:colcon.colcon_core.package_identification:_identify(src) by extensions ['cmake', 'python']
[5.029s] Level 1:colcon.colcon_core.package_identification:_identify(src) by extension 'cmake'
[5.029s] Level 1:colcon.colcon_core.package_identification:_identify(src) by extension 'python'
[5.029s] Level 1:colcon.colcon_core.package_identification:_identify(src) by extensions ['python_setup_py']
[5.029s] Level 1:colcon.colcon_core.package_identification:_identify(src) by extension 'python_setup_py'
[5.030s] Level 1:colcon.colcon_core.package_identification:_identify(src/apriltag_msgs) by extensions ['ignore', 'ignore_ament_install']
[5.030s] Level 1:colcon.colcon_core.package_identification:_identify(src/apriltag_msgs) by extension 'ignore'
[5.030s] Level 1:colcon.colcon_core.package_identification:_identify(src/apriltag_msgs) by extension 'ignore_ament_install'
[5.030s] Level 1:colcon.colcon_core.package_identification:_identify(src/apriltag_msgs) by extensions ['colcon_pkg']
[5.030s] Level 1:colcon.colcon_core.package_identification:_identify(src/apriltag_msgs) by extension 'colcon_pkg'
[5.030s] Level 1:colcon.colcon_core.package_identification:_identify(src/apriltag_msgs) by extensions ['colcon_meta']
[5.031s] Level 1:colcon.colcon_core.package_identification:_identify(src/apriltag_msgs) by extension 'colcon_meta'
[5.031s] Level 1:colcon.colcon_core.package_identification:_identify(src/apriltag_msgs) by extensions ['ros']
[5.031s] Level 1:colcon.colcon_core.package_identification:_identify(src/apriltag_msgs) by extension 'ros'
[5.040s] DEBUG:colcon.colcon_core.package_identification:Package 'src/apriltag_msgs' with type 'ros.ament_cmake' and name 'apriltag_msgs'
[5.040s] Level 1:colcon.colcon_core.package_identification:_identify(src/apriltag_ros) by extensions ['ignore', 'ignore_ament_install']
[5.041s] Level 1:colcon.colcon_core.package_identification:_identify(src/apriltag_ros) by extension 'ignore'
[5.041s] Level 1:colcon.colcon_core.package_identification:_identify(src/apriltag_ros) by extension 'ignore_ament_install'
[5.041s] Level 1:colcon.colcon_core.package_identification:_identify(src/apriltag_ros) by extensions ['colcon_pkg']
[5.041s] Level 1:colcon.colcon_core.package_identification:_identify(src/apriltag_ros) by extension 'colcon_pkg'
[5.042s] Level 1:colcon.colcon_core.package_identification:_identify(src/apriltag_ros) by extensions ['colcon_meta']
[5.042s] Level 1:colcon.colcon_core.package_identification:_identify(src/apriltag_ros) by extension 'colcon_meta'
[5.042s] Level 1:colcon.colcon_core.package_identification:_identify(src/apriltag_ros) by extensions ['ros']
[5.042s] Level 1:colcon.colcon_core.package_identification:_identify(src/apriltag_ros) by extension 'ros'
[5.046s] DEBUG:colcon.colcon_core.package_identification:Package 'src/apriltag_ros' with type 'ros.ament_cmake' and name 'apriltag_ros'
[5.047s] Level 1:colcon.colcon_core.package_identification:_identify(src/dave) by extensions ['ignore', 'ignore_ament_install']
[5.047s] Level 1:colcon.colcon_core.package_identification:_identify(src/dave) by extension 'ignore'
[5.047s] Level 1:colcon.colcon_core.package_identification:_identify(src/dave) by extension 'ignore_ament_install'
[5.047s] Level 1:colcon.colcon_core.package_identification:_identify(src/dave) by extensions ['colcon_pkg']
[5.048s] Level 1:colcon.colcon_core.package_identification:_identify(src/dave) by extension 'colcon_pkg'
[5.048s] Level 1:colcon.colcon_core.package_identification:_identify(src/dave) by extensions ['colcon_meta']
[5.048s] Level 1:colcon.colcon_core.package_identification:_identify(src/dave) by extension 'colcon_meta'
[5.048s] Level 1:colcon.colcon_core.package_identification:_identify(src/dave) by extensions ['ros']
[5.048s] Level 1:colcon.colcon_core.package_identification:_identify(src/dave) by extension 'ros'
[5.050s] DEBUG:colcon.colcon_core.package_identification:Package 'src/dave' with type 'ros.ament_python' and name 'dave'
[5.051s] Level 1:colcon.colcon_core.package_identification:_identify(src/dave_interfaces) by extensions ['ignore', 'ignore_ament_install']
[5.051s] Level 1:colcon.colcon_core.package_identification:_identify(src/dave_interfaces) by extension 'ignore'
[5.051s] Level 1:colcon.colcon_core.package_identification:_identify(src/dave_interfaces) by extension 'ignore_ament_install'
[5.051s] Level 1:colcon.colcon_core.package_identification:_identify(src/dave_interfaces) by extensions ['colcon_pkg']
[5.051s] Level 1:colcon.colcon_core.package_identification:_identify(src/dave_interfaces) by extension 'colcon_pkg'
[5.052s] Level 1:colcon.colcon_core.package_identification:_identify(src/dave_interfaces) by extensions ['colcon_meta']
[5.052s] Level 1:colcon.colcon_core.package_identification:_identify(src/dave_interfaces) by extension 'colcon_meta'
[5.052s] Level 1:colcon.colcon_core.package_identification:_identify(src/dave_interfaces) by extensions ['ros']
[5.052s] Level 1:colcon.colcon_core.package_identification:_identify(src/dave_interfaces) by extension 'ros'
[5.054s] DEBUG:colcon.colcon_core.package_identification:Package 'src/dave_interfaces' with type 'ros.ament_cmake' and name 'dave_interfaces'
[5.055s] Level 1:colcon.colcon_core.package_identification:_identify(src/explorer_wanderer) by extensions ['ignore', 'ignore_ament_install']
[5.055s] Level 1:colcon.colcon_core.package_identification:_identify(src/explorer_wanderer) by extension 'ignore'
[5.055s] Level 1:colcon.colcon_core.package_identification:_identify(src/explorer_wanderer) by extension 'ignore_ament_install'
[5.055s] Level 1:colcon.colcon_core.package_identification:_identify(src/explorer_wanderer) by extensions ['colcon_pkg']
[5.056s] Level 1:colcon.colcon_core.package_identification:_identify(src/explorer_wanderer) by extension 'colcon_pkg'
[5.056s] Level 1:colcon.colcon_core.package_identification:_identify(src/explorer_wanderer) by extensions ['colcon_meta']
[5.056s] Level 1:colcon.colcon_core.package_identification:_identify(src/explorer_wanderer) by extension 'colcon_meta'
[5.056s] Level 1:colcon.colcon_core.package_identification:_identify(src/explorer_wanderer) by extensions ['ros']
[5.056s] Level 1:colcon.colcon_core.package_identification:_identify(src/explorer_wanderer) by extension 'ros'
[5.058s] DEBUG:colcon.colcon_core.package_identification:Package 'src/explorer_wanderer' with type 'ros.ament_python' and name 'explorer_wanderer'
[5.059s] Level 1:colcon.colcon_core.package_identification:_identify(src/gpg3_cartographer) by extensions ['ignore', 'ignore_ament_install']
[5.059s] Level 1:colcon.colcon_core.package_identification:_identify(src/gpg3_cartographer) by extension 'ignore'
[5.060s] Level 1:colcon.colcon_core.package_identification:_identify(src/gpg3_cartographer) by extension 'ignore_ament_install'
[5.060s] Level 1:colcon.colcon_core.package_identification:_identify(src/gpg3_cartographer) by extensions ['colcon_pkg']
[5.060s] Level 1:colcon.colcon_core.package_identification:_identify(src/gpg3_cartographer) by extension 'colcon_pkg'
[5.060s] Level 1:colcon.colcon_core.package_identification:_identify(src/gpg3_cartographer) by extensions ['colcon_meta']
[5.060s] Level 1:colcon.colcon_core.package_identification:_identify(src/gpg3_cartographer) by extension 'colcon_meta'
[5.061s] Level 1:colcon.colcon_core.package_identification:_identify(src/gpg3_cartographer) by extensions ['ros']
[5.061s] Level 1:colcon.colcon_core.package_identification:_identify(src/gpg3_cartographer) by extension 'ros'
[5.062s] DEBUG:colcon.colcon_core.package_identification:Package 'src/gpg3_cartographer' with type 'ros.ament_cmake' and name 'gpg3_cartographer'
[5.063s] Level 1:colcon.colcon_core.package_identification:_identify(src/gpg3_navigation2) by extensions ['ignore', 'ignore_ament_install']
[5.063s] Level 1:colcon.colcon_core.package_identification:_identify(src/gpg3_navigation2) by extension 'ignore'
[5.064s] Level 1:colcon.colcon_core.package_identification:_identify(src/gpg3_navigation2) by extension 'ignore_ament_install'
[5.064s] Level 1:colcon.colcon_core.package_identification:_identify(src/gpg3_navigation2) by extensions ['colcon_pkg']
[5.064s] Level 1:colcon.colcon_core.package_identification:_identify(src/gpg3_navigation2) by extension 'colcon_pkg'
[5.064s] Level 1:colcon.colcon_core.package_identification:_identify(src/gpg3_navigation2) by extensions ['colcon_meta']
[5.064s] Level 1:colcon.colcon_core.package_identification:_identify(src/gpg3_navigation2) by extension 'colcon_meta'
[5.065s] Level 1:colcon.colcon_core.package_identification:_identify(src/gpg3_navigation2) by extensions ['ros']
[5.065s] Level 1:colcon.colcon_core.package_identification:_identify(src/gpg3_navigation2) by extension 'ros'
[5.066s] DEBUG:colcon.colcon_core.package_identification:Package 'src/gpg3_navigation2' with type 'ros.ament_cmake' and name 'gpg3_navigation2'
[5.067s] Level 1:colcon.colcon_core.package_identification:_identify(src/nav2_gopigo3) by extensions ['ignore', 'ignore_ament_install']
[5.067s] Level 1:colcon.colcon_core.package_identification:_identify(src/nav2_gopigo3) by extension 'ignore'
[5.067s] Level 1:colcon.colcon_core.package_identification:_identify(src/nav2_gopigo3) by extension 'ignore_ament_install'
[5.068s] Level 1:colcon.colcon_core.package_identification:_identify(src/nav2_gopigo3) by extensions ['colcon_pkg']
[5.068s] Level 1:colcon.colcon_core.package_identification:_identify(src/nav2_gopigo3) by extension 'colcon_pkg'
[5.068s] Level 1:colcon.colcon_core.package_identification:_identify(src/nav2_gopigo3) by extensions ['colcon_meta']
[5.068s] Level 1:colcon.colcon_core.package_identification:_identify(src/nav2_gopigo3) by extension 'colcon_meta'
[5.068s] Level 1:colcon.colcon_core.package_identification:_identify(src/nav2_gopigo3) by extensions ['ros']
[5.068s] Level 1:colcon.colcon_core.package_identification:_identify(src/nav2_gopigo3) by extension 'ros'
[5.071s] DEBUG:colcon.colcon_core.package_identification:Package 'src/nav2_gopigo3' with type 'ros.ament_cmake' and name 'nav2_gopigo3'
[5.072s] Level 1:colcon.colcon_core.package_identification:_identify(src/ros2_gopigo3_msg) by extensions ['ignore', 'ignore_ament_install']
[5.072s] Level 1:colcon.colcon_core.package_identification:_identify(src/ros2_gopigo3_msg) by extension 'ignore'
[5.072s] Level 1:colcon.colcon_core.package_identification:_identify(src/ros2_gopigo3_msg) by extension 'ignore_ament_install'
[5.072s] Level 1:colcon.colcon_core.package_identification:_identify(src/ros2_gopigo3_msg) by extensions ['colcon_pkg']
[5.073s] Level 1:colcon.colcon_core.package_identification:_identify(src/ros2_gopigo3_msg) by extension 'colcon_pkg'
[5.073s] Level 1:colcon.colcon_core.package_identification:_identify(src/ros2_gopigo3_msg) by extensions ['colcon_meta']
[5.073s] Level 1:colcon.colcon_core.package_identification:_identify(src/ros2_gopigo3_msg) by extension 'colcon_meta'
[5.073s] Level 1:colcon.colcon_core.package_identification:_identify(src/ros2_gopigo3_msg) by extensions ['ros']
[5.073s] Level 1:colcon.colcon_core.package_identification:_identify(src/ros2_gopigo3_msg) by extension 'ros'
[5.075s] DEBUG:colcon.colcon_core.package_identification:Package 'src/ros2_gopigo3_msg' with type 'ros.ament_cmake' and name 'ros2_gopigo3_msg'
[5.076s] Level 1:colcon.colcon_core.package_identification:_identify(src/ros2_gopigo3_node) by extensions ['ignore', 'ignore_ament_install']
[5.076s] Level 1:colcon.colcon_core.package_identification:_identify(src/ros2_gopigo3_node) by extension 'ignore'
[5.076s] Level 1:colcon.colcon_core.package_identification:_identify(src/ros2_gopigo3_node) by extension 'ignore_ament_install'
[5.076s] Level 1:colcon.colcon_core.package_identification:_identify(src/ros2_gopigo3_node) by extensions ['colcon_pkg']
[5.077s] Level 1:colcon.colcon_core.package_identification:_identify(src/ros2_gopigo3_node) by extension 'colcon_pkg'
[5.077s] Level 1:colcon.colcon_core.package_identification:_identify(src/ros2_gopigo3_node) by extensions ['colcon_meta']
[5.077s] Level 1:colcon.colcon_core.package_identification:_identify(src/ros2_gopigo3_node) by extension 'colcon_meta'
[5.077s] Level 1:colcon.colcon_core.package_identification:_identify(src/ros2_gopigo3_node) by extensions ['ros']
[5.077s] Level 1:colcon.colcon_core.package_identification:_identify(src/ros2_gopigo3_node) by extension 'ros'
[5.080s] DEBUG:colcon.colcon_core.package_identification:Package 'src/ros2_gopigo3_node' with type 'ros.ament_python' and name 'ros2_gopigo3_node'
[5.080s] Level 1:colcon.colcon_core.package_identification:_identify(src/ros2_libcamera_pub) by extensions ['ignore', 'ignore_ament_install']
[5.081s] Level 1:colcon.colcon_core.package_identification:_identify(src/ros2_libcamera_pub) by extension 'ignore'
[5.081s] Level 1:colcon.colcon_core.package_identification:_identify(src/ros2_libcamera_pub) by extension 'ignore_ament_install'
[5.081s] Level 1:colcon.colcon_core.package_identification:_identify(src/ros2_libcamera_pub) by extensions ['colcon_pkg']
[5.081s] Level 1:colcon.colcon_core.package_identification:_identify(src/ros2_libcamera_pub) by extension 'colcon_pkg'
[5.081s] Level 1:colcon.colcon_core.package_identification:_identify(src/ros2_libcamera_pub) by extensions ['colcon_meta']
[5.081s] Level 1:colcon.colcon_core.package_identification:_identify(src/ros2_libcamera_pub) by extension 'colcon_meta'
[5.082s] Level 1:colcon.colcon_core.package_identification:_identify(src/ros2_libcamera_pub) by extensions ['ros']
[5.082s] Level 1:colcon.colcon_core.package_identification:_identify(src/ros2_libcamera_pub) by extension 'ros'
[5.084s] DEBUG:colcon.colcon_core.package_identification:Package 'src/ros2_libcamera_pub' with type 'ros.ament_python' and name 'ros2_libcamera_pub'
[5.084s] Level 1:colcon.colcon_core.package_identification:_identify(src/scan_client) by extensions ['ignore', 'ignore_ament_install']
[5.085s] Level 1:colcon.colcon_core.package_identification:_identify(src/scan_client) by extension 'ignore'
[5.085s] Level 1:colcon.colcon_core.package_identification:_identify(src/scan_client) by extension 'ignore_ament_install'
[5.086s] Level 1:colcon.colcon_core.package_identification:_identify(src/scan_client) by extensions ['colcon_pkg']
[5.086s] Level 1:colcon.colcon_core.package_identification:_identify(src/scan_client) by extension 'colcon_pkg'
[5.086s] Level 1:colcon.colcon_core.package_identification:_identify(src/scan_client) by extensions ['colcon_meta']
[5.086s] Level 1:colcon.colcon_core.package_identification:_identify(src/scan_client) by extension 'colcon_meta'
[5.086s] Level 1:colcon.colcon_core.package_identification:_identify(src/scan_client) by extensions ['ros']
[5.086s] Level 1:colcon.colcon_core.package_identification:_identify(src/scan_client) by extension 'ros'
[5.088s] DEBUG:colcon.colcon_core.package_identification:Package 'src/scan_client' with type 'ros.ament_python' and name 'scan_client'
[5.089s] Level 1:colcon.colcon_core.package_identification:_identify(src/teleop_gopigo3_keyboard) by extensions ['ignore', 'ignore_ament_install']
[5.089s] Level 1:colcon.colcon_core.package_identification:_identify(src/teleop_gopigo3_keyboard) by extension 'ignore'
[5.090s] Level 1:colcon.colcon_core.package_identification:_identify(src/teleop_gopigo3_keyboard) by extension 'ignore_ament_install'
[5.090s] Level 1:colcon.colcon_core.package_identification:_identify(src/teleop_gopigo3_keyboard) by extensions ['colcon_pkg']
[5.090s] Level 1:colcon.colcon_core.package_identification:_identify(src/teleop_gopigo3_keyboard) by extension 'colcon_pkg'
[5.090s] Level 1:colcon.colcon_core.package_identification:_identify(src/teleop_gopigo3_keyboard) by extensions ['colcon_meta']
[5.090s] Level 1:colcon.colcon_core.package_identification:_identify(src/teleop_gopigo3_keyboard) by extension 'colcon_meta'
[5.090s] Level 1:colcon.colcon_core.package_identification:_identify(src/teleop_gopigo3_keyboard) by extensions ['ros']
[5.090s] Level 1:colcon.colcon_core.package_identification:_identify(src/teleop_gopigo3_keyboard) by extension 'ros'
[5.092s] DEBUG:colcon.colcon_core.package_identification:Package 'src/teleop_gopigo3_keyboard' with type 'ros.ament_python' and name 'teleop_gopigo3_keyboard'
[5.093s] Level 1:colcon.colcon_core.package_identification:_identify(src/ydlidar_ros2_driver) by extensions ['ignore', 'ignore_ament_install']
[5.093s] Level 1:colcon.colcon_core.package_identification:_identify(src/ydlidar_ros2_driver) by extension 'ignore'
[5.094s] Level 1:colcon.colcon_core.package_identification:_identify(src/ydlidar_ros2_driver) by extension 'ignore_ament_install'
[5.094s] Level 1:colcon.colcon_core.package_identification:_identify(src/ydlidar_ros2_driver) by extensions ['colcon_pkg']
[5.094s] Level 1:colcon.colcon_core.package_identification:_identify(src/ydlidar_ros2_driver) by extension 'colcon_pkg'
[5.094s] Level 1:colcon.colcon_core.package_identification:_identify(src/ydlidar_ros2_driver) by extensions ['colcon_meta']
[5.094s] Level 1:colcon.colcon_core.package_identification:_identify(src/ydlidar_ros2_driver) by extension 'colcon_meta'
[5.094s] Level 1:colcon.colcon_core.package_identification:_identify(src/ydlidar_ros2_driver) by extensions ['ros']
[5.095s] Level 1:colcon.colcon_core.package_identification:_identify(src/ydlidar_ros2_driver) by extension 'ros'
[5.097s] DEBUG:colcon.colcon_core.package_identification:Package 'src/ydlidar_ros2_driver' with type 'ros.ament_cmake' and name 'ydlidar_ros2_driver'
[5.097s] Level 1:colcon.colcon_core.package_identification:_identify(tests) by extensions ['ignore', 'ignore_ament_install']
[5.098s] Level 1:colcon.colcon_core.package_identification:_identify(tests) by extension 'ignore'
[5.098s] Level 1:colcon.colcon_core.package_identification:_identify(tests) by extension 'ignore_ament_install'
[5.098s] Level 1:colcon.colcon_core.package_identification:_identify(tests) by extensions ['colcon_pkg']
[5.098s] Level 1:colcon.colcon_core.package_identification:_identify(tests) by extension 'colcon_pkg'
[5.098s] Level 1:colcon.colcon_core.package_identification:_identify(tests) by extensions ['colcon_meta']
[5.098s] Level 1:colcon.colcon_core.package_identification:_identify(tests) by extension 'colcon_meta'
[5.099s] Level 1:colcon.colcon_core.package_identification:_identify(tests) by extensions ['ros']
[5.099s] Level 1:colcon.colcon_core.package_identification:_identify(tests) by extension 'ros'
[5.099s] Level 1:colcon.colcon_core.package_identification:_identify(tests) by extensions ['cmake', 'python']
[5.099s] Level 1:colcon.colcon_core.package_identification:_identify(tests) by extension 'cmake'
[5.099s] Level 1:colcon.colcon_core.package_identification:_identify(tests) by extension 'python'
[5.100s] Level 1:colcon.colcon_core.package_identification:_identify(tests) by extensions ['python_setup_py']
[5.100s] Level 1:colcon.colcon_core.package_identification:_identify(tests) by extension 'python_setup_py'
[5.100s] Level 1:colcon.colcon_core.package_discovery:discover_packages(recursive) using defaults
[5.100s] Level 1:colcon.colcon_core.package_discovery:discover_packages(ignore) discover
[5.100s] Level 1:colcon.colcon_core.package_discovery:discover_packages(ignore) using defaults
[5.100s] Level 1:colcon.colcon_core.package_discovery:discover_packages(path) discover
[5.100s] Level 1:colcon.colcon_core.package_discovery:discover_packages(path) using defaults
[5.392s] INFO:colcon.colcon_core.package_selection:Skipping not selected package 'apriltag_msgs' in 'src/apriltag_msgs'
[5.392s] INFO:colcon.colcon_core.package_selection:Skipping not selected package 'dave' in 'src/dave'
[5.392s] INFO:colcon.colcon_core.package_selection:Skipping not selected package 'dave_interfaces' in 'src/dave_interfaces'
[5.392s] INFO:colcon.colcon_core.package_selection:Skipping not selected package 'explorer_wanderer' in 'src/explorer_wanderer'
[5.392s] INFO:colcon.colcon_core.package_selection:Skipping not selected package 'gpg3_cartographer' in 'src/gpg3_cartographer'
[5.392s] INFO:colcon.colcon_core.package_selection:Skipping not selected package 'gpg3_navigation2' in 'src/gpg3_navigation2'
[5.392s] INFO:colcon.colcon_core.package_selection:Skipping not selected package 'nav2_gopigo3' in 'src/nav2_gopigo3'
[5.393s] INFO:colcon.colcon_core.package_selection:Skipping not selected package 'ros2_gopigo3_msg' in 'src/ros2_gopigo3_msg'
[5.393s] INFO:colcon.colcon_core.package_selection:Skipping not selected package 'ros2_libcamera_pub' in 'src/ros2_libcamera_pub'
[5.393s] INFO:colcon.colcon_core.package_selection:Skipping not selected package 'scan_client' in 'src/scan_client'
[5.393s] INFO:colcon.colcon_core.package_selection:Skipping not selected package 'teleop_gopigo3_keyboard' in 'src/teleop_gopigo3_keyboard'
[5.393s] INFO:colcon.colcon_core.package_selection:Skipping not selected package 'ydlidar_ros2_driver' in 'src/ydlidar_ros2_driver'
[5.393s] INFO:colcon.colcon_core.package_selection:Skipping not selected package 'apriltag_ros' in 'src/apriltag_ros'
[5.527s] Level 1:colcon.colcon_core.package_discovery:discover_packages(prefix_path) check parameters
[5.528s] Level 1:colcon.colcon_core.package_discovery:discover_packages(prefix_path) discover
[5.601s] WARNING:colcon.colcon_core.prefix_path.colcon:The path '/home/ubuntu/HumbleDave/ros2ws/install' in the environment variable COLCON_PREFIX_PATH doesn't exist
[5.601s] WARNING:colcon.colcon_ros.prefix_path.ament:The path '/home/ubuntu/HumbleDave/ros2ws/install/ydlidar_ros2_driver' in the environment variable AMENT_PREFIX_PATH doesn't exist
[5.602s] WARNING:colcon.colcon_ros.prefix_path.ament:The path '/home/ubuntu/HumbleDave/ros2ws/install/teleop_gopigo3_keyboard' in the environment variable AMENT_PREFIX_PATH doesn't exist
[5.602s] WARNING:colcon.colcon_ros.prefix_path.ament:The path '/home/ubuntu/HumbleDave/ros2ws/install/scan_client' in the environment variable AMENT_PREFIX_PATH doesn't exist
[5.602s] WARNING:colcon.colcon_ros.prefix_path.ament:The path '/home/ubuntu/HumbleDave/ros2ws/install/ros2_libcamera_pub' in the environment variable AMENT_PREFIX_PATH doesn't exist
[5.602s] WARNING:colcon.colcon_ros.prefix_path.ament:The path '/home/ubuntu/HumbleDave/ros2ws/install/ros2_gopigo3_node' in the environment variable AMENT_PREFIX_PATH doesn't exist
[5.602s] WARNING:colcon.colcon_ros.prefix_path.ament:The path '/home/ubuntu/HumbleDave/ros2ws/install/ros2_gopigo3_msg' in the environment variable AMENT_PREFIX_PATH doesn't exist
[5.602s] WARNING:colcon.colcon_ros.prefix_path.ament:The path '/home/ubuntu/HumbleDave/ros2ws/install/mpu9250driver' in the environment variable AMENT_PREFIX_PATH doesn't exist
[5.603s] WARNING:colcon.colcon_ros.prefix_path.ament:The path '/home/ubuntu/HumbleDave/ros2ws/install/gopigo3_navigation' in the environment variable AMENT_PREFIX_PATH doesn't exist
[5.603s] WARNING:colcon.colcon_ros.prefix_path.ament:The path '/home/ubuntu/HumbleDave/ros2ws/install/gopigo3_ekf' in the environment variable AMENT_PREFIX_PATH doesn't exist
[5.603s] WARNING:colcon.colcon_ros.prefix_path.ament:The path '/home/ubuntu/HumbleDave/ros2ws/install/explorer_wanderer' in the environment variable AMENT_PREFIX_PATH doesn't exist
[5.603s] WARNING:colcon.colcon_ros.prefix_path.ament:The path '/home/ubuntu/HumbleDave/ros2ws/install/HoROS8' in the environment variable AMENT_PREFIX_PATH doesn't exist
[5.605s] WARNING:colcon.colcon_ros.prefix_path.catkin:The path '/home/ubuntu/HumbleDave/ros2ws/install/ydlidar_ros2_driver' in the environment variable CMAKE_PREFIX_PATH doesn't exist
[5.605s] WARNING:colcon.colcon_ros.prefix_path.catkin:The path '/home/ubuntu/HumbleDave/ros2ws/install/ros2_gopigo3_msg' in the environment variable CMAKE_PREFIX_PATH doesn't exist
[5.606s] WARNING:colcon.colcon_ros.prefix_path.catkin:The path '/home/ubuntu/HumbleDave/ros2ws/install/mpu9250driver' in the environment variable CMAKE_PREFIX_PATH doesn't exist
[5.606s] WARNING:colcon.colcon_ros.prefix_path.catkin:The path '/home/ubuntu/HumbleDave/ros2ws/install/gopigo3_navigation' in the environment variable CMAKE_PREFIX_PATH doesn't exist
[5.606s] WARNING:colcon.colcon_ros.prefix_path.catkin:The path '/home/ubuntu/HumbleDave/ros2ws/install/gopigo3_ekf' in the environment variable CMAKE_PREFIX_PATH doesn't exist
[5.677s] DEBUG:colcon.colcon_installed_package_information.package_discovery:Found 5 installed packages in /home/ubuntu/ros2ws/install
[5.752s] DEBUG:colcon.colcon_installed_package_information.package_discovery:Found 263 installed packages in /opt/ros/humble
[5.758s] Level 1:colcon.colcon_core.package_discovery:discover_packages(prefix_path) using defaults
[6.125s] Level 5:colcon.colcon_core.verb:set package 'ros2_gopigo3_node' build argument 'cmake_args' from command line to 'None'
[6.126s] Level 5:colcon.colcon_core.verb:set package 'ros2_gopigo3_node' build argument 'cmake_target' from command line to 'None'
[6.126s] Level 5:colcon.colcon_core.verb:set package 'ros2_gopigo3_node' build argument 'cmake_target_skip_unavailable' from command line to 'False'
[6.126s] Level 5:colcon.colcon_core.verb:set package 'ros2_gopigo3_node' build argument 'cmake_clean_cache' from command line to 'False'
[6.126s] Level 5:colcon.colcon_core.verb:set package 'ros2_gopigo3_node' build argument 'cmake_clean_first' from command line to 'False'
[6.126s] Level 5:colcon.colcon_core.verb:set package 'ros2_gopigo3_node' build argument 'cmake_force_configure' from command line to 'False'
[6.126s] Level 5:colcon.colcon_core.verb:set package 'ros2_gopigo3_node' build argument 'ament_cmake_args' from command line to 'None'
[6.126s] Level 5:colcon.colcon_core.verb:set package 'ros2_gopigo3_node' build argument 'catkin_cmake_args' from command line to 'None'
[6.126s] Level 5:colcon.colcon_core.verb:set package 'ros2_gopigo3_node' build argument 'catkin_skip_building_tests' from command line to 'False'
[6.126s] DEBUG:colcon.colcon_core.verb:Building package 'ros2_gopigo3_node' with the following arguments: {'ament_cmake_args': None, 'build_base': '/home/ubuntu/HumbleDave2/ros2ws/build/ros2_gopigo3_node', 'catkin_cmake_args': None, 'catkin_skip_building_tests': False, 'cmake_args': None, 'cmake_clean_cache': False, 'cmake_clean_first': False, 'cmake_force_configure': False, 'cmake_target': None, 'cmake_target_skip_unavailable': False, 'install_base': '/home/ubuntu/HumbleDave2/ros2ws/install/ros2_gopigo3_node', 'merge_install': False, 'path': '/home/ubuntu/HumbleDave2/ros2ws/src/ros2_gopigo3_node', 'symlink_install': True, 'test_result_base': None}
[6.194s] INFO:colcon.colcon_core.executor:Executing jobs using 'parallel' executor
[6.264s] DEBUG:colcon.colcon_parallel_executor.executor.parallel:run_until_complete
[6.265s] INFO:colcon.colcon_ros.task.ament_python.build:Building ROS package in '/home/ubuntu/HumbleDave2/ros2ws/src/ros2_gopigo3_node' with build type 'ament_python'
[6.265s] Level 1:colcon.colcon_core.shell:create_environment_hook('ros2_gopigo3_node', 'ament_prefix_path')
[6.346s] INFO:colcon.colcon_core.plugin_system:Skipping extension 'colcon_core.shell.bat': Not used on non-Windows systems
[6.346s] INFO:colcon.colcon_core.shell:Creating environment hook '/home/ubuntu/HumbleDave2/ros2ws/install/ros2_gopigo3_node/share/ros2_gopigo3_node/hook/ament_prefix_path.ps1'
[6.349s] INFO:colcon.colcon_core.shell:Creating environment descriptor '/home/ubuntu/HumbleDave2/ros2ws/install/ros2_gopigo3_node/share/ros2_gopigo3_node/hook/ament_prefix_path.dsv'
[6.351s] INFO:colcon.colcon_core.shell:Creating environment hook '/home/ubuntu/HumbleDave2/ros2ws/install/ros2_gopigo3_node/share/ros2_gopigo3_node/hook/ament_prefix_path.sh'
[6.422s] INFO:colcon.colcon_core.shell:Skip shell extension 'powershell' for command environment: Not usable outside of PowerShell
[6.422s] DEBUG:colcon.colcon_core.shell:Skip shell extension 'dsv' for command environment
[7.889s] INFO:colcon.colcon_core.task.python.build:Building Python package in '/home/ubuntu/HumbleDave2/ros2ws/src/ros2_gopigo3_node'
[7.960s] INFO:colcon.colcon_core.shell:Skip shell extension 'powershell' for command environment: Not usable outside of PowerShell
[7.960s] DEBUG:colcon.colcon_core.shell:Skip shell extension 'dsv' for command environment
[10.400s] DEBUG:colcon.colcon_core.event_handler.log_command:Invoking command in '/home/ubuntu/HumbleDave2/ros2ws/build/ros2_gopigo3_node': AMENT_PREFIX_PATH=/home/ubuntu/HumbleDave2/ros2ws/install/ros2_gopigo3_msg:${AMENT_PREFIX_PATH} CMAKE_PREFIX_PATH=/home/ubuntu/HumbleDave2/ros2ws/install/ros2_gopigo3_msg:${CMAKE_PREFIX_PATH} LD_LIBRARY_PATH=/home/ubuntu/HumbleDave2/ros2ws/install/ros2_gopigo3_msg/lib:${LD_LIBRARY_PATH} PYTHONPATH=/home/ubuntu/HumbleDave2/ros2ws/build/ros2_gopigo3_node/prefix_override:/home/ubuntu/HumbleDave2/ros2ws/install/ros2_gopigo3_node/lib/python3.10/site-packages:/home/ubuntu/HumbleDave2/ros2ws/install/ros2_gopigo3_msg/local/lib/python3.10/dist-packages:${PYTHONPATH} /usr/bin/python3 setup.py develop --editable --build-directory /home/ubuntu/HumbleDave2/ros2ws/build/ros2_gopigo3_node/build --no-deps install_data
[12.484s] Level 1:colcon.colcon_core.shell:create_environment_hook('ros2_gopigo3_node', 'pythonpath_develop')
[12.485s] DEBUG:colcon.colcon_core.event_handler.log_command:Invoked command in '/home/ubuntu/HumbleDave2/ros2ws/build/ros2_gopigo3_node' returned '0': AMENT_PREFIX_PATH=/home/ubuntu/HumbleDave2/ros2ws/install/ros2_gopigo3_msg:${AMENT_PREFIX_PATH} CMAKE_PREFIX_PATH=/home/ubuntu/HumbleDave2/ros2ws/install/ros2_gopigo3_msg:${CMAKE_PREFIX_PATH} LD_LIBRARY_PATH=/home/ubuntu/HumbleDave2/ros2ws/install/ros2_gopigo3_msg/lib:${LD_LIBRARY_PATH} PYTHONPATH=/home/ubuntu/HumbleDave2/ros2ws/build/ros2_gopigo3_node/prefix_override:/home/ubuntu/HumbleDave2/ros2ws/install/ros2_gopigo3_node/lib/python3.10/site-packages:/home/ubuntu/HumbleDave2/ros2ws/install/ros2_gopigo3_msg/local/lib/python3.10/dist-packages:${PYTHONPATH} /usr/bin/python3 setup.py develop --editable --build-directory /home/ubuntu/HumbleDave2/ros2ws/build/ros2_gopigo3_node/build --no-deps install_data
[12.557s] INFO:colcon.colcon_core.shell:Creating environment hook '/home/ubuntu/HumbleDave2/ros2ws/build/ros2_gopigo3_node/share/ros2_gopigo3_node/hook/pythonpath_develop.ps1'
[12.559s] INFO:colcon.colcon_core.shell:Creating environment descriptor '/home/ubuntu/HumbleDave2/ros2ws/build/ros2_gopigo3_node/share/ros2_gopigo3_node/hook/pythonpath_develop.dsv'
[12.560s] INFO:colcon.colcon_core.shell:Creating environment hook '/home/ubuntu/HumbleDave2/ros2ws/build/ros2_gopigo3_node/share/ros2_gopigo3_node/hook/pythonpath_develop.sh'
[12.641s] Level 1:colcon.colcon_core.environment:checking '/home/ubuntu/HumbleDave2/ros2ws/install/ros2_gopigo3_node' for CMake module files
[12.643s] Level 1:colcon.colcon_core.environment:checking '/home/ubuntu/HumbleDave2/ros2ws/install/ros2_gopigo3_node' for CMake config files
[12.646s] Level 1:colcon.colcon_core.environment:checking '/home/ubuntu/HumbleDave2/ros2ws/install/ros2_gopigo3_node/lib'
[12.647s] Level 1:colcon.colcon_core.environment:checking '/home/ubuntu/HumbleDave2/ros2ws/install/ros2_gopigo3_node/bin'
[12.647s] Level 1:colcon.colcon_core.environment:checking '/home/ubuntu/HumbleDave2/ros2ws/install/ros2_gopigo3_node/lib/pkgconfig/ros2_gopigo3_node.pc'
[12.649s] Level 1:colcon.colcon_core.environment:checking '/home/ubuntu/HumbleDave2/ros2ws/install/ros2_gopigo3_node/lib/python3.10/site-packages'
[12.649s] Level 1:colcon.colcon_core.shell:create_environment_hook('ros2_gopigo3_node', 'pythonpath')
[12.718s] INFO:colcon.colcon_core.shell:Creating environment hook '/home/ubuntu/HumbleDave2/ros2ws/install/ros2_gopigo3_node/share/ros2_gopigo3_node/hook/pythonpath.ps1'
[12.720s] INFO:colcon.colcon_core.shell:Creating environment descriptor '/home/ubuntu/HumbleDave2/ros2ws/install/ros2_gopigo3_node/share/ros2_gopigo3_node/hook/pythonpath.dsv'
[12.721s] INFO:colcon.colcon_core.shell:Creating environment hook '/home/ubuntu/HumbleDave2/ros2ws/install/ros2_gopigo3_node/share/ros2_gopigo3_node/hook/pythonpath.sh'
[12.723s] Level 1:colcon.colcon_core.environment:checking '/home/ubuntu/HumbleDave2/ros2ws/install/ros2_gopigo3_node/bin'
[12.724s] Level 1:colcon.colcon_core.environment:create_environment_scripts_only(ros2_gopigo3_node)
[12.792s] INFO:colcon.colcon_core.shell:Creating package script '/home/ubuntu/HumbleDave2/ros2ws/install/ros2_gopigo3_node/share/ros2_gopigo3_node/package.ps1'
[12.796s] INFO:colcon.colcon_core.shell:Creating package descriptor '/home/ubuntu/HumbleDave2/ros2ws/install/ros2_gopigo3_node/share/ros2_gopigo3_node/package.dsv'
[12.798s] INFO:colcon.colcon_core.shell:Creating package script '/home/ubuntu/HumbleDave2/ros2ws/install/ros2_gopigo3_node/share/ros2_gopigo3_node/package.sh'
[12.801s] INFO:colcon.colcon_core.shell:Creating package script '/home/ubuntu/HumbleDave2/ros2ws/install/ros2_gopigo3_node/share/ros2_gopigo3_node/package.bash'
[12.804s] INFO:colcon.colcon_core.shell:Creating package script '/home/ubuntu/HumbleDave2/ros2ws/install/ros2_gopigo3_node/share/ros2_gopigo3_node/package.zsh'
[12.806s] Level 1:colcon.colcon_core.environment:create_file_with_runtime_dependencies(/home/ubuntu/HumbleDave2/ros2ws/install/ros2_gopigo3_node/share/colcon-core/packages/ros2_gopigo3_node)
[12.808s] DEBUG:colcon.colcon_parallel_executor.executor.parallel:closing loop
[12.809s] DEBUG:colcon.colcon_parallel_executor.executor.parallel:loop closed
[12.810s] DEBUG:colcon.colcon_parallel_executor.executor.parallel:run_until_complete finished with '0'
[12.810s] DEBUG:colcon.colcon_core.event_reactor:joining thread
[12.941s] INFO:colcon.colcon_core.plugin_system:Skipping extension 'colcon_notification.desktop_notification.notify_send': Could not find 'notify-send'
[12.941s] INFO:colcon.colcon_core.plugin_system:Skipping extension 'colcon_notification.desktop_notification.terminal_notifier': Not used on non-Darwin systems
[12.941s] INFO:colcon.colcon_core.plugin_system:Skipping extension 'colcon_notification.desktop_notification.win32': Not used on non-Windows systems
[12.942s] INFO:colcon.colcon_notification.desktop_notification:Sending desktop notification using 'notify2'
[12.944s] DEBUG:colcon.colcon_notification.desktop_notification.notify2:Failed to initialize notify2: org.freedesktop.DBus.Error.ServiceUnknown: The name org.freedesktop.Notifications was not provided by any .service files
[12.945s] DEBUG:colcon.colcon_core.event_reactor:joined thread
[13.018s] INFO:colcon.colcon_core.shell:Creating prefix script '/home/ubuntu/HumbleDave2/ros2ws/install/local_setup.ps1'
[13.021s] INFO:colcon.colcon_core.shell:Creating prefix util module '/home/ubuntu/HumbleDave2/ros2ws/install/_local_setup_util_ps1.py'
[13.027s] INFO:colcon.colcon_core.shell:Creating prefix chain script '/home/ubuntu/HumbleDave2/ros2ws/install/setup.ps1'
[13.100s] INFO:colcon.colcon_core.shell:Creating prefix script '/home/ubuntu/HumbleDave2/ros2ws/install/local_setup.sh'
[13.103s] INFO:colcon.colcon_core.shell:Creating prefix util module '/home/ubuntu/HumbleDave2/ros2ws/install/_local_setup_util_sh.py'
[13.105s] INFO:colcon.colcon_core.shell:Creating prefix chain script '/home/ubuntu/HumbleDave2/ros2ws/install/setup.sh'
[13.179s] INFO:colcon.colcon_core.shell:Creating prefix script '/home/ubuntu/HumbleDave2/ros2ws/install/local_setup.bash'
[13.181s] INFO:colcon.colcon_core.shell:Creating prefix chain script '/home/ubuntu/HumbleDave2/ros2ws/install/setup.bash'
[13.256s] INFO:colcon.colcon_core.shell:Creating prefix script '/home/ubuntu/HumbleDave2/ros2ws/install/local_setup.zsh'
[13.258s] INFO:colcon.colcon_core.shell:Creating prefix chain script '/home/ubuntu/HumbleDave2/ros2ws/install/setup.zsh'
