Built target ament_cmake_python_symlink_gopigo3_navigation
running egg_info
writing gopigo3_navigation.egg-info/PKG-INFO
writing dependency_links to gopigo3_navigation.egg-info/dependency_links.txt
writing top-level names to gopigo3_navigation.egg-info/top_level.txt
reading manifest file 'gopigo3_navigation.egg-info/SOURCES.txt'
writing manifest file 'gopigo3_navigation.egg-info/SOURCES.txt'
Built target ament_cmake_python_build_gopigo3_navigation_egg
-- Install configuration: ""
-- Execute custom install script
-- Up-to-date symlink: /home/ubuntu/HumbleDave/ros2ws/install/gopigo3_navigation/share/gopigo3_navigation/config/localization.yaml
-- Up-to-date symlink: /home/ubuntu/HumbleDave/ros2ws/install/gopigo3_navigation/share/gopigo3_navigation/config/nav2.yaml
-- Up-to-date symlink: /home/ubuntu/HumbleDave/ros2ws/install/gopigo3_navigation/share/gopigo3_navigation/config/slam.yaml
-- Up-to-date symlink: /home/ubuntu/HumbleDave/ros2ws/install/gopigo3_navigation/share/gopigo3_navigation/launch/localization.launch.py
-- Up-to-date symlink: /home/ubuntu/HumbleDave/ros2ws/install/gopigo3_navigation/share/gopigo3_navigation/launch/nav2.launch.py
-- Up-to-date symlink: /home/ubuntu/HumbleDave/ros2ws/install/gopigo3_navigation/share/gopigo3_navigation/launch/slam.launch.py
-- Up-to-date symlink: /home/ubuntu/HumbleDave/ros2ws/install/gopigo3_navigation/share/gopigo3_navigation/maps/depot.pgm
-- Up-to-date symlink: /home/ubuntu/HumbleDave/ros2ws/install/gopigo3_navigation/share/gopigo3_navigation/maps/depot.yaml
-- Up-to-date symlink: /home/ubuntu/HumbleDave/ros2ws/install/gopigo3_navigation/share/gopigo3_navigation/maps/maze.pgm
-- Up-to-date symlink: /home/ubuntu/HumbleDave/ros2ws/install/gopigo3_navigation/share/gopigo3_navigation/maps/maze.yaml
-- Up-to-date symlink: /home/ubuntu/HumbleDave/ros2ws/install/gopigo3_navigation/share/gopigo3_navigation/maps/warehouse.pgm
-- Up-to-date symlink: /home/ubuntu/HumbleDave/ros2ws/install/gopigo3_navigation/share/gopigo3_navigation/maps/warehouse.yaml
-- Up-to-date symlink: /home/ubuntu/HumbleDave/ros2ws/install/gopigo3_navigation/share/gopigo3_navigation/environment/pythonpath.sh
-- Up-to-date symlink: /home/ubuntu/HumbleDave/ros2ws/install/gopigo3_navigation/share/gopigo3_navigation/environment/pythonpath.dsv
-- Up-to-date symlink: /home/ubuntu/HumbleDave/ros2ws/install/gopigo3_navigation/local/lib/python3.10/dist-packages/gopigo3_navigation-1.0.4-py3.10.egg-info/PKG-INFO
-- Up-to-date symlink: /home/ubuntu/HumbleDave/ros2ws/install/gopigo3_navigation/local/lib/python3.10/dist-packages/gopigo3_navigation-1.0.4-py3.10.egg-info/SOURCES.txt
-- Up-to-date symlink: /home/ubuntu/HumbleDave/ros2ws/install/gopigo3_navigation/local/lib/python3.10/dist-packages/gopigo3_navigation-1.0.4-py3.10.egg-info/dependency_links.txt
-- Up-to-date symlink: /home/ubuntu/HumbleDave/ros2ws/install/gopigo3_navigation/local/lib/python3.10/dist-packages/gopigo3_navigation-1.0.4-py3.10.egg-info/top_level.txt
-- Up-to-date symlink: /home/ubuntu/HumbleDave/ros2ws/install/gopigo3_navigation/local/lib/python3.10/dist-packages/gopigo3_navigation/__init__.py
-- Up-to-date symlink: /home/ubuntu/HumbleDave/ros2ws/install/gopigo3_navigation/local/lib/python3.10/dist-packages/gopigo3_navigation/gopigo3_navigator.py
-- Up-to-date symlink: /home/ubuntu/HumbleDave/ros2ws/install/gopigo3_navigation/local/lib/python3.10/dist-packages/gopigo3_navigator.py
-- Up-to-date symlink: /home/ubuntu/HumbleDave/ros2ws/install/gopigo3_navigation/share/ament_index/resource_index/package_run_dependencies/gopigo3_navigation
-- Up-to-date symlink: /home/ubuntu/HumbleDave/ros2ws/install/gopigo3_navigation/share/ament_index/resource_index/parent_prefix_path/gopigo3_navigation
-- Up-to-date symlink: /home/ubuntu/HumbleDave/ros2ws/install/gopigo3_navigation/share/gopigo3_navigation/environment/ament_prefix_path.sh
-- Up-to-date symlink: /home/ubuntu/HumbleDave/ros2ws/install/gopigo3_navigation/share/gopigo3_navigation/environment/ament_prefix_path.dsv
-- Up-to-date symlink: /home/ubuntu/HumbleDave/ros2ws/install/gopigo3_navigation/share/gopigo3_navigation/environment/path.sh
-- Up-to-date symlink: /home/ubuntu/HumbleDave/ros2ws/install/gopigo3_navigation/share/gopigo3_navigation/environment/path.dsv
-- Up-to-date symlink: /home/ubuntu/HumbleDave/ros2ws/install/gopigo3_navigation/share/gopigo3_navigation/local_setup.bash
-- Up-to-date symlink: /home/ubuntu/HumbleDave/ros2ws/install/gopigo3_navigation/share/gopigo3_navigation/local_setup.sh
-- Up-to-date symlink: /home/ubuntu/HumbleDave/ros2ws/install/gopigo3_navigation/share/gopigo3_navigation/local_setup.zsh
-- Up-to-date symlink: /home/ubuntu/HumbleDave/ros2ws/install/gopigo3_navigation/share/gopigo3_navigation/local_setup.dsv
-- Symlinking: /home/ubuntu/HumbleDave/ros2ws/install/gopigo3_navigation/share/gopigo3_navigation/package.dsv
-- Up-to-date symlink: /home/ubuntu/HumbleDave/ros2ws/install/gopigo3_navigation/share/ament_index/resource_index/packages/gopigo3_navigation
-- Up-to-date symlink: /home/ubuntu/HumbleDave/ros2ws/install/gopigo3_navigation/share/gopigo3_navigation/cmake/gopigo3_navigationConfig.cmake
-- Up-to-date symlink: /home/ubuntu/HumbleDave/ros2ws/install/gopigo3_navigation/share/gopigo3_navigation/cmake/gopigo3_navigationConfig-version.cmake
-- Up-to-date symlink: /home/ubuntu/HumbleDave/ros2ws/install/gopigo3_navigation/share/gopigo3_navigation/package.xml
Listing '/home/ubuntu/HumbleDave/ros2ws/install/gopigo3_navigation/local/lib/python3.10/dist-packages/gopigo3_navigation'...
