[1.161s] Invoking command in '/home/ubuntu/HumbleDave/ros2ws/build/gopigo3_navigation': CMAKE_PREFIX_PATH=${CMAKE_PREFIX_PATH}:/home/ubuntu/HumbleDave/ros2ws/install/HoROS8:/home/ubuntu/HumbleDave/ros2ws/install/teleop_gopigo3_keyboard:/home/ubuntu/HumbleDave/ros2ws/install/scan_client:/home/ubuntu/HumbleDave/ros2ws/install/ros2_libcamera_pub:/home/ubuntu/HumbleDave/ros2ws/install/ros2_gopigo3_node:/home/ubuntu/HumbleDave/ros2ws/install/explorer_wanderer:/home/ubuntu/ros2ws/install/ydlidar_ros2_driver:/home/ubuntu/ros2ws/install/teleop_gopigo3_keyboard:/home/ubuntu/ros2ws/install/ros2_libcamera_pub:/home/ubuntu/ros2ws/install/ros2_gopigo3_node:/home/ubuntu/ros2ws/install/ros2_gopigo3_msg:/opt/ros/humble /usr/bin/cmake --build /home/ubuntu/HumbleDave/ros2ws/build/gopigo3_navigation -- -j4 -l4
[1.491s] Built target ament_cmake_python_symlink_gopigo3_navigation
[3.716s] running egg_info
[3.720s] writing gopigo3_navigation.egg-info/PKG-INFO
[3.723s] writing dependency_links to gopigo3_navigation.egg-info/dependency_links.txt
[3.724s] writing top-level names to gopigo3_navigation.egg-info/top_level.txt
[3.737s] reading manifest file 'gopigo3_navigation.egg-info/SOURCES.txt'
[3.742s] writing manifest file 'gopigo3_navigation.egg-info/SOURCES.txt'
[3.955s] Built target ament_cmake_python_build_gopigo3_navigation_egg
[4.013s] Invoked command in '/home/ubuntu/HumbleDave/ros2ws/build/gopigo3_navigation' returned '0': CMAKE_PREFIX_PATH=${CMAKE_PREFIX_PATH}:/home/ubuntu/HumbleDave/ros2ws/install/HoROS8:/home/ubuntu/HumbleDave/ros2ws/install/teleop_gopigo3_keyboard:/home/ubuntu/HumbleDave/ros2ws/install/scan_client:/home/ubuntu/HumbleDave/ros2ws/install/ros2_libcamera_pub:/home/ubuntu/HumbleDave/ros2ws/install/ros2_gopigo3_node:/home/ubuntu/HumbleDave/ros2ws/install/explorer_wanderer:/home/ubuntu/ros2ws/install/ydlidar_ros2_driver:/home/ubuntu/ros2ws/install/teleop_gopigo3_keyboard:/home/ubuntu/ros2ws/install/ros2_libcamera_pub:/home/ubuntu/ros2ws/install/ros2_gopigo3_node:/home/ubuntu/ros2ws/install/ros2_gopigo3_msg:/opt/ros/humble /usr/bin/cmake --build /home/ubuntu/HumbleDave/ros2ws/build/gopigo3_navigation -- -j4 -l4
[4.195s] Invoking command in '/home/ubuntu/HumbleDave/ros2ws/build/gopigo3_navigation': CMAKE_PREFIX_PATH=${CMAKE_PREFIX_PATH}:/home/ubuntu/HumbleDave/ros2ws/install/HoROS8:/home/ubuntu/HumbleDave/ros2ws/install/teleop_gopigo3_keyboard:/home/ubuntu/HumbleDave/ros2ws/install/scan_client:/home/ubuntu/HumbleDave/ros2ws/install/ros2_libcamera_pub:/home/ubuntu/HumbleDave/ros2ws/install/ros2_gopigo3_node:/home/ubuntu/HumbleDave/ros2ws/install/explorer_wanderer:/home/ubuntu/ros2ws/install/ydlidar_ros2_driver:/home/ubuntu/ros2ws/install/teleop_gopigo3_keyboard:/home/ubuntu/ros2ws/install/ros2_libcamera_pub:/home/ubuntu/ros2ws/install/ros2_gopigo3_node:/home/ubuntu/ros2ws/install/ros2_gopigo3_msg:/opt/ros/humble /usr/bin/cmake --install /home/ubuntu/HumbleDave/ros2ws/build/gopigo3_navigation
[4.245s] -- Install configuration: ""
[4.249s] -- Execute custom install script
[4.254s] -- Up-to-date symlink: /home/ubuntu/HumbleDave/ros2ws/install/gopigo3_navigation/share/gopigo3_navigation/config/localization.yaml
[4.256s] -- Up-to-date symlink: /home/ubuntu/HumbleDave/ros2ws/install/gopigo3_navigation/share/gopigo3_navigation/config/nav2.yaml
[4.258s] -- Up-to-date symlink: /home/ubuntu/HumbleDave/ros2ws/install/gopigo3_navigation/share/gopigo3_navigation/config/slam.tb4.yaml
[4.261s] -- Up-to-date symlink: /home/ubuntu/HumbleDave/ros2ws/install/gopigo3_navigation/share/gopigo3_navigation/config/slam.yaml
[4.264s] -- Up-to-date symlink: /home/ubuntu/HumbleDave/ros2ws/install/gopigo3_navigation/share/gopigo3_navigation/launch/localization.launch.py
[4.267s] -- Up-to-date symlink: /home/ubuntu/HumbleDave/ros2ws/install/gopigo3_navigation/share/gopigo3_navigation/launch/nav2.launch.py
[4.269s] -- Up-to-date symlink: /home/ubuntu/HumbleDave/ros2ws/install/gopigo3_navigation/share/gopigo3_navigation/launch/slam.launch.py
[4.273s] -- Up-to-date symlink: /home/ubuntu/HumbleDave/ros2ws/install/gopigo3_navigation/share/gopigo3_navigation/maps/depot.pgm
[4.275s] -- Up-to-date symlink: /home/ubuntu/HumbleDave/ros2ws/install/gopigo3_navigation/share/gopigo3_navigation/maps/depot.yaml
[4.278s] -- Up-to-date symlink: /home/ubuntu/HumbleDave/ros2ws/install/gopigo3_navigation/share/gopigo3_navigation/maps/maze.pgm
[4.285s] -- Up-to-date symlink: /home/ubuntu/HumbleDave/ros2ws/install/gopigo3_navigation/share/gopigo3_navigation/maps/maze.yaml
[4.288s] -- Up-to-date symlink: /home/ubuntu/HumbleDave/ros2ws/install/gopigo3_navigation/share/gopigo3_navigation/maps/warehouse.pgm
[4.290s] -- Up-to-date symlink: /home/ubuntu/HumbleDave/ros2ws/install/gopigo3_navigation/share/gopigo3_navigation/maps/warehouse.yaml
[4.293s] -- Up-to-date symlink: /home/ubuntu/HumbleDave/ros2ws/install/gopigo3_navigation/share/gopigo3_navigation/environment/pythonpath.sh
[4.297s] -- Up-to-date symlink: /home/ubuntu/HumbleDave/ros2ws/install/gopigo3_navigation/share/gopigo3_navigation/environment/pythonpath.dsv
[4.302s] -- Up-to-date symlink: /home/ubuntu/HumbleDave/ros2ws/install/gopigo3_navigation/local/lib/python3.10/dist-packages/gopigo3_navigation-1.0.4-py3.10.egg-info/PKG-INFO
[4.304s] -- Up-to-date symlink: /home/ubuntu/HumbleDave/ros2ws/install/gopigo3_navigation/local/lib/python3.10/dist-packages/gopigo3_navigation-1.0.4-py3.10.egg-info/SOURCES.txt
[4.307s] -- Up-to-date symlink: /home/ubuntu/HumbleDave/ros2ws/install/gopigo3_navigation/local/lib/python3.10/dist-packages/gopigo3_navigation-1.0.4-py3.10.egg-info/dependency_links.txt
[4.311s] -- Up-to-date symlink: /home/ubuntu/HumbleDave/ros2ws/install/gopigo3_navigation/local/lib/python3.10/dist-packages/gopigo3_navigation-1.0.4-py3.10.egg-info/top_level.txt
[4.325s] -- Up-to-date symlink: /home/ubuntu/HumbleDave/ros2ws/install/gopigo3_navigation/local/lib/python3.10/dist-packages/gopigo3_navigation/__init__.py
[4.332s] -- Up-to-date symlink: /home/ubuntu/HumbleDave/ros2ws/install/gopigo3_navigation/local/lib/python3.10/dist-packages/gopigo3_navigation/gopigo3_navigator.py
[4.336s] -- Up-to-date symlink: /home/ubuntu/HumbleDave/ros2ws/install/gopigo3_navigation/local/lib/python3.10/dist-packages/gopigo3_navigator.py
[4.342s] -- Up-to-date symlink: /home/ubuntu/HumbleDave/ros2ws/install/gopigo3_navigation/share/ament_index/resource_index/package_run_dependencies/gopigo3_navigation
[4.346s] -- Up-to-date symlink: /home/ubuntu/HumbleDave/ros2ws/install/gopigo3_navigation/share/ament_index/resource_index/parent_prefix_path/gopigo3_navigation
[4.351s] -- Up-to-date symlink: /home/ubuntu/HumbleDave/ros2ws/install/gopigo3_navigation/share/gopigo3_navigation/environment/ament_prefix_path.sh
[4.356s] -- Up-to-date symlink: /home/ubuntu/HumbleDave/ros2ws/install/gopigo3_navigation/share/gopigo3_navigation/environment/ament_prefix_path.dsv
[4.361s] -- Up-to-date symlink: /home/ubuntu/HumbleDave/ros2ws/install/gopigo3_navigation/share/gopigo3_navigation/environment/path.sh
[4.367s] -- Up-to-date symlink: /home/ubuntu/HumbleDave/ros2ws/install/gopigo3_navigation/share/gopigo3_navigation/environment/path.dsv
[4.372s] -- Up-to-date symlink: /home/ubuntu/HumbleDave/ros2ws/install/gopigo3_navigation/share/gopigo3_navigation/local_setup.bash
[4.390s] -- Up-to-date symlink: /home/ubuntu/HumbleDave/ros2ws/install/gopigo3_navigation/share/gopigo3_navigation/local_setup.sh
[4.394s] -- Up-to-date symlink: /home/ubuntu/HumbleDave/ros2ws/install/gopigo3_navigation/share/gopigo3_navigation/local_setup.zsh
[4.401s] -- Up-to-date symlink: /home/ubuntu/HumbleDave/ros2ws/install/gopigo3_navigation/share/gopigo3_navigation/local_setup.dsv
[4.404s] -- Symlinking: /home/ubuntu/HumbleDave/ros2ws/install/gopigo3_navigation/share/gopigo3_navigation/package.dsv
[4.501s] -- Up-to-date symlink: /home/ubuntu/HumbleDave/ros2ws/install/gopigo3_navigation/share/ament_index/resource_index/packages/gopigo3_navigation
[4.504s] -- Up-to-date symlink: /home/ubuntu/HumbleDave/ros2ws/install/gopigo3_navigation/share/gopigo3_navigation/cmake/gopigo3_navigationConfig.cmake
[4.506s] -- Up-to-date symlink: /home/ubuntu/HumbleDave/ros2ws/install/gopigo3_navigation/share/gopigo3_navigation/cmake/gopigo3_navigationConfig-version.cmake
[4.509s] -- Up-to-date symlink: /home/ubuntu/HumbleDave/ros2ws/install/gopigo3_navigation/share/gopigo3_navigation/package.xml
[4.813s] Listing '/home/ubuntu/HumbleDave/ros2ws/install/gopigo3_navigation/local/lib/python3.10/dist-packages/gopigo3_navigation'...
[6.029s] Invoked command in '/home/ubuntu/HumbleDave/ros2ws/build/gopigo3_navigation' returned '0': CMAKE_PREFIX_PATH=${CMAKE_PREFIX_PATH}:/home/ubuntu/HumbleDave/ros2ws/install/HoROS8:/home/ubuntu/HumbleDave/ros2ws/install/teleop_gopigo3_keyboard:/home/ubuntu/HumbleDave/ros2ws/install/scan_client:/home/ubuntu/HumbleDave/ros2ws/install/ros2_libcamera_pub:/home/ubuntu/HumbleDave/ros2ws/install/ros2_gopigo3_node:/home/ubuntu/HumbleDave/ros2ws/install/explorer_wanderer:/home/ubuntu/ros2ws/install/ydlidar_ros2_driver:/home/ubuntu/ros2ws/install/teleop_gopigo3_keyboard:/home/ubuntu/ros2ws/install/ros2_libcamera_pub:/home/ubuntu/ros2ws/install/ros2_gopigo3_node:/home/ubuntu/ros2ws/install/ros2_gopigo3_msg:/opt/ros/humble /usr/bin/cmake --install /home/ubuntu/HumbleDave/ros2ws/build/gopigo3_navigation
