[1.189s] Invoking command in '/home/ubuntu/HumbleDave/ros2ws/build/gopigo3_ekf': CMAKE_PREFIX_PATH=${CMAKE_PREFIX_PATH}:/home/ubuntu/HumbleDave/ros2ws/install/teleop_gopigo3_keyboard:/home/ubuntu/HumbleDave/ros2ws/install/scan_client:/home/ubuntu/HumbleDave/ros2ws/install/ros2_libcamera_pub:/home/ubuntu/HumbleDave/ros2ws/install/ros2_gopigo3_node:/home/ubuntu/ros2ws/install/teleop_gopigo3_keyboard:/home/ubuntu/ros2ws/install/ros2_libcamera_pub:/home/ubuntu/ros2ws/install/ros2_gopigo3_node:/opt/ros/humble /usr/bin/cmake /home/ubuntu/HumbleDave/ros2ws/src/gopigo3_ekf -DAMENT_CMAKE_SYMLINK_INSTALL=1 -DCMAKE_INSTALL_PREFIX=/home/ubuntu/HumbleDave/ros2ws/install/gopigo3_ekf
[3.687s] -- The C compiler identification is GNU 11.4.0
[3.691s] -- The CXX compiler identification is GNU 11.4.0
[3.691s] -- Detecting C compiler ABI info
[3.693s] -- Detecting C compiler ABI info - done
[3.696s] -- Check for working C compiler: /usr/bin/cc - skipped
[3.697s] -- Detecting C compile features
[3.697s] -- Detecting C compile features - done
[3.697s] -- Detecting CXX compiler ABI info
[3.698s] -- Detecting CXX compiler ABI info - done
[3.699s] -- Check for working CXX compiler: /usr/bin/c++ - skipped
[3.699s] -- Detecting CXX compile features
[3.700s] -- Detecting CXX compile features - done
[3.701s] -- Found ament_cmake: 1.3.5 (/opt/ros/humble/share/ament_cmake/cmake)
[4.040s] -- Found Python3: /usr/bin/python3.10 (found version "3.10.12") found components: Interpreter 
[4.490s] -- Override CMake install command with custom implementation using symlinks instead of copying resources
[4.841s] -- Found ament_lint_auto: 0.12.8 (/opt/ros/humble/share/ament_lint_auto/cmake)
[5.479s] -- Added test 'copyright' to check source files copyright and LICENSE
[5.493s] -- Added test 'flake8' to check Python code syntax and style conventions
[5.497s] -- Added test 'lint_cmake' to check CMake code style
[5.502s] -- Added test 'pep257' to check Python code against some of the docstring style conventions in PEP 257
[5.510s] -- Added test 'xmllint' to check XML markup files
[5.524s] -- Configuring done
[5.547s] -- Generating done
[5.554s] -- Build files have been written to: /home/ubuntu/HumbleDave/ros2ws/build/gopigo3_ekf
[5.703s] Invoked command in '/home/ubuntu/HumbleDave/ros2ws/build/gopigo3_ekf' returned '0': CMAKE_PREFIX_PATH=${CMAKE_PREFIX_PATH}:/home/ubuntu/HumbleDave/ros2ws/install/teleop_gopigo3_keyboard:/home/ubuntu/HumbleDave/ros2ws/install/scan_client:/home/ubuntu/HumbleDave/ros2ws/install/ros2_libcamera_pub:/home/ubuntu/HumbleDave/ros2ws/install/ros2_gopigo3_node:/home/ubuntu/ros2ws/install/teleop_gopigo3_keyboard:/home/ubuntu/ros2ws/install/ros2_libcamera_pub:/home/ubuntu/ros2ws/install/ros2_gopigo3_node:/opt/ros/humble /usr/bin/cmake /home/ubuntu/HumbleDave/ros2ws/src/gopigo3_ekf -DAMENT_CMAKE_SYMLINK_INSTALL=1 -DCMAKE_INSTALL_PREFIX=/home/ubuntu/HumbleDave/ros2ws/install/gopigo3_ekf
[5.709s] Invoking command in '/home/ubuntu/HumbleDave/ros2ws/build/gopigo3_ekf': CMAKE_PREFIX_PATH=${CMAKE_PREFIX_PATH}:/home/ubuntu/HumbleDave/ros2ws/install/teleop_gopigo3_keyboard:/home/ubuntu/HumbleDave/ros2ws/install/scan_client:/home/ubuntu/HumbleDave/ros2ws/install/ros2_libcamera_pub:/home/ubuntu/HumbleDave/ros2ws/install/ros2_gopigo3_node:/home/ubuntu/ros2ws/install/teleop_gopigo3_keyboard:/home/ubuntu/ros2ws/install/ros2_libcamera_pub:/home/ubuntu/ros2ws/install/ros2_gopigo3_node:/opt/ros/humble /usr/bin/cmake --build /home/ubuntu/HumbleDave/ros2ws/build/gopigo3_ekf -- -j4 -l4
[5.902s] Invoked command in '/home/ubuntu/HumbleDave/ros2ws/build/gopigo3_ekf' returned '0': CMAKE_PREFIX_PATH=${CMAKE_PREFIX_PATH}:/home/ubuntu/HumbleDave/ros2ws/install/teleop_gopigo3_keyboard:/home/ubuntu/HumbleDave/ros2ws/install/scan_client:/home/ubuntu/HumbleDave/ros2ws/install/ros2_libcamera_pub:/home/ubuntu/HumbleDave/ros2ws/install/ros2_gopigo3_node:/home/ubuntu/ros2ws/install/teleop_gopigo3_keyboard:/home/ubuntu/ros2ws/install/ros2_libcamera_pub:/home/ubuntu/ros2ws/install/ros2_gopigo3_node:/opt/ros/humble /usr/bin/cmake --build /home/ubuntu/HumbleDave/ros2ws/build/gopigo3_ekf -- -j4 -l4
[6.091s] Invoking command in '/home/ubuntu/HumbleDave/ros2ws/build/gopigo3_ekf': CMAKE_PREFIX_PATH=${CMAKE_PREFIX_PATH}:/home/ubuntu/HumbleDave/ros2ws/install/teleop_gopigo3_keyboard:/home/ubuntu/HumbleDave/ros2ws/install/scan_client:/home/ubuntu/HumbleDave/ros2ws/install/ros2_libcamera_pub:/home/ubuntu/HumbleDave/ros2ws/install/ros2_gopigo3_node:/home/ubuntu/ros2ws/install/teleop_gopigo3_keyboard:/home/ubuntu/ros2ws/install/ros2_libcamera_pub:/home/ubuntu/ros2ws/install/ros2_gopigo3_node:/opt/ros/humble /usr/bin/cmake --install /home/ubuntu/HumbleDave/ros2ws/build/gopigo3_ekf
[6.129s] -- Install configuration: ""
[6.131s] -- Execute custom install script
[6.134s] -- Symlinking: /home/ubuntu/HumbleDave/ros2ws/install/gopigo3_ekf/share/gopigo3_ekf/config/ekf.yaml
[6.184s] -- Symlinking: /home/ubuntu/HumbleDave/ros2ws/install/gopigo3_ekf/share/gopigo3_ekf/launch/ekf_v3.launch.py
[6.226s] -- Symlinking: /home/ubuntu/HumbleDave/ros2ws/install/gopigo3_ekf/share/ament_index/resource_index/package_run_dependencies/gopigo3_ekf
[6.285s] -- Symlinking: /home/ubuntu/HumbleDave/ros2ws/install/gopigo3_ekf/share/ament_index/resource_index/parent_prefix_path/gopigo3_ekf
[6.328s] -- Symlinking: /home/ubuntu/HumbleDave/ros2ws/install/gopigo3_ekf/share/gopigo3_ekf/environment/ament_prefix_path.sh
[6.372s] -- Symlinking: /home/ubuntu/HumbleDave/ros2ws/install/gopigo3_ekf/share/gopigo3_ekf/environment/ament_prefix_path.dsv
[6.418s] -- Symlinking: /home/ubuntu/HumbleDave/ros2ws/install/gopigo3_ekf/share/gopigo3_ekf/environment/path.sh
[6.467s] -- Symlinking: /home/ubuntu/HumbleDave/ros2ws/install/gopigo3_ekf/share/gopigo3_ekf/environment/path.dsv
[6.507s] -- Symlinking: /home/ubuntu/HumbleDave/ros2ws/install/gopigo3_ekf/share/gopigo3_ekf/local_setup.bash
[6.549s] -- Symlinking: /home/ubuntu/HumbleDave/ros2ws/install/gopigo3_ekf/share/gopigo3_ekf/local_setup.sh
[6.591s] -- Symlinking: /home/ubuntu/HumbleDave/ros2ws/install/gopigo3_ekf/share/gopigo3_ekf/local_setup.zsh
[6.632s] -- Symlinking: /home/ubuntu/HumbleDave/ros2ws/install/gopigo3_ekf/share/gopigo3_ekf/local_setup.dsv
[6.675s] -- Symlinking: /home/ubuntu/HumbleDave/ros2ws/install/gopigo3_ekf/share/gopigo3_ekf/package.dsv
[6.719s] -- Symlinking: /home/ubuntu/HumbleDave/ros2ws/install/gopigo3_ekf/share/ament_index/resource_index/packages/gopigo3_ekf
[6.766s] -- Symlinking: /home/ubuntu/HumbleDave/ros2ws/install/gopigo3_ekf/share/gopigo3_ekf/cmake/gopigo3_ekfConfig.cmake
[6.808s] -- Symlinking: /home/ubuntu/HumbleDave/ros2ws/install/gopigo3_ekf/share/gopigo3_ekf/cmake/gopigo3_ekfConfig-version.cmake
[6.848s] -- Symlinking: /home/ubuntu/HumbleDave/ros2ws/install/gopigo3_ekf/share/gopigo3_ekf/package.xml
[6.895s] Invoked command in '/home/ubuntu/HumbleDave/ros2ws/build/gopigo3_ekf' returned '0': CMAKE_PREFIX_PATH=${CMAKE_PREFIX_PATH}:/home/ubuntu/HumbleDave/ros2ws/install/teleop_gopigo3_keyboard:/home/ubuntu/HumbleDave/ros2ws/install/scan_client:/home/ubuntu/HumbleDave/ros2ws/install/ros2_libcamera_pub:/home/ubuntu/HumbleDave/ros2ws/install/ros2_gopigo3_node:/home/ubuntu/ros2ws/install/teleop_gopigo3_keyboard:/home/ubuntu/ros2ws/install/ros2_libcamera_pub:/home/ubuntu/ros2ws/install/ros2_gopigo3_node:/opt/ros/humble /usr/bin/cmake --install /home/ubuntu/HumbleDave/ros2ws/build/gopigo3_ekf
