[1.139s] Invoking command in '/home/ubuntu/HumbleDave/ros2ws/build/mpu9250driver': CMAKE_PREFIX_PATH=${CMAKE_PREFIX_PATH}:/home/ubuntu/HumbleDave/ros2ws/install/teleop_gopigo3_keyboard:/home/ubuntu/HumbleDave/ros2ws/install/scan_client:/home/ubuntu/HumbleDave/ros2ws/install/ros2_libcamera_pub:/home/ubuntu/HumbleDave/ros2ws/install/ros2_gopigo3_node:/home/ubuntu/HumbleDave/ros2ws/install/explorer_wanderer:/home/ubuntu/ros2ws/install/ydlidar_ros2_driver:/home/ubuntu/ros2ws/install/teleop_gopigo3_keyboard:/home/ubuntu/ros2ws/install/ros2_libcamera_pub:/home/ubuntu/ros2ws/install/ros2_gopigo3_node:/home/ubuntu/ros2ws/install/ros2_gopigo3_msg:/opt/ros/humble /usr/bin/cmake --build /home/ubuntu/HumbleDave/ros2ws/build/mpu9250driver -- -j4 -l4
[1.436s] [ 33%] Built target linux_i2c_communicator
[1.456s] [ 66%] Built target mpu9250sensor
[1.596s] [100%] Built target mpu9250driver
[1.656s] Invoked command in '/home/ubuntu/HumbleDave/ros2ws/build/mpu9250driver' returned '0': CMAKE_PREFIX_PATH=${CMAKE_PREFIX_PATH}:/home/ubuntu/HumbleDave/ros2ws/install/teleop_gopigo3_keyboard:/home/ubuntu/HumbleDave/ros2ws/install/scan_client:/home/ubuntu/HumbleDave/ros2ws/install/ros2_libcamera_pub:/home/ubuntu/HumbleDave/ros2ws/install/ros2_gopigo3_node:/home/ubuntu/HumbleDave/ros2ws/install/explorer_wanderer:/home/ubuntu/ros2ws/install/ydlidar_ros2_driver:/home/ubuntu/ros2ws/install/teleop_gopigo3_keyboard:/home/ubuntu/ros2ws/install/ros2_libcamera_pub:/home/ubuntu/ros2ws/install/ros2_gopigo3_node:/home/ubuntu/ros2ws/install/ros2_gopigo3_msg:/opt/ros/humble /usr/bin/cmake --build /home/ubuntu/HumbleDave/ros2ws/build/mpu9250driver -- -j4 -l4
[1.854s] Invoking command in '/home/ubuntu/HumbleDave/ros2ws/build/mpu9250driver': CMAKE_PREFIX_PATH=${CMAKE_PREFIX_PATH}:/home/ubuntu/HumbleDave/ros2ws/install/teleop_gopigo3_keyboard:/home/ubuntu/HumbleDave/ros2ws/install/scan_client:/home/ubuntu/HumbleDave/ros2ws/install/ros2_libcamera_pub:/home/ubuntu/HumbleDave/ros2ws/install/ros2_gopigo3_node:/home/ubuntu/HumbleDave/ros2ws/install/explorer_wanderer:/home/ubuntu/ros2ws/install/ydlidar_ros2_driver:/home/ubuntu/ros2ws/install/teleop_gopigo3_keyboard:/home/ubuntu/ros2ws/install/ros2_libcamera_pub:/home/ubuntu/ros2ws/install/ros2_gopigo3_node:/home/ubuntu/ros2ws/install/ros2_gopigo3_msg:/opt/ros/humble /usr/bin/cmake --install /home/ubuntu/HumbleDave/ros2ws/build/mpu9250driver
[1.888s] -- Install configuration: ""
[1.890s] -- Execute custom install script
[1.893s] -- Up-to-date symlink: /home/ubuntu/HumbleDave/ros2ws/install/mpu9250driver/lib/mpu9250driver/mpu9250driver
[1.895s] -- Up-to-date symlink: /home/ubuntu/HumbleDave/ros2ws/install/mpu9250driver/share/mpu9250driver//launch/mpu9250driver_launch.py
[1.897s] -- Up-to-date symlink: /home/ubuntu/HumbleDave/ros2ws/install/mpu9250driver/share/mpu9250driver//params/mpu9250.yaml
[1.901s] -- Up-to-date symlink: /home/ubuntu/HumbleDave/ros2ws/install/mpu9250driver/share/ament_index/resource_index/package_run_dependencies/mpu9250driver
[1.904s] -- Up-to-date symlink: /home/ubuntu/HumbleDave/ros2ws/install/mpu9250driver/share/ament_index/resource_index/parent_prefix_path/mpu9250driver
[1.908s] -- Up-to-date symlink: /home/ubuntu/HumbleDave/ros2ws/install/mpu9250driver/share/mpu9250driver/environment/ament_prefix_path.sh
[1.910s] -- Up-to-date symlink: /home/ubuntu/HumbleDave/ros2ws/install/mpu9250driver/share/mpu9250driver/environment/ament_prefix_path.dsv
[1.911s] -- Up-to-date symlink: /home/ubuntu/HumbleDave/ros2ws/install/mpu9250driver/share/mpu9250driver/environment/path.sh
[1.912s] -- Up-to-date symlink: /home/ubuntu/HumbleDave/ros2ws/install/mpu9250driver/share/mpu9250driver/environment/path.dsv
[1.914s] -- Up-to-date symlink: /home/ubuntu/HumbleDave/ros2ws/install/mpu9250driver/share/mpu9250driver/local_setup.bash
[1.916s] -- Up-to-date symlink: /home/ubuntu/HumbleDave/ros2ws/install/mpu9250driver/share/mpu9250driver/local_setup.sh
[1.918s] -- Up-to-date symlink: /home/ubuntu/HumbleDave/ros2ws/install/mpu9250driver/share/mpu9250driver/local_setup.zsh
[1.920s] -- Up-to-date symlink: /home/ubuntu/HumbleDave/ros2ws/install/mpu9250driver/share/mpu9250driver/local_setup.dsv
[1.921s] -- Symlinking: /home/ubuntu/HumbleDave/ros2ws/install/mpu9250driver/share/mpu9250driver/package.dsv
[1.962s] -- Up-to-date symlink: /home/ubuntu/HumbleDave/ros2ws/install/mpu9250driver/share/ament_index/resource_index/packages/mpu9250driver
[1.963s] -- Up-to-date symlink: /home/ubuntu/HumbleDave/ros2ws/install/mpu9250driver/share/mpu9250driver/cmake/mpu9250driverConfig.cmake
[1.964s] -- Up-to-date symlink: /home/ubuntu/HumbleDave/ros2ws/install/mpu9250driver/share/mpu9250driver/cmake/mpu9250driverConfig-version.cmake
[1.966s] -- Up-to-date symlink: /home/ubuntu/HumbleDave/ros2ws/install/mpu9250driver/share/mpu9250driver/package.xml
[1.976s] Invoked command in '/home/ubuntu/HumbleDave/ros2ws/build/mpu9250driver' returned '0': CMAKE_PREFIX_PATH=${CMAKE_PREFIX_PATH}:/home/ubuntu/HumbleDave/ros2ws/install/teleop_gopigo3_keyboard:/home/ubuntu/HumbleDave/ros2ws/install/scan_client:/home/ubuntu/HumbleDave/ros2ws/install/ros2_libcamera_pub:/home/ubuntu/HumbleDave/ros2ws/install/ros2_gopigo3_node:/home/ubuntu/HumbleDave/ros2ws/install/explorer_wanderer:/home/ubuntu/ros2ws/install/ydlidar_ros2_driver:/home/ubuntu/ros2ws/install/teleop_gopigo3_keyboard:/home/ubuntu/ros2ws/install/ros2_libcamera_pub:/home/ubuntu/ros2ws/install/ros2_gopigo3_node:/home/ubuntu/ros2ws/install/ros2_gopigo3_msg:/opt/ros/humble /usr/bin/cmake --install /home/ubuntu/HumbleDave/ros2ws/build/mpu9250driver
