[5.639s] Invoking command in '/home/ubuntu/HumbleDave/ros2ws/build/ros2_gopigo3_node': CMAKE_PREFIX_PATH=/home/ubuntu/HumbleDave/ros2ws/install/ros2_gopigo3_msg:/home/ubuntu/HumbleDave/ros2ws/install/ydlidar_ros2_driver:/home/ubuntu/HumbleDave/ros2ws/install/gopigo3_ekf PYTHONPATH=/home/ubuntu/HumbleDave/ros2ws/build/ros2_gopigo3_node/prefix_override:/home/ubuntu/HumbleDave/ros2ws/install/ros2_gopigo3_node/lib/python3.10/site-packages:${PYTHONPATH} /usr/bin/python3 setup.py develop --editable --build-directory /home/ubuntu/HumbleDave/ros2ws/build/ros2_gopigo3_node/build --no-deps install_data
[7.263s] running develop
[7.983s] running egg_info
[7.983s] writing ros2_gopigo3_node.egg-info/PKG-INFO
[7.984s] writing dependency_links to ros2_gopigo3_node.egg-info/dependency_links.txt
[7.985s] writing entry points to ros2_gopigo3_node.egg-info/entry_points.txt
[7.986s] writing requirements to ros2_gopigo3_node.egg-info/requires.txt
[7.986s] writing top-level names to ros2_gopigo3_node.egg-info/top_level.txt
[7.994s] reading manifest file 'ros2_gopigo3_node.egg-info/SOURCES.txt'
[7.998s] writing manifest file 'ros2_gopigo3_node.egg-info/SOURCES.txt'
[8.006s] running build_ext
[8.006s] Creating /home/ubuntu/HumbleDave/ros2ws/install/ros2_gopigo3_node/lib/python3.10/site-packages/ros2-gopigo3-node.egg-link (link to .)
[8.010s] Installing distance_sensor script to /home/ubuntu/HumbleDave/ros2ws/install/ros2_gopigo3_node/lib/ros2_gopigo3_node
[8.011s] Installing distance_sensor_subscriber script to /home/ubuntu/HumbleDave/ros2ws/install/ros2_gopigo3_node/lib/ros2_gopigo3_node
[8.012s] Installing gopigo3_node script to /home/ubuntu/HumbleDave/ros2ws/install/ros2_gopigo3_node/lib/ros2_gopigo3_node
[8.013s] Installing imu_sensor script to /home/ubuntu/HumbleDave/ros2ws/install/ros2_gopigo3_node/lib/ros2_gopigo3_node
[8.013s] Installing odometer script to /home/ubuntu/HumbleDave/ros2ws/install/ros2_gopigo3_node/lib/ros2_gopigo3_node
[8.014s] Installing ultrasonic_ranger script to /home/ubuntu/HumbleDave/ros2ws/install/ros2_gopigo3_node/lib/ros2_gopigo3_node
[8.015s] 
[8.016s] Installed /home/ubuntu/HumbleDave/ros2ws/build/ros2_gopigo3_node
[8.016s] running install_data
[8.164s] Invoked command in '/home/ubuntu/HumbleDave/ros2ws/build/ros2_gopigo3_node' returned '0': CMAKE_PREFIX_PATH=/home/ubuntu/HumbleDave/ros2ws/install/ros2_gopigo3_msg:/home/ubuntu/HumbleDave/ros2ws/install/ydlidar_ros2_driver:/home/ubuntu/HumbleDave/ros2ws/install/gopigo3_ekf PYTHONPATH=/home/ubuntu/HumbleDave/ros2ws/build/ros2_gopigo3_node/prefix_override:/home/ubuntu/HumbleDave/ros2ws/install/ros2_gopigo3_node/lib/python3.10/site-packages:${PYTHONPATH} /usr/bin/python3 setup.py develop --editable --build-directory /home/ubuntu/HumbleDave/ros2ws/build/ros2_gopigo3_node/build --no-deps install_data
