[7.846s] Invoking command in '/home/ubuntu/HumbleDave/ros2ws/build/ros2_libcamera_pub': PYTHONPATH=/home/ubuntu/HumbleDave/ros2ws/build/ros2_libcamera_pub/prefix_override:/home/ubuntu/HumbleDave/ros2ws/install/ros2_libcamera_pub/lib/python3.10/site-packages:${PYTHONPATH} /usr/bin/python3 setup.py develop --editable --build-directory /home/ubuntu/HumbleDave/ros2ws/build/ros2_libcamera_pub/build --no-deps install_data
[9.684s] running develop
[10.703s] running egg_info
[10.710s] writing ros2_libcamera_pub.egg-info/PKG-INFO
[10.711s] writing dependency_links to ros2_libcamera_pub.egg-info/dependency_links.txt
[10.711s] writing entry points to ros2_libcamera_pub.egg-info/entry_points.txt
[10.712s] writing requirements to ros2_libcamera_pub.egg-info/requires.txt
[10.712s] writing top-level names to ros2_libcamera_pub.egg-info/top_level.txt
[10.719s] reading manifest file 'ros2_libcamera_pub.egg-info/SOURCES.txt'
[10.721s] writing manifest file 'ros2_libcamera_pub.egg-info/SOURCES.txt'
[10.730s] running build_ext
[10.732s] Creating /home/ubuntu/HumbleDave/ros2ws/install/ros2_libcamera_pub/lib/python3.10/site-packages/ros2-libcamera-pub.egg-link (link to .)
[10.737s] Installing libcamera_jpg_pub script to /home/ubuntu/HumbleDave/ros2ws/install/ros2_libcamera_pub/lib/ros2_libcamera_pub
[10.739s] 
[10.740s] Installed /home/ubuntu/HumbleDave/ros2ws/build/ros2_libcamera_pub
[10.741s] running install_data
[10.743s] creating /home/ubuntu/HumbleDave/ros2ws/install/ros2_libcamera_pub/share/ament_index
[10.745s] creating /home/ubuntu/HumbleDave/ros2ws/install/ros2_libcamera_pub/share/ament_index/resource_index
[10.750s] creating /home/ubuntu/HumbleDave/ros2ws/install/ros2_libcamera_pub/share/ament_index/resource_index/packages
[10.751s] copying resource/ros2_libcamera_pub -> /home/ubuntu/HumbleDave/ros2ws/install/ros2_libcamera_pub/share/ament_index/resource_index/packages
[10.753s] copying package.xml -> /home/ubuntu/HumbleDave/ros2ws/install/ros2_libcamera_pub/share/ros2_libcamera_pub
[10.960s] Invoked command in '/home/ubuntu/HumbleDave/ros2ws/build/ros2_libcamera_pub' returned '0': PYTHONPATH=/home/ubuntu/HumbleDave/ros2ws/build/ros2_libcamera_pub/prefix_override:/home/ubuntu/HumbleDave/ros2ws/install/ros2_libcamera_pub/lib/python3.10/site-packages:${PYTHONPATH} /usr/bin/python3 setup.py develop --editable --build-directory /home/ubuntu/HumbleDave/ros2ws/build/ros2_libcamera_pub/build --no-deps install_data
