[8.643s] Invoking command in '/home/ubuntu/HumbleDave/ros2ws/build/ros2_libcamera_pub': PYTHONPATH=/home/ubuntu/HumbleDave/ros2ws/build/ros2_libcamera_pub/prefix_override:/home/ubuntu/HumbleDave/ros2ws/install/ros2_libcamera_pub/lib/python3.10/site-packages:${PYTHONPATH} /usr/bin/python3 setup.py develop --editable --build-directory /home/ubuntu/HumbleDave/ros2ws/build/ros2_libcamera_pub/build --no-deps install_data
[10.480s] running develop
[11.732s] running egg_info
[11.733s] creating ros2_libcamera_pub.egg-info
[11.737s] writing ros2_libcamera_pub.egg-info/PKG-INFO
[11.741s] writing dependency_links to ros2_libcamera_pub.egg-info/dependency_links.txt
[11.746s] writing entry points to ros2_libcamera_pub.egg-info/entry_points.txt
[11.748s] writing requirements to ros2_libcamera_pub.egg-info/requires.txt
[11.750s] writing top-level names to ros2_libcamera_pub.egg-info/top_level.txt
[11.751s] writing manifest file 'ros2_libcamera_pub.egg-info/SOURCES.txt'
[11.758s] reading manifest file 'ros2_libcamera_pub.egg-info/SOURCES.txt'
[11.768s] writing manifest file 'ros2_libcamera_pub.egg-info/SOURCES.txt'
[11.783s] running build_ext
[11.791s] Creating /home/ubuntu/HumbleDave/ros2ws/install/ros2_libcamera_pub/lib/python3.10/site-packages/ros2-libcamera-pub.egg-link (link to .)
[11.799s] Installing libcamera_jpg_pub script to /home/ubuntu/HumbleDave/ros2ws/install/ros2_libcamera_pub/lib/ros2_libcamera_pub
[11.808s] 
[11.817s] Installed /home/ubuntu/HumbleDave/ros2ws/build/ros2_libcamera_pub
[11.819s] running install_data
[11.848s] creating /home/ubuntu/HumbleDave/ros2ws/install/ros2_libcamera_pub/share/ament_index
[11.854s] creating /home/ubuntu/HumbleDave/ros2ws/install/ros2_libcamera_pub/share/ament_index/resource_index
[11.860s] creating /home/ubuntu/HumbleDave/ros2ws/install/ros2_libcamera_pub/share/ament_index/resource_index/packages
[11.883s] copying resource/ros2_libcamera_pub -> /home/ubuntu/HumbleDave/ros2ws/install/ros2_libcamera_pub/share/ament_index/resource_index/packages
[11.900s] copying package.xml -> /home/ubuntu/HumbleDave/ros2ws/install/ros2_libcamera_pub/share/ros2_libcamera_pub
[12.151s] Invoked command in '/home/ubuntu/HumbleDave/ros2ws/build/ros2_libcamera_pub' returned '0': PYTHONPATH=/home/ubuntu/HumbleDave/ros2ws/build/ros2_libcamera_pub/prefix_override:/home/ubuntu/HumbleDave/ros2ws/install/ros2_libcamera_pub/lib/python3.10/site-packages:${PYTHONPATH} /usr/bin/python3 setup.py develop --editable --build-directory /home/ubuntu/HumbleDave/ros2ws/build/ros2_libcamera_pub/build --no-deps install_data
