[INFO] [1700517370.441592763] [slam_toolbox]: Node using stack size 40000000
[INFO] [1700517371.764986048] [slam_toolbox]: Using solver plugin solver_plugins::CeresSolver
[INFO] [1700517371.793255145] [slam_toolbox]: CeresSolver: Using SCHUR_JACOBI preconditioner.
[INFO] [1700517394.291037810] [slam_toolbox]: Message Filter dropping message: frame 'laser_frame' at time 1700517394.040 for reason 'discarding message because the queue is full'
[INFO] [1700517395.105986156] [slam_toolbox]: Message Filter dropping message: frame 'laser_frame' at time 1700517394.828 for reason 'discarding message because the queue is full'
[INFO] [1700517395.314840738] [slam_toolbox]: Message Filter dropping message: frame 'laser_frame' at time 1700517394.940 for reason 'discarding message because the queue is full'
[INFO] [1700517395.315384139] [slam_toolbox]: Message Filter dropping message: frame 'laser_frame' at time 1700517395.053 for reason 'discarding message because the queue is full'
[INFO] [1700517395.396218789] [slam_toolbox]: Message Filter dropping message: frame 'laser_frame' at time 1700517395.172 for reason 'discarding message because the queue is full'
[INFO] [1700517395.506482114] [slam_toolbox]: Message Filter dropping message: frame 'laser_frame' at time 1700517395.278 for reason 'discarding message because the queue is full'
[INFO] [1700517395.658006939] [slam_toolbox]: Message Filter dropping message: frame 'laser_frame' at time 1700517395.391 for reason 'discarding message because the queue is full'
[INFO] [1700517427.505006750] [slam_toolbox]: Message Filter dropping message: frame 'laser_frame' at time 1700517427.256 for reason 'discarding message because the queue is full'
[INFO] [1700517427.594717092] [slam_toolbox]: Message Filter dropping message: frame 'laser_frame' at time 1700517427.368 for reason 'discarding message because the queue is full'
[INFO] [1700517476.121288629] [slam_toolbox]: Message Filter dropping message: frame 'laser_frame' at time 1700517475.895 for reason 'discarding message because the queue is full'
[INFO] [1700517491.323070801] [slam_toolbox]: Message Filter dropping message: frame 'laser_frame' at time 1700517491.096 for reason 'discarding message because the queue is full'
[INFO] [1700517491.435397472] [slam_toolbox]: Message Filter dropping message: frame 'laser_frame' at time 1700517491.209 for reason 'discarding message because the queue is full'
[INFO] [1700517491.773632101] [slam_toolbox]: Message Filter dropping message: frame 'laser_frame' at time 1700517491.546 for reason 'discarding message because the queue is full'
[INFO] [1700517491.997585507] [slam_toolbox]: Message Filter dropping message: frame 'laser_frame' at time 1700517491.772 for reason 'discarding message because the queue is full'
[INFO] [1700517492.226198470] [slam_toolbox]: Message Filter dropping message: frame 'laser_frame' at time 1700517491.997 for reason 'discarding message because the queue is full'
[INFO] [1700517493.124905301] [slam_toolbox]: Message Filter dropping message: frame 'laser_frame' at time 1700517492.898 for reason 'discarding message because the queue is full'
[INFO] [1700517493.236233410] [slam_toolbox]: Message Filter dropping message: frame 'laser_frame' at time 1700517493.018 for reason 'discarding message because the queue is full'
[INFO] [1700517531.399893599] [slam_toolbox]: Message Filter dropping message: frame 'laser_frame' at time 1700517531.180 for reason 'discarding message because the queue is full'
[INFO] [1700517543.897581442] [slam_toolbox]: Message Filter dropping message: frame 'laser_frame' at time 1700517543.671 for reason 'discarding message because the queue is full'
[INFO] [1700517550.205857929] [slam_toolbox]: Message Filter dropping message: frame 'laser_frame' at time 1700517549.979 for reason 'discarding message because the queue is full'
[INFO] [1700517605.698277060] [rclcpp]: signal_handler(signum=15)
