[INFO] [1700513437.014149706] [slam_toolbox]: Node using stack size 40000000
[INFO] [1700513437.458546709] [slam_toolbox]: Using solver plugin solver_plugins::CeresSolver
[INFO] [1700513437.459376236] [slam_toolbox]: CeresSolver: Using SCHUR_JACOBI preconditioner.
[INFO] [1700513442.531934366] [slam_toolbox]: Message Filter dropping message: frame 'laser_frame' at time 1700513442.295 for reason 'discarding message because the queue is full'
[INFO] [1700513443.936108757] [slam_toolbox]: Message Filter dropping message: frame 'laser_frame' at time 1700513443.669 for reason 'discarding message because the queue is full'
[INFO] [1700513570.765567644] [slam_toolbox]: Message Filter dropping message: frame 'laser_frame' at time 1700513570.535 for reason 'discarding message because the queue is full'
[INFO] [1700513570.898487778] [slam_toolbox]: Message Filter dropping message: frame 'laser_frame' at time 1700513570.649 for reason 'discarding message because the queue is full'
[INFO] [1700513571.003085235] [slam_toolbox]: Message Filter dropping message: frame 'laser_frame' at time 1700513570.763 for reason 'discarding message because the queue is full'
[INFO] [1700513571.144870965] [slam_toolbox]: Message Filter dropping message: frame 'laser_frame' at time 1700513570.876 for reason 'discarding message because the queue is full'
[INFO] [1700513571.221623445] [slam_toolbox]: Message Filter dropping message: frame 'laser_frame' at time 1700513570.991 for reason 'discarding message because the queue is full'
[INFO] [1700513571.333093930] [slam_toolbox]: Message Filter dropping message: frame 'laser_frame' at time 1700513571.105 for reason 'discarding message because the queue is full'
[INFO] [1700513571.811464072] [slam_toolbox]: Message Filter dropping message: frame 'laser_frame' at time 1700513571.559 for reason 'discarding message because the queue is full'
[INFO] [1700513572.030105466] [slam_toolbox]: Message Filter dropping message: frame 'laser_frame' at time 1700513571.787 for reason 'discarding message because the queue is full'
[INFO] [1700513573.632988660] [slam_toolbox]: Message Filter dropping message: frame 'laser_frame' at time 1700513573.373 for reason 'discarding message because the queue is full'
[INFO] [1700513690.885400016] [slam_toolbox]: Message Filter dropping message: frame 'laser_frame' at time 1700513690.656 for reason 'discarding message because the queue is full'
[INFO] [1700513690.998568727] [slam_toolbox]: Message Filter dropping message: frame 'laser_frame' at time 1700513690.769 for reason 'discarding message because the queue is full'
[INFO] [1700513691.226247782] [slam_toolbox]: Message Filter dropping message: frame 'laser_frame' at time 1700513690.997 for reason 'discarding message because the queue is full'
[INFO] [1700513691.454110408] [slam_toolbox]: Message Filter dropping message: frame 'laser_frame' at time 1700513691.224 for reason 'discarding message because the queue is full'
[INFO] [1700513691.671728492] [slam_toolbox]: Message Filter dropping message: frame 'laser_frame' at time 1700513691.452 for reason 'discarding message because the queue is full'
[INFO] [1700513692.475260427] [slam_toolbox]: Message Filter dropping message: frame 'laser_frame' at time 1700513692.247 for reason 'discarding message because the queue is full'
[INFO] [1700514090.656182114] [slam_toolbox]: Message Filter dropping message: frame 'laser_frame' at time 1700514090.429 for reason 'discarding message because the queue is full'
[INFO] [1700514090.767872169] [slam_toolbox]: Message Filter dropping message: frame 'laser_frame' at time 1700514090.537 for reason 'discarding message because the queue is full'
[INFO] [1700514091.137545977] [slam_toolbox]: Message Filter dropping message: frame 'laser_frame' at time 1700514090.883 for reason 'discarding message because the queue is full'
[INFO] [1700514091.223587968] [slam_toolbox]: Message Filter dropping message: frame 'laser_frame' at time 1700514090.990 for reason 'discarding message because the queue is full'
[INFO] [1700514091.330232176] [slam_toolbox]: Message Filter dropping message: frame 'laser_frame' at time 1700514091.109 for reason 'discarding message because the queue is full'
[INFO] [1700514091.903884382] [slam_toolbox]: Message Filter dropping message: frame 'laser_frame' at time 1700514091.676 for reason 'discarding message because the queue is full'
[INFO] [1700514092.143474318] [slam_toolbox]: Message Filter dropping message: frame 'laser_frame' at time 1700514091.903 for reason 'discarding message because the queue is full'
[INFO] [1700514093.033835816] [slam_toolbox]: Message Filter dropping message: frame 'laser_frame' at time 1700514092.811 for reason 'discarding message because the queue is full'
[INFO] [1700514093.371923168] [slam_toolbox]: Message Filter dropping message: frame 'laser_frame' at time 1700514093.144 for reason 'discarding message because the queue is full'
[INFO] [1700514093.598528092] [slam_toolbox]: Message Filter dropping message: frame 'laser_frame' at time 1700514093.371 for reason 'discarding message because the queue is full'
[INFO] [1700514123.315284547] [slam_toolbox]: Message Filter dropping message: frame 'laser_frame' at time 1700514123.080 for reason 'discarding message because the queue is full'
[INFO] [1700514124.669275739] [slam_toolbox]: Message Filter dropping message: frame 'laser_frame' at time 1700514124.447 for reason 'discarding message because the queue is full'
[INFO] [1700514344.870840523] [slam_toolbox]: Message Filter dropping message: frame 'laser_frame' at time 1700514344.652 for reason 'discarding message because the queue is full'
[INFO] [1700514345.099757066] [slam_toolbox]: Message Filter dropping message: frame 'laser_frame' at time 1700514344.870 for reason 'discarding message because the queue is full'
[INFO] [1700514347.374148947] [slam_toolbox]: Message Filter dropping message: frame 'laser_frame' at time 1700514347.137 for reason 'discarding message because the queue is full'
[INFO] [1700514551.373039062] [slam_toolbox]: Message Filter dropping message: frame 'laser_frame' at time 1700514551.153 for reason 'discarding message because the queue is full'
[INFO] [1700514551.600766911] [slam_toolbox]: Message Filter dropping message: frame 'laser_frame' at time 1700514551.372 for reason 'discarding message because the queue is full'
[INFO] [1700514552.165105970] [slam_toolbox]: Message Filter dropping message: frame 'laser_frame' at time 1700514551.937 for reason 'discarding message because the queue is full'
[INFO] [1700514552.278412484] [slam_toolbox]: Message Filter dropping message: frame 'laser_frame' at time 1700514552.058 for reason 'discarding message because the queue is full'
[INFO] [1700514552.393133982] [slam_toolbox]: Message Filter dropping message: frame 'laser_frame' at time 1700514552.164 for reason 'discarding message because the queue is full'
[INFO] [1700514565.952997534] [slam_toolbox]: Message Filter dropping message: frame 'laser_frame' at time 1700514565.724 for reason 'discarding message because the queue is full'
[INFO] [1700514646.066992587] [slam_toolbox]: Message Filter dropping message: frame 'laser_frame' at time 1700514645.847 for reason 'discarding message because the queue is full'
[INFO] [1700514646.179134364] [slam_toolbox]: Message Filter dropping message: frame 'laser_frame' at time 1700514645.959 for reason 'discarding message because the queue is full'
[INFO] [1700514716.193847733] [slam_toolbox]: Message Filter dropping message: frame 'laser_frame' at time 1700514715.961 for reason 'discarding message because the queue is full'
[INFO] [1700514716.307797446] [slam_toolbox]: Message Filter dropping message: frame 'laser_frame' at time 1700514716.073 for reason 'discarding message because the queue is full'
[INFO] [1700514716.415626469] [slam_toolbox]: Message Filter dropping message: frame 'laser_frame' at time 1700514716.185 for reason 'discarding message because the queue is full'
[INFO] [1700514717.654364720] [slam_toolbox]: Message Filter dropping message: frame 'laser_frame' at time 1700514717.428 for reason 'discarding message because the queue is full'
[INFO] [1700514718.445018549] [slam_toolbox]: Message Filter dropping message: frame 'laser_frame' at time 1700514718.225 for reason 'discarding message because the queue is full'
[INFO] [1700514986.103325419] [slam_toolbox]: Message Filter dropping message: frame 'laser_frame' at time 1700514985.889 for reason 'discarding message because the queue is full'
[INFO] [1700514986.669508105] [slam_toolbox]: Message Filter dropping message: frame 'laser_frame' at time 1700514986.447 for reason 'discarding message because the queue is full'
[INFO] [1700514987.570583012] [slam_toolbox]: Message Filter dropping message: frame 'laser_frame' at time 1700514987.351 for reason 'discarding message because the queue is full'
[INFO] [1700515118.110586455] [slam_toolbox]: Message Filter dropping message: frame 'laser_frame' at time 1700515117.877 for reason 'discarding message because the queue is full'
[INFO] [1700515118.216323684] [slam_toolbox]: Message Filter dropping message: frame 'laser_frame' at time 1700515117.989 for reason 'discarding message because the queue is full'
[INFO] [1700515119.237106911] [slam_toolbox]: Message Filter dropping message: frame 'laser_frame' at time 1700515119.004 for reason 'discarding message because the queue is full'
[INFO] [1700515119.455903544] [slam_toolbox]: Message Filter dropping message: frame 'laser_frame' at time 1700515119.236 for reason 'discarding message because the queue is full'
[INFO] [1700515119.568439509] [slam_toolbox]: Message Filter dropping message: frame 'laser_frame' at time 1700515119.342 for reason 'discarding message because the queue is full'
[INFO] [1700515149.105004766] [slam_toolbox]: Message Filter dropping message: frame 'laser_frame' at time 1700515148.885 for reason 'discarding message because the queue is full'
[INFO] [1700515410.380065542] [slam_toolbox]: Message Filter dropping message: frame 'laser_frame' at time 1700515410.161 for reason 'discarding message because the queue is full'
[INFO] [1700515410.492829330] [slam_toolbox]: Message Filter dropping message: frame 'laser_frame' at time 1700515410.267 for reason 'discarding message because the queue is full'
[INFO] [1700515410.605453712] [slam_toolbox]: Message Filter dropping message: frame 'laser_frame' at time 1700515410.379 for reason 'discarding message because the queue is full'
[INFO] [1700515410.734195352] [slam_toolbox]: Message Filter dropping message: frame 'laser_frame' at time 1700515410.492 for reason 'discarding message because the queue is full'
[INFO] [1700515410.885150513] [slam_toolbox]: Message Filter dropping message: frame 'laser_frame' at time 1700515410.604 for reason 'discarding message because the queue is full'
[INFO] [1700515435.232587038] [slam_toolbox]: Message Filter dropping message: frame 'laser_frame' at time 1700515435.006 for reason 'discarding message because the queue is full'
[INFO] [1700515436.925708606] [slam_toolbox]: Message Filter dropping message: frame 'laser_frame' at time 1700515436.693 for reason 'discarding message because the queue is full'
[INFO] [1700515521.769253250] [slam_toolbox]: Message Filter dropping message: frame 'laser_frame' at time 1700515521.550 for reason 'discarding message because the queue is full'
[INFO] [1700515558.789249277] [slam_toolbox]: Message Filter dropping message: frame 'laser_frame' at time 1700515558.570 for reason 'discarding message because the queue is full'
[INFO] [1700515652.637792672] [slam_toolbox]: Message Filter dropping message: frame 'laser_frame' at time 1700515652.409 for reason 'discarding message because the queue is full'
[INFO] [1700515995.641885568] [slam_toolbox]: Message Filter dropping message: frame 'laser_frame' at time 1700515995.413 for reason 'discarding message because the queue is full'
[INFO] [1700515997.099330258] [slam_toolbox]: Message Filter dropping message: frame 'laser_frame' at time 1700515996.868 for reason 'discarding message because the queue is full'
[INFO] [1700515997.320726996] [slam_toolbox]: Message Filter dropping message: frame 'laser_frame' at time 1700515997.094 for reason 'discarding message because the queue is full'
[INFO] [1700515997.544750038] [slam_toolbox]: Message Filter dropping message: frame 'laser_frame' at time 1700515997.319 for reason 'discarding message because the queue is full'
[INFO] [1700515997.664563644] [slam_toolbox]: Message Filter dropping message: frame 'laser_frame' at time 1700515997.430 for reason 'discarding message because the queue is full'
[INFO] [1700515998.023617114] [slam_toolbox]: Message Filter dropping message: frame 'laser_frame' at time 1700515997.663 for reason 'discarding message because the queue is full'
[INFO] [1700515998.025888884] [slam_toolbox]: Message Filter dropping message: frame 'laser_frame' at time 1700515997.769 for reason 'discarding message because the queue is full'
[INFO] [1700515998.114304503] [slam_toolbox]: Message Filter dropping message: frame 'laser_frame' at time 1700515997.889 for reason 'discarding message because the queue is full'
[INFO] [1700516038.022079749] [slam_toolbox]: Message Filter dropping message: frame 'laser_frame' at time 1700516037.488 for reason 'discarding message because the queue is full'
[INFO] [1700516038.022481652] [slam_toolbox]: Message Filter dropping message: frame 'laser_frame' at time 1700516037.601 for reason 'discarding message because the queue is full'
[INFO] [1700516038.053091314] [slam_toolbox]: Message Filter dropping message: frame 'laser_frame' at time 1700516037.828 for reason 'discarding message because the queue is full'
[INFO] [1700516038.284426177] [slam_toolbox]: Message Filter dropping message: frame 'laser_frame' at time 1700516038.051 for reason 'discarding message because the queue is full'
[INFO] [1700516038.390208224] [slam_toolbox]: Message Filter dropping message: frame 'laser_frame' at time 1700516038.164 for reason 'discarding message because the queue is full'
[INFO] [1700516038.502672934] [slam_toolbox]: Message Filter dropping message: frame 'laser_frame' at time 1700516038.283 for reason 'discarding message because the queue is full'
[INFO] [1700516039.065287052] [slam_toolbox]: Message Filter dropping message: frame 'laser_frame' at time 1700516038.847 for reason 'discarding message because the queue is full'
[INFO] [1700516072.941277144] [slam_toolbox]: Message Filter dropping message: frame 'laser_frame' at time 1700516072.602 for reason 'discarding message because the queue is full'
[INFO] [1700516072.944715604] [slam_toolbox]: Message Filter dropping message: frame 'laser_frame' at time 1700516072.708 for reason 'discarding message because the queue is full'
[INFO] [1700516137.972362557] [slam_toolbox]: Message Filter dropping message: frame 'laser_frame' at time 1700516137.745 for reason 'discarding message because the queue is full'
[INFO] [1700516259.608607424] [slam_toolbox]: Message Filter dropping message: frame 'laser_frame' at time 1700516259.385 for reason 'discarding message because the queue is full'
[INFO] [1700516260.169185468] [slam_toolbox]: Message Filter dropping message: frame 'laser_frame' at time 1700516259.948 for reason 'discarding message because the queue is full'
[INFO] [1700516260.286201568] [slam_toolbox]: Message Filter dropping message: frame 'laser_frame' at time 1700516260.053 for reason 'discarding message because the queue is full'
[INFO] [1700516260.391862078] [slam_toolbox]: Message Filter dropping message: frame 'laser_frame' at time 1700516260.166 for reason 'discarding message because the queue is full'
[INFO] [1700516260.513608548] [slam_toolbox]: Message Filter dropping message: frame 'laser_frame' at time 1700516260.285 for reason 'discarding message because the queue is full'
[INFO] [1700516262.806025382] [slam_toolbox]: Message Filter dropping message: frame 'laser_frame' at time 1700516262.530 for reason 'discarding message because the queue is full'
[INFO] [1700516262.868847058] [slam_toolbox]: Message Filter dropping message: frame 'laser_frame' at time 1700516262.641 for reason 'discarding message because the queue is full'
[INFO] [1700516280.767641614] [slam_toolbox]: Message Filter dropping message: frame 'laser_frame' at time 1700516280.540 for reason 'discarding message because the queue is full'
[INFO] [1700516282.008821211] [slam_toolbox]: Message Filter dropping message: frame 'laser_frame' at time 1700516281.779 for reason 'discarding message because the queue is full'
[INFO] [1700516282.122299500] [slam_toolbox]: Message Filter dropping message: frame 'laser_frame' at time 1700516281.890 for reason 'discarding message because the queue is full'
[INFO] [1700516282.682580825] [slam_toolbox]: Message Filter dropping message: frame 'laser_frame' at time 1700516282.463 for reason 'discarding message because the queue is full'
[INFO] [1700516282.908069939] [slam_toolbox]: Message Filter dropping message: frame 'laser_frame' at time 1700516282.681 for reason 'discarding message because the queue is full'
[INFO] [1700516283.036005171] [slam_toolbox]: Message Filter dropping message: frame 'laser_frame' at time 1700516282.803 for reason 'discarding message because the queue is full'
[INFO] [1700516283.361176402] [slam_toolbox]: Message Filter dropping message: frame 'laser_frame' at time 1700516283.201 for reason 'discarding message because the queue is full'
[INFO] [1700516283.470680904] [slam_toolbox]: Message Filter dropping message: frame 'laser_frame' at time 1700516283.252 for reason 'discarding message because the queue is full'
[INFO] [1700516283.586524184] [slam_toolbox]: Message Filter dropping message: frame 'laser_frame' at time 1700516283.358 for reason 'discarding message because the queue is full'
[INFO] [1700516312.740246997] [slam_toolbox]: Message Filter dropping message: frame 'laser_frame' at time 1700516312.513 for reason 'discarding message because the queue is full'
[INFO] [1700516313.640904522] [slam_toolbox]: Message Filter dropping message: frame 'laser_frame' at time 1700516313.414 for reason 'discarding message because the queue is full'
[INFO] [1700516332.658023000] [slam_toolbox]: Message Filter dropping message: frame 'laser_frame' at time 1700516332.430 for reason 'discarding message because the queue is full'
[INFO] [1700516334.458873389] [slam_toolbox]: Message Filter dropping message: frame 'laser_frame' at time 1700516334.233 for reason 'discarding message because the queue is full'
[INFO] [1700516524.394168839] [slam_toolbox]: Message Filter dropping message: frame 'laser_frame' at time 1700516524.083 for reason 'discarding message because the queue is full'
[INFO] [1700516524.548065749] [slam_toolbox]: Message Filter dropping message: frame 'laser_frame' at time 1700516524.301 for reason 'discarding message because the queue is full'
[INFO] [1700516525.090374169] [slam_toolbox]: Message Filter dropping message: frame 'laser_frame' at time 1700516524.864 for reason 'discarding message because the queue is full'
[INFO] [1700516525.322765164] [slam_toolbox]: Message Filter dropping message: frame 'laser_frame' at time 1700516525.089 for reason 'discarding message because the queue is full'
[INFO] [1700516525.429597197] [slam_toolbox]: Message Filter dropping message: frame 'laser_frame' at time 1700516525.202 for reason 'discarding message because the queue is full'
[INFO] [1700516525.773518410] [slam_toolbox]: Message Filter dropping message: frame 'laser_frame' at time 1700516525.546 for reason 'discarding message because the queue is full'
[INFO] [1700516525.879001125] [slam_toolbox]: Message Filter dropping message: frame 'laser_frame' at time 1700516525.653 for reason 'discarding message because the queue is full'
[INFO] [1700516527.135126428] [slam_toolbox]: Message Filter dropping message: frame 'laser_frame' at time 1700516526.892 for reason 'discarding message because the queue is full'
[INFO] [1700516544.579853297] [slam_toolbox]: Message Filter dropping message: frame 'laser_frame' at time 1700516544.347 for reason 'discarding message because the queue is full'
[INFO] [1700516544.715949192] [slam_toolbox]: Message Filter dropping message: frame 'laser_frame' at time 1700516544.468 for reason 'discarding message because the queue is full'
[INFO] [1700516545.594569061] [slam_toolbox]: Message Filter dropping message: frame 'laser_frame' at time 1700516545.360 for reason 'discarding message because the queue is full'
[INFO] [1700516545.812182377] [slam_toolbox]: Message Filter dropping message: frame 'laser_frame' at time 1700516545.591 for reason 'discarding message because the queue is full'
[INFO] [1700516929.215433742] [slam_toolbox]: Message Filter dropping message: frame 'laser_frame' at time 1700516928.980 for reason 'discarding message because the queue is full'
[INFO] [1700516929.475056566] [slam_toolbox]: Message Filter dropping message: frame 'laser_frame' at time 1700516929.205 for reason 'discarding message because the queue is full'
[INFO] [1700516929.769502614] [slam_toolbox]: Message Filter dropping message: frame 'laser_frame' at time 1700516929.543 for reason 'discarding message because the queue is full'
[INFO] [1700516929.894624525] [slam_toolbox]: Message Filter dropping message: frame 'laser_frame' at time 1700516929.656 for reason 'discarding message because the queue is full'
[INFO] [1700516930.346369794] [slam_toolbox]: Message Filter dropping message: frame 'laser_frame' at time 1700516929.768 for reason 'discarding message because the queue is full'
[INFO] [1700516930.348156051] [slam_toolbox]: Message Filter dropping message: frame 'laser_frame' at time 1700516929.892 for reason 'discarding message because the queue is full'
[INFO] [1700516930.348624008] [slam_toolbox]: Message Filter dropping message: frame 'laser_frame' at time 1700516930.106 for reason 'discarding message because the queue is full'
[INFO] [1700516931.347542767] [slam_toolbox]: Message Filter dropping message: frame 'laser_frame' at time 1700516931.127 for reason 'discarding message because the queue is full'
[INFO] [1700516932.085511957] [slam_toolbox]: Message Filter dropping message: frame 'laser_frame' at time 1700516931.802 for reason 'discarding message because the queue is full'
[INFO] [1700517000.344173903] [slam_toolbox]: Message Filter dropping message: frame 'laser_frame' at time 1700517000.115 for reason 'discarding message because the queue is full'
[INFO] [1700517000.678340821] [slam_toolbox]: Message Filter dropping message: frame 'laser_frame' at time 1700517000.461 for reason 'discarding message because the queue is full'
[INFO] [1700517344.293944262] [rclcpp]: signal_handler(signum=15)
