[INFO] [1700517368.783930377] [slam_toolbox]: Node using stack size 40000000
[INFO] [1700517369.268573335] [slam_toolbox]: Using solver plugin solver_plugins::CeresSolver
[INFO] [1700517369.274737596] [slam_toolbox]: CeresSolver: Using SCHUR_JACOBI preconditioner.
[INFO] [1700517394.294165959] [slam_toolbox]: Message Filter dropping message: frame 'laser_frame' at time 1700517394.040 for reason 'discarding message because the queue is full'
[INFO] [1700517395.112155547] [slam_toolbox]: Message Filter dropping message: frame 'laser_frame' at time 1700517394.828 for reason 'discarding message because the queue is full'
[INFO] [1700517395.216926121] [slam_toolbox]: Message Filter dropping message: frame 'laser_frame' at time 1700517394.940 for reason 'discarding message because the queue is full'
[INFO] [1700517395.279553631] [slam_toolbox]: Message Filter dropping message: frame 'laser_frame' at time 1700517395.053 for reason 'discarding message because the queue is full'
[INFO] [1700517395.456929618] [slam_toolbox]: Message Filter dropping message: frame 'laser_frame' at time 1700517395.172 for reason 'discarding message because the queue is full'
[INFO] [1700517395.505604587] [slam_toolbox]: Message Filter dropping message: frame 'laser_frame' at time 1700517395.278 for reason 'discarding message because the queue is full'
[INFO] [1700517427.504233462] [slam_toolbox]: Message Filter dropping message: frame 'laser_frame' at time 1700517427.256 for reason 'discarding message because the queue is full'
[INFO] [1700517427.598008980] [slam_toolbox]: Message Filter dropping message: frame 'laser_frame' at time 1700517427.368 for reason 'discarding message because the queue is full'
[INFO] [1700517476.121289000] [slam_toolbox]: Message Filter dropping message: frame 'laser_frame' at time 1700517475.895 for reason 'discarding message because the queue is full'
[INFO] [1700517491.323071523] [slam_toolbox]: Message Filter dropping message: frame 'laser_frame' at time 1700517491.096 for reason 'discarding message because the queue is full'
[INFO] [1700517491.435424194] [slam_toolbox]: Message Filter dropping message: frame 'laser_frame' at time 1700517491.209 for reason 'discarding message because the queue is full'
[INFO] [1700517491.773219883] [slam_toolbox]: Message Filter dropping message: frame 'laser_frame' at time 1700517491.546 for reason 'discarding message because the queue is full'
[INFO] [1700517491.997771134] [slam_toolbox]: Message Filter dropping message: frame 'laser_frame' at time 1700517491.772 for reason 'discarding message because the queue is full'
[INFO] [1700517492.223800776] [slam_toolbox]: Message Filter dropping message: frame 'laser_frame' at time 1700517491.997 for reason 'discarding message because the queue is full'
[INFO] [1700517493.124906986] [slam_toolbox]: Message Filter dropping message: frame 'laser_frame' at time 1700517492.898 for reason 'discarding message because the queue is full'
[INFO] [1700517493.236072208] [slam_toolbox]: Message Filter dropping message: frame 'laser_frame' at time 1700517493.018 for reason 'discarding message because the queue is full'
[INFO] [1700517531.399892803] [slam_toolbox]: Message Filter dropping message: frame 'laser_frame' at time 1700517531.180 for reason 'discarding message because the queue is full'
[INFO] [1700517543.897735699] [slam_toolbox]: Message Filter dropping message: frame 'laser_frame' at time 1700517543.671 for reason 'discarding message because the queue is full'
[INFO] [1700517550.206543736] [slam_toolbox]: Message Filter dropping message: frame 'laser_frame' at time 1700517549.979 for reason 'discarding message because the queue is full'
[INFO] [1700517605.696325230] [rclcpp]: signal_handler(signum=15)
