[INFO] [1700513437.843506693] [slam_toolbox]: Node using stack size 40000000
[INFO] [1700513438.768943513] [slam_toolbox]: Using solver plugin solver_plugins::CeresSolver
[INFO] [1700513438.771276003] [slam_toolbox]: CeresSolver: Using SCHUR_JACOBI preconditioner.
[INFO] [1700513442.532045384] [slam_toolbox]: Message Filter dropping message: frame 'laser_frame' at time 1700513442.295 for reason 'discarding message because the queue is full'
[INFO] [1700513570.766419301] [slam_toolbox]: Message Filter dropping message: frame 'laser_frame' at time 1700513570.535 for reason 'discarding message because the queue is full'
[INFO] [1700513570.897097350] [slam_toolbox]: Message Filter dropping message: frame 'laser_frame' at time 1700513570.649 for reason 'discarding message because the queue is full'
[INFO] [1700513571.005529150] [slam_toolbox]: Message Filter dropping message: frame 'laser_frame' at time 1700513570.763 for reason 'discarding message because the queue is full'
[INFO] [1700513571.145288609] [slam_toolbox]: Message Filter dropping message: frame 'laser_frame' at time 1700513570.876 for reason 'discarding message because the queue is full'
[INFO] [1700513571.222382362] [slam_toolbox]: Message Filter dropping message: frame 'laser_frame' at time 1700513570.991 for reason 'discarding message because the queue is full'
[INFO] [1700513571.333528721] [slam_toolbox]: Message Filter dropping message: frame 'laser_frame' at time 1700513571.105 for reason 'discarding message because the queue is full'
[INFO] [1700513571.811527368] [slam_toolbox]: Message Filter dropping message: frame 'laser_frame' at time 1700513571.559 for reason 'discarding message because the queue is full'
[INFO] [1700513572.025456059] [slam_toolbox]: Message Filter dropping message: frame 'laser_frame' at time 1700513571.787 for reason 'discarding message because the queue is full'
[INFO] [1700513573.608403087] [slam_toolbox]: Message Filter dropping message: frame 'laser_frame' at time 1700513573.373 for reason 'discarding message because the queue is full'
[INFO] [1700513690.885835214] [slam_toolbox]: Message Filter dropping message: frame 'laser_frame' at time 1700513690.656 for reason 'discarding message because the queue is full'
[INFO] [1700513690.998082955] [slam_toolbox]: Message Filter dropping message: frame 'laser_frame' at time 1700513690.769 for reason 'discarding message because the queue is full'
[INFO] [1700513691.225683863] [slam_toolbox]: Message Filter dropping message: frame 'laser_frame' at time 1700513690.997 for reason 'discarding message because the queue is full'
[INFO] [1700513691.454153871] [slam_toolbox]: Message Filter dropping message: frame 'laser_frame' at time 1700513691.224 for reason 'discarding message because the queue is full'
[INFO] [1700513691.671903045] [slam_toolbox]: Message Filter dropping message: frame 'laser_frame' at time 1700513691.452 for reason 'discarding message because the queue is full'
[INFO] [1700513692.475359352] [slam_toolbox]: Message Filter dropping message: frame 'laser_frame' at time 1700513692.247 for reason 'discarding message because the queue is full'
[INFO] [1700514090.654607818] [slam_toolbox]: Message Filter dropping message: frame 'laser_frame' at time 1700514090.429 for reason 'discarding message because the queue is full'
[INFO] [1700514090.767148085] [slam_toolbox]: Message Filter dropping message: frame 'laser_frame' at time 1700514090.537 for reason 'discarding message because the queue is full'
[INFO] [1700514090.921411447] [slam_toolbox]: Message Filter dropping message: frame 'laser_frame' at time 1700514090.649 for reason 'discarding message because the queue is full'
[INFO] [1700514091.134273368] [slam_toolbox]: Message Filter dropping message: frame 'laser_frame' at time 1700514090.883 for reason 'discarding message because the queue is full'
[INFO] [1700514091.223173603] [slam_toolbox]: Message Filter dropping message: frame 'laser_frame' at time 1700514090.990 for reason 'discarding message because the queue is full'
[INFO] [1700514091.332191523] [slam_toolbox]: Message Filter dropping message: frame 'laser_frame' at time 1700514091.109 for reason 'discarding message because the queue is full'
[INFO] [1700514091.907809465] [slam_toolbox]: Message Filter dropping message: frame 'laser_frame' at time 1700514091.676 for reason 'discarding message because the queue is full'
[INFO] [1700514092.139736992] [slam_toolbox]: Message Filter dropping message: frame 'laser_frame' at time 1700514091.903 for reason 'discarding message because the queue is full'
[INFO] [1700514093.031359753] [slam_toolbox]: Message Filter dropping message: frame 'laser_frame' at time 1700514092.811 for reason 'discarding message because the queue is full'
[INFO] [1700514093.372298645] [slam_toolbox]: Message Filter dropping message: frame 'laser_frame' at time 1700514093.144 for reason 'discarding message because the queue is full'
[INFO] [1700514093.598914532] [slam_toolbox]: Message Filter dropping message: frame 'laser_frame' at time 1700514093.371 for reason 'discarding message because the queue is full'
[INFO] [1700514123.314358558] [slam_toolbox]: Message Filter dropping message: frame 'laser_frame' at time 1700514123.080 for reason 'discarding message because the queue is full'
[INFO] [1700514344.873655233] [slam_toolbox]: Message Filter dropping message: frame 'laser_frame' at time 1700514344.652 for reason 'discarding message because the queue is full'
[INFO] [1700514345.099766621] [slam_toolbox]: Message Filter dropping message: frame 'laser_frame' at time 1700514344.870 for reason 'discarding message because the queue is full'
[INFO] [1700514347.372036118] [slam_toolbox]: Message Filter dropping message: frame 'laser_frame' at time 1700514347.137 for reason 'discarding message because the queue is full'
[INFO] [1700514551.373792405] [slam_toolbox]: Message Filter dropping message: frame 'laser_frame' at time 1700514551.153 for reason 'discarding message because the queue is full'
[INFO] [1700514551.600119678] [slam_toolbox]: Message Filter dropping message: frame 'laser_frame' at time 1700514551.372 for reason 'discarding message because the queue is full'
[INFO] [1700514552.165884109] [slam_toolbox]: Message Filter dropping message: frame 'laser_frame' at time 1700514551.937 for reason 'discarding message because the queue is full'
[INFO] [1700514552.279118439] [slam_toolbox]: Message Filter dropping message: frame 'laser_frame' at time 1700514552.058 for reason 'discarding message because the queue is full'
[INFO] [1700514552.391052283] [slam_toolbox]: Message Filter dropping message: frame 'laser_frame' at time 1700514552.164 for reason 'discarding message because the queue is full'
[INFO] [1700514565.951261942] [slam_toolbox]: Message Filter dropping message: frame 'laser_frame' at time 1700514565.724 for reason 'discarding message because the queue is full'
[INFO] [1700514646.066290299] [slam_toolbox]: Message Filter dropping message: frame 'laser_frame' at time 1700514645.847 for reason 'discarding message because the queue is full'
[INFO] [1700514646.179329936] [slam_toolbox]: Message Filter dropping message: frame 'laser_frame' at time 1700514645.959 for reason 'discarding message because the queue is full'
[INFO] [1700514716.191610184] [slam_toolbox]: Message Filter dropping message: frame 'laser_frame' at time 1700514715.961 for reason 'discarding message because the queue is full'
[INFO] [1700514716.309071432] [slam_toolbox]: Message Filter dropping message: frame 'laser_frame' at time 1700514716.073 for reason 'discarding message because the queue is full'
[INFO] [1700514716.412992795] [slam_toolbox]: Message Filter dropping message: frame 'laser_frame' at time 1700514716.185 for reason 'discarding message because the queue is full'
[INFO] [1700514717.656547195] [slam_toolbox]: Message Filter dropping message: frame 'laser_frame' at time 1700514717.428 for reason 'discarding message because the queue is full'
[INFO] [1700514718.447672333] [slam_toolbox]: Message Filter dropping message: frame 'laser_frame' at time 1700514718.225 for reason 'discarding message because the queue is full'
[INFO] [1700514986.103435584] [slam_toolbox]: Message Filter dropping message: frame 'laser_frame' at time 1700514985.889 for reason 'discarding message because the queue is full'
[INFO] [1700514986.667130336] [slam_toolbox]: Message Filter dropping message: frame 'laser_frame' at time 1700514986.447 for reason 'discarding message because the queue is full'
[INFO] [1700514987.352598508] [slam_toolbox]: Message Filter dropping message: frame 'laser_frame' at time 1700514987.124 for reason 'discarding message because the queue is full'
[INFO] [1700514987.570148462] [slam_toolbox]: Message Filter dropping message: frame 'laser_frame' at time 1700514987.351 for reason 'discarding message because the queue is full'
[INFO] [1700515117.432194513] [slam_toolbox]: Message Filter dropping message: frame 'laser_frame' at time 1700515117.208 for reason 'discarding message because the queue is full'
[INFO] [1700515118.110378846] [slam_toolbox]: Message Filter dropping message: frame 'laser_frame' at time 1700515117.877 for reason 'discarding message because the queue is full'
[INFO] [1700515118.228904150] [slam_toolbox]: Message Filter dropping message: frame 'laser_frame' at time 1700515117.989 for reason 'discarding message because the queue is full'
[INFO] [1700515119.236842470] [slam_toolbox]: Message Filter dropping message: frame 'laser_frame' at time 1700515119.004 for reason 'discarding message because the queue is full'
[INFO] [1700515119.480903423] [slam_toolbox]: Message Filter dropping message: frame 'laser_frame' at time 1700515119.236 for reason 'discarding message because the queue is full'
[INFO] [1700515119.570265729] [slam_toolbox]: Message Filter dropping message: frame 'laser_frame' at time 1700515119.342 for reason 'discarding message because the queue is full'
[INFO] [1700515149.105006433] [slam_toolbox]: Message Filter dropping message: frame 'laser_frame' at time 1700515148.885 for reason 'discarding message because the queue is full'
[INFO] [1700515200.660710173] [slam_toolbox]: Message Filter dropping message: frame 'laser_frame' at time 1700515200.382 for reason 'discarding message because the queue is full'
[INFO] [1700515410.619189997] [slam_toolbox]: Message Filter dropping message: frame 'laser_frame' at time 1700515410.161 for reason 'discarding message because the queue is full'
[INFO] [1700515410.624907635] [slam_toolbox]: Message Filter dropping message: frame 'laser_frame' at time 1700515410.267 for reason 'discarding message because the queue is full'
[INFO] [1700515410.625342556] [slam_toolbox]: Message Filter dropping message: frame 'laser_frame' at time 1700515410.379 for reason 'discarding message because the queue is full'
[INFO] [1700515410.718388516] [slam_toolbox]: Message Filter dropping message: frame 'laser_frame' at time 1700515410.492 for reason 'discarding message because the queue is full'
[INFO] [1700515410.837468305] [slam_toolbox]: Message Filter dropping message: frame 'laser_frame' at time 1700515410.604 for reason 'discarding message because the queue is full'
[INFO] [1700515435.233334622] [slam_toolbox]: Message Filter dropping message: frame 'laser_frame' at time 1700515435.006 for reason 'discarding message because the queue is full'
[INFO] [1700515436.925861567] [slam_toolbox]: Message Filter dropping message: frame 'laser_frame' at time 1700515436.693 for reason 'discarding message because the queue is full'
[INFO] [1700515521.769400915] [slam_toolbox]: Message Filter dropping message: frame 'laser_frame' at time 1700515521.550 for reason 'discarding message because the queue is full'
[INFO] [1700515558.790285672] [slam_toolbox]: Message Filter dropping message: frame 'laser_frame' at time 1700515558.570 for reason 'discarding message because the queue is full'
[INFO] [1700515652.638327333] [slam_toolbox]: Message Filter dropping message: frame 'laser_frame' at time 1700515652.409 for reason 'discarding message because the queue is full'
[INFO] [1700515995.641031819] [slam_toolbox]: Message Filter dropping message: frame 'laser_frame' at time 1700515995.413 for reason 'discarding message because the queue is full'
[INFO] [1700515997.095617227] [slam_toolbox]: Message Filter dropping message: frame 'laser_frame' at time 1700515996.868 for reason 'discarding message because the queue is full'
[INFO] [1700515997.320099263] [slam_toolbox]: Message Filter dropping message: frame 'laser_frame' at time 1700515997.094 for reason 'discarding message because the queue is full'
[INFO] [1700515997.547394711] [slam_toolbox]: Message Filter dropping message: frame 'laser_frame' at time 1700515997.319 for reason 'discarding message because the queue is full'
[INFO] [1700515997.665265228] [slam_toolbox]: Message Filter dropping message: frame 'laser_frame' at time 1700515997.430 for reason 'discarding message because the queue is full'
[INFO] [1700515998.119671959] [slam_toolbox]: Message Filter dropping message: frame 'laser_frame' at time 1700515997.889 for reason 'discarding message because the queue is full'
[INFO] [1700516038.048481497] [slam_toolbox]: Message Filter dropping message: frame 'laser_frame' at time 1700516037.601 for reason 'discarding message because the queue is full'
[INFO] [1700516038.053093092] [slam_toolbox]: Message Filter dropping message: frame 'laser_frame' at time 1700516037.828 for reason 'discarding message because the queue is full'
[INFO] [1700516038.284690711] [slam_toolbox]: Message Filter dropping message: frame 'laser_frame' at time 1700516038.051 for reason 'discarding message because the queue is full'
[INFO] [1700516038.390122836] [slam_toolbox]: Message Filter dropping message: frame 'laser_frame' at time 1700516038.164 for reason 'discarding message because the queue is full'
[INFO] [1700516038.505009129] [slam_toolbox]: Message Filter dropping message: frame 'laser_frame' at time 1700516038.283 for reason 'discarding message because the queue is full'
[INFO] [1700516038.615313326] [slam_toolbox]: Message Filter dropping message: frame 'laser_frame' at time 1700516038.389 for reason 'discarding message because the queue is full'
[INFO] [1700516039.064588709] [slam_toolbox]: Message Filter dropping message: frame 'laser_frame' at time 1700516038.847 for reason 'discarding message because the queue is full'
[INFO] [1700516073.069350487] [slam_toolbox]: Message Filter dropping message: frame 'laser_frame' at time 1700516072.820 for reason 'discarding message because the queue is full'
[INFO] [1700516137.972484537] [slam_toolbox]: Message Filter dropping message: frame 'laser_frame' at time 1700516137.745 for reason 'discarding message because the queue is full'
[INFO] [1700516260.219130145] [slam_toolbox]: Message Filter dropping message: frame 'laser_frame' at time 1700516259.948 for reason 'discarding message because the queue is full'
[INFO] [1700516260.318274768] [slam_toolbox]: Message Filter dropping message: frame 'laser_frame' at time 1700516260.053 for reason 'discarding message because the queue is full'
[INFO] [1700516260.399463434] [slam_toolbox]: Message Filter dropping message: frame 'laser_frame' at time 1700516260.166 for reason 'discarding message because the queue is full'
[INFO] [1700516260.516319517] [slam_toolbox]: Message Filter dropping message: frame 'laser_frame' at time 1700516260.285 for reason 'discarding message because the queue is full'
[INFO] [1700516262.888445163] [slam_toolbox]: Message Filter dropping message: frame 'laser_frame' at time 1700516262.641 for reason 'discarding message because the queue is full'
[INFO] [1700516280.766530997] [slam_toolbox]: Message Filter dropping message: frame 'laser_frame' at time 1700516280.540 for reason 'discarding message because the queue is full'
[INFO] [1700516282.005478824] [slam_toolbox]: Message Filter dropping message: frame 'laser_frame' at time 1700516281.779 for reason 'discarding message because the queue is full'
[INFO] [1700516282.120069100] [slam_toolbox]: Message Filter dropping message: frame 'laser_frame' at time 1700516281.890 for reason 'discarding message because the queue is full'
[INFO] [1700516282.682475734] [slam_toolbox]: Message Filter dropping message: frame 'laser_frame' at time 1700516282.463 for reason 'discarding message because the queue is full'
[INFO] [1700516282.907811072] [slam_toolbox]: Message Filter dropping message: frame 'laser_frame' at time 1700516282.681 for reason 'discarding message because the queue is full'
[INFO] [1700516283.359439533] [slam_toolbox]: Message Filter dropping message: frame 'laser_frame' at time 1700516283.201 for reason 'discarding message because the queue is full'
[INFO] [1700516283.469701897] [slam_toolbox]: Message Filter dropping message: frame 'laser_frame' at time 1700516283.252 for reason 'discarding message because the queue is full'
[INFO] [1700516283.587047826] [slam_toolbox]: Message Filter dropping message: frame 'laser_frame' at time 1700516283.358 for reason 'discarding message because the queue is full'
[INFO] [1700516312.740166238] [slam_toolbox]: Message Filter dropping message: frame 'laser_frame' at time 1700516312.513 for reason 'discarding message because the queue is full'
[INFO] [1700516312.895823258] [slam_toolbox]: Message Filter dropping message: frame 'laser_frame' at time 1700516312.633 for reason 'discarding message because the queue is full'
[INFO] [1700516313.639848405] [slam_toolbox]: Message Filter dropping message: frame 'laser_frame' at time 1700516313.414 for reason 'discarding message because the queue is full'
[INFO] [1700516332.660410991] [slam_toolbox]: Message Filter dropping message: frame 'laser_frame' at time 1700516332.430 for reason 'discarding message because the queue is full'
[INFO] [1700516333.784831372] [slam_toolbox]: Message Filter dropping message: frame 'laser_frame' at time 1700516333.565 for reason 'discarding message because the queue is full'
[INFO] [1700516334.461106104] [slam_toolbox]: Message Filter dropping message: frame 'laser_frame' at time 1700516334.233 for reason 'discarding message because the queue is full'
[INFO] [1700516524.394589501] [slam_toolbox]: Message Filter dropping message: frame 'laser_frame' at time 1700516524.083 for reason 'discarding message because the queue is full'
[INFO] [1700516524.550120392] [slam_toolbox]: Message Filter dropping message: frame 'laser_frame' at time 1700516524.301 for reason 'discarding message because the queue is full'
[INFO] [1700516525.109595852] [slam_toolbox]: Message Filter dropping message: frame 'laser_frame' at time 1700516524.864 for reason 'discarding message because the queue is full'
[INFO] [1700516525.322765849] [slam_toolbox]: Message Filter dropping message: frame 'laser_frame' at time 1700516525.089 for reason 'discarding message because the queue is full'
[INFO] [1700516525.428745540] [slam_toolbox]: Message Filter dropping message: frame 'laser_frame' at time 1700516525.202 for reason 'discarding message because the queue is full'
[INFO] [1700516525.773831351] [slam_toolbox]: Message Filter dropping message: frame 'laser_frame' at time 1700516525.546 for reason 'discarding message because the queue is full'
[INFO] [1700516525.879497416] [slam_toolbox]: Message Filter dropping message: frame 'laser_frame' at time 1700516525.653 for reason 'discarding message because the queue is full'
[INFO] [1700516527.137077350] [slam_toolbox]: Message Filter dropping message: frame 'laser_frame' at time 1700516526.892 for reason 'discarding message because the queue is full'
[INFO] [1700516544.579703706] [slam_toolbox]: Message Filter dropping message: frame 'laser_frame' at time 1700516544.347 for reason 'discarding message because the queue is full'
[INFO] [1700516544.685384529] [slam_toolbox]: Message Filter dropping message: frame 'laser_frame' at time 1700516544.468 for reason 'discarding message because the queue is full'
[INFO] [1700516545.592432475] [slam_toolbox]: Message Filter dropping message: frame 'laser_frame' at time 1700516545.360 for reason 'discarding message because the queue is full'
[INFO] [1700516545.812105507] [slam_toolbox]: Message Filter dropping message: frame 'laser_frame' at time 1700516545.591 for reason 'discarding message because the queue is full'
[INFO] [1700516929.314235460] [slam_toolbox]: Message Filter dropping message: frame 'laser_frame' at time 1700516928.980 for reason 'discarding message because the queue is full'
[INFO] [1700516929.398710586] [slam_toolbox]: Message Filter dropping message: frame 'laser_frame' at time 1700516929.092 for reason 'discarding message because the queue is full'
[INFO] [1700516929.475381192] [slam_toolbox]: Message Filter dropping message: frame 'laser_frame' at time 1700516929.205 for reason 'discarding message because the queue is full'
[INFO] [1700516929.771646052] [slam_toolbox]: Message Filter dropping message: frame 'laser_frame' at time 1700516929.543 for reason 'discarding message because the queue is full'
[INFO] [1700516929.895282666] [slam_toolbox]: Message Filter dropping message: frame 'laser_frame' at time 1700516929.656 for reason 'discarding message because the queue is full'
[INFO] [1700516930.228077525] [slam_toolbox]: Message Filter dropping message: frame 'laser_frame' at time 1700516929.768 for reason 'discarding message because the queue is full'
[INFO] [1700516930.232672157] [slam_toolbox]: Message Filter dropping message: frame 'laser_frame' at time 1700516929.892 for reason 'discarding message because the queue is full'
[INFO] [1700516931.345628604] [slam_toolbox]: Message Filter dropping message: frame 'laser_frame' at time 1700516931.127 for reason 'discarding message because the queue is full'
[INFO] [1700516932.082272217] [slam_toolbox]: Message Filter dropping message: frame 'laser_frame' at time 1700516931.802 for reason 'discarding message because the queue is full'
[INFO] [1700517000.341241178] [slam_toolbox]: Message Filter dropping message: frame 'laser_frame' at time 1700517000.115 for reason 'discarding message because the queue is full'
[INFO] [1700517344.302230276] [rclcpp]: signal_handler(signum=15)
