[INFO] [1701051911.774370739] [slam_toolbox]: Node using stack size 40000000
[INFO] [1701051911.932372748] [slam_toolbox]: Using solver plugin solver_plugins::CeresSolver
[INFO] [1701051911.933847104] [slam_toolbox]: CeresSolver: Using SCHUR_JACOBI preconditioner.
[INFO] [1701051912.285051214] [slam_toolbox]: Message Filter dropping message: frame 'laser_frame' at time 1701051912.052 for reason 'discarding message because the queue is full'
[INFO] [1701051912.398732241] [slam_toolbox]: Message Filter dropping message: frame 'laser_frame' at time 1701051912.165 for reason 'discarding message because the queue is full'
[INFO] [1701051912.511697739] [slam_toolbox]: Message Filter dropping message: frame 'laser_frame' at time 1701051912.284 for reason 'discarding message because the queue is full'
[INFO] [1701051912.624750347] [slam_toolbox]: Message Filter dropping message: frame 'laser_frame' at time 1701051912.398 for reason 'discarding message because the queue is full'
[INFO] [1701051912.738205080] [slam_toolbox]: Message Filter dropping message: frame 'laser_frame' at time 1701051912.511 for reason 'discarding message because the queue is full'
[INFO] [1701051912.843334045] [slam_toolbox]: Message Filter dropping message: frame 'laser_frame' at time 1701051912.624 for reason 'discarding message because the queue is full'
[INFO] [1701051912.956603576] [slam_toolbox]: Message Filter dropping message: frame 'laser_frame' at time 1701051912.737 for reason 'discarding message because the queue is full'
[INFO] [1701051913.068660916] [slam_toolbox]: Message Filter dropping message: frame 'laser_frame' at time 1701051912.842 for reason 'discarding message because the queue is full'
[INFO] [1701051913.181853503] [slam_toolbox]: Message Filter dropping message: frame 'laser_frame' at time 1701051912.955 for reason 'discarding message because the queue is full'
[INFO] [1701051913.295871194] [slam_toolbox]: Message Filter dropping message: frame 'laser_frame' at time 1701051913.067 for reason 'discarding message because the queue is full'
[INFO] [1701051913.408097828] [slam_toolbox]: Message Filter dropping message: frame 'laser_frame' at time 1701051913.181 for reason 'discarding message because the queue is full'
[INFO] [1701051913.608660299] [slam_toolbox]: Message Filter dropping message: frame 'laser_frame' at time 1701051913.294 for reason 'the timestamp on the message is earlier than all the data in the transform cache'
[INFO] [1701051913.834025225] [slam_toolbox]: Message Filter dropping message: frame 'laser_frame' at time 1701051913.407 for reason 'discarding message because the queue is full'
[INFO] [1701051913.840541900] [slam_toolbox]: Message Filter dropping message: frame 'laser_frame' at time 1701051913.520 for reason 'discarding message because the queue is full'
[INFO] [1701051913.866490233] [slam_toolbox]: Message Filter dropping message: frame 'laser_frame' at time 1701051913.632 for reason 'discarding message because the queue is full'
[INFO] [1701051913.979642635] [slam_toolbox]: Message Filter dropping message: frame 'laser_frame' at time 1701051913.746 for reason 'discarding message because the queue is full'
[INFO] [1701051914.092886555] [slam_toolbox]: Message Filter dropping message: frame 'laser_frame' at time 1701051913.865 for reason 'discarding message because the queue is full'
[INFO] [1701051914.198788568] [slam_toolbox]: Message Filter dropping message: frame 'laser_frame' at time 1701051913.979 for reason 'discarding message because the queue is full'
[INFO] [1701051914.312344503] [slam_toolbox]: Message Filter dropping message: frame 'laser_frame' at time 1701051914.092 for reason 'discarding message because the queue is full'
[INFO] [1701051914.428444024] [slam_toolbox]: Message Filter dropping message: frame 'laser_frame' at time 1701051914.197 for reason 'discarding message because the queue is full'
[INFO] [1701051914.535581672] [slam_toolbox]: Message Filter dropping message: frame 'laser_frame' at time 1701051914.311 for reason 'discarding message because the queue is full'
[INFO] [1701052515.154418846] [rclcpp]: signal_handler(signum=15)
