[INFO] [1701100858.811624633] [slam_toolbox]: Node using stack size 40000000
[INFO] [1701100859.237609240] [slam_toolbox]: Using solver plugin solver_plugins::CeresSolver
[INFO] [1701100859.239435520] [slam_toolbox]: CeresSolver: Using SCHUR_JACOBI preconditioner.
[INFO] [1701100859.410954367] [slam_toolbox]: Message Filter dropping message: frame 'laser_frame' at time 1701100859.185 for reason 'discarding message because the queue is full'
[INFO] [1701100859.529656738] [slam_toolbox]: Message Filter dropping message: frame 'laser_frame' at time 1701100859.298 for reason 'discarding message because the queue is full'
[INFO] [1701100859.635787425] [slam_toolbox]: Message Filter dropping message: frame 'laser_frame' at time 1701100859.410 for reason 'discarding message because the queue is full'
[INFO] [1701100859.748430777] [slam_toolbox]: Message Filter dropping message: frame 'laser_frame' at time 1701100859.529 for reason 'discarding message because the queue is full'
[INFO] [1701100859.866835966] [slam_toolbox]: Message Filter dropping message: frame 'laser_frame' at time 1701100859.635 for reason 'discarding message because the queue is full'
[INFO] [1701100859.972911264] [slam_toolbox]: Message Filter dropping message: frame 'laser_frame' at time 1701100859.747 for reason 'discarding message because the queue is full'
[INFO] [1701100860.086073166] [slam_toolbox]: Message Filter dropping message: frame 'laser_frame' at time 1701100859.866 for reason 'discarding message because the queue is full'
[INFO] [1701100860.198385909] [slam_toolbox]: Message Filter dropping message: frame 'laser_frame' at time 1701100859.972 for reason 'discarding message because the queue is full'
[INFO] [1701100860.309095462] [slam_toolbox]: Message Filter dropping message: frame 'laser_frame' at time 1701100860.085 for reason 'discarding message because the queue is full'
[INFO] [1701100860.423920608] [slam_toolbox]: Message Filter dropping message: frame 'laser_frame' at time 1701100860.197 for reason 'discarding message because the queue is full'
[INFO] [1701100860.542601961] [slam_toolbox]: Message Filter dropping message: frame 'laser_frame' at time 1701100860.308 for reason 'discarding message because the queue is full'
[INFO] [1701100860.648082227] [slam_toolbox]: Message Filter dropping message: frame 'laser_frame' at time 1701100860.422 for reason 'discarding message because the queue is full'
[INFO] [1701100860.760658653] [slam_toolbox]: Message Filter dropping message: frame 'laser_frame' at time 1701100860.542 for reason 'discarding message because the queue is full'
[INFO] [1701100860.872654639] [slam_toolbox]: Message Filter dropping message: frame 'laser_frame' at time 1701100860.647 for reason 'discarding message because the queue is full'
[INFO] [1701100860.985677727] [slam_toolbox]: Message Filter dropping message: frame 'laser_frame' at time 1701100860.759 for reason 'discarding message because the queue is full'
[INFO] [1701100861.097921359] [slam_toolbox]: Message Filter dropping message: frame 'laser_frame' at time 1701100860.872 for reason 'discarding message because the queue is full'
[INFO] [1701100861.216792913] [slam_toolbox]: Message Filter dropping message: frame 'laser_frame' at time 1701100860.984 for reason 'discarding message because the queue is full'
[INFO] [1701100861.323145078] [slam_toolbox]: Message Filter dropping message: frame 'laser_frame' at time 1701100861.097 for reason 'discarding message because the queue is full'
[INFO] [1701100861.435567616] [slam_toolbox]: Message Filter dropping message: frame 'laser_frame' at time 1701100861.215 for reason 'discarding message because the queue is full'
[INFO] [1701100861.551679750] [slam_toolbox]: Message Filter dropping message: frame 'laser_frame' at time 1701100861.322 for reason 'discarding message because the queue is full'
[INFO] [1701100861.660313728] [slam_toolbox]: Message Filter dropping message: frame 'laser_frame' at time 1701100861.434 for reason 'discarding message because the queue is full'
[INFO] [1701100861.772928338] [slam_toolbox]: Message Filter dropping message: frame 'laser_frame' at time 1701100861.547 for reason 'discarding message because the queue is full'
[INFO] [1701100861.885172285] [slam_toolbox]: Message Filter dropping message: frame 'laser_frame' at time 1701100861.659 for reason 'discarding message because the queue is full'
[INFO] [1701100861.998529777] [slam_toolbox]: Message Filter dropping message: frame 'laser_frame' at time 1701100861.772 for reason 'discarding message because the queue is full'
[INFO] [1701100862.117430163] [slam_toolbox]: Message Filter dropping message: frame 'laser_frame' at time 1701100861.884 for reason 'discarding message because the queue is full'
[INFO] [1701100862.222886058] [slam_toolbox]: Message Filter dropping message: frame 'laser_frame' at time 1701100861.997 for reason 'discarding message because the queue is full'
[INFO] [1701100862.342260015] [slam_toolbox]: Message Filter dropping message: frame 'laser_frame' at time 1701100862.116 for reason 'discarding message because the queue is full'
[INFO] [1701100862.447847649] [slam_toolbox]: Message Filter dropping message: frame 'laser_frame' at time 1701100862.222 for reason 'discarding message because the queue is full'
[INFO] [1701100862.567594510] [slam_toolbox]: Message Filter dropping message: frame 'laser_frame' at time 1701100862.341 for reason 'discarding message because the queue is full'
[INFO] [1701100862.672228745] [slam_toolbox]: Message Filter dropping message: frame 'laser_frame' at time 1701100862.447 for reason 'discarding message because the queue is full'
[INFO] [1701100862.783785031] [slam_toolbox]: Message Filter dropping message: frame 'laser_frame' at time 1701100862.566 for reason 'discarding message because the queue is full'
[INFO] [1701100862.898904117] [slam_toolbox]: Message Filter dropping message: frame 'laser_frame' at time 1701100862.672 for reason 'discarding message because the queue is full'
[INFO] [1701100863.016969919] [slam_toolbox]: Message Filter dropping message: frame 'laser_frame' at time 1701100862.783 for reason 'discarding message because the queue is full'
[INFO] [1701100863.122515423] [slam_toolbox]: Message Filter dropping message: frame 'laser_frame' at time 1701100862.897 for reason 'discarding message because the queue is full'
[INFO] [1701101071.989297534] [rclcpp]: signal_handler(signum=2)
