[INFO] [1700516929.307288319] [behavior_server]: 
	behavior_server lifecycle node launched. 
	Waiting on external lifecycle transitions to activate
	See https://design.ros2.org/articles/node_lifecycle.html for more information.
[INFO] [1700516935.256967176] [behavior_server]: Configuring
[INFO] [1700516935.368680707] [behavior_server]: Creating behavior plugin spin of type nav2_behaviors/Spin
[INFO] [1700516935.372391071] [behavior_server]: Configuring spin
[INFO] [1700516935.448748180] [behavior_server]: Creating behavior plugin backup of type nav2_behaviors/BackUp
[INFO] [1700516935.456837586] [behavior_server]: Configuring backup
[INFO] [1700516935.507597883] [behavior_server]: Creating behavior plugin drive_on_heading of type nav2_behaviors/DriveOnHeading
[INFO] [1700516935.512228662] [behavior_server]: Configuring drive_on_heading
[INFO] [1700516935.571219382] [behavior_server]: Creating behavior plugin assisted_teleop of type nav2_behaviors/AssistedTeleop
[INFO] [1700516935.582348196] [behavior_server]: Configuring assisted_teleop
[INFO] [1700516935.668506710] [behavior_server]: Creating behavior plugin wait of type nav2_behaviors/Wait
[INFO] [1700516935.672701402] [behavior_server]: Configuring wait
[INFO] [1700516938.285852076] [behavior_server]: Activating
[INFO] [1700516938.286019204] [behavior_server]: Activating spin
[INFO] [1700516938.286083907] [behavior_server]: Activating backup
[INFO] [1700516938.286129591] [behavior_server]: Activating drive_on_heading
[INFO] [1700516938.286169535] [behavior_server]: Activating assisted_teleop
[INFO] [1700516938.286209498] [behavior_server]: Activating wait
[INFO] [1700516938.286263719] [behavior_server]: Creating bond (behavior_server) to lifecycle manager.
[INFO] [1700517099.887697435] [rclcpp]: signal_handler(signum=2)
[INFO] [1700517099.888048042] [behavior_server]: Running Nav2 LifecycleNode rcl preshutdown (behavior_server)
[INFO] [1700517099.888288632] [behavior_server]: Deactivating
[INFO] [1700517099.888420019] [behavior_server]: Destroying bond (behavior_server) to lifecycle manager.
[INFO] [1700517099.989142030] [behavior_server]: Cleaning up
[INFO] [1700517100.579721364] [behavior_server]: Destroying bond (behavior_server) to lifecycle manager.
