[INFO] [1700517714.537635789] [behavior_server]: 
	behavior_server lifecycle node launched. 
	Waiting on external lifecycle transitions to activate
	See https://design.ros2.org/articles/node_lifecycle.html for more information.
[INFO] [1700517720.045407704] [behavior_server]: Configuring
[INFO] [1700517720.134017800] [behavior_server]: Creating behavior plugin spin of type nav2_behaviors/Spin
[INFO] [1700517720.139358905] [behavior_server]: Configuring spin
[INFO] [1700517720.214733118] [behavior_server]: Creating behavior plugin backup of type nav2_behaviors/BackUp
[INFO] [1700517720.218144449] [behavior_server]: Configuring backup
[INFO] [1700517720.275872627] [behavior_server]: Creating behavior plugin drive_on_heading of type nav2_behaviors/DriveOnHeading
[INFO] [1700517720.280997363] [behavior_server]: Configuring drive_on_heading
[INFO] [1700517720.340086933] [behavior_server]: Creating behavior plugin assisted_teleop of type nav2_behaviors/AssistedTeleop
[INFO] [1700517720.349661877] [behavior_server]: Configuring assisted_teleop
[INFO] [1700517720.433725045] [behavior_server]: Creating behavior plugin wait of type nav2_behaviors/Wait
[INFO] [1700517720.437644666] [behavior_server]: Configuring wait
[INFO] [1700517722.968732750] [behavior_server]: Activating
[INFO] [1700517722.968878878] [behavior_server]: Activating spin
[INFO] [1700517722.968959748] [behavior_server]: Activating backup
[INFO] [1700517722.969023988] [behavior_server]: Activating drive_on_heading
[INFO] [1700517722.969091839] [behavior_server]: Activating assisted_teleop
[INFO] [1700517722.969159560] [behavior_server]: Activating wait
[INFO] [1700517722.969236800] [behavior_server]: Creating bond (behavior_server) to lifecycle manager.
[INFO] [1700517787.819455150] [behavior_server]: Running spin
[INFO] [1700517787.819960903] [behavior_server]: Turning 1.57 for spin behavior.
[INFO] [1700517789.520604953] [behavior_server]: spin completed successfully
[INFO] [1700517789.828659192] [behavior_server]: Running wait
[INFO] [1700517794.829328226] [behavior_server]: wait completed successfully
[INFO] [1700517847.407917098] [rclcpp]: signal_handler(signum=2)
[INFO] [1700517847.410188923] [behavior_server]: Running Nav2 LifecycleNode rcl preshutdown (behavior_server)
[INFO] [1700517847.410949933] [behavior_server]: Deactivating
[INFO] [1700517847.411142393] [behavior_server]: Destroying bond (behavior_server) to lifecycle manager.
[INFO] [1700517847.452666946] [behavior_server]: Cleaning up
[INFO] [1700517848.037803731] [behavior_server]: Destroying bond (behavior_server) to lifecycle manager.
