[INFO] [1700514090.695538144] [behavior_server]: 
	behavior_server lifecycle node launched. 
	Waiting on external lifecycle transitions to activate
	See https://design.ros2.org/articles/node_lifecycle.html for more information.
[INFO] [1700514096.156516346] [behavior_server]: Configuring
[INFO] [1700514096.235532773] [behavior_server]: Creating behavior plugin spin of type nav2_behaviors/Spin
[INFO] [1700514096.239073842] [behavior_server]: Configuring spin
[INFO] [1700514096.308638456] [behavior_server]: Creating behavior plugin backup of type nav2_behaviors/BackUp
[INFO] [1700514096.312960497] [behavior_server]: Configuring backup
[INFO] [1700514096.361851395] [behavior_server]: Creating behavior plugin drive_on_heading of type nav2_behaviors/DriveOnHeading
[INFO] [1700514096.366886427] [behavior_server]: Configuring drive_on_heading
[INFO] [1700514096.422235915] [behavior_server]: Creating behavior plugin assisted_teleop of type nav2_behaviors/AssistedTeleop
[INFO] [1700514096.431933984] [behavior_server]: Configuring assisted_teleop
[INFO] [1700514096.513289198] [behavior_server]: Creating behavior plugin wait of type nav2_behaviors/Wait
[INFO] [1700514096.518101270] [behavior_server]: Configuring wait
[INFO] [1700514099.085200343] [behavior_server]: Activating
[INFO] [1700514099.085351933] [behavior_server]: Activating spin
[INFO] [1700514099.085420970] [behavior_server]: Activating backup
[INFO] [1700514099.085472987] [behavior_server]: Activating drive_on_heading
[INFO] [1700514099.085522450] [behavior_server]: Activating assisted_teleop
[INFO] [1700514099.085572653] [behavior_server]: Activating wait
[INFO] [1700514099.085636004] [behavior_server]: Creating bond (behavior_server) to lifecycle manager.
[INFO] [1700515028.381624181] [rclcpp]: signal_handler(signum=2)
[INFO] [1700515028.382034714] [behavior_server]: Running Nav2 LifecycleNode rcl preshutdown (behavior_server)
[INFO] [1700515028.382332377] [behavior_server]: Deactivating
[INFO] [1700515028.382447116] [behavior_server]: Destroying bond (behavior_server) to lifecycle manager.
[INFO] [1700515028.424771742] [behavior_server]: Cleaning up
[INFO] [1700515028.900410530] [behavior_server]: Destroying bond (behavior_server) to lifecycle manager.
