[INFO] [1700515119.256565187] [behavior_server]: 
	behavior_server lifecycle node launched. 
	Waiting on external lifecycle transitions to activate
	See https://design.ros2.org/articles/node_lifecycle.html for more information.
[INFO] [1700515122.688927779] [behavior_server]: Configuring
[INFO] [1700515122.801234469] [behavior_server]: Creating behavior plugin spin of type nav2_behaviors/Spin
[INFO] [1700515122.805841379] [behavior_server]: Configuring spin
[INFO] [1700515122.884730732] [behavior_server]: Creating behavior plugin backup of type nav2_behaviors/BackUp
[INFO] [1700515122.888726093] [behavior_server]: Configuring backup
[INFO] [1700515122.947152032] [behavior_server]: Creating behavior plugin drive_on_heading of type nav2_behaviors/DriveOnHeading
[INFO] [1700515122.951781109] [behavior_server]: Configuring drive_on_heading
[INFO] [1700515123.012149970] [behavior_server]: Creating behavior plugin assisted_teleop of type nav2_behaviors/AssistedTeleop
[INFO] [1700515123.020958684] [behavior_server]: Configuring assisted_teleop
[INFO] [1700515123.112776850] [behavior_server]: Creating behavior plugin wait of type nav2_behaviors/Wait
[INFO] [1700515123.117188725] [behavior_server]: Configuring wait
[INFO] [1700515125.714641877] [behavior_server]: Activating
[INFO] [1700515125.714854745] [behavior_server]: Activating spin
[INFO] [1700515125.714940262] [behavior_server]: Activating backup
[INFO] [1700515125.715155964] [behavior_server]: Activating drive_on_heading
[INFO] [1700515125.715247462] [behavior_server]: Activating assisted_teleop
[INFO] [1700515125.715300277] [behavior_server]: Activating wait
[INFO] [1700515125.715364072] [behavior_server]: Creating bond (behavior_server) to lifecycle manager.
[INFO] [1700515199.582514096] [rclcpp]: signal_handler(signum=2)
[INFO] [1700515199.583131329] [behavior_server]: Running Nav2 LifecycleNode rcl preshutdown (behavior_server)
[INFO] [1700515199.583395030] [behavior_server]: Deactivating
[INFO] [1700515199.583508862] [behavior_server]: Destroying bond (behavior_server) to lifecycle manager.
[INFO] [1700515199.643442708] [behavior_server]: Cleaning up
[INFO] [1700515200.060119519] [behavior_server]: Destroying bond (behavior_server) to lifecycle manager.
