[INFO] [1700399502.370163253] [behavior_server]: 
	behavior_server lifecycle node launched. 
	Waiting on external lifecycle transitions to activate
	See https://design.ros2.org/articles/node_lifecycle.html for more information.
[INFO] [1700399503.130208741] [behavior_server]: Configuring
[INFO] [1700399503.165666126] [behavior_server]: Creating behavior plugin spin of type nav2_behaviors/Spin
[INFO] [1700399503.170118781] [behavior_server]: Configuring spin
[INFO] [1700399503.193117730] [behavior_server]: Creating behavior plugin backup of type nav2_behaviors/BackUp
[INFO] [1700399503.197204758] [behavior_server]: Configuring backup
[INFO] [1700399503.218659428] [behavior_server]: Creating behavior plugin drive_on_heading of type nav2_behaviors/DriveOnHeading
[INFO] [1700399503.221990206] [behavior_server]: Configuring drive_on_heading
[INFO] [1700399503.242372295] [behavior_server]: Creating behavior plugin assisted_teleop of type nav2_behaviors/AssistedTeleop
[INFO] [1700399503.248443506] [behavior_server]: Configuring assisted_teleop
[INFO] [1700399503.278058641] [behavior_server]: Creating behavior plugin wait of type nav2_behaviors/Wait
[INFO] [1700399503.281217587] [behavior_server]: Configuring wait
[INFO] [1700399550.197460389] [behavior_server]: Activating
[INFO] [1700399550.197608147] [behavior_server]: Activating spin
[INFO] [1700399550.197664461] [behavior_server]: Activating backup
[INFO] [1700399550.197705090] [behavior_server]: Activating drive_on_heading
[INFO] [1700399550.197744090] [behavior_server]: Activating assisted_teleop
[INFO] [1700399550.197781941] [behavior_server]: Activating wait
[INFO] [1700399550.197828626] [behavior_server]: Creating bond (behavior_server) to lifecycle manager.
[INFO] [1700401454.279538823] [rclcpp]: signal_handler(signum=2)
[INFO] [1700401454.279789116] [behavior_server]: Running Nav2 LifecycleNode rcl preshutdown (behavior_server)
[INFO] [1700401454.280065595] [behavior_server]: Deactivating
[INFO] [1700401454.280282388] [behavior_server]: Destroying bond (behavior_server) to lifecycle manager.
[INFO] [1700401454.361394762] [behavior_server]: Cleaning up
[INFO] [1700401454.563801866] [behavior_server]: Destroying bond (behavior_server) to lifecycle manager.
