[INFO] [1700518186.723229411] [behavior_server]: 
	behavior_server lifecycle node launched. 
	Waiting on external lifecycle transitions to activate
	See https://design.ros2.org/articles/node_lifecycle.html for more information.
[INFO] [1700518190.783548024] [behavior_server]: Configuring
[INFO] [1700518190.883782077] [behavior_server]: Creating behavior plugin spin of type nav2_behaviors/Spin
[INFO] [1700518190.889440567] [behavior_server]: Configuring spin
[INFO] [1700518190.961861907] [behavior_server]: Creating behavior plugin backup of type nav2_behaviors/BackUp
[INFO] [1700518190.968239814] [behavior_server]: Configuring backup
[INFO] [1700518191.031346059] [behavior_server]: Creating behavior plugin drive_on_heading of type nav2_behaviors/DriveOnHeading
[INFO] [1700518191.040206067] [behavior_server]: Configuring drive_on_heading
[INFO] [1700518191.095985638] [behavior_server]: Creating behavior plugin assisted_teleop of type nav2_behaviors/AssistedTeleop
[INFO] [1700518191.106307888] [behavior_server]: Configuring assisted_teleop
[INFO] [1700518191.188524374] [behavior_server]: Creating behavior plugin wait of type nav2_behaviors/Wait
[INFO] [1700518191.193070691] [behavior_server]: Configuring wait
[INFO] [1700518193.836542222] [behavior_server]: Activating
[INFO] [1700518193.836693331] [behavior_server]: Activating spin
[INFO] [1700518193.836768738] [behavior_server]: Activating backup
[INFO] [1700518193.836950791] [behavior_server]: Activating drive_on_heading
[INFO] [1700518193.837116012] [behavior_server]: Activating assisted_teleop
[INFO] [1700518193.837187418] [behavior_server]: Activating wait
[INFO] [1700518193.837268528] [behavior_server]: Creating bond (behavior_server) to lifecycle manager.
[INFO] [1700518304.555737451] [behavior_server]: Running spin
[INFO] [1700518304.556289223] [behavior_server]: Turning 1.57 for spin behavior.
[INFO] [1700518306.457052736] [behavior_server]: spin completed successfully
[INFO] [1700518353.359835777] [behavior_server]: Running wait
[INFO] [1700518358.360487602] [behavior_server]: wait completed successfully
[INFO] [1700518581.917619084] [rclcpp]: signal_handler(signum=2)
[INFO] [1700518581.918130558] [behavior_server]: Running Nav2 LifecycleNode rcl preshutdown (behavior_server)
[INFO] [1700518581.918307864] [behavior_server]: Deactivating
[INFO] [1700518581.918395082] [behavior_server]: Destroying bond (behavior_server) to lifecycle manager.
[INFO] [1700518581.999064328] [behavior_server]: Cleaning up
[INFO] [1700518582.845045563] [behavior_server]: Destroying bond (behavior_server) to lifecycle manager.
