[INFO] [1700516526.205081176] [behavior_server]: 
	behavior_server lifecycle node launched. 
	Waiting on external lifecycle transitions to activate
	See https://design.ros2.org/articles/node_lifecycle.html for more information.
[INFO] [1700516530.732932956] [behavior_server]: Configuring
[INFO] [1700516530.826708770] [behavior_server]: Creating behavior plugin spin of type nav2_behaviors/Spin
[INFO] [1700516530.831231069] [behavior_server]: Configuring spin
[INFO] [1700516530.915238127] [behavior_server]: Creating behavior plugin backup of type nav2_behaviors/BackUp
[INFO] [1700516530.919287062] [behavior_server]: Configuring backup
[INFO] [1700516530.980889936] [behavior_server]: Creating behavior plugin drive_on_heading of type nav2_behaviors/DriveOnHeading
[INFO] [1700516530.987208881] [behavior_server]: Configuring drive_on_heading
[INFO] [1700516531.045921567] [behavior_server]: Creating behavior plugin assisted_teleop of type nav2_behaviors/AssistedTeleop
[INFO] [1700516531.057018456] [behavior_server]: Configuring assisted_teleop
[INFO] [1700516531.135038732] [behavior_server]: Creating behavior plugin wait of type nav2_behaviors/Wait
[INFO] [1700516531.140508464] [behavior_server]: Configuring wait
[INFO] [1700516533.740228607] [behavior_server]: Activating
[INFO] [1700516533.740396660] [behavior_server]: Activating spin
[INFO] [1700516533.740701009] [behavior_server]: Activating backup
[INFO] [1700516533.740905192] [behavior_server]: Activating drive_on_heading
[INFO] [1700516533.741029135] [behavior_server]: Activating assisted_teleop
[INFO] [1700516533.741096319] [behavior_server]: Activating wait
[INFO] [1700516533.741173762] [behavior_server]: Creating bond (behavior_server) to lifecycle manager.
[INFO] [1700516631.475639259] [rclcpp]: signal_handler(signum=2)
[INFO] [1700516631.475962570] [behavior_server]: Running Nav2 LifecycleNode rcl preshutdown (behavior_server)
[INFO] [1700516631.476270511] [behavior_server]: Deactivating
[INFO] [1700516631.476395509] [behavior_server]: Destroying bond (behavior_server) to lifecycle manager.
[INFO] [1700516631.498668009] [behavior_server]: Cleaning up
[INFO] [1700516632.106377258] [behavior_server]: Destroying bond (behavior_server) to lifecycle manager.
