[INFO] [1700517888.342453895] [behavior_server]: 
	behavior_server lifecycle node launched. 
	Waiting on external lifecycle transitions to activate
	See https://design.ros2.org/articles/node_lifecycle.html for more information.
[INFO] [1700517891.599398308] [behavior_server]: Configuring
[INFO] [1700517891.686555846] [behavior_server]: Creating behavior plugin spin of type nav2_behaviors/Spin
[INFO] [1700517891.690566985] [behavior_server]: Configuring spin
[INFO] [1700517891.767169517] [behavior_server]: Creating behavior plugin backup of type nav2_behaviors/BackUp
[INFO] [1700517891.770965732] [behavior_server]: Configuring backup
[INFO] [1700517891.829287829] [behavior_server]: Creating behavior plugin drive_on_heading of type nav2_behaviors/DriveOnHeading
[INFO] [1700517891.833971034] [behavior_server]: Configuring drive_on_heading
[INFO] [1700517891.898617854] [behavior_server]: Creating behavior plugin assisted_teleop of type nav2_behaviors/AssistedTeleop
[INFO] [1700517891.905364812] [behavior_server]: Configuring assisted_teleop
[INFO] [1700517891.988437213] [behavior_server]: Creating behavior plugin wait of type nav2_behaviors/Wait
[INFO] [1700517891.998220007] [behavior_server]: Configuring wait
[INFO] [1700517894.612201531] [behavior_server]: Activating
[INFO] [1700517894.612350177] [behavior_server]: Activating spin
[INFO] [1700517894.612430010] [behavior_server]: Activating backup
[INFO] [1700517894.612501287] [behavior_server]: Activating drive_on_heading
[INFO] [1700517894.612563490] [behavior_server]: Activating assisted_teleop
[INFO] [1700517894.612621267] [behavior_server]: Activating wait
[INFO] [1700517894.612693581] [behavior_server]: Creating bond (behavior_server) to lifecycle manager.
[INFO] [1700517955.980100507] [rclcpp]: signal_handler(signum=2)
[INFO] [1700517955.980572797] [behavior_server]: Running Nav2 LifecycleNode rcl preshutdown (behavior_server)
[INFO] [1700517955.980925441] [behavior_server]: Deactivating
[INFO] [1700517955.981082810] [behavior_server]: Destroying bond (behavior_server) to lifecycle manager.
[INFO] [1700517956.038549547] [behavior_server]: Cleaning up
[INFO] [1700517956.305112048] [behavior_server]: Destroying bond (behavior_server) to lifecycle manager.
