[INFO] [1700513571.841459987] [behavior_server]: 
	behavior_server lifecycle node launched. 
	Waiting on external lifecycle transitions to activate
	See https://design.ros2.org/articles/node_lifecycle.html for more information.
[INFO] [1700513576.258638362] [behavior_server]: Configuring
[INFO] [1700513576.340820016] [behavior_server]: Creating behavior plugin spin of type nav2_behaviors/Spin
[INFO] [1700513576.345241963] [behavior_server]: Configuring spin
[INFO] [1700513576.417788716] [behavior_server]: Creating behavior plugin backup of type nav2_behaviors/BackUp
[INFO] [1700513576.422056646] [behavior_server]: Configuring backup
[INFO] [1700513576.482312417] [behavior_server]: Creating behavior plugin drive_on_heading of type nav2_behaviors/DriveOnHeading
[INFO] [1700513576.487399078] [behavior_server]: Configuring drive_on_heading
[INFO] [1700513576.544980567] [behavior_server]: Creating behavior plugin assisted_teleop of type nav2_behaviors/AssistedTeleop
[INFO] [1700513576.553417354] [behavior_server]: Configuring assisted_teleop
[INFO] [1700513576.640328599] [behavior_server]: Creating behavior plugin wait of type nav2_behaviors/Wait
[INFO] [1700513576.644478568] [behavior_server]: Configuring wait
[INFO] [1700513578.208762714] [behavior_server]: Activating
[INFO] [1700513578.208902879] [behavior_server]: Activating spin
[INFO] [1700513578.208965841] [behavior_server]: Activating backup
[INFO] [1700513578.209014322] [behavior_server]: Activating drive_on_heading
[INFO] [1700513578.209062469] [behavior_server]: Activating assisted_teleop
[INFO] [1700513578.209116950] [behavior_server]: Activating wait
[INFO] [1700513578.209189005] [behavior_server]: Creating bond (behavior_server) to lifecycle manager.
[INFO] [1700513767.210323151] [behavior_server]: Running spin
[INFO] [1700513767.211233584] [behavior_server]: Turning 1.57 for spin behavior.
[INFO] [1700513769.811941724] [behavior_server]: spin completed successfully
[INFO] [1700513791.840533917] [rclcpp]: signal_handler(signum=2)
[INFO] [1700513791.841145373] [behavior_server]: Running Nav2 LifecycleNode rcl preshutdown (behavior_server)
[INFO] [1700513791.841471609] [behavior_server]: Deactivating
[INFO] [1700513791.841613182] [behavior_server]: Destroying bond (behavior_server) to lifecycle manager.
[INFO] [1700513791.872610902] [behavior_server]: Cleaning up
[INFO] [1700513792.236168981] [behavior_server]: Destroying bond (behavior_server) to lifecycle manager.
