[INFO] [1700447925.033794072] [behavior_server]: 
	behavior_server lifecycle node launched. 
	Waiting on external lifecycle transitions to activate
	See https://design.ros2.org/articles/node_lifecycle.html for more information.
[INFO] [1700447928.980317983] [behavior_server]: Configuring
[INFO] [1700447929.052595483] [behavior_server]: Creating behavior plugin spin of type nav2_behaviors/Spin
[INFO] [1700447929.064475435] [behavior_server]: Configuring spin
[INFO] [1700447929.132162989] [behavior_server]: Creating behavior plugin backup of type nav2_behaviors/BackUp
[INFO] [1700447929.144100367] [behavior_server]: Configuring backup
[INFO] [1700447929.194947730] [behavior_server]: Creating behavior plugin drive_on_heading of type nav2_behaviors/DriveOnHeading
[INFO] [1700447929.207346806] [behavior_server]: Configuring drive_on_heading
[INFO] [1700447929.252998694] [behavior_server]: Creating behavior plugin assisted_teleop of type nav2_behaviors/AssistedTeleop
[INFO] [1700447929.282213868] [behavior_server]: Configuring assisted_teleop
[INFO] [1700447929.342241753] [behavior_server]: Creating behavior plugin wait of type nav2_behaviors/Wait
[INFO] [1700447929.354171871] [behavior_server]: Configuring wait
[INFO] [1700447931.974068537] [behavior_server]: Activating
[INFO] [1700447931.974224202] [behavior_server]: Activating spin
[INFO] [1700447931.974313330] [behavior_server]: Activating backup
[INFO] [1700447931.974383533] [behavior_server]: Activating drive_on_heading
[INFO] [1700447931.974451829] [behavior_server]: Activating assisted_teleop
[INFO] [1700447931.974744085] [behavior_server]: Activating wait
[INFO] [1700447931.974922212] [behavior_server]: Creating bond (behavior_server) to lifecycle manager.
[INFO] [1700448050.161233506] [behavior_server]: Running spin
[INFO] [1700448050.162282623] [behavior_server]: Turning 1.57 for spin behavior.
[INFO] [1700448052.662943823] [behavior_server]: spin completed successfully
[INFO] [1700448072.961347178] [behavior_server]: Running wait
[INFO] [1700448077.961847710] [behavior_server]: wait completed successfully
[INFO] [1700448098.172449780] [behavior_server]: Running backup
[INFO] [1700448105.274382866] [behavior_server]: backup completed successfully
[INFO] [1700448145.983781478] [behavior_server]: Running spin
[INFO] [1700448145.984263990] [behavior_server]: Turning 1.57 for spin behavior.
[INFO] [1700448148.384938704] [behavior_server]: spin completed successfully
[INFO] [1700448189.561847838] [behavior_server]: Running wait
[INFO] [1700448194.562427996] [behavior_server]: wait completed successfully
[INFO] [1700448214.763702453] [behavior_server]: Running backup
[INFO] [1700448221.665054913] [behavior_server]: backup completed successfully
[INFO] [1700448263.151815396] [behavior_server]: Running spin
[INFO] [1700448263.152225391] [behavior_server]: Turning 1.57 for spin behavior.
[INFO] [1700448265.652774767] [behavior_server]: spin completed successfully
[INFO] [1700448285.965497944] [behavior_server]: Running wait
[INFO] [1700448290.967537916] [behavior_server]: wait completed successfully
[INFO] [1700448311.172815186] [behavior_server]: Running backup
[WARN] [1700448315.475909715] [behavior_server]: Collision Ahead - Exiting DriveOnHeading
[WARN] [1700448315.476080379] [behavior_server]: backup failed
[WARN] [1700448315.476150249] [behavior_server]: [backup] [ActionServer] Aborting handle.
[INFO] [1700448356.554672544] [behavior_server]: Running spin
[INFO] [1700448356.557432123] [behavior_server]: Turning 1.57 for spin behavior.
[INFO] [1700448359.157950413] [behavior_server]: spin completed successfully
[INFO] [1700448379.366231063] [behavior_server]: Running wait
[INFO] [1700448384.367019300] [behavior_server]: wait completed successfully
[INFO] [1700448390.147406544] [rclcpp]: signal_handler(signum=2)
[INFO] [1700448390.148972748] [behavior_server]: Running Nav2 LifecycleNode rcl preshutdown (behavior_server)
[INFO] [1700448390.149196245] [behavior_server]: Deactivating
[INFO] [1700448390.149298614] [behavior_server]: Destroying bond (behavior_server) to lifecycle manager.
[INFO] [1700448390.173555625] [behavior_server]: Cleaning up
[INFO] [1700448390.828719816] [behavior_server]: Destroying bond (behavior_server) to lifecycle manager.
