[INFO] [1700515995.973652708] [behavior_server]: 
	behavior_server lifecycle node launched. 
	Waiting on external lifecycle transitions to activate
	See https://design.ros2.org/articles/node_lifecycle.html for more information.
[INFO] [1700516001.015250413] [behavior_server]: Configuring
[INFO] [1700516001.122729607] [behavior_server]: Creating behavior plugin spin of type nav2_behaviors/Spin
[INFO] [1700516001.126254770] [behavior_server]: Configuring spin
[INFO] [1700516001.200968586] [behavior_server]: Creating behavior plugin backup of type nav2_behaviors/BackUp
[INFO] [1700516001.204115642] [behavior_server]: Configuring backup
[INFO] [1700516001.264629641] [behavior_server]: Creating behavior plugin drive_on_heading of type nav2_behaviors/DriveOnHeading
[INFO] [1700516001.270196836] [behavior_server]: Configuring drive_on_heading
[INFO] [1700516001.332646998] [behavior_server]: Creating behavior plugin assisted_teleop of type nav2_behaviors/AssistedTeleop
[INFO] [1700516001.340712904] [behavior_server]: Configuring assisted_teleop
[INFO] [1700516001.414071661] [behavior_server]: Creating behavior plugin wait of type nav2_behaviors/Wait
[INFO] [1700516001.418884772] [behavior_server]: Configuring wait
[INFO] [1700516004.032018068] [behavior_server]: Activating
[INFO] [1700516004.032185177] [behavior_server]: Activating spin
[INFO] [1700516004.032263417] [behavior_server]: Activating backup
[INFO] [1700516004.032329194] [behavior_server]: Activating drive_on_heading
[INFO] [1700516004.032386601] [behavior_server]: Activating assisted_teleop
[INFO] [1700516004.032440693] [behavior_server]: Activating wait
[INFO] [1700516004.032520581] [behavior_server]: Creating bond (behavior_server) to lifecycle manager.
[INFO] [1700516140.840656882] [behavior_server]: Running wait
[INFO] [1700516140.854179910] [behavior_server]: Running spin
[INFO] [1700516140.862651792] [behavior_server]: Turning 1.57 for spin behavior.
[INFO] [1700516140.872282143] [behavior_server]: Running backup
[INFO] [1700516145.063211086] [behavior_server]: spin completed successfully
[INFO] [1700516145.841254749] [behavior_server]: wait completed successfully
[INFO] [1700516147.772938220] [behavior_server]: backup completed successfully
[INFO] [1700516162.317488656] [rclcpp]: signal_handler(signum=2)
[INFO] [1700516162.318765956] [behavior_server]: Running Nav2 LifecycleNode rcl preshutdown (behavior_server)
[INFO] [1700516162.319108322] [behavior_server]: Deactivating
[INFO] [1700516162.319202210] [behavior_server]: Destroying bond (behavior_server) to lifecycle manager.
[INFO] [1700516162.348647923] [behavior_server]: Cleaning up
[INFO] [1700516162.979389374] [behavior_server]: Destroying bond (behavior_server) to lifecycle manager.
