[INFO] [1700515410.853833727] [behavior_server]: 
	behavior_server lifecycle node launched. 
	Waiting on external lifecycle transitions to activate
	See https://design.ros2.org/articles/node_lifecycle.html for more information.
[INFO] [1700515414.771087085] [behavior_server]: Configuring
[INFO] [1700515414.867340805] [behavior_server]: Creating behavior plugin spin of type nav2_behaviors/Spin
[INFO] [1700515414.872733298] [behavior_server]: Configuring spin
[INFO] [1700515414.954446427] [behavior_server]: Creating behavior plugin backup of type nav2_behaviors/BackUp
[INFO] [1700515414.957516650] [behavior_server]: Configuring backup
[INFO] [1700515415.012396515] [behavior_server]: Creating behavior plugin drive_on_heading of type nav2_behaviors/DriveOnHeading
[INFO] [1700515415.019307695] [behavior_server]: Configuring drive_on_heading
[INFO] [1700515415.078846450] [behavior_server]: Creating behavior plugin assisted_teleop of type nav2_behaviors/AssistedTeleop
[INFO] [1700515415.088917315] [behavior_server]: Configuring assisted_teleop
[INFO] [1700515415.166382844] [behavior_server]: Creating behavior plugin wait of type nav2_behaviors/Wait
[INFO] [1700515415.170771257] [behavior_server]: Configuring wait
[INFO] [1700515417.705854514] [behavior_server]: Activating
[INFO] [1700515417.706015234] [behavior_server]: Activating spin
[INFO] [1700515417.706130344] [behavior_server]: Activating backup
[INFO] [1700515417.706177047] [behavior_server]: Activating drive_on_heading
[INFO] [1700515417.706221084] [behavior_server]: Activating assisted_teleop
[INFO] [1700515417.706260676] [behavior_server]: Activating wait
[INFO] [1700515417.706317305] [behavior_server]: Creating bond (behavior_server) to lifecycle manager.
[INFO] [1700515436.844637897] [behavior_server]: Running spin
[INFO] [1700515436.845253797] [behavior_server]: Turning 1.57 for spin behavior.
[INFO] [1700515436.906080796] [behavior_server]: Running wait
[INFO] [1700515436.930633531] [behavior_server]: Running backup
[INFO] [1700515441.906564152] [behavior_server]: wait completed successfully
[WARN] [1700515446.845922304] [behavior_server]: Exceeded time allowance before reaching the Spin goal - Exiting Spin
[WARN] [1700515446.846079950] [behavior_server]: spin failed
[WARN] [1700515446.846165394] [behavior_server]: [spin] [ActionServer] Aborting handle.
[WARN] [1700515446.934591722] [behavior_server]: Exceeded time allowance before reaching the DriveOnHeading goal - Exiting DriveOnHeading
[WARN] [1700515446.934719905] [behavior_server]: backup failed
[WARN] [1700515446.934816830] [behavior_server]: [backup] [ActionServer] Aborting handle.
[INFO] [1700515658.142471797] [behavior_server]: Running backup
[INFO] [1700515658.143042439] [behavior_server]: Running spin
[INFO] [1700515658.143311010] [behavior_server]: Turning 1.57 for spin behavior.
[INFO] [1700515658.143776375] [behavior_server]: Running wait
[WARN] [1700515658.245546878] [behavior_server]: Collision Ahead - Exiting DriveOnHeading
[WARN] [1700515658.245711840] [behavior_server]: backup failed
[WARN] [1700515658.245783542] [behavior_server]: [backup] [ActionServer] Aborting handle.
[INFO] [1700515660.244114328] [behavior_server]: spin completed successfully
[INFO] [1700515663.144332181] [behavior_server]: wait completed successfully
[INFO] [1700515934.959453779] [rclcpp]: signal_handler(signum=2)
[INFO] [1700515934.959732905] [behavior_server]: Running Nav2 LifecycleNode rcl preshutdown (behavior_server)
[INFO] [1700515934.959977217] [behavior_server]: Deactivating
[INFO] [1700515934.960069549] [behavior_server]: Destroying bond (behavior_server) to lifecycle manager.
[INFO] [1700515935.021124617] [behavior_server]: Cleaning up
[INFO] [1700515935.216047424] [behavior_server]: Destroying bond (behavior_server) to lifecycle manager.
