[INFO] [1700448638.457215015] [behavior_server]: 
	behavior_server lifecycle node launched. 
	Waiting on external lifecycle transitions to activate
	See https://design.ros2.org/articles/node_lifecycle.html for more information.
[INFO] [1700448642.484863231] [behavior_server]: Configuring
[INFO] [1700448642.570864166] [behavior_server]: Creating behavior plugin spin of type nav2_behaviors/Spin
[INFO] [1700448642.574595307] [behavior_server]: Configuring spin
[INFO] [1700448642.642059515] [behavior_server]: Creating behavior plugin backup of type nav2_behaviors/BackUp
[INFO] [1700448642.645970228] [behavior_server]: Configuring backup
[INFO] [1700448642.699076031] [behavior_server]: Creating behavior plugin drive_on_heading of type nav2_behaviors/DriveOnHeading
[INFO] [1700448642.703536145] [behavior_server]: Configuring drive_on_heading
[INFO] [1700448642.755596627] [behavior_server]: Creating behavior plugin assisted_teleop of type nav2_behaviors/AssistedTeleop
[INFO] [1700448642.763967899] [behavior_server]: Configuring assisted_teleop
[INFO] [1700448642.841336972] [behavior_server]: Creating behavior plugin wait of type nav2_behaviors/Wait
[INFO] [1700448642.848543924] [behavior_server]: Configuring wait
[INFO] [1700448645.261354080] [behavior_server]: Activating
[INFO] [1700448645.261465672] [behavior_server]: Activating spin
[INFO] [1700448645.261512338] [behavior_server]: Activating backup
[INFO] [1700448645.261547393] [behavior_server]: Activating drive_on_heading
[INFO] [1700448645.261581004] [behavior_server]: Activating assisted_teleop
[INFO] [1700448645.261613318] [behavior_server]: Activating wait
[INFO] [1700448645.261661095] [behavior_server]: Creating bond (behavior_server) to lifecycle manager.
[INFO] [1700448747.208267395] [behavior_server]: Running spin
[INFO] [1700448747.209517692] [behavior_server]: Turning 1.57 for spin behavior.
[INFO] [1700448749.710687068] [behavior_server]: spin completed successfully
[INFO] [1700448770.018908528] [behavior_server]: Running wait
[INFO] [1700448775.023456849] [behavior_server]: wait completed successfully
[INFO] [1700448795.259083432] [behavior_server]: Running backup
[INFO] [1700448802.259940987] [behavior_server]: backup completed successfully
[INFO] [1700448843.208812472] [behavior_server]: Running spin
[INFO] [1700448843.209343909] [behavior_server]: Turning 1.57 for spin behavior.
[INFO] [1700448845.710065980] [behavior_server]: spin completed successfully
[INFO] [1700448993.419762422] [behavior_server]: Running wait
[INFO] [1700448998.420375042] [behavior_server]: wait completed successfully
[INFO] [1700449018.639557362] [behavior_server]: Running backup
[INFO] [1700449025.440450389] [behavior_server]: backup completed successfully
[INFO] [1700449066.233778907] [behavior_server]: Running spin
[INFO] [1700449066.236666850] [behavior_server]: Turning 1.57 for spin behavior.
[INFO] [1700449068.637148296] [behavior_server]: spin completed successfully
[INFO] [1700449088.842879086] [behavior_server]: Running wait
[INFO] [1700449093.843268372] [behavior_server]: wait completed successfully
[INFO] [1700449114.042649043] [behavior_server]: Running backup
[INFO] [1700449120.843346594] [behavior_server]: backup completed successfully
[INFO] [1700449419.773046094] [rclcpp]: signal_handler(signum=2)
[INFO] [1700449419.774833349] [behavior_server]: Running Nav2 LifecycleNode rcl preshutdown (behavior_server)
[INFO] [1700449419.776878045] [behavior_server]: Deactivating
[INFO] [1700449419.777013543] [behavior_server]: Destroying bond (behavior_server) to lifecycle manager.
[INFO] [1700449419.801546025] [behavior_server]: Cleaning up
[INFO] [1700449420.053942441] [behavior_server]: Destroying bond (behavior_server) to lifecycle manager.
