[INFO] [1700280916.986651797] [behavior_server]: 
	behavior_server lifecycle node launched. 
	Waiting on external lifecycle transitions to activate
	See https://design.ros2.org/articles/node_lifecycle.html for more information.
[INFO] [1700280917.745298789] [behavior_server]: Configuring
[INFO] [1700280917.785145586] [behavior_server]: Creating behavior plugin spin of type nav2_behaviors/Spin
[INFO] [1700280917.789486206] [behavior_server]: Configuring spin
[INFO] [1700280917.819744216] [behavior_server]: Creating behavior plugin backup of type nav2_behaviors/BackUp
[INFO] [1700280917.823025237] [behavior_server]: Configuring backup
[INFO] [1700280917.846352469] [behavior_server]: Creating behavior plugin drive_on_heading of type nav2_behaviors/DriveOnHeading
[INFO] [1700280917.849753766] [behavior_server]: Configuring drive_on_heading
[INFO] [1700280917.871560737] [behavior_server]: Creating behavior plugin assisted_teleop of type nav2_behaviors/AssistedTeleop
[INFO] [1700280917.877773412] [behavior_server]: Configuring assisted_teleop
[INFO] [1700280917.903681598] [behavior_server]: Creating behavior plugin wait of type nav2_behaviors/Wait
[INFO] [1700280917.907273652] [behavior_server]: Configuring wait
[INFO] [1700280947.823803834] [behavior_server]: Activating
[INFO] [1700280947.823981240] [behavior_server]: Activating spin
[INFO] [1700280947.824847731] [behavior_server]: Activating backup
[INFO] [1700280947.824939915] [behavior_server]: Activating drive_on_heading
[INFO] [1700280947.825017025] [behavior_server]: Activating assisted_teleop
[INFO] [1700280947.825090098] [behavior_server]: Activating wait
[INFO] [1700280947.825208153] [behavior_server]: Creating bond (behavior_server) to lifecycle manager.
[INFO] [1700281529.644810536] [rclcpp]: signal_handler(signum=2)
[INFO] [1700281529.647323540] [behavior_server]: Running Nav2 LifecycleNode rcl preshutdown (behavior_server)
[INFO] [1700281529.647628536] [behavior_server]: Deactivating
[INFO] [1700281529.647762127] [behavior_server]: Destroying bond (behavior_server) to lifecycle manager.
[INFO] [1700281529.757030170] [behavior_server]: Cleaning up
[INFO] [1700281530.236854031] [behavior_server]: Destroying bond (behavior_server) to lifecycle manager.
