[INFO] [1700322620.452174274] [behavior_server]: 
	behavior_server lifecycle node launched. 
	Waiting on external lifecycle transitions to activate
	See https://design.ros2.org/articles/node_lifecycle.html for more information.
[INFO] [1700322626.044386944] [behavior_server]: Configuring
[INFO] [1700322626.125897916] [behavior_server]: Creating behavior plugin spin of type nav2_behaviors/Spin
[INFO] [1700322626.129327996] [behavior_server]: Configuring spin
[INFO] [1700322626.210944892] [behavior_server]: Creating behavior plugin backup of type nav2_behaviors/BackUp
[INFO] [1700322626.216400017] [behavior_server]: Configuring backup
[INFO] [1700322626.282602599] [behavior_server]: Creating behavior plugin drive_on_heading of type nav2_behaviors/DriveOnHeading
[INFO] [1700322626.287602453] [behavior_server]: Configuring drive_on_heading
[INFO] [1700322626.348069728] [behavior_server]: Creating behavior plugin assisted_teleop of type nav2_behaviors/AssistedTeleop
[INFO] [1700322626.354924648] [behavior_server]: Configuring assisted_teleop
[INFO] [1700322626.430258765] [behavior_server]: Creating behavior plugin wait of type nav2_behaviors/Wait
[INFO] [1700322626.444797333] [behavior_server]: Configuring wait
[INFO] [1700322629.019077368] [behavior_server]: Activating
[INFO] [1700322629.019198107] [behavior_server]: Activating spin
[INFO] [1700322629.019246495] [behavior_server]: Activating backup
[INFO] [1700322629.019286068] [behavior_server]: Activating drive_on_heading
[INFO] [1700322629.019324438] [behavior_server]: Activating assisted_teleop
[INFO] [1700322629.019359419] [behavior_server]: Activating wait
[INFO] [1700322629.019424974] [behavior_server]: Creating bond (behavior_server) to lifecycle manager.
[INFO] [1700323155.946976549] [rclcpp]: signal_handler(signum=2)
[INFO] [1700323155.947260508] [behavior_server]: Running Nav2 LifecycleNode rcl preshutdown (behavior_server)
[INFO] [1700323155.947536486] [behavior_server]: Deactivating
[INFO] [1700323155.947617281] [behavior_server]: Destroying bond (behavior_server) to lifecycle manager.
[INFO] [1700323156.078650307] [behavior_server]: Cleaning up
[INFO] [1700323156.276772057] [behavior_server]: Destroying bond (behavior_server) to lifecycle manager.
