[INFO] [1700517887.064875559] [bt_navigator]: 
	bt_navigator lifecycle node launched. 
	Waiting on external lifecycle transitions to activate
	See https://design.ros2.org/articles/node_lifecycle.html for more information.
[INFO] [1700517887.065472940] [bt_navigator]: Creating
[INFO] [1700517892.065399167] [bt_navigator]: Configuring
[INFO] [1700517894.741093287] [bt_navigator]: Activating
[INFO] [1700517895.514613152] [bt_navigator]: Creating bond (bt_navigator) to lifecycle manager.
[INFO] [1700517906.066208354] [bt_navigator]: Begin navigating from current location (0.89, 0.23) to (0.10, 0.00)
[INFO] [1700517955.988991347] [rclcpp]: signal_handler(signum=2)
[INFO] [1700517955.989276307] [bt_navigator]: Running Nav2 LifecycleNode rcl preshutdown (bt_navigator)
[INFO] [1700517955.989528952] [bt_navigator]: Deactivating
[WARN] [1700517955.989619970] [bt_navigator]: [navigate_to_pose] [ActionServer] Requested to deactivate server but goal is still executing. Should check if action server is running before deactivating.
[INFO] [1700517955.995238108] [bt_navigator]: Goal canceled
[WARN] [1700517955.995400995] [bt_navigator]: [navigate_to_pose] [ActionServer] Aborting handle.
[WARN] [1700517955.996727794] [bt_navigator]: [navigate_to_pose] [ActionServer] Stopping the thread per request.
[INFO] [1700517955.998236610] [bt_navigator]: Destroying bond (bt_navigator) to lifecycle manager.
[INFO] [1700517956.019377863] [bt_navigator]: Cleaning up
[INFO] [1700517958.221678764] [bt_navigator]: Completed Cleaning up
[INFO] [1700517958.221951409] [bt_navigator]: Destroying bond (bt_navigator) to lifecycle manager.
