[INFO] [1700448639.676264685] [bt_navigator]: 
	bt_navigator lifecycle node launched. 
	Waiting on external lifecycle transitions to activate
	See https://design.ros2.org/articles/node_lifecycle.html for more information.
[INFO] [1700448639.692543345] [bt_navigator]: Creating
[INFO] [1700448642.898163212] [bt_navigator]: Configuring
[INFO] [1700448645.401991485] [bt_navigator]: Activating
[INFO] [1700448646.299950628] [bt_navigator]: Creating bond (bt_navigator) to lifecycle manager.
[INFO] [1700448704.325362311] [bt_navigator]: Begin navigating from current location (-0.01, -0.01) to (1.00, 0.00)
[WARN] [1700448812.759757253] [bt_navigator_navigate_to_pose_rclcpp_node]: Timed out while waiting for action server to acknowledge goal request for compute_path_to_pose
[ERROR] [1700448866.036029300] [bt_navigator]: Goal failed
[WARN] [1700448866.036272963] [bt_navigator]: [navigate_to_pose] [ActionServer] Aborting handle.
[INFO] [1700448973.167944668] [bt_navigator]: Begin navigating from current location (0.78, -0.12) to (1.00, 0.00)
[ERROR] [1700449141.031904539] [bt_navigator]: Goal failed
[WARN] [1700449141.032120536] [bt_navigator]: [navigate_to_pose] [ActionServer] Aborting handle.
[INFO] [1700449419.771854424] [rclcpp]: signal_handler(signum=2)
[INFO] [1700449419.776802268] [bt_navigator]: Running Nav2 LifecycleNode rcl preshutdown (bt_navigator)
[INFO] [1700449419.777073376] [bt_navigator]: Deactivating
[INFO] [1700449419.777171893] [bt_navigator]: Destroying bond (bt_navigator) to lifecycle manager.
[INFO] [1700449419.808120978] [bt_navigator]: Cleaning up
[INFO] [1700449421.719146041] [bt_navigator]: Completed Cleaning up
[INFO] [1700449421.719374241] [bt_navigator]: Destroying bond (bt_navigator) to lifecycle manager.
