[INFO] [1700515119.200284020] [bt_navigator]: 
	bt_navigator lifecycle node launched. 
	Waiting on external lifecycle transitions to activate
	See https://design.ros2.org/articles/node_lifecycle.html for more information.
[INFO] [1700515119.201196602] [bt_navigator]: Creating
[INFO] [1700515123.179402806] [bt_navigator]: Configuring
[INFO] [1700515125.839315536] [bt_navigator]: Activating
[INFO] [1700515126.587570098] [bt_navigator]: Creating bond (bt_navigator) to lifecycle manager.
[INFO] [1700515151.885137738] [bt_navigator]: Begin navigating from current location (0.32, 0.07) to (0.10, 0.00)
[INFO] [1700515152.275584115] [bt_navigator]: Goal succeeded
[INFO] [1700515152.884348017] [bt_navigator]: Begin navigating from current location (0.31, 0.08) to (0.10, 0.00)
[INFO] [1700515153.375180313] [bt_navigator]: Goal succeeded
[INFO] [1700515153.899038303] [bt_navigator]: Begin navigating from current location (0.31, 0.08) to (0.10, 0.00)
[INFO] [1700515153.989329413] [bt_navigator]: Goal succeeded
[INFO] [1700515154.884755145] [bt_navigator]: Begin navigating from current location (0.31, 0.08) to (0.10, 0.00)
[INFO] [1700515154.975361565] [bt_navigator]: Goal succeeded
[INFO] [1700515155.884732192] [bt_navigator]: Begin navigating from current location (0.31, 0.08) to (0.10, 0.00)
[INFO] [1700515155.975068060] [bt_navigator]: Goal succeeded
[INFO] [1700515156.884995199] [bt_navigator]: Begin navigating from current location (0.31, 0.08) to (0.10, 0.00)
[INFO] [1700515156.975312752] [bt_navigator]: Goal succeeded
[INFO] [1700515157.883281376] [bt_navigator]: Begin navigating from current location (0.31, 0.08) to (0.10, 0.00)
[INFO] [1700515157.973609985] [bt_navigator]: Goal succeeded
[INFO] [1700515158.894146334] [bt_navigator]: Begin navigating from current location (0.31, 0.08) to (0.10, 0.00)
[INFO] [1700515158.995002840] [bt_navigator]: Goal succeeded
[INFO] [1700515159.883831628] [bt_navigator]: Begin navigating from current location (0.31, 0.08) to (0.10, 0.00)
[INFO] [1700515159.974744119] [bt_navigator]: Goal succeeded
[INFO] [1700515160.884155800] [bt_navigator]: Begin navigating from current location (0.31, 0.08) to (0.10, 0.00)
[INFO] [1700515160.954603100] [bt_navigator]: Goal succeeded
[INFO] [1700515161.884608599] [bt_navigator]: Begin navigating from current location (0.31, 0.08) to (0.10, 0.00)
[INFO] [1700515161.975658662] [bt_navigator]: Goal succeeded
[INFO] [1700515162.887730553] [bt_navigator]: Begin navigating from current location (0.31, 0.08) to (0.10, 0.00)
[INFO] [1700515162.978097142] [bt_navigator]: Goal succeeded
[INFO] [1700515163.884523541] [bt_navigator]: Begin navigating from current location (0.31, 0.08) to (0.10, 0.00)
[INFO] [1700515163.974939964] [bt_navigator]: Goal succeeded
[INFO] [1700515164.883366321] [bt_navigator]: Begin navigating from current location (0.31, 0.08) to (0.10, 0.00)
[INFO] [1700515164.973730929] [bt_navigator]: Goal succeeded
[INFO] [1700515165.884080839] [bt_navigator]: Begin navigating from current location (0.31, 0.08) to (0.10, 0.00)
[INFO] [1700515165.974895015] [bt_navigator]: Goal succeeded
[INFO] [1700515166.883821404] [bt_navigator]: Begin navigating from current location (0.31, 0.08) to (0.10, 0.00)
[INFO] [1700515166.974938170] [bt_navigator]: Goal succeeded
[INFO] [1700515167.883361286] [bt_navigator]: Begin navigating from current location (0.31, 0.08) to (0.10, 0.00)
[INFO] [1700515167.953873604] [bt_navigator]: Goal succeeded
[INFO] [1700515168.898813799] [bt_navigator]: Begin navigating from current location (0.31, 0.08) to (0.10, 0.00)
[INFO] [1700515168.979153930] [bt_navigator]: Goal succeeded
[INFO] [1700515169.884337472] [bt_navigator]: Begin navigating from current location (0.31, 0.08) to (0.10, 0.00)
[INFO] [1700515169.964804249] [bt_navigator]: Goal succeeded
[INFO] [1700515170.883814187] [bt_navigator]: Begin navigating from current location (0.31, 0.08) to (0.10, 0.00)
[INFO] [1700515170.974251979] [bt_navigator]: Goal succeeded
[INFO] [1700515171.887675277] [bt_navigator]: Begin navigating from current location (0.31, 0.08) to (0.10, 0.00)
[INFO] [1700515171.978496954] [bt_navigator]: Goal succeeded
[INFO] [1700515172.884215674] [bt_navigator]: Begin navigating from current location (0.31, 0.08) to (0.10, 0.00)
[INFO] [1700515172.974747224] [bt_navigator]: Goal succeeded
[INFO] [1700515173.884524526] [bt_navigator]: Begin navigating from current location (0.31, 0.08) to (0.10, 0.00)
[INFO] [1700515173.964859731] [bt_navigator]: Goal succeeded
[INFO] [1700515174.883186416] [bt_navigator]: Begin navigating from current location (0.31, 0.08) to (0.10, 0.00)
[INFO] [1700515174.973557561] [bt_navigator]: Goal succeeded
[INFO] [1700515175.884703070] [bt_navigator]: Begin navigating from current location (0.31, 0.08) to (0.10, 0.00)
[INFO] [1700515175.975252360] [bt_navigator]: Goal succeeded
[INFO] [1700515176.887134767] [bt_navigator]: Begin navigating from current location (0.31, 0.08) to (0.10, 0.00)
[INFO] [1700515176.977902611] [bt_navigator]: Goal succeeded
[INFO] [1700515177.885307218] [bt_navigator]: Begin navigating from current location (0.31, 0.08) to (0.10, 0.00)
[INFO] [1700515177.975979692] [bt_navigator]: Goal succeeded
[INFO] [1700515178.885184241] [bt_navigator]: Begin navigating from current location (0.31, 0.08) to (0.10, 0.00)
[INFO] [1700515178.975547404] [bt_navigator]: Goal succeeded
[INFO] [1700515179.885081523] [bt_navigator]: Begin navigating from current location (0.31, 0.08) to (0.10, 0.00)
[INFO] [1700515179.975380372] [bt_navigator]: Goal succeeded
[INFO] [1700515180.888354950] [bt_navigator]: Begin navigating from current location (0.31, 0.08) to (0.10, 0.00)
[INFO] [1700515180.969100520] [bt_navigator]: Goal succeeded
[INFO] [1700515181.884324999] [bt_navigator]: Begin navigating from current location (0.31, 0.08) to (0.10, 0.00)
[INFO] [1700515181.975293007] [bt_navigator]: Goal succeeded
[INFO] [1700515182.883594065] [bt_navigator]: Begin navigating from current location (0.31, 0.08) to (0.10, 0.00)
[INFO] [1700515182.974206966] [bt_navigator]: Goal succeeded
[INFO] [1700515183.887937257] [bt_navigator]: Begin navigating from current location (0.31, 0.08) to (0.10, 0.00)
[INFO] [1700515183.991194698] [bt_navigator]: Goal succeeded
[INFO] [1700515184.885093236] [bt_navigator]: Begin navigating from current location (0.31, 0.08) to (0.10, 0.00)
[INFO] [1700515184.976011226] [bt_navigator]: Goal succeeded
[INFO] [1700515185.884166081] [bt_navigator]: Begin navigating from current location (0.31, 0.08) to (0.10, 0.00)
[INFO] [1700515185.974502077] [bt_navigator]: Goal succeeded
[INFO] [1700515186.888714881] [bt_navigator]: Begin navigating from current location (0.31, 0.08) to (0.10, 0.00)
[INFO] [1700515186.949015075] [bt_navigator]: Goal succeeded
[INFO] [1700515187.883342369] [bt_navigator]: Begin navigating from current location (0.31, 0.08) to (0.10, 0.00)
[INFO] [1700515187.963682444] [bt_navigator]: Goal succeeded
[INFO] [1700515188.891875863] [bt_navigator]: Begin navigating from current location (0.31, 0.08) to (0.10, 0.00)
[INFO] [1700515188.982987055] [bt_navigator]: Goal succeeded
[INFO] [1700515189.888671104] [bt_navigator]: Begin navigating from current location (0.31, 0.08) to (0.10, 0.00)
[INFO] [1700515189.968963586] [bt_navigator]: Goal succeeded
[INFO] [1700515190.884443208] [bt_navigator]: Begin navigating from current location (0.31, 0.08) to (0.10, 0.00)
[INFO] [1700515190.977050604] [bt_navigator]: Goal succeeded
[INFO] [1700515191.885179865] [bt_navigator]: Begin navigating from current location (0.31, 0.08) to (0.10, 0.00)
[INFO] [1700515191.975698489] [bt_navigator]: Goal succeeded
[INFO] [1700515192.888512493] [bt_navigator]: Begin navigating from current location (0.31, 0.08) to (0.10, 0.00)
[INFO] [1700515192.978981395] [bt_navigator]: Goal succeeded
[INFO] [1700515193.888956875] [bt_navigator]: Begin navigating from current location (0.31, 0.08) to (0.10, 0.00)
[INFO] [1700515193.969388874] [bt_navigator]: Goal succeeded
[INFO] [1700515194.883425715] [bt_navigator]: Begin navigating from current location (0.31, 0.08) to (0.10, 0.00)
[INFO] [1700515194.975012197] [bt_navigator]: Goal succeeded
[INFO] [1700515195.888582746] [bt_navigator]: Begin navigating from current location (0.31, 0.08) to (0.10, 0.00)
[INFO] [1700515195.972795202] [bt_navigator]: Goal succeeded
[INFO] [1700515196.883940779] [bt_navigator]: Begin navigating from current location (0.31, 0.08) to (0.10, 0.00)
[INFO] [1700515196.974571698] [bt_navigator]: Goal succeeded
[INFO] [1700515197.887581049] [bt_navigator]: Begin navigating from current location (0.31, 0.08) to (0.10, 0.00)
[INFO] [1700515197.970477187] [bt_navigator]: Goal succeeded
[INFO] [1700515198.891961811] [bt_navigator]: Begin navigating from current location (0.31, 0.08) to (0.10, 0.00)
[INFO] [1700515198.974494193] [bt_navigator]: Goal succeeded
[INFO] [1700515199.581017409] [rclcpp]: signal_handler(signum=2)
[INFO] [1700515199.581327646] [bt_navigator]: Running Nav2 LifecycleNode rcl preshutdown (bt_navigator)
[INFO] [1700515199.581585384] [bt_navigator]: Deactivating
[INFO] [1700515199.581709827] [bt_navigator]: Destroying bond (bt_navigator) to lifecycle manager.
[INFO] [1700515199.648594242] [bt_navigator]: Cleaning up
[INFO] [1700515201.805698240] [bt_navigator]: Completed Cleaning up
[INFO] [1700515201.806096587] [bt_navigator]: Destroying bond (bt_navigator) to lifecycle manager.
