[INFO] [1700516525.504773080] [bt_navigator]: 
	bt_navigator lifecycle node launched. 
	Waiting on external lifecycle transitions to activate
	See https://design.ros2.org/articles/node_lifecycle.html for more information.
[INFO] [1700516525.505507460] [bt_navigator]: Creating
[INFO] [1700516531.209586419] [bt_navigator]: Configuring
[INFO] [1700516533.878158925] [bt_navigator]: Activating
[INFO] [1700516534.714574731] [bt_navigator]: Creating bond (bt_navigator) to lifecycle manager.
[INFO] [1700516563.408785431] [bt_navigator]: Begin navigating from current location (0.31, 0.01) to (1.00, 0.00)
[INFO] [1700516631.482837990] [rclcpp]: signal_handler(signum=2)
[INFO] [1700516631.483247818] [bt_navigator]: Running Nav2 LifecycleNode rcl preshutdown (bt_navigator)
[INFO] [1700516631.483544296] [bt_navigator]: Deactivating
[WARN] [1700516631.483629888] [bt_navigator]: [navigate_to_pose] [ActionServer] Requested to deactivate server but goal is still executing. Should check if action server is running before deactivating.
[INFO] [1700516631.515610793] [bt_navigator]: Goal canceled
[WARN] [1700516631.515784365] [bt_navigator]: [navigate_to_pose] [ActionServer] Aborting handle.
[WARN] [1700516631.516217749] [bt_navigator]: [navigate_to_pose] [ActionServer] Stopping the thread per request.
[INFO] [1700516631.516935852] [bt_navigator]: Destroying bond (bt_navigator) to lifecycle manager.
[INFO] [1700516631.624787391] [bt_navigator]: Cleaning up
[INFO] [1700516633.679635139] [bt_navigator]: Completed Cleaning up
[INFO] [1700516633.680587295] [bt_navigator]: Destroying bond (bt_navigator) to lifecycle manager.
