[INFO] [1700514091.998300162] [bt_navigator]: 
	bt_navigator lifecycle node launched. 
	Waiting on external lifecycle transitions to activate
	See https://design.ros2.org/articles/node_lifecycle.html for more information.
[INFO] [1700514092.014113177] [bt_navigator]: Creating
[INFO] [1700514096.579972809] [bt_navigator]: Configuring
[INFO] [1700514099.214965015] [bt_navigator]: Activating
[INFO] [1700514099.836652556] [bt_navigator]: Creating bond (bt_navigator) to lifecycle manager.
[INFO] [1700514213.651034933] [bt_navigator]: Begin navigating from current location (0.01, -0.00) to (0.99, 0.01)
[INFO] [1700514219.241752899] [bt_navigator]: Goal succeeded
[INFO] [1700514595.823577958] [bt_navigator]: Begin navigating from current location (0.77, -0.04) to (1.00, 0.01)
[INFO] [1700514595.913989020] [bt_navigator]: Goal succeeded
[INFO] [1700514990.135427781] [bt_navigator]: Begin navigating from current location (0.77, -0.04) to (0.10, 0.00)
[INFO] [1700514991.146207079] [bt_navigator]: Received goal preemption request
[INFO] [1700514991.148296500] [bt_navigator]: Begin navigating from current location (0.77, -0.08) to (0.10, 0.00)
[INFO] [1700514992.140793192] [bt_navigator]: Received goal preemption request
[INFO] [1700514992.141373649] [bt_navigator]: Begin navigating from current location (0.77, -0.06) to (0.10, 0.00)
[INFO] [1700514993.140684189] [bt_navigator]: Received goal preemption request
[INFO] [1700514993.143552137] [bt_navigator]: Begin navigating from current location (0.71, 0.02) to (0.10, 0.00)
[INFO] [1700514994.160735528] [bt_navigator]: Received goal preemption request
[INFO] [1700514994.168860231] [bt_navigator]: Begin navigating from current location (0.61, 0.05) to (0.10, 0.00)
[INFO] [1700514995.145991043] [bt_navigator]: Received goal preemption request
[INFO] [1700514995.146653813] [bt_navigator]: Begin navigating from current location (0.51, 0.06) to (0.10, 0.00)
[INFO] [1700514996.135897671] [bt_navigator]: Received goal preemption request
[INFO] [1700514996.136526386] [bt_navigator]: Begin navigating from current location (0.37, 0.04) to (0.10, 0.00)
[INFO] [1700514997.146549191] [bt_navigator]: Received goal preemption request
[INFO] [1700514997.148733703] [bt_navigator]: Begin navigating from current location (0.33, 0.06) to (0.10, 0.00)
[INFO] [1700514998.135601717] [bt_navigator]: Received goal preemption request
[INFO] [1700514998.136426318] [bt_navigator]: Begin navigating from current location (0.32, 0.07) to (0.10, 0.00)
[INFO] [1700514999.135485748] [bt_navigator]: Received goal preemption request
[INFO] [1700514999.136352608] [bt_navigator]: Begin navigating from current location (0.32, 0.06) to (0.10, 0.00)
[INFO] [1700515000.135472147] [bt_navigator]: Received goal preemption request
[INFO] [1700515000.136075807] [bt_navigator]: Begin navigating from current location (0.32, 0.07) to (0.10, 0.00)
[INFO] [1700515001.105443483] [bt_navigator]: Goal succeeded
[INFO] [1700515001.135918967] [bt_navigator]: Begin navigating from current location (0.32, 0.07) to (0.10, 0.00)
[INFO] [1700515001.226235822] [bt_navigator]: Goal succeeded
[INFO] [1700515002.136507674] [bt_navigator]: Begin navigating from current location (0.32, 0.07) to (0.10, 0.00)
[INFO] [1700515002.216856550] [bt_navigator]: Goal succeeded
[INFO] [1700515003.136708404] [bt_navigator]: Begin navigating from current location (0.32, 0.07) to (0.10, 0.00)
[INFO] [1700515003.227057239] [bt_navigator]: Goal succeeded
[INFO] [1700515004.136138882] [bt_navigator]: Begin navigating from current location (0.32, 0.07) to (0.10, 0.00)
[INFO] [1700515004.226496440] [bt_navigator]: Goal succeeded
[INFO] [1700515005.136583812] [bt_navigator]: Begin navigating from current location (0.32, 0.07) to (0.10, 0.00)
[INFO] [1700515005.226943832] [bt_navigator]: Goal succeeded
[INFO] [1700515006.135562294] [bt_navigator]: Begin navigating from current location (0.32, 0.07) to (0.10, 0.00)
[INFO] [1700515006.215941688] [bt_navigator]: Goal succeeded
[INFO] [1700515007.135927113] [bt_navigator]: Begin navigating from current location (0.32, 0.07) to (0.10, 0.00)
[INFO] [1700515007.226468687] [bt_navigator]: Goal succeeded
[INFO] [1700515008.137156810] [bt_navigator]: Begin navigating from current location (0.32, 0.07) to (0.10, 0.00)
[INFO] [1700515008.237564678] [bt_navigator]: Goal succeeded
[INFO] [1700515009.136306623] [bt_navigator]: Begin navigating from current location (0.32, 0.07) to (0.10, 0.00)
[INFO] [1700515009.226687902] [bt_navigator]: Goal succeeded
[INFO] [1700515010.135731840] [bt_navigator]: Begin navigating from current location (0.32, 0.07) to (0.10, 0.00)
[INFO] [1700515010.206155737] [bt_navigator]: Goal succeeded
[INFO] [1700515011.138014375] [bt_navigator]: Begin navigating from current location (0.32, 0.07) to (0.10, 0.00)
[INFO] [1700515011.218363584] [bt_navigator]: Goal succeeded
[INFO] [1700515012.135929424] [bt_navigator]: Begin navigating from current location (0.32, 0.07) to (0.10, 0.00)
[INFO] [1700515012.226262537] [bt_navigator]: Goal succeeded
[INFO] [1700515013.136543052] [bt_navigator]: Begin navigating from current location (0.32, 0.07) to (0.10, 0.00)
[INFO] [1700515013.206915430] [bt_navigator]: Goal succeeded
[INFO] [1700515014.136011433] [bt_navigator]: Begin navigating from current location (0.32, 0.07) to (0.10, 0.00)
[INFO] [1700515014.226370564] [bt_navigator]: Goal succeeded
[INFO] [1700515015.135727737] [bt_navigator]: Begin navigating from current location (0.32, 0.07) to (0.10, 0.00)
[INFO] [1700515015.226082609] [bt_navigator]: Goal succeeded
[INFO] [1700515016.136086237] [bt_navigator]: Begin navigating from current location (0.32, 0.07) to (0.10, 0.00)
[INFO] [1700515016.226434850] [bt_navigator]: Goal succeeded
[INFO] [1700515017.135066215] [bt_navigator]: Begin navigating from current location (0.32, 0.07) to (0.10, 0.00)
[INFO] [1700515017.215365610] [bt_navigator]: Goal succeeded
[INFO] [1700515018.136294927] [bt_navigator]: Begin navigating from current location (0.32, 0.07) to (0.10, 0.00)
[INFO] [1700515018.206648973] [bt_navigator]: Goal succeeded
[INFO] [1700515019.136108339] [bt_navigator]: Begin navigating from current location (0.32, 0.07) to (0.10, 0.00)
[INFO] [1700515019.216470530] [bt_navigator]: Goal succeeded
[INFO] [1700515020.135714050] [bt_navigator]: Begin navigating from current location (0.32, 0.07) to (0.10, 0.00)
[INFO] [1700515020.216085962] [bt_navigator]: Goal succeeded
[INFO] [1700515021.136541543] [bt_navigator]: Begin navigating from current location (0.32, 0.07) to (0.10, 0.00)
[INFO] [1700515021.226911674] [bt_navigator]: Goal succeeded
[INFO] [1700515022.135417446] [bt_navigator]: Begin navigating from current location (0.32, 0.07) to (0.10, 0.00)
[INFO] [1700515022.215780988] [bt_navigator]: Goal succeeded
[INFO] [1700515023.136539361] [bt_navigator]: Begin navigating from current location (0.32, 0.07) to (0.10, 0.00)
[INFO] [1700515023.217377601] [bt_navigator]: Goal succeeded
[INFO] [1700515024.136016645] [bt_navigator]: Begin navigating from current location (0.32, 0.07) to (0.10, 0.00)
[INFO] [1700515024.216439779] [bt_navigator]: Goal succeeded
[INFO] [1700515025.136130293] [bt_navigator]: Begin navigating from current location (0.32, 0.07) to (0.10, 0.00)
[INFO] [1700515025.226543405] [bt_navigator]: Goal succeeded
[INFO] [1700515026.136211681] [bt_navigator]: Begin navigating from current location (0.32, 0.07) to (0.10, 0.00)
[INFO] [1700515026.226605330] [bt_navigator]: Goal succeeded
[INFO] [1700515027.135560633] [bt_navigator]: Begin navigating from current location (0.32, 0.07) to (0.10, 0.00)
[INFO] [1700515027.217532267] [bt_navigator]: Goal succeeded
[INFO] [1700515028.136397474] [bt_navigator]: Begin navigating from current location (0.32, 0.07) to (0.10, 0.00)
[INFO] [1700515028.226728457] [bt_navigator]: Goal succeeded
[INFO] [1700515028.376563721] [rclcpp]: signal_handler(signum=2)
[INFO] [1700515028.376695293] [bt_navigator]: Running Nav2 LifecycleNode rcl preshutdown (bt_navigator)
[INFO] [1700515028.376959161] [bt_navigator]: Deactivating
[INFO] [1700515028.377039549] [bt_navigator]: Destroying bond (bt_navigator) to lifecycle manager.
[INFO] [1700515028.432693244] [bt_navigator]: Cleaning up
[INFO] [1700515030.594945344] [bt_navigator]: Completed Cleaning up
[INFO] [1700515030.595144638] [bt_navigator]: Destroying bond (bt_navigator) to lifecycle manager.
