[INFO] [1700323911.455421277] [bt_navigator]: 
	bt_navigator lifecycle node launched. 
	Waiting on external lifecycle transitions to activate
	See https://design.ros2.org/articles/node_lifecycle.html for more information.
[INFO] [1700323911.483245323] [bt_navigator]: Creating
[INFO] [1700323916.206144336] [bt_navigator]: Configuring
[INFO] [1700323918.861737390] [bt_navigator]: Activating
[INFO] [1700323919.609357683] [bt_navigator]: Creating bond (bt_navigator) to lifecycle manager.
[INFO] [1700323997.494300952] [bt_navigator]: Begin navigating from current location (1.53, -1.13) to (-0.15, 0.12)
[INFO] [1700324014.604730836] [bt_navigator]: Goal succeeded
[INFO] [1700324071.937071004] [bt_navigator]: Begin navigating from current location (0.11, -0.02) to (0.16, -1.55)
[INFO] [1700324078.301231102] [bt_navigator]: Goal succeeded
[INFO] [1700324088.184272537] [bt_navigator]: Begin navigating from current location (0.22, -1.31) to (0.32, -1.45)
[INFO] [1700324091.874624764] [bt_navigator]: Goal succeeded
[INFO] [1700324112.615287225] [bt_navigator]: Begin navigating from current location (0.21, -1.28) to (1.89, -1.05)
[INFO] [1700324125.525719108] [bt_navigator]: Goal succeeded
[INFO] [1700324161.907095219] [bt_navigator]: Begin navigating from current location (1.67, -0.95) to (1.76, -0.46)
[INFO] [1700324166.697523195] [bt_navigator]: Goal succeeded
[INFO] [1700324200.576039430] [bt_navigator]: Begin navigating from current location (1.73, -0.73) to (0.31, 0.53)
[INFO] [1700324214.586370231] [bt_navigator]: Goal succeeded
[INFO] [1700324226.883577973] [bt_navigator]: Begin navigating from current location (0.35, 0.22) to (-0.16, -0.00)
[INFO] [1700324228.824070786] [bt_navigator]: Goal succeeded
[INFO] [1700324257.851617354] [bt_navigator]: Begin navigating from current location (0.10, 0.11) to (-0.18, -0.10)
[INFO] [1700324260.491921999] [bt_navigator]: Goal succeeded
[INFO] [1700324345.130886433] [rclcpp]: signal_handler(signum=2)
[INFO] [1700324345.131401610] [bt_navigator]: Running Nav2 LifecycleNode rcl preshutdown (bt_navigator)
[INFO] [1700324345.131720160] [bt_navigator]: Deactivating
[INFO] [1700324345.131845973] [bt_navigator]: Destroying bond (bt_navigator) to lifecycle manager.
[INFO] [1700324345.262889330] [bt_navigator]: Cleaning up
[INFO] [1700324346.931232452] [bt_navigator]: Completed Cleaning up
[INFO] [1700324346.931454189] [bt_navigator]: Destroying bond (bt_navigator) to lifecycle manager.
