[INFO] [1700516525.650000702] [controller_server]: 
	controller_server lifecycle node launched. 
	Waiting on external lifecycle transitions to activate
	See https://design.ros2.org/articles/node_lifecycle.html for more information.
[INFO] [1700516526.063711676] [controller_server]: Creating controller server
[INFO] [1700516528.235784451] [local_costmap.local_costmap]: 
	local_costmap lifecycle node launched. 
	Waiting on external lifecycle transitions to activate
	See https://design.ros2.org/articles/node_lifecycle.html for more information.
[INFO] [1700516528.270323678] [local_costmap.local_costmap]: Creating Costmap
[INFO] [1700516529.469561663] [controller_server]: Configuring controller interface
[INFO] [1700516529.470628910] [controller_server]: getting goal checker plugins..
[INFO] [1700516529.473940556] [controller_server]: Controller frequency set to 15.0000Hz
[INFO] [1700516529.476610822] [local_costmap.local_costmap]: Configuring
[INFO] [1700516529.586357598] [local_costmap.local_costmap]: Using plugin "voxel_layer"
[INFO] [1700516529.605102731] [local_costmap.local_costmap]: Subscribed to Topics: scan
[INFO] [1700516529.671648493] [local_costmap.local_costmap]: Initialized plugin "voxel_layer"
[INFO] [1700516529.671792824] [local_costmap.local_costmap]: Using plugin "inflation_layer"
[INFO] [1700516529.683601742] [local_costmap.local_costmap]: Initialized plugin "inflation_layer"
[INFO] [1700516529.788416909] [controller_server]: Created progress_checker : progress_checker of type nav2_controller::SimpleProgressChecker
[INFO] [1700516529.798997934] [controller_server]: Created goal checker : general_goal_checker of type nav2_controller::SimpleGoalChecker
[INFO] [1700516529.807057637] [controller_server]: Controller Server has general_goal_checker  goal checkers available.
[INFO] [1700516529.820780199] [controller_server]: Created controller : FollowPath of type dwb_core::DWBLocalPlanner
[INFO] [1700516529.843143068] [controller_server]: Setting transform_tolerance to 0.200000
[INFO] [1700516529.972365339] [controller_server]: Using critic "RotateToGoal" (dwb_critics::RotateToGoalCritic)
[INFO] [1700516529.985054303] [controller_server]: Critic plugin initialized
[INFO] [1700516529.989325049] [controller_server]: Using critic "Oscillation" (dwb_critics::OscillationCritic)
[INFO] [1700516530.002917280] [controller_server]: Critic plugin initialized
[INFO] [1700516530.007381191] [controller_server]: Using critic "BaseObstacle" (dwb_critics::BaseObstacleCritic)
[INFO] [1700516530.013525082] [controller_server]: Critic plugin initialized
[INFO] [1700516530.017604294] [controller_server]: Using critic "GoalAlign" (dwb_critics::GoalAlignCritic)
[INFO] [1700516530.022696734] [controller_server]: Critic plugin initialized
[INFO] [1700516530.024034996] [controller_server]: Using critic "PathAlign" (dwb_critics::PathAlignCritic)
[INFO] [1700516530.028901995] [controller_server]: Critic plugin initialized
[INFO] [1700516530.030227017] [controller_server]: Using critic "PathDist" (dwb_critics::PathDistCritic)
[INFO] [1700516530.032817098] [controller_server]: Critic plugin initialized
[INFO] [1700516530.034192434] [controller_server]: Using critic "GoalDist" (dwb_critics::GoalDistCritic)
[INFO] [1700516530.045214824] [controller_server]: Critic plugin initialized
[INFO] [1700516530.045564153] [controller_server]: Controller Server has FollowPath  controllers available.
[INFO] [1700516532.067841304] [controller_server]: Activating
[INFO] [1700516532.067989172] [local_costmap.local_costmap]: Activating
[INFO] [1700516532.068039505] [local_costmap.local_costmap]: Checking transform
[INFO] [1700516532.068383686] [local_costmap.local_costmap]: start
[INFO] [1700516532.278062150] [controller_server]: Creating bond (controller_server) to lifecycle manager.
[INFO] [1700516544.649159229] [local_costmap.local_costmap]: Message Filter dropping message: frame 'laser_frame' at time 1700516544.234 for reason 'the timestamp on the message is earlier than all the data in the transform cache'
[INFO] [1700516544.880872269] [local_costmap.local_costmap]: Message Filter dropping message: frame 'laser_frame' at time 1700516544.468 for reason 'the timestamp on the message is earlier than all the data in the transform cache'
[INFO] [1700516563.606345128] [controller_server]: Received a goal, begin computing control effort.
[WARN] [1700516563.606631032] [controller_server]: No goal checker was specified in parameter 'current_goal_checker'. Server will use only plugin loaded general_goal_checker . This warning will appear once.
[INFO] [1700516564.674229717] [controller_server]: Passing new path to controller.
[INFO] [1700516565.742445951] [controller_server]: Passing new path to controller.
[INFO] [1700516566.741874634] [controller_server]: Passing new path to controller.
[INFO] [1700516567.807589934] [controller_server]: Passing new path to controller.
[INFO] [1700516568.807577759] [controller_server]: Passing new path to controller.
[INFO] [1700516569.807583880] [controller_server]: Passing new path to controller.
[INFO] [1700516570.874242631] [controller_server]: Passing new path to controller.
[INFO] [1700516571.874231308] [controller_server]: Passing new path to controller.
[INFO] [1700516572.940930522] [controller_server]: Passing new path to controller.
[INFO] [1700516574.007577366] [controller_server]: Passing new path to controller.
[INFO] [1700516575.007578839] [controller_server]: Passing new path to controller.
[INFO] [1700516576.074241238] [controller_server]: Passing new path to controller.
[INFO] [1700516577.074252026] [controller_server]: Passing new path to controller.
[INFO] [1700516578.142211614] [controller_server]: Passing new path to controller.
[INFO] [1700516579.141656760] [controller_server]: Passing new path to controller.
[INFO] [1700516580.141047684] [controller_server]: Passing new path to controller.
[ERROR] [1700516580.607862113] [controller_server]: Failed to make progress
[WARN] [1700516580.608893027] [controller_server]: [follow_path] [ActionServer] Aborting handle.
[INFO] [1700516580.611302554] [local_costmap.local_costmap]: Received request to clear entirely the local_costmap
[INFO] [1700516580.619265665] [controller_server]: Received a goal, begin computing control effort.
[WARN] [1700516580.698977495] [controller_server]: Control loop missed its desired rate of 15.0000Hz
[INFO] [1700516581.223787655] [controller_server]: Passing new path to controller.
[INFO] [1700516582.224171086] [controller_server]: Passing new path to controller.
[INFO] [1700516583.290452620] [controller_server]: Passing new path to controller.
[INFO] [1700516584.290464037] [controller_server]: Passing new path to controller.
[INFO] [1700516585.357112733] [controller_server]: Passing new path to controller.
[INFO] [1700516586.357114076] [controller_server]: Passing new path to controller.
[INFO] [1700516587.424055231] [controller_server]: Passing new path to controller.
[INFO] [1700516588.423795744] [controller_server]: Passing new path to controller.
[INFO] [1700516589.490448939] [controller_server]: Passing new path to controller.
[INFO] [1700516590.490465875] [controller_server]: Passing new path to controller.
[INFO] [1700516591.557207976] [controller_server]: Passing new path to controller.
[INFO] [1700516592.557705777] [controller_server]: Passing new path to controller.
[INFO] [1700516593.623848071] [controller_server]: Passing new path to controller.
[INFO] [1700516594.690453026] [controller_server]: Passing new path to controller.
[INFO] [1700516595.690454943] [controller_server]: Passing new path to controller.
[INFO] [1700516596.757118249] [controller_server]: Passing new path to controller.
[ERROR] [1700516597.690927679] [controller_server]: Failed to make progress
[WARN] [1700516597.691359933] [controller_server]: [follow_path] [ActionServer] Aborting handle.
[INFO] [1700516597.710886872] [local_costmap.local_costmap]: Received request to clear entirely the local_costmap
[INFO] [1700516598.611305727] [controller_server]: Received a goal, begin computing control effort.
[INFO] [1700516599.682390260] [controller_server]: Passing new path to controller.
[INFO] [1700516600.682326289] [controller_server]: Passing new path to controller.
[INFO] [1700516601.749019706] [controller_server]: Passing new path to controller.
[INFO] [1700516602.748978253] [controller_server]: Passing new path to controller.
[INFO] [1700516603.815993592] [controller_server]: Passing new path to controller.
[INFO] [1700516604.816707315] [controller_server]: Passing new path to controller.
[INFO] [1700516605.882381151] [controller_server]: Passing new path to controller.
[INFO] [1700516606.882526381] [controller_server]: Passing new path to controller.
[INFO] [1700516607.950017641] [controller_server]: Passing new path to controller.
[INFO] [1700516608.950359572] [controller_server]: Passing new path to controller.
[INFO] [1700516610.015661913] [controller_server]: Passing new path to controller.
[INFO] [1700516611.016692262] [controller_server]: Passing new path to controller.
[INFO] [1700516612.082339376] [controller_server]: Passing new path to controller.
[INFO] [1700516613.082338533] [controller_server]: Passing new path to controller.
[INFO] [1700516614.149935847] [controller_server]: Passing new path to controller.
[INFO] [1700516615.149414362] [controller_server]: Passing new path to controller.
[ERROR] [1700516615.615864702] [controller_server]: Failed to make progress
[WARN] [1700516615.616274309] [controller_server]: [follow_path] [ActionServer] Aborting handle.
[INFO] [1700516615.630505569] [local_costmap.local_costmap]: Received request to clear entirely the local_costmap
[INFO] [1700516615.635820155] [controller_server]: Received a goal, begin computing control effort.
[INFO] [1700516616.237850766] [controller_server]: Passing new path to controller.
[INFO] [1700516617.236692696] [controller_server]: Passing new path to controller.
[INFO] [1700516618.303294503] [controller_server]: Passing new path to controller.
[INFO] [1700516619.303378363] [controller_server]: Passing new path to controller.
[INFO] [1700516620.369982448] [controller_server]: Passing new path to controller.
[INFO] [1700516621.369973772] [controller_server]: Passing new path to controller.
[INFO] [1700516622.436794594] [controller_server]: Passing new path to controller.
[INFO] [1700516623.436657994] [controller_server]: Passing new path to controller.
[INFO] [1700516624.503308096] [controller_server]: Passing new path to controller.
[INFO] [1700516625.503313420] [controller_server]: Passing new path to controller.
[INFO] [1700516626.503294299] [controller_server]: Passing new path to controller.
[INFO] [1700516627.569961716] [controller_server]: Passing new path to controller.
[INFO] [1700516628.636674540] [controller_server]: Passing new path to controller.
[INFO] [1700516629.636943398] [controller_server]: Passing new path to controller.
[INFO] [1700516630.703312559] [controller_server]: Passing new path to controller.
[INFO] [1700516631.474572975] [rclcpp]: signal_handler(signum=2)
[INFO] [1700516631.475085802] [local_costmap.local_costmap]: Running Nav2 LifecycleNode rcl preshutdown (local_costmap)
[INFO] [1700516631.475346911] [local_costmap.local_costmap]: Deactivating
[INFO] [1700516631.508600060] [controller_server]: Goal was canceled. Stopping the robot.
[WARN] [1700516631.508817428] [controller_server]: [follow_path] [ActionServer] Client requested to cancel the goal. Cancelling.
[INFO] [1700516631.668945635] [local_costmap.local_costmap]: Cleaning up
[INFO] [1700516631.909325055] [local_costmap.local_costmap]: Destroying bond (local_costmap) to lifecycle manager.
[INFO] [1700516631.914143258] [controller_server]: Running Nav2 LifecycleNode rcl preshutdown (controller_server)
[INFO] [1700516631.920964993] [controller_server]: Deactivating
[INFO] [1700516631.921209009] [controller_server]: Destroying bond (controller_server) to lifecycle manager.
[INFO] [1700516632.007806018] [controller_server]: Cleaning up
[INFO] [1700516632.882768022] [controller_server]: Destroying bond (controller_server) to lifecycle manager.
