[INFO] [1700513571.530066956] [controller_server]: 
	controller_server lifecycle node launched. 
	Waiting on external lifecycle transitions to activate
	See https://design.ros2.org/articles/node_lifecycle.html for more information.
[INFO] [1700513571.644556850] [controller_server]: Creating controller server
[INFO] [1700513573.047661607] [local_costmap.local_costmap]: 
	local_costmap lifecycle node launched. 
	Waiting on external lifecycle transitions to activate
	See https://design.ros2.org/articles/node_lifecycle.html for more information.
[INFO] [1700513573.113451219] [local_costmap.local_costmap]: Creating Costmap
[INFO] [1700513575.185250912] [controller_server]: Configuring controller interface
[INFO] [1700513575.185877997] [controller_server]: getting goal checker plugins..
[INFO] [1700513575.186349806] [controller_server]: Controller frequency set to 20.0000Hz
[INFO] [1700513575.186539211] [local_costmap.local_costmap]: Configuring
[INFO] [1700513575.233632198] [local_costmap.local_costmap]: Using plugin "voxel_layer"
[INFO] [1700513575.253843194] [local_costmap.local_costmap]: Subscribed to Topics: scan
[INFO] [1700513575.327828614] [local_costmap.local_costmap]: Initialized plugin "voxel_layer"
[INFO] [1700513575.327993779] [local_costmap.local_costmap]: Using plugin "inflation_layer"
[INFO] [1700513575.338295581] [local_costmap.local_costmap]: Initialized plugin "inflation_layer"
[INFO] [1700513575.422559710] [controller_server]: Created progress_checker : progress_checker of type nav2_controller::SimpleProgressChecker
[INFO] [1700513575.430498447] [controller_server]: Created goal checker : general_goal_checker of type nav2_controller::SimpleGoalChecker
[INFO] [1700513575.434367938] [controller_server]: Controller Server has general_goal_checker  goal checkers available.
[INFO] [1700513575.449175647] [controller_server]: Created controller : FollowPath of type dwb_core::DWBLocalPlanner
[INFO] [1700513575.464577684] [controller_server]: Setting transform_tolerance to 0.200000
[INFO] [1700513575.578143755] [controller_server]: Using critic "RotateToGoal" (dwb_critics::RotateToGoalCritic)
[INFO] [1700513575.587609381] [controller_server]: Critic plugin initialized
[INFO] [1700513575.589713856] [controller_server]: Using critic "Oscillation" (dwb_critics::OscillationCritic)
[INFO] [1700513575.599767531] [controller_server]: Critic plugin initialized
[INFO] [1700513575.602906419] [controller_server]: Using critic "BaseObstacle" (dwb_critics::BaseObstacleCritic)
[INFO] [1700513575.607318402] [controller_server]: Critic plugin initialized
[INFO] [1700513575.610059203] [controller_server]: Using critic "GoalAlign" (dwb_critics::GoalAlignCritic)
[INFO] [1700513575.617236208] [controller_server]: Critic plugin initialized
[INFO] [1700513575.620034749] [controller_server]: Using critic "PathAlign" (dwb_critics::PathAlignCritic)
[INFO] [1700513575.627245791] [controller_server]: Critic plugin initialized
[INFO] [1700513575.630022850] [controller_server]: Using critic "PathDist" (dwb_critics::PathDistCritic)
[INFO] [1700513575.635049808] [controller_server]: Critic plugin initialized
[INFO] [1700513575.637391502] [controller_server]: Using critic "GoalDist" (dwb_critics::GoalDistCritic)
[INFO] [1700513575.643778184] [controller_server]: Critic plugin initialized
[INFO] [1700513575.643957645] [controller_server]: Controller Server has FollowPath  controllers available.
[INFO] [1700513577.541557427] [controller_server]: Activating
[INFO] [1700513577.541726610] [local_costmap.local_costmap]: Activating
[INFO] [1700513577.541785887] [local_costmap.local_costmap]: Checking transform
[INFO] [1700513577.542170161] [local_costmap.local_costmap]: start
[INFO] [1700513577.753234479] [controller_server]: Creating bond (controller_server) to lifecycle manager.
[INFO] [1700513694.128948385] [controller_server]: Received a goal, begin computing control effort.
[WARN] [1700513694.132515342] [controller_server]: No goal checker was specified in parameter 'current_goal_checker'. Server will use only plugin loaded general_goal_checker . This warning will appear once.
[INFO] [1700513695.186027435] [controller_server]: Passing new path to controller.
[INFO] [1700513696.236049144] [controller_server]: Passing new path to controller.
[INFO] [1700513697.235974828] [controller_server]: Passing new path to controller.
[INFO] [1700513698.286027834] [controller_server]: Passing new path to controller.
[INFO] [1700513699.286026647] [controller_server]: Passing new path to controller.
[INFO] [1700513700.336050839] [controller_server]: Passing new path to controller.
[INFO] [1700513701.386025218] [controller_server]: Passing new path to controller.
[INFO] [1700513702.386020957] [controller_server]: Passing new path to controller.
[INFO] [1700513703.436040355] [controller_server]: Passing new path to controller.
[INFO] [1700513704.486018994] [controller_server]: Passing new path to controller.
[INFO] [1700513705.486028549] [controller_server]: Passing new path to controller.
[INFO] [1700513706.536361592] [controller_server]: Passing new path to controller.
[INFO] [1700513707.536068467] [controller_server]: Passing new path to controller.
[INFO] [1700513708.586022997] [controller_server]: Passing new path to controller.
[INFO] [1700513709.586020165] [controller_server]: Passing new path to controller.
[INFO] [1700513710.636037380] [controller_server]: Passing new path to controller.
[INFO] [1700513711.686016725] [controller_server]: Passing new path to controller.
[INFO] [1700513712.686060320] [controller_server]: Passing new path to controller.
[INFO] [1700513713.736048684] [controller_server]: Passing new path to controller.
[INFO] [1700513714.736087187] [controller_server]: Passing new path to controller.
[ERROR] [1700513714.936318056] [controller_server]: Failed to make progress
[WARN] [1700513714.936652255] [controller_server]: [follow_path] [ActionServer] Aborting handle.
[INFO] [1700513714.947590420] [local_costmap.local_costmap]: Received request to clear entirely the local_costmap
[INFO] [1700513714.951999682] [controller_server]: Received a goal, begin computing control effort.
[WARN] [1700513715.171356838] [controller_server]: Control loop missed its desired rate of 20.0000Hz
[INFO] [1700513715.771467525] [controller_server]: Passing new path to controller.
[INFO] [1700513716.821464075] [controller_server]: Passing new path to controller.
[INFO] [1700513717.871511811] [controller_server]: Passing new path to controller.
[INFO] [1700513718.872637136] [controller_server]: Passing new path to controller.
[INFO] [1700513719.921458665] [controller_server]: Passing new path to controller.
[INFO] [1700513720.921479651] [controller_server]: Passing new path to controller.
[INFO] [1700513721.971465500] [controller_server]: Passing new path to controller.
[INFO] [1700513723.021457090] [controller_server]: Passing new path to controller.
[INFO] [1700513724.021452190] [controller_server]: Passing new path to controller.
[INFO] [1700513725.072715506] [controller_server]: Passing new path to controller.
[INFO] [1700513726.121458575] [controller_server]: Passing new path to controller.
[INFO] [1700513727.121464731] [controller_server]: Passing new path to controller.
[INFO] [1700513728.171460267] [controller_server]: Passing new path to controller.
[INFO] [1700513729.221457619] [controller_server]: Passing new path to controller.
[INFO] [1700513730.221455294] [controller_server]: Passing new path to controller.
[INFO] [1700513731.271506312] [controller_server]: Passing new path to controller.
[ERROR] [1700513732.171703022] [controller_server]: Failed to make progress
[WARN] [1700513732.172097980] [controller_server]: [follow_path] [ActionServer] Aborting handle.
[INFO] [1700513732.187445888] [local_costmap.local_costmap]: Received request to clear entirely the local_costmap
[INFO] [1700513733.067825670] [controller_server]: Received a goal, begin computing control effort.
[INFO] [1700513734.118367887] [controller_server]: Passing new path to controller.
[INFO] [1700513735.168334093] [controller_server]: Passing new path to controller.
[INFO] [1700513736.168347807] [controller_server]: Passing new path to controller.
[INFO] [1700513737.218395531] [controller_server]: Passing new path to controller.
[INFO] [1700513738.218530115] [controller_server]: Passing new path to controller.
[INFO] [1700513739.268336806] [controller_server]: Passing new path to controller.
[INFO] [1700513740.318337957] [controller_server]: Passing new path to controller.
[INFO] [1700513741.318340396] [controller_server]: Passing new path to controller.
[INFO] [1700513742.369015984] [controller_server]: Passing new path to controller.
[INFO] [1700513743.418356867] [controller_server]: Passing new path to controller.
[INFO] [1700513744.418683062] [controller_server]: Passing new path to controller.
[INFO] [1700513745.468388756] [controller_server]: Passing new path to controller.
[INFO] [1700513746.468395066] [controller_server]: Passing new path to controller.
[INFO] [1700513747.518323925] [controller_server]: Passing new path to controller.
[INFO] [1700513748.568377153] [controller_server]: Passing new path to controller.
[INFO] [1700513749.568570999] [controller_server]: Passing new path to controller.
[ERROR] [1700513750.069230980] [controller_server]: Failed to make progress
[WARN] [1700513750.071366233] [controller_server]: [follow_path] [ActionServer] Aborting handle.
[INFO] [1700513750.087414521] [local_costmap.local_costmap]: Received request to clear entirely the local_costmap
[INFO] [1700513750.089891084] [controller_server]: Received a goal, begin computing control effort.
[WARN] [1700513750.170378061] [controller_server]: Control loop missed its desired rate of 20.0000Hz
[INFO] [1700513750.640937497] [controller_server]: Passing new path to controller.
[INFO] [1700513751.640941568] [controller_server]: Passing new path to controller.
[INFO] [1700513752.690929317] [controller_server]: Passing new path to controller.
[INFO] [1700513753.741701019] [controller_server]: Passing new path to controller.
[INFO] [1700513754.740944841] [controller_server]: Passing new path to controller.
[INFO] [1700513755.790925073] [controller_server]: Passing new path to controller.
[INFO] [1700513756.790921516] [controller_server]: Passing new path to controller.
[INFO] [1700513757.840959525] [controller_server]: Passing new path to controller.
[INFO] [1700513758.890936369] [controller_server]: Passing new path to controller.
[INFO] [1700513759.890930665] [controller_server]: Passing new path to controller.
[INFO] [1700513760.940939787] [controller_server]: Passing new path to controller.
[INFO] [1700513761.990919835] [controller_server]: Passing new path to controller.
[INFO] [1700513762.990919928] [controller_server]: Passing new path to controller.
[INFO] [1700513764.040926421] [controller_server]: Passing new path to controller.
[INFO] [1700513765.040930997] [controller_server]: Passing new path to controller.
[INFO] [1700513766.090919361] [controller_server]: Passing new path to controller.
[INFO] [1700513767.140943855] [controller_server]: Passing new path to controller.
[ERROR] [1700513767.191097234] [controller_server]: Failed to make progress
[WARN] [1700513767.191332027] [controller_server]: [follow_path] [ActionServer] Aborting handle.
[INFO] [1700513769.857784229] [controller_server]: Received a goal, begin computing control effort.
[INFO] [1700513770.958324469] [controller_server]: Passing new path to controller.
[WARN] [1700513771.925426553] [controller_server]: Control loop missed its desired rate of 20.0000Hz
[INFO] [1700513771.958352806] [controller_server]: Passing new path to controller.
[INFO] [1700513773.008850981] [controller_server]: Passing new path to controller.
[INFO] [1700513774.058323632] [controller_server]: Passing new path to controller.
[INFO] [1700513775.058328859] [controller_server]: Passing new path to controller.
[INFO] [1700513776.108362985] [controller_server]: Passing new path to controller.
[WARN] [1700513776.259360634] [controller_server]: Control loop missed its desired rate of 20.0000Hz
[INFO] [1700513777.158332760] [controller_server]: Passing new path to controller.
[INFO] [1700513778.158335340] [controller_server]: Passing new path to controller.
[INFO] [1700513779.158322643] [controller_server]: Passing new path to controller.
[INFO] [1700513780.208366289] [controller_server]: Passing new path to controller.
[INFO] [1700513781.258343139] [controller_server]: Passing new path to controller.
[INFO] [1700513782.308372823] [controller_server]: Passing new path to controller.
[INFO] [1700513783.308374682] [controller_server]: Passing new path to controller.
[INFO] [1700513784.358339090] [controller_server]: Passing new path to controller.
[INFO] [1700513785.408358479] [controller_server]: Passing new path to controller.
[INFO] [1700513786.408850870] [controller_server]: Passing new path to controller.
[ERROR] [1700513786.858503099] [controller_server]: Failed to make progress
[WARN] [1700513786.858877946] [controller_server]: [follow_path] [ActionServer] Aborting handle.
[INFO] [1700513786.877616610] [local_costmap.local_costmap]: Received request to clear entirely the local_costmap
[INFO] [1700513786.883522262] [controller_server]: Received a goal, begin computing control effort.
[WARN] [1700513786.976474830] [controller_server]: Control loop missed its desired rate of 20.0000Hz
[WARN] [1700513786.995466676] [controller_server]: Control loop missed its desired rate of 20.0000Hz
[INFO] [1700513787.484148696] [controller_server]: Passing new path to controller.
[INFO] [1700513788.484152872] [controller_server]: Passing new path to controller.
[INFO] [1700513789.534822180] [controller_server]: Passing new path to controller.
[INFO] [1700513790.584138690] [controller_server]: Passing new path to controller.
[INFO] [1700513791.584147144] [controller_server]: Passing new path to controller.
[INFO] [1700513791.831019198] [rclcpp]: signal_handler(signum=2)
[INFO] [1700513791.831367434] [local_costmap.local_costmap]: Running Nav2 LifecycleNode rcl preshutdown (local_costmap)
[INFO] [1700513791.831613598] [local_costmap.local_costmap]: Deactivating
[INFO] [1700513791.942596117] [local_costmap.local_costmap]: Cleaning up
[WARN] [1700513792.067158899] [controller_server]: Control loop missed its desired rate of 20.0000Hz
[INFO] [1700513792.067347027] [controller_server]: Goal was canceled. Stopping the robot.
[WARN] [1700513792.067401989] [controller_server]: [follow_path] [ActionServer] Client requested to cancel the goal. Cancelling.
[INFO] [1700513792.291494446] [local_costmap.local_costmap]: Destroying bond (local_costmap) to lifecycle manager.
[INFO] [1700513792.291864849] [controller_server]: Running Nav2 LifecycleNode rcl preshutdown (controller_server)
[INFO] [1700513792.292500990] [controller_server]: Deactivating
[INFO] [1700513792.292669747] [controller_server]: Destroying bond (controller_server) to lifecycle manager.
[INFO] [1700513792.395877582] [controller_server]: Cleaning up
[INFO] [1700513793.064478201] [controller_server]: Destroying bond (controller_server) to lifecycle manager.
