[INFO] [1700401461.044241228] [controller_server]: 
	controller_server lifecycle node launched. 
	Waiting on external lifecycle transitions to activate
	See https://design.ros2.org/articles/node_lifecycle.html for more information.
[INFO] [1700401461.295615124] [controller_server]: Creating controller server
[INFO] [1700401463.642160579] [local_costmap.local_costmap]: 
	local_costmap lifecycle node launched. 
	Waiting on external lifecycle transitions to activate
	See https://design.ros2.org/articles/node_lifecycle.html for more information.
[INFO] [1700401463.658513107] [local_costmap.local_costmap]: Creating Costmap
[INFO] [1700401465.344611156] [controller_server]: Configuring controller interface
[INFO] [1700401465.345566848] [controller_server]: getting goal checker plugins..
[INFO] [1700401465.346184174] [controller_server]: Controller frequency set to 20.0000Hz
[INFO] [1700401465.346400561] [local_costmap.local_costmap]: Configuring
[INFO] [1700401465.400429644] [local_costmap.local_costmap]: Using plugin "voxel_layer"
[INFO] [1700401465.420466814] [local_costmap.local_costmap]: Subscribed to Topics: scan
[INFO] [1700401465.487943941] [local_costmap.local_costmap]: Initialized plugin "voxel_layer"
[INFO] [1700401465.488133291] [local_costmap.local_costmap]: Using plugin "inflation_layer"
[INFO] [1700401465.496801077] [local_costmap.local_costmap]: Initialized plugin "inflation_layer"
[INFO] [1700401465.580561772] [controller_server]: Created progress_checker : progress_checker of type nav2_controller::SimpleProgressChecker
[INFO] [1700401465.586088947] [controller_server]: Created goal checker : general_goal_checker of type nav2_controller::SimpleGoalChecker
[INFO] [1700401465.588824803] [controller_server]: Controller Server has general_goal_checker  goal checkers available.
[INFO] [1700401465.604061549] [controller_server]: Created controller : FollowPath of type dwb_core::DWBLocalPlanner
[INFO] [1700401465.616530364] [controller_server]: Setting transform_tolerance to 0.200000
[INFO] [1700401465.737328342] [controller_server]: Using critic "RotateToGoal" (dwb_critics::RotateToGoalCritic)
[INFO] [1700401465.747713127] [controller_server]: Critic plugin initialized
[INFO] [1700401465.750216246] [controller_server]: Using critic "Oscillation" (dwb_critics::OscillationCritic)
[INFO] [1700401465.759682596] [controller_server]: Critic plugin initialized
[INFO] [1700401465.763296072] [controller_server]: Using critic "BaseObstacle" (dwb_critics::BaseObstacleCritic)
[INFO] [1700401465.769443944] [controller_server]: Critic plugin initialized
[INFO] [1700401465.771094480] [controller_server]: Using critic "GoalAlign" (dwb_critics::GoalAlignCritic)
[INFO] [1700401465.781887297] [controller_server]: Critic plugin initialized
[INFO] [1700401465.785010834] [controller_server]: Using critic "PathAlign" (dwb_critics::PathAlignCritic)
[INFO] [1700401465.792388154] [controller_server]: Critic plugin initialized
[INFO] [1700401465.796606937] [controller_server]: Using critic "PathDist" (dwb_critics::PathDistCritic)
[INFO] [1700401465.801743210] [controller_server]: Critic plugin initialized
[INFO] [1700401465.804109293] [controller_server]: Using critic "GoalDist" (dwb_critics::GoalDistCritic)
[INFO] [1700401465.808775386] [controller_server]: Critic plugin initialized
[INFO] [1700401465.808951995] [controller_server]: Controller Server has FollowPath  controllers available.
[INFO] [1700401468.029618312] [controller_server]: Activating
[INFO] [1700401468.029742459] [local_costmap.local_costmap]: Activating
[INFO] [1700401468.029791681] [local_costmap.local_costmap]: Checking transform
[INFO] [1700401468.030146565] [local_costmap.local_costmap]: start
[INFO] [1700401468.240407189] [controller_server]: Creating bond (controller_server) to lifecycle manager.
[INFO] [1700401477.227747195] [local_costmap.local_costmap]: Message Filter dropping message: frame 'laser_frame' at time 1700401476.812 for reason 'the timestamp on the message is earlier than all the data in the transform cache'
[INFO] [1700401768.119010619] [rclcpp]: signal_handler(signum=2)
[INFO] [1700401768.119583649] [local_costmap.local_costmap]: Running Nav2 LifecycleNode rcl preshutdown (local_costmap)
[INFO] [1700401768.119914571] [local_costmap.local_costmap]: Deactivating
[INFO] [1700401768.230577491] [local_costmap.local_costmap]: Cleaning up
[INFO] [1700401768.283602552] [local_costmap.local_costmap]: Destroying bond (local_costmap) to lifecycle manager.
[INFO] [1700401768.283734717] [controller_server]: Running Nav2 LifecycleNode rcl preshutdown (controller_server)
[INFO] [1700401768.283831808] [controller_server]: Deactivating
[INFO] [1700401768.283962547] [controller_server]: Destroying bond (controller_server) to lifecycle manager.
[INFO] [1700401768.296617491] [controller_server]: Cleaning up
[INFO] [1700401768.539373615] [controller_server]: Destroying bond (controller_server) to lifecycle manager.
