[INFO] [1700321126.847485181] [controller_server]: 
	controller_server lifecycle node launched. 
	Waiting on external lifecycle transitions to activate
	See https://design.ros2.org/articles/node_lifecycle.html for more information.
[INFO] [1700321126.908253055] [controller_server]: Creating controller server
[INFO] [1700321127.043425308] [local_costmap.local_costmap]: 
	local_costmap lifecycle node launched. 
	Waiting on external lifecycle transitions to activate
	See https://design.ros2.org/articles/node_lifecycle.html for more information.
[INFO] [1700321127.074405146] [local_costmap.local_costmap]: Creating Costmap
[INFO] [1700321127.284141665] [controller_server]: Configuring controller interface
[INFO] [1700321127.284638215] [controller_server]: getting goal checker plugins..
[INFO] [1700321127.284951693] [controller_server]: Controller frequency set to 20.0000Hz
[INFO] [1700321127.285134691] [local_costmap.local_costmap]: Configuring
[INFO] [1700321127.311218322] [local_costmap.local_costmap]: Using plugin "voxel_layer"
[INFO] [1700321127.329177224] [local_costmap.local_costmap]: Subscribed to Topics: scan
[INFO] [1700321127.360965962] [local_costmap.local_costmap]: Initialized plugin "voxel_layer"
[INFO] [1700321127.361111682] [local_costmap.local_costmap]: Using plugin "inflation_layer"
[INFO] [1700321127.366371978] [local_costmap.local_costmap]: Initialized plugin "inflation_layer"
[INFO] [1700321127.397442612] [controller_server]: Created progress_checker : progress_checker of type nav2_controller::SimpleProgressChecker
[INFO] [1700321127.401296849] [controller_server]: Created goal checker : general_goal_checker of type nav2_controller::SimpleGoalChecker
[INFO] [1700321127.402716556] [controller_server]: Controller Server has general_goal_checker  goal checkers available.
[INFO] [1700321127.415176757] [controller_server]: Created controller : FollowPath of type dwb_core::DWBLocalPlanner
[INFO] [1700321127.417436085] [controller_server]: Setting transform_tolerance to 0.200000
[INFO] [1700321127.448709643] [controller_server]: Using critic "RotateToGoal" (dwb_critics::RotateToGoalCritic)
[INFO] [1700321127.450219590] [controller_server]: Critic plugin initialized
[INFO] [1700321127.450796750] [controller_server]: Using critic "Oscillation" (dwb_critics::OscillationCritic)
[INFO] [1700321127.452069515] [controller_server]: Critic plugin initialized
[INFO] [1700321127.452518584] [controller_server]: Using critic "BaseObstacle" (dwb_critics::BaseObstacleCritic)
[INFO] [1700321127.453081152] [controller_server]: Critic plugin initialized
[INFO] [1700321127.453497166] [controller_server]: Using critic "GoalAlign" (dwb_critics::GoalAlignCritic)
[INFO] [1700321127.454429064] [controller_server]: Critic plugin initialized
[INFO] [1700321127.454882763] [controller_server]: Using critic "PathAlign" (dwb_critics::PathAlignCritic)
[INFO] [1700321127.457804583] [controller_server]: Critic plugin initialized
[INFO] [1700321127.458782999] [controller_server]: Using critic "PathDist" (dwb_critics::PathDistCritic)
[INFO] [1700321127.460580091] [controller_server]: Critic plugin initialized
[INFO] [1700321127.461498730] [controller_server]: Using critic "GoalDist" (dwb_critics::GoalDistCritic)
[INFO] [1700321127.463257952] [controller_server]: Critic plugin initialized
[INFO] [1700321127.463405820] [controller_server]: Controller Server has FollowPath  controllers available.
[INFO] [1700321128.382667986] [controller_server]: Activating
[INFO] [1700321128.382840095] [local_costmap.local_costmap]: Activating
[INFO] [1700321128.382934687] [local_costmap.local_costmap]: Checking transform
[INFO] [1700321128.383218795] [local_costmap.local_costmap]: Timed out waiting for transform from base_link to odom to become available, tf error: Invalid frame ID "odom" passed to canTransform argument target_frame - frame does not exist
[INFO] [1700321128.883241199] [local_costmap.local_costmap]: Timed out waiting for transform from base_link to odom to become available, tf error: Invalid frame ID "odom" passed to canTransform argument target_frame - frame does not exist
[INFO] [1700321129.383248936] [local_costmap.local_costmap]: Timed out waiting for transform from base_link to odom to become available, tf error: Invalid frame ID "odom" passed to canTransform argument target_frame - frame does not exist
[INFO] [1700321129.883220081] [local_costmap.local_costmap]: Timed out waiting for transform from base_link to odom to become available, tf error: Invalid frame ID "odom" passed to canTransform argument target_frame - frame does not exist
[INFO] [1700321130.383223688] [local_costmap.local_costmap]: Timed out waiting for transform from base_link to odom to become available, tf error: Invalid frame ID "odom" passed to canTransform argument target_frame - frame does not exist
[INFO] [1700321130.641366618] [rclcpp]: signal_handler(signum=2)
[INFO] [1700321130.641789595] [local_costmap.local_costmap]: Running Nav2 LifecycleNode rcl preshutdown (local_costmap)
[INFO] [1700321130.642085295] [local_costmap.local_costmap]: Destroying bond (local_costmap) to lifecycle manager.
[INFO] [1700321130.642151054] [controller_server]: Running Nav2 LifecycleNode rcl preshutdown (controller_server)
[INFO] [1700321130.642204720] [controller_server]: Destroying bond (controller_server) to lifecycle manager.
