[INFO] [1700320188.472283339] [controller_server]: 
	controller_server lifecycle node launched. 
	Waiting on external lifecycle transitions to activate
	See https://design.ros2.org/articles/node_lifecycle.html for more information.
[INFO] [1700320188.543829475] [controller_server]: Creating controller server
[INFO] [1700320188.619419435] [local_costmap.local_costmap]: 
	local_costmap lifecycle node launched. 
	Waiting on external lifecycle transitions to activate
	See https://design.ros2.org/articles/node_lifecycle.html for more information.
[INFO] [1700320188.627026623] [local_costmap.local_costmap]: Creating Costmap
[INFO] [1700320189.366019729] [controller_server]: Configuring controller interface
[INFO] [1700320189.366489207] [controller_server]: getting goal checker plugins..
[INFO] [1700320189.366872945] [controller_server]: Controller frequency set to 20.0000Hz
[INFO] [1700320189.367057574] [local_costmap.local_costmap]: Configuring
[INFO] [1700320189.387105528] [local_costmap.local_costmap]: Using plugin "voxel_layer"
[INFO] [1700320189.400169030] [local_costmap.local_costmap]: Subscribed to Topics: scan
[INFO] [1700320189.427515378] [local_costmap.local_costmap]: Initialized plugin "voxel_layer"
[INFO] [1700320189.427700544] [local_costmap.local_costmap]: Using plugin "inflation_layer"
[INFO] [1700320189.429726178] [local_costmap.local_costmap]: Initialized plugin "inflation_layer"
[INFO] [1700320189.462723450] [controller_server]: Created progress_checker : progress_checker of type nav2_controller::SimpleProgressChecker
[INFO] [1700320189.467185456] [controller_server]: Created goal checker : general_goal_checker of type nav2_controller::SimpleGoalChecker
[INFO] [1700320189.469842216] [controller_server]: Controller Server has general_goal_checker  goal checkers available.
[INFO] [1700320189.481858374] [controller_server]: Created controller : FollowPath of type dwb_core::DWBLocalPlanner
[INFO] [1700320189.491433511] [controller_server]: Setting transform_tolerance to 0.200000
[INFO] [1700320189.530005004] [controller_server]: Using critic "RotateToGoal" (dwb_critics::RotateToGoalCritic)
[INFO] [1700320189.532496487] [controller_server]: Critic plugin initialized
[INFO] [1700320189.533536850] [controller_server]: Using critic "Oscillation" (dwb_critics::OscillationCritic)
[INFO] [1700320189.537421009] [controller_server]: Critic plugin initialized
[INFO] [1700320189.538345780] [controller_server]: Using critic "BaseObstacle" (dwb_critics::BaseObstacleCritic)
[INFO] [1700320189.539945436] [controller_server]: Critic plugin initialized
[INFO] [1700320189.541039521] [controller_server]: Using critic "GoalAlign" (dwb_critics::GoalAlignCritic)
[INFO] [1700320189.543656651] [controller_server]: Critic plugin initialized
[INFO] [1700320189.544636236] [controller_server]: Using critic "PathAlign" (dwb_critics::PathAlignCritic)
[INFO] [1700320189.547338570] [controller_server]: Critic plugin initialized
[INFO] [1700320189.548334285] [controller_server]: Using critic "PathDist" (dwb_critics::PathDistCritic)
[INFO] [1700320189.550255661] [controller_server]: Critic plugin initialized
[INFO] [1700320189.551246320] [controller_server]: Using critic "GoalDist" (dwb_critics::GoalDistCritic)
[INFO] [1700320189.553102937] [controller_server]: Critic plugin initialized
[INFO] [1700320189.553283955] [controller_server]: Controller Server has FollowPath  controllers available.
[INFO] [1700320190.352888228] [controller_server]: Activating
[INFO] [1700320190.353072875] [local_costmap.local_costmap]: Activating
[INFO] [1700320190.353164800] [local_costmap.local_costmap]: Checking transform
[INFO] [1700320190.353255447] [local_costmap.local_costmap]: Timed out waiting for transform from base_link to odom to become available, tf error: Invalid frame ID "odom" passed to canTransform argument target_frame - frame does not exist
[INFO] [1700320190.853362120] [local_costmap.local_costmap]: Timed out waiting for transform from base_link to odom to become available, tf error: Invalid frame ID "odom" passed to canTransform argument target_frame - frame does not exist
[INFO] [1700320191.353337847] [local_costmap.local_costmap]: Timed out waiting for transform from base_link to odom to become available, tf error: Invalid frame ID "odom" passed to canTransform argument target_frame - frame does not exist
[INFO] [1700320191.588338054] [rclcpp]: signal_handler(signum=2)
[INFO] [1700320191.589457879] [local_costmap.local_costmap]: Running Nav2 LifecycleNode rcl preshutdown (local_costmap)
[INFO] [1700320191.589724859] [local_costmap.local_costmap]: Destroying bond (local_costmap) to lifecycle manager.
[INFO] [1700320191.589821284] [controller_server]: Running Nav2 LifecycleNode rcl preshutdown (controller_server)
[INFO] [1700320191.589900043] [controller_server]: Destroying bond (controller_server) to lifecycle manager.
