[INFO] [1700320879.263560164] [controller_server]: 
	controller_server lifecycle node launched. 
	Waiting on external lifecycle transitions to activate
	See https://design.ros2.org/articles/node_lifecycle.html for more information.
[INFO] [1700320879.323763126] [controller_server]: Creating controller server
[INFO] [1700320879.502332108] [local_costmap.local_costmap]: 
	local_costmap lifecycle node launched. 
	Waiting on external lifecycle transitions to activate
	See https://design.ros2.org/articles/node_lifecycle.html for more information.
[INFO] [1700320879.510580950] [local_costmap.local_costmap]: Creating Costmap
[INFO] [1700320880.169397683] [controller_server]: Configuring controller interface
[INFO] [1700320880.170171453] [controller_server]: getting goal checker plugins..
[INFO] [1700320880.170674855] [controller_server]: Controller frequency set to 20.0000Hz
[INFO] [1700320880.170928020] [local_costmap.local_costmap]: Configuring
[INFO] [1700320880.195777378] [local_costmap.local_costmap]: Using plugin "voxel_layer"
[INFO] [1700320880.210237527] [local_costmap.local_costmap]: Subscribed to Topics: scan
[INFO] [1700320880.244647178] [local_costmap.local_costmap]: Initialized plugin "voxel_layer"
[INFO] [1700320880.244774806] [local_costmap.local_costmap]: Using plugin "inflation_layer"
[INFO] [1700320880.249254946] [local_costmap.local_costmap]: Initialized plugin "inflation_layer"
[INFO] [1700320880.282334684] [controller_server]: Created progress_checker : progress_checker of type nav2_controller::SimpleProgressChecker
[INFO] [1700320880.287272541] [controller_server]: Created goal checker : general_goal_checker of type nav2_controller::SimpleGoalChecker
[INFO] [1700320880.289186466] [controller_server]: Controller Server has general_goal_checker  goal checkers available.
[INFO] [1700320880.301626932] [controller_server]: Created controller : FollowPath of type dwb_core::DWBLocalPlanner
[INFO] [1700320880.305858445] [controller_server]: Setting transform_tolerance to 0.200000
[INFO] [1700320880.337217237] [controller_server]: Using critic "RotateToGoal" (dwb_critics::RotateToGoalCritic)
[INFO] [1700320880.339560750] [controller_server]: Critic plugin initialized
[INFO] [1700320880.340182429] [controller_server]: Using critic "Oscillation" (dwb_critics::OscillationCritic)
[INFO] [1700320880.341502194] [controller_server]: Critic plugin initialized
[INFO] [1700320880.341978244] [controller_server]: Using critic "BaseObstacle" (dwb_critics::BaseObstacleCritic)
[INFO] [1700320880.342576627] [controller_server]: Critic plugin initialized
[INFO] [1700320880.342991493] [controller_server]: Using critic "GoalAlign" (dwb_critics::GoalAlignCritic)
[INFO] [1700320880.344329461] [controller_server]: Critic plugin initialized
[INFO] [1700320880.344749661] [controller_server]: Using critic "PathAlign" (dwb_critics::PathAlignCritic)
[INFO] [1700320880.345909908] [controller_server]: Critic plugin initialized
[INFO] [1700320880.346462680] [controller_server]: Using critic "PathDist" (dwb_critics::PathDistCritic)
[INFO] [1700320880.347537762] [controller_server]: Critic plugin initialized
[INFO] [1700320880.349420576] [controller_server]: Using critic "GoalDist" (dwb_critics::GoalDistCritic)
[INFO] [1700320880.351294594] [controller_server]: Critic plugin initialized
[INFO] [1700320880.351442796] [controller_server]: Controller Server has FollowPath  controllers available.
[INFO] [1700320881.131394112] [controller_server]: Activating
[INFO] [1700320881.131537258] [local_costmap.local_costmap]: Activating
[INFO] [1700320881.131590554] [local_costmap.local_costmap]: Checking transform
[INFO] [1700320881.131704701] [local_costmap.local_costmap]: Timed out waiting for transform from base_link to odom to become available, tf error: Invalid frame ID "odom" passed to canTransform argument target_frame - frame does not exist
[INFO] [1700320881.631800989] [local_costmap.local_costmap]: Timed out waiting for transform from base_link to odom to become available, tf error: Invalid frame ID "odom" passed to canTransform argument target_frame - frame does not exist
[INFO] [1700320882.131793981] [local_costmap.local_costmap]: Timed out waiting for transform from base_link to odom to become available, tf error: Invalid frame ID "odom" passed to canTransform argument target_frame - frame does not exist
[INFO] [1700320882.631794898] [local_costmap.local_costmap]: Timed out waiting for transform from base_link to odom to become available, tf error: Invalid frame ID "odom" passed to canTransform argument target_frame - frame does not exist
[INFO] [1700320882.992606786] [rclcpp]: signal_handler(signum=2)
[INFO] [1700320882.993345705] [local_costmap.local_costmap]: Running Nav2 LifecycleNode rcl preshutdown (local_costmap)
[INFO] [1700320882.993568258] [local_costmap.local_costmap]: Destroying bond (local_costmap) to lifecycle manager.
[INFO] [1700320882.993658776] [controller_server]: Running Nav2 LifecycleNode rcl preshutdown (controller_server)
[INFO] [1700320882.993755682] [controller_server]: Destroying bond (controller_server) to lifecycle manager.
