[INFO] [1701371583.524463476] [controller_server]: 
	controller_server lifecycle node launched. 
	Waiting on external lifecycle transitions to activate
	See https://design.ros2.org/articles/node_lifecycle.html for more information.
[INFO] [1701371583.626614560] [controller_server]: Creating controller server
[INFO] [1701371583.749507423] [local_costmap.local_costmap]: 
	local_costmap lifecycle node launched. 
	Waiting on external lifecycle transitions to activate
	See https://design.ros2.org/articles/node_lifecycle.html for more information.
[INFO] [1701371583.758178308] [local_costmap.local_costmap]: Creating Costmap
[INFO] [1701371583.779599337] [controller_server]: Configuring controller interface
[INFO] [1701371583.780355920] [controller_server]: getting goal checker plugins..
[INFO] [1701371583.781107354] [controller_server]: Controller frequency set to 20.0000Hz
[INFO] [1701371583.781335814] [local_costmap.local_costmap]: Configuring
[INFO] [1701371583.806642755] [local_costmap.local_costmap]: Using plugin "voxel_layer"
[INFO] [1701371583.871834442] [local_costmap.local_costmap]: Subscribed to Topics: scan
[INFO] [1701371583.918306453] [local_costmap.local_costmap]: Initialized plugin "voxel_layer"
[INFO] [1701371583.921748963] [local_costmap.local_costmap]: Using plugin "inflation_layer"
[INFO] [1701371583.926552713] [local_costmap.local_costmap]: Initialized plugin "inflation_layer"
[INFO] [1701371583.973447237] [controller_server]: Created progress_checker : progress_checker of type nav2_controller::SimpleProgressChecker
[INFO] [1701371583.980532476] [controller_server]: Created goal checker : general_goal_checker of type nav2_controller::SimpleGoalChecker
[INFO] [1701371583.984887140] [controller_server]: Controller Server has general_goal_checker  goal checkers available.
[INFO] [1701371584.028488967] [controller_server]: Created controller : FollowPath of type dwb_core::DWBLocalPlanner
[INFO] [1701371584.036006330] [controller_server]: Setting transform_tolerance to 0.200000
[INFO] [1701371584.123121077] [controller_server]: Using critic "RotateToGoal" (dwb_critics::RotateToGoalCritic)
[INFO] [1701371584.126408626] [controller_server]: Critic plugin initialized
[INFO] [1701371584.127150468] [controller_server]: Using critic "Oscillation" (dwb_critics::OscillationCritic)
[INFO] [1701371584.129508677] [controller_server]: Critic plugin initialized
[INFO] [1701371584.130159594] [controller_server]: Using critic "BaseObstacle" (dwb_critics::BaseObstacleCritic)
[INFO] [1701371584.131280413] [controller_server]: Critic plugin initialized
[INFO] [1701371584.132035699] [controller_server]: Using critic "GoalAlign" (dwb_critics::GoalAlignCritic)
[INFO] [1701371584.133863860] [controller_server]: Critic plugin initialized
[INFO] [1701371584.134578721] [controller_server]: Using critic "PathAlign" (dwb_critics::PathAlignCritic)
[INFO] [1701371584.136466196] [controller_server]: Critic plugin initialized
[INFO] [1701371584.137214982] [controller_server]: Using critic "PathDist" (dwb_critics::PathDistCritic)
[INFO] [1701371584.138585667] [controller_server]: Critic plugin initialized
[INFO] [1701371584.139335676] [controller_server]: Using critic "GoalDist" (dwb_critics::GoalDistCritic)
[INFO] [1701371584.140770546] [controller_server]: Critic plugin initialized
[INFO] [1701371584.140923007] [controller_server]: Controller Server has FollowPath  controllers available.
[INFO] [1701371585.379016353] [controller_server]: Activating
[INFO] [1701371585.379172296] [local_costmap.local_costmap]: Activating
[INFO] [1701371585.379220091] [local_costmap.local_costmap]: Checking transform
[INFO] [1701371585.379312090] [local_costmap.local_costmap]: Timed out waiting for transform from base_link to odom to become available, tf error: Invalid frame ID "odom" passed to canTransform argument target_frame - frame does not exist
[INFO] [1701371585.879409506] [local_costmap.local_costmap]: Timed out waiting for transform from base_link to odom to become available, tf error: Invalid frame ID "odom" passed to canTransform argument target_frame - frame does not exist
[INFO] [1701371586.379379294] [local_costmap.local_costmap]: Timed out waiting for transform from base_link to odom to become available, tf error: Invalid frame ID "odom" passed to canTransform argument target_frame - frame does not exist
[INFO] [1701371586.879399785] [local_costmap.local_costmap]: Timed out waiting for transform from base_link to odom to become available, tf error: Invalid frame ID "odom" passed to canTransform argument target_frame - frame does not exist
[INFO] [1701371587.379401556] [local_costmap.local_costmap]: Timed out waiting for transform from base_link to odom to become available, tf error: Invalid frame ID "odom" passed to canTransform argument target_frame - frame does not exist
[INFO] [1701371587.879400586] [local_costmap.local_costmap]: Timed out waiting for transform from base_link to odom to become available, tf error: Invalid frame ID "odom" passed to canTransform argument target_frame - frame does not exist
[INFO] [1701371588.379407820] [local_costmap.local_costmap]: Timed out waiting for transform from base_link to odom to become available, tf error: Invalid frame ID "odom" passed to canTransform argument target_frame - frame does not exist
[INFO] [1701371588.599001249] [rclcpp]: signal_handler(signum=2)
[INFO] [1701371588.599517113] [local_costmap.local_costmap]: Running Nav2 LifecycleNode rcl preshutdown (local_costmap)
[INFO] [1701371588.599899534] [local_costmap.local_costmap]: Destroying bond (local_costmap) to lifecycle manager.
[INFO] [1701371588.600019940] [controller_server]: Running Nav2 LifecycleNode rcl preshutdown (controller_server)
[INFO] [1701371588.600091790] [controller_server]: Destroying bond (controller_server) to lifecycle manager.
