[INFO] [1700319246.485709046] [controller_server]: 
	controller_server lifecycle node launched. 
	Waiting on external lifecycle transitions to activate
	See https://design.ros2.org/articles/node_lifecycle.html for more information.
[INFO] [1700319246.565645804] [controller_server]: Creating controller server
[INFO] [1700319246.779568562] [local_costmap.local_costmap]: 
	local_costmap lifecycle node launched. 
	Waiting on external lifecycle transitions to activate
	See https://design.ros2.org/articles/node_lifecycle.html for more information.
[INFO] [1700319246.791076339] [local_costmap.local_costmap]: Creating Costmap
[INFO] [1700319246.809342009] [controller_server]: Configuring controller interface
[INFO] [1700319246.810575178] [controller_server]: getting goal checker plugins..
[INFO] [1700319246.811284947] [controller_server]: Controller frequency set to 20.0000Hz
[INFO] [1700319246.811501666] [local_costmap.local_costmap]: Configuring
[INFO] [1700319246.832198749] [local_costmap.local_costmap]: Using plugin "voxel_layer"
[INFO] [1700319246.843960837] [local_costmap.local_costmap]: Subscribed to Topics: scan
[INFO] [1700319246.866173382] [local_costmap.local_costmap]: Initialized plugin "voxel_layer"
[INFO] [1700319246.866432323] [local_costmap.local_costmap]: Using plugin "inflation_layer"
[INFO] [1700319246.868545573] [local_costmap.local_costmap]: Initialized plugin "inflation_layer"
[INFO] [1700319246.900462548] [controller_server]: Created progress_checker : progress_checker of type nav2_controller::SimpleProgressChecker
[INFO] [1700319246.904992730] [controller_server]: Created goal checker : general_goal_checker of type nav2_controller::SimpleGoalChecker
[INFO] [1700319246.907477012] [controller_server]: Controller Server has general_goal_checker  goal checkers available.
[INFO] [1700319246.919419098] [controller_server]: Created controller : FollowPath of type dwb_core::DWBLocalPlanner
[INFO] [1700319246.926983240] [controller_server]: Setting transform_tolerance to 0.200000
[INFO] [1700319246.977550583] [controller_server]: Using critic "RotateToGoal" (dwb_critics::RotateToGoalCritic)
[INFO] [1700319246.982125061] [controller_server]: Critic plugin initialized
[INFO] [1700319246.983245954] [controller_server]: Using critic "Oscillation" (dwb_critics::OscillationCritic)
[INFO] [1700319246.987434548] [controller_server]: Critic plugin initialized
[INFO] [1700319246.988613866] [controller_server]: Using critic "BaseObstacle" (dwb_critics::BaseObstacleCritic)
[INFO] [1700319246.990374917] [controller_server]: Critic plugin initialized
[INFO] [1700319246.991721677] [controller_server]: Using critic "GoalAlign" (dwb_critics::GoalAlignCritic)
[INFO] [1700319246.994613232] [controller_server]: Critic plugin initialized
[INFO] [1700319246.996014195] [controller_server]: Using critic "PathAlign" (dwb_critics::PathAlignCritic)
[INFO] [1700319246.998740345] [controller_server]: Critic plugin initialized
[INFO] [1700319246.999760165] [controller_server]: Using critic "PathDist" (dwb_critics::PathDistCritic)
[INFO] [1700319247.001744825] [controller_server]: Critic plugin initialized
[INFO] [1700319247.003183510] [controller_server]: Using critic "GoalDist" (dwb_critics::GoalDistCritic)
[INFO] [1700319247.005759050] [controller_server]: Critic plugin initialized
[INFO] [1700319247.005920178] [controller_server]: Controller Server has FollowPath  controllers available.
[INFO] [1700319247.833606372] [controller_server]: Activating
[INFO] [1700319247.833753370] [local_costmap.local_costmap]: Activating
[INFO] [1700319247.833803666] [local_costmap.local_costmap]: Checking transform
[INFO] [1700319247.833888572] [local_costmap.local_costmap]: Timed out waiting for transform from base_link to odom to become available, tf error: Invalid frame ID "odom" passed to canTransform argument target_frame - frame does not exist
[INFO] [1700319248.333985151] [local_costmap.local_costmap]: Timed out waiting for transform from base_link to odom to become available, tf error: Invalid frame ID "odom" passed to canTransform argument target_frame - frame does not exist
[INFO] [1700319248.834079175] [local_costmap.local_costmap]: Timed out waiting for transform from base_link to odom to become available, tf error: Invalid frame ID "odom" passed to canTransform argument target_frame - frame does not exist
[INFO] [1700319249.333984461] [local_costmap.local_costmap]: Timed out waiting for transform from base_link to odom to become available, tf error: Invalid frame ID "odom" passed to canTransform argument target_frame - frame does not exist
[INFO] [1700319249.833981727] [local_costmap.local_costmap]: Timed out waiting for transform from base_link to odom to become available, tf error: Invalid frame ID "odom" passed to canTransform argument target_frame - frame does not exist
[INFO] [1700319250.333981290] [local_costmap.local_costmap]: Timed out waiting for transform from base_link to odom to become available, tf error: Invalid frame ID "odom" passed to canTransform argument target_frame - frame does not exist
[INFO] [1700319250.833973039] [local_costmap.local_costmap]: Timed out waiting for transform from base_link to odom to become available, tf error: Invalid frame ID "odom" passed to canTransform argument target_frame - frame does not exist
[INFO] [1700319251.333992139] [local_costmap.local_costmap]: Timed out waiting for transform from base_link to odom to become available, tf error: Invalid frame ID "odom" passed to canTransform argument target_frame - frame does not exist
[INFO] [1700319251.833986018] [local_costmap.local_costmap]: Timed out waiting for transform from base_link to odom to become available, tf error: Invalid frame ID "odom" passed to canTransform argument target_frame - frame does not exist
[INFO] [1700319252.333978860] [local_costmap.local_costmap]: Timed out waiting for transform from base_link to odom to become available, tf error: Invalid frame ID "odom" passed to canTransform argument target_frame - frame does not exist
[INFO] [1700319252.469413528] [rclcpp]: signal_handler(signum=2)
[INFO] [1700319252.470246017] [local_costmap.local_costmap]: Running Nav2 LifecycleNode rcl preshutdown (local_costmap)
[INFO] [1700319252.470526309] [local_costmap.local_costmap]: Destroying bond (local_costmap) to lifecycle manager.
[INFO] [1700319252.470644752] [controller_server]: Running Nav2 LifecycleNode rcl preshutdown (controller_server)
[INFO] [1700319252.470746640] [controller_server]: Destroying bond (controller_server) to lifecycle manager.
