[INFO] [1700514091.262453541] [controller_server]: 
	controller_server lifecycle node launched. 
	Waiting on external lifecycle transitions to activate
	See https://design.ros2.org/articles/node_lifecycle.html for more information.
[INFO] [1700514091.439384910] [controller_server]: Creating controller server
[INFO] [1700514091.948726995] [local_costmap.local_costmap]: 
	local_costmap lifecycle node launched. 
	Waiting on external lifecycle transitions to activate
	See https://design.ros2.org/articles/node_lifecycle.html for more information.
[INFO] [1700514091.967622436] [local_costmap.local_costmap]: Creating Costmap
[INFO] [1700514095.040467431] [controller_server]: Configuring controller interface
[INFO] [1700514095.041279792] [controller_server]: getting goal checker plugins..
[INFO] [1700514095.041804859] [controller_server]: Controller frequency set to 10.0000Hz
[INFO] [1700514095.042008431] [local_costmap.local_costmap]: Configuring
[INFO] [1700514095.097971985] [local_costmap.local_costmap]: Using plugin "voxel_layer"
[INFO] [1700514095.122207159] [local_costmap.local_costmap]: Subscribed to Topics: scan
[INFO] [1700514095.198287954] [local_costmap.local_costmap]: Initialized plugin "voxel_layer"
[INFO] [1700514095.198438600] [local_costmap.local_costmap]: Using plugin "inflation_layer"
[INFO] [1700514095.208595257] [local_costmap.local_costmap]: Initialized plugin "inflation_layer"
[INFO] [1700514095.286938581] [controller_server]: Created progress_checker : progress_checker of type nav2_controller::SimpleProgressChecker
[INFO] [1700514095.296374783] [controller_server]: Created goal checker : general_goal_checker of type nav2_controller::SimpleGoalChecker
[INFO] [1700514095.301022227] [controller_server]: Controller Server has general_goal_checker  goal checkers available.
[INFO] [1700514095.316677355] [controller_server]: Created controller : FollowPath of type dwb_core::DWBLocalPlanner
[INFO] [1700514095.334692344] [controller_server]: Setting transform_tolerance to 0.200000
[INFO] [1700514095.455840416] [controller_server]: Using critic "RotateToGoal" (dwb_critics::RotateToGoalCritic)
[INFO] [1700514095.466649639] [controller_server]: Critic plugin initialized
[INFO] [1700514095.469989988] [controller_server]: Using critic "Oscillation" (dwb_critics::OscillationCritic)
[INFO] [1700514095.481291019] [controller_server]: Critic plugin initialized
[INFO] [1700514095.483844933] [controller_server]: Using critic "BaseObstacle" (dwb_critics::BaseObstacleCritic)
[INFO] [1700514095.488952187] [controller_server]: Critic plugin initialized
[INFO] [1700514095.491594452] [controller_server]: Using critic "GoalAlign" (dwb_critics::GoalAlignCritic)
[INFO] [1700514095.500276496] [controller_server]: Critic plugin initialized
[INFO] [1700514095.503199925] [controller_server]: Using critic "PathAlign" (dwb_critics::PathAlignCritic)
[INFO] [1700514095.511420456] [controller_server]: Critic plugin initialized
[INFO] [1700514095.514682936] [controller_server]: Using critic "PathDist" (dwb_critics::PathDistCritic)
[INFO] [1700514095.520087778] [controller_server]: Critic plugin initialized
[INFO] [1700514095.523246481] [controller_server]: Using critic "GoalDist" (dwb_critics::GoalDistCritic)
[INFO] [1700514095.529123059] [controller_server]: Critic plugin initialized
[INFO] [1700514095.529275243] [controller_server]: Controller Server has FollowPath  controllers available.
[INFO] [1700514097.406403331] [controller_server]: Activating
[INFO] [1700514097.406584069] [local_costmap.local_costmap]: Activating
[INFO] [1700514097.406629958] [local_costmap.local_costmap]: Checking transform
[INFO] [1700514097.407008935] [local_costmap.local_costmap]: start
[INFO] [1700514097.614074129] [controller_server]: Creating bond (controller_server) to lifecycle manager.
[INFO] [1700514213.684176580] [controller_server]: Received a goal, begin computing control effort.
[WARN] [1700514213.684566705] [controller_server]: No goal checker was specified in parameter 'current_goal_checker'. Server will use only plugin loaded general_goal_checker . This warning will appear once.
[INFO] [1700514214.790117778] [controller_server]: Passing new path to controller.
[INFO] [1700514215.789594370] [controller_server]: Passing new path to controller.
[INFO] [1700514216.789601769] [controller_server]: Passing new path to controller.
[INFO] [1700514217.891253840] [controller_server]: Passing new path to controller.
[INFO] [1700514218.889662067] [controller_server]: Passing new path to controller.
[INFO] [1700514219.211364187] [controller_server]: Reached the goal!
[INFO] [1700514552.370977303] [local_costmap.local_costmap]: Message Filter dropping message: frame 'laser_frame' at time 1700514551.937 for reason 'the timestamp on the message is earlier than all the data in the transform cache'
[INFO] [1700514552.580515985] [local_costmap.local_costmap]: Message Filter dropping message: frame 'laser_frame' at time 1700514552.164 for reason 'the timestamp on the message is earlier than all the data in the transform cache'
[INFO] [1700514595.846492702] [controller_server]: Received a goal, begin computing control effort.
[INFO] [1700514595.872888054] [controller_server]: Reached the goal!
[INFO] [1700514716.262929472] [local_costmap.local_costmap]: Message Filter dropping message: frame 'laser_frame' at time 1700514715.848 for reason 'the timestamp on the message is earlier than all the data in the transform cache'
[INFO] [1700514716.406192354] [local_costmap.local_costmap]: Message Filter dropping message: frame 'laser_frame' at time 1700514715.961 for reason 'the timestamp on the message is earlier than all the data in the transform cache'
[INFO] [1700514716.511863808] [local_costmap.local_costmap]: Message Filter dropping message: frame 'laser_frame' at time 1700514716.073 for reason 'the timestamp on the message is earlier than all the data in the transform cache'
[INFO] [1700514716.607462692] [local_costmap.local_costmap]: Message Filter dropping message: frame 'laser_frame' at time 1700514716.185 for reason 'the timestamp on the message is earlier than all the data in the transform cache'
[INFO] [1700514717.729642018] [local_costmap.local_costmap]: Message Filter dropping message: frame 'laser_frame' at time 1700514717.315 for reason 'the timestamp on the message is earlier than all the data in the transform cache'
[INFO] [1700514717.954722235] [local_costmap.local_costmap]: Message Filter dropping message: frame 'laser_frame' at time 1700514717.540 for reason 'the timestamp on the message is earlier than all the data in the transform cache'
[INFO] [1700514986.191317023] [local_costmap.local_costmap]: Message Filter dropping message: frame 'laser_frame' at time 1700514985.771 for reason 'the timestamp on the message is earlier than all the data in the transform cache'
[INFO] [1700514986.406478301] [local_costmap.local_costmap]: Message Filter dropping message: frame 'laser_frame' at time 1700514985.990 for reason 'the timestamp on the message is earlier than all the data in the transform cache'
[INFO] [1700514990.148416502] [controller_server]: Received a goal, begin computing control effort.
[INFO] [1700514991.249943077] [controller_server]: Passing new path to controller.
[INFO] [1700514992.249973239] [controller_server]: Passing new path to controller.
[INFO] [1700514993.256547029] [controller_server]: Passing new path to controller.
[INFO] [1700514994.349961528] [controller_server]: Passing new path to controller.
[INFO] [1700514995.349959652] [controller_server]: Passing new path to controller.
[INFO] [1700514996.349957794] [controller_server]: Passing new path to controller.
[INFO] [1700514997.449928828] [controller_server]: Passing new path to controller.
[INFO] [1700514998.449946135] [controller_server]: Passing new path to controller.
[INFO] [1700514999.449940202] [controller_server]: Passing new path to controller.
[INFO] [1700515000.450060359] [controller_server]: Passing new path to controller.
[INFO] [1700515001.069592968] [controller_server]: Reached the goal!
[INFO] [1700515001.161073568] [controller_server]: Received a goal, begin computing control effort.
[INFO] [1700515001.186923402] [controller_server]: Reached the goal!
[INFO] [1700515002.158329573] [controller_server]: Received a goal, begin computing control effort.
[INFO] [1700515002.183811484] [controller_server]: Reached the goal!
[INFO] [1700515003.168162080] [controller_server]: Received a goal, begin computing control effort.
[INFO] [1700515003.192459061] [controller_server]: Reached the goal!
[INFO] [1700515004.169666368] [controller_server]: Received a goal, begin computing control effort.
[INFO] [1700515004.189782768] [controller_server]: Reached the goal!
[INFO] [1700515005.158677892] [controller_server]: Received a goal, begin computing control effort.
[INFO] [1700515005.194344446] [controller_server]: Reached the goal!
[INFO] [1700515006.163890840] [controller_server]: Received a goal, begin computing control effort.
[INFO] [1700515006.183109972] [controller_server]: Reached the goal!
[INFO] [1700515007.167375605] [controller_server]: Received a goal, begin computing control effort.
[INFO] [1700515007.187938276] [controller_server]: Reached the goal!
[INFO] [1700515008.179300994] [controller_server]: Received a goal, begin computing control effort.
[INFO] [1700515008.203198257] [controller_server]: Reached the goal!
[INFO] [1700515009.162716191] [controller_server]: Received a goal, begin computing control effort.
[INFO] [1700515009.192591941] [controller_server]: Reached the goal!
[INFO] [1700515010.150187322] [controller_server]: Received a goal, begin computing control effort.
[INFO] [1700515010.175734233] [controller_server]: Reached the goal!
[INFO] [1700515011.169811622] [controller_server]: Received a goal, begin computing control effort.
[INFO] [1700515011.187614011] [controller_server]: Reached the goal!
[INFO] [1700515012.168146073] [controller_server]: Received a goal, begin computing control effort.
[INFO] [1700515012.188478025] [controller_server]: Reached the goal!
[INFO] [1700515013.151742377] [controller_server]: Received a goal, begin computing control effort.
[INFO] [1700515013.172909172] [controller_server]: Reached the goal!
[INFO] [1700515014.161765490] [controller_server]: Received a goal, begin computing control effort.
[INFO] [1700515014.187514584] [controller_server]: Reached the goal!
[INFO] [1700515015.162883055] [controller_server]: Received a goal, begin computing control effort.
[INFO] [1700515015.189914394] [controller_server]: Reached the goal!
[INFO] [1700515016.168251868] [controller_server]: Received a goal, begin computing control effort.
[INFO] [1700515016.190595687] [controller_server]: Reached the goal!
[INFO] [1700515017.166848777] [controller_server]: Received a goal, begin computing control effort.
[INFO] [1700515017.184478131] [controller_server]: Reached the goal!
[INFO] [1700515018.149110799] [controller_server]: Received a goal, begin computing control effort.
[INFO] [1700515018.176814259] [controller_server]: Reached the goal!
[INFO] [1700515019.158379658] [controller_server]: Received a goal, begin computing control effort.
[INFO] [1700515019.183083671] [controller_server]: Reached the goal!
[INFO] [1700515020.167924440] [controller_server]: Received a goal, begin computing control effort.
[INFO] [1700515020.185807587] [controller_server]: Reached the goal!
[INFO] [1700515021.170050455] [controller_server]: Received a goal, begin computing control effort.
[INFO] [1700515021.191131158] [controller_server]: Reached the goal!
[INFO] [1700515022.157616803] [controller_server]: Received a goal, begin computing control effort.
[INFO] [1700515022.177258578] [controller_server]: Reached the goal!
[INFO] [1700515023.168849287] [controller_server]: Received a goal, begin computing control effort.
[INFO] [1700515023.186894302] [controller_server]: Reached the goal!
[INFO] [1700515024.162021829] [controller_server]: Received a goal, begin computing control effort.
[INFO] [1700515024.183287400] [controller_server]: Reached the goal!
[INFO] [1700515025.169584965] [controller_server]: Received a goal, begin computing control effort.
[INFO] [1700515025.190376467] [controller_server]: Reached the goal!
[INFO] [1700515026.159059919] [controller_server]: Received a goal, begin computing control effort.
[INFO] [1700515026.188021476] [controller_server]: Reached the goal!
[INFO] [1700515027.149952023] [controller_server]: Received a goal, begin computing control effort.
[INFO] [1700515027.181812880] [controller_server]: Reached the goal!
[INFO] [1700515028.164229025] [controller_server]: Received a goal, begin computing control effort.
[INFO] [1700515028.188028290] [controller_server]: Reached the goal!
[INFO] [1700515028.374543392] [rclcpp]: signal_handler(signum=2)
[INFO] [1700515028.374854426] [local_costmap.local_costmap]: Running Nav2 LifecycleNode rcl preshutdown (local_costmap)
[INFO] [1700515028.375102312] [local_costmap.local_costmap]: Deactivating
[INFO] [1700515028.407491218] [local_costmap.local_costmap]: Cleaning up
[INFO] [1700515028.627940858] [local_costmap.local_costmap]: Destroying bond (local_costmap) to lifecycle manager.
[INFO] [1700515028.637120678] [controller_server]: Running Nav2 LifecycleNode rcl preshutdown (controller_server)
[INFO] [1700515028.637248381] [controller_server]: Deactivating
[INFO] [1700515028.637375342] [controller_server]: Destroying bond (controller_server) to lifecycle manager.
[INFO] [1700515028.650710448] [controller_server]: Cleaning up
[INFO] [1700515029.507566792] [controller_server]: Destroying bond (controller_server) to lifecycle manager.
