[INFO] [1700518184.855506812] [controller_server]: 
	controller_server lifecycle node launched. 
	Waiting on external lifecycle transitions to activate
	See https://design.ros2.org/articles/node_lifecycle.html for more information.
[INFO] [1700518184.902041083] [controller_server]: Creating controller server
[INFO] [1700518185.031324297] [local_costmap.local_costmap]: 
	local_costmap lifecycle node launched. 
	Waiting on external lifecycle transitions to activate
	See https://design.ros2.org/articles/node_lifecycle.html for more information.
[INFO] [1700518185.041082554] [local_costmap.local_costmap]: Creating Costmap
[INFO] [1700518189.491753854] [controller_server]: Configuring controller interface
[INFO] [1700518189.492466290] [controller_server]: getting goal checker plugins..
[INFO] [1700518189.493150745] [controller_server]: Controller frequency set to 15.0000Hz
[INFO] [1700518189.497175920] [local_costmap.local_costmap]: Configuring
[INFO] [1700518189.550407521] [local_costmap.local_costmap]: Using plugin "voxel_layer"
[INFO] [1700518189.569422799] [local_costmap.local_costmap]: Subscribed to Topics: scan
[INFO] [1700518189.639004765] [local_costmap.local_costmap]: Initialized plugin "voxel_layer"
[INFO] [1700518189.641310331] [local_costmap.local_costmap]: Using plugin "inflation_layer"
[INFO] [1700518189.650562334] [local_costmap.local_costmap]: Initialized plugin "inflation_layer"
[INFO] [1700518189.736362907] [controller_server]: Created progress_checker : progress_checker of type nav2_controller::SimpleProgressChecker
[INFO] [1700518189.759118068] [controller_server]: Created goal checker : general_goal_checker of type nav2_controller::SimpleGoalChecker
[INFO] [1700518189.766848089] [controller_server]: Controller Server has general_goal_checker  goal checkers available.
[INFO] [1700518189.805446453] [controller_server]: Created controller : FollowPath of type dwb_core::DWBLocalPlanner
[INFO] [1700518189.851854486] [controller_server]: Setting transform_tolerance to 0.200000
[INFO] [1700518189.988863628] [controller_server]: Using critic "RotateToGoal" (dwb_critics::RotateToGoalCritic)
[INFO] [1700518189.999213322] [controller_server]: Critic plugin initialized
[INFO] [1700518190.001315557] [controller_server]: Using critic "Oscillation" (dwb_critics::OscillationCritic)
[INFO] [1700518190.011894693] [controller_server]: Critic plugin initialized
[INFO] [1700518190.013900799] [controller_server]: Using critic "BaseObstacle" (dwb_critics::BaseObstacleCritic)
[INFO] [1700518190.016727081] [controller_server]: Critic plugin initialized
[INFO] [1700518190.018805372] [controller_server]: Using critic "GoalAlign" (dwb_critics::GoalAlignCritic)
[INFO] [1700518190.024883967] [controller_server]: Critic plugin initialized
[INFO] [1700518190.028028172] [controller_server]: Using critic "PathAlign" (dwb_critics::PathAlignCritic)
[INFO] [1700518190.034322394] [controller_server]: Critic plugin initialized
[INFO] [1700518190.036627645] [controller_server]: Using critic "PathDist" (dwb_critics::PathDistCritic)
[INFO] [1700518190.041065908] [controller_server]: Critic plugin initialized
[INFO] [1700518190.044590812] [controller_server]: Using critic "GoalDist" (dwb_critics::GoalDistCritic)
[INFO] [1700518190.049761159] [controller_server]: Critic plugin initialized
[INFO] [1700518190.050025007] [controller_server]: Controller Server has FollowPath  controllers available.
[INFO] [1700518192.150945942] [controller_server]: Activating
[INFO] [1700518192.151115662] [local_costmap.local_costmap]: Activating
[INFO] [1700518192.151222846] [local_costmap.local_costmap]: Checking transform
[INFO] [1700518192.151639804] [local_costmap.local_costmap]: start
[INFO] [1700518192.362411068] [controller_server]: Creating bond (controller_server) to lifecycle manager.
[INFO] [1700518246.812701727] [controller_server]: Received a goal, begin computing control effort.
[WARN] [1700518246.812918965] [controller_server]: No goal checker was specified in parameter 'current_goal_checker'. Server will use only plugin loaded general_goal_checker . This warning will appear once.
[INFO] [1700518247.880620305] [controller_server]: Passing new path to controller.
[INFO] [1700518248.880621195] [controller_server]: Passing new path to controller.
[INFO] [1700518249.566963336] [controller_server]: Reached the goal!
[INFO] [1700518304.530493524] [local_costmap.local_costmap]: Received request to clear entirely the local_costmap
[INFO] [1700518306.514959277] [controller_server]: Received a goal, begin computing control effort.
[INFO] [1700518307.583499220] [controller_server]: Passing new path to controller.
[INFO] [1700518308.583374501] [controller_server]: Passing new path to controller.
[INFO] [1700518309.650059803] [controller_server]: Passing new path to controller.
[INFO] [1700518310.650083062] [controller_server]: Passing new path to controller.
[INFO] [1700518311.716712721] [controller_server]: Passing new path to controller.
[INFO] [1700518312.716708969] [controller_server]: Passing new path to controller.
[INFO] [1700518313.783418993] [controller_server]: Passing new path to controller.
[INFO] [1700518314.783600954] [controller_server]: Passing new path to controller.
[INFO] [1700518315.850045496] [controller_server]: Passing new path to controller.
[INFO] [1700518316.850046234] [controller_server]: Passing new path to controller.
[INFO] [1700518317.850053591] [controller_server]: Passing new path to controller.
[INFO] [1700518318.916703298] [controller_server]: Passing new path to controller.
[INFO] [1700518319.916707620] [controller_server]: Passing new path to controller.
[INFO] [1700518320.916707061] [controller_server]: Passing new path to controller.
[INFO] [1700518321.983385573] [controller_server]: Passing new path to controller.
[INFO] [1700518322.983377850] [controller_server]: Passing new path to controller.
[INFO] [1700518324.050027864] [controller_server]: Passing new path to controller.
[INFO] [1700518325.050049936] [controller_server]: Passing new path to controller.
[INFO] [1700518326.050058829] [controller_server]: Passing new path to controller.
[INFO] [1700518327.116712039] [controller_server]: Passing new path to controller.
[ERROR] [1700518327.383653345] [controller_server]: Failed to make progress
[WARN] [1700518327.388928438] [controller_server]: [follow_path] [ActionServer] Aborting handle.
[INFO] [1700518327.409235737] [local_costmap.local_costmap]: Received request to clear entirely the local_costmap
[INFO] [1700518327.412674736] [controller_server]: Received a goal, begin computing control effort.
[WARN] [1700518327.570214545] [controller_server]: Control loop missed its desired rate of 15.0000Hz
[INFO] [1700518328.171572666] [controller_server]: Passing new path to controller.
[INFO] [1700518329.170640377] [controller_server]: Passing new path to controller.
[INFO] [1700518330.170349159] [controller_server]: Passing new path to controller.
[INFO] [1700518331.239881746] [controller_server]: Passing new path to controller.
[INFO] [1700518332.237255541] [controller_server]: Passing new path to controller.
[INFO] [1700518333.303687484] [controller_server]: Passing new path to controller.
[INFO] [1700518334.303750311] [controller_server]: Passing new path to controller.
[INFO] [1700518335.303661801] [controller_server]: Passing new path to controller.
[INFO] [1700518336.334504914] [controller_server]: Reached the goal!
[INFO] [1700518336.337128491] [controller_server]: Received a goal, begin computing control effort.
[INFO] [1700518337.409846997] [controller_server]: Passing new path to controller.
[INFO] [1700518338.409853762] [controller_server]: Passing new path to controller.
[INFO] [1700518339.476605133] [controller_server]: Passing new path to controller.
[INFO] [1700518340.476521343] [controller_server]: Passing new path to controller.
[INFO] [1700518341.543198634] [controller_server]: Passing new path to controller.
[INFO] [1700518342.543180370] [controller_server]: Passing new path to controller.
[INFO] [1700518343.543178035] [controller_server]: Passing new path to controller.
[INFO] [1700518344.609901726] [controller_server]: Passing new path to controller.
[INFO] [1700518345.609882829] [controller_server]: Passing new path to controller.
[INFO] [1700518346.676511736] [controller_server]: Passing new path to controller.
[INFO] [1700518347.676518922] [controller_server]: Passing new path to controller.
[INFO] [1700518348.743180034] [controller_server]: Passing new path to controller.
[INFO] [1700518349.743183952] [controller_server]: Passing new path to controller.
[INFO] [1700518350.809850883] [controller_server]: Passing new path to controller.
[INFO] [1700518351.811760125] [controller_server]: Passing new path to controller.
[INFO] [1700518352.876538204] [controller_server]: Passing new path to controller.
[ERROR] [1700518353.343389537] [controller_server]: Failed to make progress
[WARN] [1700518353.343793935] [controller_server]: [follow_path] [ActionServer] Aborting handle.
[INFO] [1700518358.410516965] [controller_server]: Received a goal, begin computing control effort.
[INFO] [1700518359.477789477] [controller_server]: Passing new path to controller.
[INFO] [1700518360.477846928] [controller_server]: Passing new path to controller.
[INFO] [1700518361.544435134] [controller_server]: Passing new path to controller.
[INFO] [1700518362.544445815] [controller_server]: Passing new path to controller.
[INFO] [1700518363.611242228] [controller_server]: Passing new path to controller.
[INFO] [1700518364.611194380] [controller_server]: Passing new path to controller.
[INFO] [1700518365.612996834] [controller_server]: Passing new path to controller.
[INFO] [1700518366.677778438] [controller_server]: Passing new path to controller.
[INFO] [1700518367.677786218] [controller_server]: Passing new path to controller.
[INFO] [1700518368.029785895] [controller_server]: Reached the goal!
[INFO] [1700518545.041477597] [controller_server]: Received a goal, begin computing control effort.
[INFO] [1700518546.112273062] [controller_server]: Passing new path to controller.
[INFO] [1700518547.112257636] [controller_server]: Passing new path to controller.
[INFO] [1700518548.178943940] [controller_server]: Passing new path to controller.
[INFO] [1700518549.182663154] [controller_server]: Passing new path to controller.
[INFO] [1700518550.245598240] [controller_server]: Passing new path to controller.
[INFO] [1700518551.246319853] [controller_server]: Passing new path to controller.
[INFO] [1700518552.312268180] [controller_server]: Passing new path to controller.
[INFO] [1700518553.312291016] [controller_server]: Passing new path to controller.
[INFO] [1700518554.379132898] [controller_server]: Passing new path to controller.
[INFO] [1700518555.445607907] [controller_server]: Passing new path to controller.
[INFO] [1700518556.445619331] [controller_server]: Passing new path to controller.
[INFO] [1700518557.512488902] [controller_server]: Passing new path to controller.
[INFO] [1700518558.512437662] [controller_server]: Passing new path to controller.
[INFO] [1700518559.579776996] [controller_server]: Passing new path to controller.
[INFO] [1700518560.648222713] [controller_server]: Passing new path to controller.
[INFO] [1700518561.647104464] [controller_server]: Passing new path to controller.
[INFO] [1700518562.712337280] [controller_server]: Passing new path to controller.
[INFO] [1700518563.779178806] [controller_server]: Passing new path to controller.
[ERROR] [1700518564.512596285] [controller_server]: Failed to make progress
[WARN] [1700518564.512992579] [controller_server]: [follow_path] [ActionServer] Aborting handle.
[INFO] [1700518564.525329593] [local_costmap.local_costmap]: Received request to clear entirely the local_costmap
[INFO] [1700518564.527621419] [controller_server]: Received a goal, begin computing control effort.
[INFO] [1700518564.795166464] [controller_server]: Passing new path to controller.
[INFO] [1700518565.861831339] [controller_server]: Passing new path to controller.
[INFO] [1700518566.928500710] [controller_server]: Passing new path to controller.
[INFO] [1700518567.995314292] [controller_server]: Passing new path to controller.
[INFO] [1700518568.995167891] [controller_server]: Passing new path to controller.
[INFO] [1700518569.087710230] [controller_server]: Reached the goal!
[INFO] [1700518581.916803310] [rclcpp]: signal_handler(signum=2)
[INFO] [1700518581.917114109] [local_costmap.local_costmap]: Running Nav2 LifecycleNode rcl preshutdown (local_costmap)
[INFO] [1700518581.917368411] [local_costmap.local_costmap]: Deactivating
[INFO] [1700518581.952308557] [local_costmap.local_costmap]: Cleaning up
[INFO] [1700518582.198643644] [local_costmap.local_costmap]: Destroying bond (local_costmap) to lifecycle manager.
[INFO] [1700518582.201371803] [controller_server]: Running Nav2 LifecycleNode rcl preshutdown (controller_server)
[INFO] [1700518582.203797033] [controller_server]: Deactivating
[INFO] [1700518582.204067074] [controller_server]: Destroying bond (controller_server) to lifecycle manager.
[INFO] [1700518582.230911667] [controller_server]: Cleaning up
[INFO] [1700518583.267476483] [controller_server]: Destroying bond (controller_server) to lifecycle manager.
