[INFO] [1700447924.290393282] [controller_server]: 
	controller_server lifecycle node launched. 
	Waiting on external lifecycle transitions to activate
	See https://design.ros2.org/articles/node_lifecycle.html for more information.
[INFO] [1700447924.661141447] [controller_server]: Creating controller server
[INFO] [1700447926.607247686] [local_costmap.local_costmap]: 
	local_costmap lifecycle node launched. 
	Waiting on external lifecycle transitions to activate
	See https://design.ros2.org/articles/node_lifecycle.html for more information.
[INFO] [1700447926.682941312] [local_costmap.local_costmap]: Creating Costmap
[INFO] [1700447927.840965083] [controller_server]: Configuring controller interface
[INFO] [1700447927.841497170] [controller_server]: getting goal checker plugins..
[INFO] [1700447927.841870054] [controller_server]: Controller frequency set to 20.0000Hz
[INFO] [1700447927.842042608] [local_costmap.local_costmap]: Configuring
[INFO] [1700447927.888048639] [local_costmap.local_costmap]: Using plugin "voxel_layer"
[INFO] [1700447927.992104524] [local_costmap.local_costmap]: Subscribed to Topics: scan
[INFO] [1700447928.071977508] [local_costmap.local_costmap]: Initialized plugin "voxel_layer"
[INFO] [1700447928.072153080] [local_costmap.local_costmap]: Using plugin "inflation_layer"
[INFO] [1700447928.078127065] [local_costmap.local_costmap]: Initialized plugin "inflation_layer"
[INFO] [1700447928.159324367] [controller_server]: Created progress_checker : progress_checker of type nav2_controller::SimpleProgressChecker
[INFO] [1700447928.170287737] [controller_server]: Created goal checker : general_goal_checker of type nav2_controller::SimpleGoalChecker
[INFO] [1700447928.174039897] [controller_server]: Controller Server has general_goal_checker  goal checkers available.
[INFO] [1700447928.215525871] [controller_server]: Created controller : FollowPath of type dwb_core::DWBLocalPlanner
[INFO] [1700447928.228634290] [controller_server]: Setting transform_tolerance to 0.200000
[INFO] [1700447928.353969572] [controller_server]: Using critic "RotateToGoal" (dwb_critics::RotateToGoalCritic)
[INFO] [1700447928.360186758] [controller_server]: Critic plugin initialized
[INFO] [1700447928.361802739] [controller_server]: Using critic "Oscillation" (dwb_critics::OscillationCritic)
[INFO] [1700447928.369420038] [controller_server]: Critic plugin initialized
[INFO] [1700447928.371007871] [controller_server]: Using critic "BaseObstacle" (dwb_critics::BaseObstacleCritic)
[INFO] [1700447928.374014113] [controller_server]: Critic plugin initialized
[INFO] [1700447928.376513565] [controller_server]: Using critic "GoalAlign" (dwb_critics::GoalAlignCritic)
[INFO] [1700447928.383050136] [controller_server]: Critic plugin initialized
[INFO] [1700447928.387235198] [controller_server]: Using critic "PathAlign" (dwb_critics::PathAlignCritic)
[INFO] [1700447928.392882668] [controller_server]: Critic plugin initialized
[INFO] [1700447928.394919181] [controller_server]: Using critic "PathDist" (dwb_critics::PathDistCritic)
[INFO] [1700447928.398675508] [controller_server]: Critic plugin initialized
[INFO] [1700447928.400556541] [controller_server]: Using critic "GoalDist" (dwb_critics::GoalDistCritic)
[INFO] [1700447928.404299441] [controller_server]: Critic plugin initialized
[INFO] [1700447928.404785380] [controller_server]: Controller Server has FollowPath  controllers available.
[INFO] [1700447930.307813720] [controller_server]: Activating
[INFO] [1700447930.307983459] [local_costmap.local_costmap]: Activating
[INFO] [1700447930.308431990] [local_costmap.local_costmap]: Checking transform
[INFO] [1700447930.313431376] [local_costmap.local_costmap]: start
[INFO] [1700447930.521985472] [controller_server]: Creating bond (controller_server) to lifecycle manager.
[INFO] [1700448007.484335923] [controller_server]: Received a goal, begin computing control effort.
[WARN] [1700448007.484611124] [controller_server]: No goal checker was specified in parameter 'current_goal_checker'. Server will use only plugin loaded general_goal_checker . This warning will appear once.
[INFO] [1700448008.535955090] [controller_server]: Passing new path to controller.
[INFO] [1700448009.586047867] [controller_server]: Passing new path to controller.
[INFO] [1700448010.585855959] [controller_server]: Passing new path to controller.
[INFO] [1700448011.635836052] [controller_server]: Passing new path to controller.
[INFO] [1700448012.686037291] [controller_server]: Passing new path to controller.
[INFO] [1700448013.735805869] [controller_server]: Passing new path to controller.
[INFO] [1700448014.735983217] [controller_server]: Passing new path to controller.
[INFO] [1700448015.788124044] [controller_server]: Passing new path to controller.
[INFO] [1700448016.885824632] [controller_server]: Passing new path to controller.
[INFO] [1700448017.885834889] [controller_server]: Passing new path to controller.
[INFO] [1700448018.936217571] [controller_server]: Passing new path to controller.
[ERROR] [1700448019.636249881] [controller_server]: Failed to make progress
[WARN] [1700448019.636647320] [controller_server]: [follow_path] [ActionServer] Aborting handle.
[INFO] [1700448019.650715469] [local_costmap.local_costmap]: Received request to clear entirely the local_costmap
[INFO] [1700448019.654151318] [controller_server]: Received a goal, begin computing control effort.
[WARN] [1700448019.735161549] [controller_server]: Control loop missed its desired rate of 20.0000Hz
[INFO] [1700448019.955657563] [controller_server]: Passing new path to controller.
[INFO] [1700448021.005130608] [controller_server]: Passing new path to controller.
[INFO] [1700448022.055169535] [controller_server]: Passing new path to controller.
[INFO] [1700448023.105140926] [controller_server]: Passing new path to controller.
[INFO] [1700448024.105124444] [controller_server]: Passing new path to controller.
[INFO] [1700448025.155141964] [controller_server]: Passing new path to controller.
[INFO] [1700448026.205154670] [controller_server]: Passing new path to controller.
[INFO] [1700448027.205114114] [controller_server]: Passing new path to controller.
[INFO] [1700448028.255134524] [controller_server]: Passing new path to controller.
[INFO] [1700448029.305144675] [controller_server]: Passing new path to controller.
[ERROR] [1700448029.755300669] [controller_server]: Failed to make progress
[WARN] [1700448029.755622832] [controller_server]: [follow_path] [ActionServer] Aborting handle.
[INFO] [1700448029.770739542] [local_costmap.local_costmap]: Received request to clear entirely the local_costmap
[INFO] [1700448029.832596925] [controller_server]: Received a goal, begin computing control effort.
[WARN] [1700448029.938251069] [controller_server]: Control loop missed its desired rate of 20.0000Hz
[INFO] [1700448030.888382545] [controller_server]: Passing new path to controller.
[INFO] [1700448031.938361845] [controller_server]: Passing new path to controller.
[INFO] [1700448032.988399773] [controller_server]: Passing new path to controller.
[INFO] [1700448033.988386551] [controller_server]: Passing new path to controller.
[INFO] [1700448035.038359518] [controller_server]: Passing new path to controller.
[INFO] [1700448036.088369317] [controller_server]: Passing new path to controller.
[INFO] [1700448037.088556334] [controller_server]: Passing new path to controller.
[INFO] [1700448038.138376673] [controller_server]: Passing new path to controller.
[INFO] [1700448039.188439713] [controller_server]: Passing new path to controller.
[ERROR] [1700448039.938707506] [controller_server]: Failed to make progress
[WARN] [1700448039.941670564] [controller_server]: [follow_path] [ActionServer] Aborting handle.
[INFO] [1700448039.960029737] [local_costmap.local_costmap]: Received request to clear entirely the local_costmap
[INFO] [1700448039.962341191] [controller_server]: Received a goal, begin computing control effort.
[WARN] [1700448040.141822892] [controller_server]: Control loop missed its desired rate of 20.0000Hz
[INFO] [1700448040.211848567] [controller_server]: Passing new path to controller.
[INFO] [1700448041.241922602] [controller_server]: Passing new path to controller.
[INFO] [1700448042.291933032] [controller_server]: Passing new path to controller.
[INFO] [1700448043.341934889] [controller_server]: Passing new path to controller.
[INFO] [1700448044.341912019] [controller_server]: Passing new path to controller.
[INFO] [1700448045.391927413] [controller_server]: Passing new path to controller.
[INFO] [1700448046.441935917] [controller_server]: Passing new path to controller.
[INFO] [1700448047.441928918] [controller_server]: Passing new path to controller.
[INFO] [1700448048.491940108] [controller_server]: Passing new path to controller.
[INFO] [1700448049.541933762] [controller_server]: Passing new path to controller.
[ERROR] [1700448050.142143730] [controller_server]: Failed to make progress
[WARN] [1700448050.142415135] [controller_server]: [follow_path] [ActionServer] Aborting handle.
[INFO] [1700448052.751366985] [controller_server]: Received a goal, begin computing control effort.
[INFO] [1700448053.801912669] [controller_server]: Passing new path to controller.
[WARN] [1700448053.958631898] [controller_server]: Control loop missed its desired rate of 20.0000Hz
[INFO] [1700448054.851943730] [controller_server]: Passing new path to controller.
[INFO] [1700448055.901927051] [controller_server]: Passing new path to controller.
[INFO] [1700448056.952025926] [controller_server]: Passing new path to controller.
[INFO] [1700448058.001916359] [controller_server]: Passing new path to controller.
[INFO] [1700448059.051930198] [controller_server]: Passing new path to controller.
[INFO] [1700448060.051915886] [controller_server]: Passing new path to controller.
[INFO] [1700448061.101923411] [controller_server]: Passing new path to controller.
[INFO] [1700448062.151914528] [controller_server]: Passing new path to controller.
[ERROR] [1700448062.752098331] [controller_server]: Failed to make progress
[WARN] [1700448062.752398161] [controller_server]: [follow_path] [ActionServer] Aborting handle.
[INFO] [1700448062.770455911] [local_costmap.local_costmap]: Received request to clear entirely the local_costmap
[INFO] [1700448062.772822476] [controller_server]: Received a goal, begin computing control effort.
[WARN] [1700448062.940431947] [controller_server]: Control loop missed its desired rate of 20.0000Hz
[INFO] [1700448063.240562265] [controller_server]: Passing new path to controller.
[INFO] [1700448064.290734362] [controller_server]: Passing new path to controller.
[INFO] [1700448065.340535742] [controller_server]: Passing new path to controller.
[INFO] [1700448066.390810708] [controller_server]: Passing new path to controller.
[INFO] [1700448067.440877159] [controller_server]: Passing new path to controller.
[INFO] [1700448068.490841685] [controller_server]: Passing new path to controller.
[INFO] [1700448069.540607473] [controller_server]: Passing new path to controller.
[INFO] [1700448070.540570865] [controller_server]: Passing new path to controller.
[INFO] [1700448071.640533710] [controller_server]: Passing new path to controller.
[INFO] [1700448072.640604769] [controller_server]: Passing new path to controller.
[ERROR] [1700448072.940688069] [controller_server]: Failed to make progress
[WARN] [1700448072.940953177] [controller_server]: [follow_path] [ActionServer] Aborting handle.
[INFO] [1700448078.020660110] [controller_server]: Received a goal, begin computing control effort.
[INFO] [1700448079.071333463] [controller_server]: Passing new path to controller.
[INFO] [1700448080.121349897] [controller_server]: Passing new path to controller.
[INFO] [1700448081.171345516] [controller_server]: Passing new path to controller.
[INFO] [1700448082.221415357] [controller_server]: Passing new path to controller.
[INFO] [1700448083.271350108] [controller_server]: Passing new path to controller.
[INFO] [1700448084.321355005] [controller_server]: Passing new path to controller.
[INFO] [1700448085.371725972] [controller_server]: Passing new path to controller.
[INFO] [1700448086.421329616] [controller_server]: Passing new path to controller.
[INFO] [1700448087.472659517] [controller_server]: Passing new path to controller.
[ERROR] [1700448088.021538259] [controller_server]: Failed to make progress
[WARN] [1700448088.021939791] [controller_server]: [follow_path] [ActionServer] Aborting handle.
[INFO] [1700448088.040152447] [local_costmap.local_costmap]: Received request to clear entirely the local_costmap
[INFO] [1700448088.045748436] [controller_server]: Received a goal, begin computing control effort.
[WARN] [1700448088.140409878] [controller_server]: Control loop missed its desired rate of 20.0000Hz
[WARN] [1700448088.158598497] [controller_server]: Control loop missed its desired rate of 20.0000Hz
[INFO] [1700448088.547525085] [controller_server]: Passing new path to controller.
[INFO] [1700448089.597504780] [controller_server]: Passing new path to controller.
[INFO] [1700448090.647526011] [controller_server]: Passing new path to controller.
[INFO] [1700448091.697505910] [controller_server]: Passing new path to controller.
[INFO] [1700448092.697501934] [controller_server]: Passing new path to controller.
[INFO] [1700448093.747518332] [controller_server]: Passing new path to controller.
[INFO] [1700448094.797526046] [controller_server]: Passing new path to controller.
[INFO] [1700448095.847936754] [controller_server]: Passing new path to controller.
[INFO] [1700448096.897497103] [controller_server]: Passing new path to controller.
[INFO] [1700448097.947523316] [controller_server]: Passing new path to controller.
[ERROR] [1700448098.147930902] [controller_server]: Failed to make progress
[WARN] [1700448098.151982613] [controller_server]: [follow_path] [ActionServer] Aborting handle.
[INFO] [1700448105.341240616] [controller_server]: Received a goal, begin computing control effort.
[INFO] [1700448106.392645815] [controller_server]: Passing new path to controller.
[INFO] [1700448107.442374384] [controller_server]: Passing new path to controller.
[INFO] [1700448108.492356951] [controller_server]: Passing new path to controller.
[INFO] [1700448109.542364907] [controller_server]: Passing new path to controller.
[INFO] [1700448110.592385677] [controller_server]: Passing new path to controller.
[INFO] [1700448111.642370133] [controller_server]: Passing new path to controller.
[INFO] [1700448112.692349627] [controller_server]: Passing new path to controller.
[INFO] [1700448113.742369601] [controller_server]: Passing new path to controller.
[INFO] [1700448114.792399909] [controller_server]: Passing new path to controller.
[ERROR] [1700448115.342585507] [controller_server]: Failed to make progress
[WARN] [1700448115.342959447] [controller_server]: [follow_path] [ActionServer] Aborting handle.
[INFO] [1700448115.360175171] [local_costmap.local_costmap]: Received request to clear entirely the local_costmap
[INFO] [1700448115.362015705] [controller_server]: Received a goal, begin computing control effort.
[WARN] [1700448115.540935802] [controller_server]: Control loop missed its desired rate of 20.0000Hz
[INFO] [1700448115.891058015] [controller_server]: Passing new path to controller.
[INFO] [1700448116.891073893] [controller_server]: Passing new path to controller.
[INFO] [1700448117.941101405] [controller_server]: Passing new path to controller.
[INFO] [1700448118.991034973] [controller_server]: Passing new path to controller.
[INFO] [1700448120.041036560] [controller_server]: Passing new path to controller.
[INFO] [1700448121.091120238] [controller_server]: Passing new path to controller.
[INFO] [1700448122.141041973] [controller_server]: Passing new path to controller.
[INFO] [1700448123.141035167] [controller_server]: Passing new path to controller.
[INFO] [1700448124.191054291] [controller_server]: Passing new path to controller.
[INFO] [1700448125.241040359] [controller_server]: Passing new path to controller.
[ERROR] [1700448125.541181253] [controller_server]: Failed to make progress
[WARN] [1700448125.541448546] [controller_server]: [follow_path] [ActionServer] Aborting handle.
[INFO] [1700448125.560087549] [local_costmap.local_costmap]: Received request to clear entirely the local_costmap
[INFO] [1700448125.840665506] [controller_server]: Received a goal, begin computing control effort.
[INFO] [1700448126.891157346] [controller_server]: Passing new path to controller.
[INFO] [1700448127.941134026] [controller_server]: Passing new path to controller.
[INFO] [1700448128.991161595] [controller_server]: Passing new path to controller.
[INFO] [1700448130.041188404] [controller_server]: Passing new path to controller.
[INFO] [1700448131.091161695] [controller_server]: Passing new path to controller.
[INFO] [1700448132.141135339] [controller_server]: Passing new path to controller.
[INFO] [1700448133.191157593] [controller_server]: Passing new path to controller.
[INFO] [1700448134.241143199] [controller_server]: Passing new path to controller.
[INFO] [1700448135.291142694] [controller_server]: Passing new path to controller.
[ERROR] [1700448135.841303813] [controller_server]: Failed to make progress
[WARN] [1700448135.841614883] [controller_server]: [follow_path] [ActionServer] Aborting handle.
[INFO] [1700448135.860064295] [local_costmap.local_costmap]: Received request to clear entirely the local_costmap
[INFO] [1700448135.861869533] [controller_server]: Received a goal, begin computing control effort.
[WARN] [1700448135.941099675] [controller_server]: Control loop missed its desired rate of 20.0000Hz
[INFO] [1700448136.312743209] [controller_server]: Passing new path to controller.
[INFO] [1700448137.363156940] [controller_server]: Passing new path to controller.
[INFO] [1700448138.412589054] [controller_server]: Passing new path to controller.
[INFO] [1700448139.464754968] [controller_server]: Passing new path to controller.
[INFO] [1700448140.512524286] [controller_server]: Passing new path to controller.
[INFO] [1700448141.562476931] [controller_server]: Passing new path to controller.
[INFO] [1700448142.613739153] [controller_server]: Passing new path to controller.
[INFO] [1700448143.662474052] [controller_server]: Passing new path to controller.
[INFO] [1700448144.712632621] [controller_server]: Passing new path to controller.
[INFO] [1700448145.762921132] [controller_server]: Passing new path to controller.
[ERROR] [1700448145.963141665] [controller_server]: Failed to make progress
[WARN] [1700448145.964566519] [controller_server]: [follow_path] [ActionServer] Aborting handle.
[INFO] [1700448148.465702921] [controller_server]: Received a goal, begin computing control effort.
[INFO] [1700448149.516561426] [controller_server]: Passing new path to controller.
[INFO] [1700448150.567775352] [controller_server]: Passing new path to controller.
[INFO] [1700448151.616341477] [controller_server]: Passing new path to controller.
[INFO] [1700448152.668150582] [controller_server]: Passing new path to controller.
[INFO] [1700448153.716503858] [controller_server]: Passing new path to controller.
[INFO] [1700448154.767232754] [controller_server]: Passing new path to controller.
[INFO] [1700448155.816359002] [controller_server]: Passing new path to controller.
[INFO] [1700448156.866750254] [controller_server]: Passing new path to controller.
[INFO] [1700448157.916347200] [controller_server]: Passing new path to controller.
[ERROR] [1700448158.466772112] [controller_server]: Failed to make progress
[WARN] [1700448158.467168386] [controller_server]: [follow_path] [ActionServer] Aborting handle.
[INFO] [1700448158.482883349] [local_costmap.local_costmap]: Received request to clear entirely the local_costmap
[INFO] [1700448158.486489529] [controller_server]: Received a goal, begin computing control effort.
[INFO] [1700448158.987757131] [controller_server]: Passing new path to controller.
[INFO] [1700448160.037057914] [controller_server]: Passing new path to controller.
[INFO] [1700448161.087075708] [controller_server]: Passing new path to controller.
[INFO] [1700448162.137073113] [controller_server]: Passing new path to controller.
[INFO] [1700448163.187105369] [controller_server]: Passing new path to controller.
[INFO] [1700448164.237066016] [controller_server]: Passing new path to controller.
[INFO] [1700448165.237051362] [controller_server]: Passing new path to controller.
[INFO] [1700448166.337054197] [controller_server]: Passing new path to controller.
[INFO] [1700448167.337068154] [controller_server]: Passing new path to controller.
[INFO] [1700448168.387375778] [controller_server]: Passing new path to controller.
[ERROR] [1700448168.537241496] [controller_server]: Failed to make progress
[WARN] [1700448168.538699442] [controller_server]: [follow_path] [ActionServer] Aborting handle.
[INFO] [1700448169.392248807] [controller_server]: Received a goal, begin computing control effort.
[INFO] [1700448170.442828336] [controller_server]: Passing new path to controller.
[INFO] [1700448171.492797742] [controller_server]: Passing new path to controller.
[INFO] [1700448172.542852981] [controller_server]: Passing new path to controller.
[INFO] [1700448173.592818054] [controller_server]: Passing new path to controller.
[INFO] [1700448174.642835330] [controller_server]: Passing new path to controller.
[INFO] [1700448175.642850621] [controller_server]: Passing new path to controller.
[INFO] [1700448176.692809342] [controller_server]: Passing new path to controller.
[INFO] [1700448177.742835397] [controller_server]: Passing new path to controller.
[INFO] [1700448178.792903654] [controller_server]: Passing new path to controller.
[ERROR] [1700448179.392913947] [controller_server]: Failed to make progress
[WARN] [1700448179.393199777] [controller_server]: [follow_path] [ActionServer] Aborting handle.
[INFO] [1700448179.411612449] [local_costmap.local_costmap]: Received request to clear entirely the local_costmap
[INFO] [1700448179.419190934] [controller_server]: Received a goal, begin computing control effort.
[WARN] [1700448179.540702468] [controller_server]: Control loop missed its desired rate of 20.0000Hz
[INFO] [1700448179.840801363] [controller_server]: Passing new path to controller.
[INFO] [1700448180.890839825] [controller_server]: Passing new path to controller.
[INFO] [1700448181.940807417] [controller_server]: Passing new path to controller.
[INFO] [1700448183.740811816] [controller_server]: Passing new path to controller.
[INFO] [1700448185.640806612] [controller_server]: Passing new path to controller.
[INFO] [1700448186.690996332] [controller_server]: Passing new path to controller.
[INFO] [1700448187.740810649] [controller_server]: Passing new path to controller.
[INFO] [1700448188.790837593] [controller_server]: Passing new path to controller.
[ERROR] [1700448189.540953010] [controller_server]: Failed to make progress
[WARN] [1700448189.541257136] [controller_server]: [follow_path] [ActionServer] Aborting handle.
[INFO] [1700448194.621962055] [controller_server]: Received a goal, begin computing control effort.
[INFO] [1700448195.672493215] [controller_server]: Passing new path to controller.
[INFO] [1700448196.722531716] [controller_server]: Passing new path to controller.
[INFO] [1700448197.772497013] [controller_server]: Passing new path to controller.
[INFO] [1700448198.822486144] [controller_server]: Passing new path to controller.
[INFO] [1700448199.872500607] [controller_server]: Passing new path to controller.
[INFO] [1700448200.922507330] [controller_server]: Passing new path to controller.
[INFO] [1700448201.972495091] [controller_server]: Passing new path to controller.
[INFO] [1700448203.022491925] [controller_server]: Passing new path to controller.
[INFO] [1700448204.072506593] [controller_server]: Passing new path to controller.
[ERROR] [1700448204.622652585] [controller_server]: Failed to make progress
[WARN] [1700448204.623072839] [controller_server]: [follow_path] [ActionServer] Aborting handle.
[INFO] [1700448204.641007221] [local_costmap.local_costmap]: Received request to clear entirely the local_costmap
[INFO] [1700448204.643866502] [controller_server]: Received a goal, begin computing control effort.
[WARN] [1700448204.747166731] [controller_server]: Control loop missed its desired rate of 20.0000Hz
[INFO] [1700448205.147303377] [controller_server]: Passing new path to controller.
[INFO] [1700448206.197451913] [controller_server]: Passing new path to controller.
[INFO] [1700448207.247620931] [controller_server]: Passing new path to controller.
[INFO] [1700448208.297308122] [controller_server]: Passing new path to controller.
[INFO] [1700448209.347329197] [controller_server]: Passing new path to controller.
[INFO] [1700448210.397510549] [controller_server]: Passing new path to controller.
[INFO] [1700448211.447291960] [controller_server]: Passing new path to controller.
[INFO] [1700448212.497526589] [controller_server]: Passing new path to controller.
[INFO] [1700448213.548839964] [controller_server]: Passing new path to controller.
[INFO] [1700448214.598082938] [controller_server]: Passing new path to controller.
[ERROR] [1700448214.747519403] [controller_server]: Failed to make progress
[WARN] [1700448214.747871658] [controller_server]: [follow_path] [ActionServer] Aborting handle.
[INFO] [1700448221.733033818] [controller_server]: Received a goal, begin computing control effort.
[INFO] [1700448222.784088123] [controller_server]: Passing new path to controller.
[INFO] [1700448223.883949965] [controller_server]: Passing new path to controller.
[INFO] [1700448224.888041656] [controller_server]: Passing new path to controller.
[INFO] [1700448225.933912893] [controller_server]: Passing new path to controller.
[INFO] [1700448226.987117376] [controller_server]: Passing new path to controller.
[INFO] [1700448228.034192766] [controller_server]: Passing new path to controller.
[INFO] [1700448229.086052599] [controller_server]: Passing new path to controller.
[INFO] [1700448230.135063244] [controller_server]: Passing new path to controller.
[INFO] [1700448231.186212956] [controller_server]: Passing new path to controller.
[ERROR] [1700448231.734276473] [controller_server]: Failed to make progress
[WARN] [1700448231.737310011] [controller_server]: [follow_path] [ActionServer] Aborting handle.
[INFO] [1700448231.751163163] [local_costmap.local_costmap]: Received request to clear entirely the local_costmap
[INFO] [1700448231.753499895] [controller_server]: Received a goal, begin computing control effort.
[WARN] [1700448231.941051689] [controller_server]: Control loop missed its desired rate of 20.0000Hz
[INFO] [1700448232.241156105] [controller_server]: Passing new path to controller.
[INFO] [1700448233.291152349] [controller_server]: Passing new path to controller.
[INFO] [1700448234.292345667] [controller_server]: Passing new path to controller.
[INFO] [1700448235.391190022] [controller_server]: Passing new path to controller.
[INFO] [1700448236.441159008] [controller_server]: Passing new path to controller.
[INFO] [1700448237.491160456] [controller_server]: Passing new path to controller.
[INFO] [1700448238.541158256] [controller_server]: Passing new path to controller.
[INFO] [1700448239.591312462] [controller_server]: Passing new path to controller.
[INFO] [1700448240.641212616] [controller_server]: Passing new path to controller.
[INFO] [1700448241.641154301] [controller_server]: Passing new path to controller.
[ERROR] [1700448241.941518158] [controller_server]: Failed to make progress
[WARN] [1700448241.941886394] [controller_server]: [follow_path] [ActionServer] Aborting handle.
[INFO] [1700448241.961238037] [local_costmap.local_costmap]: Received request to clear entirely the local_costmap
[INFO] [1700448242.851926563] [controller_server]: Received a goal, begin computing control effort.
[INFO] [1700448243.953441813] [controller_server]: Passing new path to controller.
[INFO] [1700448244.953424647] [controller_server]: Passing new path to controller.
[INFO] [1700448246.003416725] [controller_server]: Passing new path to controller.
[INFO] [1700448247.053420322] [controller_server]: Passing new path to controller.
[INFO] [1700448248.103427956] [controller_server]: Passing new path to controller.
[INFO] [1700448249.203436058] [controller_server]: Passing new path to controller.
[INFO] [1700448250.203483095] [controller_server]: Passing new path to controller.
[INFO] [1700448251.253416323] [controller_server]: Passing new path to controller.
[INFO] [1700448252.303428050] [controller_server]: Passing new path to controller.
[ERROR] [1700448252.903607585] [controller_server]: Failed to make progress
[WARN] [1700448252.903880841] [controller_server]: [follow_path] [ActionServer] Aborting handle.
[INFO] [1700448252.921300951] [local_costmap.local_costmap]: Received request to clear entirely the local_costmap
[INFO] [1700448252.925178183] [controller_server]: Received a goal, begin computing control effort.
[WARN] [1700448253.138914596] [controller_server]: Control loop missed its desired rate of 20.0000Hz
[INFO] [1700448253.389043636] [controller_server]: Passing new path to controller.
[INFO] [1700448254.439012530] [controller_server]: Passing new path to controller.
[INFO] [1700448255.489297162] [controller_server]: Passing new path to controller.
[INFO] [1700448256.539017763] [controller_server]: Passing new path to controller.
[INFO] [1700448257.589054194] [controller_server]: Passing new path to controller.
[INFO] [1700448258.639029385] [controller_server]: Passing new path to controller.
[INFO] [1700448259.689067149] [controller_server]: Passing new path to controller.
[INFO] [1700448260.739023100] [controller_server]: Passing new path to controller.
[INFO] [1700448261.739011971] [controller_server]: Passing new path to controller.
[INFO] [1700448262.789065976] [controller_server]: Passing new path to controller.
[ERROR] [1700448263.139201007] [controller_server]: Failed to make progress
[WARN] [1700448263.139531189] [controller_server]: [follow_path] [ActionServer] Aborting handle.
[INFO] [1700448265.775058311] [controller_server]: Received a goal, begin computing control effort.
[INFO] [1700448266.881595726] [controller_server]: Passing new path to controller.
[INFO] [1700448267.930653540] [controller_server]: Passing new path to controller.
[WARN] [1700448268.139989208] [controller_server]: Control loop missed its desired rate of 20.0000Hz
[INFO] [1700448268.980749749] [controller_server]: Passing new path to controller.
[INFO] [1700448270.030663571] [controller_server]: Passing new path to controller.
[INFO] [1700448271.030648758] [controller_server]: Passing new path to controller.
[INFO] [1700448272.080700430] [controller_server]: Passing new path to controller.
[INFO] [1700448273.130717362] [controller_server]: Passing new path to controller.
[INFO] [1700448274.180689869] [controller_server]: Passing new path to controller.
[INFO] [1700448275.230658135] [controller_server]: Passing new path to controller.
[ERROR] [1700448275.781009072] [controller_server]: Failed to make progress
[WARN] [1700448275.781508696] [controller_server]: [follow_path] [ActionServer] Aborting handle.
[INFO] [1700448275.802994369] [local_costmap.local_costmap]: Received request to clear entirely the local_costmap
[INFO] [1700448275.807831942] [controller_server]: Received a goal, begin computing control effort.
[WARN] [1700448275.942233380] [controller_server]: Control loop missed its desired rate of 20.0000Hz
[INFO] [1700448276.242335815] [controller_server]: Passing new path to controller.
[INFO] [1700448277.292333247] [controller_server]: Passing new path to controller.
[INFO] [1700448278.342356069] [controller_server]: Passing new path to controller.
[INFO] [1700448279.392355798] [controller_server]: Passing new path to controller.
[INFO] [1700448280.442423360] [controller_server]: Passing new path to controller.
[INFO] [1700448281.442337104] [controller_server]: Passing new path to controller.
[INFO] [1700448282.492416258] [controller_server]: Passing new path to controller.
[INFO] [1700448283.542335655] [controller_server]: Passing new path to controller.
[INFO] [1700448284.592357069] [controller_server]: Passing new path to controller.
[INFO] [1700448285.642918755] [controller_server]: Passing new path to controller.
[ERROR] [1700448285.942494196] [controller_server]: Failed to make progress
[WARN] [1700448285.942847618] [controller_server]: [follow_path] [ActionServer] Aborting handle.
[INFO] [1700448291.032801963] [controller_server]: Received a goal, begin computing control effort.
[INFO] [1700448292.085108648] [controller_server]: Passing new path to controller.
[INFO] [1700448293.135112007] [controller_server]: Passing new path to controller.
[INFO] [1700448294.186906087] [controller_server]: Passing new path to controller.
[INFO] [1700448295.235099561] [controller_server]: Passing new path to controller.
[INFO] [1700448296.285977225] [controller_server]: Passing new path to controller.
[INFO] [1700448297.335112632] [controller_server]: Passing new path to controller.
[INFO] [1700448298.385122214] [controller_server]: Passing new path to controller.
[INFO] [1700448299.435099501] [controller_server]: Passing new path to controller.
[INFO] [1700448300.485150119] [controller_server]: Passing new path to controller.
[ERROR] [1700448301.035279208] [controller_server]: Failed to make progress
[WARN] [1700448301.035640555] [controller_server]: [follow_path] [ActionServer] Aborting handle.
[INFO] [1700448301.052301952] [local_costmap.local_costmap]: Received request to clear entirely the local_costmap
[INFO] [1700448301.054435742] [controller_server]: Received a goal, begin computing control effort.
[WARN] [1700448301.138233849] [controller_server]: Control loop missed its desired rate of 20.0000Hz
[WARN] [1700448301.155316889] [controller_server]: Control loop missed its desired rate of 20.0000Hz
[INFO] [1700448301.555174930] [controller_server]: Passing new path to controller.
[INFO] [1700448302.605182845] [controller_server]: Passing new path to controller.
[INFO] [1700448303.605166460] [controller_server]: Passing new path to controller.
[INFO] [1700448304.655161080] [controller_server]: Passing new path to controller.
[INFO] [1700448305.705172367] [controller_server]: Passing new path to controller.
[INFO] [1700448306.755161561] [controller_server]: Passing new path to controller.
[INFO] [1700448307.755219953] [controller_server]: Passing new path to controller.
[INFO] [1700448308.805195555] [controller_server]: Passing new path to controller.
[INFO] [1700448309.855162434] [controller_server]: Passing new path to controller.
[INFO] [1700448310.905159369] [controller_server]: Passing new path to controller.
[ERROR] [1700448311.155323336] [controller_server]: Failed to make progress
[WARN] [1700448311.155631166] [controller_server]: [follow_path] [ActionServer] Aborting handle.
[INFO] [1700448315.502233331] [local_costmap.local_costmap]: Received request to clear entirely the local_costmap
[INFO] [1700448315.843288267] [controller_server]: Received a goal, begin computing control effort.
[INFO] [1700448316.896100095] [controller_server]: Passing new path to controller.
[INFO] [1700448317.945807330] [controller_server]: Passing new path to controller.
[INFO] [1700448318.996545627] [controller_server]: Passing new path to controller.
[INFO] [1700448320.096805120] [controller_server]: Passing new path to controller.
[INFO] [1700448321.145831845] [controller_server]: Passing new path to controller.
[INFO] [1700448322.196550513] [controller_server]: Passing new path to controller.
[INFO] [1700448323.245805513] [controller_server]: Passing new path to controller.
[INFO] [1700448324.296276240] [controller_server]: Passing new path to controller.
[INFO] [1700448325.345871458] [controller_server]: Passing new path to controller.
[ERROR] [1700448325.846030913] [controller_server]: Failed to make progress
[WARN] [1700448325.846458037] [controller_server]: [follow_path] [ActionServer] Aborting handle.
[INFO] [1700448325.862839511] [local_costmap.local_costmap]: Received request to clear entirely the local_costmap
[INFO] [1700448325.868366613] [controller_server]: Received a goal, begin computing control effort.
[WARN] [1700448325.937891129] [controller_server]: Control loop missed its desired rate of 20.0000Hz
[INFO] [1700448326.368919118] [controller_server]: Passing new path to controller.
[INFO] [1700448327.418934351] [controller_server]: Passing new path to controller.
[INFO] [1700448328.468978434] [controller_server]: Passing new path to controller.
[INFO] [1700448329.518940371] [controller_server]: Passing new path to controller.
[INFO] [1700448330.568918418] [controller_server]: Passing new path to controller.
[INFO] [1700448331.618927725] [controller_server]: Passing new path to controller.
[INFO] [1700448332.669483099] [controller_server]: Passing new path to controller.
[INFO] [1700448333.718927116] [controller_server]: Passing new path to controller.
[INFO] [1700448334.768900275] [controller_server]: Passing new path to controller.
[INFO] [1700448335.818922971] [controller_server]: Passing new path to controller.
[ERROR] [1700448335.969123724] [controller_server]: Failed to make progress
[WARN] [1700448335.969433887] [controller_server]: [follow_path] [ActionServer] Aborting handle.
[INFO] [1700448336.404973546] [controller_server]: Received a goal, begin computing control effort.
[INFO] [1700448337.505563980] [controller_server]: Passing new path to controller.
[INFO] [1700448338.555548917] [controller_server]: Passing new path to controller.
[INFO] [1700448339.555541072] [controller_server]: Passing new path to controller.
[INFO] [1700448340.605547360] [controller_server]: Passing new path to controller.
[INFO] [1700448341.655555612] [controller_server]: Passing new path to controller.
[INFO] [1700448342.705552808] [controller_server]: Passing new path to controller.
[INFO] [1700448343.755549856] [controller_server]: Passing new path to controller.
[INFO] [1700448344.805541757] [controller_server]: Passing new path to controller.
[INFO] [1700448345.855549471] [controller_server]: Passing new path to controller.
[ERROR] [1700448346.405726968] [controller_server]: Failed to make progress
[WARN] [1700448346.406032520] [controller_server]: [follow_path] [ActionServer] Aborting handle.
[INFO] [1700448346.424247325] [local_costmap.local_costmap]: Received request to clear entirely the local_costmap
[INFO] [1700448346.426947608] [controller_server]: Received a goal, begin computing control effort.
[WARN] [1700448346.534454122] [controller_server]: Control loop missed its desired rate of 20.0000Hz
[INFO] [1700448346.934577345] [controller_server]: Passing new path to controller.
[INFO] [1700448347.984732614] [controller_server]: Passing new path to controller.
[INFO] [1700448349.034561683] [controller_server]: Passing new path to controller.
[INFO] [1700448350.084583472] [controller_server]: Passing new path to controller.
[INFO] [1700448351.134556447] [controller_server]: Passing new path to controller.
[INFO] [1700448352.134567361] [controller_server]: Passing new path to controller.
[INFO] [1700448353.184560725] [controller_server]: Passing new path to controller.
[INFO] [1700448354.234559440] [controller_server]: Passing new path to controller.
[INFO] [1700448355.284613951] [controller_server]: Passing new path to controller.
[INFO] [1700448356.334569334] [controller_server]: Passing new path to controller.
[ERROR] [1700448356.534721389] [controller_server]: Failed to make progress
[WARN] [1700448356.535038441] [controller_server]: [follow_path] [ActionServer] Aborting handle.
[INFO] [1700448359.215128778] [controller_server]: Received a goal, begin computing control effort.
[INFO] [1700448360.316580944] [controller_server]: Passing new path to controller.
[INFO] [1700448361.317271129] [controller_server]: Passing new path to controller.
[INFO] [1700448362.365919231] [controller_server]: Passing new path to controller.
[INFO] [1700448363.465848786] [controller_server]: Passing new path to controller.
[INFO] [1700448364.516106370] [controller_server]: Passing new path to controller.
[INFO] [1700448365.565787515] [controller_server]: Passing new path to controller.
[INFO] [1700448366.616081987] [controller_server]: Passing new path to controller.
[INFO] [1700448367.665757522] [controller_server]: Passing new path to controller.
[INFO] [1700448368.765764077] [controller_server]: Passing new path to controller.
[ERROR] [1700448369.265911607] [controller_server]: Failed to make progress
[WARN] [1700448369.266171641] [controller_server]: [follow_path] [ActionServer] Aborting handle.
[INFO] [1700448369.284400834] [local_costmap.local_costmap]: Received request to clear entirely the local_costmap
[INFO] [1700448369.287608056] [controller_server]: Received a goal, begin computing control effort.
[INFO] [1700448369.788260080] [controller_server]: Passing new path to controller.
[WARN] [1700448370.839868018] [controller_server]: Control loop missed its desired rate of 20.0000Hz
[INFO] [1700448370.888231579] [controller_server]: Passing new path to controller.
[INFO] [1700448371.938229073] [controller_server]: Passing new path to controller.
[INFO] [1700448372.988254105] [controller_server]: Passing new path to controller.
[INFO] [1700448374.038231451] [controller_server]: Passing new path to controller.
[INFO] [1700448375.088228001] [controller_server]: Passing new path to controller.
[INFO] [1700448376.188245278] [controller_server]: Passing new path to controller.
[INFO] [1700448377.238224681] [controller_server]: Passing new path to controller.
[INFO] [1700448378.288241027] [controller_server]: Passing new path to controller.
[INFO] [1700448379.338226615] [controller_server]: Passing new path to controller.
[ERROR] [1700448379.339789263] [controller_server]: Failed to make progress
[WARN] [1700448379.340200573] [controller_server]: [follow_path] [ActionServer] Aborting handle.
[INFO] [1700448384.435295387] [controller_server]: Received a goal, begin computing control effort.
[INFO] [1700448385.486248982] [controller_server]: Passing new path to controller.
[INFO] [1700448386.586285148] [controller_server]: Passing new path to controller.
[INFO] [1700448387.636273254] [controller_server]: Passing new path to controller.
[INFO] [1700448388.636754906] [controller_server]: Passing new path to controller.
[INFO] [1700448389.737380436] [controller_server]: Passing new path to controller.
[INFO] [1700448390.147707818] [rclcpp]: signal_handler(signum=2)
[INFO] [1700448390.149683276] [local_costmap.local_costmap]: Running Nav2 LifecycleNode rcl preshutdown (local_costmap)
[INFO] [1700448390.149908311] [local_costmap.local_costmap]: Deactivating
[INFO] [1700448390.186643823] [controller_server]: Goal was canceled. Stopping the robot.
[WARN] [1700448390.186836006] [controller_server]: [follow_path] [ActionServer] Client requested to cancel the goal. Cancelling.
[INFO] [1700448390.313869662] [local_costmap.local_costmap]: Cleaning up
[INFO] [1700448390.504100389] [local_costmap.local_costmap]: Destroying bond (local_costmap) to lifecycle manager.
[INFO] [1700448390.504607698] [controller_server]: Running Nav2 LifecycleNode rcl preshutdown (controller_server)
[INFO] [1700448390.504833603] [controller_server]: Deactivating
[INFO] [1700448390.504963435] [controller_server]: Destroying bond (controller_server) to lifecycle manager.
[INFO] [1700448390.558265716] [controller_server]: Cleaning up
[INFO] [1700448391.202536905] [controller_server]: Destroying bond (controller_server) to lifecycle manager.
