[INFO] [1700516261.615619212] [lifecycle_manager_navigation]: Creating
[INFO] [1700516261.741794909] [lifecycle_manager_navigation]: [34m[1mCreating and initializing lifecycle service clients[0m[0m
[INFO] [1700516264.018452278] [lifecycle_manager_navigation]: [34m[1mStarting managed nodes bringup...[0m[0m
[INFO] [1700516264.018680998] [lifecycle_manager_navigation]: [34m[1mConfiguring controller_server[0m[0m
[INFO] [1700516265.103831839] [lifecycle_manager_navigation]: [34m[1mConfiguring smoother_server[0m[0m
[INFO] [1700516265.283278656] [lifecycle_manager_navigation]: [34m[1mConfiguring planner_server[0m[0m
[INFO] [1700516265.688695841] [lifecycle_manager_navigation]: [34m[1mConfiguring behavior_server[0m[0m
[INFO] [1700516266.123816365] [lifecycle_manager_navigation]: [34m[1mConfiguring bt_navigator[0m[0m
[INFO] [1700516266.796872728] [lifecycle_manager_navigation]: [34m[1mConfiguring waypoint_follower[0m[0m
[INFO] [1700516266.936121143] [lifecycle_manager_navigation]: [34m[1mConfiguring velocity_smoother[0m[0m
[INFO] [1700516266.980778179] [lifecycle_manager_navigation]: [34m[1mActivating controller_server[0m[0m
[INFO] [1700516267.308160013] [lifecycle_manager_navigation]: Server controller_server connected with bond.
[INFO] [1700516267.308335474] [lifecycle_manager_navigation]: [34m[1mActivating smoother_server[0m[0m
[INFO] [1700516267.436621369] [lifecycle_manager_navigation]: Server smoother_server connected with bond.
[INFO] [1700516267.436917865] [lifecycle_manager_navigation]: [34m[1mActivating planner_server[0m[0m
[INFO] [1700516268.650608690] [lifecycle_manager_navigation]: Server planner_server connected with bond.
[INFO] [1700516268.650817114] [lifecycle_manager_navigation]: [34m[1mActivating behavior_server[0m[0m
[INFO] [1700516268.783418865] [lifecycle_manager_navigation]: Server behavior_server connected with bond.
[INFO] [1700516268.783595511] [lifecycle_manager_navigation]: [34m[1mActivating bt_navigator[0m[0m
[INFO] [1700516269.673511164] [lifecycle_manager_navigation]: Server bt_navigator connected with bond.
[INFO] [1700516269.673696884] [lifecycle_manager_navigation]: [34m[1mActivating waypoint_follower[0m[0m
[INFO] [1700516269.805444053] [lifecycle_manager_navigation]: Server waypoint_follower connected with bond.
[INFO] [1700516269.805673420] [lifecycle_manager_navigation]: [34m[1mActivating velocity_smoother[0m[0m
[INFO] [1700516269.942042073] [lifecycle_manager_navigation]: Server velocity_smoother connected with bond.
[INFO] [1700516269.942280811] [lifecycle_manager_navigation]: [34m[1mManaged nodes are active[0m[0m
[INFO] [1700516269.942357699] [lifecycle_manager_navigation]: [34m[1mCreating bond timer...[0m[0m
[INFO] [1700516350.731198595] [rclcpp]: signal_handler(signum=2)
[INFO] [1700516350.732704152] [lifecycle_manager_navigation]: Running Nav2 LifecycleManager rcl preshutdown (lifecycle_manager_navigation)
[INFO] [1700516350.732880872] [lifecycle_manager_navigation]: [34m[1mTerminating bond timer...[0m[0m
