[INFO] [1700322619.762079622] [lifecycle_manager_navigation]: Creating
[INFO] [1700322620.081992830] [lifecycle_manager_navigation]: [34m[1mCreating and initializing lifecycle service clients[0m[0m
[INFO] [1700322622.106196776] [lifecycle_manager_navigation]: Waiting for service controller_server/get_state...
[INFO] [1700322624.335869903] [lifecycle_manager_navigation]: [34m[1mStarting managed nodes bringup...[0m[0m
[INFO] [1700322624.336152585] [lifecycle_manager_navigation]: [34m[1mConfiguring controller_server[0m[0m
[INFO] [1700322625.393962035] [lifecycle_manager_navigation]: [34m[1mConfiguring smoother_server[0m[0m
[INFO] [1700322625.615357210] [lifecycle_manager_navigation]: [34m[1mConfiguring planner_server[0m[0m
[INFO] [1700322626.043270904] [lifecycle_manager_navigation]: [34m[1mConfiguring behavior_server[0m[0m
[INFO] [1700322626.499428970] [lifecycle_manager_navigation]: [34m[1mConfiguring bt_navigator[0m[0m
[INFO] [1700322627.156796097] [lifecycle_manager_navigation]: [34m[1mConfiguring waypoint_follower[0m[0m
[INFO] [1700322627.296796836] [lifecycle_manager_navigation]: [34m[1mConfiguring velocity_smoother[0m[0m
[INFO] [1700322627.349200840] [lifecycle_manager_navigation]: [34m[1mActivating controller_server[0m[0m
[INFO] [1700322627.691332516] [lifecycle_manager_navigation]: Server controller_server connected with bond.
[INFO] [1700322627.691471495] [lifecycle_manager_navigation]: [34m[1mActivating smoother_server[0m[0m
[INFO] [1700322627.822340459] [lifecycle_manager_navigation]: Server smoother_server connected with bond.
[INFO] [1700322627.822532105] [lifecycle_manager_navigation]: [34m[1mActivating planner_server[0m[0m
[INFO] [1700322629.018108400] [lifecycle_manager_navigation]: Server planner_server connected with bond.
[INFO] [1700322629.018265120] [lifecycle_manager_navigation]: [34m[1mActivating behavior_server[0m[0m
[INFO] [1700322629.157097489] [lifecycle_manager_navigation]: Server behavior_server connected with bond.
[INFO] [1700322629.157259487] [lifecycle_manager_navigation]: [34m[1mActivating bt_navigator[0m[0m
[INFO] [1700322630.042884146] [lifecycle_manager_navigation]: Server bt_navigator connected with bond.
[INFO] [1700322630.043061347] [lifecycle_manager_navigation]: [34m[1mActivating waypoint_follower[0m[0m
[INFO] [1700322630.172152653] [lifecycle_manager_navigation]: Server waypoint_follower connected with bond.
[INFO] [1700322630.172374372] [lifecycle_manager_navigation]: [34m[1mActivating velocity_smoother[0m[0m
[INFO] [1700322630.309693412] [lifecycle_manager_navigation]: Server velocity_smoother connected with bond.
[INFO] [1700322630.309850946] [lifecycle_manager_navigation]: [34m[1mManaged nodes are active[0m[0m
[INFO] [1700322630.309902890] [lifecycle_manager_navigation]: [34m[1mCreating bond timer...[0m[0m
[INFO] [1700323155.949755495] [rclcpp]: signal_handler(signum=2)
[INFO] [1700323155.950060657] [lifecycle_manager_navigation]: Running Nav2 LifecycleManager rcl preshutdown (lifecycle_manager_navigation)
[INFO] [1700323155.950229914] [lifecycle_manager_navigation]: [34m[1mTerminating bond timer...[0m[0m
