[INFO] [1700516526.174004446] [lifecycle_manager_navigation]: Creating
[INFO] [1700516526.354268548] [lifecycle_manager_navigation]: [34m[1mCreating and initializing lifecycle service clients[0m[0m
[INFO] [1700516529.466746344] [lifecycle_manager_navigation]: [34m[1mStarting managed nodes bringup...[0m[0m
[INFO] [1700516529.466984989] [lifecycle_manager_navigation]: [34m[1mConfiguring controller_server[0m[0m
[INFO] [1700516530.118818373] [lifecycle_manager_navigation]: [34m[1mConfiguring smoother_server[0m[0m
[INFO] [1700516530.292785382] [lifecycle_manager_navigation]: [34m[1mConfiguring planner_server[0m[0m
[INFO] [1700516530.731710915] [lifecycle_manager_navigation]: [34m[1mConfiguring behavior_server[0m[0m
[INFO] [1700516531.208567264] [lifecycle_manager_navigation]: [34m[1mConfiguring bt_navigator[0m[0m
[INFO] [1700516531.878656805] [lifecycle_manager_navigation]: [34m[1mConfiguring waypoint_follower[0m[0m
[INFO] [1700516532.018464083] [lifecycle_manager_navigation]: [34m[1mConfiguring velocity_smoother[0m[0m
[INFO] [1700516532.066951259] [lifecycle_manager_navigation]: [34m[1mActivating controller_server[0m[0m
[INFO] [1700516532.403835295] [lifecycle_manager_navigation]: Server controller_server connected with bond.
[INFO] [1700516532.404028367] [lifecycle_manager_navigation]: [34m[1mActivating smoother_server[0m[0m
[INFO] [1700516532.538844092] [lifecycle_manager_navigation]: Server smoother_server connected with bond.
[INFO] [1700516532.539064552] [lifecycle_manager_navigation]: [34m[1mActivating planner_server[0m[0m
[INFO] [1700516533.738659162] [lifecycle_manager_navigation]: Server planner_server connected with bond.
[INFO] [1700516533.738901474] [lifecycle_manager_navigation]: [34m[1mActivating behavior_server[0m[0m
[INFO] [1700516533.873734532] [lifecycle_manager_navigation]: Server behavior_server connected with bond.
[INFO] [1700516533.876638221] [lifecycle_manager_navigation]: [34m[1mActivating bt_navigator[0m[0m
[INFO] [1700516534.846872671] [lifecycle_manager_navigation]: Server bt_navigator connected with bond.
[INFO] [1700516534.847092076] [lifecycle_manager_navigation]: [34m[1mActivating waypoint_follower[0m[0m
[INFO] [1700516534.986083400] [lifecycle_manager_navigation]: Server waypoint_follower connected with bond.
[INFO] [1700516534.986250472] [lifecycle_manager_navigation]: [34m[1mActivating velocity_smoother[0m[0m
[INFO] [1700516535.117144095] [lifecycle_manager_navigation]: Server velocity_smoother connected with bond.
[INFO] [1700516535.117336481] [lifecycle_manager_navigation]: [34m[1mManaged nodes are active[0m[0m
[INFO] [1700516535.117406480] [lifecycle_manager_navigation]: [34m[1mCreating bond timer...[0m[0m
[INFO] [1700516631.483005451] [rclcpp]: signal_handler(signum=2)
[INFO] [1700516631.483427872] [lifecycle_manager_navigation]: Running Nav2 LifecycleManager rcl preshutdown (lifecycle_manager_navigation)
[INFO] [1700516631.483597333] [lifecycle_manager_navigation]: [34m[1mTerminating bond timer...[0m[0m
