[INFO] [1700517886.841347203] [lifecycle_manager_navigation]: Creating
[INFO] [1700517886.905012720] [lifecycle_manager_navigation]: [34m[1mCreating and initializing lifecycle service clients[0m[0m
[INFO] [1700517889.037218179] [lifecycle_manager_navigation]: Waiting for service controller_server/get_state...
[INFO] [1700517890.427628699] [lifecycle_manager_navigation]: [34m[1mStarting managed nodes bringup...[0m[0m
[INFO] [1700517890.427840845] [lifecycle_manager_navigation]: [34m[1mConfiguring controller_server[0m[0m
[INFO] [1700517891.030258466] [lifecycle_manager_navigation]: [34m[1mConfiguring smoother_server[0m[0m
[INFO] [1700517891.194427958] [lifecycle_manager_navigation]: [34m[1mConfiguring planner_server[0m[0m
[INFO] [1700517891.598338653] [lifecycle_manager_navigation]: [34m[1mConfiguring behavior_server[0m[0m
[INFO] [1700517892.064321513] [lifecycle_manager_navigation]: [34m[1mConfiguring bt_navigator[0m[0m
[INFO] [1700517892.761221865] [lifecycle_manager_navigation]: [34m[1mConfiguring waypoint_follower[0m[0m
[INFO] [1700517892.898915759] [lifecycle_manager_navigation]: [34m[1mConfiguring velocity_smoother[0m[0m
[INFO] [1700517892.953276513] [lifecycle_manager_navigation]: [34m[1mActivating controller_server[0m[0m
[INFO] [1700517893.286201685] [lifecycle_manager_navigation]: Server controller_server connected with bond.
[INFO] [1700517893.286363035] [lifecycle_manager_navigation]: [34m[1mActivating smoother_server[0m[0m
[INFO] [1700517893.408166725] [lifecycle_manager_navigation]: Server smoother_server connected with bond.
[INFO] [1700517893.410298256] [lifecycle_manager_navigation]: [34m[1mActivating planner_server[0m[0m
[INFO] [1700517894.610741437] [lifecycle_manager_navigation]: Server planner_server connected with bond.
[INFO] [1700517894.610981767] [lifecycle_manager_navigation]: [34m[1mActivating behavior_server[0m[0m
[INFO] [1700517894.739647266] [lifecycle_manager_navigation]: Server behavior_server connected with bond.
[INFO] [1700517894.739862708] [lifecycle_manager_navigation]: [34m[1mActivating bt_navigator[0m[0m
[INFO] [1700517895.651244669] [lifecycle_manager_navigation]: Server bt_navigator connected with bond.
[INFO] [1700517895.651463666] [lifecycle_manager_navigation]: [34m[1mActivating waypoint_follower[0m[0m
[INFO] [1700517895.780009778] [lifecycle_manager_navigation]: Server waypoint_follower connected with bond.
[INFO] [1700517895.780188202] [lifecycle_manager_navigation]: [34m[1mActivating velocity_smoother[0m[0m
[INFO] [1700517895.918690012] [lifecycle_manager_navigation]: Server velocity_smoother connected with bond.
[INFO] [1700517895.918892917] [lifecycle_manager_navigation]: [34m[1mManaged nodes are active[0m[0m
[INFO] [1700517895.919048637] [lifecycle_manager_navigation]: [34m[1mCreating bond timer...[0m[0m
[INFO] [1700517955.971030075] [rclcpp]: signal_handler(signum=2)
[INFO] [1700517955.972124229] [lifecycle_manager_navigation]: Running Nav2 LifecycleManager rcl preshutdown (lifecycle_manager_navigation)
[INFO] [1700517955.972306098] [lifecycle_manager_navigation]: [34m[1mTerminating bond timer...[0m[0m
