[INFO] [1700518185.963049502] [lifecycle_manager_navigation]: Creating
[INFO] [1700518186.030106053] [lifecycle_manager_navigation]: [34m[1mCreating and initializing lifecycle service clients[0m[0m
[INFO] [1700518188.360070797] [lifecycle_manager_navigation]: Waiting for service controller_server/get_state...
[INFO] [1700518189.489966412] [lifecycle_manager_navigation]: [34m[1mStarting managed nodes bringup...[0m[0m
[INFO] [1700518189.490138502] [lifecycle_manager_navigation]: [34m[1mConfiguring controller_server[0m[0m
[INFO] [1700518190.137516616] [lifecycle_manager_navigation]: [34m[1mConfiguring smoother_server[0m[0m
[INFO] [1700518190.299812353] [lifecycle_manager_navigation]: [34m[1mConfiguring planner_server[0m[0m
[INFO] [1700518190.782111948] [lifecycle_manager_navigation]: [34m[1mConfiguring behavior_server[0m[0m
[INFO] [1700518191.256318379] [lifecycle_manager_navigation]: [34m[1mConfiguring bt_navigator[0m[0m
[INFO] [1700518191.926692799] [lifecycle_manager_navigation]: [34m[1mConfiguring waypoint_follower[0m[0m
[INFO] [1700518192.100925378] [lifecycle_manager_navigation]: [34m[1mConfiguring velocity_smoother[0m[0m
[INFO] [1700518192.149874288] [lifecycle_manager_navigation]: [34m[1mActivating controller_server[0m[0m
[INFO] [1700518192.493602296] [lifecycle_manager_navigation]: Server controller_server connected with bond.
[INFO] [1700518192.493802646] [lifecycle_manager_navigation]: [34m[1mActivating smoother_server[0m[0m
[INFO] [1700518192.628811182] [lifecycle_manager_navigation]: Server smoother_server connected with bond.
[INFO] [1700518192.629061364] [lifecycle_manager_navigation]: [34m[1mActivating planner_server[0m[0m
[INFO] [1700518193.835147627] [lifecycle_manager_navigation]: Server planner_server connected with bond.
[INFO] [1700518193.835332644] [lifecycle_manager_navigation]: [34m[1mActivating behavior_server[0m[0m
[INFO] [1700518193.965766048] [lifecycle_manager_navigation]: Server behavior_server connected with bond.
[INFO] [1700518193.965927009] [lifecycle_manager_navigation]: [34m[1mActivating bt_navigator[0m[0m
[INFO] [1700518194.866058119] [lifecycle_manager_navigation]: Server bt_navigator connected with bond.
[INFO] [1700518194.866470707] [lifecycle_manager_navigation]: [34m[1mActivating waypoint_follower[0m[0m
[INFO] [1700518194.996943814] [lifecycle_manager_navigation]: Server waypoint_follower connected with bond.
[INFO] [1700518194.998269410] [lifecycle_manager_navigation]: [34m[1mActivating velocity_smoother[0m[0m
[INFO] [1700518195.140261679] [lifecycle_manager_navigation]: Server velocity_smoother connected with bond.
[INFO] [1700518195.140430362] [lifecycle_manager_navigation]: [34m[1mManaged nodes are active[0m[0m
[INFO] [1700518195.140493621] [lifecycle_manager_navigation]: [34m[1mCreating bond timer...[0m[0m
[INFO] [1700518581.922047527] [rclcpp]: signal_handler(signum=2)
[INFO] [1700518581.922447988] [lifecycle_manager_navigation]: Running Nav2 LifecycleManager rcl preshutdown (lifecycle_manager_navigation)
[INFO] [1700518581.922689680] [lifecycle_manager_navigation]: [34m[1mTerminating bond timer...[0m[0m
