[INFO] [1700323911.637492683] [lifecycle_manager_navigation]: Creating
[INFO] [1700323911.854033052] [lifecycle_manager_navigation]: [34m[1mCreating and initializing lifecycle service clients[0m[0m
[INFO] [1700323914.652369362] [lifecycle_manager_navigation]: [34m[1mStarting managed nodes bringup...[0m[0m
[INFO] [1700323914.652550693] [lifecycle_manager_navigation]: [34m[1mConfiguring controller_server[0m[0m
[INFO] [1700323915.203377779] [lifecycle_manager_navigation]: [34m[1mConfiguring smoother_server[0m[0m
[INFO] [1700323915.371211360] [lifecycle_manager_navigation]: [34m[1mConfiguring planner_server[0m[0m
[INFO] [1700323915.753645576] [lifecycle_manager_navigation]: [34m[1mConfiguring behavior_server[0m[0m
[INFO] [1700323916.204267878] [lifecycle_manager_navigation]: [34m[1mConfiguring bt_navigator[0m[0m
[INFO] [1700323916.883016370] [lifecycle_manager_navigation]: [34m[1mConfiguring waypoint_follower[0m[0m
[INFO] [1700323917.019102398] [lifecycle_manager_navigation]: [34m[1mConfiguring velocity_smoother[0m[0m
[INFO] [1700323917.066922049] [lifecycle_manager_navigation]: [34m[1mActivating controller_server[0m[0m
[INFO] [1700323917.396217087] [lifecycle_manager_navigation]: Server controller_server connected with bond.
[INFO] [1700323917.396385010] [lifecycle_manager_navigation]: [34m[1mActivating smoother_server[0m[0m
[INFO] [1700323917.523969680] [lifecycle_manager_navigation]: Server smoother_server connected with bond.
[INFO] [1700323917.524261880] [lifecycle_manager_navigation]: [34m[1mActivating planner_server[0m[0m
[INFO] [1700323918.723166133] [lifecycle_manager_navigation]: Server planner_server connected with bond.
[INFO] [1700323918.723335483] [lifecycle_manager_navigation]: [34m[1mActivating behavior_server[0m[0m
[INFO] [1700323918.860606589] [lifecycle_manager_navigation]: Server behavior_server connected with bond.
[INFO] [1700323918.860777216] [lifecycle_manager_navigation]: [34m[1mActivating bt_navigator[0m[0m
[INFO] [1700323919.741426353] [lifecycle_manager_navigation]: Server bt_navigator connected with bond.
[INFO] [1700323919.741758682] [lifecycle_manager_navigation]: [34m[1mActivating waypoint_follower[0m[0m
[INFO] [1700323919.888649243] [lifecycle_manager_navigation]: Server waypoint_follower connected with bond.
[INFO] [1700323919.888789760] [lifecycle_manager_navigation]: [34m[1mActivating velocity_smoother[0m[0m
[INFO] [1700323920.023656599] [lifecycle_manager_navigation]: Server velocity_smoother connected with bond.
[INFO] [1700323920.023860300] [lifecycle_manager_navigation]: [34m[1mManaged nodes are active[0m[0m
[INFO] [1700323920.023936318] [lifecycle_manager_navigation]: [34m[1mCreating bond timer...[0m[0m
[INFO] [1700324345.113183157] [rclcpp]: signal_handler(signum=2)
[INFO] [1700324345.113526040] [lifecycle_manager_navigation]: Running Nav2 LifecycleManager rcl preshutdown (lifecycle_manager_navigation)
[INFO] [1700324345.113735500] [lifecycle_manager_navigation]: [34m[1mTerminating bond timer...[0m[0m
