[INFO] [1700515118.443815939] [lifecycle_manager_navigation]: Creating
[INFO] [1700515118.588538423] [lifecycle_manager_navigation]: [34m[1mCreating and initializing lifecycle service clients[0m[0m
[INFO] [1700515120.641640744] [lifecycle_manager_navigation]: Waiting for service controller_server/get_state...
[INFO] [1700515121.523457809] [lifecycle_manager_navigation]: [34m[1mStarting managed nodes bringup...[0m[0m
[INFO] [1700515121.525484397] [lifecycle_manager_navigation]: [34m[1mConfiguring controller_server[0m[0m
[INFO] [1700515122.090126849] [lifecycle_manager_navigation]: [34m[1mConfiguring smoother_server[0m[0m
[INFO] [1700515122.254731735] [lifecycle_manager_navigation]: [34m[1mConfiguring planner_server[0m[0m
[INFO] [1700515122.687662757] [lifecycle_manager_navigation]: [34m[1mConfiguring behavior_server[0m[0m
[INFO] [1700515123.177909120] [lifecycle_manager_navigation]: [34m[1mConfiguring bt_navigator[0m[0m
[INFO] [1700515123.840872738] [lifecycle_manager_navigation]: [34m[1mConfiguring waypoint_follower[0m[0m
[INFO] [1700515124.014139319] [lifecycle_manager_navigation]: [34m[1mConfiguring velocity_smoother[0m[0m
[INFO] [1700515124.055785470] [lifecycle_manager_navigation]: [34m[1mActivating controller_server[0m[0m
[INFO] [1700515124.390832544] [lifecycle_manager_navigation]: Server controller_server connected with bond.
[INFO] [1700515124.390969635] [lifecycle_manager_navigation]: [34m[1mActivating smoother_server[0m[0m
[INFO] [1700515124.518006711] [lifecycle_manager_navigation]: Server smoother_server connected with bond.
[INFO] [1700515124.518176042] [lifecycle_manager_navigation]: [34m[1mActivating planner_server[0m[0m
[INFO] [1700515125.710276538] [lifecycle_manager_navigation]: Server planner_server connected with bond.
[INFO] [1700515125.712551531] [lifecycle_manager_navigation]: [34m[1mActivating behavior_server[0m[0m
[INFO] [1700515125.838081532] [lifecycle_manager_navigation]: Server behavior_server connected with bond.
[INFO] [1700515125.838271363] [lifecycle_manager_navigation]: [34m[1mActivating bt_navigator[0m[0m
[INFO] [1700515126.724800779] [lifecycle_manager_navigation]: Server bt_navigator connected with bond.
[INFO] [1700515126.724951667] [lifecycle_manager_navigation]: [34m[1mActivating waypoint_follower[0m[0m
[INFO] [1700515126.863547406] [lifecycle_manager_navigation]: Server waypoint_follower connected with bond.
[INFO] [1700515126.863700367] [lifecycle_manager_navigation]: [34m[1mActivating velocity_smoother[0m[0m
[INFO] [1700515127.004617858] [lifecycle_manager_navigation]: Server velocity_smoother connected with bond.
[INFO] [1700515127.004813152] [lifecycle_manager_navigation]: [34m[1mManaged nodes are active[0m[0m
[INFO] [1700515127.004894984] [lifecycle_manager_navigation]: [34m[1mCreating bond timer...[0m[0m
[INFO] [1700515199.580583007] [rclcpp]: signal_handler(signum=2)
[INFO] [1700515199.581807456] [lifecycle_manager_navigation]: Running Nav2 LifecycleManager rcl preshutdown (lifecycle_manager_navigation)
[INFO] [1700515199.581963843] [lifecycle_manager_navigation]: [34m[1mTerminating bond timer...[0m[0m
