[INFO] [1700517714.352029862] [lifecycle_manager_navigation]: Creating
[INFO] [1700517714.609380989] [lifecycle_manager_navigation]: [34m[1mCreating and initializing lifecycle service clients[0m[0m
[INFO] [1700517716.758143089] [lifecycle_manager_navigation]: Waiting for service controller_server/get_state...
[INFO] [1700517718.832426577] [lifecycle_manager_navigation]: [34m[1mStarting managed nodes bringup...[0m[0m
[INFO] [1700517718.832645963] [lifecycle_manager_navigation]: [34m[1mConfiguring controller_server[0m[0m
[INFO] [1700517719.456242096] [lifecycle_manager_navigation]: [34m[1mConfiguring smoother_server[0m[0m
[INFO] [1700517719.621243430] [lifecycle_manager_navigation]: [34m[1mConfiguring planner_server[0m[0m
[INFO] [1700517720.043876500] [lifecycle_manager_navigation]: [34m[1mConfiguring behavior_server[0m[0m
[INFO] [1700517720.499515111] [lifecycle_manager_navigation]: [34m[1mConfiguring bt_navigator[0m[0m
[INFO] [1700517721.107185559] [lifecycle_manager_navigation]: [34m[1mConfiguring waypoint_follower[0m[0m
[INFO] [1700517721.252151201] [lifecycle_manager_navigation]: [34m[1mConfiguring velocity_smoother[0m[0m
[INFO] [1700517721.292274511] [lifecycle_manager_navigation]: [34m[1mActivating controller_server[0m[0m
[INFO] [1700517721.629330301] [lifecycle_manager_navigation]: Server controller_server connected with bond.
[INFO] [1700517721.629475614] [lifecycle_manager_navigation]: [34m[1mActivating smoother_server[0m[0m
[INFO] [1700517721.765550823] [lifecycle_manager_navigation]: Server smoother_server connected with bond.
[INFO] [1700517721.765746487] [lifecycle_manager_navigation]: [34m[1mActivating planner_server[0m[0m
[INFO] [1700517722.967529246] [lifecycle_manager_navigation]: Server planner_server connected with bond.
[INFO] [1700517722.967724466] [lifecycle_manager_navigation]: [34m[1mActivating behavior_server[0m[0m
[INFO] [1700517723.100120199] [lifecycle_manager_navigation]: Server behavior_server connected with bond.
[INFO] [1700517723.100302271] [lifecycle_manager_navigation]: [34m[1mActivating bt_navigator[0m[0m
[INFO] [1700517724.049177498] [lifecycle_manager_navigation]: Server bt_navigator connected with bond.
[INFO] [1700517724.049342663] [lifecycle_manager_navigation]: [34m[1mActivating waypoint_follower[0m[0m
[INFO] [1700517724.180558984] [lifecycle_manager_navigation]: Server waypoint_follower connected with bond.
[INFO] [1700517724.180772833] [lifecycle_manager_navigation]: [34m[1mActivating velocity_smoother[0m[0m
[INFO] [1700517724.325100946] [lifecycle_manager_navigation]: Server velocity_smoother connected with bond.
[INFO] [1700517724.325248407] [lifecycle_manager_navigation]: [34m[1mManaged nodes are active[0m[0m
[INFO] [1700517724.325294518] [lifecycle_manager_navigation]: [34m[1mCreating bond timer...[0m[0m
[INFO] [1700517847.410209367] [rclcpp]: signal_handler(signum=2)
[INFO] [1700517847.411852607] [lifecycle_manager_navigation]: Running Nav2 LifecycleManager rcl preshutdown (lifecycle_manager_navigation)
[INFO] [1700517847.412093901] [lifecycle_manager_navigation]: [34m[1mTerminating bond timer...[0m[0m
