[INFO] [1700401462.231628029] [lifecycle_manager_navigation]: Creating
[INFO] [1700401462.441232808] [lifecycle_manager_navigation]: [34m[1mCreating and initializing lifecycle service clients[0m[0m
[INFO] [1700401464.643781708] [lifecycle_manager_navigation]: Waiting for service controller_server/get_state...
[INFO] [1700401465.341984132] [lifecycle_manager_navigation]: [34m[1mStarting managed nodes bringup...[0m[0m
[INFO] [1700401465.342209462] [lifecycle_manager_navigation]: [34m[1mConfiguring controller_server[0m[0m
[INFO] [1700401465.901294513] [lifecycle_manager_navigation]: [34m[1mConfiguring smoother_server[0m[0m
[INFO] [1700401466.083684707] [lifecycle_manager_navigation]: [34m[1mConfiguring planner_server[0m[0m
[INFO] [1700401466.519223961] [lifecycle_manager_navigation]: [34m[1mConfiguring behavior_server[0m[0m
[INFO] [1700401466.960475759] [lifecycle_manager_navigation]: [34m[1mConfiguring bt_navigator[0m[0m
[INFO] [1700401467.813485999] [lifecycle_manager_navigation]: [34m[1mConfiguring waypoint_follower[0m[0m
[INFO] [1700401467.991293303] [lifecycle_manager_navigation]: [34m[1mConfiguring velocity_smoother[0m[0m
[INFO] [1700401468.028920302] [lifecycle_manager_navigation]: [34m[1mActivating controller_server[0m[0m
[INFO] [1700401468.366253051] [lifecycle_manager_navigation]: Server controller_server connected with bond.
[INFO] [1700401468.367398816] [lifecycle_manager_navigation]: [34m[1mActivating smoother_server[0m[0m
[INFO] [1700401468.501083178] [lifecycle_manager_navigation]: Server smoother_server connected with bond.
[INFO] [1700401468.502813213] [lifecycle_manager_navigation]: [34m[1mActivating planner_server[0m[0m
[INFO] [1700401469.800910170] [lifecycle_manager_navigation]: Server planner_server connected with bond.
[INFO] [1700401469.802148618] [lifecycle_manager_navigation]: [34m[1mActivating behavior_server[0m[0m
[INFO] [1700401469.928779324] [lifecycle_manager_navigation]: Server behavior_server connected with bond.
[INFO] [1700401469.928933099] [lifecycle_manager_navigation]: [34m[1mActivating bt_navigator[0m[0m
[INFO] [1700401470.874747002] [lifecycle_manager_navigation]: Server bt_navigator connected with bond.
[INFO] [1700401470.874901482] [lifecycle_manager_navigation]: [34m[1mActivating waypoint_follower[0m[0m
[INFO] [1700401471.001561039] [lifecycle_manager_navigation]: Server waypoint_follower connected with bond.
[INFO] [1700401471.001787221] [lifecycle_manager_navigation]: [34m[1mActivating velocity_smoother[0m[0m
[INFO] [1700401471.146373251] [lifecycle_manager_navigation]: Server velocity_smoother connected with bond.
[INFO] [1700401471.146517416] [lifecycle_manager_navigation]: [34m[1mManaged nodes are active[0m[0m
[INFO] [1700401471.146562638] [lifecycle_manager_navigation]: [34m[1mCreating bond timer...[0m[0m
[INFO] [1700401768.121479405] [rclcpp]: signal_handler(signum=2)
[INFO] [1700401768.122260247] [lifecycle_manager_navigation]: Running Nav2 LifecycleManager rcl preshutdown (lifecycle_manager_navigation)
[INFO] [1700401768.122439949] [lifecycle_manager_navigation]: [34m[1mTerminating bond timer...[0m[0m
