[INFO] [1700513572.000587804] [lifecycle_manager_navigation]: Creating
[INFO] [1700513572.025333709] [lifecycle_manager_navigation]: [34m[1mCreating and initializing lifecycle service clients[0m[0m
[INFO] [1700513575.184152555] [lifecycle_manager_navigation]: [34m[1mStarting managed nodes bringup...[0m[0m
[INFO] [1700513575.184331053] [lifecycle_manager_navigation]: [34m[1mConfiguring controller_server[0m[0m
[INFO] [1700513575.731669825] [lifecycle_manager_navigation]: [34m[1mConfiguring smoother_server[0m[0m
[INFO] [1700513575.874925241] [lifecycle_manager_navigation]: [34m[1mConfiguring planner_server[0m[0m
[INFO] [1700513576.256027393] [lifecycle_manager_navigation]: [34m[1mConfiguring behavior_server[0m[0m
[INFO] [1700513576.709616021] [lifecycle_manager_navigation]: [34m[1mConfiguring bt_navigator[0m[0m
[INFO] [1700513577.347946101] [lifecycle_manager_navigation]: [34m[1mConfiguring waypoint_follower[0m[0m
[INFO] [1700513577.497355036] [lifecycle_manager_navigation]: [34m[1mConfiguring velocity_smoother[0m[0m
[INFO] [1700513577.540604531] [lifecycle_manager_navigation]: [34m[1mActivating controller_server[0m[0m
[INFO] [1700513577.880203334] [lifecycle_manager_navigation]: Server controller_server connected with bond.
[INFO] [1700513577.880408164] [lifecycle_manager_navigation]: [34m[1mActivating smoother_server[0m[0m
[INFO] [1700513578.008986443] [lifecycle_manager_navigation]: Server smoother_server connected with bond.
[INFO] [1700513578.009189219] [lifecycle_manager_navigation]: [34m[1mActivating planner_server[0m[0m
[INFO] [1700513578.207543580] [lifecycle_manager_navigation]: Server planner_server connected with bond.
[INFO] [1700513578.207698875] [lifecycle_manager_navigation]: [34m[1mActivating behavior_server[0m[0m
[INFO] [1700513578.333998052] [lifecycle_manager_navigation]: Server behavior_server connected with bond.
[INFO] [1700513578.334179957] [lifecycle_manager_navigation]: [34m[1mActivating bt_navigator[0m[0m
[INFO] [1700513579.244694377] [lifecycle_manager_navigation]: Server bt_navigator connected with bond.
[INFO] [1700513579.244909800] [lifecycle_manager_navigation]: [34m[1mActivating waypoint_follower[0m[0m
[INFO] [1700513579.376825946] [lifecycle_manager_navigation]: Server waypoint_follower connected with bond.
[INFO] [1700513579.377026481] [lifecycle_manager_navigation]: [34m[1mActivating velocity_smoother[0m[0m
[INFO] [1700513579.514141749] [lifecycle_manager_navigation]: Server velocity_smoother connected with bond.
[INFO] [1700513579.514347191] [lifecycle_manager_navigation]: [34m[1mManaged nodes are active[0m[0m
[INFO] [1700513579.514438061] [lifecycle_manager_navigation]: [34m[1mCreating bond timer...[0m[0m
[INFO] [1700513791.835488015] [rclcpp]: signal_handler(signum=2)
[INFO] [1700513791.836255820] [lifecycle_manager_navigation]: Running Nav2 LifecycleManager rcl preshutdown (lifecycle_manager_navigation)
[INFO] [1700513791.836406467] [lifecycle_manager_navigation]: [34m[1mTerminating bond timer...[0m[0m
