[INFO] [1700514090.736240676] [lifecycle_manager_navigation]: Creating
[INFO] [1700514090.973684193] [lifecycle_manager_navigation]: [34m[1mCreating and initializing lifecycle service clients[0m[0m
[INFO] [1700514093.019319378] [lifecycle_manager_navigation]: Waiting for service controller_server/get_state...
[INFO] [1700514095.038943505] [lifecycle_manager_navigation]: [34m[1mStarting managed nodes bringup...[0m[0m
[INFO] [1700514095.039133669] [lifecycle_manager_navigation]: [34m[1mConfiguring controller_server[0m[0m
[INFO] [1700514095.607798787] [lifecycle_manager_navigation]: [34m[1mConfiguring smoother_server[0m[0m
[INFO] [1700514095.769696113] [lifecycle_manager_navigation]: [34m[1mConfiguring planner_server[0m[0m
[INFO] [1700514096.155557117] [lifecycle_manager_navigation]: [34m[1mConfiguring behavior_server[0m[0m
[INFO] [1700514096.578906062] [lifecycle_manager_navigation]: [34m[1mConfiguring bt_navigator[0m[0m
[INFO] [1700514097.228998282] [lifecycle_manager_navigation]: [34m[1mConfiguring waypoint_follower[0m[0m
[INFO] [1700514097.366382938] [lifecycle_manager_navigation]: [34m[1mConfiguring velocity_smoother[0m[0m
[INFO] [1700514097.404795868] [lifecycle_manager_navigation]: [34m[1mActivating controller_server[0m[0m
[INFO] [1700514097.737665616] [lifecycle_manager_navigation]: Server controller_server connected with bond.
[INFO] [1700514097.737835281] [lifecycle_manager_navigation]: [34m[1mActivating smoother_server[0m[0m
[INFO] [1700514097.874531112] [lifecycle_manager_navigation]: Server smoother_server connected with bond.
[INFO] [1700514097.876468163] [lifecycle_manager_navigation]: [34m[1mActivating planner_server[0m[0m
[INFO] [1700514099.082889444] [lifecycle_manager_navigation]: Server planner_server connected with bond.
[INFO] [1700514099.083084423] [lifecycle_manager_navigation]: [34m[1mActivating behavior_server[0m[0m
[INFO] [1700514099.212987558] [lifecycle_manager_navigation]: Server behavior_server connected with bond.
[INFO] [1700514099.213195537] [lifecycle_manager_navigation]: [34m[1mActivating bt_navigator[0m[0m
[INFO] [1700514099.967315144] [lifecycle_manager_navigation]: Server bt_navigator connected with bond.
[INFO] [1700514099.967689029] [lifecycle_manager_navigation]: [34m[1mActivating waypoint_follower[0m[0m
[INFO] [1700514100.104424896] [lifecycle_manager_navigation]: Server waypoint_follower connected with bond.
[INFO] [1700514100.104609079] [lifecycle_manager_navigation]: [34m[1mActivating velocity_smoother[0m[0m
[INFO] [1700514100.249833901] [lifecycle_manager_navigation]: Server velocity_smoother connected with bond.
[INFO] [1700514100.250018454] [lifecycle_manager_navigation]: [34m[1mManaged nodes are active[0m[0m
[INFO] [1700514100.250086046] [lifecycle_manager_navigation]: [34m[1mCreating bond timer...[0m[0m
[INFO] [1700515028.383078035] [rclcpp]: signal_handler(signum=2)
[INFO] [1700515028.383839545] [lifecycle_manager_navigation]: Running Nav2 LifecycleManager rcl preshutdown (lifecycle_manager_navigation)
[INFO] [1700515028.384161245] [lifecycle_manager_navigation]: [34m[1mTerminating bond timer...[0m[0m
