[INFO] [1700496257.622440808] [lifecycle_manager_navigation]: Creating
[INFO] [1700496257.672649163] [lifecycle_manager_navigation]: [34m[1mCreating and initializing lifecycle service clients[0m[0m
[INFO] [1700496260.382219696] [lifecycle_manager_navigation]: [34m[1mStarting managed nodes bringup...[0m[0m
[INFO] [1700496260.384420867] [lifecycle_manager_navigation]: [34m[1mConfiguring controller_server[0m[0m
[INFO] [1700496261.033516929] [lifecycle_manager_navigation]: [34m[1mConfiguring smoother_server[0m[0m
[INFO] [1700496261.175840433] [lifecycle_manager_navigation]: [34m[1mConfiguring planner_server[0m[0m
[INFO] [1700496261.536237865] [lifecycle_manager_navigation]: [34m[1mConfiguring behavior_server[0m[0m
[INFO] [1700496261.910113118] [lifecycle_manager_navigation]: [34m[1mConfiguring bt_navigator[0m[0m
[INFO] [1700496262.476791728] [lifecycle_manager_navigation]: [34m[1mConfiguring waypoint_follower[0m[0m
[INFO] [1700496262.609206877] [lifecycle_manager_navigation]: [34m[1mConfiguring velocity_smoother[0m[0m
[INFO] [1700496262.643989848] [lifecycle_manager_navigation]: [34m[1mActivating controller_server[0m[0m
[INFO] [1700496262.973221795] [lifecycle_manager_navigation]: Server controller_server connected with bond.
[INFO] [1700496262.973417310] [lifecycle_manager_navigation]: [34m[1mActivating smoother_server[0m[0m
[INFO] [1700496263.100863478] [lifecycle_manager_navigation]: Server smoother_server connected with bond.
[INFO] [1700496263.101092511] [lifecycle_manager_navigation]: [34m[1mActivating planner_server[0m[0m
[INFO] [1700496264.301018428] [lifecycle_manager_navigation]: Server planner_server connected with bond.
[INFO] [1700496264.301194148] [lifecycle_manager_navigation]: [34m[1mActivating behavior_server[0m[0m
[INFO] [1700496264.425007999] [lifecycle_manager_navigation]: Server behavior_server connected with bond.
[INFO] [1700496264.425176163] [lifecycle_manager_navigation]: [34m[1mActivating bt_navigator[0m[0m
[INFO] [1700496265.120230711] [lifecycle_manager_navigation]: Server bt_navigator connected with bond.
[INFO] [1700496265.120397634] [lifecycle_manager_navigation]: [34m[1mActivating waypoint_follower[0m[0m
[INFO] [1700496265.251150236] [lifecycle_manager_navigation]: Server waypoint_follower connected with bond.
[INFO] [1700496265.255816482] [lifecycle_manager_navigation]: [34m[1mActivating velocity_smoother[0m[0m
[INFO] [1700496265.388524240] [lifecycle_manager_navigation]: Server velocity_smoother connected with bond.
[INFO] [1700496265.388681904] [lifecycle_manager_navigation]: [34m[1mManaged nodes are active[0m[0m
[INFO] [1700496265.388730737] [lifecycle_manager_navigation]: [34m[1mCreating bond timer...[0m[0m
[INFO] [1700497019.886985134] [rclcpp]: signal_handler(signum=2)
[INFO] [1700497019.887189576] [lifecycle_manager_navigation]: Running Nav2 LifecycleManager rcl preshutdown (lifecycle_manager_navigation)
[INFO] [1700497019.887738310] [lifecycle_manager_navigation]: [34m[1mTerminating bond timer...[0m[0m
