[INFO] [1700963682.000972347] [slam_toolbox]: Node using stack size 40000000
[INFO] [1700963682.991711293] [slam_toolbox]: Using solver plugin solver_plugins::CeresSolver
[INFO] [1700963682.994100529] [slam_toolbox]: CeresSolver: Using SCHUR_JACOBI preconditioner.
[INFO] [1700963683.122701133] [slam_toolbox]: Message Filter dropping message: frame 'laser_frame' at time 1700963682.889 for reason 'discarding message because the queue is full'
[INFO] [1700963683.227719934] [slam_toolbox]: Message Filter dropping message: frame 'laser_frame' at time 1700963683.000 for reason 'discarding message because the queue is full'
[WARN] [1700963683.247409122] [slam_toolbox]: Failed to compute odom pose
[WARN] [1700963683.340239436] [slam_toolbox]: Failed to compute odom pose
[WARN] [1700963683.452565237] [slam_toolbox]: Failed to compute odom pose
[WARN] [1700963683.567251570] [slam_toolbox]: Failed to compute odom pose
[WARN] [1700963683.687163551] [slam_toolbox]: Failed to compute odom pose
[WARN] [1700963683.793200408] [slam_toolbox]: Failed to compute odom pose
[WARN] [1700963683.905919073] [slam_toolbox]: Failed to compute odom pose
[WARN] [1700963684.026658465] [slam_toolbox]: Failed to compute odom pose
[WARN] [1700963684.139134968] [slam_toolbox]: Failed to compute odom pose
[WARN] [1700963684.251781765] [slam_toolbox]: Failed to compute odom pose
[WARN] [1700963684.358655238] [slam_toolbox]: Failed to compute odom pose
[WARN] [1700963684.471452791] [slam_toolbox]: Failed to compute odom pose
[WARN] [1700963684.584790075] [slam_toolbox]: Failed to compute odom pose
[WARN] [1700963684.705593023] [slam_toolbox]: Failed to compute odom pose
[WARN] [1700963684.810976689] [slam_toolbox]: Failed to compute odom pose
[WARN] [1700963684.924947314] [slam_toolbox]: Failed to compute odom pose
[WARN] [1700963685.036097730] [slam_toolbox]: Failed to compute odom pose
[WARN] [1700963685.157883995] [slam_toolbox]: Failed to compute odom pose
[WARN] [1700963685.264347940] [slam_toolbox]: Failed to compute odom pose
[WARN] [1700963685.377036662] [slam_toolbox]: Failed to compute odom pose
[WARN] [1700963685.490809588] [slam_toolbox]: Failed to compute odom pose
[WARN] [1700963685.610588611] [slam_toolbox]: Failed to compute odom pose
[WARN] [1700963685.724017210] [slam_toolbox]: Failed to compute odom pose
[WARN] [1700963685.830397489] [slam_toolbox]: Failed to compute odom pose
[WARN] [1700963685.949566189] [slam_toolbox]: Failed to compute odom pose
[WARN] [1700963686.063829848] [slam_toolbox]: Failed to compute odom pose
[WARN] [1700963686.176663939] [slam_toolbox]: Failed to compute odom pose
[WARN] [1700963686.282935388] [slam_toolbox]: Failed to compute odom pose
[WARN] [1700963686.397061253] [slam_toolbox]: Failed to compute odom pose
[WARN] [1700963686.509052545] [slam_toolbox]: Failed to compute odom pose
[WARN] [1700963686.630032215] [slam_toolbox]: Failed to compute odom pose
[WARN] [1700963686.742844474] [slam_toolbox]: Failed to compute odom pose
[WARN] [1700963686.849062757] [slam_toolbox]: Failed to compute odom pose
[WARN] [1700963686.962679353] [slam_toolbox]: Failed to compute odom pose
[WARN] [1700963687.075011214] [slam_toolbox]: Failed to compute odom pose
[INFO] [1700963687.163130708] [rclcpp]: signal_handler(signum=2)
