[INFO] [1700963222.482950707] [slam_toolbox]: Node using stack size 40000000
[INFO] [1700963222.824502963] [slam_toolbox]: Using solver plugin solver_plugins::CeresSolver
[INFO] [1700963222.831822048] [slam_toolbox]: CeresSolver: Using SCHUR_JACOBI preconditioner.
[INFO] [1700963222.985350293] [slam_toolbox]: Message Filter dropping message: frame 'laser_frame' at time 1700963222.756 for reason 'discarding message because the queue is full'
[INFO] [1700963223.099403383] [slam_toolbox]: Message Filter dropping message: frame 'laser_frame' at time 1700963222.878 for reason 'discarding message because the queue is full'
[WARN] [1700963223.100092079] [slam_toolbox]: Failed to compute odom pose
[WARN] [1700963223.213477786] [slam_toolbox]: Failed to compute odom pose
[WARN] [1700963223.327352730] [slam_toolbox]: Failed to compute odom pose
[WARN] [1700963223.442461178] [slam_toolbox]: Failed to compute odom pose
[WARN] [1700963223.554868378] [slam_toolbox]: Failed to compute odom pose
[WARN] [1700963223.669010577] [slam_toolbox]: Failed to compute odom pose
[WARN] [1700963223.782695874] [slam_toolbox]: Failed to compute odom pose
[WARN] [1700963223.904287991] [slam_toolbox]: Failed to compute odom pose
[WARN] [1700963224.010027265] [slam_toolbox]: Failed to compute odom pose
[WARN] [1700963224.124632441] [slam_toolbox]: Failed to compute odom pose
[WARN] [1700963224.238291219] [slam_toolbox]: Failed to compute odom pose
[WARN] [1700963224.351165562] [slam_toolbox]: Failed to compute odom pose
[WARN] [1700963224.466661728] [slam_toolbox]: Failed to compute odom pose
[WARN] [1700963224.579270426] [slam_toolbox]: Failed to compute odom pose
[WARN] [1700963224.694005545] [slam_toolbox]: Failed to compute odom pose
[WARN] [1700963224.807050942] [slam_toolbox]: Failed to compute odom pose
[WARN] [1700963224.929113257] [slam_toolbox]: Failed to compute odom pose
[WARN] [1700963225.035919871] [slam_toolbox]: Failed to compute odom pose
[WARN] [1700963225.156304501] [slam_toolbox]: Failed to compute odom pose
[WARN] [1700963225.263525722] [slam_toolbox]: Failed to compute odom pose
[WARN] [1700963225.376746839] [slam_toolbox]: Failed to compute odom pose
[WARN] [1700963225.490870223] [slam_toolbox]: Failed to compute odom pose
[WARN] [1700963225.604869350] [slam_toolbox]: Failed to compute odom pose
[WARN] [1700963225.718477407] [slam_toolbox]: Failed to compute odom pose
[WARN] [1700963225.839657547] [slam_toolbox]: Failed to compute odom pose
[WARN] [1700963225.945574060] [slam_toolbox]: Failed to compute odom pose
[WARN] [1700963226.067967464] [slam_toolbox]: Failed to compute odom pose
[WARN] [1700963226.181320080] [slam_toolbox]: Failed to compute odom pose
[WARN] [1700963226.295829293] [slam_toolbox]: Failed to compute odom pose
[WARN] [1700963226.402706055] [slam_toolbox]: Failed to compute odom pose
[WARN] [1700963226.515807562] [slam_toolbox]: Failed to compute odom pose
[WARN] [1700963226.630649587] [slam_toolbox]: Failed to compute odom pose
[WARN] [1700963226.743660688] [slam_toolbox]: Failed to compute odom pose
[WARN] [1700963226.857824664] [slam_toolbox]: Failed to compute odom pose
[WARN] [1700963226.971810328] [slam_toolbox]: Failed to compute odom pose
[WARN] [1700963227.085587680] [slam_toolbox]: Failed to compute odom pose
[WARN] [1700963227.206310288] [slam_toolbox]: Failed to compute odom pose
[WARN] [1700963227.312880571] [slam_toolbox]: Failed to compute odom pose
[WARN] [1700963227.427416285] [slam_toolbox]: Failed to compute odom pose
[WARN] [1700963227.539753004] [slam_toolbox]: Failed to compute odom pose
[WARN] [1700963227.654992858] [slam_toolbox]: Failed to compute odom pose
[WARN] [1700963227.768973411] [slam_toolbox]: Failed to compute odom pose
[WARN] [1700963227.882510783] [slam_toolbox]: Failed to compute odom pose
[WARN] [1700963227.997055386] [slam_toolbox]: Failed to compute odom pose
[WARN] [1700963228.110172578] [slam_toolbox]: Failed to compute odom pose
[WARN] [1700963228.224333999] [slam_toolbox]: Failed to compute odom pose
[WARN] [1700963228.338373607] [slam_toolbox]: Failed to compute odom pose
[WARN] [1700963228.452017052] [slam_toolbox]: Failed to compute odom pose
[WARN] [1700963228.567004872] [slam_toolbox]: Failed to compute odom pose
[WARN] [1700963228.686953137] [slam_toolbox]: Failed to compute odom pose
[WARN] [1700963228.794334170] [slam_toolbox]: Failed to compute odom pose
[WARN] [1700963228.907638434] [slam_toolbox]: Failed to compute odom pose
[WARN] [1700963229.021370305] [slam_toolbox]: Failed to compute odom pose
[WARN] [1700963229.134968399] [slam_toolbox]: Failed to compute odom pose
[WARN] [1700963229.249357707] [slam_toolbox]: Failed to compute odom pose
[WARN] [1700963229.363593164] [slam_toolbox]: Failed to compute odom pose
[WARN] [1700963229.476738523] [slam_toolbox]: Failed to compute odom pose
[WARN] [1700963229.591413568] [slam_toolbox]: Failed to compute odom pose
[WARN] [1700963229.711852605] [slam_toolbox]: Failed to compute odom pose
[WARN] [1700963229.818635404] [slam_toolbox]: Failed to compute odom pose
[WARN] [1700963229.939666675] [slam_toolbox]: Failed to compute odom pose
[WARN] [1700963230.046176181] [slam_toolbox]: Failed to compute odom pose
[WARN] [1700963230.160438138] [slam_toolbox]: Failed to compute odom pose
[WARN] [1700963230.274459098] [slam_toolbox]: Failed to compute odom pose
[WARN] [1700963230.395596276] [slam_toolbox]: Failed to compute odom pose
[WARN] [1700963230.502677534] [slam_toolbox]: Failed to compute odom pose
[WARN] [1700963230.615666172] [slam_toolbox]: Failed to compute odom pose
[WARN] [1700963230.729471968] [slam_toolbox]: Failed to compute odom pose
[WARN] [1700963230.843566742] [slam_toolbox]: Failed to compute odom pose
[WARN] [1700963230.965195173] [slam_toolbox]: Failed to compute odom pose
[WARN] [1700963231.078561825] [slam_toolbox]: Failed to compute odom pose
[WARN] [1700963231.185322643] [slam_toolbox]: Failed to compute odom pose
[WARN] [1700963231.300296667] [slam_toolbox]: Failed to compute odom pose
[WARN] [1700963231.412895513] [slam_toolbox]: Failed to compute odom pose
[WARN] [1700963231.527800537] [slam_toolbox]: Failed to compute odom pose
[WARN] [1700963231.641147245] [slam_toolbox]: Failed to compute odom pose
[WARN] [1700963231.754651599] [slam_toolbox]: Failed to compute odom pose
[WARN] [1700963231.868163417] [slam_toolbox]: Failed to compute odom pose
[WARN] [1700963231.990026919] [slam_toolbox]: Failed to compute odom pose
[WARN] [1700963232.104175822] [slam_toolbox]: Failed to compute odom pose
[WARN] [1700963232.210098353] [slam_toolbox]: Failed to compute odom pose
[WARN] [1700963232.323603615] [slam_toolbox]: Failed to compute odom pose
[WARN] [1700963232.438154143] [slam_toolbox]: Failed to compute odom pose
[WARN] [1700963232.551615461] [slam_toolbox]: Failed to compute odom pose
[WARN] [1700963232.666293673] [slam_toolbox]: Failed to compute odom pose
[WARN] [1700963232.779201478] [slam_toolbox]: Failed to compute odom pose
[WARN] [1700963232.900954093] [slam_toolbox]: Failed to compute odom pose
[WARN] [1700963233.014333282] [slam_toolbox]: Failed to compute odom pose
[WARN] [1700963233.122390586] [slam_toolbox]: Failed to compute odom pose
[WARN] [1700963233.242852993] [slam_toolbox]: Failed to compute odom pose
[WARN] [1700963233.357309540] [slam_toolbox]: Failed to compute odom pose
[WARN] [1700963233.471444758] [slam_toolbox]: Failed to compute odom pose
[WARN] [1700963233.584661505] [slam_toolbox]: Failed to compute odom pose
[WARN] [1700963233.689914358] [slam_toolbox]: Failed to compute odom pose
[WARN] [1700963233.804239240] [slam_toolbox]: Failed to compute odom pose
[WARN] [1700963233.924637000] [slam_toolbox]: Failed to compute odom pose
[WARN] [1700963234.038741255] [slam_toolbox]: Failed to compute odom pose
[WARN] [1700963234.145383296] [slam_toolbox]: Failed to compute odom pose
[WARN] [1700963234.267512833] [slam_toolbox]: Failed to compute odom pose
[WARN] [1700963234.380634988] [slam_toolbox]: Failed to compute odom pose
[WARN] [1700963234.495407847] [slam_toolbox]: Failed to compute odom pose
[WARN] [1700963234.608419670] [slam_toolbox]: Failed to compute odom pose
[WARN] [1700963234.722542276] [slam_toolbox]: Failed to compute odom pose
[WARN] [1700963234.836542644] [slam_toolbox]: Failed to compute odom pose
[WARN] [1700963234.943057594] [slam_toolbox]: Failed to compute odom pose
[WARN] [1700963235.057488272] [slam_toolbox]: Failed to compute odom pose
[WARN] [1700963235.177839883] [slam_toolbox]: Failed to compute odom pose
[WARN] [1700963235.292569817] [slam_toolbox]: Failed to compute odom pose
[WARN] [1700963235.406000376] [slam_toolbox]: Failed to compute odom pose
[WARN] [1700963235.510944751] [slam_toolbox]: Failed to compute odom pose
[WARN] [1700963235.634110331] [slam_toolbox]: Failed to compute odom pose
[WARN] [1700963235.747331763] [slam_toolbox]: Failed to compute odom pose
[WARN] [1700963235.861388648] [slam_toolbox]: Failed to compute odom pose
[WARN] [1700963235.974968946] [slam_toolbox]: Failed to compute odom pose
[WARN] [1700963236.082162834] [slam_toolbox]: Failed to compute odom pose
[WARN] [1700963236.196641696] [slam_toolbox]: Failed to compute odom pose
[WARN] [1700963236.308925286] [slam_toolbox]: Failed to compute odom pose
[WARN] [1700963236.431489577] [slam_toolbox]: Failed to compute odom pose
[WARN] [1700963236.544295698] [slam_toolbox]: Failed to compute odom pose
[WARN] [1700963236.650014139] [slam_toolbox]: Failed to compute odom pose
[WARN] [1700963236.771583237] [slam_toolbox]: Failed to compute odom pose
[WARN] [1700963236.886032451] [slam_toolbox]: Failed to compute odom pose
[WARN] [1700963236.992839898] [slam_toolbox]: Failed to compute odom pose
[WARN] [1700963237.106198865] [slam_toolbox]: Failed to compute odom pose
[WARN] [1700963237.219908310] [slam_toolbox]: Failed to compute odom pose
[WARN] [1700963237.334483356] [slam_toolbox]: Failed to compute odom pose
[WARN] [1700963237.455864642] [slam_toolbox]: Failed to compute odom pose
[WARN] [1700963237.562707885] [slam_toolbox]: Failed to compute odom pose
[WARN] [1700963237.676922713] [slam_toolbox]: Failed to compute odom pose
[WARN] [1700963237.790721860] [slam_toolbox]: Failed to compute odom pose
[WARN] [1700963237.904345935] [slam_toolbox]: Failed to compute odom pose
[WARN] [1700963238.018420376] [slam_toolbox]: Failed to compute odom pose
[WARN] [1700963238.132164561] [slam_toolbox]: Failed to compute odom pose
[WARN] [1700963238.245663249] [slam_toolbox]: Failed to compute odom pose
[WARN] [1700963238.369503377] [slam_toolbox]: Failed to compute odom pose
[WARN] [1700963238.480780034] [slam_toolbox]: Failed to compute odom pose
[WARN] [1700963238.586600177] [slam_toolbox]: Failed to compute odom pose
[WARN] [1700963238.702250341] [slam_toolbox]: Failed to compute odom pose
[WARN] [1700963238.814084029] [slam_toolbox]: Failed to compute odom pose
[WARN] [1700963238.929529750] [slam_toolbox]: Failed to compute odom pose
[WARN] [1700963239.042821570] [slam_toolbox]: Failed to compute odom pose
[WARN] [1700963239.156907862] [slam_toolbox]: Failed to compute odom pose
[WARN] [1700963239.271256355] [slam_toolbox]: Failed to compute odom pose
[WARN] [1700963239.384497083] [slam_toolbox]: Failed to compute odom pose
[WARN] [1700963239.505530002] [slam_toolbox]: Failed to compute odom pose
[WARN] [1700963239.612442800] [slam_toolbox]: Failed to compute odom pose
[WARN] [1700963239.726384445] [slam_toolbox]: Failed to compute odom pose
[WARN] [1700963239.840458386] [slam_toolbox]: Failed to compute odom pose
[WARN] [1700963239.954324384] [slam_toolbox]: Failed to compute odom pose
[WARN] [1700963240.068194920] [slam_toolbox]: Failed to compute odom pose
[WARN] [1700963240.181744311] [slam_toolbox]: Failed to compute odom pose
[WARN] [1700963240.295803344] [slam_toolbox]: Failed to compute odom pose
[WARN] [1700963240.408579280] [slam_toolbox]: Failed to compute odom pose
[WARN] [1700963240.523783819] [slam_toolbox]: Failed to compute odom pose
[WARN] [1700963240.644356799] [slam_toolbox]: Failed to compute odom pose
[WARN] [1700963240.758404110] [slam_toolbox]: Failed to compute odom pose
[WARN] [1700963240.871926446] [slam_toolbox]: Failed to compute odom pose
[WARN] [1700963240.978770578] [slam_toolbox]: Failed to compute odom pose
[WARN] [1700963241.093357513] [slam_toolbox]: Failed to compute odom pose
[WARN] [1700963241.206890589] [slam_toolbox]: Failed to compute odom pose
[WARN] [1700963241.320355980] [slam_toolbox]: Failed to compute odom pose
[WARN] [1700963241.435657759] [slam_toolbox]: Failed to compute odom pose
[WARN] [1700963241.547989312] [slam_toolbox]: Failed to compute odom pose
[WARN] [1700963241.662664838] [slam_toolbox]: Failed to compute odom pose
[WARN] [1700963241.783150504] [slam_toolbox]: Failed to compute odom pose
[WARN] [1700963241.890195393] [slam_toolbox]: Failed to compute odom pose
[WARN] [1700963242.003684117] [slam_toolbox]: Failed to compute odom pose
[WARN] [1700963242.118152146] [slam_toolbox]: Failed to compute odom pose
[WARN] [1700963242.232193735] [slam_toolbox]: Failed to compute odom pose
[WARN] [1700963242.345501258] [slam_toolbox]: Failed to compute odom pose
[WARN] [1700963242.459845177] [slam_toolbox]: Failed to compute odom pose
[WARN] [1700963242.573273051] [slam_toolbox]: Failed to compute odom pose
[WARN] [1700963242.687610692] [slam_toolbox]: Failed to compute odom pose
[WARN] [1700963242.802025499] [slam_toolbox]: Failed to compute odom pose
[WARN] [1700963242.914969693] [slam_toolbox]: Failed to compute odom pose
[WARN] [1700963243.028232346] [slam_toolbox]: Failed to compute odom pose
[WARN] [1700963243.142239139] [slam_toolbox]: Failed to compute odom pose
[WARN] [1700963243.256444616] [slam_toolbox]: Failed to compute odom pose
[WARN] [1700963243.370399224] [slam_toolbox]: Failed to compute odom pose
[WARN] [1700963243.484445924] [slam_toolbox]: Failed to compute odom pose
[WARN] [1700963243.598129517] [slam_toolbox]: Failed to compute odom pose
[WARN] [1700963243.719120214] [slam_toolbox]: Failed to compute odom pose
[WARN] [1700963243.826320860] [slam_toolbox]: Failed to compute odom pose
[WARN] [1700963243.939887825] [slam_toolbox]: Failed to compute odom pose
[WARN] [1700963244.061179093] [slam_toolbox]: Failed to compute odom pose
[WARN] [1700963244.174883778] [slam_toolbox]: Failed to compute odom pose
[WARN] [1700963244.288875109] [slam_toolbox]: Failed to compute odom pose
[WARN] [1700963244.395798814] [slam_toolbox]: Failed to compute odom pose
[WARN] [1700963244.516987805] [slam_toolbox]: Failed to compute odom pose
[WARN] [1700963244.623403071] [slam_toolbox]: Failed to compute odom pose
[WARN] [1700963244.738067301] [slam_toolbox]: Failed to compute odom pose
[WARN] [1700963244.851056976] [slam_toolbox]: Failed to compute odom pose
[WARN] [1700963244.966026795] [slam_toolbox]: Failed to compute odom pose
[WARN] [1700963245.078990822] [slam_toolbox]: Failed to compute odom pose
[WARN] [1700963245.192466473] [slam_toolbox]: Failed to compute odom pose
[WARN] [1700963245.306550969] [slam_toolbox]: Failed to compute odom pose
[WARN] [1700963245.421129496] [slam_toolbox]: Failed to compute odom pose
[WARN] [1700963245.541899640] [slam_toolbox]: Failed to compute odom pose
[WARN] [1700963245.655828768] [slam_toolbox]: Failed to compute odom pose
[WARN] [1700963245.762908471] [slam_toolbox]: Failed to compute odom pose
[WARN] [1700963245.876138180] [slam_toolbox]: Failed to compute odom pose
[WARN] [1700963245.990735059] [slam_toolbox]: Failed to compute odom pose
[WARN] [1700963246.104065359] [slam_toolbox]: Failed to compute odom pose
[WARN] [1700963246.217813155] [slam_toolbox]: Failed to compute odom pose
[WARN] [1700963246.332551051] [slam_toolbox]: Failed to compute odom pose
[WARN] [1700963246.445607355] [slam_toolbox]: Failed to compute odom pose
[WARN] [1700963246.567266230] [slam_toolbox]: Failed to compute odom pose
[WARN] [1700963246.680378718] [slam_toolbox]: Failed to compute odom pose
[WARN] [1700963246.794409140] [slam_toolbox]: Failed to compute odom pose
[WARN] [1700963246.908401619] [slam_toolbox]: Failed to compute odom pose
[WARN] [1700963247.014912754] [slam_toolbox]: Failed to compute odom pose
[WARN] [1700963247.129547855] [slam_toolbox]: Failed to compute odom pose
[WARN] [1700963247.242666695] [slam_toolbox]: Failed to compute odom pose
[WARN] [1700963247.357156334] [slam_toolbox]: Failed to compute odom pose
[WARN] [1700963247.470683225] [slam_toolbox]: Failed to compute odom pose
[WARN] [1700963247.585303974] [slam_toolbox]: Failed to compute odom pose
[WARN] [1700963247.698820365] [slam_toolbox]: Failed to compute odom pose
[WARN] [1700963247.812262961] [slam_toolbox]: Failed to compute odom pose
[WARN] [1700963247.933801837] [slam_toolbox]: Failed to compute odom pose
[WARN] [1700963248.047099138] [slam_toolbox]: Failed to compute odom pose
[WARN] [1700963248.154032398] [slam_toolbox]: Failed to compute odom pose
[WARN] [1700963248.268966589] [slam_toolbox]: Failed to compute odom pose
[WARN] [1700963248.388740299] [slam_toolbox]: Failed to compute odom pose
[WARN] [1700963248.496270460] [slam_toolbox]: Failed to compute odom pose
[WARN] [1700963248.609623686] [slam_toolbox]: Failed to compute odom pose
[WARN] [1700963248.723377927] [slam_toolbox]: Failed to compute odom pose
[WARN] [1700963248.844194014] [slam_toolbox]: Failed to compute odom pose
[WARN] [1700963248.958048976] [slam_toolbox]: Failed to compute odom pose
[WARN] [1700963249.065400028] [slam_toolbox]: Failed to compute odom pose
[WARN] [1700963249.185533679] [slam_toolbox]: Failed to compute odom pose
[WARN] [1700963249.293793684] [slam_toolbox]: Failed to compute odom pose
[WARN] [1700963249.406480621] [slam_toolbox]: Failed to compute odom pose
[WARN] [1700963249.520750911] [slam_toolbox]: Failed to compute odom pose
[WARN] [1700963249.635277587] [slam_toolbox]: Failed to compute odom pose
[WARN] [1700963249.748103726] [slam_toolbox]: Failed to compute odom pose
[WARN] [1700963249.862807882] [slam_toolbox]: Failed to compute odom pose
[WARN] [1700963249.982353558] [slam_toolbox]: Failed to compute odom pose
[WARN] [1700963250.097935871] [slam_toolbox]: Failed to compute odom pose
[WARN] [1700963250.203918641] [slam_toolbox]: Failed to compute odom pose
[WARN] [1700963250.317524328] [slam_toolbox]: Failed to compute odom pose
[WARN] [1700963250.432012023] [slam_toolbox]: Failed to compute odom pose
[WARN] [1700963250.545310805] [slam_toolbox]: Failed to compute odom pose
[WARN] [1700963250.659549762] [slam_toolbox]: Failed to compute odom pose
[WARN] [1700963250.772623713] [slam_toolbox]: Failed to compute odom pose
[WARN] [1700963250.894279496] [slam_toolbox]: Failed to compute odom pose
[WARN] [1700963251.007957533] [slam_toolbox]: Failed to compute odom pose
[WARN] [1700963251.114728628] [slam_toolbox]: Failed to compute odom pose
[WARN] [1700963251.229358118] [slam_toolbox]: Failed to compute odom pose
[WARN] [1700963251.341373692] [slam_toolbox]: Failed to compute odom pose
[WARN] [1700963251.456420029] [slam_toolbox]: Failed to compute odom pose
[WARN] [1700963251.576615365] [slam_toolbox]: Failed to compute odom pose
[WARN] [1700963251.683763993] [slam_toolbox]: Failed to compute odom pose
[WARN] [1700963251.798859866] [slam_toolbox]: Failed to compute odom pose
[WARN] [1700963251.918906759] [slam_toolbox]: Failed to compute odom pose
[WARN] [1700963252.033464361] [slam_toolbox]: Failed to compute odom pose
[WARN] [1700963252.139596908] [slam_toolbox]: Failed to compute odom pose
[WARN] [1700963252.253538072] [slam_toolbox]: Failed to compute odom pose
[WARN] [1700963252.367068648] [slam_toolbox]: Failed to compute odom pose
[WARN] [1700963252.480510280] [slam_toolbox]: Failed to compute odom pose
[WARN] [1700963252.595817910] [slam_toolbox]: Failed to compute odom pose
[WARN] [1700963252.715865859] [slam_toolbox]: Failed to compute odom pose
[WARN] [1700963252.823291762] [slam_toolbox]: Failed to compute odom pose
[WARN] [1700963252.937258740] [slam_toolbox]: Failed to compute odom pose
[WARN] [1700963253.051019295] [slam_toolbox]: Failed to compute odom pose
[WARN] [1700963253.171978733] [slam_toolbox]: Failed to compute odom pose
[WARN] [1700963253.285440106] [slam_toolbox]: Failed to compute odom pose
[WARN] [1700963253.399839376] [slam_toolbox]: Failed to compute odom pose
[WARN] [1700963253.506263790] [slam_toolbox]: Failed to compute odom pose
[WARN] [1700963253.627518466] [slam_toolbox]: Failed to compute odom pose
[INFO] [1700963253.719626223] [rclcpp]: signal_handler(signum=2)
