[INFO] [1700401461.140913084] [planner_server]: 
	planner_server lifecycle node launched. 
	Waiting on external lifecycle transitions to activate
	See https://design.ros2.org/articles/node_lifecycle.html for more information.
[INFO] [1700401461.241678244] [planner_server]: Creating
[INFO] [1700401463.987053368] [global_costmap.global_costmap]: 
	global_costmap lifecycle node launched. 
	Waiting on external lifecycle transitions to activate
	See https://design.ros2.org/articles/node_lifecycle.html for more information.
[INFO] [1700401463.996795567] [global_costmap.global_costmap]: Creating Costmap
[INFO] [1700401466.084957322] [planner_server]: Configuring
[INFO] [1700401466.085107394] [global_costmap.global_costmap]: Configuring
[INFO] [1700401466.162973917] [global_costmap.global_costmap]: Using plugin "static_layer"
[INFO] [1700401466.197625970] [global_costmap.global_costmap]: Subscribing to the map topic (/map) with transient local durability
[INFO] [1700401466.208951669] [global_costmap.global_costmap]: Initialized plugin "static_layer"
[INFO] [1700401466.209089742] [global_costmap.global_costmap]: Using plugin "obstacle_layer"
[INFO] [1700401466.230841151] [global_costmap.global_costmap]: Subscribed to Topics: scan
[INFO] [1700401466.288929631] [global_costmap.global_costmap]: Initialized plugin "obstacle_layer"
[INFO] [1700401466.290784368] [global_costmap.global_costmap]: Using plugin "inflation_layer"
[INFO] [1700401466.298207261] [global_costmap.global_costmap]: Initialized plugin "inflation_layer"
[INFO] [1700401466.381366907] [planner_server]: Created global planner plugin GridBased of type nav2_navfn_planner/NavfnPlanner
[INFO] [1700401466.381593090] [planner_server]: Configuring plugin GridBased of type NavfnPlanner
[INFO] [1700401466.386314571] [planner_server]: Planner Server has GridBased  planners available.
[INFO] [1700401466.392726106] [global_costmap.global_costmap]: StaticLayer: Resizing costmap to 1051 X 642 at 0.010000 m/pix
[INFO] [1700401468.504145827] [planner_server]: Activating
[INFO] [1700401468.504814986] [global_costmap.global_costmap]: Activating
[INFO] [1700401468.504923633] [global_costmap.global_costmap]: Checking transform
[INFO] [1700401468.505315443] [global_costmap.global_costmap]: start
[INFO] [1700401469.507851804] [global_costmap.global_costmap]: StaticLayer: Resizing costmap to 1053 X 640 at 0.010000 m/pix
[INFO] [1700401469.663914105] [planner_server]: Activating plugin GridBased of type NavfnPlanner
[INFO] [1700401469.679718715] [planner_server]: Creating bond (planner_server) to lifecycle manager.
[INFO] [1700401471.507643421] [global_costmap.global_costmap]: StaticLayer: Resizing costmap to 1051 X 642 at 0.010000 m/pix
[INFO] [1700401474.507640874] [global_costmap.global_costmap]: StaticLayer: Resizing costmap to 1053 X 640 at 0.010000 m/pix
[INFO] [1700401476.507668251] [global_costmap.global_costmap]: StaticLayer: Resizing costmap to 1051 X 642 at 0.010000 m/pix
[INFO] [1700401477.229923892] [global_costmap.global_costmap]: Message Filter dropping message: frame 'laser_frame' at time 1700401476.812 for reason 'the timestamp on the message is earlier than all the data in the transform cache'
[INFO] [1700401768.117912280] [rclcpp]: signal_handler(signum=2)
[INFO] [1700401768.118368275] [global_costmap.global_costmap]: Running Nav2 LifecycleNode rcl preshutdown (global_costmap)
[INFO] [1700401768.118621494] [global_costmap.global_costmap]: Deactivating
[INFO] [1700401768.507835542] [global_costmap.global_costmap]: Cleaning up
[INFO] [1700401768.554798766] [global_costmap.global_costmap]: Destroying bond (global_costmap) to lifecycle manager.
[INFO] [1700401768.554979931] [planner_server]: Running Nav2 LifecycleNode rcl preshutdown (planner_server)
[INFO] [1700401768.555092911] [planner_server]: Deactivating
[INFO] [1700401768.555152855] [planner_server]: Deactivating plugin GridBased of type NavfnPlanner
[INFO] [1700401768.555201688] [planner_server]: Destroying bond (planner_server) to lifecycle manager.
[INFO] [1700401768.555456037] [planner_server]: Cleaning up
[INFO] [1700401768.601916341] [planner_server]: Cleaning up plugin GridBased of type NavfnPlanner
[INFO] [1700401768.602369299] [planner_server]: Destroying plugin GridBased of type NavfnPlanner
[INFO] [1700401768.662289186] [planner_server]: Destroying bond (planner_server) to lifecycle manager.
