[INFO] [1700517886.028068524] [planner_server]: 
	planner_server lifecycle node launched. 
	Waiting on external lifecycle transitions to activate
	See https://design.ros2.org/articles/node_lifecycle.html for more information.
[INFO] [1700517886.102149178] [planner_server]: Creating
[INFO] [1700517887.750574170] [global_costmap.global_costmap]: 
	global_costmap lifecycle node launched. 
	Waiting on external lifecycle transitions to activate
	See https://design.ros2.org/articles/node_lifecycle.html for more information.
[INFO] [1700517887.815880871] [global_costmap.global_costmap]: Creating Costmap
[INFO] [1700517891.196159123] [planner_server]: Configuring
[INFO] [1700517891.196284010] [global_costmap.global_costmap]: Configuring
[INFO] [1700517891.252968830] [global_costmap.global_costmap]: Using plugin "static_layer"
[INFO] [1700517891.276956606] [global_costmap.global_costmap]: Subscribing to the map topic (/map) with transient local durability
[INFO] [1700517891.289720161] [global_costmap.global_costmap]: Initialized plugin "static_layer"
[INFO] [1700517891.289861659] [global_costmap.global_costmap]: Using plugin "obstacle_layer"
[INFO] [1700517891.302550437] [global_costmap.global_costmap]: Subscribed to Topics: scan
[INFO] [1700517891.346619590] [global_costmap.global_costmap]: Initialized plugin "obstacle_layer"
[INFO] [1700517891.346762440] [global_costmap.global_costmap]: Using plugin "inflation_layer"
[INFO] [1700517891.365071634] [global_costmap.global_costmap]: Initialized plugin "inflation_layer"
[INFO] [1700517891.445892154] [planner_server]: Created global planner plugin GridBased of type nav2_navfn_planner/NavfnPlanner
[INFO] [1700517891.446054485] [planner_server]: Configuring plugin GridBased of type NavfnPlanner
[INFO] [1700517891.456838230] [planner_server]: Planner Server has GridBased  planners available.
[INFO] [1700517891.461136272] [global_costmap.global_costmap]: StaticLayer: Resizing costmap to 326 X 608 at 0.010000 m/pix
[INFO] [1700517893.411742183] [planner_server]: Activating
[INFO] [1700517893.412623803] [global_costmap.global_costmap]: Activating
[INFO] [1700517893.412772616] [global_costmap.global_costmap]: Checking transform
[INFO] [1700517893.413333998] [global_costmap.global_costmap]: start
[INFO] [1700517894.475796289] [planner_server]: Activating plugin GridBased of type NavfnPlanner
[INFO] [1700517894.491381589] [planner_server]: Creating bond (planner_server) to lifecycle manager.
[WARN] [1700517906.168042018] [planner_server]: Planner loop missed its desired rate of 20.0000 Hz. Current loop rate is 10.8572 Hz
[INFO] [1700517909.413904208] [global_costmap.global_costmap]: StaticLayer: Resizing costmap to 333 X 608 at 0.010000 m/pix
[INFO] [1700517946.986420871] [global_costmap.global_costmap]: Received request to clear entirely the global_costmap
[WARN] [1700517947.449375285] [planner_server]: Planner loop missed its desired rate of 20.0000 Hz. Current loop rate is 2.1923 Hz
[INFO] [1700517955.971922380] [rclcpp]: signal_handler(signum=2)
[INFO] [1700517955.972180173] [global_costmap.global_costmap]: Running Nav2 LifecycleNode rcl preshutdown (global_costmap)
[INFO] [1700517955.972401485] [global_costmap.global_costmap]: Deactivating
[INFO] [1700517956.414124610] [global_costmap.global_costmap]: Cleaning up
[INFO] [1700517956.632181529] [global_costmap.global_costmap]: Destroying bond (global_costmap) to lifecycle manager.
[INFO] [1700517956.637475190] [planner_server]: Running Nav2 LifecycleNode rcl preshutdown (planner_server)
[INFO] [1700517956.642045692] [planner_server]: Deactivating
[INFO] [1700517956.660007167] [planner_server]: Deactivating plugin GridBased of type NavfnPlanner
[INFO] [1700517956.660099259] [planner_server]: Destroying bond (planner_server) to lifecycle manager.
[INFO] [1700517956.671016983] [planner_server]: Cleaning up
[INFO] [1700517956.900595009] [planner_server]: Cleaning up plugin GridBased of type NavfnPlanner
[INFO] [1700517956.909554867] [planner_server]: Destroying plugin GridBased of type NavfnPlanner
[INFO] [1700517957.365781360] [planner_server]: Destroying bond (planner_server) to lifecycle manager.
