[INFO] [1700516260.815643586] [planner_server]: 
	planner_server lifecycle node launched. 
	Waiting on external lifecycle transitions to activate
	See https://design.ros2.org/articles/node_lifecycle.html for more information.
[INFO] [1700516260.874624158] [planner_server]: Creating
[INFO] [1700516262.262862728] [global_costmap.global_costmap]: 
	global_costmap lifecycle node launched. 
	Waiting on external lifecycle transitions to activate
	See https://design.ros2.org/articles/node_lifecycle.html for more information.
[INFO] [1700516262.368666588] [global_costmap.global_costmap]: Creating Costmap
[INFO] [1700516265.286494211] [planner_server]: Configuring
[INFO] [1700516265.286649913] [global_costmap.global_costmap]: Configuring
[INFO] [1700516265.348562173] [global_costmap.global_costmap]: Using plugin "static_layer"
[INFO] [1700516265.376807196] [global_costmap.global_costmap]: Subscribing to the map topic (/map) with transient local durability
[INFO] [1700516265.388590799] [global_costmap.global_costmap]: Initialized plugin "static_layer"
[INFO] [1700516265.388730316] [global_costmap.global_costmap]: Using plugin "obstacle_layer"
[INFO] [1700516265.404122841] [global_costmap.global_costmap]: Subscribed to Topics: scan
[INFO] [1700516265.458528985] [global_costmap.global_costmap]: Initialized plugin "obstacle_layer"
[INFO] [1700516265.458700705] [global_costmap.global_costmap]: Using plugin "inflation_layer"
[INFO] [1700516265.472803689] [global_costmap.global_costmap]: Initialized plugin "inflation_layer"
[INFO] [1700516265.545856690] [global_costmap.global_costmap]: StaticLayer: Resizing costmap to 285 X 887 at 0.010000 m/pix
[INFO] [1700516265.547506541] [planner_server]: Created global planner plugin GridBased of type nav2_navfn_planner/NavfnPlanner
[INFO] [1700516265.548652564] [planner_server]: Configuring plugin GridBased of type NavfnPlanner
[INFO] [1700516265.557940345] [planner_server]: Planner Server has GridBased  planners available.
[INFO] [1700516267.437953020] [planner_server]: Activating
[INFO] [1700516267.438152277] [global_costmap.global_costmap]: Activating
[INFO] [1700516267.438246942] [global_costmap.global_costmap]: Checking transform
[INFO] [1700516267.438833972] [global_costmap.global_costmap]: start
[INFO] [1700516268.503205722] [planner_server]: Activating plugin GridBased of type NavfnPlanner
[INFO] [1700516268.521785709] [planner_server]: Creating bond (planner_server) to lifecycle manager.
[INFO] [1700516283.566737674] [global_costmap.global_costmap]: Message Filter dropping message: frame 'laser_frame' at time 1700516283.201 for reason 'the timestamp on the message is earlier than all the data in the transform cache'
[INFO] [1700516283.770238933] [global_costmap.global_costmap]: Message Filter dropping message: frame 'laser_frame' at time 1700516283.358 for reason 'the timestamp on the message is earlier than all the data in the transform cache'
[INFO] [1700516312.817746834] [global_costmap.global_costmap]: Message Filter dropping message: frame 'laser_frame' at time 1700516312.400 for reason 'the timestamp on the message is earlier than all the data in the transform cache'
[INFO] [1700516313.041178546] [global_costmap.global_costmap]: Message Filter dropping message: frame 'laser_frame' at time 1700516312.633 for reason 'the timestamp on the message is earlier than all the data in the transform cache'
[INFO] [1700516350.730595565] [rclcpp]: signal_handler(signum=2)
[INFO] [1700516350.731194669] [global_costmap.global_costmap]: Running Nav2 LifecycleNode rcl preshutdown (global_costmap)
[INFO] [1700516350.731409981] [global_costmap.global_costmap]: Deactivating
[INFO] [1700516351.439232716] [global_costmap.global_costmap]: Cleaning up
[INFO] [1700516351.555788321] [global_costmap.global_costmap]: Destroying bond (global_costmap) to lifecycle manager.
[INFO] [1700516351.555964263] [planner_server]: Running Nav2 LifecycleNode rcl preshutdown (planner_server)
[INFO] [1700516351.556113113] [planner_server]: Deactivating
[INFO] [1700516351.556191501] [planner_server]: Deactivating plugin GridBased of type NavfnPlanner
[INFO] [1700516351.556400814] [planner_server]: Destroying bond (planner_server) to lifecycle manager.
[INFO] [1700516351.556664255] [planner_server]: Cleaning up
[INFO] [1700516352.129242787] [planner_server]: Cleaning up plugin GridBased of type NavfnPlanner
[INFO] [1700516352.130213480] [planner_server]: Destroying plugin GridBased of type NavfnPlanner
[INFO] [1700516352.332627992] [planner_server]: Destroying bond (planner_server) to lifecycle manager.
