[INFO] [1700517714.317827464] [planner_server]: 
	planner_server lifecycle node launched. 
	Waiting on external lifecycle transitions to activate
	See https://design.ros2.org/articles/node_lifecycle.html for more information.
[INFO] [1700517714.746085728] [planner_server]: Creating
[INFO] [1700517717.403680151] [global_costmap.global_costmap]: 
	global_costmap lifecycle node launched. 
	Waiting on external lifecycle transitions to activate
	See https://design.ros2.org/articles/node_lifecycle.html for more information.
[INFO] [1700517717.466637954] [global_costmap.global_costmap]: Creating Costmap
[INFO] [1700517719.622201975] [planner_server]: Configuring
[INFO] [1700517719.622353751] [global_costmap.global_costmap]: Configuring
[INFO] [1700517719.684687931] [global_costmap.global_costmap]: Using plugin "static_layer"
[INFO] [1700517719.706559805] [global_costmap.global_costmap]: Subscribing to the map topic (/map) with transient local durability
[INFO] [1700517719.718335224] [global_costmap.global_costmap]: Initialized plugin "static_layer"
[INFO] [1700517719.718482425] [global_costmap.global_costmap]: Using plugin "obstacle_layer"
[INFO] [1700517719.731898602] [global_costmap.global_costmap]: Subscribed to Topics: scan
[INFO] [1700517719.784012105] [global_costmap.global_costmap]: Initialized plugin "obstacle_layer"
[INFO] [1700517719.784160733] [global_costmap.global_costmap]: Using plugin "inflation_layer"
[INFO] [1700517719.796981602] [global_costmap.global_costmap]: Initialized plugin "inflation_layer"
[INFO] [1700517719.893103481] [global_costmap.global_costmap]: StaticLayer: Resizing costmap to 271 X 596 at 0.010000 m/pix
[INFO] [1700517719.899287872] [planner_server]: Created global planner plugin GridBased of type nav2_navfn_planner/NavfnPlanner
[INFO] [1700517719.899449796] [planner_server]: Configuring plugin GridBased of type NavfnPlanner
[INFO] [1700517719.915121798] [planner_server]: Planner Server has GridBased  planners available.
[INFO] [1700517721.766595329] [planner_server]: Activating
[INFO] [1700517721.766846382] [global_costmap.global_costmap]: Activating
[INFO] [1700517721.766946844] [global_costmap.global_costmap]: Checking transform
[INFO] [1700517721.767430468] [global_costmap.global_costmap]: start
[INFO] [1700517722.825453477] [planner_server]: Activating plugin GridBased of type NavfnPlanner
[INFO] [1700517722.838677434] [planner_server]: Creating bond (planner_server) to lifecycle manager.
[WARN] [1700517786.064169700] [planner_server]: GridBased: failed to create plan with tolerance 0.50.
[WARN] [1700517786.064441031] [planner_server]: Planning algorithm GridBased failed to generate a valid path to (1.00, 0.00)
[WARN] [1700517786.064508530] [planner_server]: [compute_path_to_pose] [ActionServer] Aborting handle.
[INFO] [1700517786.078359683] [global_costmap.global_costmap]: Received request to clear entirely the global_costmap
[INFO] [1700517786.187162155] [global_costmap.global_costmap]: Received request to clear entirely the global_costmap
[WARN] [1700517786.809814502] [planner_server]: GridBased: failed to create plan with tolerance 0.50.
[WARN] [1700517786.810048592] [planner_server]: Planning algorithm GridBased failed to generate a valid path to (1.00, 0.00)
[WARN] [1700517786.819020635] [planner_server]: [compute_path_to_pose] [ActionServer] Aborting handle.
[INFO] [1700517786.842566898] [global_costmap.global_costmap]: Received request to clear entirely the global_costmap
[WARN] [1700517787.801752153] [planner_server]: GridBased: failed to create plan with tolerance 0.50.
[WARN] [1700517787.801972446] [planner_server]: Planning algorithm GridBased failed to generate a valid path to (1.00, 0.00)
[WARN] [1700517787.802044038] [planner_server]: [compute_path_to_pose] [ActionServer] Aborting handle.
[WARN] [1700517789.555607859] [planner_server]: GridBased: failed to create plan with tolerance 0.50.
[WARN] [1700517789.555772098] [planner_server]: Planning algorithm GridBased failed to generate a valid path to (1.00, 0.00)
[WARN] [1700517789.555826709] [planner_server]: [compute_path_to_pose] [ActionServer] Aborting handle.
[INFO] [1700517789.567885012] [global_costmap.global_costmap]: Received request to clear entirely the global_costmap
[WARN] [1700517789.808615223] [planner_server]: GridBased: failed to create plan with tolerance 0.50.
[WARN] [1700517789.808798591] [planner_server]: Planning algorithm GridBased failed to generate a valid path to (1.00, 0.00)
[WARN] [1700517789.808867609] [planner_server]: [compute_path_to_pose] [ActionServer] Aborting handle.
[INFO] [1700517798.767701357] [global_costmap.global_costmap]: StaticLayer: Resizing costmap to 271 X 608 at 0.010000 m/pix
[INFO] [1700517801.767679211] [global_costmap.global_costmap]: StaticLayer: Resizing costmap to 326 X 608 at 0.010000 m/pix
[INFO] [1700517847.406670871] [rclcpp]: signal_handler(signum=2)
[INFO] [1700517847.408777625] [global_costmap.global_costmap]: Running Nav2 LifecycleNode rcl preshutdown (global_costmap)
[INFO] [1700517847.409031622] [global_costmap.global_costmap]: Deactivating
[INFO] [1700517847.768086933] [global_costmap.global_costmap]: Cleaning up
[INFO] [1700517848.040095315] [global_costmap.global_costmap]: Destroying bond (global_costmap) to lifecycle manager.
[INFO] [1700517848.040224851] [planner_server]: Running Nav2 LifecycleNode rcl preshutdown (planner_server)
[INFO] [1700517848.040327590] [planner_server]: Deactivating
[INFO] [1700517848.040402553] [planner_server]: Deactivating plugin GridBased of type NavfnPlanner
[INFO] [1700517848.040451959] [planner_server]: Destroying bond (planner_server) to lifecycle manager.
[INFO] [1700517848.040674975] [planner_server]: Cleaning up
[INFO] [1700517848.464786009] [planner_server]: Cleaning up plugin GridBased of type NavfnPlanner
[INFO] [1700517848.466296732] [planner_server]: Destroying plugin GridBased of type NavfnPlanner
[INFO] [1700517848.710328811] [planner_server]: Destroying bond (planner_server) to lifecycle manager.
