[INFO] [1700514090.925068977] [planner_server]: 
	planner_server lifecycle node launched. 
	Waiting on external lifecycle transitions to activate
	See https://design.ros2.org/articles/node_lifecycle.html for more information.
[INFO] [1700514091.115198781] [planner_server]: Creating
[INFO] [1700514091.836079969] [global_costmap.global_costmap]: 
	global_costmap lifecycle node launched. 
	Waiting on external lifecycle transitions to activate
	See https://design.ros2.org/articles/node_lifecycle.html for more information.
[INFO] [1700514091.932649390] [global_costmap.global_costmap]: Creating Costmap
[INFO] [1700514095.770594102] [planner_server]: Configuring
[INFO] [1700514095.770739934] [global_costmap.global_costmap]: Configuring
[INFO] [1700514095.830675200] [global_costmap.global_costmap]: Using plugin "static_layer"
[INFO] [1700514095.860103700] [global_costmap.global_costmap]: Subscribing to the map topic (/map) with transient local durability
[INFO] [1700514095.868891577] [global_costmap.global_costmap]: Initialized plugin "static_layer"
[INFO] [1700514095.869160000] [global_costmap.global_costmap]: Using plugin "obstacle_layer"
[INFO] [1700514095.884743813] [global_costmap.global_costmap]: Subscribed to Topics: scan
[INFO] [1700514095.930137679] [global_costmap.global_costmap]: Initialized plugin "obstacle_layer"
[INFO] [1700514095.930798875] [global_costmap.global_costmap]: Using plugin "inflation_layer"
[INFO] [1700514095.942051870] [global_costmap.global_costmap]: Initialized plugin "inflation_layer"
[INFO] [1700514096.017049530] [global_costmap.global_costmap]: StaticLayer: Resizing costmap to 273 X 708 at 0.010000 m/pix
[INFO] [1700514096.018995655] [planner_server]: Created global planner plugin GridBased of type nav2_navfn_planner/NavfnPlanner
[INFO] [1700514096.019209708] [planner_server]: Configuring plugin GridBased of type NavfnPlanner
[INFO] [1700514096.032745232] [planner_server]: Planner Server has GridBased  planners available.
[INFO] [1700514097.878323548] [planner_server]: Activating
[INFO] [1700514097.878565471] [global_costmap.global_costmap]: Activating
[INFO] [1700514097.878633544] [global_costmap.global_costmap]: Checking transform
[INFO] [1700514097.879169816] [global_costmap.global_costmap]: start
[INFO] [1700514098.943556219] [planner_server]: Activating plugin GridBased of type NavfnPlanner
[INFO] [1700514098.956729747] [planner_server]: Creating bond (planner_server) to lifecycle manager.
[INFO] [1700514552.359716670] [global_costmap.global_costmap]: Message Filter dropping message: frame 'laser_frame' at time 1700514551.937 for reason 'the timestamp on the message is earlier than all the data in the transform cache'
[INFO] [1700514552.581250162] [global_costmap.global_costmap]: Message Filter dropping message: frame 'laser_frame' at time 1700514552.164 for reason 'the timestamp on the message is earlier than all the data in the transform cache'
[INFO] [1700514553.514173720] [global_costmap.global_costmap]: Message Filter dropping message: frame 'laser_frame' at time 1700514553.068 for reason 'the timestamp on the message is earlier than all the data in the transform cache'
[INFO] [1700514716.263534835] [global_costmap.global_costmap]: Message Filter dropping message: frame 'laser_frame' at time 1700514715.848 for reason 'the timestamp on the message is earlier than all the data in the transform cache'
[INFO] [1700514716.379603654] [global_costmap.global_costmap]: Message Filter dropping message: frame 'laser_frame' at time 1700514715.961 for reason 'the timestamp on the message is earlier than all the data in the transform cache'
[INFO] [1700514716.496583518] [global_costmap.global_costmap]: Message Filter dropping message: frame 'laser_frame' at time 1700514716.073 for reason 'the timestamp on the message is earlier than all the data in the transform cache'
[INFO] [1700514716.608410051] [global_costmap.global_costmap]: Message Filter dropping message: frame 'laser_frame' at time 1700514716.185 for reason 'the timestamp on the message is earlier than all the data in the transform cache'
[INFO] [1700514717.730435064] [global_costmap.global_costmap]: Message Filter dropping message: frame 'laser_frame' at time 1700514717.315 for reason 'the timestamp on the message is earlier than all the data in the transform cache'
[INFO] [1700514717.946965508] [global_costmap.global_costmap]: Message Filter dropping message: frame 'laser_frame' at time 1700514717.428 for reason 'the timestamp on the message is earlier than all the data in the transform cache'
[INFO] [1700514986.198857585] [global_costmap.global_costmap]: Message Filter dropping message: frame 'laser_frame' at time 1700514985.771 for reason 'the timestamp on the message is earlier than all the data in the transform cache'
[INFO] [1700514986.408637109] [global_costmap.global_costmap]: Message Filter dropping message: frame 'laser_frame' at time 1700514985.990 for reason 'the timestamp on the message is earlier than all the data in the transform cache'
[INFO] [1700514999.879613170] [global_costmap.global_costmap]: StaticLayer: Resizing costmap to 285 X 708 at 0.010000 m/pix
[INFO] [1700515028.376256224] [rclcpp]: signal_handler(signum=2)
[INFO] [1700515028.376843792] [global_costmap.global_costmap]: Running Nav2 LifecycleNode rcl preshutdown (global_costmap)
[INFO] [1700515028.377040567] [global_costmap.global_costmap]: Deactivating
[INFO] [1700515028.879879543] [global_costmap.global_costmap]: Cleaning up
[INFO] [1700515029.021214627] [global_costmap.global_costmap]: Destroying bond (global_costmap) to lifecycle manager.
[INFO] [1700515029.023347362] [planner_server]: Running Nav2 LifecycleNode rcl preshutdown (planner_server)
[INFO] [1700515029.024442331] [planner_server]: Deactivating
[INFO] [1700515029.027545573] [planner_server]: Deactivating plugin GridBased of type NavfnPlanner
[INFO] [1700515029.029548254] [planner_server]: Destroying bond (planner_server) to lifecycle manager.
[INFO] [1700515029.030326485] [planner_server]: Cleaning up
[INFO] [1700515029.465392646] [planner_server]: Cleaning up plugin GridBased of type NavfnPlanner
[INFO] [1700515029.465740568] [planner_server]: Destroying plugin GridBased of type NavfnPlanner
[INFO] [1700515029.666182251] [planner_server]: Destroying bond (planner_server) to lifecycle manager.
