[INFO] [1700357979.619398360] [planner_server]: 
	planner_server lifecycle node launched. 
	Waiting on external lifecycle transitions to activate
	See https://design.ros2.org/articles/node_lifecycle.html for more information.
[INFO] [1700357979.698644357] [planner_server]: Creating
[INFO] [1700357979.978420405] [global_costmap.global_costmap]: 
	global_costmap lifecycle node launched. 
	Waiting on external lifecycle transitions to activate
	See https://design.ros2.org/articles/node_lifecycle.html for more information.
[INFO] [1700357979.987134624] [global_costmap.global_costmap]: Creating Costmap
[INFO] [1700357980.391109896] [planner_server]: Configuring
[INFO] [1700357980.391249228] [global_costmap.global_costmap]: Configuring
[INFO] [1700357980.417756695] [global_costmap.global_costmap]: Using plugin "static_layer"
[INFO] [1700357980.434450252] [global_costmap.global_costmap]: Subscribing to the map topic (/map) with transient local durability
[INFO] [1700357980.439815322] [global_costmap.global_costmap]: Initialized plugin "static_layer"
[INFO] [1700357980.439943895] [global_costmap.global_costmap]: Using plugin "obstacle_layer"
[INFO] [1700357980.447968973] [global_costmap.global_costmap]: Subscribed to Topics: scan
[INFO] [1700357980.470415300] [global_costmap.global_costmap]: Initialized plugin "obstacle_layer"
[INFO] [1700357980.470549984] [global_costmap.global_costmap]: Using plugin "inflation_layer"
[INFO] [1700357980.477818533] [global_costmap.global_costmap]: Initialized plugin "inflation_layer"
[INFO] [1700357980.513558380] [planner_server]: Created global planner plugin GridBased of type nav2_navfn_planner/NavfnPlanner
[INFO] [1700357980.513704305] [planner_server]: Configuring plugin GridBased of type NavfnPlanner
[INFO] [1700357980.515862800] [planner_server]: Planner Server has GridBased  planners available.
[INFO] [1700357987.718960327] [rclcpp]: signal_handler(signum=2)
[INFO] [1700357987.722796433] [global_costmap.global_costmap]: Running Nav2 LifecycleNode rcl preshutdown (global_costmap)
[INFO] [1700357987.723168503] [global_costmap.global_costmap]: Cleaning up
[INFO] [1700357987.756691281] [global_costmap.global_costmap]: Destroying bond (global_costmap) to lifecycle manager.
[INFO] [1700357987.756812780] [planner_server]: Running Nav2 LifecycleNode rcl preshutdown (planner_server)
[INFO] [1700357987.762225313] [planner_server]: Cleaning up
[INFO] [1700357987.958563908] [planner_server]: Cleaning up plugin GridBased of type NavfnPlanner
[INFO] [1700357987.967374699] [planner_server]: Destroying plugin GridBased of type NavfnPlanner
[INFO] [1700357988.064268057] [planner_server]: Destroying bond (planner_server) to lifecycle manager.
