[INFO] [1700515118.590847230] [planner_server]: 
	planner_server lifecycle node launched. 
	Waiting on external lifecycle transitions to activate
	See https://design.ros2.org/articles/node_lifecycle.html for more information.
[INFO] [1700515118.825656512] [planner_server]: Creating
[INFO] [1700515121.279994775] [global_costmap.global_costmap]: 
	global_costmap lifecycle node launched. 
	Waiting on external lifecycle transitions to activate
	See https://design.ros2.org/articles/node_lifecycle.html for more information.
[INFO] [1700515121.303827835] [global_costmap.global_costmap]: Creating Costmap
[INFO] [1700515122.256827914] [planner_server]: Configuring
[INFO] [1700515122.256960968] [global_costmap.global_costmap]: Configuring
[INFO] [1700515122.324485081] [global_costmap.global_costmap]: Using plugin "static_layer"
[INFO] [1700515122.345976611] [global_costmap.global_costmap]: Subscribing to the map topic (/map) with transient local durability
[INFO] [1700515122.358723557] [global_costmap.global_costmap]: Initialized plugin "static_layer"
[INFO] [1700515122.358903241] [global_costmap.global_costmap]: Using plugin "obstacle_layer"
[INFO] [1700515122.375993989] [global_costmap.global_costmap]: Subscribed to Topics: scan
[INFO] [1700515122.428165148] [global_costmap.global_costmap]: Initialized plugin "obstacle_layer"
[INFO] [1700515122.428333313] [global_costmap.global_costmap]: Using plugin "inflation_layer"
[INFO] [1700515122.438642490] [global_costmap.global_costmap]: Initialized plugin "inflation_layer"
[INFO] [1700515122.532114175] [global_costmap.global_costmap]: StaticLayer: Resizing costmap to 285 X 708 at 0.010000 m/pix
[INFO] [1700515122.537424484] [planner_server]: Created global planner plugin GridBased of type nav2_navfn_planner/NavfnPlanner
[INFO] [1700515122.537807332] [planner_server]: Configuring plugin GridBased of type NavfnPlanner
[INFO] [1700515122.545762092] [planner_server]: Planner Server has GridBased  planners available.
[INFO] [1700515124.519168790] [planner_server]: Activating
[INFO] [1700515124.519344881] [global_costmap.global_costmap]: Activating
[INFO] [1700515124.519459879] [global_costmap.global_costmap]: Checking transform
[INFO] [1700515124.519887097] [global_costmap.global_costmap]: start
[INFO] [1700515125.580097776] [planner_server]: Activating plugin GridBased of type NavfnPlanner
[INFO] [1700515125.591301480] [planner_server]: Creating bond (planner_server) to lifecycle manager.
[INFO] [1700515199.579599111] [rclcpp]: signal_handler(signum=2)
[INFO] [1700515199.579895792] [global_costmap.global_costmap]: Running Nav2 LifecycleNode rcl preshutdown (global_costmap)
[INFO] [1700515199.580130623] [global_costmap.global_costmap]: Deactivating
[INFO] [1700515200.521830810] [global_costmap.global_costmap]: Cleaning up
[INFO] [1700515200.700612602] [global_costmap.global_costmap]: Destroying bond (global_costmap) to lifecycle manager.
[INFO] [1700515200.717393205] [planner_server]: Running Nav2 LifecycleNode rcl preshutdown (planner_server)
[INFO] [1700515200.739339100] [planner_server]: Deactivating
[INFO] [1700515200.749866479] [planner_server]: Deactivating plugin GridBased of type NavfnPlanner
[INFO] [1700515200.749975718] [planner_server]: Destroying bond (planner_server) to lifecycle manager.
[INFO] [1700515200.760567504] [planner_server]: Cleaning up
[INFO] [1700515201.252617908] [planner_server]: Cleaning up plugin GridBased of type NavfnPlanner
[INFO] [1700515201.253016534] [planner_server]: Destroying plugin GridBased of type NavfnPlanner
[INFO] [1700515201.515434640] [planner_server]: Destroying bond (planner_server) to lifecycle manager.
