[INFO] [1700516525.468901442] [planner_server]: 
	planner_server lifecycle node launched. 
	Waiting on external lifecycle transitions to activate
	See https://design.ros2.org/articles/node_lifecycle.html for more information.
[INFO] [1700516525.759118356] [planner_server]: Creating
[INFO] [1700516526.653090232] [global_costmap.global_costmap]: 
	global_costmap lifecycle node launched. 
	Waiting on external lifecycle transitions to activate
	See https://design.ros2.org/articles/node_lifecycle.html for more information.
[INFO] [1700516526.743881118] [global_costmap.global_costmap]: Creating Costmap
[INFO] [1700516530.294126515] [planner_server]: Configuring
[INFO] [1700516530.294291124] [global_costmap.global_costmap]: Configuring
[INFO] [1700516530.366353173] [global_costmap.global_costmap]: Using plugin "static_layer"
[INFO] [1700516530.391985097] [global_costmap.global_costmap]: Subscribing to the map topic (/map) with transient local durability
[INFO] [1700516530.402522474] [global_costmap.global_costmap]: Initialized plugin "static_layer"
[INFO] [1700516530.402763878] [global_costmap.global_costmap]: Using plugin "obstacle_layer"
[INFO] [1700516530.427551182] [global_costmap.global_costmap]: Subscribed to Topics: scan
[INFO] [1700516530.489903307] [global_costmap.global_costmap]: Initialized plugin "obstacle_layer"
[INFO] [1700516530.490971406] [global_costmap.global_costmap]: Using plugin "inflation_layer"
[INFO] [1700516530.498286709] [global_costmap.global_costmap]: Initialized plugin "inflation_layer"
[INFO] [1700516530.592501648] [planner_server]: Created global planner plugin GridBased of type nav2_navfn_planner/NavfnPlanner
[INFO] [1700516530.594090296] [planner_server]: Configuring plugin GridBased of type NavfnPlanner
[INFO] [1700516530.599061072] [global_costmap.global_costmap]: StaticLayer: Resizing costmap to 285 X 887 at 0.010000 m/pix
[INFO] [1700516530.607975061] [planner_server]: Planner Server has GridBased  planners available.
[INFO] [1700516532.540037392] [planner_server]: Activating
[INFO] [1700516532.540235946] [global_costmap.global_costmap]: Activating
[INFO] [1700516532.540324685] [global_costmap.global_costmap]: Checking transform
[INFO] [1700516532.540841476] [global_costmap.global_costmap]: start
[INFO] [1700516533.598573073] [planner_server]: Activating plugin GridBased of type NavfnPlanner
[INFO] [1700516533.612126674] [planner_server]: Creating bond (planner_server) to lifecycle manager.
[INFO] [1700516544.648256999] [global_costmap.global_costmap]: Message Filter dropping message: frame 'laser_frame' at time 1700516544.234 for reason 'the timestamp on the message is earlier than all the data in the transform cache'
[INFO] [1700516544.881515966] [global_costmap.global_costmap]: Message Filter dropping message: frame 'laser_frame' at time 1700516544.468 for reason 'the timestamp on the message is earlier than all the data in the transform cache'
[WARN] [1700516563.585856774] [planner_server]: Planner loop missed its desired rate of 20.0000 Hz. Current loop rate is 7.2209 Hz
[INFO] [1700516597.716285179] [global_costmap.global_costmap]: Received request to clear entirely the global_costmap
[WARN] [1700516598.594692328] [planner_server]: Planner loop missed its desired rate of 20.0000 Hz. Current loop rate is 1.1530 Hz
[INFO] [1700516631.472719663] [rclcpp]: signal_handler(signum=2)
[INFO] [1700516631.474446569] [global_costmap.global_costmap]: Running Nav2 LifecycleNode rcl preshutdown (global_costmap)
[INFO] [1700516631.474742584] [global_costmap.global_costmap]: Deactivating
[INFO] [1700516631.546072290] [global_costmap.global_costmap]: Cleaning up
[INFO] [1700516631.787725250] [global_costmap.global_costmap]: Destroying bond (global_costmap) to lifecycle manager.
[INFO] [1700516631.787866323] [planner_server]: Running Nav2 LifecycleNode rcl preshutdown (planner_server)
[INFO] [1700516631.788116783] [planner_server]: Deactivating
[INFO] [1700516631.788204393] [planner_server]: Deactivating plugin GridBased of type NavfnPlanner
[INFO] [1700516631.788255559] [planner_server]: Destroying bond (planner_server) to lifecycle manager.
[INFO] [1700516631.820887438] [planner_server]: Cleaning up
[INFO] [1700516632.277497911] [planner_server]: Cleaning up plugin GridBased of type NavfnPlanner
[INFO] [1700516632.283041346] [planner_server]: Destroying plugin GridBased of type NavfnPlanner
[INFO] [1700516632.604175732] [planner_server]: Destroying bond (planner_server) to lifecycle manager.
