[INFO] [1700513571.887366636] [planner_server]: 
	planner_server lifecycle node launched. 
	Waiting on external lifecycle transitions to activate
	See https://design.ros2.org/articles/node_lifecycle.html for more information.
[INFO] [1700513572.056269946] [planner_server]: Creating
[INFO] [1700513574.503877205] [global_costmap.global_costmap]: 
	global_costmap lifecycle node launched. 
	Waiting on external lifecycle transitions to activate
	See https://design.ros2.org/articles/node_lifecycle.html for more information.
[INFO] [1700513574.533564198] [global_costmap.global_costmap]: Creating Costmap
[INFO] [1700513575.875938914] [planner_server]: Configuring
[INFO] [1700513575.876116227] [global_costmap.global_costmap]: Configuring
[INFO] [1700513575.932270233] [global_costmap.global_costmap]: Using plugin "static_layer"
[INFO] [1700513575.958219808] [global_costmap.global_costmap]: Subscribing to the map topic (/map) with transient local durability
[INFO] [1700513575.969067085] [global_costmap.global_costmap]: Initialized plugin "static_layer"
[INFO] [1700513575.969391747] [global_costmap.global_costmap]: Using plugin "obstacle_layer"
[INFO] [1700513575.985826530] [global_costmap.global_costmap]: Subscribed to Topics: scan
[INFO] [1700513576.040362871] [global_costmap.global_costmap]: Initialized plugin "obstacle_layer"
[INFO] [1700513576.040506036] [global_costmap.global_costmap]: Using plugin "inflation_layer"
[INFO] [1700513576.051772251] [global_costmap.global_costmap]: Initialized plugin "inflation_layer"
[INFO] [1700513576.137792989] [global_costmap.global_costmap]: StaticLayer: Resizing costmap to 265 X 591 at 0.010000 m/pix
[INFO] [1700513576.140426013] [planner_server]: Created global planner plugin GridBased of type nav2_navfn_planner/NavfnPlanner
[INFO] [1700513576.141069265] [planner_server]: Configuring plugin GridBased of type NavfnPlanner
[INFO] [1700513576.148095217] [planner_server]: Planner Server has GridBased  planners available.
[INFO] [1700513578.011235231] [planner_server]: Activating
[INFO] [1700513578.011436599] [global_costmap.global_costmap]: Activating
[INFO] [1700513578.011512876] [global_costmap.global_costmap]: Checking transform
[INFO] [1700513578.011919445] [global_costmap.global_costmap]: start
[INFO] [1700513578.068819442] [planner_server]: Activating plugin GridBased of type NavfnPlanner
[INFO] [1700513578.082372445] [planner_server]: Creating bond (planner_server) to lifecycle manager.
[INFO] [1700513693.957485524] [global_costmap.global_costmap]: Received request to clear entirely the global_costmap
[WARN] [1700513694.104047074] [planner_server]: Planner loop missed its desired rate of 20.0000 Hz. Current loop rate is 8.0944 Hz
[INFO] [1700513732.189619492] [global_costmap.global_costmap]: Received request to clear entirely the global_costmap
[WARN] [1700513733.047212899] [planner_server]: Planner loop missed its desired rate of 20.0000 Hz. Current loop rate is 1.1721 Hz
[INFO] [1700513791.830982606] [rclcpp]: signal_handler(signum=2)
[INFO] [1700513791.832331978] [global_costmap.global_costmap]: Running Nav2 LifecycleNode rcl preshutdown (global_costmap)
[INFO] [1700513791.832627642] [global_costmap.global_costmap]: Deactivating
[INFO] [1700513792.022866968] [global_costmap.global_costmap]: Cleaning up
[INFO] [1700513792.337902722] [global_costmap.global_costmap]: Destroying bond (global_costmap) to lifecycle manager.
[INFO] [1700513792.338055554] [planner_server]: Running Nav2 LifecycleNode rcl preshutdown (planner_server)
[INFO] [1700513792.338185608] [planner_server]: Deactivating
[INFO] [1700513792.338260144] [planner_server]: Deactivating plugin GridBased of type NavfnPlanner
[INFO] [1700513792.338310273] [planner_server]: Destroying bond (planner_server) to lifecycle manager.
[INFO] [1700513792.440899985] [planner_server]: Cleaning up
[INFO] [1700513793.124786810] [planner_server]: Cleaning up plugin GridBased of type NavfnPlanner
[INFO] [1700513793.125211953] [planner_server]: Destroying plugin GridBased of type NavfnPlanner
[INFO] [1700513793.126639288] [planner_server]: Destroying bond (planner_server) to lifecycle manager.
