[INFO] [1700515996.691400653] [planner_server]: 
	planner_server lifecycle node launched. 
	Waiting on external lifecycle transitions to activate
	See https://design.ros2.org/articles/node_lifecycle.html for more information.
[INFO] [1700515996.914502334] [planner_server]: Creating
[INFO] [1700515999.725054612] [global_costmap.global_costmap]: 
	global_costmap lifecycle node launched. 
	Waiting on external lifecycle transitions to activate
	See https://design.ros2.org/articles/node_lifecycle.html for more information.
[INFO] [1700515999.757423568] [global_costmap.global_costmap]: Creating Costmap
[INFO] [1700516000.632503626] [planner_server]: Configuring
[INFO] [1700516000.632651236] [global_costmap.global_costmap]: Configuring
[INFO] [1700516000.694453609] [global_costmap.global_costmap]: Using plugin "static_layer"
[INFO] [1700516000.718316609] [global_costmap.global_costmap]: Subscribing to the map topic (/map) with transient local durability
[INFO] [1700516000.729181112] [global_costmap.global_costmap]: Initialized plugin "static_layer"
[INFO] [1700516000.729337277] [global_costmap.global_costmap]: Using plugin "obstacle_layer"
[INFO] [1700516000.744178197] [global_costmap.global_costmap]: Subscribed to Topics: scan
[INFO] [1700516000.797783648] [global_costmap.global_costmap]: Initialized plugin "obstacle_layer"
[INFO] [1700516000.798006719] [global_costmap.global_costmap]: Using plugin "inflation_layer"
[INFO] [1700516000.809741138] [global_costmap.global_costmap]: Initialized plugin "inflation_layer"
[INFO] [1700516000.893159686] [global_costmap.global_costmap]: StaticLayer: Resizing costmap to 285 X 708 at 0.010000 m/pix
[INFO] [1700516000.893873381] [planner_server]: Created global planner plugin GridBased of type nav2_navfn_planner/NavfnPlanner
[INFO] [1700516000.894452189] [planner_server]: Configuring plugin GridBased of type NavfnPlanner
[INFO] [1700516000.913187897] [planner_server]: Planner Server has GridBased  planners available.
[INFO] [1700516002.814937823] [planner_server]: Activating
[INFO] [1700516002.815150747] [global_costmap.global_costmap]: Activating
[INFO] [1700516002.815228616] [global_costmap.global_costmap]: Checking transform
[INFO] [1700516002.816924874] [global_costmap.global_costmap]: start
[INFO] [1700516003.875033599] [planner_server]: Activating plugin GridBased of type NavfnPlanner
[INFO] [1700516003.889153879] [planner_server]: Creating bond (planner_server) to lifecycle manager.
[INFO] [1700516037.833834940] [global_costmap.global_costmap]: Message Filter dropping message: frame 'laser_frame' at time 1700516037.376 for reason 'the timestamp on the message is earlier than all the data in the transform cache'
[INFO] [1700516037.923210567] [global_costmap.global_costmap]: Message Filter dropping message: frame 'laser_frame' at time 1700516037.488 for reason 'the timestamp on the message is earlier than all the data in the transform cache'
[INFO] [1700516038.587213376] [global_costmap.global_costmap]: Message Filter dropping message: frame 'laser_frame' at time 1700516038.164 for reason 'the timestamp on the message is earlier than all the data in the transform cache'
[INFO] [1700516038.807517256] [global_costmap.global_costmap]: Message Filter dropping message: frame 'laser_frame' at time 1700516038.389 for reason 'the timestamp on the message is earlier than all the data in the transform cache'
[INFO] [1700516144.820441283] [global_costmap.global_costmap]: StaticLayer: Resizing costmap to 285 X 887 at 0.010000 m/pix
[INFO] [1700516162.317866763] [rclcpp]: signal_handler(signum=2)
[INFO] [1700516162.318065408] [global_costmap.global_costmap]: Running Nav2 LifecycleNode rcl preshutdown (global_costmap)
[INFO] [1700516162.318272851] [global_costmap.global_costmap]: Deactivating
[INFO] [1700516162.820631408] [global_costmap.global_costmap]: Cleaning up
[INFO] [1700516163.116948958] [global_costmap.global_costmap]: Destroying bond (global_costmap) to lifecycle manager.
[INFO] [1700516163.144193770] [planner_server]: Running Nav2 LifecycleNode rcl preshutdown (planner_server)
[INFO] [1700516163.145666883] [planner_server]: Deactivating
[INFO] [1700516163.155836857] [planner_server]: Deactivating plugin GridBased of type NavfnPlanner
[INFO] [1700516163.155999151] [planner_server]: Destroying bond (planner_server) to lifecycle manager.
[INFO] [1700516163.164760753] [planner_server]: Cleaning up
[INFO] [1700516163.635984210] [planner_server]: Cleaning up plugin GridBased of type NavfnPlanner
[INFO] [1700516163.641234445] [planner_server]: Destroying plugin GridBased of type NavfnPlanner
[INFO] [1700516163.652077726] [planner_server]: Destroying bond (planner_server) to lifecycle manager.
