[INFO] [1700448638.141408796] [planner_server]: 
	planner_server lifecycle node launched. 
	Waiting on external lifecycle transitions to activate
	See https://design.ros2.org/articles/node_lifecycle.html for more information.
[INFO] [1700448638.207285634] [planner_server]: Creating
[INFO] [1700448639.868063581] [global_costmap.global_costmap]: 
	global_costmap lifecycle node launched. 
	Waiting on external lifecycle transitions to activate
	See https://design.ros2.org/articles/node_lifecycle.html for more information.
[INFO] [1700448639.877814189] [global_costmap.global_costmap]: Creating Costmap
[INFO] [1700448642.102176483] [planner_server]: Configuring
[INFO] [1700448642.102319981] [global_costmap.global_costmap]: Configuring
[INFO] [1700448642.164470992] [global_costmap.global_costmap]: Using plugin "static_layer"
[INFO] [1700448642.189094111] [global_costmap.global_costmap]: Subscribing to the map topic (/map) with transient local durability
[INFO] [1700448642.201278745] [global_costmap.global_costmap]: Initialized plugin "static_layer"
[INFO] [1700448642.201413244] [global_costmap.global_costmap]: Using plugin "obstacle_layer"
[INFO] [1700448642.207879594] [global_costmap.global_costmap]: Subscribed to Topics: scan
[INFO] [1700448642.274915418] [global_costmap.global_costmap]: Initialized plugin "obstacle_layer"
[INFO] [1700448642.275090675] [global_costmap.global_costmap]: Using plugin "inflation_layer"
[INFO] [1700448642.286238989] [global_costmap.global_costmap]: Initialized plugin "inflation_layer"
[INFO] [1700448642.367919363] [global_costmap.global_costmap]: StaticLayer: Resizing costmap to 349 X 1065 at 0.010000 m/pix
[INFO] [1700448642.369273588] [planner_server]: Created global planner plugin GridBased of type nav2_navfn_planner/NavfnPlanner
[INFO] [1700448642.369959061] [planner_server]: Configuring plugin GridBased of type NavfnPlanner
[INFO] [1700448642.374976928] [planner_server]: Planner Server has GridBased  planners available.
[INFO] [1700448644.044486662] [planner_server]: Activating
[INFO] [1700448644.044720511] [global_costmap.global_costmap]: Activating
[INFO] [1700448644.044832954] [global_costmap.global_costmap]: Checking transform
[INFO] [1700448644.045659352] [global_costmap.global_costmap]: start
[INFO] [1700448645.108654003] [planner_server]: Activating plugin GridBased of type NavfnPlanner
[INFO] [1700448645.119202119] [planner_server]: Creating bond (planner_server) to lifecycle manager.
[INFO] [1700448708.045968196] [global_costmap.global_costmap]: StaticLayer: Resizing costmap to 367 X 1065 at 0.010000 m/pix
[INFO] [1700448726.660812640] [global_costmap.global_costmap]: Received request to clear entirely the global_costmap
[WARN] [1700448727.100769546] [planner_server]: Planner loop missed its desired rate of 20.0000 Hz. Current loop rate is 2.2999 Hz
[INFO] [1700448751.048863012] [global_costmap.global_costmap]: StaticLayer: Resizing costmap to 518 X 1065 at 0.010000 m/pix
[WARN] [1700448757.104501953] [planner_server]: Planner loop missed its desired rate of 20.0000 Hz. Current loop rate is 17.6307 Hz
[INFO] [1700448812.765840519] [global_costmap.global_costmap]: Received request to clear entirely the global_costmap
[WARN] [1700448813.164748886] [planner_server]: Planner loop missed its desired rate of 20.0000 Hz. Current loop rate is 2.6673 Hz
[INFO] [1700448822.624710317] [global_costmap.global_costmap]: Received request to clear entirely the global_costmap
[WARN] [1700448823.121046379] [planner_server]: Planner loop missed its desired rate of 20.0000 Hz. Current loop rate is 2.0511 Hz
[WARN] [1700448824.201412526] [planner_server]: Planner loop missed its desired rate of 20.0000 Hz. Current loop rate is 18.2223 Hz
[WARN] [1700448830.179714920] [planner_server]: Planner loop missed its desired rate of 20.0000 Hz. Current loop rate is 1.3333 Hz
[WARN] [1700448831.911795260] [planner_server]: Planner loop missed its desired rate of 20.0000 Hz. Current loop rate is 1.4222 Hz
[WARN] [1700448833.592377783] [planner_server]: Planner loop missed its desired rate of 20.0000 Hz. Current loop rate is 1.5286 Hz
[WARN] [1700448835.620047113] [planner_server]: Planner loop missed its desired rate of 20.0000 Hz. Current loop rate is 1.0037 Hz
[INFO] [1700448901.045993447] [global_costmap.global_costmap]: StaticLayer: Resizing costmap to 518 X 1068 at 0.010000 m/pix
[INFO] [1700448906.045975112] [global_costmap.global_costmap]: StaticLayer: Resizing costmap to 529 X 1068 at 0.010000 m/pix
[INFO] [1700448911.045990153] [global_costmap.global_costmap]: StaticLayer: Resizing costmap to 529 X 1068 at 0.010000 m/pix
[WARN] [1700448992.118811578] [planner_server]: Planner loop missed its desired rate of 20.0000 Hz. Current loop rate is 17.0788 Hz
[INFO] [1700449045.613463217] [global_costmap.global_costmap]: Received request to clear entirely the global_costmap
[WARN] [1700449046.114338591] [planner_server]: Planner loop missed its desired rate of 20.0000 Hz. Current loop rate is 2.0317 Hz
[INFO] [1700449073.045982901] [global_costmap.global_costmap]: StaticLayer: Resizing costmap to 529 X 1069 at 0.010000 m/pix
[INFO] [1700449419.772126661] [rclcpp]: signal_handler(signum=2)
[INFO] [1700449419.773371960] [global_costmap.global_costmap]: Running Nav2 LifecycleNode rcl preshutdown (global_costmap)
[INFO] [1700449419.773606531] [global_costmap.global_costmap]: Deactivating
[INFO] [1700449420.046122745] [global_costmap.global_costmap]: Cleaning up
[INFO] [1700449420.291315678] [global_costmap.global_costmap]: Destroying bond (global_costmap) to lifecycle manager.
[INFO] [1700449420.291756950] [planner_server]: Running Nav2 LifecycleNode rcl preshutdown (planner_server)
[INFO] [1700449420.291909393] [planner_server]: Deactivating
[INFO] [1700449420.291990910] [planner_server]: Deactivating plugin GridBased of type NavfnPlanner
[INFO] [1700449420.292039743] [planner_server]: Destroying bond (planner_server) to lifecycle manager.
[INFO] [1700449420.303673576] [planner_server]: Cleaning up
[INFO] [1700449420.884015198] [planner_server]: Cleaning up plugin GridBased of type NavfnPlanner
[INFO] [1700449420.890315525] [planner_server]: Destroying plugin GridBased of type NavfnPlanner
[INFO] [1700449421.164642086] [planner_server]: Destroying bond (planner_server) to lifecycle manager.
