[INFO] [1700516930.288710115] [planner_server]: 
	planner_server lifecycle node launched. 
	Waiting on external lifecycle transitions to activate
	See https://design.ros2.org/articles/node_lifecycle.html for more information.
[INFO] [1700516930.324252496] [planner_server]: Creating
[INFO] [1700516931.029791213] [global_costmap.global_costmap]: 
	global_costmap lifecycle node launched. 
	Waiting on external lifecycle transitions to activate
	See https://design.ros2.org/articles/node_lifecycle.html for more information.
[INFO] [1700516931.069928726] [global_costmap.global_costmap]: Creating Costmap
[INFO] [1700516934.799604417] [planner_server]: Configuring
[INFO] [1700516934.799760008] [global_costmap.global_costmap]: Configuring
[INFO] [1700516934.889725885] [global_costmap.global_costmap]: Using plugin "static_layer"
[INFO] [1700516934.908983327] [global_costmap.global_costmap]: Subscribing to the map topic (/map) with transient local durability
[INFO] [1700516934.924819309] [global_costmap.global_costmap]: Initialized plugin "static_layer"
[INFO] [1700516934.926987024] [global_costmap.global_costmap]: Using plugin "obstacle_layer"
[INFO] [1700516934.943576701] [global_costmap.global_costmap]: Subscribed to Topics: scan
[INFO] [1700516934.994088668] [global_costmap.global_costmap]: Initialized plugin "obstacle_layer"
[INFO] [1700516934.994224147] [global_costmap.global_costmap]: Using plugin "inflation_layer"
[INFO] [1700516935.007141330] [global_costmap.global_costmap]: Initialized plugin "inflation_layer"
[INFO] [1700516935.107548493] [global_costmap.global_costmap]: StaticLayer: Resizing costmap to 289 X 896 at 0.010000 m/pix
[INFO] [1700516935.109266232] [planner_server]: Created global planner plugin GridBased of type nav2_navfn_planner/NavfnPlanner
[INFO] [1700516935.109818059] [planner_server]: Configuring plugin GridBased of type NavfnPlanner
[INFO] [1700516935.127709220] [planner_server]: Planner Server has GridBased  planners available.
[INFO] [1700516937.069055766] [planner_server]: Activating
[INFO] [1700516937.069223986] [global_costmap.global_costmap]: Activating
[INFO] [1700516937.069286800] [global_costmap.global_costmap]: Checking transform
[INFO] [1700516937.069773739] [global_costmap.global_costmap]: start
[INFO] [1700516938.131569190] [planner_server]: Activating plugin GridBased of type NavfnPlanner
[INFO] [1700516938.143638179] [planner_server]: Creating bond (planner_server) to lifecycle manager.
[INFO] [1700517029.070349645] [global_costmap.global_costmap]: StaticLayer: Resizing costmap to 289 X 897 at 0.010000 m/pix
[INFO] [1700517069.023779512] [global_costmap.global_costmap]: Received request to clear entirely the global_costmap
[WARN] [1700517069.114289290] [planner_server]: Planner loop missed its desired rate of 20.0000 Hz. Current loop rate is 13.2490 Hz
[INFO] [1700517099.885483183] [rclcpp]: signal_handler(signum=2)
[INFO] [1700517099.885969251] [global_costmap.global_costmap]: Running Nav2 LifecycleNode rcl preshutdown (global_costmap)
[INFO] [1700517099.886270637] [global_costmap.global_costmap]: Deactivating
[INFO] [1700517100.070558987] [global_costmap.global_costmap]: Cleaning up
[INFO] [1700517100.216907540] [global_costmap.global_costmap]: Destroying bond (global_costmap) to lifecycle manager.
[INFO] [1700517100.217071353] [planner_server]: Running Nav2 LifecycleNode rcl preshutdown (planner_server)
[INFO] [1700517100.217174889] [planner_server]: Deactivating
[INFO] [1700517100.217239684] [planner_server]: Deactivating plugin GridBased of type NavfnPlanner
[INFO] [1700517100.219151254] [planner_server]: Destroying bond (planner_server) to lifecycle manager.
[INFO] [1700517100.320337945] [planner_server]: Cleaning up
[INFO] [1700517100.831494742] [planner_server]: Cleaning up plugin GridBased of type NavfnPlanner
[INFO] [1700517100.836372870] [planner_server]: Destroying plugin GridBased of type NavfnPlanner
[INFO] [1700517101.186303104] [planner_server]: Destroying bond (planner_server) to lifecycle manager.
