[INFO] [1700171090.496774428] [subscriber]: readings: left 0.947  lft_fwd 0.796  fwd 1.121   rt_fwd 1.445   right 0.136  back 1.394
[INFO] [1700171090.499268218] [subscriber]: Close on Left 0.947 or right 0.136 meters
[INFO] [1700171090.506594774] [publisher]: rotate: readings: left 0.948  lft_fwd 0.795  fwd 1.121   rt_fwd 1.449   right 0.136  back 1.394
[INFO] [1700171090.561733664] [publisher]: Rotating left, wall on right...
[INFO] [1700171090.673032157] [publisher]: Rotating left, wall on right...
[INFO] [1700171090.782951941] [publisher]: Rotating left, wall on right...
[INFO] [1700171090.900428538] [publisher]: Rotating left, wall on right...
[INFO] [1700171091.009079243] [publisher]: Rotating left, wall on right...
[INFO] [1700171091.133825897] [publisher]: Rotating left, wall on right...
[INFO] [1700171091.237156284] [publisher]: Rotating left, wall on right...
[INFO] [1700171091.345922746] [publisher]: Rotating left, wall on right...
[INFO] [1700171091.461693953] [publisher]: Rotating left, wall on right...
[INFO] [1700171091.466044465] [publisher]: 
*** Clear.
[INFO] [1700171092.475253004] [subscriber]: readings: left 1.849  lft_fwd 0.955  fwd 0.797   rt_fwd 1.116   right 1.473  back 1.637
[INFO] [1700171092.477648480] [subscriber]: No Obstacles
[INFO] [1700171092.599010797] [subscriber]: readings: left 1.848  lft_fwd 0.955  fwd 0.797   rt_fwd 1.116   right 1.476  back 1.682
[INFO] [1700171092.603646491] [subscriber]: No Obstacles
[INFO] [1700171092.606508333] [publisher]: *** Command fwd at 0.15 m/s.
[INFO] [1700171092.937188897] [subscriber]: readings: left 1.849  lft_fwd 0.945  fwd 0.792   rt_fwd 1.107   right 1.493  back 1.682
[INFO] [1700171092.940127478] [subscriber]: No Obstacles
[INFO] [1700171093.385556017] [subscriber]: readings: left 1.833  lft_fwd 0.880  fwd 0.735   rt_fwd 1.077   right 1.533  back 1.758
[INFO] [1700171093.390892482] [subscriber]: No Obstacles
[INFO] [1700171093.393463974] [publisher]: *** Command fwd at 0.15 m/s.
[INFO] [1700171093.722894698] [subscriber]: readings: left 1.814  lft_fwd 0.796  fwd 0.680   rt_fwd 1.055   right 1.554  back 1.809
[INFO] [1700171093.727165303] [subscriber]: No Obstacles
[INFO] [1700171094.170034626] [subscriber]: readings: left 2.426  lft_fwd 0.717  fwd 0.612   rt_fwd 0.997   right 1.611  back 1.860
[INFO] [1700171094.172572897] [subscriber]: No Obstacles
[INFO] [1700171094.175013094] [publisher]: *** Command fwd at 0.15 m/s.
[INFO] [1700171094.510866789] [subscriber]: readings: left 1.523  lft_fwd 0.647  fwd 0.561   rt_fwd 0.956   right 1.622  back 1.860
[INFO] [1700171094.514359551] [subscriber]: No Obstacles
[INFO] [1700171094.967165921] [subscriber]: readings: left 2.872  lft_fwd 0.573  fwd 0.490   rt_fwd 0.892   right 1.499  back 1.910
[INFO] [1700171094.970682959] [subscriber]: No Obstacles
[INFO] [1700171094.973299452] [publisher]: *** Command fwd at 0.14 m/s.
[INFO] [1700171095.295177786] [subscriber]: readings: left 3.495  lft_fwd 0.519  fwd 0.440   rt_fwd 0.839   right 1.471  back 1.968
[INFO] [1700171095.300797989] [subscriber]: No Obstacles
[INFO] [1700171095.749772415] [subscriber]: readings: left 1.422  lft_fwd 0.413  fwd 0.378   rt_fwd 0.701   right 1.395  back 2.030
[INFO] [1700171095.754523571] [subscriber]: No Obstacles
[INFO] [1700171095.759263578] [publisher]: *** Command fwd at 0.11 m/s.
[INFO] [1700171096.081129376] [subscriber]: readings: left 1.403  lft_fwd 0.376  fwd 0.331   rt_fwd 0.614   right 1.272  back 2.090
[INFO] [1700171096.084735691] [subscriber]: Forward obstacle 0.331 meters
[INFO] [1700171096.432812076] [publisher]: rotate: readings: left 1.376  lft_fwd 0.351  fwd 0.303   rt_fwd 0.561   right 1.221  back 2.141
[INFO] [1700171096.537393042] [publisher]: Rotating right...
[INFO] [1700171096.648218555] [publisher]: Rotating right...
[INFO] [1700171096.774045826] [publisher]: Rotating right...
[INFO] [1700171096.876349814] [publisher]: Rotating right...
[INFO] [1700171096.985305921] [publisher]: Rotating right...
[INFO] [1700171097.100658445] [publisher]: Rotating right...
[INFO] [1700171097.210751317] [publisher]: Rotating right...
[INFO] [1700171097.324249804] [publisher]: Rotating right...
[INFO] [1700171097.437710421] [publisher]: Rotating right...
[INFO] [1700171097.546106607] [publisher]: Rotating right...
[INFO] [1700171097.664193380] [publisher]: Rotating right...
[INFO] [1700171097.773253282] [publisher]: Rotating left, wall on right...
[INFO] [1700171097.897778639] [publisher]: Rotating left, wall on right...
[INFO] [1700171098.006075604] [publisher]: Rotating left, wall on right...
[INFO] [1700171098.108477350] [publisher]: Rotating left, wall on right...
[INFO] [1700171098.223934613] [publisher]: Rotating left, wall on right...
[INFO] [1700171098.342079293] [publisher]: Rotating left, wall on right...
[INFO] [1700171098.447315103] [publisher]: Rotating right...
[INFO] [1700171098.563205602] [publisher]: Rotating right...
[INFO] [1700171098.680255479] [publisher]: Rotating right...
[INFO] [1700171098.789991503] [publisher]: Rotating right...
[INFO] [1700171098.902205206] [publisher]: Rotating right...
[INFO] [1700171099.011139831] [publisher]: Rotating right...
[INFO] [1700171099.127949709] [publisher]: Rotating left, wall on right...
[INFO] [1700171099.239052034] [publisher]: Rotating left, wall on right...
[INFO] [1700171099.350807222] [publisher]: Rotating left, wall on right...
[INFO] [1700171099.466643851] [publisher]: Rotating left, wall on right...
[INFO] [1700171099.574695800] [publisher]: Rotating left, wall on right...
[INFO] [1700171099.687903122] [publisher]: Rotating left, wall on right...
[INFO] [1700171099.803158682] [publisher]: Rotating right...
[INFO] [1700171099.923733690] [publisher]: Rotating right...
[INFO] [1700171100.029272200] [publisher]: Rotating right...
[INFO] [1700171100.140679984] [publisher]: Rotating right...
[INFO] [1700171100.254250247] [publisher]: Rotating right...
[INFO] [1700171100.373150511] [publisher]: Rotating right...
[INFO] [1700171100.476938169] [publisher]: Rotating left, wall on right...
[INFO] [1700171100.593935637] [publisher]: Rotating left, wall on right...
[INFO] [1700171100.703243258] [publisher]: Rotating left, wall on right...
[INFO] [1700171100.812495305] [publisher]: Rotating left, wall on right...
[INFO] [1700171100.931236737] [publisher]: Rotating left, wall on right...
[INFO] [1700171101.039581571] [publisher]: Rotating left, wall on right...
[INFO] [1700171101.164258536] [publisher]: Rotating right...
[INFO] [1700171101.274727107] [publisher]: Rotating right...
[INFO] [1700171101.387226213] [publisher]: Rotating right...
[INFO] [1700171101.494668130] [publisher]: Rotating right...
[INFO] [1700171101.606438596] [publisher]: Rotating right...
[INFO] [1700171101.719522955] [publisher]: Rotating right...
[INFO] [1700171101.837774855] [publisher]: Rotating left, wall on right...
[INFO] [1700171101.951210600] [publisher]: Rotating left, wall on right...
[INFO] [1700171102.065672576] [publisher]: Rotating left, wall on right...
[INFO] [1700171102.170726831] [publisher]: Rotating left, wall on right...
[INFO] [1700171102.280061228] [publisher]: Rotating left, wall on right...
[INFO] [1700171102.395174345] [publisher]: Rotating left, wall on right...
[INFO] [1700171102.505413455] [publisher]: Rotating right...
[INFO] [1700171102.631273074] [publisher]: Rotating right...
[INFO] [1700171102.736577531] [publisher]: Rotating right...
[INFO] [1700171102.843312380] [publisher]: Rotating right...
[INFO] [1700171102.967634107] [publisher]: Rotating right...
[INFO] [1700171103.071198451] [publisher]: Rotating right...
[INFO] [1700171103.183668242] [publisher]: Rotating left, wall on right...
[INFO] [1700171103.309151643] [publisher]: Rotating left, wall on right...
[INFO] [1700171103.413006984] [publisher]: Rotating left, wall on right...
[INFO] [1700171103.519750851] [publisher]: Rotating left, wall on right...
[INFO] [1700171103.637472423] [publisher]: Rotating left, wall on right...
[INFO] [1700171103.743971052] [publisher]: Rotating left, wall on right...
[INFO] [1700171103.857400463] [publisher]: Rotating right...
[INFO] [1700171103.977144810] [publisher]: Rotating right...
[INFO] [1700171104.093870576] [publisher]: Rotating right...
[INFO] [1700171104.204267999] [publisher]: Rotating right...
[INFO] [1700171104.317816224] [publisher]: Rotating right...
[INFO] [1700171104.422910348] [publisher]: Rotating right...
[INFO] [1700171104.539866408] [publisher]: Rotating right...
[INFO] [1700171104.647725449] [publisher]: Rotating left, wall on right...
[INFO] [1700171104.769223482] [publisher]: Rotating left, wall on right...
[INFO] [1700171104.877364631] [publisher]: Rotating left, wall on right...
[INFO] [1700171104.983935241] [publisher]: Rotating left, wall on right...
[INFO] [1700171105.103900807] [publisher]: Rotating left, wall on right...
[INFO] [1700171105.208301290] [publisher]: Rotating left, wall on right...
[INFO] [1700171105.325251943] [publisher]: Rotating right...
[INFO] [1700171105.437704585] [publisher]: Rotating right...
[INFO] [1700171105.547886825] [publisher]: Rotating right...
[INFO] [1700171105.666452498] [publisher]: Rotating right...
[INFO] [1700171105.774428834] [publisher]: Rotating right...
[INFO] [1700171105.898037475] [publisher]: Rotating right...
[INFO] [1700171106.002311626] [publisher]: Rotating left, wall on right...
[INFO] [1700171106.110073093] [publisher]: Rotating left, wall on right...
[INFO] [1700171106.227278965] [publisher]: Rotating left, wall on right...
[INFO] [1700171106.342268044] [publisher]: Rotating left, wall on right...
[INFO] [1700171106.449375684] [publisher]: Rotating left, wall on right...
[INFO] [1700171106.567428677] [publisher]: Rotating left, wall on right...
[INFO] [1700171106.675195700] [publisher]: Rotating right...
[INFO] [1700171106.788699331] [publisher]: Rotating right...
[INFO] [1700171106.907988330] [publisher]: Rotating right...
[INFO] [1700171107.023652421] [publisher]: Rotating right...
[INFO] [1700171107.127446354] [publisher]: Rotating right...
[INFO] [1700171107.239559685] [publisher]: Rotating right...
[INFO] [1700171107.360299483] [publisher]: Rotating left, wall on right...
[INFO] [1700171107.472614404] [publisher]: Rotating left, wall on right...
[INFO] [1700171107.585364209] [publisher]: Rotating left, wall on right...
[INFO] [1700171107.700009736] [publisher]: Rotating left, wall on right...
[INFO] [1700171107.804391015] [publisher]: Rotating left, wall on right...
[INFO] [1700171107.915649521] [publisher]: Rotating left, wall on right...
[INFO] [1700171108.034604615] [publisher]: Rotating right...
[INFO] [1700171108.139931069] [publisher]: Rotating right...
[INFO] [1700171108.254458486] [publisher]: Rotating right...
[INFO] [1700171108.369859968] [publisher]: Rotating right...
[INFO] [1700171108.490295214] [publisher]: Rotating right...
[INFO] [1700171108.596139588] [publisher]: Rotating right...
[INFO] [1700171108.713250664] [publisher]: Rotating left, wall on right...
[INFO] [1700171108.828602647] [publisher]: Rotating left, wall on right...
[INFO] [1700171108.935132181] [publisher]: Rotating left, wall on right...
[INFO] [1700171109.041993434] [publisher]: Rotating left, wall on right...
[INFO] [1700171109.155774506] [publisher]: Rotating left, wall on right...
[INFO] [1700171109.271348468] [publisher]: Rotating left, wall on right...
[INFO] [1700171109.380479253] [publisher]: Rotating right...
[INFO] [1700171109.499005222] [publisher]: Rotating right...
[INFO] [1700171109.606602801] [publisher]: Rotating right...
[INFO] [1700171109.722107003] [publisher]: Rotating right...
[INFO] [1700171109.836968083] [publisher]: Rotating right...
[INFO] [1700171109.953677422] [publisher]: Rotating right...
[INFO] [1700171110.060859782] [publisher]: Rotating right...
[INFO] [1700171110.178013246] [publisher]: Rotating right...
[INFO] [1700171110.285825045] [publisher]: Rotating left, wall on right...
[INFO] [1700171110.403811148] [publisher]: Rotating left, wall on right...
[INFO] [1700171110.507684245] [publisher]: Rotating left, wall on right...
[INFO] [1700171110.620515808] [publisher]: Rotating left, wall on right...
[INFO] [1700171110.736337989] [publisher]: Rotating left, wall on right...
[INFO] [1700171110.854397999] [publisher]: Rotating left, wall on right...
[INFO] [1700171110.969204615] [publisher]: Rotating left, wall on right...
[INFO] [1700171111.071288953] [publisher]: Rotating right...
[INFO] [1700171111.186670823] [publisher]: Rotating right...
[INFO] [1700171111.300270119] [publisher]: Rotating right...
[INFO] [1700171111.417501785] [publisher]: Rotating right...
[INFO] [1700171111.527141398] [publisher]: Rotating right...
[INFO] [1700171111.638314088] [publisher]: Rotating right...
[INFO] [1700171111.754791910] [publisher]: Rotating left, wall on right...
[INFO] [1700171111.864167544] [publisher]: Rotating left, wall on right...
[INFO] [1700171111.973209904] [publisher]: Rotating left, wall on right...
[INFO] [1700171112.086607701] [publisher]: Rotating left, wall on right...
[INFO] [1700171112.207383720] [publisher]: Rotating left, wall on right...
[INFO] [1700171112.310813896] [publisher]: Rotating left, wall on right...
[INFO] [1700171112.435945315] [publisher]: Rotating right...
[INFO] [1700171112.538647312] [publisher]: Rotating right...
[INFO] [1700171112.660097232] [publisher]: Rotating right...
[INFO] [1700171112.766890318] [publisher]: Rotating right...
[INFO] [1700171112.874929076] [publisher]: Rotating right...
[INFO] [1700171112.991891485] [publisher]: Rotating right...
[INFO] [1700171113.108848283] [publisher]: Rotating left, wall on right...
[INFO] [1700171113.212437957] [publisher]: Rotating left, wall on right...
[INFO] [1700171113.335575803] [publisher]: Rotating left, wall on right...
[INFO] [1700171113.438602353] [publisher]: Rotating left, wall on right...
[INFO] [1700171113.558778044] [publisher]: Rotating left, wall on right...
[INFO] [1700171113.666914431] [publisher]: Rotating left, wall on right...
[INFO] [1700171113.775835736] [publisher]: Rotating right...
[INFO] [1700171113.889734027] [publisher]: Rotating right...
[INFO] [1700171114.012444452] [publisher]: Rotating right...
[INFO] [1700171114.114883711] [publisher]: Rotating right...
[INFO] [1700171114.231977655] [publisher]: Rotating right...
[INFO] [1700171114.349024137] [publisher]: Rotating right...
[INFO] [1700171114.456117997] [publisher]: Rotating left, wall on right...
[INFO] [1700171114.573758991] [publisher]: Rotating left, wall on right...
[INFO] [1700171114.676757837] [publisher]: Rotating left, wall on right...
[INFO] [1700171114.790444519] [publisher]: Rotating left, wall on right...
[INFO] [1700171114.903758520] [publisher]: Rotating left, wall on right...
[INFO] [1700171115.014533380] [publisher]: Rotating left, wall on right...
[INFO] [1700171115.133229363] [publisher]: Rotating right...
[INFO] [1700171115.240215243] [publisher]: Rotating right...
[INFO] [1700171115.365822174] [publisher]: Rotating right...
[INFO] [1700171115.471496178] [publisher]: Rotating right...
[INFO] [1700171115.591564166] [publisher]: Rotating right...
[INFO] [1700171115.702823576] [publisher]: Rotating right...
[INFO] [1700171115.807681014] [publisher]: Rotating left, wall on right...
[INFO] [1700171115.929235135] [publisher]: Rotating left, wall on right...
[INFO] [1700171116.034226312] [publisher]: Rotating left, wall on right...
[INFO] [1700171116.141551280] [publisher]: Rotating left, wall on right...
[INFO] [1700171116.258016174] [publisher]: Rotating left, wall on right...
[INFO] [1700171116.370651218] [publisher]: Rotating left, wall on right...
[INFO] [1700171116.479210878] [publisher]: Rotating right...
[INFO] [1700171116.595711846] [publisher]: Rotating right...
[INFO] [1700171116.716283272] [publisher]: Rotating right...
[INFO] [1700171116.829605958] [publisher]: Rotating right...
[INFO] [1700171116.939996747] [publisher]: Rotating right...
[INFO] [1700171117.046463946] [publisher]: Rotating right...
[INFO] [1700171117.168779076] [publisher]: Rotating left, wall on right...
[INFO] [1700171117.273130908] [publisher]: Rotating left, wall on right...
[INFO] [1700171117.382575651] [publisher]: Rotating left, wall on right...
[INFO] [1700171117.501050931] [publisher]: Rotating left, wall on right...
[INFO] [1700171117.608473583] [publisher]: Rotating left, wall on right...
[INFO] [1700171117.728546681] [publisher]: Rotating left, wall on right...
[INFO] [1700171117.836812621] [publisher]: Rotating right...
[INFO] [1700171117.946852525] [publisher]: Rotating right...
[INFO] [1700171118.061535770] [publisher]: Rotating right...
[INFO] [1700171118.174127054] [publisher]: Rotating right...
[INFO] [1700171118.288179787] [publisher]: Rotating right...
[INFO] [1700171118.402482591] [publisher]: Rotating right...
[INFO] [1700171118.523638974] [publisher]: Rotating left, wall on right...
[INFO] [1700171118.629241792] [publisher]: Rotating left, wall on right...
[INFO] [1700171118.737934339] [publisher]: Rotating left, wall on right...
[INFO] [1700171118.847266823] [publisher]: Rotating left, wall on right...
[INFO] [1700171118.963539552] [publisher]: Rotating left, wall on right...
[INFO] [1700171119.073654157] [publisher]: Rotating left, wall on right...
[INFO] [1700171119.189902497] [publisher]: Rotating right...
[INFO] [1700171119.303770768] [publisher]: Rotating right...
[INFO] [1700171119.421485297] [publisher]: Rotating right...
[INFO] [1700171119.536644018] [publisher]: Rotating right...
[INFO] [1700171119.638950907] [publisher]: Rotating right...
[INFO] [1700171119.761934308] [publisher]: Rotating right...
[INFO] [1700171119.867725253] [publisher]: Rotating right...
[INFO] [1700171119.976445725] [publisher]: Rotating right...
[INFO] [1700171120.094325733] [publisher]: Rotating left, wall on right...
[INFO] [1700171120.203115370] [publisher]: Rotating left, wall on right...
[INFO] [1700171120.322940766] [publisher]: Rotating left, wall on right...
[INFO] [1700171120.428984061] [publisher]: Rotating left, wall on right...
[INFO] [1700171120.544855015] [publisher]: Rotating left, wall on right...
[INFO] [1700171120.661398129] [publisher]: Rotating left, wall on right...
[INFO] [1700171120.766649284] [publisher]: Rotating left, wall on right...
[INFO] [1700171120.877047053] [publisher]: Rotating right...
[INFO] [1700171120.994203031] [publisher]: Rotating right...
[INFO] [1700171121.110759960] [publisher]: Rotating right...
[INFO] [1700171121.218166166] [publisher]: Rotating right...
[INFO] [1700171121.332527228] [publisher]: Rotating right...
[INFO] [1700171121.450510383] [publisher]: Rotating right...
[INFO] [1700171121.557478760] [publisher]: Rotating left, wall on right...
[INFO] [1700171121.674584739] [publisher]: Rotating left, wall on right...
[INFO] [1700171121.787176393] [publisher]: Rotating left, wall on right...
[INFO] [1700171121.894714376] [publisher]: Rotating left, wall on right...
[INFO] [1700171122.012728123] [publisher]: Rotating left, wall on right...
[INFO] [1700171122.117266895] [publisher]: Rotating left, wall on right...
[INFO] [1700171122.235939857] [publisher]: Rotating right...
[INFO] [1700171122.351436592] [publisher]: Rotating right...
[INFO] [1700171122.468216463] [publisher]: Rotating right...
[INFO] [1700171122.570940309] [publisher]: Rotating right...
[INFO] [1700171122.681691648] [publisher]: Rotating right...
[INFO] [1700171122.798779071] [publisher]: Rotating left, wall on right...
[INFO] [1700171122.906579754] [publisher]: Rotating left, wall on right...
[INFO] [1700171123.021309127] [publisher]: Rotating left, wall on right...
[INFO] [1700171123.137870592] [publisher]: Rotating left, wall on right...
[INFO] [1700171123.244124568] [publisher]: Rotating left, wall on right...
[INFO] [1700171123.357627601] [publisher]: Rotating left, wall on right...
[INFO] [1700171123.472754877] [publisher]: Rotating right...
[INFO] [1700171123.582639798] [publisher]: Rotating right...
[INFO] [1700171123.699921182] [publisher]: Rotating right...
[INFO] [1700171123.808344710] [publisher]: Rotating right...
[INFO] [1700171123.926601584] [publisher]: Rotating right...
[INFO] [1700171124.037706530] [publisher]: Rotating right...
[INFO] [1700171124.148448442] [publisher]: Rotating left, wall on right...
[INFO] [1700171124.261485183] [publisher]: Rotating left, wall on right...
[INFO] [1700171124.377800928] [publisher]: Rotating left, wall on right...
[INFO] [1700171124.484794341] [publisher]: Rotating left, wall on right...
[INFO] [1700171124.604240332] [publisher]: Rotating left, wall on right...
[INFO] [1700171124.708545328] [publisher]: Rotating left, wall on right...
[INFO] [1700171124.824338985] [publisher]: Rotating left, wall on right...
[INFO] [1700171124.935972426] [publisher]: Rotating right...
[INFO] [1700171125.047879123] [publisher]: Rotating right...
[INFO] [1700171125.163222784] [publisher]: Rotating right...
[INFO] [1700171125.274771021] [publisher]: Rotating right...
[INFO] [1700171125.397772883] [publisher]: Rotating right...
[INFO] [1700171125.503441365] [publisher]: Rotating right...
[INFO] [1700171125.612830106] [publisher]: Rotating right...
[INFO] [1700171125.729989064] [publisher]: Rotating right...
[INFO] [1700171125.838875235] [publisher]: Rotating right...
[INFO] [1700171125.952602691] [publisher]: Rotating left, wall on right...
[INFO] [1700171126.072099810] [publisher]: Rotating left, wall on right...
[INFO] [1700171126.173773314] [publisher]: Rotating left, wall on right...
[INFO] [1700171126.290898846] [publisher]: Rotating left, wall on right...
[INFO] [1700171126.402490175] [publisher]: Rotating left, wall on right...
[INFO] [1700171126.521906406] [publisher]: Rotating left, wall on right...
[INFO] [1700171126.630957094] [publisher]: Rotating left, wall on right...
[INFO] [1700171126.737990877] [publisher]: Rotating left, wall on right...
[INFO] [1700171126.853534295] [publisher]: Rotating left, wall on right...
[INFO] [1700171126.964186412] [publisher]: Rotating right...
[INFO] [1700171127.076758101] [publisher]: Rotating right...
[INFO] [1700171127.190655350] [publisher]: Rotating right...
[INFO] [1700171127.305109131] [publisher]: Rotating right...
[INFO] [1700171127.424548621] [publisher]: Rotating right...
[INFO] [1700171127.533211868] [publisher]: Rotating right...
[INFO] [1700171127.640303576] [publisher]: Rotating right...
[INFO] [1700171127.754227288] [publisher]: Rotating right...
[INFO] [1700171127.869825928] [publisher]: Rotating left, wall on right...
[INFO] [1700171127.976700675] [publisher]: Rotating left, wall on right...
[INFO] [1700171128.100214864] [publisher]: Rotating left, wall on right...
[INFO] [1700171128.200695638] [publisher]: Rotating left, wall on right...
[INFO] [1700171128.322950562] [publisher]: Rotating left, wall on right...
[INFO] [1700171128.427511758] [publisher]: Rotating left, wall on right...
[INFO] [1700171128.539501064] [publisher]: Rotating left, wall on right...
[INFO] [1700171128.653523071] [publisher]: Rotating left, wall on right...
[INFO] [1700171128.769439448] [publisher]: Rotating right...
[INFO] [1700171128.878087214] [publisher]: Rotating right...
[INFO] [1700171128.994584992] [publisher]: Rotating right...
[INFO] [1700171129.112597866] [publisher]: Rotating right...
[INFO] [1700171129.219902941] [publisher]: Rotating right...
[INFO] [1700171129.339255876] [publisher]: Rotating right...
[INFO] [1700171129.444669600] [publisher]: Rotating right...
[INFO] [1700171129.558594534] [publisher]: Rotating right...
[INFO] [1700171129.676158356] [publisher]: Rotating left, wall on right...
[INFO] [1700171129.780179039] [publisher]: Rotating left, wall on right...
[INFO] [1700171129.902872810] [publisher]: Rotating left, wall on right...
[INFO] [1700171130.012128976] [publisher]: Rotating left, wall on right...
[INFO] [1700171130.117438312] [publisher]: Rotating left, wall on right...
[INFO] [1700171130.236156753] [publisher]: Rotating left, wall on right...
[INFO] [1700171130.344211931] [publisher]: Rotating left, wall on right...
[INFO] [1700171130.470085428] [publisher]: Rotating left, wall on right...
[INFO] [1700171130.571342194] [publisher]: Rotating right...
[INFO] [1700171130.682312954] [publisher]: Rotating right...
[INFO] [1700171130.805142760] [publisher]: Rotating right...
[INFO] [1700171130.916022743] [publisher]: Rotating right...
[INFO] [1700171131.034071653] [publisher]: Rotating right...
[INFO] [1700171131.138255482] [publisher]: Rotating right...
[INFO] [1700171131.247031782] [publisher]: Rotating right...
[INFO] [1700171131.364436513] [publisher]: Rotating right...
[INFO] [1700171131.478937089] [publisher]: Rotating left, wall on right...
[INFO] [1700171131.588229106] [publisher]: Rotating left, wall on right...
[INFO] [1700171131.699095015] [publisher]: Rotating left, wall on right...
[INFO] [1700171131.815888289] [publisher]: Rotating left, wall on right...
[INFO] [1700171131.919501679] [publisher]: Rotating left, wall on right...
[INFO] [1700171132.038005825] [publisher]: Rotating left, wall on right...
[INFO] [1700171132.147263139] [publisher]: Rotating left, wall on right...
[INFO] [1700171132.263415382] [publisher]: Rotating left, wall on right...
[INFO] [1700171132.378795782] [publisher]: Rotating right...
[INFO] [1700171132.485009034] [publisher]: Rotating right...
[INFO] [1700171132.606470131] [publisher]: Rotating right...
[INFO] [1700171132.719984975] [publisher]: Rotating right...
[INFO] [1700171132.828307557] [publisher]: Rotating right...
[INFO] [1700171132.944555189] [publisher]: Rotating right...
[INFO] [1700171133.052282277] [publisher]: Rotating left, wall on right...
[INFO] [1700171133.165286534] [publisher]: Rotating left, wall on right...
[INFO] [1700171133.274158610] [publisher]: Rotating left, wall on right...
[INFO] [1700171133.397608076] [publisher]: Rotating left, wall on right...
[INFO] [1700171133.501359297] [publisher]: Rotating left, wall on right...
[INFO] [1700171133.611575323] [publisher]: Rotating left, wall on right...
[INFO] [1700171133.727914397] [publisher]: Rotating right...
[INFO] [1700171133.838158608] [publisher]: Rotating right...
[INFO] [1700171133.951110439] [publisher]: Rotating right...
[INFO] [1700171134.071905691] [publisher]: Rotating right...
[INFO] [1700171134.175842058] [publisher]: Rotating right...
[INFO] [1700171134.293565748] [publisher]: Rotating right...
[INFO] [1700171134.404032789] [publisher]: Rotating right...
[INFO] [1700171134.515056769] [publisher]: Rotating right...
[INFO] [1700171134.638404939] [publisher]: Rotating left, wall on right...
[INFO] [1700171134.745499163] [publisher]: Rotating left, wall on right...
[INFO] [1700171134.850703332] [publisher]: Rotating left, wall on right...
[INFO] [1700171134.969540066] [publisher]: Rotating left, wall on right...
[INFO] [1700171135.074830919] [publisher]: Rotating left, wall on right...
[INFO] [1700171135.192297111] [publisher]: Rotating left, wall on right...
[INFO] [1700171135.308997126] [publisher]: Rotating left, wall on right...
[INFO] [1700171135.412154130] [publisher]: Rotating left, wall on right...
[INFO] [1700171135.531370601] [publisher]: Rotating right...
[INFO] [1700171135.641170297] [publisher]: Rotating right...
[INFO] [1700171135.753079064] [publisher]: Rotating right...
[INFO] [1700171135.873762279] [publisher]: Rotating right...
[INFO] [1700171135.977452963] [publisher]: Rotating right...
[INFO] [1700171136.093260449] [publisher]: Rotating right...
[INFO] [1700171136.211263747] [publisher]: Rotating right...
[INFO] [1700171136.317124353] [publisher]: Rotating left, wall on right...
[INFO] [1700171136.437454960] [publisher]: Rotating left, wall on right...
[INFO] [1700171136.541076033] [publisher]: Rotating left, wall on right...
[INFO] [1700171136.663516489] [publisher]: Rotating left, wall on right...
[INFO] [1700171136.768844879] [publisher]: Rotating left, wall on right...
[INFO] [1700171136.883236842] [publisher]: Rotating left, wall on right...
[INFO] [1700171136.999120995] [publisher]: Rotating right...
[INFO] [1700171137.103626429] [publisher]: Rotating right...
[INFO] [1700171137.226007385] [publisher]: Rotating right...
[INFO] [1700171137.333679380] [publisher]: Rotating right...
[INFO] [1700171137.443308763] [publisher]: Rotating right...
[INFO] [1700171137.557410785] [publisher]: Rotating right...
[INFO] [1700171137.671875358] [publisher]: Rotating left, wall on right...
[INFO] [1700171137.779086358] [publisher]: Rotating left, wall on right...
[INFO] [1700171137.893601320] [publisher]: Rotating left, wall on right...
[INFO] [1700171138.004846964] [publisher]: Rotating left, wall on right...
[INFO] [1700171138.115434410] [publisher]: Rotating left, wall on right...
[INFO] [1700171138.236698766] [publisher]: Rotating left, wall on right...
[INFO] [1700171138.344277595] [publisher]: Rotating right...
[INFO] [1700171138.456611634] [publisher]: Rotating right...
[INFO] [1700171138.576735724] [publisher]: Rotating right...
[INFO] [1700171138.692780078] [publisher]: Rotating right...
[INFO] [1700171138.797018811] [publisher]: Rotating right...
[INFO] [1700171138.913587863] [publisher]: Rotating right...
[INFO] [1700171139.020415218] [publisher]: Rotating left, wall on right...
[INFO] [1700171139.139012231] [publisher]: Rotating left, wall on right...
[INFO] [1700171139.251803432] [publisher]: Rotating left, wall on right...
[INFO] [1700171139.368400372] [publisher]: Rotating left, wall on right...
[INFO] [1700171139.477401001] [publisher]: Rotating left, wall on right...
[INFO] [1700171139.591374098] [publisher]: Rotating left, wall on right...
[INFO] [1700171139.697143630] [publisher]: Rotating right...
[INFO] [1700171139.807094341] [publisher]: Rotating right...
[INFO] [1700171139.934915760] [publisher]: Rotating right...
[INFO] [1700171140.041767892] [publisher]: Rotating right...
[INFO] [1700171140.147702126] [publisher]: Rotating right...
[INFO] [1700171140.264069661] [publisher]: Rotating right...
[INFO] [1700171140.374040057] [publisher]: Rotating left, wall on right...
[INFO] [1700171140.496110385] [publisher]: Rotating left, wall on right...
[INFO] [1700171140.599991474] [publisher]: Rotating right...
[INFO] [1700171140.708766438] [publisher]: Rotating right...
[INFO] [1700171140.825136806] [publisher]: Rotating left, wall on right...
[INFO] [1700171140.938798350] [publisher]: Rotating left, wall on right...
[INFO] [1700171141.045288522] [publisher]: Rotating left, wall on right...
[INFO] [1700171141.163923071] [publisher]: Rotating left, wall on right...
[INFO] [1700171141.271768266] [publisher]: Rotating left, wall on right...
[INFO] [1700171141.386884721] [publisher]: Rotating left, wall on right...
[INFO] [1700171141.502026916] [publisher]: Rotating right...
[INFO] [1700171141.610923490] [publisher]: Rotating right...
[INFO] [1700171141.725568116] [publisher]: Rotating right...
[INFO] [1700171141.839381973] [publisher]: Rotating right...
[INFO] [1700171141.949439312] [publisher]: Rotating right...
[INFO] [1700171142.065534627] [publisher]: Rotating right...
[INFO] [1700171142.183249870] [publisher]: Rotating left, wall on right...
[INFO] [1700171142.297264613] [publisher]: Rotating left, wall on right...
[INFO] [1700171142.401135164] [publisher]: Rotating left, wall on right...
[INFO] [1700171142.510710267] [publisher]: Rotating left, wall on right...
[INFO] [1700171142.636250171] [publisher]: Rotating left, wall on right...
[INFO] [1700171142.738782883] [publisher]: Rotating left, wall on right...
[INFO] [1700171142.859559613] [publisher]: Rotating right...
[INFO] [1700171142.965564364] [publisher]: Rotating right...
[INFO] [1700171143.082906814] [publisher]: Rotating right...
[INFO] [1700171143.192933116] [publisher]: Rotating right...
[INFO] [1700171143.303062955] [publisher]: Rotating right...
[INFO] [1700171143.422973248] [publisher]: Rotating right...
[INFO] [1700171143.530075247] [publisher]: Rotating left, wall on right...
[INFO] [1700171143.639805534] [publisher]: Rotating left, wall on right...
[INFO] [1700171143.751277396] [publisher]: Rotating left, wall on right...
[INFO] [1700171143.865286990] [publisher]: Rotating left, wall on right...
[INFO] [1700171143.974644374] [publisher]: Rotating left, wall on right...
[INFO] [1700171144.090191267] [publisher]: Rotating left, wall on right...
[INFO] [1700171144.203433925] [publisher]: Rotating right...
[INFO] [1700171144.311237380] [publisher]: Rotating right...
[INFO] [1700171144.437271777] [publisher]: Rotating right...
[INFO] [1700171144.539613936] [publisher]: Rotating right...
[INFO] [1700171144.654333986] [publisher]: Rotating right...
[INFO] [1700171144.768935926] [publisher]: Rotating right...
[INFO] [1700171144.885201127] [publisher]: Rotating left, wall on right...
[INFO] [1700171145.000033954] [publisher]: Rotating left, wall on right...
[INFO] [1700171145.107793483] [publisher]: Rotating left, wall on right...
[INFO] [1700171145.212372784] [publisher]: Rotating left, wall on right...
[INFO] [1700171145.337165676] [publisher]: Rotating left, wall on right...
[INFO] [1700171145.439522630] [publisher]: Rotating left, wall on right...
[INFO] [1700171145.555087023] [publisher]: Rotating right...
[INFO] [1700171145.667469282] [publisher]: Rotating right...
[INFO] [1700171145.777378141] [publisher]: Rotating right...
[INFO] [1700171145.893979912] [publisher]: Rotating right...
[INFO] [1700171146.011218547] [publisher]: Rotating right...
[INFO] [1700171146.125358492] [publisher]: Rotating right...
[INFO] [1700171146.234971020] [publisher]: Rotating right...
[INFO] [1700171146.341182193] [publisher]: Rotating left, wall on right...
[INFO] [1700171146.453656562] [publisher]: Rotating left, wall on right...
[INFO] [1700171146.568443759] [publisher]: Rotating left, wall on right...
[INFO] [1700171146.675793014] [publisher]: Rotating left, wall on right...
[INFO] [1700171146.799478879] [publisher]: Rotating left, wall on right...
[INFO] [1700171146.910274506] [publisher]: Rotating left, wall on right...
[INFO] [1700171147.017831925] [publisher]: Rotating left, wall on right...
[INFO] [1700171147.133742388] [publisher]: Rotating left, wall on right...
[INFO] [1700171147.240627814] [publisher]: Rotating right...
[INFO] [1700171147.356168188] [publisher]: Rotating right...
[INFO] [1700171147.475092416] [publisher]: Rotating right...
[INFO] [1700171147.591902352] [publisher]: Rotating right...
[INFO] [1700171147.695843437] [publisher]: Rotating right...
[INFO] [1700171147.806979356] [publisher]: Rotating right...
[INFO] [1700171147.920119144] [publisher]: Rotating left, wall on right...
[INFO] [1700171148.038638525] [publisher]: Rotating left, wall on right...
[INFO] [1700171148.141601342] [publisher]: Rotating left, wall on right...
[INFO] [1700171148.256526111] [publisher]: Rotating left, wall on right...
[INFO] [1700171148.368982942] [publisher]: Rotating left, wall on right...
[INFO] [1700171148.481194350] [publisher]: Rotating right...
[INFO] [1700171148.595199314] [publisher]: Rotating right...
[INFO] [1700171148.707738515] [publisher]: Rotating right...
[INFO] [1700171148.820477454] [publisher]: Rotating right...
[INFO] [1700171148.939572588] [publisher]: Rotating right...
[INFO] [1700171149.043843855] [publisher]: Rotating left, wall on right...
[INFO] [1700171149.160085184] [publisher]: Rotating left, wall on right...
[INFO] [1700171149.271501174] [publisher]: Rotating left, wall on right...
[INFO] [1700171149.379380941] [publisher]: Rotating left, wall on right...
[INFO] [1700171149.492082788] [publisher]: Rotating left, wall on right...
[INFO] [1700171149.606408767] [publisher]: Rotating left, wall on right...
[INFO] [1700171149.726615685] [publisher]: Rotating right...
[INFO] [1700171149.833282112] [publisher]: Rotating right...
[INFO] [1700171149.952506281] [publisher]: Rotating right...
[INFO] [1700171150.068578538] [publisher]: Rotating right...
[INFO] [1700171150.172030887] [publisher]: Rotating right...
[INFO] [1700171150.285030842] [publisher]: Rotating right...
[INFO] [1700171150.400730454] [publisher]: Rotating right...
[INFO] [1700171150.515991626] [publisher]: Rotating left, wall on right...
[INFO] [1700171150.633196371] [publisher]: Rotating left, wall on right...
[INFO] [1700171150.737195900] [publisher]: Rotating left, wall on right...
[INFO] [1700171150.843908271] [publisher]: Rotating left, wall on right...
[INFO] [1700171150.967654208] [publisher]: Rotating left, wall on right...
[INFO] [1700171151.077640175] [publisher]: Rotating left, wall on right...
[INFO] [1700171151.185098483] [publisher]: Rotating left, wall on right...
[INFO] [1700171151.305536342] [publisher]: Rotating right...
[INFO] [1700171151.409565907] [publisher]: Rotating right...
[INFO] [1700171151.533556156] [publisher]: Rotating ri