[INFO] [1699895612.397578272] [subscriber]: Obstacle detected
[INFO] [1699895612.415418269] [subscriber]: 
*** Clear.
[INFO] [1699895612.759423844] [publisher]: *** Going forward at 0.1 m/s.
[INFO] [1699895613.107561294] [publisher]: *** Going forward at 0.1 m/s.
[INFO] [1699895613.454195818] [publisher]: *** Going forward at 0.1 m/s.
[INFO] [1699895613.795864738] [publisher]: *** Going forward at 0.1 m/s.
[INFO] [1699895614.147838954] [publisher]: *** Going forward at 0.1 m/s.
[INFO] [1699895614.484349569] [publisher]: *** Going forward at 0.1 m/s.
[INFO] [1699895614.833679781] [publisher]: *** Going forward at 0.1 m/s.
[INFO] [1699895615.185136689] [publisher]: *** Going forward at 0.1 m/s.
[INFO] [1699895615.524590657] [publisher]: *** Going forward at 0.1 m/s.
[INFO] [1699895615.872674144] [publisher]: *** Going forward at 0.1 m/s.
[INFO] [1699895616.216905644] [publisher]: *** Going forward at 0.1 m/s.
[INFO] [1699895616.561215976] [publisher]: *** Going forward at 0.1 m/s.
[INFO] [1699895616.900662832] [publisher]: *** Going forward at 0.1 m/s.
[INFO] [1699895617.255100832] [publisher]: *** Going forward at 0.1 m/s.
[INFO] [1699895617.596071855] [publisher]: *** Going forward at 0.1 m/s.
[INFO] [1699895617.950228785] [publisher]: *** Going forward at 0.1 m/s.
[INFO] [1699895618.287664574] [publisher]: *** Going forward at 0.1 m/s.
[INFO] [1699895618.630739552] [publisher]: *** Going forward at 0.1 m/s.
[INFO] [1699895618.980933717] [publisher]: *** Going forward at 0.1 m/s.
[INFO] [1699895619.321330840] [publisher]: *** Going forward at 0.1 m/s.
[INFO] [1699895619.666542365] [publisher]: *** Going forward at 0.1 m/s.
[INFO] [1699895620.014441744] [publisher]: *** Going forward at 0.1 m/s.
[INFO] [1699895620.356349700] [publisher]: *** Going forward at 0.1 m/s.
[INFO] [1699895620.701435245] [publisher]: *** Going forward at 0.1 m/s.
[INFO] [1699895621.053723903] [publisher]: *** Going forward at 0.1 m/s.
[INFO] [1699895621.390005134] [publisher]: *** Going forward at 0.1 m/s.
[INFO] [1699895621.737078117] [publisher]: *** Going forward at 0.1 m/s.
[INFO] [1699895622.085742117] [publisher]: *** Going forward at 0.1 m/s.
[INFO] [1699895622.425289955] [publisher]: *** Going forward at 0.1 m/s.
[INFO] [1699895622.772300328] [publisher]: *** Going forward at 0.1 m/s.
[INFO] [1699895623.113723328] [publisher]: *** Going forward at 0.1 m/s.
[INFO] [1699895623.460445983] [publisher]: *** Going forward at 0.1 m/s.
[INFO] [1699895623.810256969] [publisher]: *** Going forward at 0.1 m/s.
[INFO] [1699895624.154245973] [publisher]: *** Going forward at 0.1 m/s.
[INFO] [1699895624.496462555] [publisher]: *** Going forward at 0.1 m/s.
[INFO] [1699895624.847188345] [publisher]: *** Going forward at 0.1 m/s.
[INFO] [1699895625.187896298] [publisher]: *** Going forward at 0.1 m/s.
[INFO] [1699895625.524969205] [publisher]: *** Going forward at 0.1 m/s.
[INFO] [1699895625.872672366] [publisher]: *** Going forward at 0.1 m/s.
[INFO] [1699895626.222091228] [publisher]: *** Going forward at 0.1 m/s.
[INFO] [1699895626.559109784] [publisher]: *** Going forward at 0.1 m/s.
[INFO] [1699895626.912870721] [publisher]: *** Going forward at 0.1 m/s.
[INFO] [1699895627.262644560] [publisher]: *** Going forward at 0.1 m/s.
[INFO] [1699895627.604838884] [publisher]: *** Going forward at 0.1 m/s.
[INFO] [1699895627.954166285] [publisher]: *** Going forward at 0.1 m/s.
[INFO] [1699895628.291600669] [publisher]: *** Going forward at 0.1 m/s.
[INFO] [1699895628.639815732] [publisher]: *** Going forward at 0.1 m/s.
[INFO] [1699895628.979227573] [publisher]: *** Going forward at 0.1 m/s.
[INFO] [1699895629.327675318] [publisher]: *** Going forward at 0.1 m/s.
[INFO] [1699895629.676006472] [publisher]: *** Going forward at 0.1 m/s.
[INFO] [1699895630.022277004] [publisher]: *** Going forward at 0.1 m/s.
[INFO] [1699895630.361401757] [publisher]: *** Going forward at 0.1 m/s.
[INFO] [1699895630.701611995] [publisher]: *** Going forward at 0.1 m/s.
[INFO] [1699895631.053531678] [publisher]: *** Going forward at 0.1 m/s.
[INFO] [1699895631.396633455] [publisher]: *** Going forward at 0.1 m/s.
[INFO] [1699895631.734285115] [publisher]: *** Going forward at 0.1 m/s.
[INFO] [1699895632.088388937] [publisher]: *** Going forward at 0.1 m/s.
[INFO] [1699895632.429892845] [publisher]: *** Going forward at 0.1 m/s.
[INFO] [1699895632.778035169] [publisher]: *** Going forward at 0.1 m/s.
[INFO] [1699895633.123607062] [publisher]: *** Going forward at 0.1 m/s.
[INFO] [1699895633.463111385] [publisher]: *** Going forward at 0.1 m/s.
[INFO] [1699895633.803590935] [publisher]: *** Going forward at 0.1 m/s.
[INFO] [1699895634.154858979] [publisher]: *** Going forward at 0.1 m/s.
[INFO] [1699895634.489456104] [subscriber]: Obstacle detected
[INFO] [1699895634.492509381] [publisher]: *** Going forward at 0.1 m/s.
[INFO] [1699895634.607367207] [subscriber]: Obstacle detected
[INFO] [1699895634.835859062] [publisher]: Rotating right...
[INFO] [1699895634.954165197] [publisher]: Rotating right...
[INFO] [1699895635.075601978] [publisher]: Rotating right...
[INFO] [1699895635.182943807] [publisher]: Rotating right...
[INFO] [1699895635.305616294] [publisher]: Rotating right...
[INFO] [1699895635.420943615] [publisher]: Rotating right...
[INFO] [1699895635.535926163] [publisher]: Rotating right...
[INFO] [1699895635.651715386] [publisher]: Rotating right...
[INFO] [1699895635.764914326] [publisher]: Rotating right...
[INFO] [1699895635.885822077] [publisher]: Rotating right...
[INFO] [1699895635.994706572] [publisher]: Rotating right...
[INFO] [1699895635.998193416] [subscriber]: 
*** Clear.
[INFO] [1699895636.345164830] [publisher]: *** Going forward at 0.1 m/s.
[INFO] [1699895636.688050425] [publisher]: *** Going forward at 0.1 m/s.
[INFO] [1699895637.028331553] [publisher]: *** Going forward at 0.1 m/s.
[INFO] [1699895637.373537563] [publisher]: *** Going forward at 0.1 m/s.
[INFO] [1699895637.718641037] [publisher]: *** Going forward at 0.1 m/s.
[INFO] [1699895638.064870738] [publisher]: *** Going forward at 0.1 m/s.
[INFO] [1699895638.403171466] [publisher]: *** Going forward at 0.1 m/s.
[INFO] [1699895638.752684422] [publisher]: *** Going forward at 0.1 m/s.
[INFO] [1699895639.098258205] [publisher]: *** Going forward at 0.1 m/s.
[INFO] [1699895639.439443433] [publisher]: *** Going forward at 0.1 m/s.
[INFO] [1699895639.789177128] [publisher]: *** Going forward at 0.1 m/s.
[INFO] [1699895640.128327733] [publisher]: *** Going forward at 0.1 m/s.
[INFO] [1699895640.485842830] [subscriber]: Forward Obstacle detected
[INFO] [1699895640.489020234] [publisher]: *** Going forward at 0.1 m/s.
[INFO] [1699895640.595114413] [subscriber]: Forward Obstacle detected
[INFO] [1699895640.820143367] [publisher]: Rotating right...
[INFO] [1699895640.936868430] [publisher]: Rotating right...
[INFO] [1699895641.054350206] [publisher]: Rotating right...
[INFO] [1699895641.173185668] [publisher]: Rotating right...
[INFO] [1699895641.283700846] [publisher]: Rotating right...
[INFO] [1699895641.402975266] [publisher]: Rotating right...
[INFO] [1699895641.512988025] [publisher]: Rotating right...
[INFO] [1699895641.630291784] [publisher]: Rotating right...
[INFO] [1699895641.751573179] [publisher]: Rotating right...
[INFO] [1699895641.855641198] [publisher]: Rotating right...
[INFO] [1699895641.977638935] [publisher]: Rotating right...
[INFO] [1699895642.089693724] [publisher]: Rotating right...
[INFO] [1699895642.206425194] [publisher]: Rotating right...
[INFO] [1699895642.321443223] [publisher]: Rotating right...
[INFO] [1699895642.435712854] [publisher]: Rotating right...
[INFO] [1699895642.552212994] [publisher]: Rotating right...
[INFO] [1699895642.555960577] [subscriber]: 
*** Clear.
[INFO] [1699895642.893234188] [publisher]: *** Going forward at 0.1 m/s.
[INFO] [1699895643.243025790] [publisher]: *** Going forward at 0.1 m/s.
[INFO] [1699895643.580184181] [publisher]: *** Going forward at 0.1 m/s.
[INFO] [1699895643.927924345] [publisher]: *** Going forward at 0.1 m/s.
[INFO] [1699895644.275828045] [publisher]: *** Going forward at 0.1 m/s.
[INFO] [1699895644.619177988] [publisher]: *** Going forward at 0.1 m/s.
[INFO] [1699895644.955854885] [publisher]: *** Going forward at 0.1 m/s.
[INFO] [1699895645.310408982] [publisher]: *** Going forward at 0.1 m/s.
[INFO] [1699895645.653344393] [publisher]: *** Going forward at 0.1 m/s.
[INFO] [1699895645.997711138] [publisher]: *** Going forward at 0.1 m/s.
[INFO] [1699895646.348097640] [publisher]: *** Going forward at 0.1 m/s.
[INFO] [1699895646.689434960] [publisher]: *** Going forward at 0.1 m/s.
[INFO] [1699895647.032183170] [publisher]: *** Going forward at 0.1 m/s.
[INFO] [1699895647.384133968] [publisher]: *** Going forward at 0.1 m/s.
[INFO] [1699895647.722803229] [publisher]: *** Going forward at 0.1 m/s.
[INFO] [1699895648.071110202] [publisher]: *** Going forward at 0.1 m/s.
[INFO] [1699895648.413527046] [publisher]: *** Going forward at 0.1 m/s.
[INFO] [1699895648.757560314] [publisher]: *** Going forward at 0.1 m/s.
[INFO] [1699895649.101857635] [publisher]: *** Going forward at 0.1 m/s.
[INFO] [1699895649.451303427] [publisher]: *** Going forward at 0.1 m/s.
[INFO] [1699895649.790759790] [publisher]: *** Going forward at 0.1 m/s.
[INFO] [1699895650.138795582] [publisher]: *** Going forward at 0.1 m/s.
[INFO] [1699895650.484736900] [publisher]: *** Going forward at 0.1 m/s.
[INFO] [1699895650.819264548] [publisher]: *** Going forward at 0.1 m/s.
[INFO] [1699895651.171294364] [publisher]: *** Going forward at 0.1 m/s.
[INFO] [1699895651.518863921] [publisher]: *** Going forward at 0.1 m/s.
[INFO] [1699895651.857997918] [publisher]: *** Going forward at 0.1 m/s.
[INFO] [1699895652.205116445] [publisher]: *** Going forward at 0.1 m/s.
[INFO] [1699895652.547259237] [publisher]: *** Going forward at 0.1 m/s.
[INFO] [1699895652.891656057] [publisher]: *** Going forward at 0.1 m/s.
[INFO] [1699895653.239758145] [publisher]: *** Going forward at 0.1 m/s.
[INFO] [1699895653.587177445] [publisher]: *** Going forward at 0.1 m/s.
[INFO] [1699895653.926310647] [publisher]: *** Going forward at 0.1 m/s.
[INFO] [1699895654.271901026] [publisher]: *** Going forward at 0.1 m/s.
[INFO] [1699895654.618060176] [publisher]: *** Going forward at 0.1 m/s.
[INFO] [1699895654.959458404] [publisher]: *** Going forward at 0.1 m/s.
[INFO] [1699895655.305954568] [publisher]: *** Going forward at 0.1 m/s.
[INFO] [1699895655.653145724] [publisher]: *** Going forward at 0.1 m/s.
[INFO] [1699895655.993644112] [publisher]: *** Going forward at 0.1 m/s.
[INFO] [1699895656.342244676] [publisher]: *** Going forward at 0.1 m/s.
[INFO] [1699895656.686669644] [publisher]: *** Going forward at 0.1 m/s.
[INFO] [1699895657.028787179] [publisher]: *** Going forward at 0.1 m/s.
[INFO] [1699895657.376606679] [publisher]: *** Going forward at 0.1 m/s.
[INFO] [1699895657.720006364] [publisher]: *** Going forward at 0.1 m/s.
[INFO] [1699895658.063837099] [publisher]: *** Going forward at 0.1 m/s.
[INFO] [1699895658.414146698] [publisher]: *** Going forward at 0.1 m/s.
[INFO] [1699895658.752830332] [publisher]: *** Going forward at 0.1 m/s.
[INFO] [1699895659.096240017] [publisher]: *** Going forward at 0.1 m/s.
[INFO] [1699895659.443924408] [publisher]: *** Going forward at 0.1 m/s.
[INFO] [1699895659.787642034] [publisher]: *** Going forward at 0.1 m/s.
[INFO] [1699895660.130806130] [publisher]: *** Going forward at 0.1 m/s.
[INFO] [1699895660.478439633] [publisher]: *** Going forward at 0.1 m/s.
[INFO] [1699895660.821739894] [publisher]: *** Going forward at 0.1 m/s.
[INFO] [1699895661.164251665] [publisher]: *** Going forward at 0.1 m/s.
[INFO] [1699895661.514933926] [publisher]: *** Going forward at 0.1 m/s.
[INFO] [1699895661.852759942] [publisher]: *** Going forward at 0.1 m/s.
[INFO] [1699895662.191850904] [publisher]: *** Going forward at 0.1 m/s.
[INFO] [1699895662.552320042] [publisher]: *** Going forward at 0.1 m/s.
[INFO] [1699895662.888916129] [publisher]: *** Going forward at 0.1 m/s.
[INFO] [1699895663.236191785] [publisher]: *** Going forward at 0.1 m/s.
[INFO] [1699895663.585661432] [publisher]: *** Going forward at 0.1 m/s.
[INFO] [1699895663.923812870] [subscriber]: Forward Obstacle detected
[INFO] [1699895663.926497410] [publisher]: *** Going forward at 0.1 m/s.
[INFO] [1699895664.043928299] [subscriber]: Forward Obstacle detected
[INFO] [1699895664.261009783] [publisher]: Rotating right...
[INFO] [1699895664.385910614] [publisher]: Rotating right...
[INFO] [1699895664.500150266] [publisher]: Rotating right...
[INFO] [1699895664.617514711] [publisher]: Rotating right...
[INFO] [1699895664.728264314] [publisher]: Rotating right...
[INFO] [1699895664.847648623] [publisher]: Rotating right...
[INFO] [1699895664.953844302] [publisher]: Rotating right...
[INFO] [1699895665.065778446] [publisher]: Rotating right...
[INFO] [1699895665.187216747] [publisher]: Rotating right...
[INFO] [1699895665.295757915] [publisher]: Rotating right...
[INFO] [1699895665.419531391] [publisher]: Rotating right...
[INFO] [1699895665.534959083] [publisher]: Rotating right...
[INFO] [1699895665.653770825] [publisher]: Rotating right...
[INFO] [1699895665.767450928] [publisher]: Rotating right...
[INFO] [1699895665.872305179] [publisher]: Rotating right...
[INFO] [1699895665.992359776] [publisher]: Rotating right...
[INFO] [1699895666.100565041] [publisher]: Rotating right...
[INFO] [1699895666.106153137] [subscriber]: 
*** Clear.
[INFO] [1699895666.454489928] [publisher]: *** Going forward at 0.1 m/s.
[INFO] [1699895666.789273817] [publisher]: *** Going forward at 0.1 m/s.
[INFO] [1699895667.145786913] [publisher]: *** Going forward at 0.1 m/s.
[INFO] [1699895667.488660884] [publisher]: *** Going forward at 0.1 m/s.
[INFO] [1699895667.823227775] [publisher]: *** Going forward at 0.1 m/s.
[INFO] [1699895668.169084172] [publisher]: *** Going forward at 0.1 m/s.
[INFO] [1699895668.520326594] [publisher]: *** Going forward at 0.1 m/s.
[INFO] [1699895668.865076654] [publisher]: *** Going forward at 0.1 m/s.
[INFO] [1699895669.209778677] [publisher]: *** Going forward at 0.1 m/s.
[INFO] [1699895669.553784690] [publisher]: *** Going forward at 0.1 m/s.
[INFO] [1699895669.890421611] [publisher]: *** Going forward at 0.1 m/s.
[INFO] [1699895670.250369257] [publisher]: *** Going forward at 0.1 m/s.
[INFO] [1699895670.582467680] [publisher]: *** Going forward at 0.1 m/s.
[INFO] [1699895670.931798385] [publisher]: *** Going forward at 0.1 m/s.
[INFO] [1699895671.280796132] [publisher]: *** Going forward at 0.1 m/s.
[INFO] [1699895671.624607963] [publisher]: *** Going forward at 0.1 m/s.
[INFO] [1699895671.966441597] [publisher]: *** Going forward at 0.1 m/s.
[INFO] [1699895672.314114787] [publisher]: *** Going forward at 0.1 m/s.
[INFO] [1699895672.655966328] [publisher]: *** Going forward at 0.1 m/s.
[INFO] [1699895672.997926108] [publisher]: *** Going forward at 0.1 m/s.
[INFO] [1699895673.349642543] [publisher]: *** Going forward at 0.1 m/s.
[INFO] [1699895673.689027931] [publisher]: *** Going forward at 0.1 m/s.
[INFO] [1699895674.035658671] [publisher]: *** Going forward at 0.1 m/s.
[INFO] [1699895674.384067037] [publisher]: *** Going forward at 0.1 m/s.
[INFO] [1699895674.719257755] [publisher]: *** Going forward at 0.1 m/s.
[INFO] [1699895675.069624337] [publisher]: *** Going forward at 0.1 m/s.
[INFO] [1699895675.407314820] [publisher]: *** Going forward at 0.1 m/s.
[INFO] [1699895675.753745526] [publisher]: *** Going forward at 0.1 m/s.
[INFO] [1699895676.093579742] [publisher]: *** Going forward at 0.1 m/s.
[INFO] [1699895676.451806059] [publisher]: *** Going forward at 0.1 m/s.
[INFO] [1699895676.789433820] [publisher]: *** Going forward at 0.1 m/s.
[INFO] [1699895676.909272680] [subscriber]: Forward Obstacle detected
[INFO] [1699895677.137065530] [publisher]: Rotating right...
[INFO] [1699895677.254165017] [publisher]: Rotating right...
[INFO] [1699895677.358521775] [publisher]: Rotating right...
[INFO] [1699895677.485274585] [publisher]: Rotating right...
[INFO] [1699895677.595995559] [publisher]: Rotating right...
[INFO] [1699895677.714533620] [publisher]: Rotating right...
[INFO] [1699895677.824478012] [publisher]: Rotating right...
[INFO] [1699895677.931521551] [publisher]: Rotating right...
[INFO] [1699895678.051065026] [publisher]: Rotating right...
[INFO] [1699895678.160770439] [publisher]: Rotating right...
[INFO] [1699895678.280120175] [publisher]: Rotating right...
[INFO] [1699895678.400314419] [publisher]: Rotating right...
[INFO] [1699895678.517255389] [publisher]: Rotating right...
[INFO] [1699895678.627093745] [publisher]: Rotating right...
[INFO] [1699895678.736733696] [publisher]: Rotating right...
[INFO] [1699895678.856505483] [publisher]: Rotating right...
[INFO] [1699895678.974525124] [publisher]: Rotating right...
[INFO] [1699895679.085451522] [publisher]: Rotating right...
[INFO] [1699895679.088155970] [subscriber]: 
*** Clear.
[INFO] [1699895679.431162831] [publisher]: *** Going forward at 0.1 m/s.
[INFO] [1699895679.777234876] [publisher]: *** Going forward at 0.1 m/s.
[INFO] [1699895680.113664153] [publisher]: *** Going forward at 0.1 m/s.
[INFO] [1699895680.461397566] [publisher]: *** Going forward at 0.1 m/s.
[INFO] [1699895680.811654466] [publisher]: *** Going forward at 0.1 m/s.
[INFO] [1699895681.153948021] [publisher]: *** Going forward at 0.1 m/s.
[INFO] [1699895681.494889131] [publisher]: *** Going forward at 0.1 m/s.
[INFO] [1699895681.832191342] [publisher]: *** Going forward at 0.1 m/s.
[INFO] [1699895682.186889797] [publisher]: *** Going forward at 0.1 m/s.
[INFO] [1699895682.527984572] [publisher]: *** Going forward at 0.1 m/s.
[INFO] [1699895682.875887594] [publisher]: *** Going forward at 0.1 m/s.
[INFO] [1699895683.219809778] [publisher]: *** Going forward at 0.1 m/s.
[INFO] [1699895683.553446313] [publisher]: *** Going forward at 0.1 m/s.
[INFO] [1699895683.908375877] [publisher]: *** Going forward at 0.1 m/s.
[INFO] [1699895684.253189235] [publisher]: *** Going forward at 0.1 m/s.
[INFO] [1699895684.592060408] [publisher]: *** Going forward at 0.1 m/s.
[INFO] [1699895684.938722946] [publisher]: *** Going forward at 0.1 m/s.
[INFO] [1699895685.278345629] [publisher]: *** Going forward at 0.1 m/s.
[INFO] [1699895685.620069804] [publisher]: *** Going forward at 0.1 m/s.
[INFO] [1699895685.971152676] [publisher]: *** Going forward at 0.1 m/s.
[INFO] [1699895686.317592865] [publisher]: *** Going forward at 0.1 m/s.
[INFO] [1699895686.658826824] [publisher]: *** Going forward at 0.1 m/s.
[INFO] [1699895687.007634891] [publisher]: *** Going forward at 0.1 m/s.
[INFO] [1699895687.354163876] [publisher]: *** Going forward at 0.1 m/s.
[INFO] [1699895687.687538101] [publisher]: *** Going forward at 0.1 m/s.
[INFO] [1699895688.038482234] [publisher]: *** Going forward at 0.1 m/s.
[INFO] [1699895688.384699982] [publisher]: *** Going forward at 0.1 m/s.
[INFO] [1699895688.725863480] [publisher]: *** Going forward at 0.1 m/s.
[INFO] [1699895689.075021413] [publisher]: *** Going forward at 0.1 m/s.
[INFO] [1699895689.410868885] [publisher]: *** Going forward at 0.1 m/s.
[INFO] [1699895689.759627527] [publisher]: *** Going forward at 0.1 m/s.
[INFO] [1699895690.105241024] [publisher]: *** Going forward at 0.1 m/s.
[INFO] [1699895690.452286411] [publisher]: *** Going forward at 0.1 m/s.
[INFO] [1699895690.793014303] [publisher]: *** Going forward at 0.1 m/s.
[INFO] [1699895691.129094568] [publisher]: *** Going forward at 0.1 m/s.
[INFO] [1699895691.487584088] [publisher]: *** Going forward at 0.1 m/s.
[INFO] [1699895691.824877005] [publisher]: *** Going forward at 0.1 m/s.
[INFO] [1699895692.170277912] [publisher]: *** Going forward at 0.1 m/s.
[INFO] [1699895692.516291757] [publisher]: *** Going forward at 0.1 m/s.
[INFO] [1699895692.857095574] [publisher]: *** Going forward at 0.1 m/s.
[INFO] [1699895693.193685111] [publisher]: *** Going forward at 0.1 m/s.
[INFO] [1699895693.552768606] [publisher]: *** Going forward at 0.1 m/s.
[INFO] [1699895693.886303404] [publisher]: *** Going forward at 0.1 m/s.
[INFO] [1699895694.226198622] [publisher]: *** Going forward at 0.1 m/s.
[INFO] [1699895694.574281996] [publisher]: *** Going forward at 0.1 m/s.
[INFO] [1699895694.921564010] [publisher]: *** Going forward at 0.1 m/s.
[INFO] [1699895695.266742439] [publisher]: *** Going forward at 0.1 m/s.
[INFO] [1699895695.614076230] [publisher]: *** Going forward at 0.1 m/s.
[INFO] [1699895695.954074317] [publisher]: *** Going forward at 0.1 m/s.
[INFO] [1699895696.297429807] [publisher]: *** Going forward at 0.1 m/s.
[INFO] [1699895696.645741808] [publisher]: *** Going forward at 0.1 m/s.
[INFO] [1699895696.988048200] [subscriber]: Forward Obstacle detected
[INFO] [1699895696.990295968] [publisher]: *** Going forward at 0.1 m/s.
[INFO] [1699895697.101140109] [subscriber]: Forward Obstacle detected
[INFO] [1699895697.330053744] [publisher]: Rotating left...
[INFO] [1699895697.449965418] [publisher]: Rotating left...
[INFO] [1699895697.554745061] [publisher]: Rotating left...
[INFO] [1699895697.666701484] [publisher]: Rotating left...
[INFO] [1699895697.790694256] [publisher]: Rotating left...
[INFO] [1699895697.904873299] [publisher]: Rotating left...
[INFO] [1699895698.019745148] [publisher]: Rotating left...
[INFO] [1699895698.124738400] [publisher]: Rotating left...
[INFO] [1699895698.244645279] [publisher]: Rotating left...
[INFO] [1699895698.363626336] [publisher]: Rotating left...
[INFO] [1699895698.481575794] [publisher]: Rotating left...
[INFO] [1699895698.593129574] [publisher]: Rotating left...
[INFO] [1699895698.711902912] [publisher]: Rotating left...
[INFO] [1699895698.822790070] [publisher]: Rotating left...
[INFO] [1699895698.937848825] [publisher]: Rotating left...
[INFO] [1699895699.048566541] [publisher]: Rotating left...
[INFO] [1699895699.158697914] [publisher]: Rotating left...
[INFO] [1699895699.285848942] [publisher]: Rotating left...
[INFO] [1699895699.291035006] [subscriber]: 
*** Clear.
[INFO] [1699895699.626419448] [publisher]: *** Going forward at 0.1 m/s.
[INFO] [1699895699.973895590] [publisher]: *** Going forward at 0.1 m/s.
[INFO] [1699895700.317341561] [publisher]: *** Going forward at 0.1 m/s.
[INFO] [1699895700.657238150] [publisher]: *** Going forward at 0.1 m/s.
[INFO] [1699895701.003030554] [publisher]: *** Going forward at 0.1 m/s.
[INFO] [1699895701.350280403] [publisher]: *** Going forward at 0.1 m/s.
[INFO] [1699895701.689676610] [publisher]: *** Going forward at 0.1 m/s.
[INFO] [1699895702.035367683] [publisher]: *** Going forward at 0.1 m/s.
[INFO] [1699895702.382670272] [publisher]: *** Going forward at 0.1 m/s.
[INFO] [1699895702.717585609] [publisher]: *** Going forward at 0.1 m/s.
[INFO] [1699895703.065764539] [publisher]: *** Going forward at 0.1 m/s.
[INFO] [1699895703.414497037] [publisher]: *** Going forward at 0.1 m/s.
[INFO] [1699895703.753259734] [publisher]: *** Going forward at 0.1 m/s.
[INFO] [1699895704.090183546] [publisher]: *** Going forward at 0.1 m/s.
[INFO] [1699895704.437840502] [publisher]: *** Going forward at 0.1 m/s.
[INFO] [1699895704.790547542] [publisher]: *** Going forward at 0.1 m/s.
[INFO] [1699895705.128691395] [publisher]: *** Going forward at 0.1 m/s.
[INFO] [1699895705.478316807] [publisher]: *** Going forward at 0.1 m/s.
[INFO] [1699895705.819882858] [publisher]: *** Going forward at 0.1 m/s.
[INFO] [1699895706.164123042] [publisher]: *** Going forward at 0.1 m/s.
[INFO] [1699895706.500375178] [publisher]: *** Going forward at 0.1 m/s.
[INFO] [1699895706.854751827] [subscriber]: Obstacle detected
[INFO] [1699895706.857099371] [publisher]: *** Going forward at 0.1 m/s.
[INFO] [1699895706.965656801] [subscriber]: Forward Obstacle detected
[INFO] [1699895707.194257774] [publisher]: Rotating left...
[INFO] [1699895707.313099722] [publisher]: Rotating left...
[INFO] [1699895707.419192498] [publisher]: Rotating left...
[INFO] [1699895707.539724036] [publisher]: Rotating left...
[INFO] [1699895707.655310562] [publisher]: Rotating left...
[INFO] [1699895707.759767395] [publisher]: Rotating left...
[INFO] [1699895707.879738791] [publisher]: Rotating left...
[INFO] [1699895707.990095420] [publisher]: Rotating left...
[INFO] [1699895708.117706592] [publisher]: Rotating left...
[INFO] [1699895708.226931772] [publisher]: Rotating left...
[INFO] [1699895708.346682486] [publisher]: Rotating left...
[INFO] [1699895708.452853427] [publisher]: Rotating left...
[INFO] [1699895708.573482594] [publisher]: Rotating left...
[INFO] [1699895708.683555967] [publisher]: Rotating left...
[INFO] [1699895708.803588567] [publisher]: Rotating left...
[INFO] [1699895708.919716383] [publisher]: Rotating left...
[INFO] [1699895709.030236232] [publisher]: Rotating left...
[INFO] [1699895709.033731040] [subscriber]: 
*** Clear.
[INFO] [1699895709.379591296] [publisher]: *** Going forward at 0.1 m/s.
[INFO] [1699895709.721234810] [publisher]: *** Going forward at 0.1 m/s.
[INFO] [1699895710.065153573] [publisher]: *** Going forward at 0.1 m/s.
[INFO] [1699895710.412930528] [publisher]: *** Going forward at 0.1 m/s.
[INFO] [1699895710.755264996] [publisher]: *** Going forward at 0.1 m/s.
[INFO] [1699895711.095245456] [publisher]: *** Going forward at 0.1 m/s.
[INFO] [1699895711.446087373] [publisher]: *** Going forward at 0.1 m/s.
[INFO] [1699895711.778445596] [publisher]: *** Going forward at 0.1 m/s.
[INFO] [1699895712.129620490] [publisher]: *** Going forward at 0.1 m/s.
[INFO] [1699895712.475568135] [publisher]: *** Going forward at 0.1 m/s.
[INFO] [1699895712.818892591] [publisher]: *** Going forward at 0.1 m/s.
[INFO] [1699895713.160252664] [publisher]: *** Going forward at 0.1 m/s.
[INFO] [1699895713.496318008] [publisher]: *** Going forward at 0.1 m/s.
[INFO] [1699895713.842804295] [publisher]: *** Going forward at 0.1 m/s.
[INFO] [1699895714.192091861] [publisher]: *** Going forward at 0.1 m/s.
[INFO] [1699895714.536590598] [publisher]: *** Going forward at 0.1 m/s.
[INFO] [1699895714.883212346] [publisher]: *** Going forward at 0.1 m/s.
[INFO] [1699895715.219919460] [publisher]: *** Going forward at 0.1 m/s.
[INFO] [1699895715.559781071] [publisher]: *** Going forward at 0.1 m/s.
[INFO] [1699895715.915475150] [publisher]: *** Going forward at 0.1 m/s.
[INFO] [1699895716.253884020] [publisher]: *** Going forward at 0.1 m/s.
[INFO] [1699895716.599377616] [publisher]: *** Going forward at 0.1 m/s.
[INFO] [1699895716.938018539] [publisher]: *** Going forward at 0.1 m/s.
[INFO] [1699895717.288806457] [publisher]: *** Going forward at 0.1 m/s.
[INFO] [1699895717.633572914] [publisher]: *** Going forward at 0.1 m/s.
[INFO] [1699895717.980921228] [publisher]: *** Going forward at 0.1 m/s.
[INFO] [1699895718.321303999] [publisher]: *** Going forward at 0.1 m/s.
[INFO] [1699895718.656876406] [publisher]: *** Going forward at 0.1 m/s.
[INFO] [1699895719.010922820] [publisher]: *** Going forward at 0.1 m/s.
[INFO] [1699895719.355463244] [publisher]: *** Going forward at 0.1 m/s.
[INFO] [1699895719.690424602] [publisher]: *** Going forward at 0.1 m/s.
[INFO] [1699895720.040941969] [publisher]: *** Going forward at 0.1 m/s.
[INFO] [1699895720.379785686] [publisher]: *** Going forward at 0.1 m/s.
[INFO] [1699895720.727192111] [publisher]: *** Going forward at 0.1 m/s.
[INFO] [1699895721.064822232] [publisher]: *** Going forward at 0.09 m/s.
[INFO] [1699895721.418396357] [publisher]: *** Going forward at 0.09 m/s.
[INFO] [1699895721.759196235] [publisher]: *** Going forward at 0.08 m/s.
[INFO] [1699895722.107594092] [publisher]: *** Going forward at 0.08 m/s.
[INFO] [1699895722.439007532] [publisher]: *** Going forward at 0.08 m/s.
[INFO] [1699895722.791576040] [publisher]: *** Going forward at 0.07 m/s.
[INFO] [1699895723.137445133] [publisher]: *** Going forward at 0.07 m/s.
[INFO] [1699895723.484955241] [publisher]: *** Going forward at 0.07 m/s.
[INFO] [1699895723.819073537] [publisher]: *** Going forward at 0.07 m/s.
[INFO] [1699895724.159327126] [publisher]: *** Going forward at 0.07 m/s.
[INFO] [1699895724.516514410] [publisher]: *** Going forward at 0.07 m/s.
[INFO] [1699895724.852828364] [publisher]: *** Going forward at 0.07 m/s.
[INFO] [1699895725.191934208] [publisher]: *** Going forward at 0.07 m/s.
[INFO] [1699895725.549360674] [publisher]: *** Going forward at 0.07 m/s.
[INFO] [1699895725.888422926] [publisher]: *** Going forward at 0.07 m/s.
[INFO] [1699895726.232696225] [subscriber]: Forward Obstacle detected
[INFO] [1699895726.236515769] [publisher]: *** Going forward at 0.07 m/s.
[INFO] [1699895726.343775012] [subscriber]: Forward Obstacle detected
[INFO] [1699895726.570581751] [publisher]: Rotating left...
[INFO] [1699895726.686776956] [publisher]: Rotating left...
[INFO] [1699895726.808653015] [publisher]: Rotating left...
[INFO] [1699895726.920972788] [publisher]: Rotating left...
[INFO] [1699895727.025837857] [publisher]: Rotating left...
[INFO] [1699895727.144751380] [publisher]: Rotating left...
[INFO] [1699895727.256991319] [publisher]: Rotating left...
[INFO] [1699895727.370593057] [publisher]: Rotating left...
[INFO] [1699895727.491610942] [publisher]: Rotating left...
[INFO] [1699895727.600717810] [publisher]: Rotating left...
[INFO] [1699895727.721073851] [publisher]: Rotating left...
[INFO] [1699895727.828022802] [publisher]: Rotating left...
[INFO] [1699895727.830892747] [subscriber]: 
*** Clear.
[INFO] [1699895728.185239919] [publisher]: *** Going forward at 0.06 m/s.
[INFO] [1699895728.521043121] [publisher]: *** Going forward at 0.06 m/s.
[INFO] [1699895728.859514789] [publisher]: *** Going forward at 0.06 m/s.
[INFO] [1699895729.205311642] [publisher]: *** Going forward at 0.06 m/s.
[INFO] [1699895729.554954021] [publisher]: *** Going forward at 0.06 m/s.
[INFO] [1699895729.891553954] [publisher]: *** Going forward at 0.06 m/s.
[INFO] [1699895730.236354653] [publisher]: *** Going forward at 0.06 m/s.
[INFO] [1699895730.585722481] [publisher]: *** Going forward at 0.06 m/s.
[INFO] [1699895730.932547914] [publisher]: *** Going forward at 0.06 m/s.
[INFO] [1699895731.279725510] [publisher]: *** Going forward at 0.06 m/s.
[INFO] [1699895731.614945608] [publisher]: *** Going forward at 0.06 m/s.
[INFO] [1699895731.962593217] [publisher]: *** Going forward at 0.06 m/s.
[INFO] [1699895732.308847695] [publisher]: *** Going forward at 0.06 m/s.
[INFO] [1699895732.652787276] [publisher]: *** Going forward at 0.06 m/s.
[INFO] [1699895732.986722965] [publisher]: *** Going forward at 0.06 m/s.
[INFO] [1699895733.329010623] [publisher]: *** Going forward at 0.06 m/s.
[INFO] [1699895733.677386500] [publisher]: *** Going forward at 0.06 m/s.
[INFO] [1699895734.018968111] [publisher]: *** Going forward at 0.06 m/s.
[INFO] [1699895734.370281100] [publisher]: *** Going forward at 0.06 m/s.
[INFO] [1699895734.709365539] [publisher]: *** Going forward at 0.06 m/s.
[INFO] [1699895735.056941223] [publisher]: *** Going forward at 0.06 m/s.
[INFO] [1699895735.402731837] [publisher]: *** Going forward at 0.06 m/s.
[INFO] [1699895735.750302818] [publisher]: *** Going forward at 0.07 m/s.
[INFO] [1699895736.090151599] [publisher]: *** Going forward at 0.07 m/s.
[INFO] [1699895736.424534579] [publisher]: *** Going forward at 0.07 m/s.
[INFO] [1699895736.780720914] [publisher]: *** Going forward at 0.07 m/s.
[INFO] [1699895737.120960895] [publisher]: *** Going forward at 0.07 m/s.
[INFO] [1699895737.456586933] [publisher]: *** Going forward at 0.07 m/s.
[INFO] [1699895737.800149983] [publisher]: *** Going forward at 0.07 m/s.
[INFO] [1699895738.154395898] [publisher]: *** Going forward at 0.08 m/s.
[INFO] [1699895738.493517560] [publisher]: *** Going forward at 0.08 m/s.
[INFO] [1699895738.828643438] [publisher]: *** Going forward at 0.08 m/s.
[INFO] [1699895739.185856705] [publisher]: *** Going forward at 0.08 m/s.
[INFO] [1699895739.520393721] [publisher]: *** Going forward at 0.08 m/s.
[INFO] [1699895739.860876921] [publisher]: *** Going forward at 0.08 m/s.
[INFO] [1699895740.208988673] [subscriber]: Forward Obstacle detected
[INFO] [1699895740.214359346] [publisher]: *** Going forward at 0.08 m/s.
[INFO] [1699895740.321663960] [subscriber]: Forward Obstacle detected
[INFO] [1699895740.552463632] [publisher]: Rotating left...
[INFO] [1699895740.663950841] [publisher]: Rotating left...
[INFO] [1699895740.781505567] [publisher]: Rotating left...
[INFO] [1699895740.899200161] [publisher]: Rotating left...
[INFO] [1699895741.013051081] [publisher]: Rotating left...
[INFO] [1699895741.128900513] [publisher]: Rotating left...
[INFO] [1699895741.238793428] [publisher]: Rotating left...
[INFO] [1699895741.358049595] [publisher]: Rotating left...
[INFO] [1699895741.360486620] [subscriber]: 
*** Clear.
[INFO] [1699895741.706630934] [publisher]: *** Going forward at 0.08 m/s.
[INFO] [1699895742.040402941] [publisher]: *** Going forward at 0.08 m/s.
[INFO] [1699895742.389624958] [publisher]: *** Going forward at 0.08 m/s.
[INFO] [1699895742.733544985] [publisher]: *** Going forward at 0.08 m/s.
[INFO] [1699895743.082742132] [publisher]: *** Going forward at 0.07 m/s.
[INFO] [1699895743.418975738] [publisher]: *** Going forward at 0.09 m/s.
[INFO] [1699895743.757614628] [publisher]: *** Going forward at 0.1 m/s.
[INFO] [1699895744.102997805] [publisher]: *** Going forward at 0.1 m/s.
[INFO] [1699895744.455084656] [publisher]: *** Going forward at 0.1 m/s.
[INFO] [1699895744.797525054] [publisher]: *** Going forward at 0.1 m/s.
[INFO] [1699895745.145577993] [publisher]: *** Going forward at 0.1 m/s.
[INFO] [1699895745.486228914] [publisher]: *** Going forward at 0.1 m/s.
[INFO] [1699895745.825781812] [subscriber]: Obstacle detected
[INFO] [1699895745.828293966] [publisher]: *** Going forward at 0.1 m/s.
[INFO] [1699895745.933754659] [subscriber]: Obstacle detected
[INFO] [1699895746.172388640] [publisher]: Rotating left...
[INFO] [1699895746.285942638] [publisher]: Rotating left...
[INFO] [1699895746.399714986] [publisher]: Rotating left...
[INFO] [1699895746.516887976] [publisher]: Rotating left...
[INFO] [1699895746.621534771] [publisher]: Rotating left...
[INFO] [1699895746.748871578] [publisher]: Rotating left...
[INFO] [1699895746.856580928] [publisher]: Rotating left...
[INFO] [1699895746.974206245] [publisher]: Rotating left...
[INFO] [1699895747.089330150] [publisher]: Rotating left...
[INFO] [1699895747.201932290] [publisher]: Rotating left...
[INFO] [1699895747.319960806] [publisher]: Rotating left...
[INFO] [1699895747.423297581] [publisher]: Rotating left...
[INFO] [1699895747.549957082] [publisher]: Rotating left...
[INFO] [1699895747.553554481] [subscriber]: 
*** Clear.
[INFO] [1699895747.884846224] [publisher]: *** Going forward at 0.1 m/s.
[INFO] [1699895748.232365337] [publisher]: *** Going forward at 0.1 m/s.
[INFO] [1699895748.579271069] [publisher]: *** Going forward at 0.1 m/s.
[INFO] [1699895748.920216005] [publisher]: *** Going forward at 0.1 m/s.
[INFO] [1699895749.256165208] [publisher]: *** Going forward at 0.1 m/s.
[INFO] [1699895749.599780130] [publisher]: *** Going forward at 0.1 m/s.
[INFO] [1699895749.954456949] [publisher]: *** Going forward at 0.1 m/s.
[INFO] [1699895750.294050477] [publisher]: *** Going forward at 0.1 m/s.
[INFO] [1699895750.640343050] [publisher]: *** Going forward at 0.1 m/s.
[INFO] [1699895750.985403528] [publisher]: *** Going forward at 0.1 m/s.
[INFO] [1699895751.325208905] [publisher]: *** Going forward at 0.1 m/s.
[INFO] [1699895751.660297564] [publisher]: *** Going forward at 0.1 m/s.
[INFO] [1699895752.016827194] [publisher]: *** Going forward at 0.1 m/s.
[INFO] [1699895752.356126966] [publisher]: *** Going forward at 0.1 m/s.
[INFO] [1699895752.702264949] [publisher]: *** Going forward at 0.1 m/s.
[INFO] [1699895753.037337312] [publisher]: *** Going forward at 0.09 m/s.
[INFO] [1699895753.388851098] [publisher]: *** Going forward at 0.08 m/s.
[INFO] [1699895753.729915348] [publisher]: *** Going forward at 0.08 m/s.
[INFO] [1699895754.075902481] [publisher]: *** Going forward at 0.07 m/s.
[INFO] [1699895754.418385085] [publisher]: *** Going forward at 0.07 m/s.
[INFO] [1699895754.765679813] [publisher]: *** Going forward at 0.07 m/s.
[INFO] [1699895755.098138635] [publisher]: *** Going forward at 0.07 m/s.
[INFO] [1699895755.453262561] [publisher]: *** Going forward at 0.07 m/s.
[INFO] [1699895755.788185055] [subscriber]: Obstacle detected
[INFO] [1699895755.790959576] [publisher]: *** Going forward at 0.07 m/s.
[INFO] [1699895755.912000073] [subscriber]: Obstacle detected
[INFO] [1699895756.138047603] [publisher]: Rotating left...
[INFO] [1699895756.250099973] [publisher]: Rotating left...
[INFO] [1699895756.365994905] [publisher]: Rotating left...
[INFO] [1699895756.370067391] [subscriber]: 
*** Clear.
[INFO] [1699895756.713852367] [publisher]: *** Going forward at 0.08 m/s.
[INFO] [1699895757.054485865] [publisher]: *** Going forward at 0.09 m/s.
[INFO] [1699895757.395561319] [publisher]: *** Going forward at 0.1 m/s.
[INFO] [1699895757.743257284] [publisher]: *** Going forward at 0.1 m/s.
[INFO] [1699895758.080443732] [publisher]: *** Going forward at 0.1 m/s.
[INFO] [1699895758.426895934] [publisher]: *** Going forward at 0.1 m/s.
[INFO] [1699895758.771870358] [publisher]: *** Going forward at 0.1 m/s.
[INFO] [1699895759.116627804] [publisher]: *** Going forward at 0.1 m/s.
[INFO] [1699895759.457347227] [publisher]: *** Going forward at 0.1 m/s.
[INFO] [1699895759.802055247] [publisher]: *** Going forward at 0.1 m/s.
[INFO] [1699895760.151613374] [publisher]: *** Going forward at 0.1 m/s.
[INFO] [1699895760.488574288] [publisher]: *** Going forward at 0.1 m/s.
[INFO] [1699895760.833253550] [publisher]: *** Going forward at 0.1 m/s.
[INFO] [1699895761.179106741] [publisher]: *** Going forward at 0.1 m/s.
[INFO] [1699895761.521441607] [publisher]: *** Going forward at 0.1 m/s.
[INFO] [1699895761.863123166] [publisher]: *** Going forward at 0.1 m/s.
[INFO] [1699895762.209366223] [publisher]: *** Going forward at 0.1 m/s.
[INFO] [1699895762.554495017] [publisher]: *** Going forward at 0.1 m/s.
[INFO] [1699895762.886736102] [publisher]: *** Going forward at 0.1 m/s.
[INFO] [1699895763.241651106] [publisher]: *** Going forward at 0.1 m/s.
[INFO] [1699895763.585175105] [publisher]: *** Going forward at 0.1 m/s.
[INFO] [1699895763.924422565] [publisher]: *** Going forward at 0.1 m/s.
[INFO] [1699895764.268276023] [publisher]: *** Going forward at 0.1 m/s.
[INFO] [1699895764.608767542] [publisher]: *** Going forward at 0.1 m/s.
[INFO] [1699895764.957720454] [publisher]: *** Going forward at 0.1 m/s.
[INFO] [1699895765.291583223] [publisher]: *** Going forward at 0.1 m/s.
[INFO] [1699895765.649642151] [publisher]: *** Going forward at 0.1 m/s.
[INFO] [1699895765.987689738] [publisher]: *** Going forward at 0.1 m/s.
[INFO] [1699895766.321973076] [publisher]: *** Going forward at 0.1 m/s.
[INFO] [1699895766.677424018] [publisher]: *** Going forward at 0.1 m/s.
[INFO] [1699895767.020820075] [publisher]: *** Going forward at 0.1 m/s.
[INFO] [1699895767.359078067] [publisher]: *** Going forward at 0.1 m/s.
[INFO] [1699895767.695094920] [publisher]: *** Going forward at 0.1 m/s.
[INFO] [1699895768.051699033] [publisher]: *** Going forward at 0.1 m/s.
[INFO] [1699895768.390538629] [publisher]: *** Going forward at 0.1 m/s.
[INFO] [1699895768.736452247] [publisher]: *** Going forward at 0.1 m/s.
[INFO] [1699895769.071495075] [publisher]: *** Going forward at 0.1 m/s.
[INFO] [1699895769.418091185] [publisher]: *** Going forward at 0.1 m/s.
[INFO] [1699895769.757185648] [publisher]: *** Going forward at 0.1 m/s.
[INFO] [1699895770.113383137] [publisher]: *** Going forward at 0.1 m/s.
[INFO] [1699895770.454667740] [publisher]: *** Going forward at 0.1 m/s.
[INFO] [1699895770.793700870] [publisher]: *** Going forward at 0.09 m/s.
[INFO] [1699895771.141571279] [publisher]: *** Going forward at 0.09 m/s.
[INFO] [1699895771.486921256] [publisher]: *** Going forward at 0.09 m/s.
[INFO] [1699895771.824557238] [publisher]: *** Going forward at 0.08 m/s.
[INFO] [1699895772.169050800] [subscriber]: Forward Obstacle detected
[INFO] [1699895772.173763852] [publisher]: *** Going forward at 0.08 m/s.
[INFO] [1699895772.281508647] [subscriber]: Forward Obstacle detected
[INFO] [1699895772.515279674] [publisher]: Rotating left...
[INFO] [1699895772.625991524] [publisher]: Rotating left...
[INFO] [1699895772.741672220] [publisher]: Rotating left...
[INFO] [1699895772.854357249] [publisher]: Rotating left...
[INFO] [1699895772.971160227] [publisher]: Rotating left...
[INFO] [1699895773.086669572] [publisher]: Rotating left...
[INFO] [1699895773.199224733] [publisher]: Rotating left...
[INFO] [1699895773.310449984] [publisher]: Rotating left...
[INFO] [1699895773.427923490] [publisher]: Rotating left...
[INFO] [1699895773.535538528] [publisher]: Rotating left...
[INFO] [1699895773.656157457] [publisher]: Rotating left...
[INFO] [1699895773.774028366] [publisher]: Rotating left...
[INFO] [1699895773.879486338] [publisher]: Rotating left...
[INFO] [1699895774.001374715] [publisher]: Rotating left...
[INFO] [1699895774.109353284] [publisher]: Rotating left...
[INFO] [1699895774.223499684] [publisher]: Rotating left...
[INFO] [1699895774.337273978] [publisher]: Rotating left...
[INFO] [1699895774.458739564] [publisher]: Rotating left...
[INFO] [1699895774.575157102] [publisher]: Rotating left...
[INFO] [1699895774.578979850] [subscriber]: 
*** Clear.
[INFO] [1699895774.920075640] [publisher]: *** Going forward at 0.08 m/s.
[INFO] [1699895775.260837491] [publisher]: *** Going forward at 0.08 m/s.
[INFO] [1699895775.597008973] [publisher]: *** Going forward at 0.08 m/s.
[INFO] [1699895775.940975154] [publisher]: *** Going forward at 0.09 m/s.
[INFO] [1699895776.287077252] [publisher]: *** Going forward at 0.09 m/s.
[INFO] [1699895776.630193758] [publisher]: *** Going forward at 0.1 m/s.
[INFO] [1699895776.975806141] [publisher]: *** Going forward at 0.1 m/s.
[INFO] [1699895777.323099761] [publisher]: *** Going forward at 0.1 m/s.
[INFO] [1699895777.668461517] [publisher]: *** Going forward at 0.1 m/s.
[INFO] [1699895778.014097196] [publisher]: *** Going forward at 0.1 m/s.
[INFO] [1699895778.355861423] [publisher]: *** Going forward at 0.1 m/s.
[INFO] [1699895778.696694829] [publisher]: *** Going forward at 0.1 m/s.
[INFO] [1699895779.044470888] [publisher]: *** Going forward at 0.1 m/s.
[INFO] [1699895779.386996661] [publisher]: *** Going forward at 0.1 m/s.
[INFO] [1699895779.721068078] [publisher]: *** Going forward at 0.1 m/s.
[INFO] [1699895780.065201368] [publisher]: *** Going forward at 0.1 m/s.
[INFO] [1699895780.418650227] [publisher]: *** Going forward at 0.1 m/s.
[INFO] [1699895780.753398931] [publisher]: *** Going forward at 0.09 m/s.
[INFO] [1699895781.094488130] [publisher]: *** Going forward at 0.09 m/s.
[INFO] [1699895781.440852078] [publisher]: *** Going forward at 0.09 m/s.
[INFO] [1699895781.788790913] [publisher]: *** Going forward at 0.09 m/s.
[INFO] [1699895782.137326556] [publisher]: *** Going forward at 0.09 m/s.
[INFO] [1699895782.468051923] [publisher]: *** Going forward at 0.09 m/s.
[INFO] [1699895782.816697046] [publisher]: *** Going forward at 0.09 m/s.
[INFO] [1699895783.168257577] [publisher]: *** Going forward at 0.09 m/s.
[INFO] [1699895783.510426818] [publisher]: *** Going forward at 0.09 m/s.
[INFO] [1699895783.845219115] [publisher]: *** Going forward at 0.09 m/s.
[INFO] [1699895784.194191068] [publisher]: *** Going forward at 0.09 m/s.
[INFO] [1699895784.528529463] [publisher]: *** Going forward at 0.09 m/s.
[INFO] [1699895784.877163679] [publisher]: *** Going forward at 0.09 m/s.
[INFO] [1699895784.995093050] [subscriber]: Forward Obstacle detected
[INFO] [1699895785.224186804] [publisher]: Rotating left...
[INFO] [1699895785.331002982] [publisher]: Rotating left...
[INFO] [1699895785.454065567] [publisher]: Rotating left...
[INFO] [1699895785.569365397] [publisher]: Rotating left...
[INFO] [1699895785.686721683] [publisher]: Rotating left...
[INFO] [1699895785.795825647] [publisher]: Rotating left...
[INFO] [1699895785.905020850] [publisher]: Rotating left...
[INFO] [1699895786.020484771] [publisher]: Rotating left...
[INFO] [1699895786.138961599] [publisher]: Rotating left...
[INFO] [1699895786.247899083] [publisher]: Rotating left...
[INFO] [1699895786.360203285] [publisher]: Rotating left...
[INFO] [1699895786.474464573] [publisher]: Rotating left...
[INFO] [1699895786.591086701] [publisher]: Rotating left...
[INFO] [1699895786.718402640] [publisher]: Rotating left...
[INFO] [1699895786.819170857] [publisher]: Rotating left...
[INFO] [1699895786.934959274] [publisher]: Rotating left...
[INFO] [1699895787.056998686] [publisher]: Rotating left...
[INFO] [1699895787.160263149] [publisher]: Rotating left...
[INFO] [1699895787.285837036] [publisher]: Rotating left...
[INFO] [1699895787.390010969] [publisher]: Rotating left...
[INFO] [1699895787.520397740] [publisher]: Rotating left...
[INFO] [1699895787.623588630] [publisher]: Rotating left...
[INFO] [1699895787.734316147] [publisher]: Rotating left...
[INFO] [1699895787.853622205] [publisher]: Rotating left...
[INFO] [1699895787.961662294] [publisher]: Rotating left...
[INFO] [1699895788.081053610] [publisher]: Rotating left...
[INFO] [1699895788.201374748] [publisher]: Rotating left...
[INFO] [1699895788.317783435] [publisher]: Rotating left...
[INFO] [1699895788.428016403] [publisher]: Rotating left...
[INFO] [1699895788.552944706] [publisher]: Rotating left...
[INFO] [1699895788.657485764] [publisher]: Rotating left...
[INFO] [1699895788.774228632] [publisher]: Rotating left...
[INFO] [1699895788.886381687] [publisher]: Rotating left...
[INFO] [1699895789.001438447] [publisher]: Rotating left...
[INFO] [1699895789.006146202] [subscriber]: 
*** Clear.
[INFO] [1699895789.341550400] [publisher]: *** Going forward at 0.1 m/s.
[INFO] [1699895789.685797672] [publisher]: *** Going forward at 0.1 m/s.
[INFO] [1699895790.023754875] [publisher]: *** Going forward at 0.1 m/s.
[INFO] [1699895790.378661365] [publisher]: *** Going forward at 0.1 m/s.
[INFO] [1699895790.721390656] [publisher]: *** Going forward at 0.1 m/s.
[INFO] [1699895791.055681701] [publisher]: *** Going forward at 0.1 m/s.
[INFO] [1699895791.409350466] [publisher]: *** Going forward at 0.1 m/s.
[INFO] [1699895791.750483277] [publisher]: *** Going forward at 0.1 m/s.
[INFO] [1699895792.088217798] [publisher]: *** Going forward at 0.1 m/s.
[INFO] [1699895792.430229061] [publisher]: *** Going forward at 0.1 m/s.
[INFO] [1699895792.786161335] [publisher]: *** Going forward at 0.1 m/s.
[INFO] [1699895793.119030935] [publisher]: *** Going forward at 0.1 m/s.
[INFO] [1699895793.460207228] [publisher]: *** Going forward at 0.1 m/s.
[INFO] [1699895793.815523047] [publisher]: *** Going forward at 0.1 m/s.
[INFO] [1699895794.154148816] [publisher]: *** Going forward at 0.1 m/s.
[INFO] [1699895794.499507037] [publisher]: *** Going forward at 0.1 m/s.
[INFO] [1699895794.846946862] [publisher]: *** Going forward at 0.1 m/s.
[INFO] [1699895795.188592612] [publisher]: *** Going forward at 0.1 m/s.
[INFO] [1699895795.528210110] [publisher]: *** Going forward at 0.1 m/s.
[INFO] [1699895795.876748014] [publisher]: *** Going forward at 0.1 m/s.
[INFO] [1699895796.219716247] [publisher]: *** Going forward at 0.1 m/s.
[INFO] [1699895796.554556027] [publisher]: *** Going forward at 0.1 m/s.
[INFO] [1699895796.903045302] [publisher]: *** Going forward at 0.1 m/s.
[INFO] [1699895797.252871339] [publisher]: *** Going forward at 0.1 m/s.
[INFO] [1699895797.589543651] [publisher]: *** Going forward at 0.1 m/s.
[INFO] [1699895797.934223975] [publisher]: *** Going forward at 0.1 m/s.
[INFO] [1699895798.281804076] [publisher]: *** Going forward at 0.1 m/s.
[INFO] [1699895798.619699466] [publisher]: *** Going forward at 0.1 m/s.
[INFO] [1699895798.963909148] [publisher]: *** Going forward at 0.1 m/s.
[INFO] [1699895799.307154822] [publisher]: *** Going forward at 0.1 m/s.
[INFO] [1699895799.656961007] [publisher]: *** Going forward at 0.1 m/s.
[INFO] [1699895799.990779041] [publisher]: *** Going forward at 0.1 m/s.
[INFO] [1699895800.335283775] [publisher]: *** Going forward at 0.1 m/s.
[INFO] [1699895800.670085093] [publisher]: *** Going forward at 0.1 m/s.
[INFO] [1699895801.023002572] [publisher]: *** Going forward at 0.1 m/s.
[INFO] [1699895801.363678187] [publisher]: *** Going forward at 0.1 m/s.
[INFO] [1699895801.711513249] [publisher]: *** Going forward at 0.1 m/s.
[INFO] [1699895802.052622229] [publisher]: *** Going forward at 0.1 m/s.
[INFO] [1699895802.393348584] [publisher]: *** Going forward at 0.1 m/s.
[INFO] [1699895802.738311978] [publisher]: *** Going forward at 0.1 m/s.
[INFO] [1699895803.075420657] [publisher]: *** Going forward at 0.1 m/s.
[INFO] [1699895803.420163369] [publisher]: *** Going forward at 0.1 m/s.
[INFO] [1699895803.759087895] [publisher]: *** Going forward at 0.1 m/s.
[INFO] [1699895804.108058517] [publisher]: *** Going forward at 0.1 m/s.
[INFO] [1699895804.455915727] [publisher]: *** Going forward at 0.1 m/s.
[INFO] [1699895804.796275439] [publisher]: *** Going forward at 0.1 m/s.
[INFO] [1699895805.145798869] [publisher]: *** Going forward at 0.1 m/s.
[INFO] [1699895805.481500825] [publisher]: *** Going forward at 0.1 m/s.
[INFO] [1699895805.822960856] [publisher]: *** Going forward at 0.1 m/s.
[INFO] [1699895806.172766302] [subscriber]: Forward Obstacle detected
[INFO] [1699895806.176639290] [publisher]: *** Going forward at 0.1 m/s.
[INFO] [1699895806.282496648] [subscriber]: Forward Obstacle detected
[INFO] [1699895806.517722827] [publisher]: Rotating right...
[INFO] [1699895806.623066727] [publisher]: Rotating right...
[INFO] [1699895806.738453725] [publisher]: Rotating right...
[INFO] [1699895806.852341870] [publisher]: Rotating right...
[INFO] [1699895806.980815962] [publisher]: Rotating right...
[INFO] [1699895807.083598395] [publisher]: Rotating right...
[INFO] [1699895807.203351782] [publisher]: Rotating right...
[INFO] [1699895807.317391870] [publisher]: Rotating right...
[INFO] [1699895807.423875145] [publisher]: Rotating right...
[INFO] [1699895807.545478565] [publisher]: Rotating right...
[INFO] [1699895807.659549023] [publisher]: Rotating right...
[INFO] [1699895807.774149011] [publisher]: Rotating right...
[INFO] [1699895807.892585322] [publisher]: Rotating right...
[INFO] [1699895808.005580960] [publisher]: Rotating right...
[INFO] [1699895808.119135591] [publisher]: Rotating right...
[INFO] [1699895808.231697050] [publisher]: Rotating right...
[INFO] [1699895808.352985547] [publisher]: Rotating right...
[INFO] [1699895808.463030982] [publisher]: Rotating right...
[INFO] [1699895808.578033335] [publisher]: Rotating right...
[INFO] [1699895808.685618653] [publisher]: Rotating right...
[INFO] [1699895808.808016266] [publisher]: Rotating right...
[INFO] [1699895808.811104005] [subscriber]: 
*** Clear.
[INFO] [1699895809.151925582] [publisher]: *** Going forward at 0.1 m/s.
[INFO] [1699895809.488494897] [publisher]: *** Going forward at 0.1 m/s.
[INFO] [1699895809.833160519] [publisher]: *** Going forward at 0.1 m/s.
[INFO] [1699895810.177166945] [publisher]: *** Going forward at 0.1 m/s.
[INFO] [1699895810.520747747] [publisher]: *** Going forward at 0.1 m/s.
[INFO] [1699895810.859332223] [publisher]: *** Going forward at 0.1 m/s.
[INFO] [1699895811.205642046] [publisher]: *** Going forward at 0.1 m/s.
[INFO] [1699895811.553166410] [publisher]: *** Going forward at 0.1 m/s.
[INFO] [1699895811.890334107] [publisher]: *** Going forward at 0.1 m/s.
[INFO] [1699895812.233627654] [publisher]: *** Going forward at 0.1 m/s.
[INFO] [1699895812.580076012] [publisher]: *** Going forward at 0.1 m/s.
[INFO] [1699895812.921010885] [publisher]: *** Going forward at 0.1 m/s.
[INFO] [1699895813.261599984] [publisher]: *** Going forward at 0.1 m/s.
[INFO] [1699895813.606515677] [publisher]: *** Going forward at 0.1 m/s.
[INFO] [1699895813.953210477] [publisher]: *** Going forward at 0.1 m/s.
[INFO] [1699895814.287580821] [publisher]: *** Going forward at 0.1 m/s.
[INFO] [1699895814.628632989] [publisher]: *** Going forward at 0.1 m/s.
[INFO] [1699895814.985114926] [publisher]: *** Going forward at 0.1 m/s.
[INFO] [1699895815.318416635] [publisher]: *** Going forward at 0.1 m/s.
[INFO] [1699895815.666597954] [publisher]: *** Going forward at 0.1 m/s.
[INFO] [1699895816.014343575] [publisher]: *** Going forward at 0.1 m/s.
[INFO] [1699895816.355116783] [publisher]: *** Going forward at 0.1 m/s.
[INFO] [1699895816.694915115] [publisher]: *** Going forward at 0.1 m/s.
[INFO] [1699895817.043966497] [publisher]: *** Going forward at 0.1 m/s.
[INFO] [1699895817.386802976] [publisher]: *** Going forward at 0.1 m/s.
[INFO] [1699895817.727584870] [publisher]: *** Going forward at 0.1 m/s.
[INFO] [1699895818.062094731] [publisher]: *** Going forward at 0.1 m/s.
[INFO] [1699895818.407314551] [publisher]: *** Going forward at 0.1 m/s.
[INFO] [1699895818.752246003] [publisher]: *** Going forward at 0.1 m/s.
[INFO] [1699895819.099709480] [publisher]: *** Going forward at 0.1 m/s.
[INFO] [1699895819.452624389] [publisher]: *** Going forward at 0.1 m/s.
[INFO] [1699895819.787572633] [publisher]: *** Going forward at 0.1 m/s.
[INFO] [1699895820.131310990] [publisher]: *** Going forward at 0.1 m/s.
[INFO] [1699895820.467279019] [publisher]: *** Going forward at 0.1 m/s.
[INFO] [1699895820.820348592] [publisher]: *** Going forward at 0.1 m/s.
[INFO] [1699895821.160208146] [publisher]: *** Going forward at 0.1 m/s.
[INFO] [1699895821.495250205] [subscriber]: Forward Obstacle detected
[INFO] [1699895821.498193723] [publisher]: *** Going forward at 0.1 m/s.
[INFO] [1699895821.620107158] [subscriber]: Forward Obstacle detected
[INFO] [1699895821.844809878] [publisher]: Rotating right...
[INFO] [1699895821.961309158] [publisher]: Rotating right...
[INFO] [1699895822.070342346] [publisher]: Rotating right...
[INFO] [1699895822.188629678] [publisher]: Rotating right...
[INFO] [1699895822.300430943] [publisher]: Rotating right...
[INFO] [1699895822.421996234] [publisher]: Rotating right...
[INFO] [1699895822.539262023] [publisher]: Rotating right...
[INFO] [1699895822.654602188] [publisher]: Rotating right...
[INFO] [1699895822.765325967] [publisher]: Rotating right...
[INFO] [1699895822.883462412] [publisher]: Rotating right...
[INFO] [1699895822.987644235] [publisher]: Rotating right...
[INFO] [1699895823.101178090] [publisher]: Rotating right...
[INFO] [1699895823.223891014] [publisher]: Rotating right...
[INFO] [1699895823.338705519] [publisher]: Rotating right...
[INFO] [1699895823.454374754] [publisher]: Rotating right...
[INFO] [1699895823.566209815] [publisher]: Rotating right...
[INFO] [1699895823.675596407] [publisher]: Rotating right...
[INFO] [1699895823.789223686] [publisher]: Rotating right...
[INFO] [1699895823.906931859] [publisher]: Rotating right...
[INFO] [1699895824.024755530] [publisher]: Rotating right...
[INFO] [1699895824.139948586] [publisher]: Rotating right...
[INFO] [1699895824.146568003] [subscriber]: 
*** Clear.
[INFO] [1699895824.484015883] [publisher]: *** Going forward at 0.1 m/s.
[INFO] [1699895824.823541646] [publisher]: *** Going forward at 0.1 m/s.
[INFO] [1699895825.169719010] [publisher]: *** Going forward at 0.1 m/s.
[INFO] [1699895825.503919561] [publisher]: *** Going forward at 0.1 m/s.
[INFO] [1699895825.855306212] [publisher]: *** Going forward at 0.1 m/s.
[INFO] [1699895826.197338480] [publisher]: *** Going forward at 0.1 m/s.
[INFO] [1699895826.545066936] [publisher]: *** Going forward at 0.1 m/s.
[INFO] [1699895826.886935095] [publisher]: *** Going forward at 0.1 m/s.
[INFO] [1699895827.227535307] [publisher]: *** Going forward at 0.1 m/s.
[INFO] [1699895827.573882688] [publisher]: *** Going forward at 0.1 m/s.
[INFO] [1699895827.910197898] [publisher]: *** Going forward at 0.1 m/s.
[INFO] [1699895828.256989625] [publisher]: *** Going forward at 0.1 m/s.
[INFO] [1699895828.602835105] [publisher]: *** Going forward at 0.1 m/s.
[INFO] [1699895828.949582796] [publisher]: *** Going forward at 0.1 m/s.
[INFO] [1699895829.289518294] [publisher]: *** Going forward at 0.1 m/s.
[INFO] [1699895829.629332609] [publisher]: *** Going forward at 0.1 m/s.
[INFO] [1699895829.975866432] [publisher]: *** Going forward at 0.1 m/s.
[INFO] [1699895830.313746568] [publisher]: *** Going forward at 0.1 m/s.
[INFO] [1699895830.659355995] [publisher]: *** Going forward at 0.1 m/s.
[INFO] [1699895831.005177865] [publisher]: *** Going forward at 0.1 m/s.
[INFO] [1699895831.350540425] [publisher]: *** Going forward at 0.1 m/s.
[INFO] [1699895831.688902610] [publisher]: *** Going forward at 0.1 m/s.
[INFO] [1699895832.034698073] [publisher]: *** Going forward at 0.1 m/s.
[INFO] [1699895832.379733878] [publisher]: *** Going forward at 0.1 m/s.
[INFO] [1699895832.715543114] [publisher]: *** Going forward at 0.1 m/s.
[INFO] [1699895833.062043271] [publisher]: *** Going forward at 0.1 m/s.
[INFO] [1699895833.410518293] [publisher]: *** Going forward at 0.1 m/s.
[INFO] [1699895833.753385330] [publisher]: *** Going forward at 0.1 m/s.
[INFO] [1699895834.090306866] [publisher]: *** Going forward at 0.1 m/s.
[INFO] [1699895834.434715828] [publisher]: *** Going forward at 0.1 m/s.
[INFO] [1699895834.787214985] [publisher]: *** Going forward at 0.1 m/s.
[INFO] [1699895835.121184577] [publisher]: *** Going forward at 0.1 m/s.
[INFO] [1699895835.463284364] [publisher]: *** Going forward at 0.1 m/s.
[INFO] [1699895835.810504587] [publisher]: *** Going forward at 0.1 m/s.
[INFO] [1699895836.153917043] [publisher]: *** Going forward at 0.1 m/s.
[INFO] [1699895836.491862993] [publisher]: *** Going forward at 0.1 m/s.
[INFO] [1699895836.837727567] [publisher]: *** Going forward at 0.1 m/s.
[INFO] [1699895837.185202157] [publisher]: *** Going forward at 0.1 m/s.
[INFO] [1699895837.517195441] [publisher]: *** Going forward at 0.1 m/s.
[INFO] [1699895837.864195075] [publisher]: *** Going forward at 0.1 m/s.
[INFO] [1699895838.210288775] [publisher]: *** Going forward at 0.1 m/s.
[INFO] [1699895838.552893741] [publisher]: *** Going forward at 0.1 m/s.
[INFO] [1699895838.893501881] [publisher]: *** Going forward at 0.1 m/s.
[INFO] [1699895839.235770018] [publisher]: *** Going forward at 0.1 m/s.
[INFO] [1699895839.581311874] [publisher]: *** Going forward at 0.1 m/s.
[INFO] [1699895839.918263041] [publisher]: *** Going forward at 0.1 m/s.
[INFO] [1699895840.264755273] [publisher]: *** Going forward at 0.1 m/s.
[INFO] [1699895840.611736333] [publisher]: *** Going forward at 0.1 m/s.
[INFO] [1699895840.953079168] [publisher]: *** Going forward at 0.1 m/s.
[INFO] [1699895841.293587457] [publisher]: *** Going forward at 0.1 m/s.
[INFO] [1699895841.638554672] [publisher]: *** Going forward at 0.1 m/s.
[INFO] [1699895841.984930758] [publisher]: *** Going forward at 0.1 m/s.
[INFO] [1699895842.319473104] [publisher]: *** Going forward at 0.1 m/s.
[INFO] [1699895842.657970048] [publisher]: *** Going forward at 0.1 m/s.
[INFO] [1699895843.014736578] [publisher]: *** Going forward at 0.1 m/s.
[INFO] [1699895843.354696208] [publisher]: *** Going forward at 0.1 m/s.
[INFO] [1699895843.693564796] [publisher]: *** Going forward at 0.1 m/s.
[INFO] [1699895844.039089967] [publisher]: *** Going forward at 0.1 m/s.
[INFO] [1699895844.385164205] [publisher]: *** Going forward at 0.1 m/s.
[INFO] [1699895844.721905728] [publisher]: *** Going forward at 0.1 m/s.
[INFO] [1699895845.066330468] [subscriber]: Forward Obstacle detected
[INFO] [1699895845.069906997] [publisher]: *** Going forward at 0.1 m/s.
[INFO] [1699895845.184644301] [subscriber]: Forward Obstacle detected
[INFO] [1699895845.404911782] [publisher]: Rotating right...
[INFO] [1699895845.519344812] [publisher]: Rotating right...
[INFO] [1699895845.643471090] [publisher]: Rotating right...
[INFO] [1699895845.752677463] [publisher]: Rotating right...
[INFO] [1699895845.860735183] [publisher]: Rotating right...
[INFO] [1699895845.986607939] [publisher]: Rotating right...
[INFO] [1699895846.091201481] [publisher]: Rotating right...
[INFO] [1699895846.208054573] [publisher]: Rotating right...
[INFO] [1699895846.320347685] [publisher]: Rotating right...
[INFO] [1699895846.446529104] [publisher]: Rotating right...
[INFO] [1699895846.555842901] [publisher]: Rotating right...
[INFO] [1699895846.673098321] [publisher]: Rotating right...
[INFO] [1699895846.786115591] [publisher]: Rotating right...
[INFO] [1699895846.897186477] [publisher]: Rotating right...
[INFO] [1699895847.016286467] [publisher]: Rotating right...
[INFO] [1699895847.120271071] [publisher]: Rotating right...
[INFO] [1699895847.237678508] [publisher]: Rotating right...
[INFO] [1699895847.241573793] [subscriber]: 
*** Clear.
[INFO] [1699895847.579799222] [publisher]: *** Going forward at 0.1 m/s.
[INFO] [1699895847.921302796] [publisher]: *** Going forward at 0.1 m/s.
[INFO] [1699895848.272873874] [publisher]: *** Going forward at 0.1 m/s.
[INFO] [1699895848.614317134] [publisher]: *** Going forward at 0.1 m/s.
[INFO] [1699895848.955235197] [publisher]: *** Going forward at 0.1 m/s.
[INFO] [1699895849.298700376] [publisher]: *** Going forward at 0.1 m/s.
[INFO] [1699895849.643467632] [publisher]: *** Going forward at 0.1 m/s.
[INFO] [1699895849.986866942] [publisher]: *** Going forward at 0.1 m/s.
[INFO] [1699895850.318143422] [publisher]: *** Going forward at 0.1 m/s.
[INFO] [1699895850.671170167] [publisher]: *** Going forward at 0.1 m/s.
[INFO] [1699895851.016977706] [publisher]: *** Going forward at 0.1 m/s.
[INFO] [1699895851.355290302] [publisher]: *** Going forward at 0.1 m/s.
[INFO] [1699895851.697106761] [publisher]: *** Going forward at 0.1 m/s.
[INFO] [1699895852.043106131] [publisher]: *** Going forward at 0.1 m/s.
[INFO] [1699895852.387317876] [publisher]: *** Going forward at 0.1 m/s.
[INFO] [1699895852.725587861] [publisher]: *** Going forward at 0.1 m/s.
[INFO] [1699895853.068606454] [publisher]: *** Going forward at 0.1 m/s.
[INFO] [1699895853.415206446] [publisher]: *** Going forward at 0.1 m/s.
[INFO] [1699895853.754382791] [publisher]: *** Going forward at 0.1 m/s.
[INFO] [1699895854.098450815] [publisher]: *** Going forward at 0.1 m/s.
[INFO] [1699895854.445884964] [publisher]: *** Going forward at 0.1 m/s.
[INFO] [1699895854.787651184] [publisher]: *** Going forward at 0.1 m/s.
[INFO] [1699895855.121012286] [publisher]: *** Going forward at 0.1 m/s.
[INFO] [1699895855.470182062] [publisher]: *** Going forward at 0.1 m/s.
[INFO] [1699895855.815375942] [publisher]: *** Going forward at 0.1 m/s.
[INFO] [1699895856.154370105] [publisher]: *** Going forward at 0.1 m/s.
[INFO] [1699895856.498698015] [publisher]: *** Going forward at 0.1 m/s.
[INFO] [1699895856.834577920] [publisher]: *** Going forward at 0.1 m/s.
[INFO] [1699895857.179705524] [publisher]: *** Going forward at 0.1 m/s.
[INFO] [1699895857.525540989] [publisher]: *** Going forward at 0.1 m/s.
[INFO] [1699895857.873090766] [publisher]: *** Going forward at 0.1 m/s.
[INFO] [1699895858.215191519] [publisher]: *** Going forward at 0.1 m/s.
[INFO] [1699895858.555826587] [publisher]: *** Going forward at 0.1 m/s.
[INFO] [1699895858.897847860] [publisher]: *** Going forward at 0.1 m/s.
[INFO] [1699895859.245269954] [publisher]: *** Going forward at 0.1 m/s.
[INFO] [1699895859.356471487] [subscriber]: Forward Obstacle detected
[INFO] [1699895859.587543316] [publisher]: Rotating right...
[INFO] [1699895859.699454563] [publisher]: Rotating right...
[INFO] [1699895859.818553627] [publisher]: Rotating right...
[INFO] [1699895859.922738323] [publisher]: Rotating right...
[INFO] [1699895860.047262337] [publisher]: Rotating right...
[INFO] [1699895860.156659171] [publisher]: Rotating right...
[INFO] [1699895860.273954036] [publisher]: Rotating right...
[INFO] [1699895860.387760333] [publisher]: Rotating right...
[INFO] [1699895860.500280387] [publisher]: Rotating right...
[INFO] [1699895860.606545594] [publisher]: Rotating right...
[INFO] [1699895860.728757471] [publisher]: Rotating right...
[INFO] [1699895860.845724210] [publisher]: Rotating right...
[INFO] [1699895860.958042785] [publisher]: Rotating right...
[INFO] [1699895861.079171861] [publisher]: Rotating right...
[INFO] [1699895861.186843772] [publisher]: Rotating right...
[INFO] [1699895861.303959509] [publisher]: Rotating right...
[INFO] [1699895861.414707530] [publisher]: Rotating right...
[INFO] [1699895861.523046229] [publisher]: Rotating right...
[INFO] [1699895861.648578972] [publisher]: Rotating right...
[INFO] [1699895861.652433220] [subscriber]: 
*** Clear.
[INFO] [1699895861.988232904] [publisher]: *** Going forward at 0.1 m/s.
[INFO] [1699895862.322774234] [publisher]: *** Going forward at 0.1 m/s.
[INFO] [1699895862.673465954] [publisher]: *** Going forward at 0.1 m/s.
[INFO] [1699895863.017684719] [publisher]: *** Going forward at 0.1 m/s.
[INFO] [1699895863.357444372] [publisher]: *** Going forward at 0.1 m/s.
[INFO] [1699895863.703061452] [publisher]: *** Going forward at 0.1 m/s.
[INFO] [1699895864.048852864] [publisher]: *** Going forward at 0.1 m/s.
[INFO] [1699895864.387753658] [publisher]: *** Going forward at 0.1 m/s.
[INFO] [1699895864.729455157] [publisher]: *** Going forward at 0.1 m/s.
[INFO] [1699895865.076192909] [publisher]: *** Going forward at 0.1 m/s.
[INFO] [1699895865.418865304] [publisher]: *** Going forward at 0.1 m/s.
[INFO] [1699895865.754609452] [publisher]: *** Going forward at 0.1 m/s.
[INFO] [1699895866.101991751] [publisher]: *** Going forward at 0.1 m/s.
[INFO] [1699895866.447849884] [publisher]: *** Going forward at 0.1 m/s.
[INFO] [1699895866.787448874] [publisher]: *** Going forward at 0.1 m/s.
[INFO] [1699895867.121022420] [publisher]: *** Going forward at 0.1 m/s.
[INFO] [1699895867.474838009] [publisher]: *** Going forward at 0.1 m/s.
[INFO] [1699895867.816987096] [publisher]: *** Going forward at 0.1 m/s.
[INFO] [1699895868.155872409] [publisher]: *** Going forward at 0.1 m/s.
[INFO] [1699895868.490969677] [publisher]: *** Going forward at 0.1 m/s.
[INFO] [1699895868.844091942] [publisher]: *** Going forward at 0.1 m/s.
[INFO] [1699895869.185908515] [publisher]: *** Going forward at 0.1 m/s.
[INFO] [1699895869.521237706] [publisher]: *** Going forward at 0.1 m/s.
[INFO] [1699895869.870166524] [publisher]: *** Going forward at 0.1 m/s.
[INFO] [1699895870.215187445] [publisher]: *** Going forward at 0.1 m/s.
[INFO] [1699895870.555072857] [publisher]: *** Going forward at 0.1 m/s.
[INFO] [1699895870.895853129] [publisher]: *** Going forward at 0.1 m/s.
[INFO] [1699895871.238667967] [publisher]: *** Going forward at 0.1 m/s.
[INFO] [1699895871.582892251] [publisher]: *** Going forward at 0.1 m/s.
[INFO] [1699895871.924536882] [publisher]: *** Going forward at 0.1 m/s.
[INFO] [1699895872.268758703] [publisher]: *** Going forward at 0.1 m/s.
[INFO] [1699895872.611859168] [publisher]: *** Going forward at 0.1 m/s.
[INFO] [1699895872.953995015] [publisher]: *** Going forward at 0.1 m/s.
[INFO] [1699895873.292788015] [publisher]: *** Going forward at 0.1 m/s.
[INFO] [1699895873.635064805] [publisher]: *** Going forward at 0.1 m/s.
[INFO] [1699895873.983013024] [publisher]: *** Going forward at 0.1 m/s.
[INFO] [1699895874.320709816] [publisher]: *** Going forward at 0.1 m/s.
[INFO] [1699895874.663433934] [publisher]: *** Going forward at 0.1 m/s.
[INFO] [1699895874.997553307] [publisher]: *** Going forward at 0.1 m/s.
[INFO] [1699895875.353504778] [publisher]: *** Going forward at 0.1 m/s.
[INFO] [1699895875.688998913] [publisher]: *** Going forward at 0.1 m/s.
[INFO] [1699895876.033216271] [publisher]: *** Going forward at 0.1 m/s.
[INFO] [1699895876.378395340] [publisher]: *** Going forward at 0.1 m/s.
[INFO] [1699895876.720796962] [publisher]: *** Going forward at 0.1 m/s.
[INFO] [1699895877.057692820] [publisher]: *** Going forward at 0.1 m/s.
[INFO] [1699895877.404794217] [publisher]: *** Going forward at 0.1 m/s.
[INFO] [1699895877.749637031] [publisher]: *** Going forward at 0.1 m/s.
[INFO] [1699895878.083916458] [subscriber]: Forward Obstacle detected
[INFO] [1699895878.086995975] [publisher]: *** Going forward at 0.1 m/s.
[INFO] [1699895878.191841552] [subscriber]: Forward Obstacle detected
[INFO] [1699895878.421995227] [publisher]: Rotating left...
[INFO] [1699895878.550674117] [publisher]: Rotating left...
[INFO] [1699895878.656367942] [publisher]: Rotating left...
[INFO] [1699895878.761108743] [publisher]: Rotating left...
[INFO] [1699895878.886228436] [publisher]: Rotating left...
[INFO] [1699895878.999607499] [publisher]: Rotating left...
[INFO] [1699895879.109913507] [publisher]: Rotating left...
[INFO] [1699895879.228445968] [publisher]: Rotating left...
[INFO] [1699895879.343819673] [publisher]: Rotating left...
[INFO] [1699895879.455752365] [publisher]: Rotating left...
[INFO] [1699895879.561284544] [publisher]: Rotating left...
[INFO] [1699895879.685448897] [publisher]: Rotating left...
[INFO] [1699895879.797777862] [publisher]: Rotating left...
[INFO] [1699895879.908286276] [publisher]: Rotating left...
[INFO] [1699895880.025872119] [publisher]: Rotating left...
[INFO] [1699895880.145755415] [publisher]: Rotating left...
[INFO] [1699895880.255186527] [publisher]: Rotating left...
[INFO] [1699895880.369663872] [publisher]: Rotating left...
[INFO] [1699895880.491879084] [publisher]: Rotating left...
[INFO] [1699895880.596831418] [publisher]: Rotating left...
[INFO] [1699895880.600940293] [subscriber]: 
*** Clear.
[INFO] [1699895880.945154615] [publisher]: *** Going forward at 0.1 m/s.
[INFO] [1699895881.287971992] [publisher]: *** Going forward at 0.1 m/s.
[INFO] [1699895881.620527608] [publisher]: *** Going forward at 0.1 m/s.
[INFO] [1699895881.965763177] [publisher]: *** Going forward at 0.1 m/s.
[INFO] [1699895882.312631725] [publisher]: *** Going forward at 0.1 m/s.
[INFO] [1699895882.653947825] [publisher]: *** Going forward at 0.1 m/s.
[INFO] [1699895882.992322628] [publisher]: *** Going forward at 0.1 m/s.
[INFO] [1699895883.339564746] [publisher]: *** Going forward at 0.1 m/s.
[INFO] [1699895883.685465918] [publisher]: *** Going forward at 0.1 m/s.
[INFO] [1699895884.017773611] [publisher]: *** Going forward at 0.1 m/s.
[INFO] [1699895884.364154166] [publisher]: *** Going forward at 0.1 m/s.
[INFO] [1699895884.697166925] [publisher]: *** Going forward at 0.1 m/s.
[INFO] [1699895885.054394604] [publisher]: *** Going forward at 0.1 m/s.
[INFO] [1699895885.389793481] [publisher]: *** Going forward at 0.1 m/s.
[INFO] [1699895885.734804683] [publisher]: *** Going forward at 0.1 m/s.
[INFO] [1699895886.080017179] [publisher]: *** Going forward at 0.1 m/s.
[INFO] [1699895886.414628696] [publisher]: *** Going forward at 0.1 m/s.
[INFO] [1699895886.755446691] [publisher]: *** Going forward at 0.1 m/s.
[INFO] [1699895887.096456999] [publisher]: *** Going forward at 0.1 m/s.
[INFO] [1699895887.452998204] [publisher]: *** Going forward at 0.1 m/s.
[INFO] [1699895887.789742417] [publisher]: *** Going forward at 0.1 m/s.
[INFO] [1699895888.130060067] [publisher]: *** Going forward at 0.1 m/s.
[INFO] [1699895888.476994412] [publisher]: *** Going forward at 0.1 m/s.
[INFO] [1699895888.818662063] [publisher]: *** Going forward at 0.1 m/s.
[INFO] [1699895889.159302024] [publisher]: *** Going forward at 0.1 m/s.
[INFO] [1699895889.504016544] [subscriber]: Forward Obstacle detected
[INFO] [1699895889.508845577] [publisher]: *** Going forward at 0.1 m/s.
[INFO] [1699895889.618575482] [subscriber]: Forward Obstacle detected
[INFO] [1699895889.851121572] [publisher]: Rotating left...
[INFO] [1699895889.958433674] [publisher]: Rotating left...
[INFO] [1699895890.066089105] [publisher]: Rotating left...
[INFO] [1699895890.184094684] [publisher]: Rotating left...
[INFO] [1699895890.302996734] [publisher]: Rotating left...
[INFO] [1699895890.411927242] [publisher]: Rotating left...
[INFO] [1699895890.522871965] [publisher]: Rotating left...
[INFO] [1699895890.651068120] [publisher]: Rotating left...
[INFO] [1699895890.757510641] [publisher]: Rotating left...
[INFO] [1699895890.875571256] [publisher]: Rotating left...
[INFO] [1699895890.983961197] [publisher]: Rotating left...
[INFO] [1699895891.102658749] [publisher]: Rotating left...
[INFO] [1699895891.218070360] [publisher]: Rotating left...
[INFO] [1699895891.322971067] [publisher]: Rotating left...
[INFO] [1699895891.447729228] [publisher]: Rotating left...
[INFO] [1699895891.557046527] [publisher]: Rotating left...
[INFO] [1699895891.674979145] [publisher]: Rotating left...
[INFO] [1699895891.788571464] [publisher]: Rotating left...
[INFO] [1699895891.901065539] [publisher]: Rotating left...
[INFO] [1699895891.904925527] [subscriber]: 
*** Clear.
[INFO] [1699895892.240975323] [publisher]: *** Going forward at 0.1 m/s.
[INFO] [1699895892.586552797] [publisher]: *** Going forward at 0.1 m/s.
[INFO] [1699895892.932213065] [publisher]: *** Going forward at 0.1 m/s.
[INFO] [1699895893.273431649] [publisher]: *** Going forward at 0.1 m/s.
[INFO] [1699895893.617309995] [publisher]: *** Going forward at 0.1 m/s.
[INFO] [1699895893.953126313] [publisher]: *** Going forward at 0.1 m/s.
[INFO] [1699895894.301213200] [publisher]: *** Going forward at 0.1 m/s.
[INFO] [1699895894.648163119] [publisher]: *** Going forward at 0.1 m/s.
[INFO] [1699895894.988198866] [publisher]: *** Going forward at 0.1 m/s.
[INFO] [1699895895.322410000] [publisher]: *** Going forward at 0.1 m/s.
[INFO] [1699895895.673749680] [publisher]: *** Going forward at 0.1 m/s.
[INFO] [1699895896.010445024] [publisher]: *** Going forward at 0.1 m/s.
[INFO] [1699895896.356676545] [publisher]: *** Going forward at 0.1 m/s.
[INFO] [1699895896.692049961] [publisher]: *** Going forward at 0.1 m/s.
[INFO] [1699895897.048124285] [publisher]: *** Going forward at 0.1 m/s.
[INFO] [1699895897.380807032] [publisher]: *** Going forward at 0.1 m/s.
[INFO] [1699895897.725960696] [publisher]: *** Going forward at 0.1 m/s.
[INFO] [1699895898.061570998] [publisher]: *** Going forward at 0.1 m/s.
[INFO] [1699895898.406494092] [publisher]: *** Going forward at 0.1 m/s.
[INFO] [1699895898.751625497] [publisher]: *** Going forward at 0.1 m/s.
[INFO] [1699895899.096723348] [publisher]: *** Going forward at 0.1 m/s.
[INFO] [1699895899.442968888] [publisher]: *** Going forward at 0.1 m/s.
[INFO] [1699895899.787296970] [publisher]: *** Going forward at 0.1 m/s.
[INFO] [1699895900.119738609] [publisher]: *** Going forward at 0.1 m/s.
[INFO] [1699895900.468852354] [publisher]: *** Going forward at 0.1 m/s.
[INFO] [1699895900.803773572] [publisher]: *** Going forward at 0.1 m/s.
[INFO] [1699895901.154732165] [publisher]: *** Going forward at 0.1 m/s.
[INFO] [1699895901.493069730] [publisher]: *** Going forward at 0.1 m/s.
[INFO] [1699895901.840119167] [publisher]: *** Going forward at 0.1 m/s.
[INFO] [1699895902.182473182] [publisher]: *** Going forward at 0.1 m/s.
[INFO] [1699895902.522702149] [publisher]: *** Going forward at 0.1 m/s.
[INFO] [1699895902.856335273] [publisher]: *** Going forward at 0.1 m/s.
[INFO] [1699895903.206877464] [publisher]: *** Going forward at 0.1 m/s.
[INFO] [1699895903.563108694] [publisher]: *** Going forward at 0.1 m/s.
[INFO] [1699895903.885701327] [publisher]: *** Going forward at 0.1 m/s.
[INFO] [1699895904.226811172] [publisher]: *** Going forward at 0.1 m/s.
[INFO] [1699895904.572823308] [publisher]: *** Going forward at 0.09 m/s.
[INFO] [1699895904.916154533] [publisher]: *** Going forward at 0.09 m/s.
[INFO] [1699895905.260288563] [publisher]: *** Going forward at 0.09 m/s.
[INFO] [1699895905.605381822] [publisher]: *** Going forward at 0.08 m/s.
[INFO] [1699895905.953091881] [publisher]: *** Going forward at 0.07 m/s.
[INFO] [1699895906.288944737] [publisher]: *** Going forward at 0.07 m/s.
[INFO] [1699895906.623572257] [publisher]: *** Going forward at 0.06 m/s.
[INFO] [1699895906.966629393] [publisher]: *** Going forward at 0.06 m/s.
[INFO] [1699895907.311724133] [subscriber]: Obstacle detected
[INFO] [1699895907.315102795] [publisher]: *** Going forward at 0.06 m/s.
[INFO] [1699895907.429681196] [subscriber]: Obstacle detected
[INFO] [1699895907.657840491] [publisher]: Rotating left...
[INFO] [1699895907.773756208] [publisher]: Rotating left...
[INFO] [1699895907.880564132] [publisher]: Rotating left...
[INFO] [1699895907.990992621] [publisher]: Rotating left...
[INFO] [1699895908.116860511] [publisher]: Rotating left...
[INFO] [1699895908.221261890] [publisher]: Rotating left...
[INFO] [1699895908.336472376] [publisher]: Rotating left...
[INFO] [1699895908.455837587] [publisher]: Rotating left...
[INFO] [1699895908.574490937] [publisher]: Rotating left...
[INFO] [1699895908.680595962] [publisher]: Rotating left...
[INFO] [1699895908.800754367] [publisher]: Rotating left...
[INFO] [1699895908.920115800] [publisher]: Rotating left...
[INFO] [1699895909.026842281] [publisher]: Rotating left...
[INFO] [1699895909.145597425] [publisher]: Rotating left...
[INFO] [1699895909.252515977] [publisher]: Rotating left...
[INFO] [1699895909.360937418] [publisher]: Rotating left...
[INFO] [1699895909.486280869] [publisher]: Rotating left...
[INFO] [1699895909.597124428] [publisher]: Rotating left...
[INFO] [1699895909.706818519] [publisher]: Rotating left...
[INFO] [1699895909.818957432] [publisher]: Rotating left...
[INFO] [1699895909.933494056] [publisher]: Rotating left...
[INFO] [1699895909.938432457] [subscriber]: 
*** Clear.
[INFO] [1699895910.279930335] [publisher]: *** Going forward at 0.07 m/s.
[INFO] [1699895910.625647513] [publisher]: *** Going forward at 0.08 m/s.
[INFO] [1699895910.970177038] [publisher]: *** Going forward at 0.1 m/s.
[INFO] [1699895911.307150566] [publisher]: *** Going forward at 0.1 m/s.
[INFO] [1699895911.656102851] [publisher]: *** Going forward at 0.1 m/s.
[INFO] [1699895911.997429399] [publisher]: *** Going forward at 0.1 m/s.
[INFO] [1699895912.346693884] [publisher]: *** Going forward at 0.1 m/s.
[INFO] [1699895912.686895427] [publisher]: *** Going forward at 0.1 m/s.
[INFO] [1699895913.026464237] [publisher]: *** Going forward at 0.1 m/s.
[INFO] [1699895913.372035621] [publisher]: *** Going forward at 0.1 m/s.
[INFO] [1699895913.704723962] [publisher]: *** Going forward at 0.1 m/s.
[INFO] [1699895914.054948342] [publisher]: *** Going forward at 0.1 m/s.
[INFO] [1699895914.390563258] [publisher]: *** Going forward at 0.1 m/s.
[INFO] [1699895914.745678133] [publisher]: *** Going forward at 0.1 m/s.
[INFO] [1699895915.079832845] [publisher]: *** Going forward at 0.1 m/s.
[INFO] [1699895915.425681280] [publisher]: *** Going forward at 0.1 m/s.
[INFO] [1699895915.767916224] [publisher]: *** Going forward at 0.1 m/s.
[INFO] [1699895916.116531292] [publisher]: *** Going forward at 0.1 m/s.
[INFO] [1699895916.455570109] [publisher]: *** Going forward at 0.1 m/s.
[INFO] [1699895916.791005824] [publisher]: *** Going forward at 0.1 m/s.
[INFO] [1699895917.143932875] [publisher]: *** Going forward at 0.1 m/s.
[INFO] [1699895917.479900619] [publisher]: *** Going forward at 0.1 m/s.
[INFO] [1699895917.826047681] [publisher]: *** Going forward at 0.1 m/s.
[INFO] [1699895918.169529684] [publisher]: *** Going forward at 0.1 m/s.
[INFO] [1699895918.515157956] [publisher]: *** Going forward at 0.1 m/s.
[INFO] [1699895918.847635041] [publisher]: *** Going forward at 0.1 m/s.
[INFO] [1699895919.200095598] [publisher]: *** Going forward at 0.1 m/s.
[INFO] [1699895919.539941109] [publisher]: *** Going forward at 0.1 m/s.
[INFO] [1699895919.878387046] [publisher]: *** Going forward at 0.1 m/s.
[INFO] [1699895920.219810156] [publisher]: *** Going forward at 0.1 m/s.
[INFO] [1699895920.565642151] [publisher]: *** Going forward at 0.1 m/s.
[INFO] [1699895920.899962186] [publisher]: *** Going forward at 0.1 m/s.
[INFO] [1699895921.245849928] [publisher]: *** Going forward at 0.1 m/s.
[INFO] [1699895921.590721424] [publisher]: *** Going forward at 0.1 m/s.
[INFO] [1699895921.936529302] [publisher]: *** Going forward at 0.1 m/s.
[INFO] [1699895922.278822553] [subscriber]: Obstacle detected
[INFO] [1699895922.283680688] [publisher]: *** Going forward at 0.1 m/s.
[INFO] [1699895922.390009606] [subscriber]: Forward Obstacle detected
[INFO] [1699895922.620171717] [publisher]: Rotating left...
[INFO] [1699895922.731590805] [publisher]: Rotating left...
[INFO] [1699895922.839421287] [publisher]: Rotating left...
[INFO] [1699895922.954777998] [publisher]: Rotating left...
[INFO] [1699895923.076965812] [publisher]: Rotating left...
[INFO] [1699895923.188902118] [publisher]: Rotating left...
[INFO] [1699895923.292870810] [publisher]: Rotating left...
[INFO] [1699895923.424041787] [publisher]: Rotating left...
[INFO] [1699895923.522623458] [publisher]: Rotating left...
[INFO] [1699895923.645679506] [publisher]: Rotating left...
[INFO] [1699895923.758272068] [publisher]: Rotating left...
[INFO] [1699895923.865085481] [publisher]: Rotating left...
[INFO] [1699895923.986718206] [publisher]: Rotating left...
[INFO] [1699895924.092748494] [publisher]: Rotating left...
[INFO] [1699895924.217960268] [publisher]: Rotating left...
[INFO] [1699895924.328081067] [publisher]: Rotating left...
[INFO] [1699895924.443693977] [publisher]: Rotating left...
[INFO] [1699895924.450243916] [subscriber]: 
*** Clear.
[INFO] [1699895924.786128072] [publisher]: *** Going forward at 0.1 m/s.
[INFO] [1699895925.121512785] [publisher]: *** Going forward at 0.1 m/s.
[INFO] [1699895925.462730681] [publisher]: *** Going forward at 0.1 m/s.
[INFO] [1699895925.815278205] [publisher]: *** Going forward at 0.1 m/s.
[INFO] [1699895926.156128028] [publisher]: *** Going forward at 0.1 m/s.
[INFO] [1699895926.494757566] [publisher]: *** Going forward at 0.1 m/s.
[INFO] [1699895926.839328066] [publisher]: *** Going forward at 0.1 m/s.
[INFO] [1699895927.177134572] [publisher]: *** Going forward at 0.09 m/s.
[INFO] [1699895927.523998553] [publisher]: *** Going forward at 0.08 m/s.
[INFO] [1699895927.857156199] [publisher]: *** Going forward at 0.07 m/s.
[INFO] [1699895928.209890510] [publisher]: *** Going forward at 0.07 m/s.
[INFO] [1699895928.552311629] [publisher]: *** Going forward at 0.07 m/s.
[INFO] [1699895928.896971825] [publisher]: *** Going forward at 0.07 m/s.
[INFO] [1699895929.226091436] [publisher]: *** Going forward at 0.07 m/s.
[INFO] [1699895929.570171874] [publisher]: *** Going forward at 0.07 m/s.
[INFO] [1699895929.919626239] [publisher]: *** Going forward at 0.07 m/s.
[INFO] [1699895930.260491270] [publisher]: *** Going forward at 0.07 m/s.
[INFO] [1699895930.594359605] [publisher]: *** Going forward at 0.07 m/s.
[INFO] [1699895930.956436125] [publisher]: *** Going forward at 0.07 m/s.
[INFO] [1699895931.287280625] [publisher]: *** Going forward at 0.07 m/s.
[INFO] [1699895931.629127960] [publisher]: *** Going forward at 0.07 m/s.
[INFO] [1699895931.974844380] [publisher]: *** Going forward at 0.07 m/s.
[INFO] [1699895932.309467279] [publisher]: *** Going forward at 0.07 m/s.
[INFO] [1699895932.654059037] [publisher]: *** Going forward at 0.07 m/s.
[INFO] [1699895932.998763683] [publisher]: *** Going forward at 0.07 m/s.
[INFO] [1699895933.345281258] [publisher]: *** Going forward at 0.07 m/s.
[INFO] [1699895933.679117640] [publisher]: *** Going forward at 0.07 m/s.
[INFO] [1699895934.020304639] [publisher]: *** Going forward at 0.06 m/s.
[INFO] [1699895934.359066151] [publisher]: *** Going forward at 0.06 m/s.
[INFO] [1699895934.713941983] [publisher]: *** Going forward at 0.06 m/s.
[INFO] [1699895935.051882259] [publisher]: *** Going forward at 0.06 m/s.
[INFO] [1699895935.387198273] [publisher]: *** Going forward at 0.07 m/s.
[INFO] [1699895935.738919863] [publisher]: *** Going forward at 0.07 m/s.
[INFO] [1699895936.073325400] [publisher]: *** Going forward at 0.08 m/s.
[INFO] [1699895936.417760369] [publisher]: *** Going forward at 0.08 m/s.
[INFO] [1699895936.763659290] [publisher]: *** Going forward at 0.09 m/s.
[INFO] [1699895937.109446341] [publisher]: *** Going forward at 0.09 m/s.
[INFO] [1699895937.451503878] [publisher]: *** Going forward at 0.09 m/s.
[INFO] [1699895937.787271364] [publisher]: *** Going forward at 0.09 m/s.
[INFO] [1699895938.125372129] [publisher]: *** Going forward at 0.08 m/s.
[INFO] [1699895938.478719773] [publisher]: *** Going forward at 0.08 m/s.
[INFO] [1699895938.815237676] [publisher]: *** Going forward at 0.07 m/s.
[INFO] [1699895939.159349454] [publisher]: *** Going forward at 0.07 m/s.
[INFO] [1699895939.503677691] [publisher]: *** Going forward at 0.07 m/s.
[INFO] [1699895939.840467460] [publisher]: *** Going forward at 0.06 m/s.
[INFO] [1699895940.183623481] [publisher]: *** Going forward at 0.06 m/s.
[INFO] [1699895940.527711995] [publisher]: *** Going forward at 0.06 m/s.
[INFO] [1699895940.872121969] [publisher]: *** Going forward at 0.05 m/s.
[INFO] [1699895941.216643052] [subscriber]: Obstacle detected
[INFO] [1699895941.221065763] [publisher]: *** Going forward at 0.05 m/s.
[INFO] [1699895941.327126201] [subscriber]: Obstacle detected
[INFO] [1699895941.554636622] [publisher]: Rotating left...
[INFO] [1699895941.661055557] [publisher]: Rotating left...
[INFO] [1699895941.780578923] [publisher]: Rotating left...
[INFO] [1699895941.889177511] [publisher]: Rotating left...
[INFO] [1699895942.006203560] [publisher]: Rotating left...
[INFO] [1699895942.120572627] [publisher]: Rotating left...
[INFO] [1699895942.241055430] [publisher]: Rotating left...
[INFO] [1699895942.352836198] [publisher]: Rotating left...
[INFO] [1699895942.469497268] [publisher]: Rotating left...
[INFO] [1699895942.584672033] [publisher]: Rotating left...
[INFO] [1699895942.695716269] [publisher]: Rotating left...
[INFO] [1699895942.806789321] [publisher]: Rotating left...
[INFO] [1699895942.921399478] [publisher]: Rotating left...
[INFO] [1699895943.040544882] [publisher]: Rotating left...
[INFO] [1699895943.045851643] [subscriber]: 
*** Clear.
[INFO] [1699895943.376021944] [publisher]: *** Going forward at 0.05 m/s.
[INFO] [1699895943.719056455] [publisher]: *** Going forward at 0.05 m/s.
[INFO] [1699895944.064654134] [publisher]: *** Going forward at 0.05 m/s.
[INFO] [1699895944.409957386] [publisher]: *** Going forward at 0.05 m/s.
[INFO] [1699895944.752986986] [publisher]: *** Going forward at 0.08 m/s.
[INFO] [1699895945.086904295] [publisher]: *** Going forward at 0.1 m/s.
[INFO] [1699895945.435785002] [publisher]: *** Going forward at 0.1 m/s.
[INFO] [1699895945.769604624] [publisher]: *** Going forward at 0.1 m/s.
[INFO] [1699895946.125603133] [publisher]: *** Going forward at 0.1 m/s.
[INFO] [1699895946.460245376] [publisher]: *** Going forward at 0.1 m/s.
[INFO] [1699895946.794450604] [publisher]: *** Going forward at 0.1 m/s.
[INFO] [1699895947.151875526] [publisher]: *** Going forward at 0.1 m/s.
[INFO] [1699895947.489354673] [publisher]: *** Going forward at 0.1 m/s.
[INFO] [1699895947.829270137] [publisher]: *** Going forward at 0.1 m/s.
[INFO] [1699895948.163864451] [publisher]: *** Going forward at 0.1 m/s.
[INFO] [1699895948.518898309] [publisher]: *** Going forward at 0.1 m/s.
[INFO] [1699895948.857137022] [publisher]: *** Going forward at 0.1 m/s.
[INFO] [1699895949.199273115] [publisher]: *** Going forward at 0.1 m/s.
[INFO] [1699895949.535456042] [publisher]: *** Going forward at 0.1 m/s.
[INFO] [1699895949.886909329] [publisher]: *** Going forward at 0.1 m/s.
[INFO] [1699895950.225610386] [publisher]: *** Going forward at 0.1 m/s.
[INFO] [1699895950.562326511] [publisher]: *** Going forward at 0.1 m/s.
[INFO] [1699895950.914359495] [publisher]: *** Going forward at 0.1 m/s.
[INFO] [1699895951.253521082] [publisher]: *** Going forward at 0.1 m/s.
[INFO] [1699895951.593085425] [publisher]: *** Going forward at 0.1 m/s.
[INFO] [1699895951.940545029] [publisher]: *** Going forward at 0.1 m/s.
[INFO] [1699895952.283562254] [publisher]: *** Going forward at 0.1 m/s.
[INFO] [1699895952.620442019] [publisher]: *** Going forward at 0.1 m/s.
[INFO] [1699895952.962545694] [publisher]: *** Going forward at 0.1 m/s.
[INFO] [1699895953.308817985] [publisher]: *** Going forward at 0.1 m/s.
[INFO] [1699895953.638878757] [publisher]: *** Going forward at 0.1 m/s.
[INFO] [1699895953.988953060] [publisher]: *** Going forward at 0.1 m/s.
[INFO] [1699895954.332162869] [subscriber]: Obstacle detected
[INFO] [1699895954.335766344] [publisher]: *** Going forward at 0.1 m/s.
[INFO] [1699895954.449341385] [subscriber]: Obstacle detected
[INFO] [1699895954.677961271] [publisher]: Rotating left...
[INFO] [1699895954.786261663] [publisher]: Rotating left...
[INFO] [1699895954.893370099] [publisher]: Rotating left...
[INFO] [1699895955.019607813] [publisher]: Rotating left...
[INFO] [1699895955.128765364] [publisher]: Rotating left...
[INFO] [1699895955.238724577] [publisher]: Rotating left...
[INFO] [1699895955.353754736] [publisher]: Rotating left...
[INFO] [1699895955.466092414] [publisher]: Rotating left...
[INFO] [1699895955.581499349] [publisher]: Rotating left...
[INFO] [1699895955.693341900] [publisher]: Rotating left...
[INFO] [1699895955.818338066] [publisher]: Rotating left...
[INFO] [1699895955.927587857] [publisher]: Rotating left...
[INFO] [1699895956.038332083] [publisher]: Rotating left...
[INFO] [1699895956.156888884] [publisher]: Rotating left...
[INFO] [1699895956.263561007] [publisher]: Rotating left...
[INFO] [1699895956.385589710] [publisher]: Rotating left...
[INFO] [1699895956.490907397] [publisher]: Rotating left...
[INFO] [1699895956.493966451] [subscriber]: 
*** Clear.
[INFO] [1699895956.849642650] [publisher]: *** Going forward at 0.08 m/s.
[INFO] [1699895957.187116509] [publisher]: *** Going forward at 0.08 m/s.
[INFO] [1699895957.520453376] [publisher]: *** Going forward at 0.08 m/s.
[INFO] [1699895957.860284125] [publisher]: *** Going forward at 0.08 m/s.
[INFO] [1699895958.214317275] [publisher]: *** Going forward at 0.08 m/s.
[INFO] [1699895958.553487