[INFO] [1700082529.426201892] [subscriber]: readings: left 1.004  lft_fwd 0.819  fwd 1.249   rt_fwd 2.294   right 1.500  back 0.790
[INFO] [1700082529.429020957] [subscriber]: No Obstacles
[INFO] [1700082529.436215923] [subscriber]: readings: left 1.004  lft_fwd 0.816  fwd 1.250   rt_fwd 2.292   right 1.500  back 0.791
[INFO] [1700082529.438863712] [subscriber]: No Obstacles
[INFO] [1700082529.441980885] [publisher]: *** Command fwd at 0.1 m/s.
[INFO] [1700082529.656074882] [subscriber]: readings: left 1.006  lft_fwd 0.839  fwd 1.260   rt_fwd 2.280   right 1.503  back 0.795
[INFO] [1700082529.658275823] [subscriber]: No Obstacles
[INFO] [1700082529.996233663] [subscriber]: readings: left 1.012  lft_fwd 0.819  fwd 1.238   rt_fwd 2.194   right 1.503  back 0.823
[INFO] [1700082529.998892803] [subscriber]: No Obstacles
[INFO] [1700082530.002070846] [publisher]: *** Command fwd at 0.1 m/s.
[INFO] [1700082530.349972736] [subscriber]: readings: left 1.019  lft_fwd 0.788  fwd 1.212   rt_fwd 2.179   right 1.494  back 0.859
[INFO] [1700082530.353766013] [subscriber]: No Obstacles
[INFO] [1700082530.688312293] [subscriber]: readings: left 0.997  lft_fwd 0.779  fwd 1.191   rt_fwd 2.168   right 1.484  back 0.896
[INFO] [1700082530.690987470] [subscriber]: No Obstacles
[INFO] [1700082530.693489168] [publisher]: *** Command fwd at 0.1 m/s.
[INFO] [1700082531.028602886] [subscriber]: readings: left 0.940  lft_fwd 0.760  fwd 1.203   rt_fwd 2.130   right 1.482  back 0.928
[INFO] [1700082531.031974168] [subscriber]: No Obstacles
[INFO] [1700082531.372963032] [subscriber]: readings: left 0.878  lft_fwd 0.740  fwd 1.227   rt_fwd 2.048   right 1.497  back 0.945
[INFO] [1700082531.376501719] [subscriber]: No Obstacles
[INFO] [1700082531.380510328] [publisher]: *** Command fwd at 0.1 m/s.
[INFO] [1700082531.718131892] [subscriber]: readings: left 0.851  lft_fwd 0.719  fwd 1.219   rt_fwd 2.014   right 1.486  back 1.008
[INFO] [1700082531.721462137] [subscriber]: No Obstacles
[INFO] [1700082532.054243451] [subscriber]: readings: left 0.825  lft_fwd 0.699  fwd 1.168   rt_fwd 2.013   right 1.474  back 1.008
[INFO] [1700082532.057442864] [subscriber]: No Obstacles
[INFO] [1700082532.060072450] [publisher]: *** Command fwd at 0.1 m/s.
[INFO] [1700082532.388940950] [subscriber]: readings: left 0.802  lft_fwd 0.677  fwd 1.140   rt_fwd 2.013   right 1.461  back 1.067
[INFO] [1700082532.392039808] [subscriber]: No Obstacles
[INFO] [1700082532.729214968] [subscriber]: readings: left 0.770  lft_fwd 0.652  fwd 1.106   rt_fwd 1.987   right 1.453  back 1.100
[INFO] [1700082532.732518843] [subscriber]: No Obstacles
[INFO] [1700082532.735453425] [publisher]: *** Command fwd at 0.09 m/s.
[INFO] [1700082533.073463928] [subscriber]: readings: left 0.748  lft_fwd 0.632  fwd 1.065   rt_fwd 1.996   right 1.442  back 1.129
[INFO] [1700082533.078623415] [subscriber]: No Obstacles
[INFO] [1700082533.421925162] [subscriber]: readings: left 0.733  lft_fwd 0.608  fwd 1.013   rt_fwd 2.021   right 1.426  back 1.193
[INFO] [1700082533.424306713] [subscriber]: No Obstacles
[INFO] [1700082533.426601987] [publisher]: *** Command fwd at 0.09 m/s.
[INFO] [1700082533.760693157] [subscriber]: readings: left 0.702  lft_fwd 0.594  fwd 0.996   rt_fwd 2.001   right 1.420  back 1.193
[INFO] [1700082533.762997079] [subscriber]: No Obstacles
[INFO] [1700082534.097032546] [subscriber]: readings: left 0.676  lft_fwd 0.601  fwd 0.997   rt_fwd 1.974   right 1.418  back 1.193
[INFO] [1700082534.100513660] [subscriber]: No Obstacles
[INFO] [1700082534.103664592] [publisher]: *** Command fwd at 0.09 m/s.
[INFO] [1700082534.447695868] [subscriber]: readings: left 0.666  lft_fwd 0.581  fwd 0.958   rt_fwd 1.948   right 1.407  back 1.265
[INFO] [1700082534.453167444] [subscriber]: No Obstacles
[INFO] [1700082534.786895285] [subscriber]: readings: left 0.656  lft_fwd 0.566  fwd 0.902   rt_fwd 1.860   right 1.388  back 1.317
[INFO] [1700082534.789673350] [subscriber]: No Obstacles
[INFO] [1700082534.792226658] [publisher]: *** Command fwd at 0.08 m/s.
[INFO] [1700082535.120139074] [subscriber]: readings: left 0.645  lft_fwd 0.540  fwd 0.880   rt_fwd 1.834   right 1.386  back 1.350
[INFO] [1700082535.123166211] [subscriber]: No Obstacles
[INFO] [1700082535.470445825] [subscriber]: readings: left 0.645  lft_fwd 0.506  fwd 0.874   rt_fwd 1.846   right 1.380  back 1.368
[INFO] [1700082535.474787041] [subscriber]: No Obstacles
[INFO] [1700082535.479767418] [publisher]: *** Command fwd at 0.07 m/s.
[INFO] [1700082535.813943790] [subscriber]: readings: left 0.622  lft_fwd 0.492  fwd 0.834   rt_fwd 1.765   right 1.371  back 1.408
[INFO] [1700082535.818038750] [subscriber]: No Obstacles
[INFO] [1700082536.148092866] [subscriber]: readings: left 0.604  lft_fwd 0.483  fwd 0.814   rt_fwd 1.725   right 1.367  back 1.437
[INFO] [1700082536.152741172] [subscriber]: No Obstacles
[INFO] [1700082536.155572848] [publisher]: *** Command fwd at 0.07 m/s.
[INFO] [1700082536.492567081] [subscriber]: readings: left 0.583  lft_fwd 0.472  fwd 0.807   rt_fwd 1.722   right 1.364  back 1.448
[INFO] [1700082536.494862466] [subscriber]: No Obstacles
[INFO] [1700082536.826691508] [subscriber]: readings: left 0.566  lft_fwd 0.459  fwd 0.792   rt_fwd 1.700   right 1.359  back 1.448
[INFO] [1700082536.829335482] [subscriber]: No Obstacles
[INFO] [1700082536.832772541] [publisher]: *** Command fwd at 0.07 m/s.
[INFO] [1700082537.170284546] [subscriber]: readings: left 0.553  lft_fwd 0.446  fwd 0.759   rt_fwd 1.621   right 1.350  back 1.491
[INFO] [1700082537.174626152] [subscriber]: No Obstacles
[INFO] [1700082537.519015867] [subscriber]: readings: left 0.546  lft_fwd 0.433  fwd 0.731   rt_fwd 1.556   right 1.348  back 1.525
[INFO] [1700082537.522311575] [subscriber]: No Obstacles
[INFO] [1700082537.525465692] [publisher]: *** Command fwd at 0.06 m/s.
[INFO] [1700082537.853901730] [subscriber]: readings: left 0.521  lft_fwd 0.421  fwd 0.719   rt_fwd 1.530   right 1.340  back 1.542
[INFO] [1700082537.856749406] [subscriber]: No Obstacles
[INFO] [1700082538.201801614] [subscriber]: readings: left 0.502  lft_fwd 0.410  fwd 0.704   rt_fwd 1.498   right 1.335  back 1.555
[INFO] [1700082538.206497790] [subscriber]: No Obstacles
[INFO] [1700082538.210897432] [publisher]: *** Command fwd at 0.06 m/s.
[INFO] [1700082538.542896157] [subscriber]: readings: left 0.489  lft_fwd 0.397  fwd 0.681   rt_fwd 1.465   right 1.339  back 1.583
[INFO] [1700082538.546013126] [subscriber]: No Obstacles
[INFO] [1700082538.877582873] [subscriber]: readings: left 0.475  lft_fwd 0.385  fwd 0.654   rt_fwd 1.410   right 1.335  back 1.632
[INFO] [1700082538.881060469] [subscriber]: No Obstacles
[INFO] [1700082538.883887108] [publisher]: *** Command fwd at 0.06 m/s.
[INFO] [1700082539.225744976] [subscriber]: readings: left 0.459  lft_fwd 0.374  fwd 0.641   rt_fwd 1.395   right 1.333  back 1.641
[INFO] [1700082539.228495467] [subscriber]: No Obstacles
[INFO] [1700082539.569244216] [subscriber]: readings: left 0.434  lft_fwd 0.364  fwd 0.632   rt_fwd 1.377   right 1.330  back 1.641
[INFO] [1700082539.574392870] [subscriber]: No Obstacles
[INFO] [1700082539.578042130] [publisher]: *** Command fwd at 0.05 m/s.
[INFO] [1700082539.904797905] [subscriber]: readings: left 0.431  lft_fwd 0.355  fwd 0.618   rt_fwd 1.359   right 1.328  back 1.641
[INFO] [1700082539.910503109] [subscriber]: No Obstacles
[INFO] [1700082540.253443021] [subscriber]: readings: left 0.436  lft_fwd 0.345  fwd 0.601   rt_fwd 1.327   right 1.326  back 1.641
[INFO] [1700082540.255864423] [subscriber]: Forward left 0.345 or right obstacle 1.327 meters
[INFO] [1700082540.258215511] [publisher]: *** Command fwd at 0.05 m/s.
[INFO] [1700082540.587005692] [subscriber]: readings: left 0.427  lft_fwd 0.335  fwd 0.578   rt_fwd 1.280   right 1.324  back 1.641
[INFO] [1700082540.589634536] [subscriber]: Forward left 0.335 or right obstacle 1.280 meters
[INFO] [1700082541.644468942] [publisher]: rotate: readings: left 0.422  lft_fwd 0.331  fwd 0.562   rt_fwd 1.253   right 1.321  back 1.716
