[INFO] [1699904232.332976792] [subscriber]: Obstacle detected
[INFO] [1699904232.337398693] [subscriber]: 
*** Clear.
[INFO] [1699904232.344743435] [publisher]: *** Going forward at 0.1 m/s.
[INFO] [1699904232.502373116] [publisher]: *** Going forward at 0.1 m/s.
[INFO] [1699904232.857712508] [publisher]: *** Going forward at 0.1 m/s.
[INFO] [1699904233.197182982] [publisher]: *** Going forward at 0.1 m/s.
[INFO] [1699904233.535296080] [publisher]: *** Going forward at 0.1 m/s.
[INFO] [1699904233.873841988] [publisher]: *** Going forward at 0.1 m/s.
[INFO] [1699904234.207093893] [publisher]: *** Going forward at 0.1 m/s.
[INFO] [1699904234.558545321] [publisher]: *** Going forward at 0.1 m/s.
[INFO] [1699904234.888009485] [publisher]: *** Going forward at 0.1 m/s.
[INFO] [1699904235.234048114] [publisher]: *** Going forward at 0.1 m/s.
[INFO] [1699904235.572810352] [publisher]: *** Going forward at 0.1 m/s.
[INFO] [1699904235.907599814] [publisher]: *** Going forward at 0.1 m/s.
[INFO] [1699904236.250153255] [publisher]: *** Going forward at 0.1 m/s.
[INFO] [1699904236.591122859] [publisher]: *** Going forward at 0.1 m/s.
[INFO] [1699904236.935944091] [publisher]: *** Going forward at 0.1 m/s.
[INFO] [1699904237.274669217] [publisher]: *** Going forward at 0.1 m/s.
[INFO] [1699904237.608145301] [publisher]: *** Going forward at 0.1 m/s.
[INFO] [1699904237.948359097] [publisher]: *** Going forward at 0.1 m/s.
[INFO] [1699904238.288925222] [publisher]: *** Going forward at 0.1 m/s.
[INFO] [1699904238.630927258] [publisher]: *** Going forward at 0.1 m/s.
[INFO] [1699904238.972269505] [publisher]: *** Going forward at 0.1 m/s.
[INFO] [1699904239.303311334] [publisher]: *** Going forward at 0.1 m/s.
[INFO] [1699904239.655777506] [publisher]: *** Going forward at 0.1 m/s.
[INFO] [1699904239.993272401] [publisher]: *** Going forward at 0.1 m/s.
[INFO] [1699904240.324384803] [publisher]: *** Going forward at 0.1 m/s.
[INFO] [1699904240.663101926] [publisher]: *** Going forward at 0.1 m/s.
[INFO] [1699904241.009376492] [publisher]: *** Going forward at 0.1 m/s.
[INFO] [1699904241.352959288] [publisher]: *** Going forward at 0.1 m/s.
[INFO] [1699904241.682494519] [publisher]: *** Going forward at 0.1 m/s.
[INFO] [1699904242.024345961] [publisher]: *** Going forward at 0.1 m/s.
[INFO] [1699904242.362655845] [publisher]: *** Going forward at 0.1 m/s.
[INFO] [1699904242.704572786] [publisher]: *** Going forward at 0.1 m/s.
[INFO] [1699904243.035488299] [publisher]: *** Going forward at 0.1 m/s.
[INFO] [1699904243.373663609] [publisher]: *** Going forward at 0.1 m/s.
[INFO] [1699904243.723906319] [publisher]: *** Going forward at 0.1 m/s.
[INFO] [1699904244.063605632] [publisher]: *** Going forward at 0.1 m/s.
[INFO] [1699904244.401929477] [publisher]: *** Going forward at 0.1 m/s.
[INFO] [1699904244.733417872] [publisher]: *** Going forward at 0.1 m/s.
[INFO] [1699904245.070809893] [publisher]: *** Going forward at 0.1 m/s.
[INFO] [1699904245.414121613] [publisher]: *** Going forward at 0.1 m/s.
[INFO] [1699904245.759440203] [publisher]: *** Going forward at 0.1 m/s.
[INFO] [1699904246.100261281] [publisher]: *** Going forward at 0.1 m/s.
[INFO] [1699904246.431563176] [publisher]: *** Going forward at 0.1 m/s.
[INFO] [1699904246.768614494] [publisher]: *** Going forward at 0.1 m/s.
[INFO] [1699904247.109231926] [publisher]: *** Going forward at 0.1 m/s.
[INFO] [1699904247.450041892] [publisher]: *** Going forward at 0.1 m/s.
[INFO] [1699904247.792295288] [publisher]: *** Going forward at 0.1 m/s.
[INFO] [1699904248.128911628] [publisher]: *** Going forward at 0.1 m/s.
[INFO] [1699904248.466366997] [publisher]: *** Going forward at 0.1 m/s.
[INFO] [1699904248.805395553] [publisher]: *** Going forward at 0.1 m/s.
[INFO] [1699904249.146654476] [publisher]: *** Going forward at 0.1 m/s.
[INFO] [1699904249.495617859] [publisher]: *** Going forward at 0.06 m/s.
[INFO] [1699904249.825603783] [publisher]: *** Going forward at 0.06 m/s.
[INFO] [1699904250.169646399] [publisher]: *** Going forward at 0.06 m/s.
[INFO] [1699904250.510857136] [pu