[INFO] [1699838902.404387357] [subscriber]: Obstacle detected
[INFO] [1699838902.523041519] [publisher]: Rotating right...
[INFO] [1699838902.629126330] [publisher]: Rotating right...
[INFO] [1699838902.748502950] [publisher]: Rotating right...
[INFO] [1699838902.859201270] [publisher]: Rotating right...
[INFO] [1699838902.965549265] [publisher]: Rotating right...
[INFO] [1699838902.969840128] [subscriber]: Clear.
[INFO] [1699838903.300746631] [publisher]: Going forward at 0.1 m/s.
[INFO] [1699838903.645903678] [publisher]: Going forward at 0.1 m/s.
[INFO] [1699838903.982018779] [publisher]: Going forward at 0.1 m/s.
[INFO] [1699838904.310643626] [publisher]: Going forward at 0.1 m/s.
[INFO] [1699838904.650620960] [publisher]: Going forward at 0.1 m/s.
[INFO] [1699838904.985235937] [publisher]: Going forward at 0.1 m/s.
[INFO] [1699838905.321089997] [publisher]: Going forward at 0.1 m/s.
[INFO] [1699838905.659569616] [publisher]: Going forward at 0.1 m/s.
[INFO] [1699838905.987557574] [publisher]: Going forward at 0.1 m/s.
[INFO] [1699838906.322373508] [publisher]: Going forward at 0.1 m/s.
[INFO] [1699838906.659297411] [publisher]: Going forward at 0.1 m/s.
[INFO] [1699838907.005529406] [publisher]: Going forward at 0.1 m/s.
[INFO] [1699838907.334252984] [publisher]: Going forward at 0.1 m/s.
[INFO] [1699838907.679012115] [publisher]: Going forward at 0.1 m/s.
[INFO] [1699838908.006303980] [publisher]: Going forward at 0.1 m/s.
[INFO] [1699838908.347847775] [publisher]: Going forward at 0.1 m/s.
[INFO] [1699838908.683531364] [publisher]: Going forward at 0.1 m/s.
[INFO] [1699838909.018639272] [publisher]: Going forward at 0.1 m/s.
[INFO] [1699838909.353878880] [publisher]: Going forward at 0.1 m/s.
[INFO] [1699838909.683692206] [publisher]: Going forward at 0.1 m/s.
[INFO] [1699838910.020317028] [publisher]: Going forward at 0.1 m/s.
[INFO] [1699838910.364156303] [publisher]: Going forward at 0.1 m/s.
[INFO] [1699838910.693979182] [publisher]: Going forward at 0.1 m/s.
[INFO] [1699838911.030287447] [publisher]: Going forward at 0.1 m/s.
[INFO] [1699838911.377578032] [publisher]: Going forward at 0.08 m/s.
[INFO] [1699838911.710812813] [subscriber]: Forward Obstacle detected
[INFO] [1699838911.715210824] [publisher]: Going forward at 0.08 m/s.
[INFO] [1699838911.819509323] [subscriber]: Forward Obstacle detected
[INFO] [1699838912.047706757] [publisher]: Rotating left...
[INFO] [1699838912.155824473] [publisher]: Rotating left...
[INFO] [1699838912.260280304] [publisher]: Rotating left...
[INFO] [1699838912.376523378] [publisher]: Rotating left...
[INFO] [1699838912.484447261] [publisher]: Rotating left...
[INFO] [1699838912.600650965] [publisher]: Rotating left...
[INFO] [1699838912.716785984] [publisher]: Rotating left...
[INFO] [1699838912.831188050] [publisher]: Rotating left...
[INFO] [1699838912.944159515] [publisher]: Rotating left...
[INFO] [1699838913.047841664] [publisher]: Rotating left...
[INFO] [1699838913.157019484] [publisher]: Rotating left...
[INFO] [1699838913.281622506] [publisher]: Rotating left...
[INFO] [1699838913.391227434] [publisher]: Rotating left...
[INFO] [1699838913.495511617] [publisher]: Rotating left...
[INFO] [1699838913.610778029] [publisher]: Rotating left...
[INFO] [1699838913.717597437] [publisher]: Rotating left...
[INFO] [1699838913.836655363] [publisher]: Rotating left...
[INFO] [1699838913.839738103] [subscriber]: Clear.
[INFO] [1699838914.170403449] [publisher]: Going forward at 0.1 m/s.
[INFO] [1699838914.512608538] [publisher]: Going forward at 0.1 m/s.
[INFO] [1699838914.847690392] [publisher]: Going forward at 0.1 m/s.
[INFO] [1699838915.178631956] [publisher]: Going forward at 0.1 m/s.
[INFO] [1699838915.519486680] [publisher]: Going forward at 0.1 m/s.
[INFO] [1699838915.849746116] [publisher]: Going forward at 0.1 m/s.
[INFO] [1699838916.184453710] [publisher]: Going forward at 0.1 m/s.
[INFO] [1699838916.518471473] [publisher]: Going forward at 0.1 m/s.
[INFO] [1699838916.856044306] [publisher]: Going forward at 0.1 m/s.
[INFO] [1699838917.192214981] [publisher]: Going forward at 0.1 m/s.
[INFO] [1699838917.530315994] [publisher]: Going forward at 0.1 m/s.
[INFO] [1699838917.876321403] [publisher]: Going forward at 0.1 m/s.
[INFO] [1699838918.209262057] [publisher]: Going forward at 0.1 m/s.
[INFO] [1699838918.541348678] [publisher]: Going forward at 0.1 m/s.
[INFO] [1699838918.875987339] [publisher]: Going forward at 0.1 m/s.
[INFO] [1699838919.216370426] [publisher]: Going forward at 0.1 m/s.
[INFO] [1699838919.547146831] [publisher]: Going forward at 0.1 m/s.
[INFO] [1699838919.880811958] [publisher]: Going forward at 0.1 m/s.
[INFO] [1699838920.221327745] [publisher]: Going forward at 0.1 m/s.
[INFO] [1699838920.550677063] [publisher]: Going forward at 0.1 m/s.
[INFO] [1699838920.892952876] [publisher]: Going forward at 0.1 m/s.
[INFO] [1699838921.233502382] [publisher]: Going forward at 0.1 m/s.
[INFO] [1699838921.567984610] [publisher]: Going forward at 0.1 m/s.
[INFO] [1699838921.894611997] [publisher]: Going forward at 0.1 m/s.
[INFO] [1699838922.241467351] [publisher]: Going forward at 0.1 m/s.
[INFO] [1699838922.568922194] [publisher]: Going forward at 0.1 m/s.
[INFO] [1699838922.905162223] [publisher]: Going forward at 0.1 m/s.
[INFO] [1699838923.248474429] [publisher]: Going forward at 0.1 m/s.
[INFO] [1699838923.581389699] [publisher]: Going forward at 0.1 m/s.
[INFO] [1699838923.915703700] [publisher]: Going forward at 0.1 m/s.
[INFO] [1699838924.251111563] [publisher]: Going forward at 0.1 m/s.
[INFO] [1699838924.581001811] [publisher]: Going forward at 0.1 m/s.
[INFO] [1699838924.916519840] [publisher]: Going forward at 0.1 m/s.
[INFO] [1699838925.259312377] [publisher]: Going forward at 0.1 m/s.
[INFO] [1699838925.596348949] [publisher]: Going forward at 0.1 m/s.
[INFO] [1699838925.923471545] [publisher]: Going forward at 0.09 m/s.
[INFO] [1699838926.270124407] [publisher]: Going forward at 0.08 m/s.
[INFO] [1699838926.607085736] [publisher]: Going forward at 0.06 m/s.
[INFO] [1699838926.934710215] [subscriber]: Obstacle detected
[INFO] [1699838926.940355310] [publisher]: Going forward at 0.06 m/s.
[INFO] [1699838927.048494531] [subscriber]: Obstacle detected
[INFO] [1699838927.279228384] [publisher]: Rotating right...
[INFO] [1699838927.387499975] [publisher]: Rotating right...
[INFO] [1699838927.492242661] [publisher]: Rotating right...
[INFO] [1699838927.612603751] [publisher]: Rotating right...
[INFO] [1699838927.724388301] [publisher]: Rotating right...
[INFO] [1699838927.829835854] [publisher]: Rotating right...
[INFO] [1699838927.948189104] [publisher]: Rotating right...
[INFO] [1699838928.055740791] [publisher]: Rotating right...
[INFO] [1699838928.178531199] [publisher]: Rotating right...
[INFO] [1699838928.281544914] [publisher]: Rotating right...
[INFO] [1699838928.398983502] [publisher]: Rotating right...
[INFO] [1699838928.503114691] [publisher]: Rotating right...
[INFO] [1699838928.616679322] [publisher]: Rotating right...
[INFO] [1699838928.736741673] [publisher]: Rotating right...
[INFO] [1699838928.847699375] [publisher]: Rotating right...
[INFO] [1699838928.956151871] [publisher]: Rotating right...
[INFO] [1699838929.069530614] [publisher]: Rotating right...
[INFO] [1699838929.185782542] [publisher]: Rotating right...
[INFO] [1699838929.296921039] [publisher]: Rotating right...
[INFO] [1699838929.408953716] [publisher]: Rotating right...
[INFO] [1699838929.512354261] [publisher]: Rotating right...
[INFO] [1699838929.621167809] [publisher]: Rotating right...
[INFO] [1699838929.750025752] [publisher]: Rotating right...
[INFO] [1699838929.753721137] [subscriber]: Clear.
[INFO] [1699838930.073423193] [publisher]: Going forward at 0.1 m/s.
[INFO] [1699838930.415074001] [publisher]: Going forward at 0.1 m/s.
[INFO] [1699838930.749727704] [publisher]: Going forward at 0.1 m/s.
[INFO] [1699838931.084393758] [publisher]: Going forward at 0.1 m/s.
[INFO] [1699838931.420516616] [publisher]: Going forward at 0.1 m/s.
[INFO] [1699838931.757331747] [publisher]: Going forward at 0.1 m/s.
[INFO] [1699838932.095112853] [publisher]: Going forward at 0.1 m/s.
[INFO] [1699838932.431375133] [publisher]: Going forward at 0.1 m/s.
[INFO] [1699838932.759246021] [publisher]: Going forward at 0.1 m/s.
[INFO] [1699838933.095073248] [publisher]: Going forward at 0.1 m/s.
[INFO] [1699838933.442501900] [publisher]: Going forward at 0.1 m/s.
[INFO] [1699838933.772142108] [publisher]: Going forward at 0.1 m/s.
[INFO] [1699838934.114863474] [publisher]: Going forward at 0.1 m/s.
[INFO] [1699838934.444673900] [publisher]: Going forward at 0.1 m/s.
[INFO] [1699838934.781614134] [publisher]: Going forward at 0.1 m/s.
[INFO] [1699838935.118492886] [publisher]: Going forward at 0.1 m/s.
[INFO] [1699838935.448841139] [publisher]: Going forward at 0.1 m/s.
[INFO] [1699838935.785182300] [publisher]: Going forward at 0.1 m/s.
[INFO] [1699838936.122295659] [publisher]: Going forward at 0.1 m/s.
[INFO] [1699838936.457236974] [publisher]: Going forward at 0.1 m/s.
[INFO] [1699838936.803042165] [publisher]: Going forward at 0.1 m/s.
[INFO] [1699838937.141635697] [publisher]: Going forward at 0.1 m/s.
[INFO] [1699838937.469229851] [publisher]: Going forward at 0.1 m/s.
[INFO] [1699838937.812768258] [publisher]: Going forward at 0.1 m/s.
[INFO] [1699838938.144180462] [publisher]: Going forward at 0.1 m/s.
[INFO] [1699838938.473874878] [publisher]: Going forward at 0.1 m/s.
[INFO] [1699838938.816774101] [subscriber]: Forward Obstacle detected
[INFO] [1699838938.819731712] [publisher]: Going forward at 0.07 m/s.
[INFO] [1699838938.932425340] [subscriber]: Forward Obstacle detected
[INFO] [1699838939.152819181] [publisher]: Rotating right...
[INFO] [1699838939.257289711] [publisher]: Rotating right...
[INFO] [1699838939.373882165] [publisher]: Rotating right...
[INFO] [1699838939.483112869] [publisher]: Rotating right...
[INFO] [1699838939.597302708] [publisher]: Rotating right...
[INFO] [1699838939.714738472] [publisher]: Rotating right...
[INFO] [1699838939.818539025] [publisher]: Rotating right...
[INFO] [1699838939.941869622] [publisher]: Rotating right...
[INFO] [1699838940.046394466] [publisher]: Rotating right...
[INFO] [1699838940.156218425] [publisher]: Rotating right...
[INFO] [1699838940.279768964] [publisher]: Rotating right...
[INFO] [1699838940.383991883] [publisher]: Rotating right...
[INFO] [1699838940.491168599] [publisher]: Rotating right...
[INFO] [1699838940.605823454] [publisher]: Rotating right...
[INFO] [1699838940.716887756] [publisher]: Rotating right...
[INFO] [1699838940.838906527] [publisher]: Rotating right...
[INFO] [1699838940.945936596] [publisher]: Rotating right...
[INFO] [1699838941.058621962] [publisher]: Rotating right...
[INFO] [1699838941.163793616] [publisher]: Rotating right...
[INFO] [1699838941.279178520] [publisher]: Rotating right...
[INFO] [1699838941.398300364] [publisher]: Rotating right...
[INFO] [1699838941.511786947] [publisher]: Rotating right...
[INFO] [1699838941.614930298] [publisher]: Rotating right...
[INFO] [1699838941.736503553] [publisher]: Rotating right...
[INFO] [1699838941.739902457] [subscriber]: Clear.
[INFO] [1699838942.060552386] [publisher]: Going forward at 0.1 m/s.
[INFO] [1699838942.406322950] [publisher]: Going forward at 0.1 m/s.
[INFO] [1699838942.736310021] [publisher]: Going forward at 0.1 m/s.
[INFO] [1699838943.081413663] [publisher]: Going forward at 0.1 m/s.
[INFO] [1699838943.414366565] [publisher]: Going forward at 0.1 m/s.
[INFO] [1699838943.748867161] [publisher]: Going forward at 0.1 m/s.
[INFO] [1699838944.080574200] [publisher]: Going forward at 0.1 m/s.
[INFO] [1699838944.419247100] [publisher]: Going forward at 0.1 m/s.
[INFO] [1699838944.749345888] [publisher]: Going forward at 0.1 m/s.
[INFO] [1699838945.084499976] [publisher]: Going forward at 0.1 m/s.
[INFO] [1699838945.427776845] [publisher]: Going forward at 0.1 m/s.
[INFO] [1699838945.764718753] [publisher]: Going forward at 0.1 m/s.
[INFO] [1699838946.104230274] [publisher]: Going forward at 0.1 m/s.
[INFO] [1699838946.439893003] [publisher]: Going forward at 0.1 m/s.
[INFO] [1699838946.763953009] [publisher]: Going forward at 0.1 m/s.
[INFO] [1699838947.110423002] [publi