[INFO] [1699843582.818405493] [subscriber]: Obstacle detected
[INFO] [1699843583.090563621] [publisher]: Rotating right...
[INFO] [1699843583.105112385] [publisher]: Rotating right...
[INFO] [1699843583.166106584] [publisher]: Rotating right...
[INFO] [1699843583.270922611] [publisher]: Rotating right...
[INFO] [1699843583.387422907] [publisher]: Rotating right...
[INFO] [1699843583.491992936] [publisher]: Rotating right...
[INFO] [1699843583.605559554] [publisher]: Rotating right...
[INFO] [1699843583.714823413] [publisher]: Rotating right...
[INFO] [1699843583.828400698] [publisher]: Rotating right...
[INFO] [1699843583.944134057] [publisher]: Rotating right...
[INFO] [1699843584.050217017] [publisher]: Rotating right...
[INFO] [1699843584.162949809] [publisher]: Rotating right...
[INFO] [1699843584.167782471] [subscriber]: 
*** Clear.
[INFO] [1699843584.499050405] [publisher]: *** Going forward at 0.1 m/s.
[INFO] [1699843584.844032537] [publisher]: *** Going forward at 0.1 m/s.
[INFO] [1699843585.173104046] [publisher]: *** Going forward at 0.1 m/s.
[INFO] [1699843585.514443134] [publisher]: *** Going forward at 0.1 m/s.
[INFO] [1699843585.848516025] [publisher]: *** Going forward at 0.1 m/s.
[INFO] [1699843586.183267706] [publisher]: *** Going forward at 0.1 m/s.
[INFO] [1699843586.514243512] [publisher]: *** Going forward at 0.1 m/s.
[INFO] [1699843586.856028188] [publisher]: *** Going forward at 0.1 m/s.
[INFO] [1699843587.182804492] [publisher]: *** Going forward at 0.1 m/s.
[INFO] [1699843587.527311717] [publisher]: *** Going forward at 0.1 m/s.
[INFO] [1699843587.862075768] [publisher]: *** Going forward at 0.1 m/s.
