[INFO] [1699907458.088887717] [publisher]: *** Going forward at 0.1 m/s.
[INFO] [1699907458.324164290] [publisher]: *** Going forward at 0.1 m/s.
[INFO] [1699907458.668339031] [publisher]: *** Going forward at 0.1 m/s.
[INFO] [1699907459.007983488] [publisher]: *** Going forward at 0.1 m/s.
[INFO] [1699907459.349791527] [publisher]: *** Going forward at 0.1 m/s.
[INFO] [1699907459.680801653] [publisher]: *** Going forward at 0.1 m/s.
[INFO] [1699907460.024872065] [publisher]: *** Going forward at 0.1 m/s.
[INFO] [1699907460.363346045] [publisher]: *** Going forward at 0.1 m/s.
[INFO] [1699907460.702413498] [publisher]: *** Going forward at 0.1 m/s.
[INFO] [1699907461.041246381] [publisher]: *** Going forward at 0.1 m/s.
[INFO] [1699907461.391253840] [publisher]: *** Going forward at 0.1 m/s.
[INFO] [1699907461.724434791] [publisher]: *** Going forward at 0.1 m/s.
[INFO] [1699907462.064724247] [publisher]: *** Going forward at 0.1 m/s.
[INFO] [1699907462.407854164] [publisher]: *** Going forward at 0.1 m/s.
[INFO] [1699907462.748824372] [publisher]: *** Going forward at 0.1 m/s.
[INFO] [1699907463.092240877] [publisher]: *** Going forward at 0.1 m/s.
[INFO] [1699907463.432744780] [publisher]: *** Going forward at 0.1 m/s.
[INFO] [1699907463.763870583] [publisher]: *** Going forward at 0.1 m/s.
[INFO] [1699907464.108416389] [subscriber]: Obstacle detected
[INFO] [1699907464.111837523] [publisher]: *** Going forward at 0.1 m/s.
[INFO] [1699907464.223811113] [subscriber]: Obstacle detected
[INFO] [1699907464.441294298] [publisher]: Rotating right...
[INFO] [1699907464.558080279] [publisher]: Rotating right...
[INFO] [1699907464.668680353] [publisher]: Rotating right...
[INFO] [1699907464.788718712] [publisher]: Rotating right...
[INFO] [1699907464.896216387] [publisher]: Rotating right...
[INFO] [1699907465.019143369] [publisher]: Rotating right...
[INFO] [1699907465.134016047] [publisher]: Rotating right...
[INFO] [1699907465.237403636] [publisher]: Rotating right...
[INFO] [1699907465.348063025] [publisher]: Rotating right...
[INFO] [1699907465.463617137] [publisher]: Rotating right...
[INFO] [1699907465.582210666] [publisher]: Rotating right...
[INFO] [1699907465.691206376] [publisher]: Rotating right...
[INFO] [1699907465.804226563] [publisher]: Rotating right...
[INFO] [1699907465.807037910] [subscriber]: 
*** Clear.
[INFO] [1699907466.148603952] [publisher]: *** Going forward at 0.1 m/s.
[INFO] [1699907466.481435256] [publisher]: *** Going forward at 0.1 m/s.
[INFO] [1699907466.822026796] [publisher]: *** Going forward at 0.1 m/s.
[INFO] [1699907467.167779168] [publisher]: *** Going forward at 0.1 m/s.
[INFO] [1699907467.501202854] [publisher]: *** Going forward at 0.1 m/s.
[INFO] [1699907467.838924032] [publisher]: *** Going forward at 0.1 m/s.
[INFO] [1699907468.178464222] [publisher]: *** Going forward at 0.1 m/s.
[INFO] [1699907468.520081808] [publisher]: *** Going forward at 0.1 m/s.
[INFO] [1699907468.868244630] [publisher]: *** Going forward at 0.1 m/s.
[INFO] [1699907469.202197239] [publisher]: *** Going forward at 0.1 m/s.
[INFO] [1699907469.537738400] [publisher]: *** Going forward at 0.1 m/s.
[INFO] [1699907469.876490569] [publisher]: *** Going forward at 0.1 m/s.
[INFO] [1699907470.217366207] [publisher]: *** Going forward at 0.1 m/s.
[INFO] [1699907470.565898604] [publisher]: *** Going forward at 0.1 m/s.
[INFO] [1699907470.899993770] [publisher]: *** Going forward at 0.1 m/s.
[INFO] [1699907471.236902379] [publisher]: *** Going forward at 0.1 m/s.
[INFO] [1699907471.586187693] [publisher]: *** Going forward at 0.1 m/s.
[INFO] [1699907471.916567825] [publisher]: *** Going forward at 0.1 m/s.
[INFO] [1699907472.258156385] [publisher]: *** Going forward at 0.1 m/s.
[INFO] [1699907472.597340111] [publisher]: *** Going forward at 0.1 m/s.
[INFO] [1699907472.936085881] [publisher]: *** Going forward at 0.1 m/s.
[INFO] [1699907473.280009335] [publisher]: *** Going forward at 0.1 m/s.
[INFO] [1699907473.624605891] [subscriber]: Forward obstacle 0.493 meters
[INFO] [1699907473.628452094] [publisher]: *** Going forward at 0.1 m/s.
[INFO] [1699907473.734866238] [subscriber]: Forward obstacle 0.481 meters
[INFO] [1699907473.956420452] [publisher]: Rotating right...
[INFO] [1699907474.067568841] [publisher]: Rotating right...
[INFO] [1699907474.182311807] [publisher]: Rotating right...
[INFO] [1699907474.302468285] [publisher]: Rotating right...
[INFO] [1699907474.406845035] [publisher]: Rotating right...
[INFO] [1699907474.520670921] [publisher]: Rotating right...
[INFO] [1699907474.640032615] [publisher]: Rotating right...
[INFO] [1699907474.758816466] [publisher]: Rotating right...
[INFO] [1699907474.863846798] [publisher]: Rotating right...
[INFO] [1699907474.981714366] [publisher]: Rotating right...
[INFO] [1699907475.085838008] [publisher]: Rotating right...
[INFO] [1699907475.206398907] [publisher]: Rotating right...
[INFO] [1699907475.311216410] [publisher]: Rotating right...
[INFO] [1699907475.426041765] [publisher]: Rotating right...
[INFO] [1699907475.539876393] [publisher]: Rotating right...
[INFO] [1699907475.662814183] [publisher]: Rotating right...
[INFO] [1699907475.772859479] [publisher]: Rotating right...
[INFO] [1699907475.881258410] [publisher]: Rotating right...
[INFO] [1699907476.002063565] [publisher]: Rotating right...
[INFO] [1699907476.004563547] [subscriber]: 
*** Clear.
[INFO] [1699907476.333475899] [publisher]: *** Going forward at 0.1 m/s.
[INFO] [1699907476.676447821] [publisher]: *** Going forward at 0.1 m/s.
[INFO] [1699907477.019729591] [publisher]: *** Going forward at 0.1 m/s.
[INFO] [1699907477.361114484] [publisher]: *** Going forward at 0.1 m/s.
[INFO] [1699907477.701957199] [publisher]: *** Going forward at 0.1 m/s.
[INFO] [1699907478.033081152] [publisher]: *** Going forward at 0.1 m/s.
[INFO] [1699907478.369529435] [publisher]: *** Going forward at 0.1 m/s.
[INFO] [1699907478.718031726] [publisher]: *** Going forward at 0.1 m/s.
[INFO] [1699907479.057778720] [publisher]: *** Going forward at 0.1 m/s.
[INFO] [1699907479.399227044] [publisher]: *** Going forward at 0.1 m/s.
[INFO] [1699907479.738793395] [publisher]: *** Going forward at 0.1 m/s.
[INFO] [1699907480.069315473] [publisher]: *** Going forward at 0.1 m/s.
[INFO] [1699907480.416535548] [publisher]: *** Going forward at 0.1 m/s.
[INFO] [1699907480.750868831] [publisher]: *** Going forward at 0.1 m/s.
[INFO] [1699907481.091793647] [publisher]: *** Going forward at 0.1 m/s.
[INFO] [1699907481.432021143] [publisher]: *** Going forward at 0.1 m/s.
[INFO] [1699907481.769957339] [publisher]: *** Going forward at 0.1 m/s.
[INFO] [1699907482.108350917] [publisher]: *** Going forward at 0.1 m/s.
[INFO] [1699907482.447623911] [publisher]: *** Going forward at 0.1 m/s.
[INFO] [1699907482.798513881] [publisher]: *** Going forward at 0.1 m/s.
[INFO] [1699907483.130683425] [publisher]: *** Going forward at 0.1 m/s.
[INFO] [1699907483.467753158] [publisher]: *** Going forward at 0.1 m/s.
[INFO] [1699907483.813781110] [publisher]: *** Going forward at 0.1 m/s.
[INFO] [1699907484.149034482] [publisher]: *** Going forward at 0.1 m/s.
[INFO] [1699907484.498194928] [publisher]: *** Going forward at 0.1 m/s.
[INFO] [1699907484.835564622] [publisher]: *** Going forward at 0.1 m/s.
[INFO] [1699907485.174401463] [publisher]: *** Going forward at 0.1 m/s.
[INFO] [1699907485.507748478] [publisher]: *** Going forward at 0.1 m/s.
[INFO] [1699907485.854546480] [publisher]: *** Going forward at 0.1 m/s.
[INFO] [1699907486.197145564] [publisher]: *** Going forward at 0.1 m/s.
[INFO] [1699907486.535117107] [publisher]: *** Going forward at 0.1 m/s.
[INFO] [1699907486.867713302] [publisher]: *** Going forward at 0.1 m/s.
[INFO] [1699907487.206689091] [publisher]: *** Going forward at 0.1 m/s.
[INFO] [1699907487.546505905] [publisher]: *** Going forward at 0.1 m/s.
[INFO] [1699907487.897798365] [publisher]: *** Going forward at 0.1 m/s.
[INFO] [1699907488.236564030] [publisher]: *** Going forward at 0.1 m/s.
[INFO] [1699907488.566800970] [publisher]: *** Going forward at 0.1 m/s.
[INFO] [1699907488.904828128] [publisher]: *** Going forward at 0.1 m/s.
[INFO] [1699907489.256417552] [publisher]: *** Going forward at 0.1 m/s.
[INFO] [1699907489.587436538] [publisher]: *** Going forward at 0.1 m/s.
[INFO] [1699907489.934328235] [publisher]: *** Going forward at 0.1 m/s.
[INFO] [1699907490.265378019] [publisher]: *** Going forward at 0.1 m/s.
[INFO] [1699907490.612253368] [publisher]: *** Going forward at 0.1 m/s.
[INFO] [1699907490.942165317] [publisher]: *** Going forward at 0.1 m/s.
[INFO] [1699907491.293689507] [publisher]: *** Going forward at 0.1 m/s.
[INFO] [1699907491.624345208] [publisher]: *** Going forward at 0.1 m/s.
[INFO] [1699907491.964441251] [publisher]: *** Going forward at 0.1 m/s.
[INFO] [1699907492.307717176] [publisher]: *** Going forward at 0.1 m/s.
[INFO] [1699907492.647879758] [publisher]: *** Going forward at 0.1 m/s.
[INFO] [1699907492.992183669] [publisher]: *** Going forward at 0.1 m/s.
[INFO] [1699907493.330888331] [subscriber]: Forward obstacle 0.483 meters
[INFO] [1699907493.334884661] [publisher]: *** Going forward at 0.1 m/s.
[INFO] [1699907493.434364591] [subscriber]: Forward obstacle 0.472 meters
[INFO] [1699907493.663204512] [publisher]: Rotating right...
[INFO] [1699907493.773322804] [publisher]: Rotating right...
[INFO] [1699907493.889186716] [publisher]: Rotating right...
[INFO] [1699907494.002720088] [publisher]: Rotating right...
[INFO] [1699907494.124017884] [publisher]: Rotating right...
[INFO] [1699907494.234524968] [publisher]: Rotating right...
[INFO] [1699907494.341334532] [publisher]: Rotating right...
[INFO] [1699907494.455511580] [publisher]: Rotating right...
[INFO] [1699907494.567126740] [publisher]: Rotating right...
[INFO] [1699907494.679453594] [publisher]: Rotating right...
[INFO] [1699907494.795877572] [publisher]: Rotating right...
[INFO] [1699907494.906882463] [publisher]: Rotating right...
[INFO] [1699907495.029774384] [publisher]: Rotating right...
[INFO] [1699907495.135275098] [publisher]: Rotating right...
[INFO] [1699907495.254711330] [publisher]: Rotating right...
[INFO] [1699907495.368358720] [publisher]: Rotating right...
[INFO] [1699907495.472360215] [publisher]: Rotating right...
[INFO] [1699907495.475893682] [subscriber]: 
*** Clear.
[INFO] [1699907495.819105413] [publisher]: *** Going forward at 0.1 m/s.
[INFO] [1699907496.151043347] [publisher]: *** Going forward at 0.1 m/s.
[INFO] [1699907496.490707280] [publisher]: *** Going forward at 0.1 m/s.
[INFO] [1699907496.842021062] [publisher]: *** Going forward at 0.1 m/s.
[INFO] [1699907497.171368296] [publisher]: *** Going forward at 0.1 m/s.
[INFO] [1699907497.509083965] [publisher]: *** Going forward at 0.1 m/s.
[INFO] [1699907497.851598786] [publisher]: *** Going forward at 0.1 m/s.
[INFO] [1699907498.190992672] [publisher]: *** Going forward at 0.1 m/s.
[INFO] [1699907498.533198444] [publisher]: *** Going forward at 0.1 m/s.
[INFO] [1699907498.869797317] [publisher]: *** Going forward at 0.1 m/s.
[INFO] [1699907499.207127459] [publisher]: *** Going forward at 0.1 m/s.
[INFO] [1699907499.556957900] [publisher]: *** Going forward at 0.1 m/s.
[INFO] [1699907499.889493094] [publisher]: *** Going forward at 0.1 m/s.
[INFO] [1699907500.230141005] [publisher]: *** Going forward at 0.1 m/s.
[INFO] [1699907500.572862923] [publisher]: *** Going forward at 0.1 m/s.
[INFO] [1699907500.912747235] [publisher]: *** Going forward at 0.1 m/s.
[INFO] [1699907501.243821121] [publisher]: *** Going forward at 0.1 m/s.
[INFO] [1699907501.588818324] [publisher]: *** Going forward at 0.1 m/s.
[INFO] [1699907501.934380796] [publisher]: *** Going forward at 0.1 m/s.
[INFO] [1699907502.265991956] [publisher]: *** Going forward at 0.1 m/s.
[INFO] [1699907502.604684642] [publisher]: *** Going forward at 0.1 m/s.
[INFO] [1699907502.951547950] [publisher]: *** Going forward at 0.1 m/s.
[INFO] [1699907503.286934668] [publisher]: *** Going forward at 0.1 m/s.
[INFO] [1699907503.629363024] [publisher]: *** Going forward at 0.1 m/s.
[INFO] [1699907503.970831617] [publisher]: *** Going forward at 0.1 m/s.
[INFO] [1699907504.303724726] [publisher]: *** Going forward at 0.1 m/s.
[INFO] [1699907504.640559315] [publisher]: *** Going forward at 0.1 m/s.
[INFO] [1699907504.983300596] [publisher]: *** Going forward at 0.1 m/s.
[INFO] [1699907505.331964182] [publisher]: *** Going forward at 0.1 m/s.
[INFO] [1699907505.662674048] [publisher]: *** Going forward at 0.1 m/s.
[INFO] [1699907506.003209141] [publisher]: *** Going forward at 0.1 m/s.
[INFO] [1699907506.339018269] [publisher]: *** Going forward at 0.1 m/s.
[INFO] [1699907506.678625082] [publisher]: *** Going forward at 0.1 m/s.
[INFO] [1699907507.015998891] [publisher]: *** Going forward at 0.1 m/s.
[INFO] [1699907507.365841502] [publisher]: *** Going forward at 0.1 m/s.
[INFO] [1699907507.699902825] [subscriber]: Obstacle detected
[INFO] [1699907507.702715969] [publisher]: *** Going forward at 0.1 m/s.
[INFO] [1699907507.820006169] [subscriber]: Obstacle detected
[INFO] [1699907508.036941178] [publisher]: Rotating right...
[INFO] [1699907508.156060334] [publisher]: Rotating right...
[INFO] [1699907508.270899386] [publisher]: Rotating right...
[INFO] [1699907508.387630928] [publisher]: Rotating right...
[INFO] [1699907508.501953246] [publisher]: Rotating right...
[INFO] [1699907508.605811624] [publisher]: Rotating right...
[INFO] [1699907508.726761105] [publisher]: Rotating right...
[INFO] [1699907508.832572307] [publisher]: Rotating right...
[INFO] [1699907508.942788500] [publisher]: Rotating right...
[INFO] [1699907508.945767327] [subscriber]: 
*** Clear.
[INFO] [1699907509.291706259] [publisher]: *** Going forward at 0.1 m/s.
[INFO] [1699907509.623242623] [publisher]: *** Going forward at 0.1 m/s.
[INFO] [1699907509.967829742] [publisher]: *** Going forward at 0.1 m/s.
[INFO] [1699907510.300648127] [publisher]: *** Going forward at 0.1 m/s.
[INFO] [1699907510.638583179] [publisher]: *** Going forward at 0.1 m/s.
[INFO] [1699907510.977378404] [publisher]: *** Going forward at 0.1 m/s.
[INFO] [1699907511.316491718] [publisher]: *** Going forward at 0.1 m/s.
[INFO] [1699907511.666250249] [publisher]: *** Going forward at 0.1 m/s.
[INFO] [1699907512.004900664] [subscriber]: Obstacle detected
[INFO] [1699907512.007303481] [publisher]: *** Going forward at 0.1 m/s.
[INFO] [1699907512.118674438] [subscriber]: Obstacle detected
[INFO] [1699907512.343128476] [publisher]: Rotating right...
[INFO] [1699907512.461228705] [publisher]: Rotating right...
[INFO] [1699907512.564923089] [publisher]: Rotating right...
[INFO] [1699907512.676224436] [publisher]: Rotating right...
[INFO] [1699907512.793426883] [publisher]: Rotating right...
[INFO] [1699907512.903787132] [publisher]: Rotating right...
[INFO] [1699907513.027337432] [publisher]: Rotating right...
[INFO] [1699907513.138837980] [publisher]: Rotating right...
[INFO] [1699907513.244325579] [publisher]: Rotating right...
[INFO] [1699907513.359070618] [publisher]: Rotating right...
[INFO] [1699907513.470317504] [publisher]: Rotating right...
[INFO] [1699907513.584809102] [publisher]: Rotating right...
[INFO] [1699907513.700001134] [publisher]: Rotating right...
[INFO] [1699907513.810072222] [publisher]: Rotating right...
[INFO] [1699907513.932652425] [publisher]: Rotating right...
[INFO] [1699907513.936820791] [subscriber]: 
*** Clear.
[INFO] [1699907514.264011786] [publisher]: *** Going forward at 0.1 m/s.
[INFO] [1699907514.603256811] [publisher]: *** Going forward at 0.1 m/s.
[INFO] [1699907514.941502979] [publisher]: *** Going forward at 0.1 m/s.
[INFO] [1699907515.283406357] [publisher]: *** Going forward at 0.1 m/s.
[INFO] [1699907515.632081636] [publisher]: *** Going forward at 0.1 m/s.
[INFO] [1699907515.969068122] [publisher]: *** Going forward at 0.1 m/s.
[INFO] [1699907516.302911897] [publisher]: *** Going forward at 0.1 m/s.
[INFO] [1699907516.647061466] [publisher]: *** Going forward at 0.1 m/s.
[INFO] [1699907516.989184695] [publisher]: *** Going forward at 0.1 m/s.
[INFO] [1699907517.322188966] [publisher]: *** Going forward at 0.1 m/s.
[INFO] [1699907517.666191263] [publisher]: *** Going forward at 0.1 m/s.
[INFO] [1699907517.997933960] [publisher]: *** Going forward at 0.1 m/s.
[INFO] [1699907518.338302571] [publisher]: *** Going forward at 0.1 m/s.
[INFO] [1699907518.686915285] [publisher]: *** Going forward at 0.1 m/s.
[INFO] [1699907519.019385993] [publisher]: *** Going forward at 0.1 m/s.
[INFO] [1699907519.358956896] [publisher]: *** Going forward at 0.1 m/s.
[INFO] [1699907519.702342541] [publisher]: *** Going forward at 0.1 m/s.
[INFO] [1699907520.036152527] [publisher]: *** Going forward at 0.1 m/s.
[INFO] [1699907520.374162456] [publisher]: *** Going forward at 0.1 m/s.
[INFO] [1699907520.713215277] [publisher]: *** Going forward at 0.1 m/s.
[INFO] [1699907521.056400112] [publisher]: *** Going forward at 0.1 m/s.
[INFO] [1699907521.400842784] [publisher]: *** Going forward at 0.1 m/s.
[INFO] [1699907521.734389501] [publisher]: *** Going forward at 0.1 m/s.
[INFO] [1699907522.078346347] [publisher]: *** Going forward at 0.1 m/s.
[INFO] [1699907522.421465151] [publisher]: *** Going forward at 0.1 m/s.
[INFO] [1699907522.755140018] [publisher]: *** Going forward at 0.1 m/s.
[INFO] [1699907523.100870896] [publisher]: *** Going forward at 0.1 m/s.
[INFO] [1699907523.433992403] [publisher]: *** Going forward at 0.1 m/s.
[INFO] [1699907523.769726168] [publisher]: *** Going forward at 0.1 m/s.
[INFO] [1699907524.108543482] [publisher]: *** Going forward at 0.1 m/s.
[INFO] [1699907524.449558396] [publisher]: *** Going forward at 0.1 m/s.
[INFO] [1699907524.798990929] [publisher]: *** Going forward at 0.1 m/s.
[INFO] [1699907525.137900337] [publisher]: *** Going forward at 0.1 m/s.
[INFO] [1699907525.474940663] [publisher]: *** Going forward at 0.1 m/s.
[INFO] [1699907525.807734809] [publisher]: *** Going forward at 0.1 m/s.
[INFO] [1699907526.158423439] [publisher]: *** Going forward at 0.1 m/s.
[INFO] [1699907526.489984957] [publisher]: *** Going forward at 0.1 m/s.
[INFO] [1699907526.835271166] [publisher]: *** Going forward at 0.1 m/s.
[INFO] [1699907527.168108353] [publisher]: *** Going forward at 0.1 m/s.
[INFO] [1699907527.514030426] [publisher]: *** Going forward at 0.1 m/s.
[INFO] [1699907527.843216481] [publisher]: *** Going forward at 0.1 m/s.
[INFO] [1699907528.191989755] [publisher]: *** Going forward at 0.1 m/s.
[INFO] [1699907528.523761145] [publisher]: *** Going forward at 0.1 m/s.
[INFO] [1699907528.865995607] [publisher]: *** Going forward at 0.1 m/s.
[INFO] [1699907529.210434725] [publisher]: *** Going forward at 0.1 m/s.
[INFO] [1699907529.542051972] [publisher]: *** Going forward at 0.1 m/s.
[INFO] [1699907529.893101958] [publisher]: *** Going forward at 0.1 m/s.
[INFO] [1699907530.231297963] [publisher]: *** Going forward at 0.1 m/s.
[INFO] [1699907530.569314325] [publisher]: *** Going forward at 0.1 m/s.
[INFO] [1699907530.907440092] [publisher]: *** Going forward at 0.1 m/s.
[INFO] [1699907531.250334218] [publisher]: *** Going forward at 0.1 m/s.
[INFO] [1699907531.582181281] [publisher]: *** Going forward at 0.1 m/s.
[INFO] [1699907531.923570226] [publisher]: *** Going forward at 0.1 m/s.
[INFO] [1699907532.268050777] [publisher]: *** Going forward at 0.09 m/s.
[INFO] [1699907532.600427243] [subscriber]: Forward obstacle 0.496 meters
[INFO] [1699907532.603766398] [publisher]: *** Going forward at 0.08 m/s.
[INFO] [1699907532.720965733] [subscriber]: Forward obstacle 0.496 meters
[INFO] [1699907532.937750119] [publisher]: Rotating left...
[INFO] [1699907533.052856021] [publisher]: Rotating left...
[INFO] [1699907533.170785717] [publisher]: Rotating left...
[INFO] [1699907533.284334531] [publisher]: Rotating left...
[INFO] [1699907533.391317735] [publisher]: Rotating left...
[INFO] [1699907533.508322518] [publisher]: Rotating left...
[INFO] [1699907533.616440095] [publisher]: Rotating left...
[INFO] [1699907533.739161907] [publisher]: Rotating left...
[INFO] [1699907533.849278363] [publisher]: Rotating left...
[INFO] [1699907533.957337441] [publisher]: Rotating left...
[INFO] [1699907534.067464342] [publisher]: Rotating left...
[INFO] [1699907534.179693917] [publisher]: Rotating left...
[INFO] [1699907534.296963845] [publisher]: Rotating left...
[INFO] [1699907534.405087848] [publisher]: Rotating left...
[INFO] [1699907534.523067785] [publisher]: Rotating left...
[INFO] [1699907534.639508299] [publisher]: Rotating left...
[INFO] [1699907534.746476968] [publisher]: Rotating left...
[INFO] [1699907534.870089879] [publisher]: Rotating left...
[INFO] [1699907534.971837826] [publisher]: Rotating left...
[INFO] [1699907535.087372520] [publisher]: Rotating left...
[INFO] [1699907535.201249128] [publisher]: Rotating left...
[INFO] [1699907535.312888823] [publisher]: Rotating left...
[INFO] [1699907535.430924926] [publisher]: Rotating left...
[INFO] [1699907535.539035338] [publisher]: Rotating left...
[INFO] [1699907535.653908283] [publisher]: Rotating left...
[INFO] [1699907535.767114622] [publisher]: Rotating left...
[INFO] [1699907535.889438386] [publisher]: Rotating left...
[INFO] [1699907535.994790504] [publisher]: Rotating left...
[INFO] [1699907535.999771748] [subscriber]: 
*** Clear.
[INFO] [1699907536.334364006] [publisher]: *** Going forward at 0.1 m/s.
[INFO] [1699907536.670866664] [publisher]: *** Going forward at 0.1 m/s.
[INFO] [1699907537.014009744] [publisher]: *** Going forward at 0.1 m/s.
[INFO] [1699907537.355125153] [publisher]: *** Going forward at 0.1 m/s.
[INFO] [1699907537.701365247] [publisher]: *** Going forward at 0.1 m/s.
[INFO] [1699907537.814850195] [subscriber]: Forward obstacle 0.497 meters
[INFO] [1699907538.041327079] [publisher]: Rotating left...
[INFO] [1699907538.149047296] [publisher]: Rotating left...
[INFO] [1699907538.261946253] [publisher]: Rotating left...
[INFO] [1699907538.380564147] [publisher]: Rotating left...
[INFO] [1699907538.489154851] [publisher]: Rotating left...
[INFO] [1699907538.607490249] [publisher]: Rotating left...
[INFO] [1699907538.724451518] [publisher]: Rotating left...
[INFO] [1699907538.835010398] [publisher]: Rotating left...
[INFO] [1699907538.947672043] [publisher]: Rotating left...
[INFO] [1699907539.062927097] [publisher]: Rotating left...
[INFO] [1699907539.179015176] [publisher]: Rotating left...
[INFO] [1699907539.281185621] [publisher]: Rotating left...
[INFO] [1699907539.402077168] [publisher]: Rotating left...
[INFO] [1699907539.507826524] [publisher]: Rotating left...
[INFO] [1699907539.624058490] [publisher]: Rotating left...
[INFO] [1699907539.743708352] [publisher]: Rotating left...
[INFO] [1699907539.851026075] [publisher]: Rotating left...
[INFO] [1699907539.969385066] [publisher]: Rotating left...
[INFO] [1699907540.073563853] [publisher]: Rotating left...
[INFO] [1699907540.192714481] [publisher]: Rotating left...
[INFO] [1699907540.304072907] [publisher]: Rotating left...
[INFO] [1699907540.416124600] [publisher]: Rotating left...
[INFO] [1699907540.537656157] [publisher]: Rotating left...
[INFO] [1699907540.642226254] [publisher]: Rotating left...
[INFO] [1699907540.765058311] [publisher]: Rotating left...
[INFO] [1699907540.870101475] [publisher]: Rotating left...
[INFO] [1699907540.992157525] [publisher]: Rotating left...
[INFO] [1699907541.099639284] [publisher]: Rotating left...
[INFO] [1699907541.208109566] [publisher]: Rotating left...
[INFO] [1699907541.324916655] [publisher]: Rotating left...
[INFO] [1699907541.443446886] [publisher]: Rotating left...
[INFO] [1699907541.560983372] [publisher]: Rotating left...
[INFO] [1699907541.665909057] [publisher]: Rotating left...
[INFO] [1699907541.786734774] [publisher]: Rotating left...
[INFO] [1699907541.891103929] [publisher]: Rotating left...
[INFO] [1699907542.005131262] [publisher]: Rotating left...
[INFO] [1699907542.116680630] [publisher]: Rotating left...
[INFO] [1699907542.237529699] [publisher]: Rotating left...
[INFO] [1699907542.342878527] [publisher]: Rotating left...
[INFO] [1699907542.460051574] [publisher]: Rotating left...
[INFO] [1699907542.571002007] [publisher]: Rotating left...
[INFO] [1699907542.697190000] [publisher]: Rotating left...
[INFO] [1699907542.805241919] [publisher]: Rotating left...
[INFO] [1699907542.919869354] [publisher]: Rotating left...
[INFO] [1699907543.028498413] [publisher]: Rotating left...
[INFO] [1699907543.140010876] [publisher]: Rotating left...
[INFO] [1699907543.252814338] [publisher]: Rotating left...
[INFO] [1699907543.366364457] [publisher]: Rotating left...
[INFO] [1699907543.488006867] [publisher]: Rotating left...
[INFO] [1699907543.595519813] [publisher]: Rotating left...
[INFO] [1699907543.712401032] [publisher]: Rotating left...
[INFO] [1699907543.830106684] [publisher]: Rotating left...
[INFO] [1699907543.934861632] [publisher]: Rotating left...
[INFO] [1699907544.057485695] [publisher]: Rotating left...
[INFO] [1699907544.162547769] [publisher]: Rotating left...
[INFO] [1699907544.271480177] [publisher]: Rotating left...
[INFO] [1699907544.396861331] [publisher]: Rotating left...
[INFO] [1699907544.505868571] [publisher]: Rotating left...
[INFO] [1699907544.623279173] [publisher]: Rotating left...
[INFO] [1699907544.734081739] [publisher]: Rotating left...
[INFO] [1699907544.846722630] [publisher]: Rotating left...
[INFO] [1699907544.957063740] [publisher]: Rotating left...
[INFO] [1699907545.072945679] [publisher]: Rotating left...
[INFO] [1699907545.189084484] [publisher]: Rotating left...
[INFO] [1699907545.297536473] [publisher]: Rotating left...
[INFO] [1699907545.406884765] [publisher]: Rotating left...
[INFO] [1699907545.529473108] [publisher]: Rotating left...
[INFO] [1699907545.635322431] [publisher]: Rotating left...
[INFO] [1699907545.744888552] [publisher]: Rotating left...
[INFO] [1699907545.868757507] [publisher]: Rotating left...
[INFO] [1699907545.984290636] [publisher]: Rotating left...
[INFO] [1699907545.988589630] [subscriber]: 
*** Clear.
[INFO] [1699907546.313378756] [publisher]: *** Going forward at 0.1 m/s.
[INFO] [1699907546.663352135] [publisher]: *** Going forward at 0.1 m/s.
[INFO] [1699907546.997944381] [publisher]: *** Going forward at 0.1 m/s.
[INFO] [1699907547.332745849] [publisher]: *** Going forward at 0.1 m/s.
[INFO] [1699907547.672217824] [publisher]: *** Going forward at 0.1 m/s.
[INFO] [1699907548.013404589] [publisher]: *** Going forward at 0.1 m/s.
[INFO] [1699907548.362899776] [publisher]: *** Going forward at 0.1 m/s.
[INFO] [1699907548.692004790] [publisher]: *** Going forward at 0.1 m/s.
[INFO] [1699907549.033541313] [publisher]: *** Going forward at 0.1 m/s.
[INFO] [1699907549.370953174] [publisher]: *** Going forward at 0.1 m/s.
[INFO] [1699907549.710346285] [publisher]: *** Going forward at 0.1 m/s.
[INFO] [1699907550.053044886] [publisher]: *** Going forward at 0.1 m/s.
[INFO] [1699907550.401749367] [publisher]: *** Going forward at 0.1 m/s.
[INFO] [1699907550.733373590] [publisher]: *** Going forward at 0.1 m/s.
[INFO] [1699907551.068879611] [publisher]: *** Going forward at 0.1 m/s.
[INFO] [1699907551.408509409] [subscriber]: Obstacle detected
[INFO] [1699907551.412045229] [publisher]: *** Going forward at 0.1 m/s.
[INFO] [1699907551.524175578] [subscriber]: Obstacle detected
[INFO] [1699907551.749066156] [publisher]: Rotating left...
[INFO] [1699907551.864132204] [publisher]: Rotating left...
[INFO] [1699907551.973832569] [publisher]: Rotating left...
[INFO] [1699907552.096419529] [publisher]: Rotating left...
[INFO] [1699907552.201480795] [publisher]: Rotating left...
[INFO] [1699907552.313308316] [publisher]: Rotating left...
[INFO] [1699907552.429428646] [publisher]: Rotating left...
[INFO] [1699907552.548689487] [publisher]: Rotating left...
[INFO] [1699907552.554026670] [subscriber]: 
*** Clear.
[INFO] [1699907552.878628628] [publisher]: *** Going forward at 0.1 m/s.
[INFO] [1699907553.230315147] [publisher]: *** Going forward at 0.1 m/s.
[INFO] [1699907553.562044599] [publisher]: *** Going forward at 0.1 m/s.
[INFO] [1699907553.900175719] [publisher]: *** Going forward at 0.1 m/s.
[INFO] [1699907554.237877883] [publisher]: *** Going forward at 0.1 m/s.
[INFO] [1699907554.586170436] [publisher]: *** Going forward at 0.1 m/s.
[INFO] [1699907554.919436386] [publisher]: *** Going forward at 0.1 m/s.
[INFO] [1699907555.264198064] [publisher]: *** Going forward at 0.1 m/s.
[INFO] [1699907555.600742082] [publisher]: *** Going forward at 0.1 m/s.
[INFO] [1699907555.942233715] [publisher]: *** Going for