[INFO] [1699903969.912322532] [subscriber]: Obstacle detected
[INFO] [1699903970.626709354] [publisher]: Rotating right...
[INFO] [1699903970.632494251] [publisher]: Rotating right...
[INFO] [1699903970.637920559] [publisher]: Rotating right...
[INFO] [1699903970.643016760] [publisher]: Rotating right...
[INFO] [1699903970.692780931] [publisher]: Rotating right...
[INFO] [1699903970.816828011] [publisher]: Rotating right...
[INFO] [1699903970.926430571] [publisher]: Rotating right...
[INFO] [1699903971.044752347] [publisher]: Rotating right...
[INFO] [1699903971.150292398] [publisher]: Rotating right...
[INFO] [1699903971.269907602] [publisher]: Rotating right...
[INFO] [1699903971.379497959] [publisher]: Rotating right...
[INFO] [1699903971.495695295] [publisher]: Rotating right...
[INFO] [1699903971.612548828] [publisher]: Rotating right...
[INFO] [1699903971.723087692] [publisher]: Rotating right...
[INFO] [1699903971.828783056] [publisher]: Rotating right...
[INFO] [1699903971.954144566] [publisher]: Rotating right...
[INFO] [1699903972.054512565] [publisher]: Rotating right...
[INFO] [1699903972.057352495] [subscriber]: 
*** Clear.
[INFO] [1699903972.392995449] [publisher]: *** Going forward at 0.1 m/s.
[INFO] [1699903972.745118326] [publisher]: *** Going forward at 0.1 m/s.
[INFO] [1699903973.078284141] [publisher]: *** Going forward at 0.1 m/s.
[INFO] [1699903973.418450839] [publisher]: *** Going forward at 0.1 m/s.
[INFO] [1699903973.760388851] [publisher]: *** Going forward at 0.1 m/s.
[INFO] [1699903974.092773749] [publisher]: *** Going forward at 0.1 m/s.
[INFO] [1699903974.445054568] [publisher]: *** Going forward at 0.1 m/s.
[INFO] [1699903974.783940040] [publisher]: *** Going forward at 0.1 m/s.
[INFO] [1699903975.122082058] [publisher]: *** Going forward at 0.1 m/s.
[INFO] [1699903975.462054147] [publisher]: *** Going forward at 0.1 m/s.
[INFO] [1699903975.803632718] [publisher]: *** Going forward at 0.1 m/s.
[INFO] [1699903976.145205362] [publisher]: *** Going forward at 0.1 m/s.
[INFO] [1699903976.484658457] [publisher]: *** Going forward at 0.1 m/s.
[INFO] [1699903976.819967452] [publisher]: *** Going forward at 0.1 m/s.
[INFO] [1699903977.156000752] [publisher]: *** Going forward at 0.1 m/s.
[INFO] [1699903977.504881517] [publisher]: *** Going forward at 0.1 m/s.
[INFO] [1699903977.847553760] [publisher]: *** Going forward at 0.1 m/s.
[INFO] [1699903978.178589692] [publisher]: *** Going forward at 0.1 m/s.
[INFO] [1699903978.523108025] [publisher]: *** Going forward at 0.1 m/s.
[INFO] [1699903978.863879494] [publisher]: *** Going forward at 0.1 m/s.
[INFO] [1699903979.206074594] [publisher]: *** Going forward at 0.1 m/s.
[INFO] [1699903981.860199869] [subscriber]: Forward obstacle 0.392 meters
[INFO] [1699903981.863367240] [publisher]: *** Going forward at 0.1 m/s.
[INFO] [1699903984.360913861] [subscriber]: Forward obstacle 0.367 meters
[INFO] [1699903984.369406912] [publisher]: Rotating left...
[INFO] [1699903984.376133372] [publisher]: Rotating left...
[INFO] [1699903984.382588705] [publisher]: Rotating left...
[INFO] [1699903984.387602685] [publisher]: Rotating left...
[INFO] [1699903984.424724667] [publisher]: Rotating left...
[INFO] [1699903984.535951912] [publisher]: Rotating left...
[INFO] [1699903984.653632750] [publisher]: Rotating left...
[INFO] [1699903984.766629844] [publisher]: Rotating left...
[INFO] [1699903984.884362441] [publisher]: Rotating left...
[INFO] [1699903984.993110491] [publisher]: Rotating left...
[INFO] [1699903985.110970568] [publisher]: Rotating left...
[INFO] [1699903985.221980130] [publisher]: Rotating left...
[INFO] [1699903985.332374236] [publisher]: Rotating left...
[INFO] [1699903985.441372580] [publisher]: Rotating left...
[INFO] [1699903985.553690238] [publisher]: Rotating left...
[INFO] [1699903985.678148072] [publisher]: Rotating left...
[INFO] [1699903985.782709800] [publisher]: Rotating left...
[INFO] [1699903985.891157225] [publisher]: Rotating left...
[INFO] [1699903986.018243473] [publisher]: Rotating left...
[INFO] [1699903986.122078766] [publisher]: Rotating left...
[INFO] [1699903986.233929207] [publisher]: Rotating left...
[INFO] [1699903986.350411632] [publisher]: Rotating left...
[INFO] [1699903986.460268226] [publisher]: Rotating left...
[INFO] [1699903986.577139776] [publisher]: Rotating left...
[INFO] [1699903986.688642351] [publisher]: Rotating left...
[INFO] [1699903986.813407737] [publisher]: Rotating left...
[INFO] [1699903986.923489328] [publisher]: Rotating left...
[INFO] [1699903987.027336898] [publisher]: Rotating left...
[INFO] [1699903987.145009661] [publisher]: Rotating left...
[INFO] [1699903987.263281899] [publisher]: Rotating left...
[INFO] [1699903987.370746131] [publisher]: Rotating left...
[INFO] [1699903987.487239612] [publisher]: Rotating left...
[INFO] [1699903987.595184135] [publisher]: Rotating left...
[INFO] [1699903987.713496743] [publisher]: Rotating left...
[INFO] [1699903987.822974285] [publisher]: Rotating left...
[INFO] [1699903987.939667615] [publisher]: Rotating left...
[INFO] [1699903988.051372058] [publisher]: Rotating left...
[INFO] [1699903988.165429289] [publisher]: Rotating left...
[INFO] [1699903988.280342084] [publisher]: Rotating left...
[INFO] [1699903988.391586939] [publisher]: Rotating left...
[INFO] [1699903988.508001939] [publisher]: Rotating left...
[INFO] [1699903988.620756703] [publisher]: Rotating left...
[INFO] [1699903988.733104972] [publisher]: Rotating left...
[INFO] [1699903988.851138472] [publisher]: Rotating left...
[INFO] [1699903988.959667766] [publisher]: Rotating left...
[INFO] [1699903989.085746933] [publisher]: Rotating left...
[INFO] [1699903989.189330506] [publisher]: Rotating left...
[INFO] [1699903989.303201850] [publisher]: Rotating left...
[INFO] [1699903989.418325365] [publisher]: Rotating left...
[INFO] [1699903989.540267709] [publisher]: Rotating left...
[INFO] [1699903989.647234187] [publisher]: Rotating left...
[INFO] [1699903989.757367852] [publisher]: Rotating left...
[INFO] [1699903989.873078174] [publisher]: Rotating left...
[INFO] [1699903989.986980407] [publisher]: Rotating left...
[INFO] [1699903990.099449674] [publisher]: Rotating left...
[INFO] [1699903990.216588092] [publisher]: Rotating left...
[INFO] [1699903990.325950024] [publisher]: Rotating left...
[INFO] [1699903990.443893599] [publisher]: Rotating left...
[INFO] [1699903990.554819495] [publisher]: Rotating left...
[INFO] [1699903990.670258673] [publisher]: Rotating left...
[INFO] [1699903990.789006220] [publisher]: Rotating left...
[INFO] [1699903990.894132794] [publisher]: Rotating left...
[INFO] [1699903991.009162347] [publisher]: Rotating left...
[INFO] [1699903991.123778293] [publisher]: Rotating left...
[INFO] [1699903991.236561631] [publisher]: Rotating left...
[INFO] [1699903991.351934680] [publisher]: Rotating left...
[INFO] [1699903991.462168139] [publisher]: Rotating left...
[INFO] [1699903991.579997845] [publisher]: Rotating left...
[INFO] [1699903991.690007918] [publisher]: Rotating left...
[INFO] [1699903991.805319468] [publisher]: Rotating left...
[INFO] [1699903991.924350141] [publisher]: Rotating left...
[INFO] [1699903992.030454093] [publisher]: Rotating left...
[INFO] [1699903992.149354971] [publisher]: Rotating left...
[INFO] [1699903992.257879339] [publisher]: Rotating left...
[INFO] [1699903992.376700312] [publisher]: Rotating left...
[INFO] [1699903992.486273834] [publisher]: Rotating left...
[INFO] [1699903992.600179807] [publisher]: Rotating left...
[INFO] [1699903992.717605147] [publisher]: Rotating left...
[INFO] [1699903992.826265254] [publisher]: Rotating left...
[INFO] [1699903992.953001192] [publisher]: Rotating left...
[INFO] [1699903993.054055608] [publisher]: Rotating left...
[INFO] [1699903993.056523247] [subscriber]: 
*** Clear.
[INFO] [1699903993.392908004] [publisher]: *** Going forward at 0.1 m/s.
[INFO] [1699903993.734986678] [publisher]: *** Going forward at 0.1 m/s.
[INFO] [1699903994.084656117] [publisher]: *** Going forward at 0.1 m/s.
[INFO] [1699903994.418465182] [publisher]: *** Going forward at 0.1 m/s.
[INFO] [1699903994.756595346] [publisher]: *** Going forward at 0.1 m/s.
[I