[INFO] [1699839277.508487527] [subscriber]: Obstacle detected
[INFO] [1699839277.636975233] [publisher]: Rotating right...
[INFO] [1699839277.640181096] [subscriber]: 
*** Clear.
[INFO] [1699839277.970113892] [publisher]: *** Going forward at 0.1 m/s.
[INFO] [1699839278.306529986] [publisher]: *** Going forward at 0.1 m/s.
[INFO] [1699839278.637120646] [publisher]: *** Going forward at 0.1 m/s.
[INFO] [1699839278.981249158] [publisher]: *** Going forward at 0.1 m/s.
[INFO] [1699839279.309332115] [publisher]: *** Going forward at 0.1 m/s.
[INFO] [1699839279.646812199] [publisher]: *** Going forward at 0.1 m/s.
[INFO] [1699839279.981246437] [publisher]: *** Going forward at 0.1 m/s.
[INFO] [1699839280.315324659] [publisher]: *** Going forward at 0.1 m/s.
[INFO] [1699839280.659904646] [publisher]: *** Going forward at 0.1 m/s.
[INFO] [1699839280.996105757] [publisher]: *** Going forward at 0.1 m/s.
[INFO] [1699839281.335874819] [publisher]: *** Going forward at 0.1 m/s.
[INFO] [1699839281.670666237] [publisher]: *** Going forward at 0.1 m/s.
[INFO] [1699839282.005922410] [publisher]: *** Going forward at 0.1 m/s.
[INFO] [1699839282.343793968] [publisher]: *** Going forward at 0.1 m/s.
[INFO] [1699839282.672912820] [publisher]: *** Going forward at 0.1 m/s.
[INFO] [1699839283.014093481] [publisher]: *** Going forward at 0.1 m/s.
[INFO] [1699839283.343991269] [publisher]: *** Going forward at 0.1 m/s.
[INFO] [1699839283.680965907] [publisher]: *** Going forward at 0.1 m/s.
[INFO] [1699839284.013915301] [publisher]: *** Going forward at 0.1 m/s.
[INFO] [1699839284.354863645] [publisher]: *** Going forward at 0.1 m/s.
[INFO] [1699839284.695040719] [publisher]: *** Going forward at 0.1 m/s.
[INFO] [1699839285.029506654] [publisher]: *** Going forward at 0.1 m/s.
[INFO] [1699839285.365587778] [publisher]: *** Going forward at 0.1 m/s.
[INFO] [1699839285.704192529] [publisher]: *** Going forward at 0.1 m/s.
[INFO] [1699839286.030898897] [publisher]: *** Going forward at 0.1 m/s.
[INFO] [1699839286.369930033] [publisher]: *** Going forward at 0.1 m/s.
[INFO] [1699839286.701222491] [publisher]: *** Going forward at 0.1 m/s.
[INFO] [1699839287.042204740] [publisher]: *** Going forward at 0.1 m/s.
[INFO] [1699839287.379741017] [publisher]: *** Going forward at 0.1 m/s.
[INFO] [1699839287.717305348] [publisher]: *** Going forward at 0.1 m/s.
[INFO] [1699839288.053689689] [publisher]: *** Going forward at 0.1 m/s.
[INFO] [1699839288.391041243] [publisher]: *** Going forward at 0.1 m/s.
[INFO] [1699839288.726370814] [publisher]: *** Going forward at 0.1 m/s.
[INFO] [1699839289.062372750] [publisher]: *** Going forward at 0.1 m/s.
[INFO] [1699839289.400929922] [publisher]: *** Going forward at 0.1 m/s.
[INFO] [1699839289.730069895] [publisher]: *** Going forward at 0.1 m/s.
[INFO] [1699839290.066303253] [publisher]: *** Going forward at 0.1 m/s.
[INFO] [1699839290.404385946] [subscriber]: Forward Obstacle detected
[INFO] [1699839290.408674356] [publisher]: *** Going forward at 0.1 m/s.
[INFO] [1699839290.514024042] [subscriber]: Forward Obstacle detected
[INFO] [1699839290.748245333] [publisher]: Rotating left...
[INFO] [1699839290.850245288] [publisher]: Rotating left...
[INFO] [1699839290.961815387] [publisher]: Rotating left...
[INFO] [1699839291.078625627] [publisher]: Rotating left...
[INFO] [1699839291.185017731] [publisher]: Rotating left...
[INFO] [1699839291.298137501] [publisher]: Rotating left...
[INFO] [1699839291.417023372] [publisher]: Rotating left...
[INFO] [1699839291.532875083] [publisher]: Rotating left...
[INFO] [1699839291.643731058] [publisher]: Rotating left...
[INFO] [1699839291.754419015] [publisher]: Rotating left...
[INFO] [1699839291.857264907] [publisher]: Rotating left...
[INFO] [1699839291.972207996] [publisher]: Rotating left...
[INFO] [1699839292.084787289] [publisher]: Rotating left...
[INFO] [1699839292.194506920] [publisher]: Rotating left...
[INFO] [1699839292.308059391] [publisher]: Rotating left...
[INFO] [1699839292.426160916] [publisher]: Rotating left...
[INFO] [1699839292.541625370] [publisher]: Rotating left...
[INFO] [1699839292.650764432] [publisher]: Rotating left...
[INFO] [1699839292.764098849] [publisher]: Rotating left...
[INFO] [1699839292.869267499] [publisher]: Rotating left...
[INFO] [1699839292.981204094] [publisher]: Rotating left...
[INFO] [1699839292.984446475] [subscriber]: 
*** Clear.
[INFO] [1699839293.321470414] [publisher]: *** Going forward at 0.1 m/s.
[INFO] [1699839293.657461621] [publisher]: *** Going forward at 0.1 m/s.
[INFO] [1699839293.997152853] [publisher]: *** Going forward at 0.1 m/s.
[INFO] [1699839294.334866303] [publisher]: *** Going forward at 0.1 m/s.
[INFO] [1699839294.670124589] [publisher]: *** Going forward at 0.1 m/s.
[INFO] [1699839295.001390260] [publisher]: *** Going forward at 0.1 m/s.
[INFO] [1699839295.336383139] [publisher]: *** Going forward at 0.1 m/s.
[INFO] [1699839295.671900477] [publisher]: *** Going forward at 0.1 m/s.
[INFO] [1699839296.007946033] [publisher]: *** Going forward at 0.1 m/s.
[INFO] [1699839296.345875609] [publisher]: *** Going forward at 0.1 m/s.
[INFO] [1699839296.684519660] [publisher]: *** Going forward at 0.1 m/s.
[INFO] [1699839297.018185993] [publisher]: *** Going forward at 0.1 m/s.
[INFO] [1699839297.355176483] [publisher]: *** Going forward at 0.1 m/s.
[INFO] [1699839297.691807532] [publisher]: *** Going forward at 0.1 m/s.
[INFO] [1699839298.027066462] [publisher]: *** Going forward at 0.1 m/s.
[INFO] [1699839298.357324450] [publisher]: *** Going forward at 0.1 m/s.
[INFO] [1699839298.702435723] [publisher]: *** Going forward at 0.1 m/s.
[INFO] [1699839299.042972553] [publisher]: *** Going forward at 0.1 m/s.
[INFO] [1699839299.366032951] [publisher]: *** Going forward at 0.1 m/s.
[INFO] [1699839299.707206793] [publisher]: *** Going forward at 0.1 m/s.
[INFO] [1699839300.044208446] [publisher]: *** Going forward at 0.1 m/s.
[INFO] [1699839300.380315162] [publisher]: *** Going forward at 0.1 m/s.
[INFO] [1699839300.719327038] [publisher]: *** Going forward at 0.1 m/s.
[INFO] [1699839301.056551300] [publisher]: *** Going forward at 0.1 m/s.
[INFO] [1699839301.390954417] [publisher]: *** Going forward at 0.1 m/s.
[INFO] [1699839301.721381234] [subscriber]: Forward Obstacle detected
[INFO] [1699839301.723899732] [publisher]: *** Going forward at 0.1 m/s.
[INFO] [1699839301.837233811] [subscriber]: Forward Obstacle detected
[INFO] [1699839302.065529974] [publisher]: Rotating left...
[INFO] [1699839302.171828981] [publisher]: Rotating left...
[INFO] [1699839302.283511018] [publisher]: Rotating left...
[INFO] [1699839302.404432978] [publisher]: Rotating left...
[INFO] [1699839302.510007621] [publisher]: Rotating left...
[INFO] [1699839302.616398258] [publisher]: Rotating left...
[INFO] [1699839302.740327397] [publisher]: Rotating left...
[INFO] [1699839302.844201369] [publisher]: Rotating left...
[INFO] [1699839302.960468534] [publisher]: Rotating left...
[INFO] [1699839303.077045604] [publisher]: Rotating left...
[INFO] [1699839303.181118574] [publisher]: Rotating left...
[INFO] [1699839303.290131503] [publisher]: Rotating left...
[INFO] [1699839303.402637199] [publisher]: Rotating left...
[INFO] [1699839303.514091534] [publisher]: Rotating left...
[INFO] [1699839303.637252771] [publisher]: Rotating left...
[INFO] [1699839303.747500505] [publisher]: Rotating left...
[INFO] [1699839303.751149382] [subscriber]: 
*** Clear.
[INFO] [1699839304.083098535] [publisher]: *** Going forward at 0.1 m/s.
[INFO] [1699839304.413320053] [publisher]: *** Going forward at 0.1 m/s.
[INFO] [1699839304.747828240] [publisher]: *** Going forward at 0.1 m/s.
[INFO] [1699839305.089925567] [publisher]: *** Going forward at 0.1 m/s.
[INFO] [1699839305.427898520] [publisher]: *** Going forward at 0.1 m/s.
[INFO] [1699839305.762117374] [publisher]: *** Going forward at 0.1 m/s.
[INFO] [1699839306.103019617] [publisher]: *** Going forward at 0.1 m/s.
[INFO] [1699839306.437804113] [publisher]: *** Going forward at 0.1 m/s.
[INFO] [1699839306.770233092] [publisher]: *** Going forward at 0.1 m/s.
[INFO] [1699839307.109431885] [publisher]: *** Going forward at 0.1 m/s.
[INFO] [1699839307.437569473] [publisher]: *** Going forward at 0.1 m/s.
[INFO] [1699839307.774090268] [publisher]: *** Going forward at 0.1 m/s.
[INFO] [1699839308.114662641] [publisher]: *** Going forward at 0.1 m/s.
[INFO] [1699839308.449802484] [publisher]: *** Going forward at 0.1 m/s.
[INFO] [1699839308.781776094] [publisher]: *** Going forward at 0.1 m/s.
[INFO] [1699839309.121486120] [publisher]: *** Going forward at 0.1 m/s.
[INFO] [1699839309.451908094] [publisher]: *** Going forward at 0.1 m/s.
[INFO] [1699839309.796903501] [publisher]: *** Going forward at 0.1 m/s.
[INFO] [1699839310.131210072] [publisher]: *** Going forward at 0.1 m/s.
[INFO] [1699839310.458601125] [publisher]: *** Going forward at 0.1 m/s.
[INFO] [1699839310.797942615] [publisher]: *** Going forward at 0.1 m/s.
[INFO] [1699839311.133842930] [publisher]: *** Going forward at 0.1 m/s.
[INFO] [1699839311.478175878] [publisher]: *** Going forward at 0.1 m/s.
[INFO] [1699839311.812238893] [publisher]: *** Going forward at 0.1 m/s.
[INFO] [1699839312.147823246] [publisher]: *** Going forward at 0.1 m/s.
[INFO] [1699839312.478550195] [publisher]: *** Going forward at 0.1 m/s.
[INFO] [1699839312.818964118] [publisher]: *** Going forward at 0.09 m/s.
[INFO] [1699839312.924851588] [subscriber]: Forward Obstacle detected
[INFO] [1699839313.154895764] [publisher]: Rotating right...
[INFO] [1699839313.260883788] [publisher]: Rotating right...
[INFO] [1699839313.382261850] [publisher]: Rotating right...
[INFO] [1699839313.485242418] [publisher]: Rotating right...
[INFO] [1699839313.602993918] [publisher]: Rotating right...
[INFO] [1699839313.717759036] [publisher]: Rotating right...
[INFO] [1699839313.827465343] [publisher]: Rotating right...
[INFO] [1699839313.937907997] [publisher]: Rotating right...
[INFO] [1699839314.047990617] [publisher]: Rotating right...
[INFO] [1699839314.167708785] [publisher]: Rotating right...
[INFO] [1699839314.274328118] [publisher]: Rotating right...
[INFO] [1699839314.390397502] [publisher]: Rotating right...
[INFO] [1699839314.504715327] [publisher]: Rotating right...
[INFO] [1699839314.508788349] [subscriber]: 
*** Clear.
[INFO] [1699839314.841699980] [publisher]: *** Going forward at 0.1 m/s.
[INFO] [1699839315.169162786] [publisher]: *** Going forward at 0.1 m/s.
[INFO] [1699839315.506482528] [publisher]: *** Going forward at 0.1 m/s.
[INFO] [1699839315.842984925] [publisher]: *** Going forward at 0.1 m/s.
[INFO] [1699839316.179249601] [publisher]: *** Going forward at 0.1 m/s.
[INFO] [1699839316.512904946] [publisher]: *** Going forward at 0.1 m/s.
[INFO] [1699839316.850065873] [publisher]: *** Going forward at 0.1 m/s.
[INFO] [1699839317.190581068] [publisher]: *** Going forward at 0.1 m/s.
[INFO] [1699839317.529035872] [publisher]: *** Going forward at 0.1 m/s.
[INFO] [1699839317.857089262] [publisher]: *** Going forward at 0.1 m/s.
[INFO] [1699839318.203053021] [publisher]: *** Going forward at 0.1 m/s.
[INFO] [1699839318.536462366] [publisher]: *** Going forward at 0.1 m/s.
[INFO] [1699839318.878209734] [publisher]: *** Going forward at 0.1 m/s.
[INFO] [1699839318.985410635] [subscriber]: Forward Obstacle detected
[INFO] [1699839319.205473425] [publisher]: Rotating right...
[INFO] [1699839319.316408239] [publisher]: Rotating right...
[INFO] [1699839319.439645135] [publisher]: Rotating right...
[INFO] [1699839319.548000415] [publisher]: Rotating right...
[INFO] [1699839319.652367302] [publisher]: Rotating right...
[INFO] [1699839319.779098595] [publisher]: Rotating right...
[INFO] [1699839319.782132718] [subscriber]: 
*** Clear.
[INFO] [1699839320.103830085] [publisher]: *** Going forward at 0.1 m/s.
[INFO] [1699839320.438137938] [publisher]: *** Going forward at 0.1 m/s.
[INFO] [1699839320.775575506] [publisher]: *** Going forward at 0.1 m/s.
[INFO] [1699839321.113388515] [publisher]: *** Going forward at 0.1 m/s.
[INFO] [1699839321.447345425] [publisher]: *** Going forward at 0.1 m/s.
[INFO] [1699839321.783348782] [publisher]: *** Going forward at 0.1 m/s.
[INFO] [1699839322.119612061] [publisher]: *** Going forward at 0.1 m/s.
[INFO] [1699839322.465323983] [publisher]: *** Going forward at 0.1 m/s.
[INFO] [1699839322.802340737] [publisher]: *** Going forward at 0.1 m/s.
[INFO] [1699839323.130834396] [publisher]: *** Going forward at 0.08 m/s.
[INFO] [1699839323.470744773] [publisher]: *** Going forward at 0.08 m/s.
[INFO] [1699839323.807231456] [publisher]: *** Going forward at 0.1 m/s.
[INFO] [1699839324.143684102] [publisher]: *** Going forward at 0.1 m/s.
[INFO] [1699839324.479217032] [publisher]: *** Going forward at 0.1 m/s.
[INFO] [1699839324.814351078] [publisher]: *** Going forward at 0.1 m/s.
[INFO] [1699839325.149284402] [publisher]: *** Going forward at 0.1 m/s.
[INFO] [1699839325.491873828] [publisher]: *** Going forward at 0.1 m/s.
[INFO] [1699839325.821461788] [publisher]: *** Going forward at 0.1 m/s.
[INFO] [1699839326.166641025] [publisher]: *** Going forward at 0.1 m/s.
[INFO] [1699839326.493427990] [publisher]: *** Going forward at 0.1 m/s.
[INFO] [1699839326.833623638] [publisher]: *** Going forward at 0.1 m/s.
[INFO] [1699839327.170164187] [publisher]: *** Going forward at 0.1 m/s.
[INFO] [1699839327.505675040] [publisher]: *** Going forward at 0.1 m/s.
[INFO] [1699839327.849056087] [publisher]: *** Going forward at 0.1 m/s.
[INFO] [1699839328.181064284] [publisher]: *** Going forward at 0.1 m/s.
[INFO] [1699839328.513305515] [subscriber]: Forward Obstacle detected
[INFO] [1699839328.516309971] [publisher]: *** Going forward at 0.1 m/s.
[INFO] [1699839328.634615516] [subscriber]: Forward Obstacle detected
[INFO] [1699839328.848534721] [publisher]: Rotating left...
[INFO] [1699839328.969617446] [publisher]: Rotating left...
[INFO] [1699839329.076583696] [publisher]: Rotating left...
[INFO] [1699839329.183811593] [publisher]: Rotating left...
[INFO] [1699839329.305395980] [publisher]: Rotating left...
[INFO] [1699839329.410381487] [publisher]: Rotating left...
[INFO] [1699839329.527251951] [publisher]: Rotating left...
[INFO] [1699839329.646114712] [publisher]: Rotating left...
[INFO] [1699839329.750187765] [publisher]: Rotating left...
[INFO] [1699839329.856721223] [publisher]: Rotating left...
[INFO] [1699839329.979115288] [publisher]: Rotating left...
[INFO] [1699839330.088070707] [publisher]: Rotating left...
[INFO] [1699839330.203010186] [publisher]: Rotating left...
[INFO] [1699839330.312825486] [publisher]: Rotating left...
[INFO] [1699839330.423192837] [publisher]: Rotating left...
[INFO] [1699839330.531380669] [publisher]: Rotating left...
[INFO] [1699839330.649969063] [publisher]: Rotating left...
[INFO] [1699839330.754616684] [publisher]: Rotating left...
[INFO] [1699839330.869751421] [publisher]: Rotating left...
[INFO] [1699839330.985608781] [publisher]: Rotating left...
[INFO] [1699839331.092242515] [publisher]: Rotating left...
[INFO] [1699839331.096504961] [subscriber]: 
*** Clear.
[INFO] [1699839331.428280007] [publisher]: *** Going forward at 0.1 m/s.
[INFO] [1699839331.770751779] [publisher]: *** Going forward at 0.1 m/s.
[INFO] [1699839332.104091219] [publisher]: *** Going forward at 0.1 m/s.
[INFO] [1699839332.442677892] [publisher]: *** Going forward at 0.1 m/s.
[INFO] [1699839332.783456880] [publisher]: *** Going forward at 0.1 m/s.
[INFO] [1699839333.113250423] [publisher]: *** Going forward at 0.1 m/s.
[INFO] [1699839333.453620709] [publisher]: *** Going forward at 0.1 m/s.
[INFO] [1699839333.789424497] [publisher]: *** Going forward at 0.1 m/s.
[INFO] [1699839334.118324880] [publisher]: *** Going forward at 0.1 m/s.
[INFO] [1699839334.463871825] [publisher]: *** Going forward at 0.1 m/s.
[INFO] [1699839334.792572394] [publisher]: *** Going forward at 0.1 m/s.
[INFO] [1699839335.138808296] [publisher]: *** Going forward at 0.1 m/s.
[INFO] [1699839335.466828480] [publisher]: *** Going forward at 0.1 m/s.
[INFO] [1699839335.810961677] [publisher]: *** Going forward at 0.1 m/s.
[INFO] [1699839336.147145699] [publisher]: *** Going forward at 0.1 m/s.
[INFO] [1699839336.476382280] [publisher]: *** Going forward at 0.1 m/s.
[INFO] [1699839336.816075938] [publisher]: *** Going forward at 0.1 m/s.
[INFO] [1699839337.151677946] [publisher]: *** Going forward at 0.1 m/s.
[INFO] [1699839337.256289380] [subscriber]: Forward Obstacle detected
[INFO] [1699839337.482936860] [publisher]: Rotating right...
[INFO] [1699839337.594659326] [publisher]: Rotating right...
[INFO] [1699839337.709174195] [publisher]: Rotating right...
[INFO] [1699839337.817505653] [publisher]: Rotating right...
[INFO] [1699839337.933402640] [publisher]: Rotating right...
[INFO] [1699839338.051295036] [publisher]: Rotating right...
[INFO] [1699839338.164476101] [publisher]: Rotating right...
[INFO] [1699839338.279696556] [publisher]: Rotating right...
[INFO] [1699839338.385719218] [publisher]: Rotating right...
[INFO] [1699839338.492861686] [publisher]: Rotating right...
[INFO] [1699839338.606025473] [publisher]: Rotating right...
[INFO] [1699839338.717783032] [publisher]: Rotating right...
[INFO] [1699839338.838295109] [publisher]: Rotating right...
[INFO] [1699839338.943266188] [publisher]: Rotating right...
[INFO] [1699839339.060305535] [publisher]: Rotating right...
[INFO] [1699839339.174053335] [publisher]: Rotating right...
[INFO] [1699839339.285552710] [publisher]: Rotating right...
[INFO] [1699839339.387601202] [publisher]: Rotating right...
[INFO] [1699839339.509904726] [publisher]: Rotating right...
[INFO] [1699839339.618520385] [publisher]: Rotating right...
[INFO] [1699839339.621224251] [subscriber]: 
*** Clear.
[INFO] [1699839339.953996076] [publisher]: *** Going forward at 0.1 m/s.
[INFO] [1699839340.290438906] [publisher]: *** Going forward at 0.1 m/s.
[INFO] [1699839340.629689489] [publisher]: *** Going forward at 0.1 m/s.
[INFO] [1699839340.970944186] [publisher]: *** Going forward at 0.1 m/s.
[INFO] [1699839341.292652509] [publisher]: *** Going forward at 0.1 m/s.
[INFO] [1699839341.626017456] [publisher]: *** Going forward at 0.1 m/s.
[INFO] [1699839341.961940104] [publisher]: *** Going forward at 0.1 m/s.
[INFO] [1699839342.304550546] [publisher]: *** Going forward at 0.1 m/s.
[INFO] [1699839342.648293219] [publisher]: *** Going forward at 0.1 m/s.
[INFO] [1699839342.981996050] [publisher]: *** Going forward at 0.1 m/s.
[INFO] [1699839343.312183003] [publisher]: *** Going forward at 0.1 m/s.
[INFO] [1699839343.653778527] [publisher]: *** Going forward at 0.1 m/s.
[INFO] [1699839343.982809693] [publisher]: *** Going forward at 0.1 m/s.
[INFO] [1699839344.327487856] [publisher]: *** Going forward at 0.1 m/s.
[INFO] [1699839344.656556502] [publisher]: *** Going forward at 0.1 m/s.
[INFO] [1699839345.003888124] [publisher]: *** Going forward at 0.1 m/s.
[INFO] [1699839345.339508640] [publisher]: *** Going forward at 0.1 m/s.
[INFO] [1699839345.665854826] [publisher]: *** Going forward at 0.1 m/s.
[INFO] [1699839346.010783708] [publisher]: *** Going forward at 0.1 m/s.
[INFO] [1699839346.347154587] [publisher]: *** Going forward at 0.1 m/s.
[INFO] [1699839346.677563405] [publisher]: *** Going forward at 0.1 m/s.
[INFO] [1699839347.016996461] [publisher]: *** Going forward at 0.1 m/s.
[INFO] [1699839347.352379587] [publisher]: *** Going forward at 0.1 m/s.
[INFO] [1699839347.457533383] [subscriber]: Forward Obstacle detected
[INFO] [1699839347.683105290] [publisher]: Rotating left...
[INFO] [1699839347.793030879] [publisher]: Rotating left...
[INFO] [1699839347.909171860] [publisher]: Rotating left...
[INFO] [1699839348.025481599] [publisher]: Rotating left...
[INFO] [1699839348.139782687] [publisher]: Rotating left...
[INFO] [1699839348.245036963] [publisher]: Rotating left...
[INFO] [1699839348.352404258] [publisher]: Rotating left...
[INFO] [1699839348.471593676] [publisher]: Rotating left...
[INFO] [1699839348.582191148] [publisher]: Rotating left...
[INFO] [1699839348.698521571] [publisher]: Rotating left...
[INFO] [1699839348.810674548] [publisher]: Rotating left...
[INFO] [1699839348.914621483] [publisher]: Rotating left...
[INFO] [1699839349.038444287] [publisher]: Rotating left...
[INFO] [1699839349.141529507] [publisher]: Rotating left...
[INFO] [1699839349.256007927] [publisher]: Rotating left...
[INFO] [1699839349.372194962] [publisher]: Rotating left...
[INFO] [1699839349.481777720] [publisher]: Rotating left...
[INFO] [1699839349.595842218] [publisher]: Rotating left...
[INFO] [1699839349.700542276] [publisher]: Rotating left...
[INFO] [1699839349.812788270] [publisher]: Rotating left...
[INFO] [1699839349.929551745] [publisher]: Rotating left...
[INFO] [1699839350.044154478] [publisher]: Rotating left...
[INFO] [1699839350.047061787] [subscriber]: 
*** Clear.
[INFO] [1699839350.375277804] [publisher]: *** Going forward at 0.1 m/s.
[INFO] [1699839350.714595135] [publisher]: *** Going forward at 0.1 m/s.
[INFO] [1699839351.046448158] [publisher]: *** Going forward at 0.1 m/s.
[INFO] [1699839351.382804531] [publisher]: *** Going forward at 0.1 m/s.
[INFO] [1699839351.721859418] [publisher]: *** Going forward at 0.1 m/s.
[INFO] [1699839352.050444671] [publisher]: *** Going forward at 0.1 m/s.
[INFO] [1699839352.388688323] [publisher]: *** Going forward at 0.1 m/s.
[INFO] [1699839352.722452698] [publisher]: *** Going forward at 0.1 m/s.
[INFO] [1699839353.057616913] [publisher]: *** Going forward at 0.1 m/s.
[INFO] [1699839353.404555065] [publisher]: *** Going forward at 0.1 m/s.
[INFO] [1699839353.742850900] [publisher]: *** Going forward at 0.1 m/s.
[INFO] [1699839354.068702749] [publisher]: *** Going forward at 0.1 m/s.
[INFO] [1699839354.404304921] [publisher]: *** Going forward at 0.1 m/s.
[INFO] [1699839354.747291382] [publisher]: *** Going forward at 0.1 m/s.
[INFO] [1699839355.082418836] [publisher]: *** Going forward at 0.1 m/s.
[INFO] [1699839355.417363290] [publisher]: *** Going forward at 0.1 m/s.
[INFO] [1699839355.748742293] [publisher]: *** Going forward at 0.1 m/s.
[INFO] [1699839356.088344337] [publisher]: *** Going forward at 0.1 m/s.
[INFO] [1699839356.427564106] [publisher]: *** Going forward at 0.1 m/s.
[INFO] [1699839356.761673381] [publisher]: *** Going forward at 0.1 m/s.
[INFO] [1699839357.101799234] [publisher]: *** Going forward at 0.1 m/s.
[INFO] [1699839357.427512431] [publisher]: *** Going forward at 0.1 m/s.
[INFO] [1699839357.774951925] [publisher]: *** Going forward at 0.1 m/s.
[INFO] [1699839358.110009542] [publisher]: *** Going forward at 0.1 m/s.
[INFO] [1699839358.447604563] [publisher]: *** Going forward at 0.1 m/s.
[INFO] [1699839358.782373664] [publisher]: *** Going forward at 0.1 m/s.
[INFO] [1699839359.112700098] [publisher]: *** Going forward at 0.1 m/s.
[INFO] [1699839359.449062036] [publisher]: *** Going forward at 0.1 m/s.
[INFO] [1699839359.788630372] [publisher]: *** Going forward at 0.1 m/s.
[INFO] [1699839360.126390242] [publisher]: *** Going forward at 0.1 m/s.
[INFO] [1699839360.453022020] [publisher]: *** Going forward at 0.1 m/s.
[INFO] [1699839360.800377437] [publisher]: *** Going forward at 0.1 m/s.
[INFO] [1699839361.138027436] [publisher]: *** Going forward at 0.1 m/s.
[INFO] [1699839361.463782591] [publisher]: *** Going forward at 0.1 m/s.
[INFO] [1699839361.801905604] [subscriber]: Obstacle detected
[INFO] [1699839361.810455050] [publisher]: *** Going forward at 0.09 m/s.
[INFO] [1699839361.918251318] [subscriber]: Obstacle detected
[INFO] [1699839362.146814411] [publisher]: Rotating left...
[INFO] [1699839362.254986324] [publisher]: Rotating left...
[INFO] [1699839362.360702943] [publisher]: Rotating left...
[INFO] [1699839362.481435916] [publisher]: Rotating left...
[INFO] [1699839362.590780281] [publisher]: Rotating left...
[INFO] [1699839362.709310903] [publisher]: Rotating left...
[INFO] [1699839362.815685683] [publisher]: Rotating left...
[INFO] [1699839362.921074082] [publisher]: Rotating left...
[INFO] [1699839363.040457603] [publisher]: Rotating left...
[INFO] [1699839363.147345582] [publisher]: Rotating left...
[INFO] [1699839363.264110755] [publisher]: Rotating left...
[INFO] [1699839363.369622894] [publisher]: Rotating left...
[INFO] [1699839363.483583053] [publisher]: Rotating left...
[INFO] [1699839363.594197760] [publisher]: Rotating left...
[INFO] [1699839363.714499310] [publisher]: Rotating left...
[INFO] [1699839363.827281331] [publisher]: Rotating left...
[INFO] [1699839363.942937495] [publisher]: Rotating left...
[INFO] [1699839364.049341145] [publisher]: Rotating left...
[INFO] [1699839364.163257823] [publisher]: Rotating left...
[INFO] [1699839364.279479000] [publisher]: Rotating left...
[INFO] [1699839364.385856909] [publisher]: Rotating left...
[INFO] [1699839364.501550849] [publisher]: Rotating left...
[INFO] [1699839364.615202826] [publisher]: Rotating left...
[INFO] [1699839364.714757108] [publisher]: Rotating left...
[INFO] [1699839364.837061307] [publisher]: Rotating left...
[INFO] [1699839364.942131764] [publisher]: Rotating left...
[INFO] [1699839365.050002512] [publisher]: Rotating left...
[INFO] [1699839365.173731014] [publisher]: Rotating left...
[INFO] [1699839365.283057008] [publisher]: Rotating left...
[INFO] [1699839365.396057749] [publisher]: Rotating left...
[INFO] [1699839365.503059615] [publisher]: Rotating left...
[INFO] [1699839365.614211002] [publisher]: Rotating left...
[INFO] [1699839365.726060790] [publisher]: Rotating left...
[INFO] [1699839365.845985305] [publisher]: Rotating left...
[INFO] [1699839365.949311017] [publisher]: Rotating left...
[INFO] [1699839366.070218746] [publisher]: Rotating left...
[INFO] [1699839366.173761531] [publisher]: Rotating left...
[INFO] [1699839366.283095877] [publisher]: Rotating left...
[INFO] [1699839366.401913105] [publisher]: Rotating left...
[INFO] [1699839366.515725690] [publisher]: Rotating left...
[INFO] [1699839366.621723028] [publisher]: Rotating left...
[INFO] [1699839366.742669571] [publisher]: Rotating left...
[INFO] [1699839366.853156833] [publisher]: Rotating left...
[INFO] [1699839366.965248656] [publisher]: Rotating left...
[INFO] [1699839367.069594174] [publisher]: Rotating left...
[INFO] [1699839367.185981441] [publisher]: Rotating left...
[INFO] [1699839367.293025491] [publisher]: Rotating left...
[INFO] [1699839367.406350210] [publisher]: Rotating left...
[INFO] [1699839367.526724072] [publisher]: Rotating left...
[INFO] [1699839367.629145995] [publisher]: Rotating left...
[INFO] [1699839367.743850332] [publisher]: Rotating left...
[INFO] [1699839367.851631321] [publisher]: Rotating left...
[INFO] [1699839367.977572210] [publisher]: Rotating left...
[INFO] [1699839368.084358429] [publisher]: Rotating left...
[INFO] [1699839368.188875500] [publisher]: Rotating left...
[INFO] [1699839368.302251478] [publisher]: Rotating left...
[INFO] [1699839368.415154237] [publisher]: Rotating left...
[INFO] [1699839368.524597211] [publisher]: Rotating left...
[INFO] [1699839368.643566085] [publisher]: Rotating left...
[INFO] [1699839368.756017385] [publisher]: Rotating left...
[INFO] [1699839368.863584949] [publisher]: Rotating left...
[INFO] [1699839368.977225758] [publisher]: Rotating left...
[INFO] [1699839369.084330788] [publisher]: Rotating left...
[INFO] [1699839369.203501216] [publisher]: Rotating left...
[INFO] [1699839369.317673835] [publisher]: Rotating left...
[INFO] [1699839369.421845520] [publisher]: Rotating left...
[INFO] [1699839369.537697605] [publisher]: Rotating left...
[INFO] [1699839369.648563863] [publisher]: Rotating left...
[INFO] [1699839369.760687129] [publisher]: Rotating left...
[INFO] [1699839369.874516546] [publisher]: Rotating left...
[INFO] [1699839369.989750822] [publisher]: Rotating left...
[INFO] [1699839370.104269789] [publisher]: Rotating left...
[INFO] [1699839370.215883744] [publisher]: Rotating left...
[INFO] [1699839370.320071780] [publisher]: Rotating left...
[INFO] [1699839370.441454152] [publisher]: Rotating left...
[INFO] [1699839370.545084175] [publisher]: Rotating left...
[INFO] [1699839370.654113929] [publisher]: Rotating left...
[INFO] [1699839370.771491038] [publisher]: Rotating left...
[INFO] [1699839370.889175441] [publisher]: Rotating left...
[INFO] [1699839370.993627142] [publisher]: Rotating left...
[INFO] [1699839371.114119206] [publisher]: Rotating left...
[INFO] [1699839371.222921684] [publisher]: Rotating left...
[INFO] [1699839371.328812298] [publisher]: Rotating left...
[INFO] [1699839371.445293470] [publisher]: Rotating left...
[INFO] [1699839371.560499116] [publisher]: Rotating left...
[INFO] [1699839371.665279944] [publisher]: Rotating left...
[INFO] [1699839371.779546560] [publisher]: Rotating left...
[INFO] [1699839371.897661496] [publisher]: Rotating left...
[INFO] [1699839372.014420814] [publisher]: Rotating left...
[INFO] [1699839372.120595907] [publisher]: Rotating left...
[INFO] [1699839372.224650555] [publisher]: Rotating left...
[INFO] [1699839372.339052596] [publisher]: Rotating left...
[INFO] [1699839372.454039762] [publisher]: Rotating left...
[INFO] [1699839372.573427057] [publisher]: Rotating left...
[INFO] [1699839372.677950016] [publisher]: Rotating left...
[INFO] [1699839372.790567202] [publisher]: Rotating left...
[INFO] [1699839372.906424768] [publisher]: Rotating left...
[INFO] [1699839373.010458639] [publisher]: Rotating left...
[INFO] [1699839373.129249827] [publisher]: Rotating left...
[INFO] [1699839373.232489648] [publisher]: Rotating left...
[INFO] [1699839373.346104307] [publisher]: Rotating left...
[INFO] [1699839373.465183030] [publisher]: Rotating left...
[INFO] [1699839373.581062818] [publisher]: Rotating left...
[INFO] [1699839373.688035533] [publisher]: Rotating left...
[INFO] [1699839373.793619020] [publisher]: Rotating left...
[INFO] [1699839373.904112446] [publisher]: Rotating left...
[INFO] [1699839374.016771242] [publisher]: Rotating left...
[INFO] [1699839374.128807970] [publisher]: Rotating left...
[INFO] [1699839374.242275629] [publisher]: Rotating left...
[INFO] [1699839374.364211827] [publisher]: Rotating left...
[INFO] [1699839374.476532367] [publisher]: Rotating left...
[INFO] [1699839374.582643664] [publisher]: Rotating left...
[INFO] [1699839374.699055891] [publisher]: Rotating left...
[INFO] [1699839374.804953967] [publisher]: Rotating left...
[INFO] [1699839374.915862296] [publisher]: Rotating left...
[INFO] [1699839375.036526617] [publisher]: Rotating left...
[INFO] [1699839375.146633360] [publisher]: Rotating left...
[INFO] [1699839375.250078957] [publisher]: Rotating left...
[INFO] [1699839375.371194569] [publisher]: Rotating left...
[INFO] [1699839375.485524702] [publisher]: Rotating left...
[INFO] [1699839375.598743641] [publisher]: Rotating left...
[INFO] [1699839375.706771755] [publisher]: Rotating left...
[INFO] [1699839375.812063465] [publisher]: Rotating left...
[INFO] [1699839375.930638562] [publisher]: Rotating left...
[INFO] [1699839376.049270251] [publisher]: Rotating left...
[INFO] [1699839376.153368953] [publisher]: Rotating left...
[INFO] [1699839376.257075584] [publisher]: Rotating left...
[INFO] [1699839376.372382061] [publisher]: Rotating left...
[INFO] [1699839376.488770194] [publisher]: Rotating left...
[INFO] [1699839376.605668731] [publisher]: Rotating left...
[INFO] [1699839376.714271654] [publisher]: Rotating left...
[INFO] [1699839376.828494843] [publisher]: Rotating left...
[INFO] [1699839376.940580958] [publisher]: Rotating left...
[INFO] [1699839377.044104091] [publisher]: Rotating left...
[INFO] [1699839377.154099705] [publisher]: Rotating left...
[INFO] [1699839377.277763591] [publisher]: Rotating left...
[INFO] [1699839377.385818648] [publisher]: Rotating left...
[INFO] [1699839377.501409010] [publisher]: Rotating left...
[INFO] [1699839377.615628440] [publisher]: Rotating left...
[INFO] [1699839377.724451471] [publisher]: Rotating left...
[INFO] [1699839377.833088634] [publisher]: Rotating left...
[INFO] [1699839377.942391606] [publisher]: Rotating left...
[INFO] [1699839378.058519130] [publisher]: Rotating left...
[INFO] [1699839378.164764591] [publisher]: Rotating left...
[INFO] [1699839378.281315556] [publisher]: Rotating left...
[INFO] [1699839378.397279174] [publisher]: Rotating left...
[INFO] [1699839378.501870945] [publisher]: Rotating left...
[INFO] [1699839378.618123098] [publisher]: Rotating left...
[INFO] [1699839378.722690888] [publisher]: Rotating left...
[INFO] [1699839378.851597488] [publisher]: Rotating left...
[INFO] [1699839378.947242835] [publisher]: Rotating left...
[INFO] [1699839378.950476104] [subscriber]: 
*** Clear.
[INFO] [1699839379.285553530] [publisher]: *** Going forward at 0.1 m/s.
[INFO] [1699839379.621132619] [publisher]: *** Going forward at 0.1 m/s.
[INFO] [1699839379.967835760] [publisher]: *** Going forward at 0.1 m/s.
[INFO] [1699839380.292631718] [publisher]: *** Going forward at 0.1 m/s.
[INFO] [1699839380.634785452] [publisher]: *** Going forward at 0.1 m/s.
[INFO] [1699839380.978673524] [publisher]: *** Going forward at 0.1 m/s.
[INFO] [1699839381.305807349] [publisher]: *** Going forward at 0.1 m/s.
[INFO] [1699839381.648464264] [publisher]: *** Going forward at 0.1 m/s.
[INFO] [1699839381.975526664] [publisher]: *** Going forward at 0.1 m/s.
[INFO] [1699839382.310689067] [publisher]: *** Going forward at 0.1 m/s.
[INFO] [1699839382.653862661] [publisher]: *** Going forward at 0.1 m/s.
[INFO] [1699839382.982962728] [publisher]: *** Going forward at 0.1 m/s.
[INFO] [1699839383.318496590] [subscriber]: Obstacle detected
[INFO] [1699839383.320916255] [publisher]: *** Going forward at 0.1 m/s.
[INFO] [1699839383.435812325] [subscriber]: Obstacle detected
[INFO] [1699839383.655643365] [publisher]: Rotating left...
[INFO] [1699839383.770495139] [publisher]: Rotating left...
[INFO] [1699839383.881910275] [publisher]: Rotating left...
[INFO] [1699839384.002923589] [publisher]: Rotating left...
[INFO] [1699839384.112062597] [publisher]: Rotating left...
[INFO] [1699839384.222493575] [publisher]: Rotating left...
[INFO] [1699839384.329530749] [publisher]: Rotating left...
[INFO] [1699839384.449387443] [publisher]: Rotating left...
[INFO] [1699839384.552660538] [publisher]: Rotating left...
[INFO] [1699839384.680856438] [publisher]: Rotating left...
[INFO] [1699839384.777468794] [publisher]: Rotating left...
[INFO] [1699839384.889340519] [publisher]: Rotating left...
[INFO] [1699839385.011131844] [publisher]: Rotating left...
[INFO] [1699839385.114730602] [publisher]: Rotating left...
[INFO] [1699839385.225672928] [publisher]: Rotating left...
[INFO] [1699839385.343255585] [publisher]: Rotating left...
[INFO] [1699839385.451609581] [publisher]: Rotating left...
[INFO] [1699839385.573191555] [publisher]: Rotating left...
[INFO] [1699839385.679812566] [publisher]: Rotating left...
[INFO] [1699839385.682664801] [subscriber]: 
*** Clear.
[INFO] [1699839386.014079196] [publisher]: *** Going forward at 0.1 m/s.
[INFO] [1699839386.348168586] [publisher]: *** Going forward at 0.1 m/s.
[INFO] [1699839386.687235507] [publisher]: *** Going forward at 0.1 m/s.
[INFO] [1699839387.028608093] [publisher]: *** Going forward at 0.1 m/s.
[INFO] [1699839387.357038864] [publisher]: *** Going forward at 0.1 m/s.
[INFO] [1699839387.702937318] [publisher]: *** Going forward at 0.1 m/s.
[INFO] [1699839388.040045607] [publisher]: *** Going forward at 0.1 m/s.
[INFO] [1699839388.375901683] [publisher]: *** Going forward at 0.1 m/s.
[INFO] [1699839388.707924292] [publisher]: *** Going forward at 0.1 m/s.
[INFO] [1699839389.047646909] [publisher]: *** Going forward at 0.1 m/s.
[INFO] [1699839389.381000191] [publisher]: *** Going forward at 0.1 m/s.
[INFO] [1699839389.719371522] [publisher]: *** Going forward at 0.1 m/s.
[INFO] [1699839390.056605585] [publisher]: *** Going forward at 0.1 m/s.
[INFO] [1699839390.392362438] [publisher]: *** Going forward at 0.1 m/s.
[INFO] [1699839390.731816314] [publisher]: *** Going forward at 0.1 m/s.
[INFO] [1699839390.844940730] [subscriber]: Obstacle detected
[INFO] [1699839391.059064592] [publisher]: Rotating left...
[INFO] [1699839391.172389876] [publisher]: Rotating left...
[INFO] [1699839391.283523771] [publisher]: Rotating left...
[INFO] [1699839391.404285399] [publisher]: Rotating left...
[INFO] [1699839391.507028681] [publisher]: Rotating left...
[INFO] [1699839391.625550921] [publisher]: Rotating left...
[INFO] [1699839391.731004310] [publisher]: Rotating left...
[INFO] [1699839391.850090970] [publisher]: Rotating left...
[INFO] [1699839391.962774537] [publisher]: Rotating left...
[INFO] [1699839392.078582189] [publisher]: Rotating left...
[INFO] [1699839392.185621323] [publisher]: Rotating left...
[INFO] [1699839392.292159276] [publisher]: Rot