[INFO] [1699977562.280106028] [subscriber]: readings: left 0.999  lft_fwd 0.850  fwd 0.882   rt_fwd 0.750   right 0.576  back 1.871
[INFO] [1699977562.282506169] [subscriber]: No Obstacles
[INFO] [1699977562.513742740] [subscriber]: readings: left 0.995  lft_fwd 0.850  fwd 0.882   rt_fwd 0.750   right 0.575  back 1.874
[INFO] [1699977562.517643199] [subscriber]: No Obstacles
[INFO] [1699977562.520889109] [publisher]: *** Command fwd at 0.1 m/s.
[INFO] [1699977562.849721444] [subscriber]: readings: left 0.992  lft_fwd 0.841  fwd 0.873   rt_fwd 0.752   right 0.571  back 1.878
[INFO] [1699977562.852963132] [subscriber]: No Obstacles
[INFO] [1699977563.193522417] [subscriber]: readings: left 0.991  lft_fwd 0.810  fwd 0.837   rt_fwd 0.741   right 0.556  back 1.896
[INFO] [1699977563.197005084] [subscriber]: No Obstacles
[INFO] [1699977563.199751666] [publisher]: *** Command fwd at 0.1 m/s.
[INFO] [1699977563.527334032] [subscriber]: readings: left 0.971  lft_fwd 0.780  fwd 0.799   rt_fwd 0.729   right 0.540  back 1.931
[INFO] [1699977563.530278890] [subscriber]: No Obstacles
[INFO] [1699977563.867928854] [subscriber]: readings: left 0.936  lft_fwd 0.738  fwd 0.769   rt_fwd 0.710   right 0.533  back 1.987
[INFO] [1699977563.872109161] [subscriber]: No Obstacles
[INFO] [1699977563.876038249] [publisher]: *** Command fwd at 0.1 m/s.
[INFO] [1699977564.205276580] [subscriber]: readings: left 0.933  lft_fwd 0.707  fwd 0.738   rt_fwd 0.689   right 0.518  back 2.019
[INFO] [1699977564.210844539] [subscriber]: No Obstacles
[INFO] [1699977564.545466479] [subscriber]: readings: left 0.924  lft_fwd 0.676  fwd 0.703   rt_fwd 0.674   right 0.505  back 2.055
[INFO] [1699977564.548982756] [subscriber]: No Obstacles
[INFO] [1699977564.552561515] [publisher]: *** Command fwd at 0.1 m/s.
[INFO] [1699977564.885785673] [subscriber]: readings: left 0.902  lft_fwd 0.637  fwd 0.674   rt_fwd 0.655   right 0.499  back 2.115
[INFO] [1699977564.888000890] [subscriber]: No Obstacles
[INFO] [1699977565.221588841] [subscriber]: readings: left 0.886  lft_fwd 0.601  fwd 0.644   rt_fwd 0.634   right 0.491  back 2.160
[INFO] [1699977565.223768373] [subscriber]: No Obstacles
[INFO] [1699977565.225968387] [publisher]: *** Command fwd at 0.1 m/s.
[INFO] [1699977565.558555107] [subscriber]: readings: left 0.873  lft_fwd 0.572  fwd 0.611   rt_fwd 0.619   right 0.481  back 2.199
[INFO] [1699977565.560911360] [subscriber]: No Obstacles
[INFO] [1699977565.900523654] [subscriber]: readings: left 0.864  lft_fwd 0.538  fwd 0.578   rt_fwd 0.601   right 0.471  back 2.233
[INFO] [1699977565.904300392] [subscriber]: No Obstacles
[INFO] [1699977565.907184120] [publisher]: *** Command fwd at 0.1 m/s.
[INFO] [1699977566.238809184] [subscriber]: readings: left 0.858  lft_fwd 0.509  fwd 0.543   rt_fwd 0.584   right 0.492  back 2.262
[INFO] [1699977566.242475052] [subscriber]: No Obstacles
[INFO] [1699977566.578255146] [subscriber]: readings: left 0.851  lft_fwd 0.478  fwd 0.508   rt_fwd 0.568   right 0.588  back 2.300
[INFO] [1699977566.583043688] [subscriber]: No Obstacles
[INFO] [1699977566.585579346] [publisher]: *** Command fwd at 0.1 m/s.
[INFO] [1699977566.917676534] [subscriber]: readings: left 0.827  lft_fwd 0.442  fwd 0.478   rt_fwd 0.550   right 0.635  back 2.344
[INFO] [1699977566.920118879] [subscriber]: No Obstacles
[INFO] [1699977567.253609329] [subscriber]: readings: left 0.813  lft_fwd 0.419  fwd 0.447   rt_fwd 0.531   right 0.575  back 2.406
[INFO] [1699977567.256761963] [subscriber]: No Obstacles
[INFO] [1699977567.259211307] [publisher]: *** Command fwd at 0.1 m/s.
[INFO] [1699977567.592328262] [subscriber]: readings: left 0.824  lft_fwd 0.376  fwd 0.410   rt_fwd 0.514   right 0.541  back 2.438
[INFO] [1699977567.595158287] [subscriber]: Forward left 0.376 or right obstacle 0.514 meters
[INFO] [1699977567.932315828] [publisher]: rotate: readings: left 0.817  lft_fwd 0.357  fwd 0.383   rt_fwd 0.499   right 0.531  back 2.467
[INFO] [1699977568.052487797] [publisher]: Rotating right...
[INFO] [1699977568.166419590] [publisher]: Rotating right...
[INFO] [1699977568.282841413] [publisher]: Rotating right...
[INFO] [1699977568.386346280] [publisher]: Rotating right...
[INFO] [1699977568.498880348] [publisher]: Rotating right...
[INFO] [1699977568.618104178] [publisher]: Rotating right...
[INFO] [1699977568.722905198] [publisher]: Rotating right...
[INFO] [1699977568.839408094] [publisher]: Rotating right...
[INFO] [1699977568.951176096] [publisher]: Rotating right...
[INFO] [1699977569.070305186] [publisher]: Rotating right...
[INFO] [1699977569.180237040] [publisher]: Rotating right...
[INFO] [1699977569.288653559] [publisher]: Rotating right...
[INFO] [1699977569.402309892] [publisher]: Rotating right...
[INFO] [1699977569.517911094] [publisher]: Rotating right...
[INFO] [1699977569.627210788] [publisher]: Rotating right...
[INFO] [1699977569.742340217] [publisher]: Rotating right...
[INFO] [1699977569.860424819] [publisher]: Rotating right...
[INFO] [1699977569.970030862] [publisher]: Rotating right...
[INFO] [1699977570.087169732] [publisher]: Rotating right...
[INFO] [1699977570.090003239] [publisher]: 
*** Clear.
[INFO] [1699977570.421950205] [subscriber]: readings: left 0.506  lft_fwd 0.478  fwd 0.527   rt_fwd 2.112   right 2.346  back 0.421
[INFO] [1699977570.424156941] [subscriber]: No Obstacles
[INFO] [1699977570.754601904] [subscriber]: readings: left 0.512  lft_fwd 0.478  fwd 0.521   rt_fwd 2.109   right 2.334  back 0.419
[INFO] [1699977570.757238376] [subscriber]: No Obstacles
[INFO] [1699977570.759477649] [publisher]: *** Command fwd at 0.1 m/s.
[INFO] [1699977571.104162943] [subscriber]: readings: left 0.537  lft_fwd 0.469  fwd 0.517   rt_fwd 2.110   right 2.334  back 0.425
[INFO] [1699977571.108459212] [subscriber]: No Obstacles
[INFO] [1699977571.432472872] [subscriber]: readings: left 0.537  lft_fwd 0.447  fwd 0.487   rt_fwd 2.086   right 2.339  back 0.461
[INFO] [1699977571.436787512] [subscriber]: No Obstacles
[INFO] [1699977571.441320945] [publisher]: *** Command fwd at 0.1 m/s.
[INFO] [1699977571.774642137] [subscriber]: readings: left 0.563  lft_fwd 0.426  fwd 0.453   rt_fwd 2.061   right 2.347  back 0.498
[INFO] [1699977571.778650798] [subscriber]: No Obstacles
[INFO] [1699977572.119444355] [subscriber]: readings: left 0.526  lft_fwd 0.406  fwd 0.422   rt_fwd 2.033   right 2.347  back 0.529
[INFO] [1699977572.121891348] [subscriber]: No Obstacles
[INFO] [1699977572.124325359] [publisher]: *** Command fwd at 0.1 m/s.
[INFO] [1699977572.451399746] [subscriber]: readings: left 0.486  lft_fwd 0.385  fwd 0.385   rt_fwd 1.998   right 2.358  back 0.577
[INFO] [1699977572.453834628] [subscriber]: Forward obstacle 0.385 meters
[INFO] [1699977572.787575315] [publisher]: rotate: readings: left 0.472  lft_fwd 0.374  fwd 0.361   rt_fwd 1.971   right 2.358  back 0.601
[INFO] [1699977572.902570967] [publisher]: Rotating right...
[INFO] [1699977573.016111320] [publisher]: Rotating right...
[INFO] [1699977573.136683635] [publisher]: Rotating right...
[INFO] [1699977573.244378920] [publisher]: Rotating right...
[INFO] [1699977573.354806509] [publisher]: Rotating right...
[INFO] [1699977573.478412607] [publisher]: Rotating right...
[INFO] [1699977573.586946124] [publisher]: Rotating right...
[INFO] [1699977573.693202794] [publisher]: Rotating right...
[INFO] [1699977573.806231375] [publisher]: Rotating right...
[INFO] [1699977573.925723072] [publisher]: Rotating right...
[INFO] [1699977574.039202962] [publisher]: Rotating right...
[INFO] [1699977574.146025626] [publisher]: Rotating right...
[INFO] [1699977574.258576767] [publisher]: Rotating right...
[INFO] [1699977574.376009597] [publisher]: Rotating right...
[INFO] [1699977574.380318496] [publisher]: 
*** Clear.
[INFO] [1699977574.710440035] [subscriber]: readings: left 0.401  lft_fwd 1.963  fwd 2.398   rt_fwd 1.501   right 0.734  back 0.599
[INFO] [1699977574.714092089] [subscriber]: No Obstacles
[INFO] [1699977575.048713303] [subscriber]: readings: left 0.402  lft_fwd 1.965  fwd 2.396   rt_fwd 1.458   right 0.719  back 0.594
[INFO] [1699977575.051948176] [subscriber]: No Obstacles
[INFO] [1699977575.055017329] [publisher]: *** Command fwd at 0.1 m/s.
[INFO] [1699977575.386465742] [subscriber]: readings: left 0.378  lft_fwd 1.956  fwd 2.391   rt_fwd 1.440   right 0.721  back 0.594
[INFO] [1699977575.389266009] [subscriber]: Close on Left 0.378 or right 0.721 meters
