[INFO] [1699907733.175416001] [publisher]: *** Going forward at 0.1 m/s.
[INFO] [1699907733.183485469] [publisher]: *** Going forward at 0.1 m/s.
[INFO] [1699907733.467395815] [publisher]: *** Going forward at 0.1 m/s.
[INFO] [1699907733.802932797] [publisher]: *** Going forward at 0.1 m/s.
[INFO] [1699907734.146831097] [publisher]: *** Going forward at 0.1 m/s.
[INFO] [1699907734.488986753] [publisher]: *** Going forward at 0.1 m/s.
[INFO] [1699907734.819547340] [publisher]: *** Going forward at 0.1 m/s.
[INFO] [1699907735.160686177] [publisher]: *** Going forward at 0.1 m/s.
[INFO] [1699907735.504465370] [publisher]: *** Going forward at 0.1 m/s.
[INFO] [1699907735.836726602] [publisher]: *** Going forward at 0.1 m/s.
[INFO] [1699907736.177797516] [publisher]: *** Going forward at 0.1 m/s.
[INFO] [1699907736.516873994] [publisher]: *** Going forward at 0.1 m/s.
[INFO] [1699907736.864874041] [publisher]: *** Going forward at 0.1 m/s.
[INFO] [1699907737.199354765] [publisher]: *** Going forward at 0.1 m/s.
[INFO] [1699907737.540730048] [publisher]: *** Going forward at 0.1 m/s.
[INFO] [1699907737.875596380] [publisher]: *** Going forward at 0.1 m/s.
[INFO] [1699907738.223175619] [publisher]: *** Going forward at 0.1 m/s.
[INFO] [1699907738.555008844] [publisher]: *** Going forward at 0.1 m/s.
[INFO] [1699907738.901977537] [subscriber]: Obstacle detected
[INFO] [1699907738.904253840] [publisher]: *** Going forward at 0.1 m/s.
[INFO] [1699907739.013268615] [subscriber]: Obstacle detected
[INFO] [1699907739.234506568] [publisher]: Rotating right...
[INFO] [1699907739.346290437] [publisher]: Rotating right...
[INFO] [1699907739.462474711] [publisher]: Rotating right...
[INFO] [1699907739.571627411] [publisher]: Rotating right...
[INFO] [1699907739.696106020] [publisher]: Rotating right...
[INFO] [1699907739.800257045] [publisher]: Rotating right...
[INFO] [1699907739.921384883] [publisher]: Rotating right...
[INFO] [1699907740.028982826] [publisher]: Rotating right...
[INFO] [1699907740.145979571] [publisher]: Rotating right...
[INFO] [1699907740.262215067] [publisher]: Rotating right...
[INFO] [1699907740.366443572] [publisher]: Rotating right...
[INFO] [1699907740.478294663] [publisher]: Rotating right...
[INFO] [1699907740.481842653] [subscriber]: 
*** Clear.
[INFO] [1699907740.818526633] [publisher]: *** Going forward at 0.1 m/s.
[INFO] [1699907741.158172963] [publisher]: *** Going forward at 0.1 m/s.
[INFO] [1699907741.499472253] [publisher]: *** Going forward at 0.1 m/s.
[INFO] [1699907741.842634927] [publisher]: *** Going forward at 0.1 m/s.
[INFO] [1699907742.174093088] [publisher]: *** Going forward at 0.1 m/s.
[INFO] [1699907742.513247427] [publisher]: *** Going forward at 0.1 m/s.
[INFO] [1699907742.862317637] [publisher]: *** Going forward at 0.1 m/s.
[INFO] [1699907743.197411437] [publisher]: *** Going forward at 0.1 m/s.
[INFO] [1699907743.305004141] [subscriber]: Obstacle detected
[INFO] [1699907743.533506503] [publisher]: Rotating right...
[INFO] [1699907743.645043618] [publisher]: Rotating right...
[INFO] [1699907743.759708414] [publisher]: Rotating right...
[INFO] [1699907743.880072525] [publisher]: Rotating right...
[INFO] [1699907743.988516087] [publisher]: Rotating right...
[INFO] [1699907743.993043102] [subscriber]: 
*** Clear.
[INFO] [1699907744.326556111] [publisher]: *** Going forward at 0.1 m/s.
[INFO] [1699907744.665259515] [publisher]: *** Going forward at 0.1 m/s.
[INFO] [1699907745.002816471] [publisher]: *** Going forward at 0.1 m/s.
[INFO] [1699907745.350926661] [publisher]: *** Going forward at 0.1 m/s.
[INFO] [1699907745.683314426] [publisher]: *** Going forward at 0.1 m/s.
[INFO] [1699907746.030595998] [publisher]: *** Going forward at 0.1 m/s.
[INFO] [1699907746.367219580] [publisher]: *** Going forward at 0.1 m/s.
[INFO] [1699907746.699498108] [publisher]: *** Going forward at 0.1 m/s.
[INFO] [1699907747.038681528] [publisher]: *** Going forward at 0.1 m/s.
[INFO] [1699907747.387485471] [publisher]: *** Going forward at 0.1 m/s.
[INFO] [1699907747.719612522] [publisher]: *** Going forward at 0.1 m/s.
[INFO] [1699907748.065776907] [publisher]: *** Going forward at 0.1 m/s.
[INFO] [1699907748.399626437] [subscriber]: Forward obstacle 0.595 meters
[INFO] [1699907748.402633768] [publisher]: *** Going forward at 0.1 m/s.
[INFO] [1699907748.508297721] [subscriber]: Forward obstacle 0.584 meters
[INFO] [1699907748.735865694] [publisher]: Rotating left...
[INFO] [1699907748.853413104] [publisher]: Rotating left...
[INFO] [1699907748.963876346] [publisher]: Rotating left...
[INFO] [1699907749.073027107] [publisher]: Rotating left...
[INFO] [1699907749.188939816] [publisher]: Rotating left...
[INFO] [1699907749.302403112] [publisher]: Rotating left...
[INFO] [1699907749.413448181] [publisher]: Rotating left...
[INFO] [1699907749.530590115] [publisher]: Rotating left...
[INFO] [1699907749.650965988] [publisher]: Rotating left...
[INFO] [1699907749.757962147] [publisher]: Rotating left...
[INFO] [1699907749.873278661] [publisher]: Rotating left...
[INFO] [1699907749.979539681] [publisher]: Rotating left...
[INFO] [1699907750.099085547] [publisher]: Rotating left...
[INFO] [1699907750.205941578] [publisher]: Rotating left...
[INFO] [1699907750.330002034] [publisher]: Rotating left...
[INFO] [1699907750.433674848] [publisher]: Rotating left...
[INFO] [1699907750.554431864] [publisher]: Rotating left...
[INFO] [1699907750.665449194] [publisher]: Rotating left...
[INFO] [1699907750.779423855] [publisher]: Rotating left...
[INFO] [1699907750.896296070] [publisher]: Rotating left...
[INFO] [1699907751.001092221] [publisher]: Rotating left...
[INFO] [1699907751.121331820] [publisher]: Rotating left...
[INFO] [1699907751.232159318] [publisher]: Rotating left...
[INFO] [1699907751.337121394] [publisher]: Rotating left...
[INFO] [1699907751.460067994] [publisher]: Rotating left...
[INFO] [1699907751.571207526] [publisher]: Rotating left...
[INFO] [1699907751.573893213] [subscriber]: 
*** Clear.
[INFO] [1699907751.904311403] [publisher]: *** Going forward at 0.1 m/s.
[INFO] [1699907752.251643244] [subscriber]: Obstacle detected
[INFO] [1699907752.254951256] [publisher]: *** Going forward at 0.1 m/s.
[INFO] [1699907752.363716431] [subscriber]: Obstacle detected
[INFO] [1699907752.583102607] [publisher]: Rotating left...
[INFO] [1699907752.702353441] [publisher]: Rotating left...
[INFO] [1699907752.807132816] [publisher]: Rotating left...
[INFO] [1699907752.925191036] [publisher]: Rotating left...
[INFO] [1699907753.035593837] [publisher]: Rotating left...
[INFO] [1699907753.158179628] [publisher]: Rotating left...
[INFO] [1699907753.262390177] [publisher]: Rotating left...
[INFO] [1699907753.374344051] [publisher]: Rotating left...
[INFO] [1699907753.491403859] [publisher]: Rotating left...
[INFO] [1699907753.495646193] [subscriber]: 
*** Clear.
[INFO] [1699907753.833153645] [publisher]: *** Going forward at 0.1 m/s.
[INFO] [1699907754.166232268] [publisher]: *** Going forward at 0.1 m/s.
[INFO] [1699907754.505892435] [publisher]: *** Going forward at 0.1 m/s.
[INFO] [1699907754.845469603] [publisher]: *** Going forward at 0.1 m/s.
[INFO] [1699907755.187600146] [publisher]: *** Going forward at 0.1 m/s.
[INFO] [1699907755.526969411] [publisher]: *** Going forward at 0.1 m/s.
[INFO] [1699907755.870583510] [publisher]: *** Going forward at 0.1 m/s.
[INFO] [1699907756.203190290] [publisher]: *** Going forward at 0.1 m/s.
[INFO] [1699907756.542786331] [publisher]: *** Going forward at 0.1 m/s.
[INFO] [1699907756.893854594] [publisher]: *** Going forward at 0.1 m/s.
[INFO] [1699907757.222664092] [publisher]: *** Going forward at 0.1 m/s.
[INFO] [1699907757.563533952] [publisher]: *** Going forward at 0.1 m/s.
[INFO] [1699907757.907605974] [publisher]: *** Going forward at 0.1 m/s.
[INFO] [1699907758.238091729] [publisher]: *** Going forward at 0.1 m/s.
[INFO] [1699907758.578539096] [publisher]: *** Going forward at 0.1 m/s.
[INFO] [1699907758.918925612] [publisher]: *** Going forward at 0.1 m/s.
[INFO] [1699907759.259496497] [publisher]: *** Going forward at 0.1 m/s.
[INFO] [1699907759.598560791] [publisher]: *** Going forward at 0.1 m/s.
[INFO] [1699907759.936073532] [publisher]: *** Going forward at 0.1 m/s.
[INFO] [1699907760.275431434] [publisher]: *** Going forward at 0.1 m/s.
[INFO] [1699907760.615152036] [publisher]: *** Going forward at 0.1 m/s.
[INFO] [1699907760.963382176] [subscriber]: Obstacle detected
[INFO] [1699907760.967087887] [publisher]: *** Going forward at 0.1 m/s.
[INFO] [1699907761.067571284] [subscriber]: Obstacle detected
[INFO] [1699907761.297961364] [publisher]: Rotating left...
[INFO] [1699907761.406258772] [publisher]: Rotating left...
[INFO] [1699907761.520545398] [publisher]: Rotating left...
[INFO] [1699907761.637899835] [publisher]: Rotating left...
[INFO] [1699907761.743210374] [publisher]: Rotating left...
[INFO] [1699907761.865286232] [publisher]: Rotating left...
[INFO] [1699907761.970905841] [publisher]: Rotating left...
[INFO] [1699907761.973415771] [subscriber]: 
*** Clear.
[INFO] [1699907762.311247160] [publisher]: *** Going forward at 0.1 m/s.
[INFO] [1699907762.653192644] [publisher]: *** Going forward at 0.1 m/s.
[INFO] [1699907762.989432239] [publisher]: *** Going forward at 0.1 m/s.
[INFO] [1699907763.336408307] [publisher]: *** Going forward at 0.1 m/s.
[INFO] [1699907763.673870387] [publisher]: *** Going forward at 0.1 m/s.
[INFO] [1699907764.015387897] [publisher]: *** Going forward at 0.1 m/s.
[INFO] [1699907764.344733325] [publisher]: *** Going forward at 0.1 m/s.
[INFO] [1699907764.695548382] [publisher]: *** Going forward at 0.1 m/s.
[INFO] [1699907765.027072838] [publisher]: *** Going forward at 0.1 m/s.
[INFO] [1699907765.366030606] [publisher]: *** Going forward at 0.1 m/s.
[INFO] [1699907765.702925289] [publisher]: *** Going forward at 0.1 m/s.
[INFO] [1699907766.051065920] [publisher]: *** Going forward at 0.1 m/s.
[INFO] [1699907766.381359395] [publisher]: *** Going forward at 0.1 m/s.
[INFO] [1699907766.724203780] [publisher]: *** Going forward at 0.1 m/s.
[INFO] [1699907767.068296058] [publisher]: *** Going forward at 0.1 m/s.
[INFO] [1699907767.400828431] [publisher]: *** Going forward at 0.1 m/s.
[INFO] [1699907767.736494856] [publisher]: *** Going forward at 0.1 m/s.
[INFO] [1699907768.076984330] [publisher]: *** Going forward at 0.1 m/s.
[INFO] [1699907768.425432868] [publisher]: *** Going forward at 0.1 m/s.
[INFO] [1699907768.764273013] [publisher]: *** Going forward at 0.1 m/s.
[INFO] [1699907769.099052229] [publisher]: *** Going forward at 0.1 m/s.
[INFO] [1699907769.434485235] [publisher]: *** Going forward at 0.1 m/s.
[INFO] [1699907769.772886239] [publisher]: *** Going forward at 0.1 m/s.
[INFO] [1699907770.114182039] [publisher]: *** Going forward at 0.1 m/s.
[INFO] [1699907770.461337949] [publisher]: *** Going forward at 0.1 m/s.
[INFO] [1699907770.792845822] [publisher]: *** Going forward at 0.1 m/s.
[INFO] [1699907771.132898140] [publisher]: *** Going forward at 0.1 m/s.
[INFO] [1699907771.468122429] [publisher]: *** Going forward at 0.1 m/s.
[INFO] [1699907771.816239810] [publisher]: *** Going forward at 0.1 m/s.
[INFO] [1699907772.148356695] [publisher]: *** Going forward at 0.1 m/s.
[INFO] [1699907772.490808762] [publisher]: *** Going forward at 0.1 m/s.
[INFO] [1699907772.830245757] [publisher]: *** Going forward at 0.1 m/s.
[INFO] [1699907772.946514697] [subscriber]: Forward obstacle 0.596 meters
[INFO] [1699907773.167431282] [publisher]: Rotating left...
[INFO] [1699907773.288380958] [publisher]: Rotating left...
[INFO] [1699907773.391165665] [publisher]: Rotating left...
[INFO] [1699907773.511010707] [publisher]: Rotating left...
[INFO] [1699907773.615665723] [publisher]: Rotating left...
[INFO] [1699907773.732537470] [publisher]: Rotating left...
[INFO] [1699907773.842020035] [publisher]: Rotating left...
[INFO] [1699907773.955033943] [publisher]: Rotating left...
[INFO] [1699907774.069814736] [publisher]: Rotating left...
[INFO] [1699907774.193057012] [publisher]: Rotating left...
[INFO] [1699907774.302192175] [publisher]: Rotating left...
[INFO] [1699907774.405287952] [publisher]: Rotating left...
[INFO] [1699907774.534268728] [publisher]: Rotating left...
[INFO] [1699907774.641644654] [publisher]: Rotating left...
[INFO] [1699907774.747518044] [publisher]: Rotating left...
[INFO] [1699907774.863076994] [publisher]: Rotating left...
[INFO] [1699907774.973262291] [publisher]: Rotating left...
[INFO] [1699907775.089670693] [publisher]: Rotating left...
[INFO] [1699907775.095463044] [subscriber]: 
*** Clear.
[INFO] [1699907775.430127513] [publisher]: *** Going forward at 0.1 m/s.
[INFO] [1699907775.765528880] [publisher]: *** Going forward at 0.1 m/s.
[INFO] [1699907776.105058731] [publisher]: *** Going forward at 0.1 m/s.
[INFO] [1699907776.453207879] [publisher]: *** Going forward at 0.1 m/s.
[INFO] [1699907776.786638680] [publisher]: *** Going forward at 0.1 m/s.
[INFO] [1699907777.126158996] [publisher]: *** Going forward at 0.1 m/s.
[INFO] [1699907777.463845577] [publisher]: *** Going forward at 0.1 m/s.
[INFO] [1699907777.808107166] [publisher]: *** Going forward at 0.1 m/s.
[INFO] [1699907778.147507633] [publisher]: *** Going forward at 0.1 m/s.
[INFO] [1699907778.478078104] [publisher]: *** Going forward at 0.1 m/s.
[INFO] [1699907778.819561026] [publisher]: *** Going forward at 0.1 m/s.
[INFO] [1699907779.165411541] [publisher]: *** Going forward at 0.1 m/s.
[INFO] [1699907779.502557114] [publisher]: *** Going forward at 0.1 m/s.
[INFO] [1699907779.834759695] [publisher]: *** Going forward at 0.1 m/s.
[INFO] [1699907780.181309351] [publisher]: *** Going forward at 0.1 m/s.
[INFO] [1699907780.510451639] [publisher]: *** Going forward at 0.1 m/s.
[INFO] [1699907780.855391983] [publisher]: *** Going forward at 0.1 m/s.
[INFO] [1699907781.192234433] [publisher]: *** Going forward at 0.1 m/s.
[INFO] [1699907781.532324211] [publisher]: *** Going forward at 0.1 m/s.
[INFO] [1699907781.868772037] [publisher]: *** Going forward at 0.1 m/s.
[INFO] [1699907781.990181822] [subscriber]: Obstacle detected
[INFO] [1699907782.206986137] [publisher]: Rotating left...
[INFO] [1699907782.322330075] [publisher]: Rotating left...
[INFO] [1699907782.437708568] [publisher]: Rotating left...
[INFO] [1699907782.543135190] [publisher]: Rotating left...
[INFO] [1699907782.659700316] [publisher]: Rotating left...
[INFO] [1699907782.769980153] [publisher]: Rotating left...
[INFO] [1699907782.888908860] [publisher]: Rotating left...
[INFO] [1699907782.999120475] [publisher]: Rotating left...
[INFO] [1699907783.111235474] [publisher]: Rotating left...
[INFO] [1699907783.114902538] [subscriber]: 
*** Clear.
[INFO] [1699907783.459739018] [publisher]: *** Going forward at 0.1 m/s.
[INFO] [1699907783.794338629] [publisher]: *** Going forward at 0.1 m/s.
[INFO] [1699907784.128983778] [publisher]: *** Going forward at 0.1 m/s.
[INFO] [1699907784.465518978] [publisher]: *** Going forward at 0.1 m/s.
[INFO] [1699907784.805786092] [publisher]: *** Going forward at 0.1 m/s.
[INFO] [1699907785.156790254] [publisher]: *** Going forward at 0.1 m/s.
[INFO] [1699907785.488156577] [publisher]: *** Going forward at 0.1 m/s.
[INFO] [1699907785.827676517] [publisher]: *** Going forward at 0.1 m/s.
[INFO] [1699907786.164699231] [publisher]: *** Going forward at 0.1 m/s.
[INFO] [1699907786.503105094] [publisher]: *** Going forward at 0.1 m/s.
[INFO] [1699907786.841605975] [publisher]: *** Going forward at 0.1 m/s.
[INFO] [1699907787.191613894] [publisher]: *** Going forward at 0.1 m/s.
[INFO] [1699907787.532888259] [publisher]: *** Going forward at 0.1 m/s.
[INFO] [1699907787.866910921] [publisher]: *** Going forward at 0.1 m/s.
[INFO] [1699907788.206519698] [publisher]: *** Going forward at 0.1 m/s.
[INFO] [1699907788.536683078] [publisher]: *** Going forward at 0.1 m/s.
[INFO] [1699907788.888602955] [publisher]: *** Going forward at 0.1 m/s.
[INFO] [1699907789.220115986] [publisher]: *** Going forward at 0.1 m/s.
[INFO] [1699907789.564325335] [publisher]: *** Going forward at 0.1 m/s.
[INFO] [1699907789.903315121] [publisher]: *** Going forward at 0.1 m/s.
[INFO] [1699907790.241013425] [publisher]: *** Going forward at 0.1 m/s.
[INFO] [1699907790.583616537] [publisher]: *** Going forward at 0.1 m/s.
[INFO] [1699907790.922813989] [publisher]: *** Going forward at 0.1 m/s.
[INFO] [1699907791.261459616] [subscriber]: Forward obstacle 0.592 meters
[INFO] [1699907791.264798407] [publisher]: *** Going forward at 0.1 m/s.
[INFO] [1699907791.372162786] [subscriber]: Forward obstacle 0.580 meters
[INFO] [1699907791.595400730] [publisher]: Rotating left...
[INFO] [1699907791.712914349] [publisher]: Rotating left...
[INFO] [1699907791.819063891] [publisher]: Rotating left...
[INFO] [1699907791.934210096] [publisher]: Rotating left...
[INFO] [1699907792.042142838] [publisher]: Rotating left...
[INFO] [1699907792.166262187] [publisher]: Rotating left...
[INFO] [1699907792.269564082] [publisher]: Rotating left...
[INFO] [1699907792.393783744] [publisher]: Rotating left...
[INFO] [1699907792.500143211] [publisher]: Rotating left...
[INFO] [1699907792.610384923] [publisher]: Rotating left...
[INFO] [1699907792.725499721] [publisher]: Rotating left...
[INFO] [1699907792.836797402] [publisher]: Rotating left...
[INFO] [1699907792.952724912] [publisher]: Rotating left...
[INFO] [1699907793.063796262] [publisher]: Rotating left...
[INFO] [1699907793.172788751] [publisher]: Rotating left...
[INFO] [1699907793.299696843] [publisher]: Rotating left...
[INFO] [1699907793.402214729] [publisher]: Rotating left...
[INFO] [1699907793.516363448] [publisher]: Rotating left...
[INFO] [1699907793.632213255] [publisher]: Rotating left...
[INFO] [1699907793.635905041] [subscriber]: 
*** Clear.
[INFO] [1699907793.970951477] [publisher]: *** Going forward at 0.1 m/s.
[INFO] [1699907794.306191671] [publisher]: *** Going forward at 0.1 m/s.
[INFO] [1699907794.644802840] [publisher]: *** Going forward at 0.1 m/s.
[INFO] [1699907794.986042680] [publisher]: *** Going forward at 0.1 m/s.
[INFO] [1699907795.331034898] [publisher]: *** Going forward at 0.1 m/s.
[INFO] [1699907795.671507767] [publisher]: *** Going forward at 0.1 m/s.
[INFO] [1699907796.004299216] [publisher]: *** Going forward at 0.1 m/s.
[INFO] [1699907796.342978906] [publisher]: *** Going forward at 0.1 m/s.
[INFO] [1699907796.692861545] [publisher]: *** Going forward at 0.1 m/s.
[INFO] [1699907797.024432604] [publisher]: *** Going forward at 0.1 m/s.
[INFO] [1699907797.362826225] [publisher]: *** Going forward at 0.1 m/s.
[INFO] [1699907797.701729173] [publisher]: *** Going forward at 0.1 m/s.
[INFO] [1699907798.047218889] [publisher]: *** Going forward at 0.1 m/s.
[INFO] [1699907798.389613423] [publisher]: *** Going forward at 0.1 m/s.
[INFO] [1699907798.720250348] [publisher]: *** Going forward at 0.1 m/s.
[INFO] [1699907799.060487836] [publisher]: *** Going forward at 0.1 m/s.
[INFO] [1699907799.404166300] [publisher]: *** Going forward at 0.1 m/s.
[INFO] [1699907799.736619630] [publisher]: *** Going forward at 0.1 m/s.
[INFO] [1699907800.074524724] [publisher]: *** Going forward at 0.1 m/s.
[INFO] [1699907800.414166055] [publisher]: *** Going forward at 0.1 m/s.
[INFO] [1699907800.763946961] [publisher]: *** Going forward at 0.1 m/s.
[INFO] [1699907801.096567402] [publisher]: *** Going forward at 0.1 m/s.
[INFO] [1699907801.438792757] [publisher]: *** Going forward at 0.1 m/s.
[INFO] [1699907801.778224075] [publisher]: *** Going forward at 0.1 m/s.
[INFO] [1699907802.111163402] [publisher]: *** Going forward at 0.1 m/s.
[INFO] [1699907802.460926125] [publisher]: *** Going forward at 0.1 m/s.
[INFO] [1699907802.799597398] [publisher]: *** Going forward at 0.1 m/s.
[INFO] [1699907803.136598194] [publisher]: *** Going forward at 0.1 m/s.
[INFO] [1699907803.468912161] [publisher]: *** Going forward at 0.1 m/s.
[INFO] [1699907803.816942223] [publisher]: *** Going forward at 0.1 m/s.
[INFO] [1699907804.149180580] [publisher]: *** Going forward at 0.1 m/s.
[INFO] [1699907804.498176687] [publisher]: *** Going forward at 0.1 m/s.
[INFO] [1699907804.835402260] [publisher]: *** Going forward at 0.1 m/s.
[INFO] [1699907805.167803450] [publisher]: *** Going forward at 0.1 m/s.
[INFO] [1699907805.512756777] [publisher]: *** Going forward at 0.1 m/s.
[INFO] [1699907805.847740046] [publisher]: *** Going forward at 0.1 m/s.
[INFO] [1699907806.187164259] [subscriber]: Forward obstacle 0.580 meters
[INFO] [1699907806.191857421] [publisher]: *** Going forward at 0.1 m/s.
[INFO] [1699907806.304232799] [subscriber]: Forward obstacle 0.569 meters
[INFO] [1699907806.529300401] [publisher]: Rotating right...
[INFO] [1699907806.646136684] [publisher]: Rotating right...
[INFO] [1699907806.761704928] [publisher]: Rotating right...
[INFO] [1699907806.865370899] [publisher]: Rotating right...
[INFO] [1699907806.979542475] [publisher]: Rotating right...
[INFO] [1699907807.095955764] [publisher]: Rotating right...
[INFO] [1699907807.211391288] [publisher]: Rotating right...
[INFO] [1699907807.328428143] [publisher]: Rotating right...
[INFO] [1699907807.433721816] [publisher]: Rotating right...
[INFO] [1699907807.542507091] [publisher]: Rotating right...
[INFO] [1699907807.659926608] [publisher]: Rotating right...
[INFO] [1699907807.771038947] [publisher]: Rotating right...
[INFO] [1699907807.895206063] [publisher]: Rotating right...
[INFO] [1699907808.003285440] [publisher]: Rotating right...
[INFO] [1699907808.108930997] [publisher]: Rotating right...
[INFO] [1699907808.224547686] [publisher]: Rotating right...
[INFO] [1699907808.335784893] [publisher]: Rotating right...
[INFO] [1699907808.450306652] [publisher]: Rotating right...
[INFO] [1699907808.569349852] [publisher]: Rotating right...
[INFO] [1699907808.571916893] [subscriber]: 
*** Clear.
[INFO] [1699907808.901272480] [publisher]: *** Going forward at 0.1 m/s.
[INFO] [1699907809.247087338] [publisher]: *** Going forward at 0.1 m/s.
[INFO] [1699907809.577142843] [publisher]: *** Going forward at 0.1 m/s.
[INFO] [1699907809.921514275] [publisher]: *** Going forward at 0.1 m/s.
[INFO] [1699907810.257783887] [publisher]: *** Going forward at 0.1 m/s.
[INFO] [1699907810.598755957] [publisher]: *** Going forward at 0.1 m/s.
[INFO] [1699907810.943055207] [publisher]: *** Going forward at 0.1 m/s.
[INFO] [1699907811.283798374] [publisher]: *** Going forward at 0.1 m/s.
[INFO] [1699907811.613545515] [publisher]: *** Going forward at 0.1 m/s.
[INFO] [1699907811.963750136] [publisher]: *** Going forward at 0.1 m/s.
[INFO] [1699907812.300890035] [publisher]: *** Going forward at 0.1 m/s.
[INFO] [1699907812.633954302] [publisher]: *** Going forward at 0.1 m/s.
[INFO] [1699907812.979161544] [publisher]: *** Going forward at 0.1 m/s.
[INFO] [1699907813.320374356] [publisher]: *** Going forward at 0.1 m/s.
[INFO] [1699907813.660885492] [publisher]: *** Going forward at 0.1 m/s.
[INFO] [1699907813.992635184] [publisher]: *** Going forward at 0.1 m/s.
[INFO] [1699907814.336093932] [publisher]: *** Going forward at 0.1 m/s.
[INFO] [1699907814.668883446] [publisher]: *** Going forward at 0.1 m/s.
[INFO] [1699907815.016891692] [publisher]: *** Going forward at 0.1 m/s.
[INFO] [1699907815.356431417] [publisher]: *** Going forward at 0.1 m/s.
[INFO] [1699907815.687634360] [publisher]: *** Going forward at 0.1 m/s.
[INFO] [1699907815.800494254] [subscriber]: Forward obstacle 0.592 meters
[INFO] [1699907816.032168578] [publisher]: Rotating left...
[INFO] [1699907816.138451723] [publisher]: Rotating left...
[INFO] [1699907816.260832311] [publisher]: Rotating left...
[INFO] [1699907816.365508606] [publisher]: Rotating left...
[INFO] [1699907816.477159498] [publisher]: Rotating left...
[INFO] [1699907816.595673727] [publisher]: Rotating left...
[INFO] [1699907816.703814441] [publisher]: Rotating left...
[INFO] [1699907816.818513312] [publisher]: Rotating left...
[INFO] [1699907816.932502007] [publisher]: Rotating left...
[INFO] [1699907817.042880249] [publisher]: Rotating left...
[INFO] [1699907817.156746964] [publisher]: Rotating left...
[INFO] [1699907817.274833552] [publisher]: Rotating left...
[INFO] [1699907817.382530901] [publisher]: Rotating left...
[INFO] [1699907817.502119063] [publisher]: Rotating left...
[INFO] [1699907817.617715923] [publisher]: Rotating left...
[INFO] [1699907817.722763380] [publisher]: Rotating left...
[INFO] [1699907817.836385303] [publisher]: Rotating left...
[INFO] [1699907817.948949442] [publisher]: Rotating left...
[INFO] [1699907818.061353399] [publisher]: Rotating left...
[INFO] [1699907818.065395625] [subscriber]: 
*** Clear.
[INFO] [1699907818.400789945] [publisher]: *** Going forward at 0.1 m/s.
[INFO] [1699907818.747618989] [publisher]: *** Going forward at 0.1 m/s.
[INFO] [1699907819.079992700] [publisher]: *** Going forward at 0.1 m/s.
[INFO] [1699907819.419894797] [publisher]: *** Going forward at 0.1 m/s.
[INFO] [1699907819.537312672] [subscriber]: Forward obstacle 0.598 meters
[INFO] [1699907819.759686617] [publisher]: Rotating left...
[INFO] [1699907819.869240592] [publisher]: Rotating left...
[INFO] [1699907819.985058358] [publisher]: Rotating left...
[INFO] [1699907820.103531609] [publisher]: Rotating left...
[INFO] [1699907820.209425872] [publisher]: Rotating left...
[INFO] [1699907820.332095921] [publisher]: Rotating left...
[INFO] [1699907820.435543271] [publisher]: Rotating left...
[INFO] [1699907820.557774566] [publisher]: Rotating left...
[INFO] [1699907820.669453719] [publisher]: Rotating left...
[INFO] [1699907820.772958586] [publisher]: Rotating left...
[INFO] [1699907820.898752466] [publisher]: Rotating left...
[INFO] [1699907821.006374966] [publisher]: Rotating left...
[INFO] [1699907821.113823099] [publisher]: Rotating left...
[INFO] [1699907821.230785499] [publisher]: Rotating left...
[INFO] [1699907821.339494819] [publisher]: Rotating left...
[INFO] [1699907821.342683834] [subscriber]: 
*** Clear.
[INFO] [1699907821.679997967] [publisher]: *** Going forward at 0.1 m/s.
[INFO] [1699907822.030734114] [publisher]: *** Going forward at 0.1 m/s.
[INFO] [1699907822.366153365] [publisher]: *** Going forward at 0.1 m/s.
[INFO] [1699907822.704408099] [publisher]: *** Going forward at 0.1 m/s.
[INFO] [1699907823.036967275] [publisher]: *** Going forward at 0.1 m/s.
[INFO] [1699907823.374929421] [publisher]: *** Going forward at 0.1 m/s.
[INFO] [1699907823.713408653] [publisher]: *** Going forward at 0.1 m/s.
[INFO] [1699907824.058460820] [publisher]: *** Going forward at 0.1 m/s.
[INFO] [1699907824.398895269] [publisher]: *** Going forward at 0.1 m/s.
[INFO] [1699907824.734129896] [publisher]: *** Going forward at 0.1 m/s.
[INFO] [1699907825.071105908] [publisher]: *** Going forward at 0.1 m/s.
[INFO] [1699907825.412483995] [publisher]: *** Going forward at 0.1 m/s.
[INFO] [1699907825.752540839] [publisher]: *** Going forward at 0.1 m/s.
[INFO] [1699907826.099436875] [publisher]: *** Going forward at 0.1 m/s.
[INFO] [1699907826.433470223] [publisher]: *** Going forward at 0.1 m/s.
[INFO] [1699907826.768459096] [publisher]: *** Going forward at 0.1 m/s.
[INFO] [1699907827.117036964] [publisher]: *** Going forward at 0.1 m/s.
[INFO] [1699907827.449041506] [publisher]: *** Going forward at 0.1 m/s.
[INFO] [1699907827.563202074] [subscriber]: Obstacle detected
[INFO] [1699907827.797540024] [publisher]: Rotating left...
[INFO] [1699907827.901076338] [publisher]: Rotating left...
[INFO] [1699907828.021904359] [publisher]: Rotating left...
[INFO] [1699907828.135168458] [publisher]: Rotating left...
[INFO] [1699907828.237391067] [publisher]: Rotating left...
[INFO] [1699907828.356972753] [publisher]: Rotating left...
[INFO] [1699907828.472858059] [publisher]: Rotating left...
[INFO] [1699907828.475942557] [subscriber]: 
*** Clear.
[INFO] [1699907828.805393429] [publisher]: *** Going forward at 0.1 m/s.
[INFO] [1699907829.143765281] [publisher]: *** Going forward at 0.1 m/s.
[INFO] [1699907829.487436382] [publisher]: *** Going forward at 0.1 m/s.
[INFO] [1699907829.826777741] [publisher]: *** Going forward at 0.1 m/s.
[INFO] [1699907830.169209117] [publisher]: *** Going forward at 0.1 m/s.
[INFO] [1699907830.502574479] [publisher]: *** Going forward at 0.1 m/s.
[INFO] [1699907830.839631906] [publisher]: *** Going forward at 0.1 m/s.
[INFO] [1699907831.182275170] [publisher]: *** Going forward at 0.1 m/s.
[INFO] [1699907831.530672157] [publisher]: *** Going forward at 0.1 m/s.
[INFO] [1699907831.860000739] [publisher]: *** Going forward at 0.1 m/s.
[INFO] [1699907832.203926488] [publisher]: *** Going forward at 0.1 m/s.
[INFO] [1699907832.536257755] [publisher]: *** Going forward at 0.1 m/s.
[INFO] [1699907832.874635242] [publisher]: *** Going forward at 0.1 m/s.
[INFO] [1699907833.216471945] [publisher]: *** Going forward at 0.1 m/s.
[INFO] [1699907833.563345066] [publisher]: *** Going forward at 0.1 m/s.
[INFO] [1699907833.896450195] [publisher]: *** Going forward at 0.1 m/s.
[INFO] [1699907834.235146235] [publisher]: *** Going forward at 0.1 m/s.
[INFO] [1699907834.571032627] [publisher]: *** Going forward at 0.1 m/s.
[INFO] [1699907834.909949258] [publisher]: *** Going forward at 0.1 m/s.
[INFO] [1699907835.252164126] [publisher]: *** Going forward at 0.1 m/s.
[INFO] [1699907835.600789987] [publisher]: *** Going forward at 0.1 m/s.
[INFO] [1699907835.933124535] [publisher]: *** Going forward at 0.1 m/s.
[INFO] [1699907836.267485949] [publisher]: *** Going forward at 0.1 m/s.
[INFO] [1699907836.613536640] [publisher]: *** Going forward at 0.1 m/s.
[INFO] [1699907836.956377613] [publisher]: *** Going forward at 0.1 m/s.
[INFO] [1699907837.293365679] [publisher]: *** Going forward at 0.1 m/s.
[INFO] [1699907837.623995864] [publisher]: *** Going forward at 0.1 m/s.
[INFO] [1699907837.964780068] [publisher]: *** Going forward at 0.1 m/s.
[INFO] [1699907838.302087372] [publisher]: *** Going forward at 0.1 m/s.
[INFO] [1699907838.641210265] [publisher]: *** Going forward at 0.1 m/s.
[INFO] [1699907838.991780588] [publisher]: *** Going forward at 0.1 m/s.
[INFO] [1699907839.329449074] [publisher]: *** Going forward at 0.1 m/s.
[INFO] [1699907839.666735751] [publisher]: *** Going forward at 0.1 m/s.
[INFO] [1699907839.998762476] [publisher]: *** Going forward at 0.1 m/s.
[INFO] [1699907840.337094771] [publisher]: *** Going forward at 0.1 m/s.
[INFO] [1699907840.686178300] [publisher]: *** Going forward at 0.1 m/s.
[INFO] [1699907841.024088137] [subscriber]: Forward obstacle 0.582 meters
[INFO] [1699907841.029179165] [publisher]: *** Going forward at 0.1 m/s.
[INFO] [1699907841.132636450] [subscriber]: Forward obstacle 0.570 meters
[INFO] [1699907841.363678213] [publisher]: Rotating left...
[INFO] [1699907841.473799969] [publisher]: Rotating left...
[INFO] [1699907841.578248741] [publisher]: Rotating left...
[INFO] [1699907841.696490153] [publisher]: Rotating left...
[INFO] [1699907841.815144857] [publisher]: Rotating left...
[INFO] [1699907841.921700843] [publisher]: Rotating left...
[INFO] [1699907842.035410405] [publisher]: Rotating left...
[INFO] [1699907842.144963594] [publisher]: Rotating left...
[INFO] [1699907842.260263711] [publisher]: Rotating left...
[INFO] [1699907842.370413522] [publisher]: Rotating left...
[INFO] [1699907842.487708614] [publisher]: Rotating left...
[INFO] [1699907842.599150538] [publisher]: Rotating left...
[INFO] [1699907842.718495993] [publisher]: Rotating left...
[INFO] [1699907842.825708341] [publisher]: Rotating left...
[INFO] [1699907842.942403199] [publisher]: Rotating left...
[INFO] [1699907843.057691946] [publisher]: Rotating left...
[INFO] [1699907843.163283149] [publisher]: Rotating left...
[INFO] [1699907843.274936756] [publisher]: Rotating left...
[INFO] [1699907843.278414953] [subscriber]: 
*** Clear.
[INFO] [1699907843.624710633] [publisher]: *** Going forward at 0.1 m/s.
[INFO] [1699907843.955557378] [publisher]: *** Going forward at 0.1 m/s.
[INFO] [1699907844.296415202] [publisher]: *** Going forward at 0.1 m/s.
[INFO] [1699907844.632989172] [publisher]: *** Going forward at 0.1 m/s.
[INFO] [1699907844.970325337] [publisher]: *** Going forward at 0.1 m/s.
[INFO] [1699907845.318154314] [publisher]: *** Going forward at 0.1 m/s.
[INFO] [1699907845.651008259] [publisher]: *** Going forward at 0.1 m/s.
[INFO] [1699907845.991393424] [publisher]: *** Going forward at 0.1 m/s.
[INFO] [1699907846.329733837] [publisher]: *** Going forward at 0.1 m/s.
[INFO] [1699907846.666121109] [publisher]: *** Going forward at 0.1 m/s.
[INFO] [1699907847.003680811] [publisher]: *** Going forward at 0.1 m/s.
[INFO] [1699907847.341497455] [publisher]: *** Going forward at 0.1 m/s.
[INFO] [1699907847.691431242] [publisher]: *** Going forward at 0.1 m/s.
[INFO] [1699907848.026848565] [publisher]: *** Going forward at 0.1 m/s.
[INFO] [1699907848.368354127] [publisher]: *** Going forward at 0.1 m/s.
[INFO] [1699907848.700955745] [publisher]: *** Going forward at 0.1 m/s.
[INFO] [1699907849.036445865] [publisher]: *** Going forward at 0.1 m/s.
[INFO] [1699907849.376071896] [publisher]: *** Going forward at 0.1 m/s.
[INFO] [1699907849.714953418] [publisher]: *** Going forward at 0.1 m/s.
[INFO] [1699907850.052374015] [subscriber]: Obstacle detected
[INFO] [1699907850.055398995] [publisher]: *** Going forward at 0.1 m/s.
[INFO] [1699907850.165763252] [subscriber]: Obstacle detected
[INFO] [1699907850.395245173] [publisher]: Rotating left...
[INFO] [1699907850.506097664] [publisher]: Rotating left...
[INFO] [1699907850.618234936] [publisher]: Rotating left...
[INFO] [1699907850.732814880] [publisher]: Rotating left...
[INFO] [1699907850.842688809] [publisher]: Rotating left...
[INFO] [1699907850.959525021] [publisher]: Rotating left...
[INFO] [1699907851.076797043] [publisher]: Rotating left...
[INFO] [1699907851.187197541] [publisher]: Rotating left...
[INFO] [1699907851.297996996] [publisher]: Rotating left...
[INFO] [1699907851.407299229] [publisher]: Rotating left...
[INFO] [1699907851.411227902] [subscriber]: 
*** Clear.
[INFO] [1699907851.749689432] [publisher]: *** Going forward at 0.1 m/s.
[INFO] [1699907852.090942853] [publisher]: *** Going forward at 0.1 m/s.
[INFO] [1699907852.432182183] [publisher]: *** Going forward at 0.1 m/s.
[INFO] [1699907852.766620303] [publisher]: *** Going forward at 0.1 m/s.
[INFO] [1699907853.103515540] [publisher]: *** Going forward at 0.1 m/s.
[INFO] [1699907853.443229353] [publisher]: *** Going forward at 0.1 m/s.
[INFO] [1699907853.781652849] [publisher]: *** Going forward at 0.1 m/s.
[INFO] [1699907854.131832365] [publisher]: *** Going forward at 0.1 m/s.
[INFO] [1699907854.468136167] [publisher]: *** Going forward at 0.1 m/s.
[INFO] [1699907854.802367310] [publisher]: *** Going forward at 0.1 m/s.
[INFO] [1699907855.137241890] [publisher]: *** Going forward at 0.1 m/s.
[INFO] [1699907855.485304471] [publisher]: *** Going forward at 0.1 m/s.
[INFO] [1699907855.815910124] [publisher]: *** Going forward at 0.1 m/s.
[INFO] [1699907856.157620934] [publisher]: *** Going forward at 0.1 m/s.
[INFO] [1699907856.501002483] [publisher]: *** Going forward at 0.1 m/s.
[INFO] [1699907856.839095469] [publisher]: *** Going forward at 0.1 m/s.
[INFO] [1699907857.171150199] [publisher]: *** Going forward at 0.1 m/s.
[INFO] [1699907857.508622972] [publisher]: *** Going forward at 0.1 m/s.
[INFO] [1699907857.850938961] [publisher]: *** Going forward at 0.1 m/s.
[INFO] [1699907858.189028190] [publisher]: *** Going forward at 0.1 m/s.
[INFO] [1699907858.526558927] [publisher]: *** Going forward at 0.1 m/s.
[INFO] [1699907858.872475576] [publisher]: *** Going forward at 0.1 m/s.
[INFO] [1699907859.212283192] [publisher]: *** Going forward at 0.1 m/s.
[INFO] [1699907859.542794315] [publisher]: *** Going forward at 0.1 m/s.
[INFO] [1699907859.882636560] [publisher]: *** Going forward at 0.1 m/s.
[INFO] [1699907860.223160521] [publisher]: *** Going forward at 0.1 m/s.
[INFO] [1699907860.560504781] [publisher]: *** Going forward at 0.1 m/s.
[INFO] [1699907860.900575895] [publisher]: *** Going forward at 0.1 m/s.
[INFO] [1699907861.237553605] [publisher]: *** Going forward at 0.1 m/s.
[INFO] [1699907861.577605444] [publisher]: *** Going forward at 0.1 m/s.
[INFO] [1699907861.916405113] [subscriber]: Obstacle detected
[INFO] [1699907861.921218108] [publisher]: *** Going forward at 0.1 m/s.
[INFO] [1699907862.033408494] [subscriber]: Obstacle detected
[INFO] [1699907862.264308983] [publisher]: Rotating right...
[INFO] [1699907862.374502117] [publisher]: Rotating right...
[INFO] [1699907862.492243490] [publisher]: Rotating right...
[INFO] [1699907862.598055513] [publisher]: Rotating right...
[INFO] [1699907862.706535854] [publisher]: Rotating right...
[INFO] [1699907862.832297959] [publisher]: Rotating right...
[INFO] [1699907862.936677667] [publisher]: Rotating right...
[INFO] [1699907863.051159266] [publisher]: Rotating right...
[INFO] [1699907863.162266408] [publisher]: Rotating right...
[INFO] [1699907863.272752169] [publisher]: Rotating right...
[INFO] [1699907863.389645071] [publisher]: Rotating right...
[INFO] [1699907863.501070172] [publisher]: Rotating right...
[INFO] [1699907863.611995409] [publisher]: Rotating right...
[INFO] [1699907863.727240925] [publisher]: Rotating right...
[INFO] [1699907863.837269636] [publisher]: Rotating right...
[INFO] [1699907863.955334209] [publisher]: Rotating right...
[INFO] [1699907864.065940172] [publisher]: Rotating right...
[INFO] [1699907864.178654738] [publisher]: Rotating right...
[INFO] [1699907864.295127906] [publisher]: Rotating right...
[INFO] [1699907864.403534212] [publisher]: Rotating right...
[INFO] [1699907864.525862343] [publisher]: Rotating right...
[INFO] [1699907864.530128252] [subscriber]: 
*** Clear.
[INFO] [1699907864.863818748] [publisher]: *** Going forward at 0.1 m/s.
[INFO] [1699907865.201832969] [publisher]: *** Going forward at 0.1 m/s.
[INFO] [1699907865.538119564] [publisher]: *** Going forward at 0.1 m/s.
[INFO] [1699907865.869609996] [publisher]: *** Going forward at 0.1 m/s.
[INFO] [1699907866.209838487] [publisher]: *** Going forward at 0.1 m/s.
[INFO] [1699907866.557770899] [publisher]: *** Going forward at 0.1 m/s.
[INFO] [1699907866.891130236] [publisher]: *** Going forward at 0.1 m/s.
[INFO] [1699907867.231001880] [subscriber]: Forward obstacle 0.594 meters
[INFO] [1699907867.235113291] [publisher]: *** Going forward at 0.1 m/s.
[INFO] [1699907867.339400280] [subscriber]: Forward obstacle 0.583 meters
[INFO] [1699907867.566869020] [publisher]: Rotating right...
[INFO] [1699907867.678763301] [publisher]: Rotating right...
[INFO] [1699907867.800777216] [publisher]: Rotating right...
[INFO] [1699907867.904362120] [publisher]: Rotating right...
[INFO] [1699907868.021943071] [publisher]: Rotating right...
[INFO] [1699907868.138307279] [publisher]: Rotating right...
[INFO] [1699907868.253476557] [publisher]: Rotating right...
[INFO] [1699907868.367441406] [publisher]: Rotating right...
[INFO] [1699907868.476292579] [publisher]: Rotating right...
[INFO] [1699907868.594152268] [publisher]: Rotating right...
[INFO] [1699907868.702536538] [publisher]: Rotating right...
[INFO] [1699907868.818027368] [publisher]: Rotating right...
[INFO] [1699907868.933766269] [publisher]: Rotating right...
[INFO] [1699907869.035152109] [publisher]: Rotating right...
[INFO] [1699907869.038465771] [subscriber]: 
*** Clear.
[INFO] [1699907869.378521213] [publisher]: *** Going forward at 0.1 m/s.
[INFO] [1699907869.709773450] [publisher]: *** Going forward at 0.1 m/s.
[INFO] [1699907870.051513277] [publisher]: *** Going forward at 0.1 m/s.
[INFO] [1699907870.392836889] [publisher]: *** Going forward at 0.1 m/s.
[INFO] [1699907870.731432295] [publisher]: *** Going forward at 0.1 m/s.
[INFO] [1699907871.067946079] [publisher]: *** Going forward at 0.1 m/s.
[INFO] [1699907871.414274296] [publisher]: *** Going forward at 0.1 m/s.
[INFO] [1699907871.746617059] [publisher]: *** Going forward at 0.1 m/s.
[INFO] [1699907872.087922617] [publisher]: *** Going forward at 0.1 m/s.
[INFO] [1699907872.425614574] [publisher]: *** Going forward at 0.1 m/s.
[INFO] [1699907872.764292351] [publisher]: *** Going forward at 0.1 m/s.
[INFO] [1699907873.101233391] [publisher]: *** Going forward at 0.1 m/s.
[INFO] [1699907873.448064068] [publisher]: *** Going forward at 0.1 m/s.
[INFO] [1699907873.778468395] [publisher]: *** Going forward at 0.1 m/s.
[INFO] [1699907874.117989978] [publisher]: *** Going forward at 0.1 m/s.
[INFO] [1699907874.459263504] [publisher]: *** Going forward at 0.1 m/s.
[INFO] [1699907874.798095578] [publisher]: *** Going forward at 0.1 m/s.
[INFO] [1699907875.136290124] [publisher]: *** Going forward at 0.1 m/s.
[INFO] [1699907875.472110033] [publisher]: *** Going forward at 0.1 m/s.
[INFO] [1699907875.819530613] [publisher]: *** Going forward at 0.1 m/s.
[INFO] [1699907876.151747068] [publisher]: *** Going forward at 0.1 m/s.
[INFO] [1699907876.494347209] [publisher]: *** Going forward at 0.1 m/s.
[INFO] [1699907876.831064553] [publisher]: *** Going forward at 0.1 m/s.
[INFO] [1699907877.172874556] [publisher]: *** Going forward at 0.1 m/s.
[INFO] [1699907877.504213821] [publisher]: *** Going forward at 0.1 m/s.
[INFO] [1699907877.843529078] [publisher]: *** Going forward at 0.1 m/s.
[INFO] [1699907878.187133931] [publisher]: *** Going forward at 0.1 m/s.
[INFO] [1699907878.525201501] [publisher]: *** Going forward at 0.1 m/s.
[INFO] [1699907878.863446107] [publisher]: *** Going forward at 0.1 m/s.
[INFO] [1699907879.202250632] [publisher]: *** Going forward at 0.1 m/s.
[INFO] [1699907879.538404950] [publisher]: *** Going forward at 0.1 m/s.
[INFO] [1699907879.877779320] [publisher]: *** Going forward at 0.1 m/s.
[INFO] [1699907880.221767726] [publisher]: *** Going forward at 0.1 m/s.
[INFO] [1699907880.558920477] [publisher]: *** Going forward at 0.1 m/s.
[INFO] [1699907880.900169770] [publisher]: *** Going forward at 0.1 m/s.
[INFO] [1699907881.240788331] [publisher]: *** Going forward at 0.1 m/s.
[INFO] [1699907881.573450935] [publisher]: *** Going forward at 0.1 m/s.
[INFO] [1699907881.912682255] [publisher]: *** Going forward at 0.1 m/s.
[INFO] [1699907882.253968753] [subscriber]: Obstacle detected
[INFO] [1699907882.258830229] [publisher]: *** Going forward at 0.1 m/s.
[INFO] [1699907882.371126512] [subscriber]: Obstacle detected
[INFO] [1699907882.594183283] [publisher]: Rotating right...
[INFO] [1699907882.705068825] [publisher]: Rotating right...
[INFO] [1699907882.827349409] [publisher]: Rotating right...
[INFO] [1699907882.937004410] [publisher]: Rotating right...
[INFO] [1699907883.043242899] [publisher]: Rotating right...
[INFO] [1699907883.158714643] [publisher]: Rotating right...
[INFO] [1699907883.269093062] [publisher]: Rotating right...
[INFO] [1699907883.384212921] [publisher]: Rotating right...
[INFO] [1699907883.390999651] [subscriber]: 
*** Clear.
[INFO] [1699907883.722254609] [publisher]: *** Going forward at 0.1 m/s.
[INFO] [1699907884.061033881] [publisher]: *** Going forward at 0.1 m/s.
[INFO] [1699907884.398889962] [publisher]: *** Going forward at 0.1 m/s.
[INFO] [1699907884.735852388] [publisher]: *** Going forward at 0.1 m/s.
[INFO] [1699907885.077005131] [publisher]: *** Going forward at 0.1 m/s.
[INFO] [1699907885.413016662] [publisher]: *** Going forward at 0.1 m/s.
[INFO] [1699907885.756437267] [publisher]: *** Going forward at 0.1 m/s.
[INFO] [1699907886.101000322] [publisher]: *** Going forward at 0.1 m/s.
[INFO] [1699907886.436877930] [publisher]: *** Going forward at 0.1 m/s.
[INFO] [1699907886.768876975] [publisher]: *** Going forward at 0.1 m/s.
[INFO] [1699907886.885344226] [subscriber]: Forward obstacle 0.592 meters
[INFO] [1699907887.108557795] [publisher]: Rotating right...
[INFO] [1699907887.224373833] [publisher]: Rotating right...
[INFO] [1699907887.340929806] [publisher]: Rotating right...
[INFO] [1699907887.449338158] [publisher]: Rotating right...
[INFO] [1699907887.563319330] [publisher]: Rotating right...
[INFO] [1699907887.674099227] [publisher]: Rotating right...
[INFO] [1699907887.790205520] [publisher]: Rotating right...
[INFO] [1699907887.901383986] [publisher]: Rotating right...
[INFO] [1699907888.014608519] [publisher]: Rotating right...
[INFO] [1699907888.131462063] [publisher]: Rotating right...
[INFO] [1699907888.239348477] [publisher]: Rotating right...
[INFO] [1699907888.354452450] [publisher]: Rotating right...
[INFO] [1699907888.465451919] [publisher]: Rotating right...
[INFO] [1699907888.588329628] [publisher]: Rotating right...
[INFO] [1699907888.694150532] [publisher]: Rotating right...
[INFO] [1699907888.697774450] [subscriber]: 
*** Clear.
[INFO] [1699907889.031748769] [publisher]: *** Going forward at 0.1 m/s.
[INFO] [1699907889.366074456] [publisher]: *** Going forward at 0.1 m/s.
[INFO] [1699907889.714617780] [publisher]: *** Going forward at 0.1 m/s.
[INFO] [1699907890.043552349] [publisher]: *** Going forward at 0.1 m/s.
[INFO] [1699907890.382381684] [publisher]: *** Going forward at 0.1 m/s.
[INFO] [1699907890.721703347] [publisher]: *** Going forward at 0.1 m/s.
[INFO] [1699907891.068538064] [publisher]: *** Going forward at 0.1 m/s.
[INFO] [1699907891.401379716] [publisher]: *** Going forward at 0.1 m/s.
[INFO] [1699907891.736289139] [publisher]: *** Going forward at 0.1 m/s.
[INFO] [1699907892.086567370] [publisher]: *** Going forward at 0.1 m/s.
[INFO] [1699907892.415955881] [publisher]: *** Going forward at 0.1 m/s.
[INFO] [1699907892.756184720] [publisher]: *** Going forward at 0.1 m/s.
[INFO] [1699907893.095349240] [publisher]: *** Going forward at 0.1 m/s.
[INFO] [1699907893.435021698] [publisher]: *** Going forward at 0.1 m/s.
[INFO] [1699907893.777448196] [publisher]: *** Going forward at 0.1 m/s.
[INFO] [1699907894.107705642] [publisher]: *** Going forward at 0.1 m/s.
[INFO] [1699907894.448475477] [publisher]: *** Going forward at 0.1 m/s.
[INFO] [1699907894.788664838] [publisher]: *** Going forward at 0.1 m/s.
[INFO] [1699907895.127636214] [publisher]: *** Going forward at 0.1 m/s.
[INFO] [1699907895.465099721] [publisher]: *** Going forward at 0.1 m/s.
[INFO] [1699907895.800822620] [publisher]: *** Going forward at 0.1 m/s.
[INFO] [1699907896.139601685] [publisher]: *** Going forward at 0.1 m/s.
[INFO] [1699907896.477887331] [publisher]: *** Going forward at 0.1 m/s.
[INFO] [1699907896.827457781] [publisher]: *** Going forward at 0.1 m/s.
[INFO] [1699907897.164516091] [publisher]: *** Going forward at 0.1 m/s.
[INFO] [1699907897.497008236] [publisher]: *** Going forward at 0.1 m/s.
[INFO] [1699907897.833637237] [publisher]: *** Going forward at 0.1 m/s.
[INFO] [1699907898.170498402] [publisher]: *** Going forward at 0.1 m/s.
[INFO] [1699907898.508631830] [publisher]: *** Going forward at 0.1 m/s.
[INFO] [1699907898.848485126] [publisher]: *** Going forward at 0.1 m/s.
[INFO] [1699907899.197468290] [publisher]: *** Going forward at 0.1 m/s.
[INFO] [1699907899.533463061] [publisher]: *** Going forward at 0.1 m/s.
[INFO] [1699907899.864672502] [publisher]: *** Going forward at 0.1 m/s.
[INFO] [1699907900.201634058] [publisher]: *** Going forward at 0.1 m/s.
[INFO] [1699907900.540191169] [publisher]: *** Going forward at 0.1 m/s.
[INFO] [1699907900.878919795] [publisher]: *** Going forward at 0.1 m/s.
[INFO] [1699907901.217250539] [publisher]: *** Going forward at 0.1 m/s.
[INFO] [1699907901.559077129] [publisher]: *** Going forward at 0.1 m/s.
[INFO] [1699907901.898461119] [publisher]: *** Going forward at 0.1 m/s.
[INFO] [1699907902.234561910] [publisher]: *** Going forward at 0.1 m/s.
[INFO] [1699907902.580587467] [publisher]: *** Going forward at 0.1 m/s.
[INFO] [1699907902.912264332] [publisher]: *** Going forward at 0.1 m/s.
[INFO] [1699907903.251553289] [publisher]: *** Going forward at 0.1 m/s.
[INFO] [1699907903.600140705] [publisher]: *** Going forward at 0.1 m/s.
[INFO] [1699907903.931090691] [publisher]: *** Going forward at 0.1 m/s.
[INFO] [1699907904.038230695] [subscriber]: Obstacle detected
[INFO] [1699907904.273666182] [publisher]: Rotating left...
[INFO] [1699907904.380276508] [publisher]: Rotating left...
[INFO] [1699907904.493238625] [publisher]: Rotating left...
[INFO] [1699907904.604262563] [publisher]: Rotating left...
[INFO] [1699907904.728491392] [publisher]: Rotating left...
[INFO] [1699907904.833997954] [publisher]: Rotating left...
[INFO] [1699907904.954065131] [publisher]: Rotating left...
[INFO] [1699907905.054860233] [publisher]: Rotating left...
[INFO] [1699907905.176276950] [publisher]: Rotating left...
[INFO] [1699907905.280783394] [publisher]: Rotating left...
[INFO] [1699907905.402355387] [publisher]: Rotating left...
[INFO] [1699907905.506962978] [publisher]: Rotating left...
[INFO] [1699907905.622531694] [publisher]: Rotating left...
[INFO] [1699907905.734514490] [publisher]: Rotating left...
[INFO] [1699907905.857181006] [publisher]: Rotating left...
[INFO] [1699907905.859769992] [subscriber]: 
*** Clear.
[INFO] [1699907906.187125656] [publisher]: *** Going forward at 0.1 m/s.
[INFO] [1699907906.526846889] [publisher]: *** Going forward at 0.1 m/s.
[INFO] [1699907906.864714904] [publisher]: *** Going forward at 0.1 m/s.
[INFO] [1699907907.200478594] [publisher]: *** Going forward at 0.1 m/s.
[INFO] [1699907907.547799364] [subscriber]: Obstacle detected
[INFO] [1699907907.551573836] [publisher]: *** Going forward at 0.1 m/s.
[INFO] [1699907907.654294859] [subscriber]: Forward obstacle 0.597 meters
[INFO] [1699907907.878435303] [publisher]: Rotating left...
[INFO] [1699907907.994888008] [publisher]: Rotating left...
[INFO] [1699907908.102653247] [publisher]: Rotating left...
[INFO] [1699907908.226460028] [publisher]: Rotating left...
[INFO] [1699907908.336972492] [publisher]: Rotating left...
[INFO] [1699907908.451496258] [publisher]: Rotating left...
[INFO] [1699907908.560493723] [publisher]: Rotating left...
[INFO] [1699907908.668373479] [publisher]: Rotating left...
[INFO] [1699907908.785828634] [publisher]: Rotating left...
[INFO] [1699907908.899417283] [publisher]: Rotating left...
[INFO] [1699907909.014225471] [publisher]: Rotating left...
[INFO] [1699907909.121786602] [publisher]: Rotating left...
[INFO] [1699907909.235754227] [publisher]: Rotating left...
[INFO] [1699907909.348584663] [publisher]: Rotating left...
[INFO] [1699907909.466911216] [publisher]: Rotating left...
[INFO] [1699907909.580074555] [publisher]: Rotating left...
[INFO] [1699907909.687807832] [publisher]: Rotating left...
[INFO] [1699907909.691441324] [subscriber]: 
*** Clear.
[INFO] [1699907910.024651252] [publisher]: *** Going forward at 0.1 m/s.
[INFO] [1699907910.364771485] [publisher]: *** Going forward at 0.1 m/s.
[INFO] [1699907910.707933255] [publisher]: *** Going forward at 0.1 m/s.
[INFO] [1699907911.038680974] [publisher]: *** Going forward at 0.1 m/s.
[INFO] [1699907911.380953330] [publisher]: *** Going forward at 0.1 m/s.
[INFO] [1699907911.717069576] [publisher]: *** Going forward at 0.1 m/s.
[INFO] [1699907912.063849969] [publisher]: *** Going forward at 0.1 m/s.
[INFO] [1699907912.396946235] [publisher]: *** Going forward at 0.1 m/s.
[INFO] [1699907912.734380189] [publisher]: *** Going forward at 0.1 m/s.
[INFO] [1699907913.079615084] [publisher]: *** Going forward at 0.1 m/s.
[INFO] [1699907913.409001508] [publisher]: *** Going forward at 0.1 m/s.
[INFO] [1699907913.752931068] [publisher]: *** Going forward at 0.1 m/s.
[INFO] [1699907914.091445621] [publisher]: *** Going forward at 0.1 m/s.
[INFO] [1699907914.432002316] [publisher]: *** Going forward at 0.1 m/s.
[INFO] [1699907914.772342255] [publisher]: *** Going forward at 0.1 m/s.
[INFO] [1699907915.104832569] [publisher]: *** Going forward at 0.1 m/s.
[INFO] [1699907915.442315396] [publisher]: *** Going forward at 0.1 m/s.
[INFO] [1699907915.791215674] [publisher]: *** Going forward at 0.1 m/s.
[INFO] [1699907916.122713909] [publisher]: *** Going forward at 0.1 m/s.
[INFO] [1699907916.466830285] [publisher]: *** Going forward at 0.1 m/s.
[INFO] [1699907916.800258071] [publisher]: *** Going forward at 0.1 m/s.
[INFO] [1699907917.143592049] [publisher]: *** Going forward at 0.1 m/s.
[INFO] [1699907917.473837172] [publisher]: *** Going forward at 0.1 m/s.
[INFO] [1699907917.812832779] [publisher]: *** Going forward at 0.1 m/s.
[INFO] [1699907918.161433416] [publisher]: *** Going forward at 0.1 m/s.
[INFO] [1699907918.493648719] [publisher]: *** Going forward at 0.1 m/s.
[INFO] [1699907918.832752826] [publisher]: *** Going forward at 0.1 m/s.
[INFO] [1699907919.166217929] [publisher]: *** Going forward at 0.1 m/s.
[INFO] [1699907919.505839178] [publisher]: *** Going forward at 0.1 m/s.
[INFO] [1699907919.855717764] [publisher]: *** Going forward at 0.1 m/s.
[INFO] [1699907920.194599968] [publisher]: *** Going forward at 0.1 m/s.
[INFO] [1699907920.524242213] [publisher]: *** Going forward at 0.1 m/s.
[INFO] [1699907920.863410247] [publisher]: *** Going forward at 0.1 m/s.
[INFO] [1699907921.206146572] [publisher]: *** Going forward at 0.1 m/s.
[INFO] [1699907921.544107307] [publisher]: *** Going forward at 0.1 m/s.
[INFO] [1699907921.875967544] [publisher]: *** Going forward at 0.1 m/s.
[INFO] [1699907922.215549964] [subscriber]: Obstacle detected
[INFO] [1699907922.218750184] [publisher]: *** Going forward at 0.1 m/s.
[INFO] [1699907922.329294301] [subscriber]: Obstacle detected
[INFO] [1699907922.555412196] [publisher]: Rotating left...
[INFO] [1699907922.666693786] [publisher]: Rotating left...
[INFO] [1699907922.786044572] [publisher]: Rotating left...
[INFO] [1699907922.903186163] [publisher]: Rotating left...
[INFO] [1699907923.005129776] [publisher]: Rotating left...
[INFO] [1699907923.008252330] [subscriber]: 
*** Clear.
[INFO] [1699907923.344553551] [publisher]: *** Going forward at 0.1 m/s.
[INFO] [1699907923.686845828] [publisher]: *** Going forward at 0.1 m/s.
[INFO] [1699907924.026778746] [publisher]: *** Going forward at 0.1 m/s.
[INFO] [1699907924.364097382] [publisher]: *** Going forward at 0.1 m/s.
[INFO] [1699907924.700928005] [publisher]: *** Going forward at 0.1 m/s.
[INFO] [1699907925.038066958] [publisher]: *** Going forward at 0.1 m/s.
[INFO] [1699907925.376987335] [publisher]: *** Going forward at 0.1 m/s.
[INFO] [1699907925.719424038] [publisher]: *** Going forward at 0.1 m/s.
[INFO] [1699907926.056424902] [publisher]: *** Going forward at 0.1 m/s.
[INFO] [1699907926.401207059] [publisher]: *** Going forward at 0.1 m/s.
[INFO] [1699907926.733180523] [publisher]: *** Going forward at 0.1 m/s.
[INFO] [1699907927.078163233] [publisher]: *** Going forward at 0.1 m/s.
[INFO] [1699907927.409395726] [subscriber]: Forward obstacle 0.578 meters
[INFO] [1699907927.412902590] [publisher]: *** Going forward at 0.1 m/s.
[INFO] [1699907927.524480178] [subscriber]: Forward obstacle 0.566 meters
[INFO] [1699907927.758189594] [publisher]: Rotating left...
[INFO] [1699907927.861824187] [publisher]: Rotating left...
[INFO] [1699907927.971876979] [publisher]: Rotating left...
[INFO] [1699907928.085070177] [publisher]: Rotating left...
[INFO] [1699907928.199352991] [publisher]: Rotating left...
[INFO] [1699907928.309212601] [publisher]: Rotating left...
[INFO] [1699907928.426549952] [publisher]: Rotating left...
[INFO] [1699907928.543836007] [publisher]: Rotating left...
[INFO] [1699907928.659819707] [publisher]: Rotating left...
[INFO] [1699907928.764240902] [publisher]: Rotating left...
[INFO] [1699907928.875375089] [publisher]: Rotating left...
[INFO] [1699907929.002401190] [publisher]: Rotating left...
[INFO] [1699907929.110295362] [publisher]: Rotating left...
[INFO] [1699907929.224790340] [publisher]: Rotating left...
[INFO] [1699907929.231471165] [subscriber]: 
*** Clear.
[INFO] [1699907929.562985527] [publisher]: *** Going forward at 0.1 m/s.
[INFO] [1699907929.897283650] [publisher]: *** Going forward at 0.1 m/s.
[INFO] [1699907930.233449640] [publisher]: *** Going forward at 0.1 m/s.
[INFO] [1699907930.568936268] [publisher]: *** Going forward at 0.1 m/s.
[INFO] [1699907930.916324787] [publisher]: *** Going forward at 0.1 m/s.
[INFO] [1699907931.248576697] [publisher]: *** Going forward at 0.1 m/s.
[INFO] [1699907931.589122264] [publisher]: *** Going forward at 0.1 m/s.
[INFO] [1699907931.926618462] [publisher]: *** Going forward at 0.1 m/s.
[INFO] [1699907932.264254214] [publisher]: *** Going forward at 0.1 m/s.
[INFO] [1699907932.601078495] [publisher]: *** Going forward at 0.1 m/s.
[INFO] [1699907932.939048039] [publisher]: *** Going forward at 0.1 m/s.
[INFO] [1699907933.277700039] [publisher]: *** Going forward at 0.1 m/s.
[INFO] [1699907933.627849472] [publisher]: *** Going forward at 0.1 m/s.
[INFO] [1699907933.958437386] [publisher]: *** Going forward at 0.1 m/s.
[INFO] [1699907934.296414822] [publisher]: *** Going forward at 0.1 m/s.
[INFO] [1699907934.635681501] [publisher]: *** Going forward at 0.1 m/s.
[INFO] [1699907934.970875786] [publisher]: *** Going forward at 0.1 m/s.
[INFO] [1699907935.309301735] [publisher]: *** Going forward at 0.1 m/s.
[INFO] [1699907935.649734846] [publisher]: *** Going forward at 0.1 m/s.
[INFO] [1699907935.991713844] [publisher]: *** Going forward at 0.1 m/s.
[INFO] [1699907936.329750763] [publisher]: *** Going forw