[4.411s] Invoking command in '/home/ubuntu/HumbleDave2/ros2ws/build/gopigo3_ekf': CMAKE_PREFIX_PATH=${CMAKE_PREFIX_PATH}:/home/ubuntu/HumbleDave/ros2ws/install/teleop_gopigo3_keyboard:/home/ubuntu/HumbleDave/ros2ws/install/scan_client:/home/ubuntu/HumbleDave/ros2ws/install/ros2_libcamera_pub:/home/ubuntu/HumbleDave/ros2ws/install/ros2_gopigo3_node:/home/ubuntu/HumbleDave/ros2ws/install/explorer_wanderer:/home/ubuntu/HumbleDave/ros2ws/install/HoROS8:/home/ubuntu/ros2ws/install/ydlidar_ros2_driver:/home/ubuntu/ros2ws/install/teleop_gopigo3_keyboard:/home/ubuntu/ros2ws/install/ros2_libcamera_pub:/home/ubuntu/ros2ws/install/ros2_gopigo3_node:/home/ubuntu/ros2ws/install/ros2_gopigo3_msg:/opt/ros/humble /usr/bin/cmake /home/ubuntu/HumbleDave2/ros2ws/src/gopigo3_ekf -DAMENT_CMAKE_SYMLINK_INSTALL=1 -DCMAKE_INSTALL_PREFIX=/home/ubuntu/HumbleDave2/ros2ws/install/gopigo3_ekf
[4.738s] -- The C compiler identification is GNU 11.4.0
[5.085s] -- The CXX compiler identification is GNU 11.4.0
[5.129s] -- Detecting C compiler ABI info
[5.504s] -- Detecting C compiler ABI info - done
[5.534s] -- Check for working C compiler: /usr/bin/cc - skipped
[5.537s] -- Detecting C compile features
[5.539s] -- Detecting C compile features - done
[5.554s] -- Detecting CXX compiler ABI info
[5.974s] -- Detecting CXX compiler ABI info - done
[6.004s] -- Check for working CXX compiler: /usr/bin/c++ - skipped
[6.006s] -- Detecting CXX compile features
[6.009s] -- Detecting CXX compile features - done
[6.058s] -- Found ament_cmake: 1.3.6 (/opt/ros/humble/share/ament_cmake/cmake)
[7.724s] -- Found Python3: /usr/bin/python3.10 (found version "3.10.12") found components: Interpreter 
[8.225s] -- Override CMake install command with custom implementation using symlinks instead of copying resources
[8.850s] -- Found ament_lint_auto: 0.12.9 (/opt/ros/humble/share/ament_lint_auto/cmake)
[9.832s] -- Added test 'copyright' to check source files copyright and LICENSE
[9.852s] -- Added test 'flake8' to check Python code syntax and style conventions
[9.860s] -- Added test 'lint_cmake' to check CMake code style
[9.867s] -- Added test 'pep257' to check Python code against some of the docstring style conventions in PEP 257
[9.880s] -- Added test 'xmllint' to check XML markup files
[9.901s] -- Configuring done
[9.929s] -- Generating done
[9.937s] -- Build files have been written to: /home/ubuntu/HumbleDave2/ros2ws/build/gopigo3_ekf
[9.969s] Invoked command in '/home/ubuntu/HumbleDave2/ros2ws/build/gopigo3_ekf' returned '0': CMAKE_PREFIX_PATH=${CMAKE_PREFIX_PATH}:/home/ubuntu/HumbleDave/ros2ws/install/teleop_gopigo3_keyboard:/home/ubuntu/HumbleDave/ros2ws/install/scan_client:/home/ubuntu/HumbleDave/ros2ws/install/ros2_libcamera_pub:/home/ubuntu/HumbleDave/ros2ws/install/ros2_gopigo3_node:/home/ubuntu/HumbleDave/ros2ws/install/explorer_wanderer:/home/ubuntu/HumbleDave/ros2ws/install/HoROS8:/home/ubuntu/ros2ws/install/ydlidar_ros2_driver:/home/ubuntu/ros2ws/install/teleop_gopigo3_keyboard:/home/ubuntu/ros2ws/install/ros2_libcamera_pub:/home/ubuntu/ros2ws/install/ros2_gopigo3_node:/home/ubuntu/ros2ws/install/ros2_gopigo3_msg:/opt/ros/humble /usr/bin/cmake /home/ubuntu/HumbleDave2/ros2ws/src/gopigo3_ekf -DAMENT_CMAKE_SYMLINK_INSTALL=1 -DCMAKE_INSTALL_PREFIX=/home/ubuntu/HumbleDave2/ros2ws/install/gopigo3_ekf
[9.975s] Invoking command in '/home/ubuntu/HumbleDave2/ros2ws/build/gopigo3_ekf': CMAKE_PREFIX_PATH=${CMAKE_PREFIX_PATH}:/home/ubuntu/HumbleDave/ros2ws/install/teleop_gopigo3_keyboard:/home/ubuntu/HumbleDave/ros2ws/install/scan_client:/home/ubuntu/HumbleDave/ros2ws/install/ros2_libcamera_pub:/home/ubuntu/HumbleDave/ros2ws/install/ros2_gopigo3_node:/home/ubuntu/HumbleDave/ros2ws/install/explorer_wanderer:/home/ubuntu/HumbleDave/ros2ws/install/HoROS8:/home/ubuntu/ros2ws/install/ydlidar_ros2_driver:/home/ubuntu/ros2ws/install/teleop_gopigo3_keyboard:/home/ubuntu/ros2ws/install/ros2_libcamera_pub:/home/ubuntu/ros2ws/install/ros2_gopigo3_node:/home/ubuntu/ros2ws/install/ros2_gopigo3_msg:/opt/ros/humble /usr/bin/cmake --build /home/ubuntu/HumbleDave2/ros2ws/build/gopigo3_ekf -- -j4 -l4
[10.177s] Invoked command in '/home/ubuntu/HumbleDave2/ros2ws/build/gopigo3_ekf' returned '0': CMAKE_PREFIX_PATH=${CMAKE_PREFIX_PATH}:/home/ubuntu/HumbleDave/ros2ws/install/teleop_gopigo3_keyboard:/home/ubuntu/HumbleDave/ros2ws/install/scan_client:/home/ubuntu/HumbleDave/ros2ws/install/ros2_libcamera_pub:/home/ubuntu/HumbleDave/ros2ws/install/ros2_gopigo3_node:/home/ubuntu/HumbleDave/ros2ws/install/explorer_wanderer:/home/ubuntu/HumbleDave/ros2ws/install/HoROS8:/home/ubuntu/ros2ws/install/ydlidar_ros2_driver:/home/ubuntu/ros2ws/install/teleop_gopigo3_keyboard:/home/ubuntu/ros2ws/install/ros2_libcamera_pub:/home/ubuntu/ros2ws/install/ros2_gopigo3_node:/home/ubuntu/ros2ws/install/ros2_gopigo3_msg:/opt/ros/humble /usr/bin/cmake --build /home/ubuntu/HumbleDave2/ros2ws/build/gopigo3_ekf -- -j4 -l4
[10.367s] Invoking command in '/home/ubuntu/HumbleDave2/ros2ws/build/gopigo3_ekf': CMAKE_PREFIX_PATH=${CMAKE_PREFIX_PATH}:/home/ubuntu/HumbleDave/ros2ws/install/teleop_gopigo3_keyboard:/home/ubuntu/HumbleDave/ros2ws/install/scan_client:/home/ubuntu/HumbleDave/ros2ws/install/ros2_libcamera_pub:/home/ubuntu/HumbleDave/ros2ws/install/ros2_gopigo3_node:/home/ubuntu/HumbleDave/ros2ws/install/explorer_wanderer:/home/ubuntu/HumbleDave/ros2ws/install/HoROS8:/home/ubuntu/ros2ws/install/ydlidar_ros2_driver:/home/ubuntu/ros2ws/install/teleop_gopigo3_keyboard:/home/ubuntu/ros2ws/install/ros2_libcamera_pub:/home/ubuntu/ros2ws/install/ros2_gopigo3_node:/home/ubuntu/ros2ws/install/ros2_gopigo3_msg:/opt/ros/humble /usr/bin/cmake --install /home/ubuntu/HumbleDave2/ros2ws/build/gopigo3_ekf
[10.407s] -- Install configuration: ""
[10.411s] -- Execute custom install script
[10.415s] -- Symlinking: /home/ubuntu/HumbleDave2/ros2ws/install/gopigo3_ekf/share/gopigo3_ekf/config/ekf.yaml
[10.460s] -- Symlinking: /home/ubuntu/HumbleDave2/ros2ws/install/gopigo3_ekf/share/gopigo3_ekf/launch/ekf_v3.launch.py
[10.508s] -- Symlinking: /home/ubuntu/HumbleDave2/ros2ws/install/gopigo3_ekf/share/ament_index/resource_index/package_run_dependencies/gopigo3_ekf
[10.552s] -- Symlinking: /home/ubuntu/HumbleDave2/ros2ws/install/gopigo3_ekf/share/ament_index/resource_index/parent_prefix_path/gopigo3_ekf
[10.601s] -- Symlinking: /home/ubuntu/HumbleDave2/ros2ws/install/gopigo3_ekf/share/gopigo3_ekf/environment/ament_prefix_path.sh
[10.645s] -- Symlinking: /home/ubuntu/HumbleDave2/ros2ws/install/gopigo3_ekf/share/gopigo3_ekf/environment/ament_prefix_path.dsv
[10.691s] -- Symlinking: /home/ubuntu/HumbleDave2/ros2ws/install/gopigo3_ekf/share/gopigo3_ekf/environment/path.sh
[10.747s] -- Symlinking: /home/ubuntu/HumbleDave2/ros2ws/install/gopigo3_ekf/share/gopigo3_ekf/environment/path.dsv
[10.793s] -- Symlinking: /home/ubuntu/HumbleDave2/ros2ws/install/gopigo3_ekf/share/gopigo3_ekf/local_setup.bash
[10.838s] -- Symlinking: /home/ubuntu/HumbleDave2/ros2ws/install/gopigo3_ekf/share/gopigo3_ekf/local_setup.sh
[10.881s] -- Symlinking: /home/ubuntu/HumbleDave2/ros2ws/install/gopigo3_ekf/share/gopigo3_ekf/local_setup.zsh
[10.930s] -- Symlinking: /home/ubuntu/HumbleDave2/ros2ws/install/gopigo3_ekf/share/gopigo3_ekf/local_setup.dsv
[10.993s] -- Symlinking: /home/ubuntu/HumbleDave2/ros2ws/install/gopigo3_ekf/share/gopigo3_ekf/package.dsv
[11.063s] -- Symlinking: /home/ubuntu/HumbleDave2/ros2ws/install/gopigo3_ekf/share/ament_index/resource_index/packages/gopigo3_ekf
[11.122s] -- Symlinking: /home/ubuntu/HumbleDave2/ros2ws/install/gopigo3_ekf/share/gopigo3_ekf/cmake/gopigo3_ekfConfig.cmake
[11.174s] -- Symlinking: /home/ubuntu/HumbleDave2/ros2ws/install/gopigo3_ekf/share/gopigo3_ekf/cmake/gopigo3_ekfConfig-version.cmake
[11.219s] -- Symlinking: /home/ubuntu/HumbleDave2/ros2ws/install/gopigo3_ekf/share/gopigo3_ekf/package.xml
[12.286s] Invoked command in '/home/ubuntu/HumbleDave2/ros2ws/build/gopigo3_ekf' returned '0': CMAKE_PREFIX_PATH=${CMAKE_PREFIX_PATH}:/home/ubuntu/HumbleDave/ros2ws/install/teleop_gopigo3_keyboard:/home/ubuntu/HumbleDave/ros2ws/install/scan_client:/home/ubuntu/HumbleDave/ros2ws/install/ros2_libcamera_pub:/home/ubuntu/HumbleDave/ros2ws/install/ros2_gopigo3_node:/home/ubuntu/HumbleDave/ros2ws/install/explorer_wanderer:/home/ubuntu/HumbleDave/ros2ws/install/HoROS8:/home/ubuntu/ros2ws/install/ydlidar_ros2_driver:/home/ubuntu/ros2ws/install/teleop_gopigo3_keyboard:/home/ubuntu/ros2ws/install/ros2_libcamera_pub:/home/ubuntu/ros2ws/install/ros2_gopigo3_node:/home/ubuntu/ros2ws/install/ros2_gopigo3_msg:/opt/ros/humble /usr/bin/cmake --install /home/ubuntu/HumbleDave2/ros2ws/build/gopigo3_ekf
